[2023-10-01T19:35:28.035+0200] {taskinstance.py:1157} INFO - Dependencies all met for dep_context=non-requeueable deps ti=<TaskInstance: MYDBDAG.QueryPostGreSQL scheduled__2023-10-01T00:05:00+00:00 [queued]>
[2023-10-01T19:35:28.039+0200] {taskinstance.py:1157} INFO - Dependencies all met for dep_context=requeueable deps ti=<TaskInstance: MYDBDAG.QueryPostGreSQL scheduled__2023-10-01T00:05:00+00:00 [queued]>
[2023-10-01T19:35:28.039+0200] {taskinstance.py:1359} INFO - Starting attempt 1 of 2
[2023-10-01T19:35:28.046+0200] {taskinstance.py:1380} INFO - Executing <Task(PythonOperator): QueryPostGreSQL> on 2023-10-01 00:05:00+00:00
[2023-10-01T19:35:28.049+0200] {standard_task_runner.py:57} INFO - Started process 77173 to run task
[2023-10-01T19:35:28.051+0200] {standard_task_runner.py:84} INFO - Running: ['airflow', 'tasks', 'run', 'MYDBDAG', 'QueryPostGreSQL', 'scheduled__2023-10-01T00:05:00+00:00', '--job-id', '2082', '--raw', '--subdir', 'DAGS_FOLDER/databaseDAG.py', '--cfg-path', '/tmp/tmp0djc9d20']
[2023-10-01T19:35:28.052+0200] {standard_task_runner.py:85} INFO - Job 2082: Subtask QueryPostGreSQL
[2023-10-01T19:35:28.071+0200] {task_command.py:415} INFO - Running <TaskInstance: MYDBDAG.QueryPostGreSQL scheduled__2023-10-01T00:05:00+00:00 [running]> on host radtrz-B450-AORUS-ELITE
[2023-10-01T19:35:28.108+0200] {taskinstance.py:1660} INFO - Exporting env vars: AIRFLOW_CTX_DAG_OWNER='radtrz' AIRFLOW_CTX_DAG_ID='MYDBDAG' AIRFLOW_CTX_TASK_ID='QueryPostGreSQL' AIRFLOW_CTX_EXECUTION_DATE='2023-10-01T00:05:00+00:00' AIRFLOW_CTX_TRY_NUMBER='1' AIRFLOW_CTX_DAG_RUN_ID='scheduled__2023-10-01T00:05:00+00:00'
[2023-10-01T19:35:28.119+0200] {logging_mixin.py:151} WARNING - /home/radtrz/airflow/dags/databaseDAG.py:23 UserWarning: pandas only supports SQLAlchemy connectable (engine/connection) or database string URI or sqlite3 DBAPI2 connection. Other DBAPI2 objects are not tested. Please consider using SQLAlchemy.
[2023-10-01T19:35:28.123+0200] {logging_mixin.py:151} INFO - ---------DataSaved--------
[2023-10-01T19:35:28.123+0200] {python.py:194} INFO - Done. Returned value was: None
[2023-10-01T19:35:28.126+0200] {taskinstance.py:1398} INFO - Marking task as SUCCESS. dag_id=MYDBDAG, task_id=QueryPostGreSQL, execution_date=20231001T000500, start_date=20231001T173528, end_date=20231001T173528
[2023-10-01T19:35:28.142+0200] {local_task_job_runner.py:228} INFO - Task exited with return code 0
[2023-10-01T19:35:28.150+0200] {taskinstance.py:2776} INFO - 1 downstream tasks scheduled from follow-on schedule check
[2023-10-01T19:43:04.046+0200] {taskinstance.py:1157} INFO - Dependencies all met for dep_context=non-requeueable deps ti=<TaskInstance: MYDBDAG.QueryPostGreSQL scheduled__2023-10-01T00:05:00+00:00 [queued]>
[2023-10-01T19:43:04.050+0200] {taskinstance.py:1157} INFO - Dependencies all met for dep_context=requeueable deps ti=<TaskInstance: MYDBDAG.QueryPostGreSQL scheduled__2023-10-01T00:05:00+00:00 [queued]>
[2023-10-01T19:43:04.050+0200] {taskinstance.py:1359} INFO - Starting attempt 1 of 2
[2023-10-01T19:43:04.058+0200] {taskinstance.py:1380} INFO - Executing <Task(PythonOperator): QueryPostGreSQL> on 2023-10-01 00:05:00+00:00
[2023-10-01T19:43:04.061+0200] {standard_task_runner.py:57} INFO - Started process 79216 to run task
[2023-10-01T19:43:04.063+0200] {standard_task_runner.py:84} INFO - Running: ['airflow', 'tasks', 'run', 'MYDBDAG', 'QueryPostGreSQL', 'scheduled__2023-10-01T00:05:00+00:00', '--job-id', '2081', '--raw', '--subdir', 'DAGS_FOLDER/databaseDAG.py', '--cfg-path', '/tmp/tmpbyayqrf8']
[2023-10-01T19:43:04.064+0200] {standard_task_runner.py:85} INFO - Job 2081: Subtask QueryPostGreSQL
[2023-10-01T19:43:04.082+0200] {task_command.py:415} INFO - Running <TaskInstance: MYDBDAG.QueryPostGreSQL scheduled__2023-10-01T00:05:00+00:00 [running]> on host radtrz-B450-AORUS-ELITE
[2023-10-01T19:43:04.119+0200] {taskinstance.py:1660} INFO - Exporting env vars: AIRFLOW_CTX_DAG_OWNER='radtrz' AIRFLOW_CTX_DAG_ID='MYDBDAG' AIRFLOW_CTX_TASK_ID='QueryPostGreSQL' AIRFLOW_CTX_EXECUTION_DATE='2023-10-01T00:05:00+00:00' AIRFLOW_CTX_TRY_NUMBER='1' AIRFLOW_CTX_DAG_RUN_ID='scheduled__2023-10-01T00:05:00+00:00'
[2023-10-01T19:43:04.129+0200] {logging_mixin.py:151} WARNING - /home/radtrz/airflow/dags/databaseDAG.py:23 UserWarning: pandas only supports SQLAlchemy connectable (engine/connection) or database string URI or sqlite3 DBAPI2 connection. Other DBAPI2 objects are not tested. Please consider using SQLAlchemy.
[2023-10-01T19:43:04.134+0200] {logging_mixin.py:151} INFO - ---------DataSaved--------
[2023-10-01T19:43:04.134+0200] {python.py:194} INFO - Done. Returned value was: None
[2023-10-01T19:43:04.137+0200] {taskinstance.py:1398} INFO - Marking task as SUCCESS. dag_id=MYDBDAG, task_id=QueryPostGreSQL, execution_date=20231001T000500, start_date=20231001T174304, end_date=20231001T174304
[2023-10-01T19:43:04.155+0200] {local_task_job_runner.py:228} INFO - Task exited with return code 0
[2023-10-01T19:43:04.163+0200] {taskinstance.py:2776} INFO - 1 downstream tasks scheduled from follow-on schedule check
