[2023-10-01T19:35:47.017+0200] {taskinstance.py:1157} INFO - Dependencies all met for dep_context=non-requeueable deps ti=<TaskInstance: MYDBDAG.QueryPostGreSQL scheduled__2023-10-01T00:35:00+00:00 [queued]>
[2023-10-01T19:35:47.020+0200] {taskinstance.py:1157} INFO - Dependencies all met for dep_context=requeueable deps ti=<TaskInstance: MYDBDAG.QueryPostGreSQL scheduled__2023-10-01T00:35:00+00:00 [queued]>
[2023-10-01T19:35:47.020+0200] {taskinstance.py:1359} INFO - Starting attempt 1 of 2
[2023-10-01T19:35:47.027+0200] {taskinstance.py:1380} INFO - Executing <Task(PythonOperator): QueryPostGreSQL> on 2023-10-01 00:35:00+00:00
[2023-10-01T19:35:47.031+0200] {standard_task_runner.py:57} INFO - Started process 77392 to run task
[2023-10-01T19:35:47.033+0200] {standard_task_runner.py:84} INFO - Running: ['airflow', 'tasks', 'run', 'MYDBDAG', 'QueryPostGreSQL', 'scheduled__2023-10-01T00:35:00+00:00', '--job-id', '2095', '--raw', '--subdir', 'DAGS_FOLDER/databaseDAG.py', '--cfg-path', '/tmp/tmp97fp_g7i']
[2023-10-01T19:35:47.034+0200] {standard_task_runner.py:85} INFO - Job 2095: Subtask QueryPostGreSQL
[2023-10-01T19:35:47.051+0200] {task_command.py:415} INFO - Running <TaskInstance: MYDBDAG.QueryPostGreSQL scheduled__2023-10-01T00:35:00+00:00 [running]> on host radtrz-B450-AORUS-ELITE
[2023-10-01T19:35:47.085+0200] {taskinstance.py:1660} INFO - Exporting env vars: AIRFLOW_CTX_DAG_OWNER='radtrz' AIRFLOW_CTX_DAG_ID='MYDBDAG' AIRFLOW_CTX_TASK_ID='QueryPostGreSQL' AIRFLOW_CTX_EXECUTION_DATE='2023-10-01T00:35:00+00:00' AIRFLOW_CTX_TRY_NUMBER='1' AIRFLOW_CTX_DAG_RUN_ID='scheduled__2023-10-01T00:35:00+00:00'
[2023-10-01T19:35:47.095+0200] {logging_mixin.py:151} WARNING - /home/radtrz/airflow/dags/databaseDAG.py:23 UserWarning: pandas only supports SQLAlchemy connectable (engine/connection) or database string URI or sqlite3 DBAPI2 connection. Other DBAPI2 objects are not tested. Please consider using SQLAlchemy.
[2023-10-01T19:35:47.100+0200] {logging_mixin.py:151} INFO - ---------DataSaved--------
[2023-10-01T19:35:47.100+0200] {python.py:194} INFO - Done. Returned value was: None
[2023-10-01T19:35:47.103+0200] {taskinstance.py:1398} INFO - Marking task as SUCCESS. dag_id=MYDBDAG, task_id=QueryPostGreSQL, execution_date=20231001T003500, start_date=20231001T173547, end_date=20231001T173547
[2023-10-01T19:35:47.124+0200] {local_task_job_runner.py:228} INFO - Task exited with return code 0
[2023-10-01T19:35:47.132+0200] {taskinstance.py:2776} INFO - 1 downstream tasks scheduled from follow-on schedule check
[2023-10-01T19:43:42.765+0200] {taskinstance.py:1157} INFO - Dependencies all met for dep_context=non-requeueable deps ti=<TaskInstance: MYDBDAG.QueryPostGreSQL scheduled__2023-10-01T00:35:00+00:00 [queued]>
[2023-10-01T19:43:42.768+0200] {taskinstance.py:1157} INFO - Dependencies all met for dep_context=requeueable deps ti=<TaskInstance: MYDBDAG.QueryPostGreSQL scheduled__2023-10-01T00:35:00+00:00 [queued]>
[2023-10-01T19:43:42.768+0200] {taskinstance.py:1359} INFO - Starting attempt 1 of 2
[2023-10-01T19:43:42.777+0200] {taskinstance.py:1380} INFO - Executing <Task(PythonOperator): QueryPostGreSQL> on 2023-10-01 00:35:00+00:00
[2023-10-01T19:43:42.781+0200] {standard_task_runner.py:57} INFO - Started process 79453 to run task
[2023-10-01T19:43:42.783+0200] {standard_task_runner.py:84} INFO - Running: ['airflow', 'tasks', 'run', 'MYDBDAG', 'QueryPostGreSQL', 'scheduled__2023-10-01T00:35:00+00:00', '--job-id', '2094', '--raw', '--subdir', 'DAGS_FOLDER/databaseDAG.py', '--cfg-path', '/tmp/tmph46nx_cy']
[2023-10-01T19:43:42.784+0200] {standard_task_runner.py:85} INFO - Job 2094: Subtask QueryPostGreSQL
[2023-10-01T19:43:42.802+0200] {task_command.py:415} INFO - Running <TaskInstance: MYDBDAG.QueryPostGreSQL scheduled__2023-10-01T00:35:00+00:00 [running]> on host radtrz-B450-AORUS-ELITE
[2023-10-01T19:43:42.841+0200] {taskinstance.py:1660} INFO - Exporting env vars: AIRFLOW_CTX_DAG_OWNER='radtrz' AIRFLOW_CTX_DAG_ID='MYDBDAG' AIRFLOW_CTX_TASK_ID='QueryPostGreSQL' AIRFLOW_CTX_EXECUTION_DATE='2023-10-01T00:35:00+00:00' AIRFLOW_CTX_TRY_NUMBER='1' AIRFLOW_CTX_DAG_RUN_ID='scheduled__2023-10-01T00:35:00+00:00'
[2023-10-01T19:43:42.852+0200] {logging_mixin.py:151} WARNING - /home/radtrz/airflow/dags/databaseDAG.py:23 UserWarning: pandas only supports SQLAlchemy connectable (engine/connection) or database string URI or sqlite3 DBAPI2 connection. Other DBAPI2 objects are not tested. Please consider using SQLAlchemy.
[2023-10-01T19:43:42.857+0200] {logging_mixin.py:151} INFO - ---------DataSaved--------
[2023-10-01T19:43:42.857+0200] {python.py:194} INFO - Done. Returned value was: None
[2023-10-01T19:43:42.860+0200] {taskinstance.py:1398} INFO - Marking task as SUCCESS. dag_id=MYDBDAG, task_id=QueryPostGreSQL, execution_date=20231001T003500, start_date=20231001T174342, end_date=20231001T174342
[2023-10-01T19:43:42.874+0200] {local_task_job_runner.py:228} INFO - Task exited with return code 0
[2023-10-01T19:43:42.882+0200] {taskinstance.py:2776} INFO - 1 downstream tasks scheduled from follow-on schedule check
