[2023-10-01T19:41:28.118+0200] {taskinstance.py:1157} INFO - Dependencies all met for dep_context=non-requeueable deps ti=<TaskInstance: MYDBDAG.QueryPostGreSQL scheduled__2023-10-01T01:45:00+00:00 [queued]>
[2023-10-01T19:41:28.122+0200] {taskinstance.py:1157} INFO - Dependencies all met for dep_context=requeueable deps ti=<TaskInstance: MYDBDAG.QueryPostGreSQL scheduled__2023-10-01T01:45:00+00:00 [queued]>
[2023-10-01T19:41:28.122+0200] {taskinstance.py:1359} INFO - Starting attempt 1 of 2
[2023-10-01T19:41:28.129+0200] {taskinstance.py:1380} INFO - Executing <Task(PythonOperator): QueryPostGreSQL> on 2023-10-01 01:45:00+00:00
[2023-10-01T19:41:28.133+0200] {standard_task_runner.py:57} INFO - Started process 78718 to run task
[2023-10-01T19:41:28.135+0200] {standard_task_runner.py:84} INFO - Running: ['airflow', 'tasks', 'run', 'MYDBDAG', 'QueryPostGreSQL', 'scheduled__2023-10-01T01:45:00+00:00', '--job-id', '2143', '--raw', '--subdir', 'DAGS_FOLDER/databaseDAG.py', '--cfg-path', '/tmp/tmpaz0e8uwc']
[2023-10-01T19:41:28.136+0200] {standard_task_runner.py:85} INFO - Job 2143: Subtask QueryPostGreSQL
[2023-10-01T19:41:28.154+0200] {task_command.py:415} INFO - Running <TaskInstance: MYDBDAG.QueryPostGreSQL scheduled__2023-10-01T01:45:00+00:00 [running]> on host radtrz-B450-AORUS-ELITE
[2023-10-01T19:41:28.189+0200] {taskinstance.py:1660} INFO - Exporting env vars: AIRFLOW_CTX_DAG_OWNER='radtrz' AIRFLOW_CTX_DAG_ID='MYDBDAG' AIRFLOW_CTX_TASK_ID='QueryPostGreSQL' AIRFLOW_CTX_EXECUTION_DATE='2023-10-01T01:45:00+00:00' AIRFLOW_CTX_TRY_NUMBER='1' AIRFLOW_CTX_DAG_RUN_ID='scheduled__2023-10-01T01:45:00+00:00'
[2023-10-01T19:41:28.199+0200] {logging_mixin.py:151} WARNING - /home/radtrz/airflow/dags/databaseDAG.py:23 UserWarning: pandas only supports SQLAlchemy connectable (engine/connection) or database string URI or sqlite3 DBAPI2 connection. Other DBAPI2 objects are not tested. Please consider using SQLAlchemy.
[2023-10-01T19:41:28.204+0200] {logging_mixin.py:151} INFO - ---------DataSaved--------
[2023-10-01T19:41:28.204+0200] {python.py:194} INFO - Done. Returned value was: None
[2023-10-01T19:41:28.207+0200] {taskinstance.py:1398} INFO - Marking task as SUCCESS. dag_id=MYDBDAG, task_id=QueryPostGreSQL, execution_date=20231001T014500, start_date=20231001T174128, end_date=20231001T174128
[2023-10-01T19:41:28.226+0200] {local_task_job_runner.py:228} INFO - Task exited with return code 0
[2023-10-01T19:41:28.234+0200] {taskinstance.py:2776} INFO - 1 downstream tasks scheduled from follow-on schedule check
[2023-10-01T19:44:57.986+0200] {taskinstance.py:1157} INFO - Dependencies all met for dep_context=non-requeueable deps ti=<TaskInstance: MYDBDAG.QueryPostGreSQL scheduled__2023-10-01T01:45:00+00:00 [queued]>
[2023-10-01T19:44:57.989+0200] {taskinstance.py:1157} INFO - Dependencies all met for dep_context=requeueable deps ti=<TaskInstance: MYDBDAG.QueryPostGreSQL scheduled__2023-10-01T01:45:00+00:00 [queued]>
[2023-10-01T19:44:57.989+0200] {taskinstance.py:1359} INFO - Starting attempt 1 of 2
[2023-10-01T19:44:57.996+0200] {taskinstance.py:1380} INFO - Executing <Task(PythonOperator): QueryPostGreSQL> on 2023-10-01 01:45:00+00:00
[2023-10-01T19:44:58.000+0200] {standard_task_runner.py:57} INFO - Started process 79933 to run task
[2023-10-01T19:44:58.001+0200] {standard_task_runner.py:84} INFO - Running: ['airflow', 'tasks', 'run', 'MYDBDAG', 'QueryPostGreSQL', 'scheduled__2023-10-01T01:45:00+00:00', '--job-id', '2121', '--raw', '--subdir', 'DAGS_FOLDER/databaseDAG.py', '--cfg-path', '/tmp/tmpgsd3hqjq']
[2023-10-01T19:44:58.002+0200] {standard_task_runner.py:85} INFO - Job 2121: Subtask QueryPostGreSQL
[2023-10-01T19:44:58.019+0200] {task_command.py:415} INFO - Running <TaskInstance: MYDBDAG.QueryPostGreSQL scheduled__2023-10-01T01:45:00+00:00 [running]> on host radtrz-B450-AORUS-ELITE
[2023-10-01T19:44:58.056+0200] {taskinstance.py:1660} INFO - Exporting env vars: AIRFLOW_CTX_DAG_OWNER='radtrz' AIRFLOW_CTX_DAG_ID='MYDBDAG' AIRFLOW_CTX_TASK_ID='QueryPostGreSQL' AIRFLOW_CTX_EXECUTION_DATE='2023-10-01T01:45:00+00:00' AIRFLOW_CTX_TRY_NUMBER='1' AIRFLOW_CTX_DAG_RUN_ID='scheduled__2023-10-01T01:45:00+00:00'
[2023-10-01T19:44:58.065+0200] {logging_mixin.py:151} WARNING - /home/radtrz/airflow/dags/databaseDAG.py:23 UserWarning: pandas only supports SQLAlchemy connectable (engine/connection) or database string URI or sqlite3 DBAPI2 connection. Other DBAPI2 objects are not tested. Please consider using SQLAlchemy.
[2023-10-01T19:44:58.070+0200] {logging_mixin.py:151} INFO - ---------DataSaved--------
[2023-10-01T19:44:58.070+0200] {python.py:194} INFO - Done. Returned value was: None
[2023-10-01T19:44:58.073+0200] {taskinstance.py:1398} INFO - Marking task as SUCCESS. dag_id=MYDBDAG, task_id=QueryPostGreSQL, execution_date=20231001T014500, start_date=20231001T174457, end_date=20231001T174458
[2023-10-01T19:44:58.092+0200] {local_task_job_runner.py:228} INFO - Task exited with return code 0
[2023-10-01T19:44:58.100+0200] {taskinstance.py:2776} INFO - 1 downstream tasks scheduled from follow-on schedule check
