[2023-10-01T19:41:16.369+0200] {taskinstance.py:1157} INFO - Dependencies all met for dep_context=non-requeueable deps ti=<TaskInstance: MYDBDAG.QueryPostGreSQL scheduled__2023-10-01T01:25:00+00:00 [queued]>
[2023-10-01T19:41:16.372+0200] {taskinstance.py:1157} INFO - Dependencies all met for dep_context=requeueable deps ti=<TaskInstance: MYDBDAG.QueryPostGreSQL scheduled__2023-10-01T01:25:00+00:00 [queued]>
[2023-10-01T19:41:16.372+0200] {taskinstance.py:1359} INFO - Starting attempt 1 of 2
[2023-10-01T19:41:16.379+0200] {taskinstance.py:1380} INFO - Executing <Task(PythonOperator): QueryPostGreSQL> on 2023-10-01 01:25:00+00:00
[2023-10-01T19:41:16.383+0200] {standard_task_runner.py:57} INFO - Started process 78590 to run task
[2023-10-01T19:41:16.385+0200] {standard_task_runner.py:84} INFO - Running: ['airflow', 'tasks', 'run', 'MYDBDAG', 'QueryPostGreSQL', 'scheduled__2023-10-01T01:25:00+00:00', '--job-id', '2135', '--raw', '--subdir', 'DAGS_FOLDER/databaseDAG.py', '--cfg-path', '/tmp/tmph0pav5oj']
[2023-10-01T19:41:16.386+0200] {standard_task_runner.py:85} INFO - Job 2135: Subtask QueryPostGreSQL
[2023-10-01T19:41:16.404+0200] {task_command.py:415} INFO - Running <TaskInstance: MYDBDAG.QueryPostGreSQL scheduled__2023-10-01T01:25:00+00:00 [running]> on host radtrz-B450-AORUS-ELITE
[2023-10-01T19:41:16.438+0200] {taskinstance.py:1660} INFO - Exporting env vars: AIRFLOW_CTX_DAG_OWNER='radtrz' AIRFLOW_CTX_DAG_ID='MYDBDAG' AIRFLOW_CTX_TASK_ID='QueryPostGreSQL' AIRFLOW_CTX_EXECUTION_DATE='2023-10-01T01:25:00+00:00' AIRFLOW_CTX_TRY_NUMBER='1' AIRFLOW_CTX_DAG_RUN_ID='scheduled__2023-10-01T01:25:00+00:00'
[2023-10-01T19:41:16.448+0200] {logging_mixin.py:151} WARNING - /home/radtrz/airflow/dags/databaseDAG.py:23 UserWarning: pandas only supports SQLAlchemy connectable (engine/connection) or database string URI or sqlite3 DBAPI2 connection. Other DBAPI2 objects are not tested. Please consider using SQLAlchemy.
[2023-10-01T19:41:16.453+0200] {logging_mixin.py:151} INFO - ---------DataSaved--------
[2023-10-01T19:41:16.453+0200] {python.py:194} INFO - Done. Returned value was: None
[2023-10-01T19:41:16.456+0200] {taskinstance.py:1398} INFO - Marking task as SUCCESS. dag_id=MYDBDAG, task_id=QueryPostGreSQL, execution_date=20231001T012500, start_date=20231001T174116, end_date=20231001T174116
[2023-10-01T19:41:16.476+0200] {local_task_job_runner.py:228} INFO - Task exited with return code 0
[2023-10-01T19:41:16.484+0200] {taskinstance.py:2776} INFO - 1 downstream tasks scheduled from follow-on schedule check
[2023-10-01T19:44:35.326+0200] {taskinstance.py:1157} INFO - Dependencies all met for dep_context=non-requeueable deps ti=<TaskInstance: MYDBDAG.QueryPostGreSQL scheduled__2023-10-01T01:25:00+00:00 [queued]>
[2023-10-01T19:44:35.329+0200] {taskinstance.py:1157} INFO - Dependencies all met for dep_context=requeueable deps ti=<TaskInstance: MYDBDAG.QueryPostGreSQL scheduled__2023-10-01T01:25:00+00:00 [queued]>
[2023-10-01T19:44:35.329+0200] {taskinstance.py:1359} INFO - Starting attempt 1 of 2
[2023-10-01T19:44:35.336+0200] {taskinstance.py:1380} INFO - Executing <Task(PythonOperator): QueryPostGreSQL> on 2023-10-01 01:25:00+00:00
[2023-10-01T19:44:35.339+0200] {standard_task_runner.py:57} INFO - Started process 79788 to run task
[2023-10-01T19:44:35.341+0200] {standard_task_runner.py:84} INFO - Running: ['airflow', 'tasks', 'run', 'MYDBDAG', 'QueryPostGreSQL', 'scheduled__2023-10-01T01:25:00+00:00', '--job-id', '2113', '--raw', '--subdir', 'DAGS_FOLDER/databaseDAG.py', '--cfg-path', '/tmp/tmp6r0cquqv']
[2023-10-01T19:44:35.342+0200] {standard_task_runner.py:85} INFO - Job 2113: Subtask QueryPostGreSQL
[2023-10-01T19:44:35.358+0200] {task_command.py:415} INFO - Running <TaskInstance: MYDBDAG.QueryPostGreSQL scheduled__2023-10-01T01:25:00+00:00 [running]> on host radtrz-B450-AORUS-ELITE
[2023-10-01T19:44:35.396+0200] {taskinstance.py:1660} INFO - Exporting env vars: AIRFLOW_CTX_DAG_OWNER='radtrz' AIRFLOW_CTX_DAG_ID='MYDBDAG' AIRFLOW_CTX_TASK_ID='QueryPostGreSQL' AIRFLOW_CTX_EXECUTION_DATE='2023-10-01T01:25:00+00:00' AIRFLOW_CTX_TRY_NUMBER='1' AIRFLOW_CTX_DAG_RUN_ID='scheduled__2023-10-01T01:25:00+00:00'
[2023-10-01T19:44:35.407+0200] {logging_mixin.py:151} WARNING - /home/radtrz/airflow/dags/databaseDAG.py:23 UserWarning: pandas only supports SQLAlchemy connectable (engine/connection) or database string URI or sqlite3 DBAPI2 connection. Other DBAPI2 objects are not tested. Please consider using SQLAlchemy.
[2023-10-01T19:44:35.411+0200] {logging_mixin.py:151} INFO - ---------DataSaved--------
[2023-10-01T19:44:35.412+0200] {python.py:194} INFO - Done. Returned value was: None
[2023-10-01T19:44:35.415+0200] {taskinstance.py:1398} INFO - Marking task as SUCCESS. dag_id=MYDBDAG, task_id=QueryPostGreSQL, execution_date=20231001T012500, start_date=20231001T174435, end_date=20231001T174435
[2023-10-01T19:44:35.432+0200] {local_task_job_runner.py:228} INFO - Task exited with return code 0
[2023-10-01T19:44:35.440+0200] {taskinstance.py:2776} INFO - 1 downstream tasks scheduled from follow-on schedule check
