[2023-10-01T19:41:33.888+0200] {taskinstance.py:1157} INFO - Dependencies all met for dep_context=non-requeueable deps ti=<TaskInstance: MYDBDAG.QueryPostGreSQL scheduled__2023-10-01T01:55:00+00:00 [queued]>
[2023-10-01T19:41:33.891+0200] {taskinstance.py:1157} INFO - Dependencies all met for dep_context=requeueable deps ti=<TaskInstance: MYDBDAG.QueryPostGreSQL scheduled__2023-10-01T01:55:00+00:00 [queued]>
[2023-10-01T19:41:33.891+0200] {taskinstance.py:1359} INFO - Starting attempt 1 of 2
[2023-10-01T19:41:33.899+0200] {taskinstance.py:1380} INFO - Executing <Task(PythonOperator): QueryPostGreSQL> on 2023-10-01 01:55:00+00:00
[2023-10-01T19:41:33.903+0200] {standard_task_runner.py:57} INFO - Started process 78773 to run task
[2023-10-01T19:41:33.905+0200] {standard_task_runner.py:84} INFO - Running: ['airflow', 'tasks', 'run', 'MYDBDAG', 'QueryPostGreSQL', 'scheduled__2023-10-01T01:55:00+00:00', '--job-id', '2147', '--raw', '--subdir', 'DAGS_FOLDER/databaseDAG.py', '--cfg-path', '/tmp/tmp1uf3_ttn']
[2023-10-01T19:41:33.906+0200] {standard_task_runner.py:85} INFO - Job 2147: Subtask QueryPostGreSQL
[2023-10-01T19:41:33.923+0200] {task_command.py:415} INFO - Running <TaskInstance: MYDBDAG.QueryPostGreSQL scheduled__2023-10-01T01:55:00+00:00 [running]> on host radtrz-B450-AORUS-ELITE
[2023-10-01T19:41:33.957+0200] {taskinstance.py:1660} INFO - Exporting env vars: AIRFLOW_CTX_DAG_OWNER='radtrz' AIRFLOW_CTX_DAG_ID='MYDBDAG' AIRFLOW_CTX_TASK_ID='QueryPostGreSQL' AIRFLOW_CTX_EXECUTION_DATE='2023-10-01T01:55:00+00:00' AIRFLOW_CTX_TRY_NUMBER='1' AIRFLOW_CTX_DAG_RUN_ID='scheduled__2023-10-01T01:55:00+00:00'
[2023-10-01T19:41:33.967+0200] {logging_mixin.py:151} WARNING - /home/radtrz/airflow/dags/databaseDAG.py:23 UserWarning: pandas only supports SQLAlchemy connectable (engine/connection) or database string URI or sqlite3 DBAPI2 connection. Other DBAPI2 objects are not tested. Please consider using SQLAlchemy.
[2023-10-01T19:41:33.972+0200] {logging_mixin.py:151} INFO - ---------DataSaved--------
[2023-10-01T19:41:33.972+0200] {python.py:194} INFO - Done. Returned value was: None
[2023-10-01T19:41:33.975+0200] {taskinstance.py:1398} INFO - Marking task as SUCCESS. dag_id=MYDBDAG, task_id=QueryPostGreSQL, execution_date=20231001T015500, start_date=20231001T174133, end_date=20231001T174133
[2023-10-01T19:41:33.996+0200] {local_task_job_runner.py:228} INFO - Task exited with return code 0
[2023-10-01T19:41:34.004+0200] {taskinstance.py:2776} INFO - 1 downstream tasks scheduled from follow-on schedule check
[2023-10-01T19:45:09.500+0200] {taskinstance.py:1157} INFO - Dependencies all met for dep_context=non-requeueable deps ti=<TaskInstance: MYDBDAG.QueryPostGreSQL scheduled__2023-10-01T01:55:00+00:00 [queued]>
[2023-10-01T19:45:09.503+0200] {taskinstance.py:1157} INFO - Dependencies all met for dep_context=requeueable deps ti=<TaskInstance: MYDBDAG.QueryPostGreSQL scheduled__2023-10-01T01:55:00+00:00 [queued]>
[2023-10-01T19:45:09.504+0200] {taskinstance.py:1359} INFO - Starting attempt 1 of 2
[2023-10-01T19:45:09.512+0200] {taskinstance.py:1380} INFO - Executing <Task(PythonOperator): QueryPostGreSQL> on 2023-10-01 01:55:00+00:00
[2023-10-01T19:45:09.515+0200] {standard_task_runner.py:57} INFO - Started process 80000 to run task
[2023-10-01T19:45:09.517+0200] {standard_task_runner.py:84} INFO - Running: ['airflow', 'tasks', 'run', 'MYDBDAG', 'QueryPostGreSQL', 'scheduled__2023-10-01T01:55:00+00:00', '--job-id', '2125', '--raw', '--subdir', 'DAGS_FOLDER/databaseDAG.py', '--cfg-path', '/tmp/tmp9ydsnq6g']
[2023-10-01T19:45:09.518+0200] {standard_task_runner.py:85} INFO - Job 2125: Subtask QueryPostGreSQL
[2023-10-01T19:45:09.534+0200] {task_command.py:415} INFO - Running <TaskInstance: MYDBDAG.QueryPostGreSQL scheduled__2023-10-01T01:55:00+00:00 [running]> on host radtrz-B450-AORUS-ELITE
[2023-10-01T19:45:09.570+0200] {taskinstance.py:1660} INFO - Exporting env vars: AIRFLOW_CTX_DAG_OWNER='radtrz' AIRFLOW_CTX_DAG_ID='MYDBDAG' AIRFLOW_CTX_TASK_ID='QueryPostGreSQL' AIRFLOW_CTX_EXECUTION_DATE='2023-10-01T01:55:00+00:00' AIRFLOW_CTX_TRY_NUMBER='1' AIRFLOW_CTX_DAG_RUN_ID='scheduled__2023-10-01T01:55:00+00:00'
[2023-10-01T19:45:09.580+0200] {logging_mixin.py:151} WARNING - /home/radtrz/airflow/dags/databaseDAG.py:23 UserWarning: pandas only supports SQLAlchemy connectable (engine/connection) or database string URI or sqlite3 DBAPI2 connection. Other DBAPI2 objects are not tested. Please consider using SQLAlchemy.
[2023-10-01T19:45:09.584+0200] {logging_mixin.py:151} INFO - ---------DataSaved--------
[2023-10-01T19:45:09.585+0200] {python.py:194} INFO - Done. Returned value was: None
[2023-10-01T19:45:09.588+0200] {taskinstance.py:1398} INFO - Marking task as SUCCESS. dag_id=MYDBDAG, task_id=QueryPostGreSQL, execution_date=20231001T015500, start_date=20231001T174509, end_date=20231001T174509
[2023-10-01T19:45:09.608+0200] {local_task_job_runner.py:228} INFO - Task exited with return code 0
[2023-10-01T19:45:09.616+0200] {taskinstance.py:2776} INFO - 1 downstream tasks scheduled from follow-on schedule check
