[2023-10-01T19:35:32.235+0200] {taskinstance.py:1157} INFO - Dependencies all met for dep_context=non-requeueable deps ti=<TaskInstance: MYDBDAG.QueryPostGreSQL scheduled__2023-10-01T00:10:00+00:00 [queued]>
[2023-10-01T19:35:32.238+0200] {taskinstance.py:1157} INFO - Dependencies all met for dep_context=requeueable deps ti=<TaskInstance: MYDBDAG.QueryPostGreSQL scheduled__2023-10-01T00:10:00+00:00 [queued]>
[2023-10-01T19:35:32.238+0200] {taskinstance.py:1359} INFO - Starting attempt 1 of 2
[2023-10-01T19:35:32.245+0200] {taskinstance.py:1380} INFO - Executing <Task(PythonOperator): QueryPostGreSQL> on 2023-10-01 00:10:00+00:00
[2023-10-01T19:35:32.250+0200] {standard_task_runner.py:57} INFO - Started process 77220 to run task
[2023-10-01T19:35:32.251+0200] {standard_task_runner.py:84} INFO - Running: ['airflow', 'tasks', 'run', 'MYDBDAG', 'QueryPostGreSQL', 'scheduled__2023-10-01T00:10:00+00:00', '--job-id', '2085', '--raw', '--subdir', 'DAGS_FOLDER/databaseDAG.py', '--cfg-path', '/tmp/tmp_om3w4s6']
[2023-10-01T19:35:32.252+0200] {standard_task_runner.py:85} INFO - Job 2085: Subtask QueryPostGreSQL
[2023-10-01T19:35:32.270+0200] {task_command.py:415} INFO - Running <TaskInstance: MYDBDAG.QueryPostGreSQL scheduled__2023-10-01T00:10:00+00:00 [running]> on host radtrz-B450-AORUS-ELITE
[2023-10-01T19:35:32.319+0200] {taskinstance.py:1660} INFO - Exporting env vars: AIRFLOW_CTX_DAG_OWNER='radtrz' AIRFLOW_CTX_DAG_ID='MYDBDAG' AIRFLOW_CTX_TASK_ID='QueryPostGreSQL' AIRFLOW_CTX_EXECUTION_DATE='2023-10-01T00:10:00+00:00' AIRFLOW_CTX_TRY_NUMBER='1' AIRFLOW_CTX_DAG_RUN_ID='scheduled__2023-10-01T00:10:00+00:00'
[2023-10-01T19:35:32.331+0200] {logging_mixin.py:151} WARNING - /home/radtrz/airflow/dags/databaseDAG.py:23 UserWarning: pandas only supports SQLAlchemy connectable (engine/connection) or database string URI or sqlite3 DBAPI2 connection. Other DBAPI2 objects are not tested. Please consider using SQLAlchemy.
[2023-10-01T19:35:32.338+0200] {logging_mixin.py:151} INFO - ---------DataSaved--------
[2023-10-01T19:35:32.338+0200] {python.py:194} INFO - Done. Returned value was: None
[2023-10-01T19:35:32.343+0200] {taskinstance.py:1398} INFO - Marking task as SUCCESS. dag_id=MYDBDAG, task_id=QueryPostGreSQL, execution_date=20231001T001000, start_date=20231001T173532, end_date=20231001T173532
[2023-10-01T19:35:32.383+0200] {local_task_job_runner.py:228} INFO - Task exited with return code 0
[2023-10-01T19:35:32.391+0200] {taskinstance.py:2776} INFO - 1 downstream tasks scheduled from follow-on schedule check
[2023-10-01T19:43:09.404+0200] {taskinstance.py:1157} INFO - Dependencies all met for dep_context=non-requeueable deps ti=<TaskInstance: MYDBDAG.QueryPostGreSQL scheduled__2023-10-01T00:10:00+00:00 [queued]>
[2023-10-01T19:43:09.407+0200] {taskinstance.py:1157} INFO - Dependencies all met for dep_context=requeueable deps ti=<TaskInstance: MYDBDAG.QueryPostGreSQL scheduled__2023-10-01T00:10:00+00:00 [queued]>
[2023-10-01T19:43:09.407+0200] {taskinstance.py:1359} INFO - Starting attempt 1 of 2
[2023-10-01T19:43:09.415+0200] {taskinstance.py:1380} INFO - Executing <Task(PythonOperator): QueryPostGreSQL> on 2023-10-01 00:10:00+00:00
[2023-10-01T19:43:09.418+0200] {standard_task_runner.py:57} INFO - Started process 79246 to run task
[2023-10-01T19:43:09.419+0200] {standard_task_runner.py:84} INFO - Running: ['airflow', 'tasks', 'run', 'MYDBDAG', 'QueryPostGreSQL', 'scheduled__2023-10-01T00:10:00+00:00', '--job-id', '2083', '--raw', '--subdir', 'DAGS_FOLDER/databaseDAG.py', '--cfg-path', '/tmp/tmp8_0i51l0']
[2023-10-01T19:43:09.420+0200] {standard_task_runner.py:85} INFO - Job 2083: Subtask QueryPostGreSQL
[2023-10-01T19:43:09.436+0200] {task_command.py:415} INFO - Running <TaskInstance: MYDBDAG.QueryPostGreSQL scheduled__2023-10-01T00:10:00+00:00 [running]> on host radtrz-B450-AORUS-ELITE
[2023-10-01T19:43:09.472+0200] {taskinstance.py:1660} INFO - Exporting env vars: AIRFLOW_CTX_DAG_OWNER='radtrz' AIRFLOW_CTX_DAG_ID='MYDBDAG' AIRFLOW_CTX_TASK_ID='QueryPostGreSQL' AIRFLOW_CTX_EXECUTION_DATE='2023-10-01T00:10:00+00:00' AIRFLOW_CTX_TRY_NUMBER='1' AIRFLOW_CTX_DAG_RUN_ID='scheduled__2023-10-01T00:10:00+00:00'
[2023-10-01T19:43:09.481+0200] {logging_mixin.py:151} WARNING - /home/radtrz/airflow/dags/databaseDAG.py:23 UserWarning: pandas only supports SQLAlchemy connectable (engine/connection) or database string URI or sqlite3 DBAPI2 connection. Other DBAPI2 objects are not tested. Please consider using SQLAlchemy.
[2023-10-01T19:43:09.486+0200] {logging_mixin.py:151} INFO - ---------DataSaved--------
[2023-10-01T19:43:09.486+0200] {python.py:194} INFO - Done. Returned value was: None
[2023-10-01T19:43:09.489+0200] {taskinstance.py:1398} INFO - Marking task as SUCCESS. dag_id=MYDBDAG, task_id=QueryPostGreSQL, execution_date=20231001T001000, start_date=20231001T174309, end_date=20231001T174309
[2023-10-01T19:43:09.511+0200] {local_task_job_runner.py:228} INFO - Task exited with return code 0
[2023-10-01T19:43:09.519+0200] {taskinstance.py:2776} INFO - 1 downstream tasks scheduled from follow-on schedule check
