[2023-10-01T19:35:25.178+0200] {taskinstance.py:1157} INFO - Dependencies all met for dep_context=non-requeueable deps ti=<TaskInstance: MYDBDAG.QueryPostGreSQL scheduled__2023-10-01T00:00:00+00:00 [queued]>
[2023-10-01T19:35:25.181+0200] {taskinstance.py:1157} INFO - Dependencies all met for dep_context=requeueable deps ti=<TaskInstance: MYDBDAG.QueryPostGreSQL scheduled__2023-10-01T00:00:00+00:00 [queued]>
[2023-10-01T19:35:25.181+0200] {taskinstance.py:1359} INFO - Starting attempt 1 of 2
[2023-10-01T19:35:25.188+0200] {taskinstance.py:1380} INFO - Executing <Task(PythonOperator): QueryPostGreSQL> on 2023-10-01 00:00:00+00:00
[2023-10-01T19:35:25.191+0200] {standard_task_runner.py:57} INFO - Started process 77140 to run task
[2023-10-01T19:35:25.193+0200] {standard_task_runner.py:84} INFO - Running: ['airflow', 'tasks', 'run', 'MYDBDAG', 'QueryPostGreSQL', 'scheduled__2023-10-01T00:00:00+00:00', '--job-id', '2080', '--raw', '--subdir', 'DAGS_FOLDER/databaseDAG.py', '--cfg-path', '/tmp/tmp36a153no']
[2023-10-01T19:35:25.194+0200] {standard_task_runner.py:85} INFO - Job 2080: Subtask QueryPostGreSQL
[2023-10-01T19:35:25.215+0200] {task_command.py:415} INFO - Running <TaskInstance: MYDBDAG.QueryPostGreSQL scheduled__2023-10-01T00:00:00+00:00 [running]> on host radtrz-B450-AORUS-ELITE
[2023-10-01T19:35:25.251+0200] {taskinstance.py:1660} INFO - Exporting env vars: AIRFLOW_CTX_DAG_OWNER='radtrz' AIRFLOW_CTX_DAG_ID='MYDBDAG' AIRFLOW_CTX_TASK_ID='QueryPostGreSQL' AIRFLOW_CTX_EXECUTION_DATE='2023-10-01T00:00:00+00:00' AIRFLOW_CTX_TRY_NUMBER='1' AIRFLOW_CTX_DAG_RUN_ID='scheduled__2023-10-01T00:00:00+00:00'
[2023-10-01T19:35:25.263+0200] {logging_mixin.py:151} WARNING - /home/radtrz/airflow/dags/databaseDAG.py:23 UserWarning: pandas only supports SQLAlchemy connectable (engine/connection) or database string URI or sqlite3 DBAPI2 connection. Other DBAPI2 objects are not tested. Please consider using SQLAlchemy.
[2023-10-01T19:35:25.268+0200] {logging_mixin.py:151} INFO - ---------DataSaved--------
[2023-10-01T19:35:25.268+0200] {python.py:194} INFO - Done. Returned value was: None
[2023-10-01T19:35:25.271+0200] {taskinstance.py:1398} INFO - Marking task as SUCCESS. dag_id=MYDBDAG, task_id=QueryPostGreSQL, execution_date=20231001T000000, start_date=20231001T173525, end_date=20231001T173525
[2023-10-01T19:35:25.284+0200] {local_task_job_runner.py:228} INFO - Task exited with return code 0
[2023-10-01T19:35:25.292+0200] {taskinstance.py:2776} INFO - 1 downstream tasks scheduled from follow-on schedule check
[2023-10-01T19:43:02.605+0200] {taskinstance.py:1157} INFO - Dependencies all met for dep_context=non-requeueable deps ti=<TaskInstance: MYDBDAG.QueryPostGreSQL scheduled__2023-10-01T00:00:00+00:00 [queued]>
[2023-10-01T19:43:02.608+0200] {taskinstance.py:1157} INFO - Dependencies all met for dep_context=requeueable deps ti=<TaskInstance: MYDBDAG.QueryPostGreSQL scheduled__2023-10-01T00:00:00+00:00 [queued]>
[2023-10-01T19:43:02.609+0200] {taskinstance.py:1359} INFO - Starting attempt 1 of 2
[2023-10-01T19:43:02.616+0200] {taskinstance.py:1380} INFO - Executing <Task(PythonOperator): QueryPostGreSQL> on 2023-10-01 00:00:00+00:00
[2023-10-01T19:43:02.620+0200] {standard_task_runner.py:57} INFO - Started process 79202 to run task
[2023-10-01T19:43:02.621+0200] {standard_task_runner.py:84} INFO - Running: ['airflow', 'tasks', 'run', 'MYDBDAG', 'QueryPostGreSQL', 'scheduled__2023-10-01T00:00:00+00:00', '--job-id', '2080', '--raw', '--subdir', 'DAGS_FOLDER/databaseDAG.py', '--cfg-path', '/tmp/tmph3mpimy9']
[2023-10-01T19:43:02.622+0200] {standard_task_runner.py:85} INFO - Job 2080: Subtask QueryPostGreSQL
[2023-10-01T19:43:02.641+0200] {task_command.py:415} INFO - Running <TaskInstance: MYDBDAG.QueryPostGreSQL scheduled__2023-10-01T00:00:00+00:00 [running]> on host radtrz-B450-AORUS-ELITE
[2023-10-01T19:43:02.680+0200] {taskinstance.py:1660} INFO - Exporting env vars: AIRFLOW_CTX_DAG_OWNER='radtrz' AIRFLOW_CTX_DAG_ID='MYDBDAG' AIRFLOW_CTX_TASK_ID='QueryPostGreSQL' AIRFLOW_CTX_EXECUTION_DATE='2023-10-01T00:00:00+00:00' AIRFLOW_CTX_TRY_NUMBER='1' AIRFLOW_CTX_DAG_RUN_ID='scheduled__2023-10-01T00:00:00+00:00'
[2023-10-01T19:43:02.690+0200] {logging_mixin.py:151} WARNING - /home/radtrz/airflow/dags/databaseDAG.py:23 UserWarning: pandas only supports SQLAlchemy connectable (engine/connection) or database string URI or sqlite3 DBAPI2 connection. Other DBAPI2 objects are not tested. Please consider using SQLAlchemy.
[2023-10-01T19:43:02.695+0200] {logging_mixin.py:151} INFO - ---------DataSaved--------
[2023-10-01T19:43:02.695+0200] {python.py:194} INFO - Done. Returned value was: None
[2023-10-01T19:43:02.699+0200] {taskinstance.py:1398} INFO - Marking task as SUCCESS. dag_id=MYDBDAG, task_id=QueryPostGreSQL, execution_date=20231001T000000, start_date=20231001T174302, end_date=20231001T174302
[2023-10-01T19:43:02.713+0200] {local_task_job_runner.py:228} INFO - Task exited with return code 0
[2023-10-01T19:43:02.722+0200] {taskinstance.py:2776} INFO - 1 downstream tasks scheduled from follow-on schedule check
