[2023-10-01T19:41:25.248+0200] {taskinstance.py:1157} INFO - Dependencies all met for dep_context=non-requeueable deps ti=<TaskInstance: MYDBDAG.QueryPostGreSQL scheduled__2023-10-01T01:40:00+00:00 [queued]>
[2023-10-01T19:41:25.251+0200] {taskinstance.py:1157} INFO - Dependencies all met for dep_context=requeueable deps ti=<TaskInstance: MYDBDAG.QueryPostGreSQL scheduled__2023-10-01T01:40:00+00:00 [queued]>
[2023-10-01T19:41:25.251+0200] {taskinstance.py:1359} INFO - Starting attempt 1 of 2
[2023-10-01T19:41:25.258+0200] {taskinstance.py:1380} INFO - Executing <Task(PythonOperator): QueryPostGreSQL> on 2023-10-01 01:40:00+00:00
[2023-10-01T19:41:25.262+0200] {standard_task_runner.py:57} INFO - Started process 78690 to run task
[2023-10-01T19:41:25.264+0200] {standard_task_runner.py:84} INFO - Running: ['airflow', 'tasks', 'run', 'MYDBDAG', 'QueryPostGreSQL', 'scheduled__2023-10-01T01:40:00+00:00', '--job-id', '2141', '--raw', '--subdir', 'DAGS_FOLDER/databaseDAG.py', '--cfg-path', '/tmp/tmpm7kz5922']
[2023-10-01T19:41:25.265+0200] {standard_task_runner.py:85} INFO - Job 2141: Subtask QueryPostGreSQL
[2023-10-01T19:41:25.283+0200] {task_command.py:415} INFO - Running <TaskInstance: MYDBDAG.QueryPostGreSQL scheduled__2023-10-01T01:40:00+00:00 [running]> on host radtrz-B450-AORUS-ELITE
[2023-10-01T19:41:25.321+0200] {taskinstance.py:1660} INFO - Exporting env vars: AIRFLOW_CTX_DAG_OWNER='radtrz' AIRFLOW_CTX_DAG_ID='MYDBDAG' AIRFLOW_CTX_TASK_ID='QueryPostGreSQL' AIRFLOW_CTX_EXECUTION_DATE='2023-10-01T01:40:00+00:00' AIRFLOW_CTX_TRY_NUMBER='1' AIRFLOW_CTX_DAG_RUN_ID='scheduled__2023-10-01T01:40:00+00:00'
[2023-10-01T19:41:25.333+0200] {logging_mixin.py:151} WARNING - /home/radtrz/airflow/dags/databaseDAG.py:23 UserWarning: pandas only supports SQLAlchemy connectable (engine/connection) or database string URI or sqlite3 DBAPI2 connection. Other DBAPI2 objects are not tested. Please consider using SQLAlchemy.
[2023-10-01T19:41:25.337+0200] {logging_mixin.py:151} INFO - ---------DataSaved--------
[2023-10-01T19:41:25.337+0200] {python.py:194} INFO - Done. Returned value was: None
[2023-10-01T19:41:25.340+0200] {taskinstance.py:1398} INFO - Marking task as SUCCESS. dag_id=MYDBDAG, task_id=QueryPostGreSQL, execution_date=20231001T014000, start_date=20231001T174125, end_date=20231001T174125
[2023-10-01T19:41:25.355+0200] {local_task_job_runner.py:228} INFO - Task exited with return code 0
[2023-10-01T19:41:25.363+0200] {taskinstance.py:2776} INFO - 1 downstream tasks scheduled from follow-on schedule check
[2023-10-01T19:44:52.645+0200] {taskinstance.py:1157} INFO - Dependencies all met for dep_context=non-requeueable deps ti=<TaskInstance: MYDBDAG.QueryPostGreSQL scheduled__2023-10-01T01:40:00+00:00 [queued]>
[2023-10-01T19:44:52.649+0200] {taskinstance.py:1157} INFO - Dependencies all met for dep_context=requeueable deps ti=<TaskInstance: MYDBDAG.QueryPostGreSQL scheduled__2023-10-01T01:40:00+00:00 [queued]>
[2023-10-01T19:44:52.649+0200] {taskinstance.py:1359} INFO - Starting attempt 1 of 2
[2023-10-01T19:44:52.656+0200] {taskinstance.py:1380} INFO - Executing <Task(PythonOperator): QueryPostGreSQL> on 2023-10-01 01:40:00+00:00
[2023-10-01T19:44:52.659+0200] {standard_task_runner.py:57} INFO - Started process 79903 to run task
[2023-10-01T19:44:52.661+0200] {standard_task_runner.py:84} INFO - Running: ['airflow', 'tasks', 'run', 'MYDBDAG', 'QueryPostGreSQL', 'scheduled__2023-10-01T01:40:00+00:00', '--job-id', '2119', '--raw', '--subdir', 'DAGS_FOLDER/databaseDAG.py', '--cfg-path', '/tmp/tmpr1y9ps9y']
[2023-10-01T19:44:52.662+0200] {standard_task_runner.py:85} INFO - Job 2119: Subtask QueryPostGreSQL
[2023-10-01T19:44:52.678+0200] {task_command.py:415} INFO - Running <TaskInstance: MYDBDAG.QueryPostGreSQL scheduled__2023-10-01T01:40:00+00:00 [running]> on host radtrz-B450-AORUS-ELITE
[2023-10-01T19:44:52.714+0200] {taskinstance.py:1660} INFO - Exporting env vars: AIRFLOW_CTX_DAG_OWNER='radtrz' AIRFLOW_CTX_DAG_ID='MYDBDAG' AIRFLOW_CTX_TASK_ID='QueryPostGreSQL' AIRFLOW_CTX_EXECUTION_DATE='2023-10-01T01:40:00+00:00' AIRFLOW_CTX_TRY_NUMBER='1' AIRFLOW_CTX_DAG_RUN_ID='scheduled__2023-10-01T01:40:00+00:00'
[2023-10-01T19:44:52.724+0200] {logging_mixin.py:151} WARNING - /home/radtrz/airflow/dags/databaseDAG.py:23 UserWarning: pandas only supports SQLAlchemy connectable (engine/connection) or database string URI or sqlite3 DBAPI2 connection. Other DBAPI2 objects are not tested. Please consider using SQLAlchemy.
[2023-10-01T19:44:52.728+0200] {logging_mixin.py:151} INFO - ---------DataSaved--------
[2023-10-01T19:44:52.729+0200] {python.py:194} INFO - Done. Returned value was: None
[2023-10-01T19:44:52.732+0200] {taskinstance.py:1398} INFO - Marking task as SUCCESS. dag_id=MYDBDAG, task_id=QueryPostGreSQL, execution_date=20231001T014000, start_date=20231001T174452, end_date=20231001T174452
[2023-10-01T19:44:52.752+0200] {local_task_job_runner.py:228} INFO - Task exited with return code 0
[2023-10-01T19:44:52.760+0200] {taskinstance.py:2776} INFO - 1 downstream tasks scheduled from follow-on schedule check
