[2023-10-01T19:41:45.603+0200] {taskinstance.py:1157} INFO - Dependencies all met for dep_context=non-requeueable deps ti=<TaskInstance: MYDBDAG.QueryPostGreSQL scheduled__2023-10-01T02:15:00+00:00 [queued]>
[2023-10-01T19:41:45.606+0200] {taskinstance.py:1157} INFO - Dependencies all met for dep_context=requeueable deps ti=<TaskInstance: MYDBDAG.QueryPostGreSQL scheduled__2023-10-01T02:15:00+00:00 [queued]>
[2023-10-01T19:41:45.606+0200] {taskinstance.py:1359} INFO - Starting attempt 1 of 2
[2023-10-01T19:41:45.614+0200] {taskinstance.py:1380} INFO - Executing <Task(PythonOperator): QueryPostGreSQL> on 2023-10-01 02:15:00+00:00
[2023-10-01T19:41:45.618+0200] {standard_task_runner.py:57} INFO - Started process 78909 to run task
[2023-10-01T19:41:45.619+0200] {standard_task_runner.py:84} INFO - Running: ['airflow', 'tasks', 'run', 'MYDBDAG', 'QueryPostGreSQL', 'scheduled__2023-10-01T02:15:00+00:00', '--job-id', '2155', '--raw', '--subdir', 'DAGS_FOLDER/databaseDAG.py', '--cfg-path', '/tmp/tmpyr5sl73i']
[2023-10-01T19:41:45.620+0200] {standard_task_runner.py:85} INFO - Job 2155: Subtask QueryPostGreSQL
[2023-10-01T19:41:45.638+0200] {task_command.py:415} INFO - Running <TaskInstance: MYDBDAG.QueryPostGreSQL scheduled__2023-10-01T02:15:00+00:00 [running]> on host radtrz-B450-AORUS-ELITE
[2023-10-01T19:41:45.678+0200] {taskinstance.py:1660} INFO - Exporting env vars: AIRFLOW_CTX_DAG_OWNER='radtrz' AIRFLOW_CTX_DAG_ID='MYDBDAG' AIRFLOW_CTX_TASK_ID='QueryPostGreSQL' AIRFLOW_CTX_EXECUTION_DATE='2023-10-01T02:15:00+00:00' AIRFLOW_CTX_TRY_NUMBER='1' AIRFLOW_CTX_DAG_RUN_ID='scheduled__2023-10-01T02:15:00+00:00'
[2023-10-01T19:41:45.689+0200] {logging_mixin.py:151} WARNING - /home/radtrz/airflow/dags/databaseDAG.py:23 UserWarning: pandas only supports SQLAlchemy connectable (engine/connection) or database string URI or sqlite3 DBAPI2 connection. Other DBAPI2 objects are not tested. Please consider using SQLAlchemy.
[2023-10-01T19:41:45.693+0200] {logging_mixin.py:151} INFO - ---------DataSaved--------
[2023-10-01T19:41:45.693+0200] {python.py:194} INFO - Done. Returned value was: None
[2023-10-01T19:41:45.696+0200] {taskinstance.py:1398} INFO - Marking task as SUCCESS. dag_id=MYDBDAG, task_id=QueryPostGreSQL, execution_date=20231001T021500, start_date=20231001T174145, end_date=20231001T174145
[2023-10-01T19:41:45.711+0200] {local_task_job_runner.py:228} INFO - Task exited with return code 0
[2023-10-01T19:41:45.718+0200] {taskinstance.py:2776} INFO - 1 downstream tasks scheduled from follow-on schedule check
[2023-10-01T19:45:31.943+0200] {taskinstance.py:1157} INFO - Dependencies all met for dep_context=non-requeueable deps ti=<TaskInstance: MYDBDAG.QueryPostGreSQL scheduled__2023-10-01T02:15:00+00:00 [queued]>
[2023-10-01T19:45:31.946+0200] {taskinstance.py:1157} INFO - Dependencies all met for dep_context=requeueable deps ti=<TaskInstance: MYDBDAG.QueryPostGreSQL scheduled__2023-10-01T02:15:00+00:00 [queued]>
[2023-10-01T19:45:31.946+0200] {taskinstance.py:1359} INFO - Starting attempt 1 of 2
[2023-10-01T19:45:31.954+0200] {taskinstance.py:1380} INFO - Executing <Task(PythonOperator): QueryPostGreSQL> on 2023-10-01 02:15:00+00:00
[2023-10-01T19:45:31.957+0200] {standard_task_runner.py:57} INFO - Started process 80145 to run task
[2023-10-01T19:45:31.959+0200] {standard_task_runner.py:84} INFO - Running: ['airflow', 'tasks', 'run', 'MYDBDAG', 'QueryPostGreSQL', 'scheduled__2023-10-01T02:15:00+00:00', '--job-id', '2133', '--raw', '--subdir', 'DAGS_FOLDER/databaseDAG.py', '--cfg-path', '/tmp/tmpqh3og7h8']
[2023-10-01T19:45:31.960+0200] {standard_task_runner.py:85} INFO - Job 2133: Subtask QueryPostGreSQL
[2023-10-01T19:45:31.976+0200] {task_command.py:415} INFO - Running <TaskInstance: MYDBDAG.QueryPostGreSQL scheduled__2023-10-01T02:15:00+00:00 [running]> on host radtrz-B450-AORUS-ELITE
[2023-10-01T19:45:32.014+0200] {taskinstance.py:1660} INFO - Exporting env vars: AIRFLOW_CTX_DAG_OWNER='radtrz' AIRFLOW_CTX_DAG_ID='MYDBDAG' AIRFLOW_CTX_TASK_ID='QueryPostGreSQL' AIRFLOW_CTX_EXECUTION_DATE='2023-10-01T02:15:00+00:00' AIRFLOW_CTX_TRY_NUMBER='1' AIRFLOW_CTX_DAG_RUN_ID='scheduled__2023-10-01T02:15:00+00:00'
[2023-10-01T19:45:32.024+0200] {logging_mixin.py:151} WARNING - /home/radtrz/airflow/dags/databaseDAG.py:23 UserWarning: pandas only supports SQLAlchemy connectable (engine/connection) or database string URI or sqlite3 DBAPI2 connection. Other DBAPI2 objects are not tested. Please consider using SQLAlchemy.
[2023-10-01T19:45:32.029+0200] {logging_mixin.py:151} INFO - ---------DataSaved--------
[2023-10-01T19:45:32.029+0200] {python.py:194} INFO - Done. Returned value was: None
[2023-10-01T19:45:32.032+0200] {taskinstance.py:1398} INFO - Marking task as SUCCESS. dag_id=MYDBDAG, task_id=QueryPostGreSQL, execution_date=20231001T021500, start_date=20231001T174531, end_date=20231001T174532
[2023-10-01T19:45:32.050+0200] {local_task_job_runner.py:228} INFO - Task exited with return code 0
[2023-10-01T19:45:32.059+0200] {taskinstance.py:2776} INFO - 1 downstream tasks scheduled from follow-on schedule check
