[2023-10-01T19:36:06.693+0200] {taskinstance.py:1157} INFO - Dependencies all met for dep_context=non-requeueable deps ti=<TaskInstance: MYDBDAG.QueryPostGreSQL scheduled__2023-10-01T01:10:00+00:00 [queued]>
[2023-10-01T19:36:06.696+0200] {taskinstance.py:1157} INFO - Dependencies all met for dep_context=requeueable deps ti=<TaskInstance: MYDBDAG.QueryPostGreSQL scheduled__2023-10-01T01:10:00+00:00 [queued]>
[2023-10-01T19:36:06.696+0200] {taskinstance.py:1359} INFO - Starting attempt 1 of 2
[2023-10-01T19:36:06.704+0200] {taskinstance.py:1380} INFO - Executing <Task(PythonOperator): QueryPostGreSQL> on 2023-10-01 01:10:00+00:00
[2023-10-01T19:36:06.707+0200] {standard_task_runner.py:57} INFO - Started process 77597 to run task
[2023-10-01T19:36:06.709+0200] {standard_task_runner.py:84} INFO - Running: ['airflow', 'tasks', 'run', 'MYDBDAG', 'QueryPostGreSQL', 'scheduled__2023-10-01T01:10:00+00:00', '--job-id', '2109', '--raw', '--subdir', 'DAGS_FOLDER/databaseDAG.py', '--cfg-path', '/tmp/tmp4jayugn6']
[2023-10-01T19:36:06.710+0200] {standard_task_runner.py:85} INFO - Job 2109: Subtask QueryPostGreSQL
[2023-10-01T19:36:06.727+0200] {task_command.py:415} INFO - Running <TaskInstance: MYDBDAG.QueryPostGreSQL scheduled__2023-10-01T01:10:00+00:00 [running]> on host radtrz-B450-AORUS-ELITE
[2023-10-01T19:36:06.762+0200] {taskinstance.py:1660} INFO - Exporting env vars: AIRFLOW_CTX_DAG_OWNER='radtrz' AIRFLOW_CTX_DAG_ID='MYDBDAG' AIRFLOW_CTX_TASK_ID='QueryPostGreSQL' AIRFLOW_CTX_EXECUTION_DATE='2023-10-01T01:10:00+00:00' AIRFLOW_CTX_TRY_NUMBER='1' AIRFLOW_CTX_DAG_RUN_ID='scheduled__2023-10-01T01:10:00+00:00'
[2023-10-01T19:36:06.772+0200] {logging_mixin.py:151} WARNING - /home/radtrz/airflow/dags/databaseDAG.py:23 UserWarning: pandas only supports SQLAlchemy connectable (engine/connection) or database string URI or sqlite3 DBAPI2 connection. Other DBAPI2 objects are not tested. Please consider using SQLAlchemy.
[2023-10-01T19:36:06.778+0200] {logging_mixin.py:151} INFO - ---------DataSaved--------
[2023-10-01T19:36:06.778+0200] {python.py:194} INFO - Done. Returned value was: None
[2023-10-01T19:36:06.781+0200] {taskinstance.py:1398} INFO - Marking task as SUCCESS. dag_id=MYDBDAG, task_id=QueryPostGreSQL, execution_date=20231001T011000, start_date=20231001T173606, end_date=20231001T173606
[2023-10-01T19:36:06.800+0200] {local_task_job_runner.py:228} INFO - Task exited with return code 0
[2023-10-01T19:36:06.808+0200] {taskinstance.py:2776} INFO - 1 downstream tasks scheduled from follow-on schedule check
[2023-10-01T19:44:18.733+0200] {taskinstance.py:1157} INFO - Dependencies all met for dep_context=non-requeueable deps ti=<TaskInstance: MYDBDAG.QueryPostGreSQL scheduled__2023-10-01T01:10:00+00:00 [queued]>
[2023-10-01T19:44:18.736+0200] {taskinstance.py:1157} INFO - Dependencies all met for dep_context=requeueable deps ti=<TaskInstance: MYDBDAG.QueryPostGreSQL scheduled__2023-10-01T01:10:00+00:00 [queued]>
[2023-10-01T19:44:18.736+0200] {taskinstance.py:1359} INFO - Starting attempt 1 of 2
[2023-10-01T19:44:18.744+0200] {taskinstance.py:1380} INFO - Executing <Task(PythonOperator): QueryPostGreSQL> on 2023-10-01 01:10:00+00:00
[2023-10-01T19:44:18.747+0200] {standard_task_runner.py:57} INFO - Started process 79693 to run task
[2023-10-01T19:44:18.748+0200] {standard_task_runner.py:84} INFO - Running: ['airflow', 'tasks', 'run', 'MYDBDAG', 'QueryPostGreSQL', 'scheduled__2023-10-01T01:10:00+00:00', '--job-id', '2107', '--raw', '--subdir', 'DAGS_FOLDER/databaseDAG.py', '--cfg-path', '/tmp/tmpij9onzpc']
[2023-10-01T19:44:18.749+0200] {standard_task_runner.py:85} INFO - Job 2107: Subtask QueryPostGreSQL
[2023-10-01T19:44:18.766+0200] {task_command.py:415} INFO - Running <TaskInstance: MYDBDAG.QueryPostGreSQL scheduled__2023-10-01T01:10:00+00:00 [running]> on host radtrz-B450-AORUS-ELITE
[2023-10-01T19:44:18.803+0200] {taskinstance.py:1660} INFO - Exporting env vars: AIRFLOW_CTX_DAG_OWNER='radtrz' AIRFLOW_CTX_DAG_ID='MYDBDAG' AIRFLOW_CTX_TASK_ID='QueryPostGreSQL' AIRFLOW_CTX_EXECUTION_DATE='2023-10-01T01:10:00+00:00' AIRFLOW_CTX_TRY_NUMBER='1' AIRFLOW_CTX_DAG_RUN_ID='scheduled__2023-10-01T01:10:00+00:00'
[2023-10-01T19:44:18.813+0200] {logging_mixin.py:151} WARNING - /home/radtrz/airflow/dags/databaseDAG.py:23 UserWarning: pandas only supports SQLAlchemy connectable (engine/connection) or database string URI or sqlite3 DBAPI2 connection. Other DBAPI2 objects are not tested. Please consider using SQLAlchemy.
[2023-10-01T19:44:18.818+0200] {logging_mixin.py:151} INFO - ---------DataSaved--------
[2023-10-01T19:44:18.818+0200] {python.py:194} INFO - Done. Returned value was: None
[2023-10-01T19:44:18.821+0200] {taskinstance.py:1398} INFO - Marking task as SUCCESS. dag_id=MYDBDAG, task_id=QueryPostGreSQL, execution_date=20231001T011000, start_date=20231001T174418, end_date=20231001T174418
[2023-10-01T19:44:18.840+0200] {local_task_job_runner.py:228} INFO - Task exited with return code 0
[2023-10-01T19:44:18.848+0200] {taskinstance.py:2776} INFO - 1 downstream tasks scheduled from follow-on schedule check
