[2023-10-01T19:35:49.804+0200] {taskinstance.py:1157} INFO - Dependencies all met for dep_context=non-requeueable deps ti=<TaskInstance: MYDBDAG.QueryPostGreSQL scheduled__2023-10-01T00:40:00+00:00 [queued]>
[2023-10-01T19:35:49.807+0200] {taskinstance.py:1157} INFO - Dependencies all met for dep_context=requeueable deps ti=<TaskInstance: MYDBDAG.QueryPostGreSQL scheduled__2023-10-01T00:40:00+00:00 [queued]>
[2023-10-01T19:35:49.808+0200] {taskinstance.py:1359} INFO - Starting attempt 1 of 2
[2023-10-01T19:35:49.815+0200] {taskinstance.py:1380} INFO - Executing <Task(PythonOperator): QueryPostGreSQL> on 2023-10-01 00:40:00+00:00
[2023-10-01T19:35:49.819+0200] {standard_task_runner.py:57} INFO - Started process 77422 to run task
[2023-10-01T19:35:49.820+0200] {standard_task_runner.py:84} INFO - Running: ['airflow', 'tasks', 'run', 'MYDBDAG', 'QueryPostGreSQL', 'scheduled__2023-10-01T00:40:00+00:00', '--job-id', '2097', '--raw', '--subdir', 'DAGS_FOLDER/databaseDAG.py', '--cfg-path', '/tmp/tmpqvii4yc3']
[2023-10-01T19:35:49.821+0200] {standard_task_runner.py:85} INFO - Job 2097: Subtask QueryPostGreSQL
[2023-10-01T19:35:49.839+0200] {task_command.py:415} INFO - Running <TaskInstance: MYDBDAG.QueryPostGreSQL scheduled__2023-10-01T00:40:00+00:00 [running]> on host radtrz-B450-AORUS-ELITE
[2023-10-01T19:35:49.873+0200] {taskinstance.py:1660} INFO - Exporting env vars: AIRFLOW_CTX_DAG_OWNER='radtrz' AIRFLOW_CTX_DAG_ID='MYDBDAG' AIRFLOW_CTX_TASK_ID='QueryPostGreSQL' AIRFLOW_CTX_EXECUTION_DATE='2023-10-01T00:40:00+00:00' AIRFLOW_CTX_TRY_NUMBER='1' AIRFLOW_CTX_DAG_RUN_ID='scheduled__2023-10-01T00:40:00+00:00'
[2023-10-01T19:35:49.884+0200] {logging_mixin.py:151} WARNING - /home/radtrz/airflow/dags/databaseDAG.py:23 UserWarning: pandas only supports SQLAlchemy connectable (engine/connection) or database string URI or sqlite3 DBAPI2 connection. Other DBAPI2 objects are not tested. Please consider using SQLAlchemy.
[2023-10-01T19:35:49.888+0200] {logging_mixin.py:151} INFO - ---------DataSaved--------
[2023-10-01T19:35:49.888+0200] {python.py:194} INFO - Done. Returned value was: None
[2023-10-01T19:35:49.891+0200] {taskinstance.py:1398} INFO - Marking task as SUCCESS. dag_id=MYDBDAG, task_id=QueryPostGreSQL, execution_date=20231001T004000, start_date=20231001T173549, end_date=20231001T173549
[2023-10-01T19:35:49.912+0200] {local_task_job_runner.py:228} INFO - Task exited with return code 0
[2023-10-01T19:35:49.919+0200] {taskinstance.py:2776} INFO - 1 downstream tasks scheduled from follow-on schedule check
[2023-10-01T19:43:44.293+0200] {taskinstance.py:1157} INFO - Dependencies all met for dep_context=non-requeueable deps ti=<TaskInstance: MYDBDAG.QueryPostGreSQL scheduled__2023-10-01T00:40:00+00:00 [queued]>
[2023-10-01T19:43:44.297+0200] {taskinstance.py:1157} INFO - Dependencies all met for dep_context=requeueable deps ti=<TaskInstance: MYDBDAG.QueryPostGreSQL scheduled__2023-10-01T00:40:00+00:00 [queued]>
[2023-10-01T19:43:44.297+0200] {taskinstance.py:1359} INFO - Starting attempt 1 of 2
[2023-10-01T19:43:44.305+0200] {taskinstance.py:1380} INFO - Executing <Task(PythonOperator): QueryPostGreSQL> on 2023-10-01 00:40:00+00:00
[2023-10-01T19:43:44.308+0200] {standard_task_runner.py:57} INFO - Started process 79469 to run task
[2023-10-01T19:43:44.310+0200] {standard_task_runner.py:84} INFO - Running: ['airflow', 'tasks', 'run', 'MYDBDAG', 'QueryPostGreSQL', 'scheduled__2023-10-01T00:40:00+00:00', '--job-id', '2095', '--raw', '--subdir', 'DAGS_FOLDER/databaseDAG.py', '--cfg-path', '/tmp/tmpb99w7o74']
[2023-10-01T19:43:44.311+0200] {standard_task_runner.py:85} INFO - Job 2095: Subtask QueryPostGreSQL
[2023-10-01T19:43:44.331+0200] {task_command.py:415} INFO - Running <TaskInstance: MYDBDAG.QueryPostGreSQL scheduled__2023-10-01T00:40:00+00:00 [running]> on host radtrz-B450-AORUS-ELITE
[2023-10-01T19:43:44.379+0200] {taskinstance.py:1660} INFO - Exporting env vars: AIRFLOW_CTX_DAG_OWNER='radtrz' AIRFLOW_CTX_DAG_ID='MYDBDAG' AIRFLOW_CTX_TASK_ID='QueryPostGreSQL' AIRFLOW_CTX_EXECUTION_DATE='2023-10-01T00:40:00+00:00' AIRFLOW_CTX_TRY_NUMBER='1' AIRFLOW_CTX_DAG_RUN_ID='scheduled__2023-10-01T00:40:00+00:00'
[2023-10-01T19:43:44.390+0200] {logging_mixin.py:151} WARNING - /home/radtrz/airflow/dags/databaseDAG.py:23 UserWarning: pandas only supports SQLAlchemy connectable (engine/connection) or database string URI or sqlite3 DBAPI2 connection. Other DBAPI2 objects are not tested. Please consider using SQLAlchemy.
[2023-10-01T19:43:44.396+0200] {logging_mixin.py:151} INFO - ---------DataSaved--------
[2023-10-01T19:43:44.397+0200] {python.py:194} INFO - Done. Returned value was: None
[2023-10-01T19:43:44.401+0200] {taskinstance.py:1398} INFO - Marking task as SUCCESS. dag_id=MYDBDAG, task_id=QueryPostGreSQL, execution_date=20231001T004000, start_date=20231001T174344, end_date=20231001T174344
[2023-10-01T19:43:44.442+0200] {local_task_job_runner.py:228} INFO - Task exited with return code 0
[2023-10-01T19:43:44.451+0200] {taskinstance.py:2776} INFO - 1 downstream tasks scheduled from follow-on schedule check
