[2023-10-01T19:35:58.267+0200] {taskinstance.py:1157} INFO - Dependencies all met for dep_context=non-requeueable deps ti=<TaskInstance: MYDBDAG.QueryPostGreSQL scheduled__2023-10-01T00:55:00+00:00 [queued]>
[2023-10-01T19:35:58.270+0200] {taskinstance.py:1157} INFO - Dependencies all met for dep_context=requeueable deps ti=<TaskInstance: MYDBDAG.QueryPostGreSQL scheduled__2023-10-01T00:55:00+00:00 [queued]>
[2023-10-01T19:35:58.270+0200] {taskinstance.py:1359} INFO - Starting attempt 1 of 2
[2023-10-01T19:35:58.278+0200] {taskinstance.py:1380} INFO - Executing <Task(PythonOperator): QueryPostGreSQL> on 2023-10-01 00:55:00+00:00
[2023-10-01T19:35:58.281+0200] {standard_task_runner.py:57} INFO - Started process 77509 to run task
[2023-10-01T19:35:58.283+0200] {standard_task_runner.py:84} INFO - Running: ['airflow', 'tasks', 'run', 'MYDBDAG', 'QueryPostGreSQL', 'scheduled__2023-10-01T00:55:00+00:00', '--job-id', '2103', '--raw', '--subdir', 'DAGS_FOLDER/databaseDAG.py', '--cfg-path', '/tmp/tmp0pbx3iix']
[2023-10-01T19:35:58.284+0200] {standard_task_runner.py:85} INFO - Job 2103: Subtask QueryPostGreSQL
[2023-10-01T19:35:58.302+0200] {task_command.py:415} INFO - Running <TaskInstance: MYDBDAG.QueryPostGreSQL scheduled__2023-10-01T00:55:00+00:00 [running]> on host radtrz-B450-AORUS-ELITE
[2023-10-01T19:35:58.337+0200] {taskinstance.py:1660} INFO - Exporting env vars: AIRFLOW_CTX_DAG_OWNER='radtrz' AIRFLOW_CTX_DAG_ID='MYDBDAG' AIRFLOW_CTX_TASK_ID='QueryPostGreSQL' AIRFLOW_CTX_EXECUTION_DATE='2023-10-01T00:55:00+00:00' AIRFLOW_CTX_TRY_NUMBER='1' AIRFLOW_CTX_DAG_RUN_ID='scheduled__2023-10-01T00:55:00+00:00'
[2023-10-01T19:35:58.347+0200] {logging_mixin.py:151} WARNING - /home/radtrz/airflow/dags/databaseDAG.py:23 UserWarning: pandas only supports SQLAlchemy connectable (engine/connection) or database string URI or sqlite3 DBAPI2 connection. Other DBAPI2 objects are not tested. Please consider using SQLAlchemy.
[2023-10-01T19:35:58.352+0200] {logging_mixin.py:151} INFO - ---------DataSaved--------
[2023-10-01T19:35:58.352+0200] {python.py:194} INFO - Done. Returned value was: None
[2023-10-01T19:35:58.355+0200] {taskinstance.py:1398} INFO - Marking task as SUCCESS. dag_id=MYDBDAG, task_id=QueryPostGreSQL, execution_date=20231001T005500, start_date=20231001T173558, end_date=20231001T173558
[2023-10-01T19:35:58.374+0200] {local_task_job_runner.py:228} INFO - Task exited with return code 0
[2023-10-01T19:35:58.382+0200] {taskinstance.py:2776} INFO - 1 downstream tasks scheduled from follow-on schedule check
[2023-10-01T19:44:01.206+0200] {taskinstance.py:1157} INFO - Dependencies all met for dep_context=non-requeueable deps ti=<TaskInstance: MYDBDAG.QueryPostGreSQL scheduled__2023-10-01T00:55:00+00:00 [queued]>
[2023-10-01T19:44:01.209+0200] {taskinstance.py:1157} INFO - Dependencies all met for dep_context=requeueable deps ti=<TaskInstance: MYDBDAG.QueryPostGreSQL scheduled__2023-10-01T00:55:00+00:00 [queued]>
[2023-10-01T19:44:01.210+0200] {taskinstance.py:1359} INFO - Starting attempt 1 of 2
[2023-10-01T19:44:01.217+0200] {taskinstance.py:1380} INFO - Executing <Task(PythonOperator): QueryPostGreSQL> on 2023-10-01 00:55:00+00:00
[2023-10-01T19:44:01.221+0200] {standard_task_runner.py:57} INFO - Started process 79572 to run task
[2023-10-01T19:44:01.223+0200] {standard_task_runner.py:84} INFO - Running: ['airflow', 'tasks', 'run', 'MYDBDAG', 'QueryPostGreSQL', 'scheduled__2023-10-01T00:55:00+00:00', '--job-id', '2101', '--raw', '--subdir', 'DAGS_FOLDER/databaseDAG.py', '--cfg-path', '/tmp/tmpgwr9j1i4']
[2023-10-01T19:44:01.224+0200] {standard_task_runner.py:85} INFO - Job 2101: Subtask QueryPostGreSQL
[2023-10-01T19:44:01.242+0200] {task_command.py:415} INFO - Running <TaskInstance: MYDBDAG.QueryPostGreSQL scheduled__2023-10-01T00:55:00+00:00 [running]> on host radtrz-B450-AORUS-ELITE
[2023-10-01T19:44:01.280+0200] {taskinstance.py:1660} INFO - Exporting env vars: AIRFLOW_CTX_DAG_OWNER='radtrz' AIRFLOW_CTX_DAG_ID='MYDBDAG' AIRFLOW_CTX_TASK_ID='QueryPostGreSQL' AIRFLOW_CTX_EXECUTION_DATE='2023-10-01T00:55:00+00:00' AIRFLOW_CTX_TRY_NUMBER='1' AIRFLOW_CTX_DAG_RUN_ID='scheduled__2023-10-01T00:55:00+00:00'
[2023-10-01T19:44:01.290+0200] {logging_mixin.py:151} WARNING - /home/radtrz/airflow/dags/databaseDAG.py:23 UserWarning: pandas only supports SQLAlchemy connectable (engine/connection) or database string URI or sqlite3 DBAPI2 connection. Other DBAPI2 objects are not tested. Please consider using SQLAlchemy.
[2023-10-01T19:44:01.295+0200] {logging_mixin.py:151} INFO - ---------DataSaved--------
[2023-10-01T19:44:01.295+0200] {python.py:194} INFO - Done. Returned value was: None
[2023-10-01T19:44:01.298+0200] {taskinstance.py:1398} INFO - Marking task as SUCCESS. dag_id=MYDBDAG, task_id=QueryPostGreSQL, execution_date=20231001T005500, start_date=20231001T174401, end_date=20231001T174401
[2023-10-01T19:44:01.314+0200] {local_task_job_runner.py:228} INFO - Task exited with return code 0
[2023-10-01T19:44:01.323+0200] {taskinstance.py:2776} INFO - 1 downstream tasks scheduled from follow-on schedule check
