[2023-10-01T19:40:44.399+0200] {taskinstance.py:1157} INFO - Dependencies all met for dep_context=non-requeueable deps ti=<TaskInstance: MYDBDAG.QueryPostGreSQL scheduled__2023-10-01T01:15:00+00:00 [queued]>
[2023-10-01T19:40:44.402+0200] {taskinstance.py:1157} INFO - Dependencies all met for dep_context=requeueable deps ti=<TaskInstance: MYDBDAG.QueryPostGreSQL scheduled__2023-10-01T01:15:00+00:00 [queued]>
[2023-10-01T19:40:44.402+0200] {taskinstance.py:1359} INFO - Starting attempt 1 of 2
[2023-10-01T19:40:44.410+0200] {taskinstance.py:1380} INFO - Executing <Task(PythonOperator): QueryPostGreSQL> on 2023-10-01 01:15:00+00:00
[2023-10-01T19:40:44.413+0200] {standard_task_runner.py:57} INFO - Started process 78374 to run task
[2023-10-01T19:40:44.415+0200] {standard_task_runner.py:84} INFO - Running: ['airflow', 'tasks', 'run', 'MYDBDAG', 'QueryPostGreSQL', 'scheduled__2023-10-01T01:15:00+00:00', '--job-id', '2121', '--raw', '--subdir', 'DAGS_FOLDER/databaseDAG.py', '--cfg-path', '/tmp/tmpe6qu9iei']
[2023-10-01T19:40:44.416+0200] {standard_task_runner.py:85} INFO - Job 2121: Subtask QueryPostGreSQL
[2023-10-01T19:40:44.435+0200] {task_command.py:415} INFO - Running <TaskInstance: MYDBDAG.QueryPostGreSQL scheduled__2023-10-01T01:15:00+00:00 [running]> on host radtrz-B450-AORUS-ELITE
[2023-10-01T19:40:44.472+0200] {taskinstance.py:1660} INFO - Exporting env vars: AIRFLOW_CTX_DAG_OWNER='radtrz' AIRFLOW_CTX_DAG_ID='MYDBDAG' AIRFLOW_CTX_TASK_ID='QueryPostGreSQL' AIRFLOW_CTX_EXECUTION_DATE='2023-10-01T01:15:00+00:00' AIRFLOW_CTX_TRY_NUMBER='1' AIRFLOW_CTX_DAG_RUN_ID='scheduled__2023-10-01T01:15:00+00:00'
[2023-10-01T19:40:44.482+0200] {logging_mixin.py:151} WARNING - /home/radtrz/airflow/dags/databaseDAG.py:23 UserWarning: pandas only supports SQLAlchemy connectable (engine/connection) or database string URI or sqlite3 DBAPI2 connection. Other DBAPI2 objects are not tested. Please consider using SQLAlchemy.
[2023-10-01T19:40:44.487+0200] {logging_mixin.py:151} INFO - ---------DataSaved--------
[2023-10-01T19:40:44.487+0200] {python.py:194} INFO - Done. Returned value was: None
[2023-10-01T19:40:44.490+0200] {taskinstance.py:1398} INFO - Marking task as SUCCESS. dag_id=MYDBDAG, task_id=QueryPostGreSQL, execution_date=20231001T011500, start_date=20231001T174044, end_date=20231001T174044
[2023-10-01T19:40:44.506+0200] {local_task_job_runner.py:228} INFO - Task exited with return code 0
[2023-10-01T19:40:44.514+0200] {taskinstance.py:2776} INFO - 1 downstream tasks scheduled from follow-on schedule check
[2023-10-01T19:44:23.903+0200] {taskinstance.py:1157} INFO - Dependencies all met for dep_context=non-requeueable deps ti=<TaskInstance: MYDBDAG.QueryPostGreSQL scheduled__2023-10-01T01:15:00+00:00 [queued]>
[2023-10-01T19:44:23.906+0200] {taskinstance.py:1157} INFO - Dependencies all met for dep_context=requeueable deps ti=<TaskInstance: MYDBDAG.QueryPostGreSQL scheduled__2023-10-01T01:15:00+00:00 [queued]>
[2023-10-01T19:44:23.907+0200] {taskinstance.py:1359} INFO - Starting attempt 1 of 2
[2023-10-01T19:44:23.914+0200] {taskinstance.py:1380} INFO - Executing <Task(PythonOperator): QueryPostGreSQL> on 2023-10-01 01:15:00+00:00
[2023-10-01T19:44:23.917+0200] {standard_task_runner.py:57} INFO - Started process 79725 to run task
[2023-10-01T19:44:23.918+0200] {standard_task_runner.py:84} INFO - Running: ['airflow', 'tasks', 'run', 'MYDBDAG', 'QueryPostGreSQL', 'scheduled__2023-10-01T01:15:00+00:00', '--job-id', '2109', '--raw', '--subdir', 'DAGS_FOLDER/databaseDAG.py', '--cfg-path', '/tmp/tmpp2938a9e']
[2023-10-01T19:44:23.919+0200] {standard_task_runner.py:85} INFO - Job 2109: Subtask QueryPostGreSQL
[2023-10-01T19:44:23.937+0200] {task_command.py:415} INFO - Running <TaskInstance: MYDBDAG.QueryPostGreSQL scheduled__2023-10-01T01:15:00+00:00 [running]> on host radtrz-B450-AORUS-ELITE
[2023-10-01T19:44:23.974+0200] {taskinstance.py:1660} INFO - Exporting env vars: AIRFLOW_CTX_DAG_OWNER='radtrz' AIRFLOW_CTX_DAG_ID='MYDBDAG' AIRFLOW_CTX_TASK_ID='QueryPostGreSQL' AIRFLOW_CTX_EXECUTION_DATE='2023-10-01T01:15:00+00:00' AIRFLOW_CTX_TRY_NUMBER='1' AIRFLOW_CTX_DAG_RUN_ID='scheduled__2023-10-01T01:15:00+00:00'
[2023-10-01T19:44:23.985+0200] {logging_mixin.py:151} WARNING - /home/radtrz/airflow/dags/databaseDAG.py:23 UserWarning: pandas only supports SQLAlchemy connectable (engine/connection) or database string URI or sqlite3 DBAPI2 connection. Other DBAPI2 objects are not tested. Please consider using SQLAlchemy.
[2023-10-01T19:44:23.990+0200] {logging_mixin.py:151} INFO - ---------DataSaved--------
[2023-10-01T19:44:23.990+0200] {python.py:194} INFO - Done. Returned value was: None
[2023-10-01T19:44:23.993+0200] {taskinstance.py:1398} INFO - Marking task as SUCCESS. dag_id=MYDBDAG, task_id=QueryPostGreSQL, execution_date=20231001T011500, start_date=20231001T174423, end_date=20231001T174423
[2023-10-01T19:44:24.010+0200] {local_task_job_runner.py:228} INFO - Task exited with return code 0
[2023-10-01T19:44:24.017+0200] {taskinstance.py:2776} INFO - 1 downstream tasks scheduled from follow-on schedule check
