[2023-10-01T15:20:04.740+0200] {taskinstance.py:1157} INFO - Dependencies all met for dep_context=non-requeueable deps ti=<TaskInstance: MYFIRSTDAG.convertCSVToJson scheduled__2023-10-01T09:20:00+00:00 [queued]>
[2023-10-01T15:20:04.744+0200] {taskinstance.py:1157} INFO - Dependencies all met for dep_context=requeueable deps ti=<TaskInstance: MYFIRSTDAG.convertCSVToJson scheduled__2023-10-01T09:20:00+00:00 [queued]>
[2023-10-01T15:20:04.744+0200] {taskinstance.py:1359} INFO - Starting attempt 1 of 2
[2023-10-01T15:20:04.751+0200] {taskinstance.py:1380} INFO - Executing <Task(PythonOperator): convertCSVToJson> on 2023-10-01 09:20:00+00:00
[2023-10-01T15:20:04.754+0200] {standard_task_runner.py:57} INFO - Started process 23499 to run task
[2023-10-01T15:20:04.756+0200] {standard_task_runner.py:84} INFO - Running: ['airflow', 'tasks', 'run', 'MYFIRSTDAG', 'convertCSVToJson', 'scheduled__2023-10-01T09:20:00+00:00', '--job-id', '1136', '--raw', '--subdir', 'DAGS_FOLDER/mycsvdagx2.py', '--cfg-path', '/tmp/tmpucddqnvr']
[2023-10-01T15:20:04.757+0200] {standard_task_runner.py:85} INFO - Job 1136: Subtask convertCSVToJson
[2023-10-01T15:20:04.773+0200] {task_command.py:415} INFO - Running <TaskInstance: MYFIRSTDAG.convertCSVToJson scheduled__2023-10-01T09:20:00+00:00 [running]> on host radtrz-B450-AORUS-ELITE
[2023-10-01T15:20:04.810+0200] {taskinstance.py:1660} INFO - Exporting env vars: AIRFLOW_CTX_DAG_OWNER='radtrz' AIRFLOW_CTX_DAG_ID='MYFIRSTDAG' AIRFLOW_CTX_TASK_ID='convertCSVToJson' AIRFLOW_CTX_EXECUTION_DATE='2023-10-01T09:20:00+00:00' AIRFLOW_CTX_TRY_NUMBER='1' AIRFLOW_CTX_DAG_RUN_ID='scheduled__2023-10-01T09:20:00+00:00'
[2023-10-01T15:20:04.814+0200] {logging_mixin.py:151} INFO - Patricia Bauer
[2023-10-01T15:20:04.814+0200] {logging_mixin.py:151} INFO - Barbara Marquez
[2023-10-01T15:20:04.814+0200] {logging_mixin.py:151} INFO - Seth Humphrey
[2023-10-01T15:20:04.814+0200] {logging_mixin.py:151} INFO - David Contreras
[2023-10-01T15:20:04.814+0200] {logging_mixin.py:151} INFO - Jordan Fisher
[2023-10-01T15:20:04.814+0200] {logging_mixin.py:151} INFO - Elizabeth Mullins
[2023-10-01T15:20:04.814+0200] {logging_mixin.py:151} INFO - Robin Gray
[2023-10-01T15:20:04.814+0200] {logging_mixin.py:151} INFO - Latasha Baker
[2023-10-01T15:20:04.815+0200] {logging_mixin.py:151} INFO - Joshua Ferguson
[2023-10-01T15:20:04.815+0200] {logging_mixin.py:151} INFO - Lauren Allen
[2023-10-01T15:20:04.815+0200] {logging_mixin.py:151} INFO - Philip Hickman
[2023-10-01T15:20:04.815+0200] {logging_mixin.py:151} INFO - Brandy Edwards
[2023-10-01T15:20:04.815+0200] {logging_mixin.py:151} INFO - Tony Nichols
[2023-10-01T15:20:04.815+0200] {logging_mixin.py:151} INFO - Michelle Cobb
[2023-10-01T15:20:04.815+0200] {logging_mixin.py:151} INFO - Adam Williams
[2023-10-01T15:20:04.815+0200] {logging_mixin.py:151} INFO - John Phillips
[2023-10-01T15:20:04.815+0200] {logging_mixin.py:151} INFO - Corey Hernandez
[2023-10-01T15:20:04.815+0200] {logging_mixin.py:151} INFO - Michael Roth
[2023-10-01T15:20:04.816+0200] {logging_mixin.py:151} INFO - Aimee Kelly
[2023-10-01T15:20:04.816+0200] {logging_mixin.py:151} INFO - Alejandro Christensen
[2023-10-01T15:20:04.816+0200] {logging_mixin.py:151} INFO - Russell Walters
[2023-10-01T15:20:04.816+0200] {logging_mixin.py:151} INFO - Rebecca Stevens
[2023-10-01T15:20:04.816+0200] {logging_mixin.py:151} INFO - Kristin Pham
[2023-10-01T15:20:04.816+0200] {logging_mixin.py:151} INFO - Wesley Baker
[2023-10-01T15:20:04.816+0200] {logging_mixin.py:151} INFO - Ryan Clark
[2023-10-01T15:20:04.816+0200] {logging_mixin.py:151} INFO - Olivia Garcia
[2023-10-01T15:20:04.816+0200] {logging_mixin.py:151} INFO - Douglas Smith
[2023-10-01T15:20:04.816+0200] {logging_mixin.py:151} INFO - Laura Hill
[2023-10-01T15:20:04.816+0200] {logging_mixin.py:151} INFO - Rodney Thomas
[2023-10-01T15:20:04.817+0200] {logging_mixin.py:151} INFO - James Lopez II
[2023-10-01T15:20:04.817+0200] {logging_mixin.py:151} INFO - Karina Davis
[2023-10-01T15:20:04.817+0200] {logging_mixin.py:151} INFO - Denise Jackson
[2023-10-01T15:20:04.817+0200] {logging_mixin.py:151} INFO - Brittney Scott
[2023-10-01T15:20:04.817+0200] {logging_mixin.py:151} INFO - Heather Smith
[2023-10-01T15:20:04.817+0200] {logging_mixin.py:151} INFO - Lacey Johnson
[2023-10-01T15:20:04.817+0200] {logging_mixin.py:151} INFO - John Graves
[2023-10-01T15:20:04.817+0200] {logging_mixin.py:151} INFO - Olivia Lopez
[2023-10-01T15:20:04.817+0200] {logging_mixin.py:151} INFO - Eric Black
[2023-10-01T15:20:04.817+0200] {logging_mixin.py:151} INFO - Robert Wall
[2023-10-01T15:20:04.818+0200] {logging_mixin.py:151} INFO - Dustin Davis
[2023-10-01T15:20:04.818+0200] {logging_mixin.py:151} INFO - Theodore Gardner
[2023-10-01T15:20:04.818+0200] {logging_mixin.py:151} INFO - Dawn Wells
[2023-10-01T15:20:04.818+0200] {logging_mixin.py:151} INFO - Kelly Jones
[2023-10-01T15:20:04.818+0200] {logging_mixin.py:151} INFO - Robert Mejia
[2023-10-01T15:20:04.818+0200] {logging_mixin.py:151} INFO - Patrick Wade
[2023-10-01T15:20:04.818+0200] {logging_mixin.py:151} INFO - Carol Phillips
[2023-10-01T15:20:04.818+0200] {logging_mixin.py:151} INFO - Daniel Montgomery
[2023-10-01T15:20:04.818+0200] {logging_mixin.py:151} INFO - Donald Boone
[2023-10-01T15:20:04.818+0200] {logging_mixin.py:151} INFO - Nicole Benson
[2023-10-01T15:20:04.818+0200] {logging_mixin.py:151} INFO - Mrs. Erika Jenkins
[2023-10-01T15:20:04.819+0200] {logging_mixin.py:151} INFO - Catherine Russell
[2023-10-01T15:20:04.819+0200] {logging_mixin.py:151} INFO - Barbara West
[2023-10-01T15:20:04.819+0200] {logging_mixin.py:151} INFO - Jack Oliver
[2023-10-01T15:20:04.819+0200] {logging_mixin.py:151} INFO - Michael Burch
[2023-10-01T15:20:04.819+0200] {logging_mixin.py:151} INFO - Allen Cannon
[2023-10-01T15:20:04.819+0200] {logging_mixin.py:151} INFO - Carolyn Anderson
[2023-10-01T15:20:04.819+0200] {logging_mixin.py:151} INFO - Shawn Sexton
[2023-10-01T15:20:04.819+0200] {logging_mixin.py:151} INFO - Austin King
[2023-10-01T15:20:04.819+0200] {logging_mixin.py:151} INFO - William Castro
[2023-10-01T15:20:04.819+0200] {logging_mixin.py:151} INFO - Daniel Hunter
[2023-10-01T15:20:04.820+0200] {logging_mixin.py:151} INFO - Michael Lawrence
[2023-10-01T15:20:04.820+0200] {logging_mixin.py:151} INFO - Amy Edwards
[2023-10-01T15:20:04.820+0200] {logging_mixin.py:151} INFO - Jessica Harris
[2023-10-01T15:20:04.820+0200] {logging_mixin.py:151} INFO - Teresa Callahan
[2023-10-01T15:20:04.820+0200] {logging_mixin.py:151} INFO - James Rosario
[2023-10-01T15:20:04.820+0200] {logging_mixin.py:151} INFO - Ashley Brown
[2023-10-01T15:20:04.820+0200] {logging_mixin.py:151} INFO - Michael Rivera
[2023-10-01T15:20:04.820+0200] {logging_mixin.py:151} INFO - Holly Stout
[2023-10-01T15:20:04.820+0200] {logging_mixin.py:151} INFO - Andrew Galloway
[2023-10-01T15:20:04.820+0200] {logging_mixin.py:151} INFO - Brenda Garcia
[2023-10-01T15:20:04.820+0200] {logging_mixin.py:151} INFO - Cody Stanley
[2023-10-01T15:20:04.821+0200] {logging_mixin.py:151} INFO - Maria Ortiz
[2023-10-01T15:20:04.821+0200] {logging_mixin.py:151} INFO - Sierra Medina
[2023-10-01T15:20:04.821+0200] {logging_mixin.py:151} INFO - Thomas Stevens
[2023-10-01T15:20:04.821+0200] {logging_mixin.py:151} INFO - Patricia Anderson
[2023-10-01T15:20:04.821+0200] {logging_mixin.py:151} INFO - Tracie Thomas
[2023-10-01T15:20:04.821+0200] {logging_mixin.py:151} INFO - James Edwards
[2023-10-01T15:20:04.821+0200] {logging_mixin.py:151} INFO - Anthony Vasquez
[2023-10-01T15:20:04.821+0200] {logging_mixin.py:151} INFO - Keith Murray
[2023-10-01T15:20:04.821+0200] {logging_mixin.py:151} INFO - William Reyes
[2023-10-01T15:20:04.821+0200] {logging_mixin.py:151} INFO - Amanda Fuller
[2023-10-01T15:20:04.821+0200] {logging_mixin.py:151} INFO - Dana Lewis
[2023-10-01T15:20:04.822+0200] {logging_mixin.py:151} INFO - Jason Martin
[2023-10-01T15:20:04.822+0200] {logging_mixin.py:151} INFO - Phillip Higgins
[2023-10-01T15:20:04.822+0200] {logging_mixin.py:151} INFO - Melissa Larsen
[2023-10-01T15:20:04.822+0200] {logging_mixin.py:151} INFO - Joshua Wang
[2023-10-01T15:20:04.822+0200] {logging_mixin.py:151} INFO - Barry Diaz
[2023-10-01T15:20:04.822+0200] {logging_mixin.py:151} INFO - Dr. Kevin Mejia
[2023-10-01T15:20:04.822+0200] {logging_mixin.py:151} INFO - Todd Bean
[2023-10-01T15:20:04.822+0200] {logging_mixin.py:151} INFO - Melvin Mitchell
[2023-10-01T15:20:04.822+0200] {logging_mixin.py:151} INFO - Laura Greene
[2023-10-01T15:20:04.822+0200] {logging_mixin.py:151} INFO - Ann Taylor
[2023-10-01T15:20:04.822+0200] {logging_mixin.py:151} INFO - Andrew Ramirez
[2023-10-01T15:20:04.823+0200] {logging_mixin.py:151} INFO - David Hunter
[2023-10-01T15:20:04.823+0200] {logging_mixin.py:151} INFO - Sherry Chang
[2023-10-01T15:20:04.823+0200] {logging_mixin.py:151} INFO - Kelly Parks
[2023-10-01T15:20:04.823+0200] {logging_mixin.py:151} INFO - Kylie Flores
[2023-10-01T15:20:04.823+0200] {logging_mixin.py:151} INFO - Charles Conner
[2023-10-01T15:20:04.823+0200] {logging_mixin.py:151} INFO - Lisa Wright
[2023-10-01T15:20:04.823+0200] {logging_mixin.py:151} INFO - Greg Ramirez
[2023-10-01T15:20:04.823+0200] {logging_mixin.py:151} INFO - Sheri Harvey
[2023-10-01T15:20:04.823+0200] {logging_mixin.py:151} INFO - Luis Grant
[2023-10-01T15:20:04.823+0200] {logging_mixin.py:151} INFO - Vincent Blair
[2023-10-01T15:20:04.824+0200] {logging_mixin.py:151} INFO - Kimberly Lamb
[2023-10-01T15:20:04.824+0200] {logging_mixin.py:151} INFO - Philip Beasley
[2023-10-01T15:20:04.824+0200] {logging_mixin.py:151} INFO - Seth Tyler
[2023-10-01T15:20:04.824+0200] {logging_mixin.py:151} INFO - Megan Kim
[2023-10-01T15:20:04.824+0200] {logging_mixin.py:151} INFO - Austin Ruiz
[2023-10-01T15:20:04.824+0200] {logging_mixin.py:151} INFO - Charlotte Powell
[2023-10-01T15:20:04.824+0200] {logging_mixin.py:151} INFO - Deanna Summers
[2023-10-01T15:20:04.824+0200] {logging_mixin.py:151} INFO - William Vasquez
[2023-10-01T15:20:04.824+0200] {logging_mixin.py:151} INFO - Steven Gutierrez
[2023-10-01T15:20:04.824+0200] {logging_mixin.py:151} INFO - David Smith
[2023-10-01T15:20:04.824+0200] {logging_mixin.py:151} INFO - Robin Nelson
[2023-10-01T15:20:04.825+0200] {logging_mixin.py:151} INFO - Evelyn Bailey
[2023-10-01T15:20:04.825+0200] {logging_mixin.py:151} INFO - Carlos Lopez
[2023-10-01T15:20:04.825+0200] {logging_mixin.py:151} INFO - Carla Mathis
[2023-10-01T15:20:04.825+0200] {logging_mixin.py:151} INFO - Jacob Cruz
[2023-10-01T15:20:04.825+0200] {logging_mixin.py:151} INFO - Brandy Sanchez MD
[2023-10-01T15:20:04.825+0200] {logging_mixin.py:151} INFO - Robin White
[2023-10-01T15:20:04.825+0200] {logging_mixin.py:151} INFO - Michael Ballard
[2023-10-01T15:20:04.825+0200] {logging_mixin.py:151} INFO - Ian Thomas
[2023-10-01T15:20:04.825+0200] {logging_mixin.py:151} INFO - Elijah Lucas
[2023-10-01T15:20:04.825+0200] {logging_mixin.py:151} INFO - Katelyn Jacobs
[2023-10-01T15:20:04.825+0200] {logging_mixin.py:151} INFO - Hayley Martin
[2023-10-01T15:20:04.826+0200] {logging_mixin.py:151} INFO - Andrew Martinez
[2023-10-01T15:20:04.826+0200] {logging_mixin.py:151} INFO - Justin Smith
[2023-10-01T15:20:04.826+0200] {logging_mixin.py:151} INFO - Michael James
[2023-10-01T15:20:04.826+0200] {logging_mixin.py:151} INFO - Albert Flores
[2023-10-01T15:20:04.826+0200] {logging_mixin.py:151} INFO - Michael Thomas
[2023-10-01T15:20:04.826+0200] {logging_mixin.py:151} INFO - Laura Singh
[2023-10-01T15:20:04.826+0200] {logging_mixin.py:151} INFO - Scott Price
[2023-10-01T15:20:04.826+0200] {logging_mixin.py:151} INFO - Steven Taylor
[2023-10-01T15:20:04.826+0200] {logging_mixin.py:151} INFO - Mr. Mike Braun Jr.
[2023-10-01T15:20:04.826+0200] {logging_mixin.py:151} INFO - Zachary Chen
[2023-10-01T15:20:04.827+0200] {logging_mixin.py:151} INFO - Cameron Walters
[2023-10-01T15:20:04.827+0200] {logging_mixin.py:151} INFO - Danielle Phillips
[2023-10-01T15:20:04.827+0200] {logging_mixin.py:151} INFO - William Phillips
[2023-10-01T15:20:04.827+0200] {logging_mixin.py:151} INFO - Jessica Atkins
[2023-10-01T15:20:04.827+0200] {logging_mixin.py:151} INFO - Deborah Hensley
[2023-10-01T15:20:04.827+0200] {logging_mixin.py:151} INFO - Martin Hurst
[2023-10-01T15:20:04.827+0200] {logging_mixin.py:151} INFO - Joshua Johnson
[2023-10-01T15:20:04.827+0200] {logging_mixin.py:151} INFO - Michael Romero
[2023-10-01T15:20:04.827+0200] {logging_mixin.py:151} INFO - Calvin Anderson
[2023-10-01T15:20:04.827+0200] {logging_mixin.py:151} INFO - Jessica Pearson
[2023-10-01T15:20:04.827+0200] {logging_mixin.py:151} INFO - Victor Roman
[2023-10-01T15:20:04.828+0200] {logging_mixin.py:151} INFO - Matthew Reid
[2023-10-01T15:20:04.828+0200] {logging_mixin.py:151} INFO - Daniel Bowman
[2023-10-01T15:20:04.828+0200] {logging_mixin.py:151} INFO - April Fuller
[2023-10-01T15:20:04.828+0200] {logging_mixin.py:151} INFO - Mallory Thompson
[2023-10-01T15:20:04.828+0200] {logging_mixin.py:151} INFO - Sheila Suarez PhD
[2023-10-01T15:20:04.828+0200] {logging_mixin.py:151} INFO - Elizabeth Morgan
[2023-10-01T15:20:04.828+0200] {logging_mixin.py:151} INFO - Austin Becker
[2023-10-01T15:20:04.828+0200] {logging_mixin.py:151} INFO - Megan Poole
[2023-10-01T15:20:04.828+0200] {logging_mixin.py:151} INFO - Devin Mccarthy
[2023-10-01T15:20:04.828+0200] {logging_mixin.py:151} INFO - Gina Williams
[2023-10-01T15:20:04.828+0200] {logging_mixin.py:151} INFO - Amanda Howard
[2023-10-01T15:20:04.829+0200] {logging_mixin.py:151} INFO - Kyle Payne
[2023-10-01T15:20:04.829+0200] {logging_mixin.py:151} INFO - Jeffrey Nunez
[2023-10-01T15:20:04.829+0200] {logging_mixin.py:151} INFO - Daniel Williams
[2023-10-01T15:20:04.829+0200] {logging_mixin.py:151} INFO - Cheryl Scott
[2023-10-01T15:20:04.829+0200] {logging_mixin.py:151} INFO - Joyce Mckenzie
[2023-10-01T15:20:04.829+0200] {logging_mixin.py:151} INFO - Michelle Curry
[2023-10-01T15:20:04.829+0200] {logging_mixin.py:151} INFO - Melissa Hale
[2023-10-01T15:20:04.829+0200] {logging_mixin.py:151} INFO - Heather Richards
[2023-10-01T15:20:04.829+0200] {logging_mixin.py:151} INFO - Joseph Mills
[2023-10-01T15:20:04.829+0200] {logging_mixin.py:151} INFO - Denise Bullock
[2023-10-01T15:20:04.830+0200] {logging_mixin.py:151} INFO - Sandra Flynn
[2023-10-01T15:20:04.830+0200] {logging_mixin.py:151} INFO - Margaret Mitchell
[2023-10-01T15:20:04.830+0200] {logging_mixin.py:151} INFO - Melinda Hall
[2023-10-01T15:20:04.830+0200] {logging_mixin.py:151} INFO - Grace Hancock
[2023-10-01T15:20:04.830+0200] {logging_mixin.py:151} INFO - Tara Walker
[2023-10-01T15:20:04.830+0200] {logging_mixin.py:151} INFO - Kathryn Pacheco
[2023-10-01T15:20:04.830+0200] {logging_mixin.py:151} INFO - Adrian Manning
[2023-10-01T15:20:04.830+0200] {logging_mixin.py:151} INFO - Michael Smith
[2023-10-01T15:20:04.830+0200] {logging_mixin.py:151} INFO - James Lambert DVM
[2023-10-01T15:20:04.830+0200] {logging_mixin.py:151} INFO - Brian Nguyen
[2023-10-01T15:20:04.830+0200] {logging_mixin.py:151} INFO - Martha Tran
[2023-10-01T15:20:04.831+0200] {logging_mixin.py:151} INFO - Francisco Moody
[2023-10-01T15:20:04.831+0200] {logging_mixin.py:151} INFO - Jessica Wise
[2023-10-01T15:20:04.831+0200] {logging_mixin.py:151} INFO - John Lewis
[2023-10-01T15:20:04.831+0200] {logging_mixin.py:151} INFO - Jennifer Parks
[2023-10-01T15:20:04.831+0200] {logging_mixin.py:151} INFO - Sharon Perez
[2023-10-01T15:20:04.831+0200] {logging_mixin.py:151} INFO - Nicholas Schultz
[2023-10-01T15:20:04.831+0200] {logging_mixin.py:151} INFO - Theresa Brown
[2023-10-01T15:20:04.831+0200] {logging_mixin.py:151} INFO - Nancy Reynolds
[2023-10-01T15:20:04.831+0200] {logging_mixin.py:151} INFO - Sean Smith
[2023-10-01T15:20:04.831+0200] {logging_mixin.py:151} INFO - Rebecca Harrison
[2023-10-01T15:20:04.831+0200] {logging_mixin.py:151} INFO - Stephanie Freeman
[2023-10-01T15:20:04.832+0200] {logging_mixin.py:151} INFO - Philip Meyer
[2023-10-01T15:20:04.832+0200] {logging_mixin.py:151} INFO - Amanda Obrien
[2023-10-01T15:20:04.832+0200] {logging_mixin.py:151} INFO - William Waller
[2023-10-01T15:20:04.832+0200] {logging_mixin.py:151} INFO - Vanessa Smith
[2023-10-01T15:20:04.832+0200] {logging_mixin.py:151} INFO - David Warren
[2023-10-01T15:20:04.832+0200] {logging_mixin.py:151} INFO - Ryan Baker
[2023-10-01T15:20:04.832+0200] {logging_mixin.py:151} INFO - Savannah Smith
[2023-10-01T15:20:04.832+0200] {logging_mixin.py:151} INFO - Gregory Richardson
[2023-10-01T15:20:04.832+0200] {logging_mixin.py:151} INFO - John Graves
[2023-10-01T15:20:04.832+0200] {logging_mixin.py:151} INFO - Nicholas Gomez
[2023-10-01T15:20:04.832+0200] {logging_mixin.py:151} INFO - Dustin Warner
[2023-10-01T15:20:04.833+0200] {logging_mixin.py:151} INFO - Jonathan Brooks
[2023-10-01T15:20:04.833+0200] {logging_mixin.py:151} INFO - Mary Stewart
[2023-10-01T15:20:04.833+0200] {logging_mixin.py:151} INFO - Jeffrey Benitez
[2023-10-01T15:20:04.833+0200] {logging_mixin.py:151} INFO - Allison Lee
[2023-10-01T15:20:04.833+0200] {logging_mixin.py:151} INFO - Austin Miller
[2023-10-01T15:20:04.833+0200] {logging_mixin.py:151} INFO - Frank Howard
[2023-10-01T15:20:04.833+0200] {logging_mixin.py:151} INFO - Mrs. Robin Dunn
[2023-10-01T15:20:04.833+0200] {logging_mixin.py:151} INFO - Trevor Carter
[2023-10-01T15:20:04.833+0200] {logging_mixin.py:151} INFO - Sheila Hull
[2023-10-01T15:20:04.833+0200] {logging_mixin.py:151} INFO - Julia Sheppard
[2023-10-01T15:20:04.834+0200] {logging_mixin.py:151} INFO - Charles Trujillo
[2023-10-01T15:20:04.834+0200] {logging_mixin.py:151} INFO - Cody Salas
[2023-10-01T15:20:04.834+0200] {logging_mixin.py:151} INFO - James Barrett
[2023-10-01T15:20:04.834+0200] {logging_mixin.py:151} INFO - Daniel Horton
[2023-10-01T15:20:04.834+0200] {logging_mixin.py:151} INFO - Lisa Robinson
[2023-10-01T15:20:04.834+0200] {logging_mixin.py:151} INFO - Sarah Davenport
[2023-10-01T15:20:04.834+0200] {logging_mixin.py:151} INFO - Carmen Young
[2023-10-01T15:20:04.834+0200] {logging_mixin.py:151} INFO - Amanda Greene
[2023-10-01T15:20:04.834+0200] {logging_mixin.py:151} INFO - Carla Nielsen
[2023-10-01T15:20:04.834+0200] {logging_mixin.py:151} INFO - David Stafford DVM
[2023-10-01T15:20:04.834+0200] {logging_mixin.py:151} INFO - Tammy Stephens
[2023-10-01T15:20:04.835+0200] {logging_mixin.py:151} INFO - Aaron James
[2023-10-01T15:20:04.835+0200] {logging_mixin.py:151} INFO - James Chang
[2023-10-01T15:20:04.835+0200] {logging_mixin.py:151} INFO - Richard Shaffer
[2023-10-01T15:20:04.835+0200] {logging_mixin.py:151} INFO - Austin Duke
[2023-10-01T15:20:04.835+0200] {logging_mixin.py:151} INFO - Paige Moody
[2023-10-01T15:20:04.835+0200] {logging_mixin.py:151} INFO - Elizabeth Howell
[2023-10-01T15:20:04.835+0200] {logging_mixin.py:151} INFO - Carrie Black
[2023-10-01T15:20:04.835+0200] {logging_mixin.py:151} INFO - Charles Meyer
[2023-10-01T15:20:04.835+0200] {logging_mixin.py:151} INFO - Kara Garcia
[2023-10-01T15:20:04.835+0200] {logging_mixin.py:151} INFO - Christopher Greer
[2023-10-01T15:20:04.835+0200] {logging_mixin.py:151} INFO - Daniel Johnson
[2023-10-01T15:20:04.836+0200] {logging_mixin.py:151} INFO - Meghan Aguirre
[2023-10-01T15:20:04.836+0200] {logging_mixin.py:151} INFO - Natalie Brown
[2023-10-01T15:20:04.836+0200] {logging_mixin.py:151} INFO - David Daniels
[2023-10-01T15:20:04.836+0200] {logging_mixin.py:151} INFO - Holly Lawson
[2023-10-01T15:20:04.836+0200] {logging_mixin.py:151} INFO - Yolanda Scott
[2023-10-01T15:20:04.836+0200] {logging_mixin.py:151} INFO - Samantha Riddle
[2023-10-01T15:20:04.836+0200] {logging_mixin.py:151} INFO - Ariana Oliver
[2023-10-01T15:20:04.836+0200] {logging_mixin.py:151} INFO - Elizabeth Wheeler
[2023-10-01T15:20:04.836+0200] {logging_mixin.py:151} INFO - Rebecca Harris
[2023-10-01T15:20:04.836+0200] {logging_mixin.py:151} INFO - Timothy Villanueva
[2023-10-01T15:20:04.837+0200] {logging_mixin.py:151} INFO - Patrick Wright
[2023-10-01T15:20:04.837+0200] {logging_mixin.py:151} INFO - Christina Gonzales
[2023-10-01T15:20:04.837+0200] {logging_mixin.py:151} INFO - Maureen Brown
[2023-10-01T15:20:04.837+0200] {logging_mixin.py:151} INFO - Lisa Johnson
[2023-10-01T15:20:04.837+0200] {logging_mixin.py:151} INFO - Wayne Smith
[2023-10-01T15:20:04.837+0200] {logging_mixin.py:151} INFO - Crystal Dyer
[2023-10-01T15:20:04.837+0200] {logging_mixin.py:151} INFO - Brent Flores
[2023-10-01T15:20:04.837+0200] {logging_mixin.py:151} INFO - Michelle Green
[2023-10-01T15:20:04.837+0200] {logging_mixin.py:151} INFO - Blake Morris
[2023-10-01T15:20:04.837+0200] {logging_mixin.py:151} INFO - Madeline Yoder
[2023-10-01T15:20:04.838+0200] {logging_mixin.py:151} INFO - Andre Gray
[2023-10-01T15:20:04.838+0200] {logging_mixin.py:151} INFO - Richard Short
[2023-10-01T15:20:04.838+0200] {logging_mixin.py:151} INFO - Thomas Matthews
[2023-10-01T15:20:04.838+0200] {logging_mixin.py:151} INFO - William Miller
[2023-10-01T15:20:04.838+0200] {logging_mixin.py:151} INFO - James Brown
[2023-10-01T15:20:04.838+0200] {logging_mixin.py:151} INFO - Dr. Megan Patel
[2023-10-01T15:20:04.838+0200] {logging_mixin.py:151} INFO - Connie Carson
[2023-10-01T15:20:04.838+0200] {logging_mixin.py:151} INFO - Benjamin Young
[2023-10-01T15:20:04.838+0200] {logging_mixin.py:151} INFO - Shawn Mack
[2023-10-01T15:20:04.838+0200] {logging_mixin.py:151} INFO - Chase Valdez
[2023-10-01T15:20:04.838+0200] {logging_mixin.py:151} INFO - Timothy Castillo
[2023-10-01T15:20:04.839+0200] {logging_mixin.py:151} INFO - Kimberly Bell
[2023-10-01T15:20:04.839+0200] {logging_mixin.py:151} INFO - Brandon Gibson
[2023-10-01T15:20:04.839+0200] {logging_mixin.py:151} INFO - Karen Sullivan
[2023-10-01T15:20:04.839+0200] {logging_mixin.py:151} INFO - Chelsea Clark
[2023-10-01T15:20:04.839+0200] {logging_mixin.py:151} INFO - Dr. Chelsea Ward
[2023-10-01T15:20:04.839+0200] {logging_mixin.py:151} INFO - Regina Rivera
[2023-10-01T15:20:04.839+0200] {logging_mixin.py:151} INFO - Joseph Rice
[2023-10-01T15:20:04.839+0200] {logging_mixin.py:151} INFO - Julie Pollard
[2023-10-01T15:20:04.839+0200] {logging_mixin.py:151} INFO - Randall Clay
[2023-10-01T15:20:04.839+0200] {logging_mixin.py:151} INFO - Margaret Ortiz
[2023-10-01T15:20:04.839+0200] {logging_mixin.py:151} INFO - Travis Gregory
[2023-10-01T15:20:04.840+0200] {logging_mixin.py:151} INFO - Tommy Dixon
[2023-10-01T15:20:04.840+0200] {logging_mixin.py:151} INFO - Emily Gonzalez
[2023-10-01T15:20:04.840+0200] {logging_mixin.py:151} INFO - Lucas Graham
[2023-10-01T15:20:04.840+0200] {logging_mixin.py:151} INFO - Jenna Wright
[2023-10-01T15:20:04.840+0200] {logging_mixin.py:151} INFO - Nicole Smith
[2023-10-01T15:20:04.840+0200] {logging_mixin.py:151} INFO - Kathleen Willis
[2023-10-01T15:20:04.840+0200] {logging_mixin.py:151} INFO - Jeffrey Perez
[2023-10-01T15:20:04.840+0200] {logging_mixin.py:151} INFO - Chris Blair
[2023-10-01T15:20:04.840+0200] {logging_mixin.py:151} INFO - Thomas Williams
[2023-10-01T15:20:04.840+0200] {logging_mixin.py:151} INFO - Diane Burton
[2023-10-01T15:20:04.840+0200] {logging_mixin.py:151} INFO - Justin Lawson
[2023-10-01T15:20:04.841+0200] {logging_mixin.py:151} INFO - Amber Francis
[2023-10-01T15:20:04.841+0200] {logging_mixin.py:151} INFO - Joseph Harris
[2023-10-01T15:20:04.841+0200] {logging_mixin.py:151} INFO - Sean Mack
[2023-10-01T15:20:04.841+0200] {logging_mixin.py:151} INFO - Vincent Wu
[2023-10-01T15:20:04.841+0200] {logging_mixin.py:151} INFO - Douglas Olson
[2023-10-01T15:20:04.841+0200] {logging_mixin.py:151} INFO - Whitney Price
[2023-10-01T15:20:04.841+0200] {logging_mixin.py:151} INFO - Kimberly Miller
[2023-10-01T15:20:04.841+0200] {logging_mixin.py:151} INFO - Matthew Esparza
[2023-10-01T15:20:04.841+0200] {logging_mixin.py:151} INFO - Rebecca Nunez
[2023-10-01T15:20:04.841+0200] {logging_mixin.py:151} INFO - Kayla Thompson
[2023-10-01T15:20:04.842+0200] {logging_mixin.py:151} INFO - Michael Mason
[2023-10-01T15:20:04.842+0200] {logging_mixin.py:151} INFO - Matthew Morrison
[2023-10-01T15:20:04.842+0200] {logging_mixin.py:151} INFO - Kathy Ward
[2023-10-01T15:20:04.842+0200] {logging_mixin.py:151} INFO - John Bray
[2023-10-01T15:20:04.842+0200] {logging_mixin.py:151} INFO - Calvin Ramirez
[2023-10-01T15:20:04.842+0200] {logging_mixin.py:151} INFO - Kevin Butler
[2023-10-01T15:20:04.842+0200] {logging_mixin.py:151} INFO - Timothy Green
[2023-10-01T15:20:04.842+0200] {logging_mixin.py:151} INFO - Matthew White
[2023-10-01T15:20:04.842+0200] {logging_mixin.py:151} INFO - Jessica Rangel
[2023-10-01T15:20:04.842+0200] {logging_mixin.py:151} INFO - April Gray
[2023-10-01T15:20:04.842+0200] {logging_mixin.py:151} INFO - Courtney Jones
[2023-10-01T15:20:04.843+0200] {logging_mixin.py:151} INFO - Alexander Lee
[2023-10-01T15:20:04.843+0200] {logging_mixin.py:151} INFO - Geoffrey Lopez
[2023-10-01T15:20:04.843+0200] {logging_mixin.py:151} INFO - Robert Mcfarland
[2023-10-01T15:20:04.843+0200] {logging_mixin.py:151} INFO - Jose Mcclain MD
[2023-10-01T15:20:04.843+0200] {logging_mixin.py:151} INFO - Victoria Gaines
[2023-10-01T15:20:04.843+0200] {logging_mixin.py:151} INFO - Cheryl Warren
[2023-10-01T15:20:04.843+0200] {logging_mixin.py:151} INFO - Jill Kennedy
[2023-10-01T15:20:04.843+0200] {logging_mixin.py:151} INFO - Edward Glover
[2023-10-01T15:20:04.843+0200] {logging_mixin.py:151} INFO - Joy Weaver
[2023-10-01T15:20:04.843+0200] {logging_mixin.py:151} INFO - Sharon Leach
[2023-10-01T15:20:04.843+0200] {logging_mixin.py:151} INFO - Tracy Mendoza
[2023-10-01T15:20:04.844+0200] {logging_mixin.py:151} INFO - Dwayne West
[2023-10-01T15:20:04.844+0200] {logging_mixin.py:151} INFO - Michelle Bennett
[2023-10-01T15:20:04.844+0200] {logging_mixin.py:151} INFO - Brent Mejia
[2023-10-01T15:20:04.844+0200] {logging_mixin.py:151} INFO - Wesley Morgan
[2023-10-01T15:20:04.844+0200] {logging_mixin.py:151} INFO - Christopher West
[2023-10-01T15:20:04.844+0200] {logging_mixin.py:151} INFO - Joe Wolf
[2023-10-01T15:20:04.844+0200] {logging_mixin.py:151} INFO - Michelle Edwards
[2023-10-01T15:20:04.844+0200] {logging_mixin.py:151} INFO - Bethany Mendoza
[2023-10-01T15:20:04.844+0200] {logging_mixin.py:151} INFO - Jason Moore
[2023-10-01T15:20:04.844+0200] {logging_mixin.py:151} INFO - Ronald Winters
[2023-10-01T15:20:04.845+0200] {logging_mixin.py:151} INFO - Whitney Werner
[2023-10-01T15:20:04.845+0200] {logging_mixin.py:151} INFO - Christine Hughes
[2023-10-01T15:20:04.845+0200] {logging_mixin.py:151} INFO - Brenda Hall
[2023-10-01T15:20:04.845+0200] {logging_mixin.py:151} INFO - Michael Pearson
[2023-10-01T15:20:04.845+0200] {logging_mixin.py:151} INFO - Katherine Tran
[2023-10-01T15:20:04.845+0200] {logging_mixin.py:151} INFO - Megan Fry
[2023-10-01T15:20:04.845+0200] {logging_mixin.py:151} INFO - Michael Lee
[2023-10-01T15:20:04.845+0200] {logging_mixin.py:151} INFO - Dylan Espinoza
[2023-10-01T15:20:04.845+0200] {logging_mixin.py:151} INFO - Karen Davis
[2023-10-01T15:20:04.845+0200] {logging_mixin.py:151} INFO - Catherine Herrera
[2023-10-01T15:20:04.845+0200] {logging_mixin.py:151} INFO - Ryan Cunningham
[2023-10-01T15:20:04.846+0200] {logging_mixin.py:151} INFO - Wyatt Robinson
[2023-10-01T15:20:04.846+0200] {logging_mixin.py:151} INFO - Steve Clay
[2023-10-01T15:20:04.846+0200] {logging_mixin.py:151} INFO - Barbara Ramsey
[2023-10-01T15:20:04.846+0200] {logging_mixin.py:151} INFO - Jacob Fleming
[2023-10-01T15:20:04.846+0200] {logging_mixin.py:151} INFO - Ryan Tate
[2023-10-01T15:20:04.846+0200] {logging_mixin.py:151} INFO - Michael Jordan
[2023-10-01T15:20:04.846+0200] {logging_mixin.py:151} INFO - Brianna Sellers
[2023-10-01T15:20:04.846+0200] {logging_mixin.py:151} INFO - Jennifer Daniels
[2023-10-01T15:20:04.846+0200] {logging_mixin.py:151} INFO - Maureen Dickson
[2023-10-01T15:20:04.846+0200] {logging_mixin.py:151} INFO - Kelly Wolfe
[2023-10-01T15:20:04.846+0200] {logging_mixin.py:151} INFO - Christopher Alexander
[2023-10-01T15:20:04.847+0200] {logging_mixin.py:151} INFO - Jon Mora
[2023-10-01T15:20:04.847+0200] {logging_mixin.py:151} INFO - Rachel Abbott
[2023-10-01T15:20:04.847+0200] {logging_mixin.py:151} INFO - Chad Newton
[2023-10-01T15:20:04.847+0200] {logging_mixin.py:151} INFO - Michelle Richardson
[2023-10-01T15:20:04.847+0200] {logging_mixin.py:151} INFO - Brian Clark
[2023-10-01T15:20:04.847+0200] {logging_mixin.py:151} INFO - Johnny Meyer
[2023-10-01T15:20:04.847+0200] {logging_mixin.py:151} INFO - Christina Atkinson
[2023-10-01T15:20:04.847+0200] {logging_mixin.py:151} INFO - Kayla Martin
[2023-10-01T15:20:04.847+0200] {logging_mixin.py:151} INFO - Nicole Lopez
[2023-10-01T15:20:04.847+0200] {logging_mixin.py:151} INFO - Kenneth Davis
[2023-10-01T15:20:04.848+0200] {logging_mixin.py:151} INFO - Kayla Townsend
[2023-10-01T15:20:04.848+0200] {logging_mixin.py:151} INFO - Joshua Steele
[2023-10-01T15:20:04.848+0200] {logging_mixin.py:151} INFO - Dean Jenkins
[2023-10-01T15:20:04.848+0200] {logging_mixin.py:151} INFO - Kimberly Preston
[2023-10-01T15:20:04.848+0200] {logging_mixin.py:151} INFO - Richard Ross
[2023-10-01T15:20:04.848+0200] {logging_mixin.py:151} INFO - Mr. James Jones
[2023-10-01T15:20:04.848+0200] {logging_mixin.py:151} INFO - Stephanie Hernandez
[2023-10-01T15:20:04.848+0200] {logging_mixin.py:151} INFO - Jacqueline Williams
[2023-10-01T15:20:04.848+0200] {logging_mixin.py:151} INFO - Vanessa Hansen
[2023-10-01T15:20:04.848+0200] {logging_mixin.py:151} INFO - Sierra Shields
[2023-10-01T15:20:04.848+0200] {logging_mixin.py:151} INFO - Scott Gardner
[2023-10-01T15:20:04.849+0200] {logging_mixin.py:151} INFO - Amber Ferguson
[2023-10-01T15:20:04.849+0200] {logging_mixin.py:151} INFO - Jennifer Hayden
[2023-10-01T15:20:04.849+0200] {logging_mixin.py:151} INFO - Terrance Soto
[2023-10-01T15:20:04.849+0200] {logging_mixin.py:151} INFO - Mr. Keith Rowland MD
[2023-10-01T15:20:04.849+0200] {logging_mixin.py:151} INFO - Joseph Waters
[2023-10-01T15:20:04.849+0200] {logging_mixin.py:151} INFO - Dustin Carlson
[2023-10-01T15:20:04.849+0200] {logging_mixin.py:151} INFO - Marie Turner
[2023-10-01T15:20:04.849+0200] {logging_mixin.py:151} INFO - Daniel Bond
[2023-10-01T15:20:04.849+0200] {logging_mixin.py:151} INFO - Tiffany Livingston
[2023-10-01T15:20:04.849+0200] {logging_mixin.py:151} INFO - Rebecca Johnson
[2023-10-01T15:20:04.849+0200] {logging_mixin.py:151} INFO - Christopher Simon
[2023-10-01T15:20:04.850+0200] {logging_mixin.py:151} INFO - Jean Cruz
[2023-10-01T15:20:04.850+0200] {logging_mixin.py:151} INFO - Derek Garner
[2023-10-01T15:20:04.850+0200] {logging_mixin.py:151} INFO - Jon Brock
[2023-10-01T15:20:04.850+0200] {logging_mixin.py:151} INFO - Andrew Watts
[2023-10-01T15:20:04.850+0200] {logging_mixin.py:151} INFO - Edward Boyle
[2023-10-01T15:20:04.850+0200] {logging_mixin.py:151} INFO - Andrew Franco
[2023-10-01T15:20:04.850+0200] {logging_mixin.py:151} INFO - Christine Davis
[2023-10-01T15:20:04.850+0200] {logging_mixin.py:151} INFO - Patricia Morris
[2023-10-01T15:20:04.850+0200] {logging_mixin.py:151} INFO - Sarah Hernandez
[2023-10-01T15:20:04.850+0200] {logging_mixin.py:151} INFO - Matthew Wilson
[2023-10-01T15:20:04.851+0200] {logging_mixin.py:151} INFO - William Salinas
[2023-10-01T15:20:04.851+0200] {logging_mixin.py:151} INFO - Connie Dennis
[2023-10-01T15:20:04.851+0200] {logging_mixin.py:151} INFO - Aaron Miller
[2023-10-01T15:20:04.851+0200] {logging_mixin.py:151} INFO - Destiny Oconnor
[2023-10-01T15:20:04.851+0200] {logging_mixin.py:151} INFO - Michael Knight II
[2023-10-01T15:20:04.851+0200] {logging_mixin.py:151} INFO - Jeffrey Marsh
[2023-10-01T15:20:04.851+0200] {logging_mixin.py:151} INFO - Shannon Jenkins
[2023-10-01T15:20:04.851+0200] {logging_mixin.py:151} INFO - Eric Cox
[2023-10-01T15:20:04.851+0200] {logging_mixin.py:151} INFO - Chelsea Leon
[2023-10-01T15:20:04.851+0200] {logging_mixin.py:151} INFO - Hector Cummings
[2023-10-01T15:20:04.851+0200] {logging_mixin.py:151} INFO - Douglas Mcgee
[2023-10-01T15:20:04.852+0200] {logging_mixin.py:151} INFO - Rebecca Hill
[2023-10-01T15:20:04.852+0200] {logging_mixin.py:151} INFO - Jeffrey Lane
[2023-10-01T15:20:04.852+0200] {logging_mixin.py:151} INFO - Alyssa Davis
[2023-10-01T15:20:04.852+0200] {logging_mixin.py:151} INFO - Sean Mejia
[2023-10-01T15:20:04.852+0200] {logging_mixin.py:151} INFO - Travis Fuentes
[2023-10-01T15:20:04.852+0200] {logging_mixin.py:151} INFO - Teresa Benson
[2023-10-01T15:20:04.852+0200] {logging_mixin.py:151} INFO - Kevin Hernandez
[2023-10-01T15:20:04.852+0200] {logging_mixin.py:151} INFO - Tiffany Murray
[2023-10-01T15:20:04.852+0200] {logging_mixin.py:151} INFO - Scott Rivera
[2023-10-01T15:20:04.852+0200] {logging_mixin.py:151} INFO - James Patterson
[2023-10-01T15:20:04.853+0200] {logging_mixin.py:151} INFO - Barry Hunt
[2023-10-01T15:20:04.853+0200] {logging_mixin.py:151} INFO - Philip Beard
[2023-10-01T15:20:04.853+0200] {logging_mixin.py:151} INFO - Brandi Evans
[2023-10-01T15:20:04.853+0200] {logging_mixin.py:151} INFO - Lauren Spencer
[2023-10-01T15:20:04.853+0200] {logging_mixin.py:151} INFO - Alexa Roberts
[2023-10-01T15:20:04.853+0200] {logging_mixin.py:151} INFO - Lauren Roberts
[2023-10-01T15:20:04.853+0200] {logging_mixin.py:151} INFO - Brooke Anderson
[2023-10-01T15:20:04.853+0200] {logging_mixin.py:151} INFO - Frederick Hughes
[2023-10-01T15:20:04.853+0200] {logging_mixin.py:151} INFO - Angela Thomas
[2023-10-01T15:20:04.853+0200] {logging_mixin.py:151} INFO - Lori Cox
[2023-10-01T15:20:04.853+0200] {logging_mixin.py:151} INFO - Veronica Ramirez
[2023-10-01T15:20:04.854+0200] {logging_mixin.py:151} INFO - Danielle Murray
[2023-10-01T15:20:04.854+0200] {logging_mixin.py:151} INFO - Alexander Cummings
[2023-10-01T15:20:04.854+0200] {logging_mixin.py:151} INFO - Daniel Green
[2023-10-01T15:20:04.854+0200] {logging_mixin.py:151} INFO - Sydney Marshall
[2023-10-01T15:20:04.854+0200] {logging_mixin.py:151} INFO - Samuel Munoz
[2023-10-01T15:20:04.854+0200] {logging_mixin.py:151} INFO - Justin Stein
[2023-10-01T15:20:04.854+0200] {logging_mixin.py:151} INFO - Jeffery Juarez
[2023-10-01T15:20:04.854+0200] {logging_mixin.py:151} INFO - Rebecca Ferguson
[2023-10-01T15:20:04.854+0200] {logging_mixin.py:151} INFO - Elizabeth Hartman
[2023-10-01T15:20:04.854+0200] {logging_mixin.py:151} INFO - Elijah Brown
[2023-10-01T15:20:04.854+0200] {logging_mixin.py:151} INFO - Robin Wilson
[2023-10-01T15:20:04.855+0200] {logging_mixin.py:151} INFO - Caitlin Griffith
[2023-10-01T15:20:04.855+0200] {logging_mixin.py:151} INFO - Shane Richmond
[2023-10-01T15:20:04.855+0200] {logging_mixin.py:151} INFO - Rhonda Gibson
[2023-10-01T15:20:04.855+0200] {logging_mixin.py:151} INFO - Amber Hammond
[2023-10-01T15:20:04.855+0200] {logging_mixin.py:151} INFO - Mary Sanchez
[2023-10-01T15:20:04.855+0200] {logging_mixin.py:151} INFO - Julie Jones
[2023-10-01T15:20:04.855+0200] {logging_mixin.py:151} INFO - Carla Daniels
[2023-10-01T15:20:04.855+0200] {logging_mixin.py:151} INFO - Michael Li
[2023-10-01T15:20:04.855+0200] {logging_mixin.py:151} INFO - Jonathan Dominguez
[2023-10-01T15:20:04.855+0200] {logging_mixin.py:151} INFO - Linda Morrison
[2023-10-01T15:20:04.856+0200] {logging_mixin.py:151} INFO - Melissa Sparks
[2023-10-01T15:20:04.856+0200] {logging_mixin.py:151} INFO - Charles Floyd
[2023-10-01T15:20:04.856+0200] {logging_mixin.py:151} INFO - Michael Day
[2023-10-01T15:20:04.856+0200] {logging_mixin.py:151} INFO - Joseph Potts
[2023-10-01T15:20:04.856+0200] {logging_mixin.py:151} INFO - Ronald Douglas
[2023-10-01T15:20:04.856+0200] {logging_mixin.py:151} INFO - Jasmin Martinez
[2023-10-01T15:20:04.856+0200] {logging_mixin.py:151} INFO - Joyce Bennett
[2023-10-01T15:20:04.856+0200] {logging_mixin.py:151} INFO - Bryan Flores
[2023-10-01T15:20:04.856+0200] {logging_mixin.py:151} INFO - Debra Miller
[2023-10-01T15:20:04.856+0200] {logging_mixin.py:151} INFO - John Porter
[2023-10-01T15:20:04.856+0200] {logging_mixin.py:151} INFO - Wanda Glover
[2023-10-01T15:20:04.857+0200] {logging_mixin.py:151} INFO - Rachel Rodriguez
[2023-10-01T15:20:04.857+0200] {logging_mixin.py:151} INFO - Alice Combs
[2023-10-01T15:20:04.857+0200] {logging_mixin.py:151} INFO - Mrs. Alyssa Coleman MD
[2023-10-01T15:20:04.857+0200] {logging_mixin.py:151} INFO - Patricia Keller
[2023-10-01T15:20:04.857+0200] {logging_mixin.py:151} INFO - Tiffany Phillips
[2023-10-01T15:20:04.857+0200] {logging_mixin.py:151} INFO - William Chen
[2023-10-01T15:20:04.857+0200] {logging_mixin.py:151} INFO - Sherri Miller
[2023-10-01T15:20:04.857+0200] {logging_mixin.py:151} INFO - Zachary Sanchez
[2023-10-01T15:20:04.857+0200] {logging_mixin.py:151} INFO - Becky Smith
[2023-10-01T15:20:04.857+0200] {logging_mixin.py:151} INFO - Erin Lyons
[2023-10-01T15:20:04.857+0200] {logging_mixin.py:151} INFO - Joy Nelson
[2023-10-01T15:20:04.858+0200] {logging_mixin.py:151} INFO - John Ramirez
[2023-10-01T15:20:04.858+0200] {logging_mixin.py:151} INFO - Tamara Simon
[2023-10-01T15:20:04.858+0200] {logging_mixin.py:151} INFO - Theresa Crosby
[2023-10-01T15:20:04.858+0200] {logging_mixin.py:151} INFO - Michael Stephenson
[2023-10-01T15:20:04.858+0200] {logging_mixin.py:151} INFO - Brandon White
[2023-10-01T15:20:04.858+0200] {logging_mixin.py:151} INFO - Gabriel Camacho
[2023-10-01T15:20:04.858+0200] {logging_mixin.py:151} INFO - Brian Hernandez
[2023-10-01T15:20:04.858+0200] {logging_mixin.py:151} INFO - Gregory Graham
[2023-10-01T15:20:04.858+0200] {logging_mixin.py:151} INFO - Shannon Gallagher
[2023-10-01T15:20:04.858+0200] {logging_mixin.py:151} INFO - Victoria Willis
[2023-10-01T15:20:04.858+0200] {logging_mixin.py:151} INFO - Alexis Mcmillan
[2023-10-01T15:20:04.859+0200] {logging_mixin.py:151} INFO - Ryan Mitchell
[2023-10-01T15:20:04.859+0200] {logging_mixin.py:151} INFO - John Smith
[2023-10-01T15:20:04.859+0200] {logging_mixin.py:151} INFO - Sarah Miranda
[2023-10-01T15:20:04.859+0200] {logging_mixin.py:151} INFO - Mark Adams
[2023-10-01T15:20:04.859+0200] {logging_mixin.py:151} INFO - Monique Thompson
[2023-10-01T15:20:04.859+0200] {logging_mixin.py:151} INFO - Samantha Hernandez
[2023-10-01T15:20:04.859+0200] {logging_mixin.py:151} INFO - Linda Dickerson
[2023-10-01T15:20:04.859+0200] {logging_mixin.py:151} INFO - Jose Arnold
[2023-10-01T15:20:04.859+0200] {logging_mixin.py:151} INFO - Mrs. Bridget Hernandez DVM
[2023-10-01T15:20:04.860+0200] {logging_mixin.py:151} INFO - Kristopher Hancock
[2023-10-01T15:20:04.860+0200] {logging_mixin.py:151} INFO - Tasha Stafford
[2023-10-01T15:20:04.860+0200] {logging_mixin.py:151} INFO - James Pruitt
[2023-10-01T15:20:04.860+0200] {logging_mixin.py:151} INFO - Ryan Newman
[2023-10-01T15:20:04.860+0200] {logging_mixin.py:151} INFO - Jennifer Salinas
[2023-10-01T15:20:04.860+0200] {logging_mixin.py:151} INFO - Melissa Morris
[2023-10-01T15:20:04.860+0200] {logging_mixin.py:151} INFO - Jennifer Hernandez
[2023-10-01T15:20:04.860+0200] {logging_mixin.py:151} INFO - Aaron Prince
[2023-10-01T15:20:04.860+0200] {logging_mixin.py:151} INFO - Sandra Harris
[2023-10-01T15:20:04.860+0200] {logging_mixin.py:151} INFO - Nina Ramirez
[2023-10-01T15:20:04.860+0200] {logging_mixin.py:151} INFO - Kenneth Clarke
[2023-10-01T15:20:04.861+0200] {logging_mixin.py:151} INFO - Lindsay Barnett
[2023-10-01T15:20:04.861+0200] {logging_mixin.py:151} INFO - Amy Powell
[2023-10-01T15:20:04.861+0200] {logging_mixin.py:151} INFO - Monica Simmons
[2023-10-01T15:20:04.861+0200] {logging_mixin.py:151} INFO - Amy Ramirez
[2023-10-01T15:20:04.861+0200] {logging_mixin.py:151} INFO - Gina Thompson
[2023-10-01T15:20:04.861+0200] {logging_mixin.py:151} INFO - Ethan Miller
[2023-10-01T15:20:04.861+0200] {logging_mixin.py:151} INFO - Kimberly Wilson
[2023-10-01T15:20:04.861+0200] {logging_mixin.py:151} INFO - Erin Marshall
[2023-10-01T15:20:04.861+0200] {logging_mixin.py:151} INFO - Adam Duncan
[2023-10-01T15:20:04.861+0200] {logging_mixin.py:151} INFO - Veronica Maldonado
[2023-10-01T15:20:04.862+0200] {logging_mixin.py:151} INFO - Joanna Ballard
[2023-10-01T15:20:04.862+0200] {logging_mixin.py:151} INFO - Megan Brown
[2023-10-01T15:20:04.862+0200] {logging_mixin.py:151} INFO - Kara Brown
[2023-10-01T15:20:04.862+0200] {logging_mixin.py:151} INFO - James Hanson MD
[2023-10-01T15:20:04.862+0200] {logging_mixin.py:151} INFO - Derek Daugherty
[2023-10-01T15:20:04.862+0200] {logging_mixin.py:151} INFO - Laura Montgomery
[2023-10-01T15:20:04.862+0200] {logging_mixin.py:151} INFO - Casey Ruiz
[2023-10-01T15:20:04.862+0200] {logging_mixin.py:151} INFO - David Waller
[2023-10-01T15:20:04.862+0200] {logging_mixin.py:151} INFO - Michelle Perry
[2023-10-01T15:20:04.862+0200] {logging_mixin.py:151} INFO - Gregory Stevens
[2023-10-01T15:20:04.863+0200] {logging_mixin.py:151} INFO - Sarah Gordon
[2023-10-01T15:20:04.863+0200] {logging_mixin.py:151} INFO - Theresa Ross
[2023-10-01T15:20:04.863+0200] {logging_mixin.py:151} INFO - Alicia Chapman
[2023-10-01T15:20:04.863+0200] {logging_mixin.py:151} INFO - Jessica Moreno
[2023-10-01T15:20:04.863+0200] {logging_mixin.py:151} INFO - Kevin Morgan
[2023-10-01T15:20:04.863+0200] {logging_mixin.py:151} INFO - Tonya Cross
[2023-10-01T15:20:04.863+0200] {logging_mixin.py:151} INFO - David Sandoval
[2023-10-01T15:20:04.863+0200] {logging_mixin.py:151} INFO - Garrett Salazar
[2023-10-01T15:20:04.863+0200] {logging_mixin.py:151} INFO - Kristi Flores
[2023-10-01T15:20:04.863+0200] {logging_mixin.py:151} INFO - Gordon Conway
[2023-10-01T15:20:04.864+0200] {logging_mixin.py:151} INFO - Chad Beck
[2023-10-01T15:20:04.864+0200] {logging_mixin.py:151} INFO - Tyler Krueger
[2023-10-01T15:20:04.864+0200] {logging_mixin.py:151} INFO - Nathan Weaver
[2023-10-01T15:20:04.864+0200] {logging_mixin.py:151} INFO - Mike Garcia
[2023-10-01T15:20:04.864+0200] {logging_mixin.py:151} INFO - John Oliver
[2023-10-01T15:20:04.864+0200] {logging_mixin.py:151} INFO - William Bryant
[2023-10-01T15:20:04.864+0200] {logging_mixin.py:151} INFO - Jessica Martin
[2023-10-01T15:20:04.864+0200] {logging_mixin.py:151} INFO - Jennifer Cross
[2023-10-01T15:20:04.864+0200] {logging_mixin.py:151} INFO - Nina Smith
[2023-10-01T15:20:04.864+0200] {logging_mixin.py:151} INFO - Crystal Carter
[2023-10-01T15:20:04.865+0200] {logging_mixin.py:151} INFO - Cassidy Walton
[2023-10-01T15:20:04.865+0200] {logging_mixin.py:151} INFO - Evan Hill
[2023-10-01T15:20:04.865+0200] {logging_mixin.py:151} INFO - Shannon Clark
[2023-10-01T15:20:04.865+0200] {logging_mixin.py:151} INFO - Peter Morris
[2023-10-01T15:20:04.865+0200] {logging_mixin.py:151} INFO - Angela Johnson
[2023-10-01T15:20:04.865+0200] {logging_mixin.py:151} INFO - Ronald Benjamin
[2023-10-01T15:20:04.865+0200] {logging_mixin.py:151} INFO - Kristopher Patterson
[2023-10-01T15:20:04.865+0200] {logging_mixin.py:151} INFO - Bradley Brown
[2023-10-01T15:20:04.865+0200] {logging_mixin.py:151} INFO - Frank Edwards
[2023-10-01T15:20:04.865+0200] {logging_mixin.py:151} INFO - Ashley White
[2023-10-01T15:20:04.865+0200] {logging_mixin.py:151} INFO - Rebecca Cruz
[2023-10-01T15:20:04.866+0200] {logging_mixin.py:151} INFO - Annette Taylor
[2023-10-01T15:20:04.866+0200] {logging_mixin.py:151} INFO - Jon Wood
[2023-10-01T15:20:04.866+0200] {logging_mixin.py:151} INFO - Robert Price
[2023-10-01T15:20:04.866+0200] {logging_mixin.py:151} INFO - Ryan Hensley
[2023-10-01T15:20:04.866+0200] {logging_mixin.py:151} INFO - Tracy Middleton
[2023-10-01T15:20:04.866+0200] {logging_mixin.py:151} INFO - Patricia Maynard
[2023-10-01T15:20:04.866+0200] {logging_mixin.py:151} INFO - Brian Fuentes
[2023-10-01T15:20:04.866+0200] {logging_mixin.py:151} INFO - Cindy Brown
[2023-10-01T15:20:04.866+0200] {logging_mixin.py:151} INFO - Charles Bailey
[2023-10-01T15:20:04.866+0200] {logging_mixin.py:151} INFO - Melvin Coleman
[2023-10-01T15:20:04.867+0200] {logging_mixin.py:151} INFO - Anthony Mcpherson
[2023-10-01T15:20:04.867+0200] {logging_mixin.py:151} INFO - Mr. William Liu MD
[2023-10-01T15:20:04.867+0200] {logging_mixin.py:151} INFO - Kimberly Haas
[2023-10-01T15:20:04.867+0200] {logging_mixin.py:151} INFO - Kenneth Cox
[2023-10-01T15:20:04.867+0200] {logging_mixin.py:151} INFO - Adam Gibson
[2023-10-01T15:20:04.867+0200] {logging_mixin.py:151} INFO - Geoffrey Morgan
[2023-10-01T15:20:04.867+0200] {logging_mixin.py:151} INFO - Brandon Lane
[2023-10-01T15:20:04.867+0200] {logging_mixin.py:151} INFO - Nicole Medina
[2023-10-01T15:20:04.867+0200] {logging_mixin.py:151} INFO - Jacob Roy
[2023-10-01T15:20:04.867+0200] {logging_mixin.py:151} INFO - Andrew Ho
[2023-10-01T15:20:04.868+0200] {logging_mixin.py:151} INFO - Joseph Morse
[2023-10-01T15:20:04.868+0200] {logging_mixin.py:151} INFO - Victoria Young
[2023-10-01T15:20:04.868+0200] {logging_mixin.py:151} INFO - Jonathan Garrett
[2023-10-01T15:20:04.868+0200] {logging_mixin.py:151} INFO - Audrey Rice
[2023-10-01T15:20:04.868+0200] {logging_mixin.py:151} INFO - Jared Young
[2023-10-01T15:20:04.868+0200] {logging_mixin.py:151} INFO - Cindy Chang
[2023-10-01T15:20:04.868+0200] {logging_mixin.py:151} INFO - Gary Ford
[2023-10-01T15:20:04.868+0200] {logging_mixin.py:151} INFO - Brenda Khan
[2023-10-01T15:20:04.868+0200] {logging_mixin.py:151} INFO - Randy Ferguson
[2023-10-01T15:20:04.868+0200] {logging_mixin.py:151} INFO - David Reese
[2023-10-01T15:20:04.869+0200] {logging_mixin.py:151} INFO - John Anderson
[2023-10-01T15:20:04.869+0200] {logging_mixin.py:151} INFO - Rebecca Lewis
[2023-10-01T15:20:04.869+0200] {logging_mixin.py:151} INFO - Barbara Cook
[2023-10-01T15:20:04.869+0200] {logging_mixin.py:151} INFO - Jeffrey Chandler
[2023-10-01T15:20:04.869+0200] {logging_mixin.py:151} INFO - Sharon Norris
[2023-10-01T15:20:04.869+0200] {logging_mixin.py:151} INFO - Aaron Smith
[2023-10-01T15:20:04.869+0200] {logging_mixin.py:151} INFO - Rachael Roth
[2023-10-01T15:20:04.869+0200] {logging_mixin.py:151} INFO - Robert Adams
[2023-10-01T15:20:04.869+0200] {logging_mixin.py:151} INFO - James Stone
[2023-10-01T15:20:04.869+0200] {logging_mixin.py:151} INFO - Joshua Vega
[2023-10-01T15:20:04.870+0200] {logging_mixin.py:151} INFO - Robert Conley
[2023-10-01T15:20:04.870+0200] {logging_mixin.py:151} INFO - John Mcclure
[2023-10-01T15:20:04.870+0200] {logging_mixin.py:151} INFO - Adrienne Velasquez
[2023-10-01T15:20:04.870+0200] {logging_mixin.py:151} INFO - Edgar Fowler
[2023-10-01T15:20:04.870+0200] {logging_mixin.py:151} INFO - Sharon Wall
[2023-10-01T15:20:04.870+0200] {logging_mixin.py:151} INFO - Andrea Ruiz
[2023-10-01T15:20:04.870+0200] {logging_mixin.py:151} INFO - Mark West
[2023-10-01T15:20:04.870+0200] {logging_mixin.py:151} INFO - Elizabeth Goodwin
[2023-10-01T15:20:04.870+0200] {logging_mixin.py:151} INFO - Cody Cooper
[2023-10-01T15:20:04.870+0200] {logging_mixin.py:151} INFO - James Thomas
[2023-10-01T15:20:04.870+0200] {logging_mixin.py:151} INFO - Jeffrey Russell
[2023-10-01T15:20:04.871+0200] {logging_mixin.py:151} INFO - Brooke Howard
[2023-10-01T15:20:04.871+0200] {logging_mixin.py:151} INFO - Amanda Savage
[2023-10-01T15:20:04.871+0200] {logging_mixin.py:151} INFO - Dustin Powell
[2023-10-01T15:20:04.871+0200] {logging_mixin.py:151} INFO - Kimberly Hall
[2023-10-01T15:20:04.871+0200] {logging_mixin.py:151} INFO - Aaron Ali II
[2023-10-01T15:20:04.871+0200] {logging_mixin.py:151} INFO - Caroline Walsh
[2023-10-01T15:20:04.871+0200] {logging_mixin.py:151} INFO - Paul Flynn
[2023-10-01T15:20:04.871+0200] {logging_mixin.py:151} INFO - Patricia Smith
[2023-10-01T15:20:04.871+0200] {logging_mixin.py:151} INFO - Dawn Smith
[2023-10-01T15:20:04.871+0200] {logging_mixin.py:151} INFO - Rodney Wilson
[2023-10-01T15:20:04.872+0200] {logging_mixin.py:151} INFO - Tammy Mcguire
[2023-10-01T15:20:04.872+0200] {logging_mixin.py:151} INFO - Matthew Lane
[2023-10-01T15:20:04.872+0200] {logging_mixin.py:151} INFO - Suzanne Griffin
[2023-10-01T15:20:04.872+0200] {logging_mixin.py:151} INFO - Sandra Williams
[2023-10-01T15:20:04.872+0200] {logging_mixin.py:151} INFO - Daniel Dawson
[2023-10-01T15:20:04.872+0200] {logging_mixin.py:151} INFO - Sarah Jones
[2023-10-01T15:20:04.872+0200] {logging_mixin.py:151} INFO - Jimmy Flores
[2023-10-01T15:20:04.872+0200] {logging_mixin.py:151} INFO - James Peters
[2023-10-01T15:20:04.872+0200] {logging_mixin.py:151} INFO - John Klein
[2023-10-01T15:20:04.872+0200] {logging_mixin.py:151} INFO - Brandon Lee
[2023-10-01T15:20:04.873+0200] {logging_mixin.py:151} INFO - Christopher Miller
[2023-10-01T15:20:04.873+0200] {logging_mixin.py:151} INFO - James Hughes
[2023-10-01T15:20:04.873+0200] {logging_mixin.py:151} INFO - Aaron Montoya
[2023-10-01T15:20:04.873+0200] {logging_mixin.py:151} INFO - Cheryl Smith
[2023-10-01T15:20:04.873+0200] {logging_mixin.py:151} INFO - Andrew Cordova
[2023-10-01T15:20:04.873+0200] {logging_mixin.py:151} INFO - Nathan Freeman
[2023-10-01T15:20:04.873+0200] {logging_mixin.py:151} INFO - Ryan Terry
[2023-10-01T15:20:04.873+0200] {logging_mixin.py:151} INFO - Zachary Little
[2023-10-01T15:20:04.873+0200] {logging_mixin.py:151} INFO - Michael Zuniga
[2023-10-01T15:20:04.873+0200] {logging_mixin.py:151} INFO - George Martin
[2023-10-01T15:20:04.873+0200] {logging_mixin.py:151} INFO - Patrick Carter
[2023-10-01T15:20:04.874+0200] {logging_mixin.py:151} INFO - Amy Ellison
[2023-10-01T15:20:04.874+0200] {logging_mixin.py:151} INFO - Michael Lee
[2023-10-01T15:20:04.874+0200] {logging_mixin.py:151} INFO - John Parker
[2023-10-01T15:20:04.874+0200] {logging_mixin.py:151} INFO - Alexa Sullivan
[2023-10-01T15:20:04.874+0200] {logging_mixin.py:151} INFO - Erin Austin
[2023-10-01T15:20:04.874+0200] {logging_mixin.py:151} INFO - Katie Ortega
[2023-10-01T15:20:04.874+0200] {logging_mixin.py:151} INFO - Joel Smith
[2023-10-01T15:20:04.874+0200] {logging_mixin.py:151} INFO - Suzanne Rivera
[2023-10-01T15:20:04.874+0200] {logging_mixin.py:151} INFO - Kevin Rodriguez
[2023-10-01T15:20:04.874+0200] {logging_mixin.py:151} INFO - Jerry Morris
[2023-10-01T15:20:04.875+0200] {logging_mixin.py:151} INFO - James Gallagher
[2023-10-01T15:20:04.875+0200] {logging_mixin.py:151} INFO - Kelly Ware
[2023-10-01T15:20:04.875+0200] {logging_mixin.py:151} INFO - Christopher Lewis
[2023-10-01T15:20:04.875+0200] {logging_mixin.py:151} INFO - Charles Bowman
[2023-10-01T15:20:04.875+0200] {logging_mixin.py:151} INFO - Nancy Massey
[2023-10-01T15:20:04.875+0200] {logging_mixin.py:151} INFO - Brian Rivera
[2023-10-01T15:20:04.875+0200] {logging_mixin.py:151} INFO - Gabriel Baker
[2023-10-01T15:20:04.875+0200] {logging_mixin.py:151} INFO - Daniel Brown
[2023-10-01T15:20:04.875+0200] {logging_mixin.py:151} INFO - John Potter
[2023-10-01T15:20:04.875+0200] {logging_mixin.py:151} INFO - Michelle Collins
[2023-10-01T15:20:04.876+0200] {logging_mixin.py:151} INFO - Samantha Snyder
[2023-10-01T15:20:04.876+0200] {logging_mixin.py:151} INFO - Lance Gomez
[2023-10-01T15:20:04.876+0200] {logging_mixin.py:151} INFO - Elizabeth Moody
[2023-10-01T15:20:04.876+0200] {logging_mixin.py:151} INFO - Carrie Davis
[2023-10-01T15:20:04.876+0200] {logging_mixin.py:151} INFO - Samuel Shepherd
[2023-10-01T15:20:04.876+0200] {logging_mixin.py:151} INFO - Peter Lopez
[2023-10-01T15:20:04.876+0200] {logging_mixin.py:151} INFO - Maria Smith
[2023-10-01T15:20:04.876+0200] {logging_mixin.py:151} INFO - Mr. Steven Turner MD
[2023-10-01T15:20:04.877+0200] {logging_mixin.py:151} INFO - Melissa Russo
[2023-10-01T15:20:04.877+0200] {logging_mixin.py:151} INFO - Ryan Black
[2023-10-01T15:20:04.877+0200] {logging_mixin.py:151} INFO - Nicole Ruiz
[2023-10-01T15:20:04.877+0200] {logging_mixin.py:151} INFO - Joseph Jimenez
[2023-10-01T15:20:04.877+0200] {logging_mixin.py:151} INFO - Mackenzie Santos
[2023-10-01T15:20:04.877+0200] {logging_mixin.py:151} INFO - Gloria Jones
[2023-10-01T15:20:04.877+0200] {logging_mixin.py:151} INFO - Billy Gibson
[2023-10-01T15:20:04.878+0200] {logging_mixin.py:151} INFO - Amber Bowen
[2023-10-01T15:20:04.878+0200] {logging_mixin.py:151} INFO - Paul Robinson
[2023-10-01T15:20:04.878+0200] {logging_mixin.py:151} INFO - Sarah Watson
[2023-10-01T15:20:04.878+0200] {logging_mixin.py:151} INFO - Kimberly Davis
[2023-10-01T15:20:04.878+0200] {logging_mixin.py:151} INFO - Ryan Woods
[2023-10-01T15:20:04.878+0200] {logging_mixin.py:151} INFO - Jennifer Velasquez
[2023-10-01T15:20:04.878+0200] {logging_mixin.py:151} INFO - Charles Flores
[2023-10-01T15:20:04.878+0200] {logging_mixin.py:151} INFO - Martha Brown
[2023-10-01T15:20:04.878+0200] {logging_mixin.py:151} INFO - Laura Arias
[2023-10-01T15:20:04.878+0200] {logging_mixin.py:151} INFO - Christopher Orr
[2023-10-01T15:20:04.878+0200] {logging_mixin.py:151} INFO - Luis Goodman
[2023-10-01T15:20:04.879+0200] {logging_mixin.py:151} INFO - James Rivera MD
[2023-10-01T15:20:04.879+0200] {logging_mixin.py:151} INFO - Karen Collins
[2023-10-01T15:20:04.879+0200] {logging_mixin.py:151} INFO - Michael Petersen
[2023-10-01T15:20:04.879+0200] {logging_mixin.py:151} INFO - Patrick Robertson
[2023-10-01T15:20:04.879+0200] {logging_mixin.py:151} INFO - Denise Sanchez
[2023-10-01T15:20:04.879+0200] {logging_mixin.py:151} INFO - Micheal White
[2023-10-01T15:20:04.879+0200] {logging_mixin.py:151} INFO - Sydney White
[2023-10-01T15:20:04.879+0200] {logging_mixin.py:151} INFO - Cindy Wagner
[2023-10-01T15:20:04.879+0200] {logging_mixin.py:151} INFO - Alicia Williams
[2023-10-01T15:20:04.879+0200] {logging_mixin.py:151} INFO - Gregory Logan
[2023-10-01T15:20:04.880+0200] {logging_mixin.py:151} INFO - Heidi Oliver
[2023-10-01T15:20:04.880+0200] {logging_mixin.py:151} INFO - Penny Schroeder
[2023-10-01T15:20:04.880+0200] {logging_mixin.py:151} INFO - Tamara Thompson
[2023-10-01T15:20:04.880+0200] {logging_mixin.py:151} INFO - Mercedes Morris
[2023-10-01T15:20:04.880+0200] {logging_mixin.py:151} INFO - Ronald Brown
[2023-10-01T15:20:04.880+0200] {logging_mixin.py:151} INFO - Mark Byrd
[2023-10-01T15:20:04.880+0200] {logging_mixin.py:151} INFO - Amanda Matthews
[2023-10-01T15:20:04.880+0200] {logging_mixin.py:151} INFO - Anthony Gonzalez
[2023-10-01T15:20:04.880+0200] {logging_mixin.py:151} INFO - David Mann
[2023-10-01T15:20:04.880+0200] {logging_mixin.py:151} INFO - Angela Lopez
[2023-10-01T15:20:04.881+0200] {logging_mixin.py:151} INFO - Jason Alvarez
[2023-10-01T15:20:04.881+0200] {logging_mixin.py:151} INFO - Barbara Cooper
[2023-10-01T15:20:04.881+0200] {logging_mixin.py:151} INFO - Aaron Phelps
[2023-10-01T15:20:04.881+0200] {logging_mixin.py:151} INFO - Margaret Montoya
[2023-10-01T15:20:04.881+0200] {logging_mixin.py:151} INFO - Jennifer Allen
[2023-10-01T15:20:04.881+0200] {logging_mixin.py:151} INFO - Kyle Moore
[2023-10-01T15:20:04.881+0200] {logging_mixin.py:151} INFO - Anthony Smith
[2023-10-01T15:20:04.881+0200] {logging_mixin.py:151} INFO - John Li
[2023-10-01T15:20:04.881+0200] {logging_mixin.py:151} INFO - Donald Cross Jr.
[2023-10-01T15:20:04.881+0200] {logging_mixin.py:151} INFO - Laurie Reyes
[2023-10-01T15:20:04.882+0200] {logging_mixin.py:151} INFO - Lisa Mccarty
[2023-10-01T15:20:04.882+0200] {logging_mixin.py:151} INFO - Ryan Cummings
[2023-10-01T15:20:04.882+0200] {logging_mixin.py:151} INFO - Jessica Smith
[2023-10-01T15:20:04.882+0200] {logging_mixin.py:151} INFO - Juan Barker
[2023-10-01T15:20:04.882+0200] {logging_mixin.py:151} INFO - Kenneth Dalton
[2023-10-01T15:20:04.882+0200] {logging_mixin.py:151} INFO - Amy Bolton
[2023-10-01T15:20:04.882+0200] {logging_mixin.py:151} INFO - Michael Scott
[2023-10-01T15:20:04.882+0200] {logging_mixin.py:151} INFO - Sue Smith
[2023-10-01T15:20:04.882+0200] {logging_mixin.py:151} INFO - Cynthia Newton
[2023-10-01T15:20:04.882+0200] {logging_mixin.py:151} INFO - Amanda Patel
[2023-10-01T15:20:04.882+0200] {logging_mixin.py:151} INFO - Michael Gonzales
[2023-10-01T15:20:04.883+0200] {logging_mixin.py:151} INFO - Timothy Murray
[2023-10-01T15:20:04.883+0200] {logging_mixin.py:151} INFO - Cynthia Baker
[2023-10-01T15:20:04.883+0200] {logging_mixin.py:151} INFO - Melissa Foster
[2023-10-01T15:20:04.883+0200] {logging_mixin.py:151} INFO - Susan Holden
[2023-10-01T15:20:04.883+0200] {logging_mixin.py:151} INFO - Crystal Gregory
[2023-10-01T15:20:04.883+0200] {logging_mixin.py:151} INFO - Virginia Lee
[2023-10-01T15:20:04.883+0200] {logging_mixin.py:151} INFO - Bethany Torres
[2023-10-01T15:20:04.883+0200] {logging_mixin.py:151} INFO - Tara Miller
[2023-10-01T15:20:04.883+0200] {logging_mixin.py:151} INFO - Sean Contreras
[2023-10-01T15:20:04.883+0200] {logging_mixin.py:151} INFO - Laura Ortiz
[2023-10-01T15:20:04.884+0200] {logging_mixin.py:151} INFO - Lance Howard
[2023-10-01T15:20:04.884+0200] {logging_mixin.py:151} INFO - Zachary Kennedy
[2023-10-01T15:20:04.884+0200] {logging_mixin.py:151} INFO - David Mack
[2023-10-01T15:20:04.884+0200] {logging_mixin.py:151} INFO - Dr. Corey Davis Jr.
[2023-10-01T15:20:04.884+0200] {logging_mixin.py:151} INFO - Adam Hayes
[2023-10-01T15:20:04.884+0200] {logging_mixin.py:151} INFO - Michael Martinez
[2023-10-01T15:20:04.884+0200] {logging_mixin.py:151} INFO - Mrs. Carla Stokes MD
[2023-10-01T15:20:04.884+0200] {logging_mixin.py:151} INFO - Terri Herrera
[2023-10-01T15:20:04.884+0200] {logging_mixin.py:151} INFO - Jeffrey Kelley
[2023-10-01T15:20:04.884+0200] {logging_mixin.py:151} INFO - Joe Velasquez
[2023-10-01T15:20:04.885+0200] {logging_mixin.py:151} INFO - William Hunter
[2023-10-01T15:20:04.885+0200] {logging_mixin.py:151} INFO - Steven Love
[2023-10-01T15:20:04.885+0200] {logging_mixin.py:151} INFO - Vicki Cunningham
[2023-10-01T15:20:04.885+0200] {logging_mixin.py:151} INFO - Marvin Lloyd
[2023-10-01T15:20:04.885+0200] {logging_mixin.py:151} INFO - Sarah Miller
[2023-10-01T15:20:04.885+0200] {logging_mixin.py:151} INFO - Kayla Smith
[2023-10-01T15:20:04.885+0200] {logging_mixin.py:151} INFO - Joshua Thomas
[2023-10-01T15:20:04.885+0200] {logging_mixin.py:151} INFO - Denise Powers
[2023-10-01T15:20:04.885+0200] {logging_mixin.py:151} INFO - Brian Harrison
[2023-10-01T15:20:04.885+0200] {logging_mixin.py:151} INFO - Joann Cherry
[2023-10-01T15:20:04.886+0200] {logging_mixin.py:151} INFO - Kristina Harding
[2023-10-01T15:20:04.886+0200] {logging_mixin.py:151} INFO - John Perry
[2023-10-01T15:20:04.886+0200] {logging_mixin.py:151} INFO - Christina Cameron
[2023-10-01T15:20:04.886+0200] {logging_mixin.py:151} INFO - Joseph Burke
[2023-10-01T15:20:04.886+0200] {logging_mixin.py:151} INFO - Haley Park
[2023-10-01T15:20:04.886+0200] {logging_mixin.py:151} INFO - Kimberly Warner
[2023-10-01T15:20:04.886+0200] {logging_mixin.py:151} INFO - Tara Perry
[2023-10-01T15:20:04.886+0200] {logging_mixin.py:151} INFO - Donna Landry
[2023-10-01T15:20:04.886+0200] {logging_mixin.py:151} INFO - Krystal Green
[2023-10-01T15:20:04.886+0200] {logging_mixin.py:151} INFO - Barbara Villegas
[2023-10-01T15:20:04.887+0200] {logging_mixin.py:151} INFO - Elizabeth Knight
[2023-10-01T15:20:04.887+0200] {logging_mixin.py:151} INFO - Robert Garrett
[2023-10-01T15:20:04.887+0200] {logging_mixin.py:151} INFO - Bill Burns
[2023-10-01T15:20:04.887+0200] {logging_mixin.py:151} INFO - Dwayne Mckenzie
[2023-10-01T15:20:04.887+0200] {logging_mixin.py:151} INFO - Earl Smith
[2023-10-01T15:20:04.887+0200] {logging_mixin.py:151} INFO - Abigail Scott
[2023-10-01T15:20:04.887+0200] {logging_mixin.py:151} INFO - Joseph Bonilla DDS
[2023-10-01T15:20:04.887+0200] {logging_mixin.py:151} INFO - Mary Fisher
[2023-10-01T15:20:04.887+0200] {logging_mixin.py:151} INFO - Chad Cooper
[2023-10-01T15:20:04.887+0200] {logging_mixin.py:151} INFO - Jeffrey Rodriguez
[2023-10-01T15:20:04.887+0200] {logging_mixin.py:151} INFO - Cory Gibson
[2023-10-01T15:20:04.888+0200] {logging_mixin.py:151} INFO - Joanna Montoya
[2023-10-01T15:20:04.888+0200] {logging_mixin.py:151} INFO - Amber Willis DVM
[2023-10-01T15:20:04.888+0200] {logging_mixin.py:151} INFO - Zachary Flores
[2023-10-01T15:20:04.888+0200] {logging_mixin.py:151} INFO - Lori Bryant
[2023-10-01T15:20:04.888+0200] {logging_mixin.py:151} INFO - Ashley Griffin
[2023-10-01T15:20:04.888+0200] {logging_mixin.py:151} INFO - Jillian Palmer
[2023-10-01T15:20:04.888+0200] {logging_mixin.py:151} INFO - Jacqueline Williams
[2023-10-01T15:20:04.888+0200] {logging_mixin.py:151} INFO - Phillip Walker
[2023-10-01T15:20:04.888+0200] {logging_mixin.py:151} INFO - Angela Barr
[2023-10-01T15:20:04.888+0200] {logging_mixin.py:151} INFO - Mark Mendoza
[2023-10-01T15:20:04.889+0200] {logging_mixin.py:151} INFO - Brittney Hendrix
[2023-10-01T15:20:04.889+0200] {logging_mixin.py:151} INFO - Robert Kelly
[2023-10-01T15:20:04.889+0200] {logging_mixin.py:151} INFO - Brittney Wilson
[2023-10-01T15:20:04.889+0200] {logging_mixin.py:151} INFO - Anthony Garcia
[2023-10-01T15:20:04.889+0200] {logging_mixin.py:151} INFO - Shelly Sosa
[2023-10-01T15:20:04.889+0200] {logging_mixin.py:151} INFO - David Garrett
[2023-10-01T15:20:04.889+0200] {logging_mixin.py:151} INFO - Richard Barber
[2023-10-01T15:20:04.889+0200] {logging_mixin.py:151} INFO - Danielle Duarte
[2023-10-01T15:20:04.889+0200] {logging_mixin.py:151} INFO - Matthew Rice
[2023-10-01T15:20:04.889+0200] {logging_mixin.py:151} INFO - John Pope
[2023-10-01T15:20:04.890+0200] {logging_mixin.py:151} INFO - Brian Robinson
[2023-10-01T15:20:04.890+0200] {logging_mixin.py:151} INFO - Jeffrey Black
[2023-10-01T15:20:04.890+0200] {logging_mixin.py:151} INFO - Larry Medina
[2023-10-01T15:20:04.890+0200] {logging_mixin.py:151} INFO - Donna Rodriguez
[2023-10-01T15:20:04.890+0200] {logging_mixin.py:151} INFO - Adrian Bell
[2023-10-01T15:20:04.890+0200] {logging_mixin.py:151} INFO - Donna Miller DDS
[2023-10-01T15:20:04.890+0200] {logging_mixin.py:151} INFO - Kristine Miller
[2023-10-01T15:20:04.890+0200] {logging_mixin.py:151} INFO - Michael Webb
[2023-10-01T15:20:04.890+0200] {logging_mixin.py:151} INFO - Erica Sherman
[2023-10-01T15:20:04.890+0200] {logging_mixin.py:151} INFO - Sheryl Moore
[2023-10-01T15:20:04.890+0200] {logging_mixin.py:151} INFO - Kristin Williams
[2023-10-01T15:20:04.891+0200] {logging_mixin.py:151} INFO - Cynthia Hurst
[2023-10-01T15:20:04.891+0200] {logging_mixin.py:151} INFO - Rachel Kim
[2023-10-01T15:20:04.891+0200] {logging_mixin.py:151} INFO - Edward Campos
[2023-10-01T15:20:04.891+0200] {logging_mixin.py:151} INFO - Joseph James
[2023-10-01T15:20:04.891+0200] {logging_mixin.py:151} INFO - Rachel Jones
[2023-10-01T15:20:04.891+0200] {logging_mixin.py:151} INFO - Mallory Clark
[2023-10-01T15:20:04.891+0200] {logging_mixin.py:151} INFO - Briana Stewart
[2023-10-01T15:20:04.891+0200] {logging_mixin.py:151} INFO - Steven Davis
[2023-10-01T15:20:04.891+0200] {logging_mixin.py:151} INFO - Jennifer Hernandez
[2023-10-01T15:20:04.891+0200] {logging_mixin.py:151} INFO - Scott Herrera
[2023-10-01T15:20:04.892+0200] {logging_mixin.py:151} INFO - Mr. Devin Rowe
[2023-10-01T15:20:04.892+0200] {logging_mixin.py:151} INFO - Brian Arnold
[2023-10-01T15:20:04.892+0200] {logging_mixin.py:151} INFO - Cory Cooper
[2023-10-01T15:20:04.892+0200] {logging_mixin.py:151} INFO - Connie Lara
[2023-10-01T15:20:04.892+0200] {logging_mixin.py:151} INFO - Ashley Lopez
[2023-10-01T15:20:04.892+0200] {logging_mixin.py:151} INFO - Tiffany Brown
[2023-10-01T15:20:04.892+0200] {logging_mixin.py:151} INFO - Manuel Garcia
[2023-10-01T15:20:04.892+0200] {logging_mixin.py:151} INFO - Luis Bridges
[2023-10-01T15:20:04.892+0200] {logging_mixin.py:151} INFO - Alexis Brooks
[2023-10-01T15:20:04.892+0200] {logging_mixin.py:151} INFO - Todd Ray
[2023-10-01T15:20:04.893+0200] {logging_mixin.py:151} INFO - William Chung
[2023-10-01T15:20:04.893+0200] {logging_mixin.py:151} INFO - Sally Macdonald
[2023-10-01T15:20:04.893+0200] {logging_mixin.py:151} INFO - Samuel Morgan
[2023-10-01T15:20:04.893+0200] {logging_mixin.py:151} INFO - Pamela Hawkins
[2023-10-01T15:20:04.893+0200] {logging_mixin.py:151} INFO - Anne Cooper
[2023-10-01T15:20:04.893+0200] {logging_mixin.py:151} INFO - Patty Jackson
[2023-10-01T15:20:04.893+0200] {logging_mixin.py:151} INFO - Cody Delgado
[2023-10-01T15:20:04.893+0200] {logging_mixin.py:151} INFO - Marie Taylor
[2023-10-01T15:20:04.893+0200] {logging_mixin.py:151} INFO - Rebecca Winters
[2023-10-01T15:20:04.893+0200] {logging_mixin.py:151} INFO - Angel Monroe
[2023-10-01T15:20:04.894+0200] {logging_mixin.py:151} INFO - Alexis Booker
[2023-10-01T15:20:04.894+0200] {logging_mixin.py:151} INFO - Danielle Campbell
[2023-10-01T15:20:04.894+0200] {logging_mixin.py:151} INFO - Ricky Gardner
[2023-10-01T15:20:04.894+0200] {logging_mixin.py:151} INFO - Ashley Brown
[2023-10-01T15:20:04.894+0200] {logging_mixin.py:151} INFO - Christie Hogan
[2023-10-01T15:20:04.894+0200] {logging_mixin.py:151} INFO - Mark Heath
[2023-10-01T15:20:04.894+0200] {logging_mixin.py:151} INFO - Tiffany Cook
[2023-10-01T15:20:04.894+0200] {logging_mixin.py:151} INFO - Pamela Estrada
[2023-10-01T15:20:04.894+0200] {logging_mixin.py:151} INFO - Austin Simpson
[2023-10-01T15:20:04.894+0200] {logging_mixin.py:151} INFO - Andrew Williams
[2023-10-01T15:20:04.895+0200] {logging_mixin.py:151} INFO - Katherine Robinson
[2023-10-01T15:20:04.895+0200] {logging_mixin.py:151} INFO - Veronica Robinson
[2023-10-01T15:20:04.895+0200] {logging_mixin.py:151} INFO - David Cooper
[2023-10-01T15:20:04.895+0200] {logging_mixin.py:151} INFO - Zachary Cunningham
[2023-10-01T15:20:04.895+0200] {logging_mixin.py:151} INFO - Patrick Bell
[2023-10-01T15:20:04.895+0200] {logging_mixin.py:151} INFO - Deborah Villegas
[2023-10-01T15:20:04.895+0200] {logging_mixin.py:151} INFO - Robert Benjamin
[2023-10-01T15:20:04.895+0200] {logging_mixin.py:151} INFO - Jeff Jimenez
[2023-10-01T15:20:04.895+0200] {logging_mixin.py:151} INFO - Krista Ortiz
[2023-10-01T15:20:04.895+0200] {logging_mixin.py:151} INFO - James Reyes
[2023-10-01T15:20:04.896+0200] {logging_mixin.py:151} INFO - Yvette Hunter
[2023-10-01T15:20:04.896+0200] {logging_mixin.py:151} INFO - Ian Harvey
[2023-10-01T15:20:04.896+0200] {logging_mixin.py:151} INFO - Jonathan White
[2023-10-01T15:20:04.896+0200] {logging_mixin.py:151} INFO - Melvin Davis
[2023-10-01T15:20:04.896+0200] {logging_mixin.py:151} INFO - Daniel Nichols
[2023-10-01T15:20:04.896+0200] {logging_mixin.py:151} INFO - Kristen Harper
[2023-10-01T15:20:04.896+0200] {logging_mixin.py:151} INFO - David Woodard
[2023-10-01T15:20:04.896+0200] {logging_mixin.py:151} INFO - Francisco Hernandez
[2023-10-01T15:20:04.896+0200] {logging_mixin.py:151} INFO - Michael Strickland
[2023-10-01T15:20:04.896+0200] {logging_mixin.py:151} INFO - Janet Wang
[2023-10-01T15:20:04.897+0200] {logging_mixin.py:151} INFO - John Davis
[2023-10-01T15:20:04.897+0200] {logging_mixin.py:151} INFO - Rebecca Jones
[2023-10-01T15:20:04.897+0200] {logging_mixin.py:151} INFO - Rebecca Chavez
[2023-10-01T15:20:04.897+0200] {logging_mixin.py:151} INFO - Kara Stewart
[2023-10-01T15:20:04.897+0200] {logging_mixin.py:151} INFO - David Middleton
[2023-10-01T15:20:04.897+0200] {logging_mixin.py:151} INFO - Laurie Blair
[2023-10-01T15:20:04.897+0200] {logging_mixin.py:151} INFO - Sonya Roberson
[2023-10-01T15:20:04.897+0200] {logging_mixin.py:151} INFO - Matthew Hernandez
[2023-10-01T15:20:04.897+0200] {logging_mixin.py:151} INFO - James Morgan
[2023-10-01T15:20:04.897+0200] {logging_mixin.py:151} INFO - Kenneth Davis
[2023-10-01T15:20:04.898+0200] {logging_mixin.py:151} INFO - Tyler Sanchez
[2023-10-01T15:20:04.898+0200] {logging_mixin.py:151} INFO - Javier Miller
[2023-10-01T15:20:04.898+0200] {logging_mixin.py:151} INFO - Derrick Howard
[2023-10-01T15:20:04.898+0200] {logging_mixin.py:151} INFO - Laurie Jones
[2023-10-01T15:20:04.898+0200] {logging_mixin.py:151} INFO - Kenneth Jackson
[2023-10-01T15:20:04.898+0200] {logging_mixin.py:151} INFO - Jonathan Gaines
[2023-10-01T15:20:04.898+0200] {logging_mixin.py:151} INFO - Lindsay Gonzalez
[2023-10-01T15:20:04.898+0200] {logging_mixin.py:151} INFO - Christopher Fowler
[2023-10-01T15:20:04.898+0200] {logging_mixin.py:151} INFO - Michael Waters
[2023-10-01T15:20:04.898+0200] {logging_mixin.py:151} INFO - David Howard
[2023-10-01T15:20:04.898+0200] {logging_mixin.py:151} INFO - Jennifer Marshall
[2023-10-01T15:20:04.899+0200] {logging_mixin.py:151} INFO - Anthony Barr
[2023-10-01T15:20:04.899+0200] {logging_mixin.py:151} INFO - Patricia Price
[2023-10-01T15:20:04.899+0200] {logging_mixin.py:151} INFO - Lawrence Palmer
[2023-10-01T15:20:04.899+0200] {logging_mixin.py:151} INFO - Tracy Thompson
[2023-10-01T15:20:04.899+0200] {logging_mixin.py:151} INFO - Sydney Graham
[2023-10-01T15:20:04.899+0200] {logging_mixin.py:151} INFO - Allen Fitzgerald
[2023-10-01T15:20:04.899+0200] {logging_mixin.py:151} INFO - Rebecca Turner
[2023-10-01T15:20:04.899+0200] {logging_mixin.py:151} INFO - Kim Johnston
[2023-10-01T15:20:04.899+0200] {logging_mixin.py:151} INFO - Diana Smith
[2023-10-01T15:20:04.899+0200] {logging_mixin.py:151} INFO - Vanessa Robinson
[2023-10-01T15:20:04.900+0200] {logging_mixin.py:151} INFO - Mrs. Brittney Brown DDS
[2023-10-01T15:20:04.900+0200] {logging_mixin.py:151} INFO - Benjamin Wallace
[2023-10-01T15:20:04.900+0200] {logging_mixin.py:151} INFO - Linda Lawson
[2023-10-01T15:20:04.900+0200] {logging_mixin.py:151} INFO - Kevin Bartlett
[2023-10-01T15:20:04.900+0200] {logging_mixin.py:151} INFO - Christopher Clark
[2023-10-01T15:20:04.900+0200] {logging_mixin.py:151} INFO - Cindy Wilson
[2023-10-01T15:20:04.900+0200] {logging_mixin.py:151} INFO - Crystal Hicks
[2023-10-01T15:20:04.900+0200] {logging_mixin.py:151} INFO - Alyssa Bush
[2023-10-01T15:20:04.900+0200] {logging_mixin.py:151} INFO - Morgan Collins
[2023-10-01T15:20:04.900+0200] {logging_mixin.py:151} INFO - Linda Davis
[2023-10-01T15:20:04.901+0200] {logging_mixin.py:151} INFO - Mike Reed
[2023-10-01T15:20:04.901+0200] {logging_mixin.py:151} INFO - Robert Goodwin
[2023-10-01T15:20:04.901+0200] {logging_mixin.py:151} INFO - Alexis Ellis
[2023-10-01T15:20:04.901+0200] {logging_mixin.py:151} INFO - Emily Ortiz
[2023-10-01T15:20:04.901+0200] {logging_mixin.py:151} INFO - Andrew Scott
[2023-10-01T15:20:04.901+0200] {logging_mixin.py:151} INFO - Nathan Jones
[2023-10-01T15:20:04.901+0200] {logging_mixin.py:151} INFO - Vanessa Jones
[2023-10-01T15:20:04.901+0200] {logging_mixin.py:151} INFO - Jason Olson
[2023-10-01T15:20:04.902+0200] {logging_mixin.py:151} INFO - Haley Miller
[2023-10-01T15:20:04.902+0200] {logging_mixin.py:151} INFO - Pamela Lowery
[2023-10-01T15:20:04.902+0200] {logging_mixin.py:151} INFO - Eric Stokes
[2023-10-01T15:20:04.902+0200] {logging_mixin.py:151} INFO - Jennifer Chase
[2023-10-01T15:20:04.902+0200] {logging_mixin.py:151} INFO - Christopher Walker
[2023-10-01T15:20:04.902+0200] {logging_mixin.py:151} INFO - Lindsay Anderson
[2023-10-01T15:20:04.902+0200] {logging_mixin.py:151} INFO - Kathy Cisneros
[2023-10-01T15:20:04.902+0200] {logging_mixin.py:151} INFO - Cathy Jenkins
[2023-10-01T15:20:04.902+0200] {logging_mixin.py:151} INFO - David Coleman
[2023-10-01T15:20:04.903+0200] {logging_mixin.py:151} INFO - Caroline White
[2023-10-01T15:20:04.903+0200] {logging_mixin.py:151} INFO - Deanna Martinez
[2023-10-01T15:20:04.903+0200] {logging_mixin.py:151} INFO - Gloria Harris
[2023-10-01T15:20:04.903+0200] {logging_mixin.py:151} INFO - Tyler Short
[2023-10-01T15:20:04.903+0200] {logging_mixin.py:151} INFO - Jordan Contreras MD
[2023-10-01T15:20:04.903+0200] {logging_mixin.py:151} INFO - Kristine Watkins
[2023-10-01T15:20:04.903+0200] {logging_mixin.py:151} INFO - Renee Howard
[2023-10-01T15:20:04.903+0200] {logging_mixin.py:151} INFO - Stacy Palmer
[2023-10-01T15:20:04.903+0200] {logging_mixin.py:151} INFO - Joseph Knight
[2023-10-01T15:20:04.903+0200] {logging_mixin.py:151} INFO - Candace Bowen
[2023-10-01T15:20:04.903+0200] {logging_mixin.py:151} INFO - Timothy Green
[2023-10-01T15:20:04.904+0200] {logging_mixin.py:151} INFO - Anna Wright
[2023-10-01T15:20:04.904+0200] {logging_mixin.py:151} INFO - Charles Richard
[2023-10-01T15:20:04.904+0200] {logging_mixin.py:151} INFO - Richard Gay
[2023-10-01T15:20:04.904+0200] {logging_mixin.py:151} INFO - Brent Flowers
[2023-10-01T15:20:04.904+0200] {logging_mixin.py:151} INFO - Danielle Hunt
[2023-10-01T15:20:04.904+0200] {logging_mixin.py:151} INFO - Lori Reed
[2023-10-01T15:20:04.904+0200] {logging_mixin.py:151} INFO - Jennifer Cervantes
[2023-10-01T15:20:04.904+0200] {logging_mixin.py:151} INFO - Elizabeth Davis
[2023-10-01T15:20:04.904+0200] {logging_mixin.py:151} INFO - Tyrone Park
[2023-10-01T15:20:04.904+0200] {logging_mixin.py:151} INFO - Christine Mejia
[2023-10-01T15:20:04.905+0200] {logging_mixin.py:151} INFO - Ashley Woodward
[2023-10-01T15:20:04.905+0200] {logging_mixin.py:151} INFO - Michael Mayo
[2023-10-01T15:20:04.905+0200] {logging_mixin.py:151} INFO - Clinton Johnson
[2023-10-01T15:20:04.905+0200] {logging_mixin.py:151} INFO - Sandra Burns
[2023-10-01T15:20:04.905+0200] {logging_mixin.py:151} INFO - Steven Carlson
[2023-10-01T15:20:04.905+0200] {logging_mixin.py:151} INFO - Aaron Wilkerson
[2023-10-01T15:20:04.905+0200] {logging_mixin.py:151} INFO - Amber Key
[2023-10-01T15:20:04.905+0200] {logging_mixin.py:151} INFO - Theodore Reese
[2023-10-01T15:20:04.905+0200] {logging_mixin.py:151} INFO - Michael Torres
[2023-10-01T15:20:04.905+0200] {logging_mixin.py:151} INFO - Kimberly Burke
[2023-10-01T15:20:04.906+0200] {logging_mixin.py:151} INFO - Shawn Ross
[2023-10-01T15:20:04.906+0200] {logging_mixin.py:151} INFO - Shannon Morton
[2023-10-01T15:20:04.906+0200] {logging_mixin.py:151} INFO - Nicholas Mendoza
[2023-10-01T15:20:04.906+0200] {logging_mixin.py:151} INFO - Cameron Blankenship
[2023-10-01T15:20:04.906+0200] {logging_mixin.py:151} INFO - Connor Valencia
[2023-10-01T15:20:04.906+0200] {logging_mixin.py:151} INFO - Preston Luna
[2023-10-01T15:20:04.906+0200] {logging_mixin.py:151} INFO - Riley Carter
[2023-10-01T15:20:04.906+0200] {logging_mixin.py:151} INFO - Sarah Hill
[2023-10-01T15:20:04.906+0200] {logging_mixin.py:151} INFO - Jason Anderson DVM
[2023-10-01T15:20:04.906+0200] {logging_mixin.py:151} INFO - Karen Carson
[2023-10-01T15:20:04.906+0200] {logging_mixin.py:151} INFO - Mrs. Courtney Jenkins
[2023-10-01T15:20:04.907+0200] {logging_mixin.py:151} INFO - Jonathan Gomez
[2023-10-01T15:20:04.907+0200] {logging_mixin.py:151} INFO - Benjamin Smith
[2023-10-01T15:20:04.907+0200] {logging_mixin.py:151} INFO - Adam Wilson
[2023-10-01T15:20:04.907+0200] {logging_mixin.py:151} INFO - Amanda Evans
[2023-10-01T15:20:04.907+0200] {logging_mixin.py:151} INFO - Steven David
[2023-10-01T15:20:04.907+0200] {logging_mixin.py:151} INFO - Charles Ali
[2023-10-01T15:20:04.907+0200] {logging_mixin.py:151} INFO - Cory Spencer
[2023-10-01T15:20:04.907+0200] {logging_mixin.py:151} INFO - Cynthia Howard
[2023-10-01T15:20:04.907+0200] {logging_mixin.py:151} INFO - Kelsey Wiggins
[2023-10-01T15:20:04.907+0200] {logging_mixin.py:151} INFO - Angela Jackson
[2023-10-01T15:20:04.908+0200] {logging_mixin.py:151} INFO - Patricia Freeman
[2023-10-01T15:20:04.908+0200] {logging_mixin.py:151} INFO - Megan Roy
[2023-10-01T15:20:04.908+0200] {logging_mixin.py:151} INFO - Stacy Smith
[2023-10-01T15:20:04.908+0200] {logging_mixin.py:151} INFO - Linda Khan
[2023-10-01T15:20:04.908+0200] {logging_mixin.py:151} INFO - David Archer
[2023-10-01T15:20:04.908+0200] {logging_mixin.py:151} INFO - Andrew Foster
[2023-10-01T15:20:04.908+0200] {logging_mixin.py:151} INFO - Jacob Thomas
[2023-10-01T15:20:04.908+0200] {logging_mixin.py:151} INFO - Sean Hill
[2023-10-01T15:20:04.908+0200] {logging_mixin.py:151} INFO - Taylor Miller
[2023-10-01T15:20:04.908+0200] {logging_mixin.py:151} INFO - Jamie White
[2023-10-01T15:20:04.909+0200] {logging_mixin.py:151} INFO - Rachel Odonnell
[2023-10-01T15:20:04.909+0200] {logging_mixin.py:151} INFO - Gary Pineda
[2023-10-01T15:20:04.909+0200] {logging_mixin.py:151} INFO - Donald Fisher
[2023-10-01T15:20:04.909+0200] {logging_mixin.py:151} INFO - James Gross
[2023-10-01T15:20:04.909+0200] {logging_mixin.py:151} INFO - Jacob Jones
[2023-10-01T15:20:04.909+0200] {logging_mixin.py:151} INFO - Virginia Cabrera
[2023-10-01T15:20:04.909+0200] {logging_mixin.py:151} INFO - Michael Maxwell
[2023-10-01T15:20:04.909+0200] {logging_mixin.py:151} INFO - Summer Wyatt
[2023-10-01T15:20:04.909+0200] {logging_mixin.py:151} INFO - Ronnie Gonzales
[2023-10-01T15:20:04.909+0200] {logging_mixin.py:151} INFO - Rebekah Johnson
[2023-10-01T15:20:04.910+0200] {logging_mixin.py:151} INFO - Michael Rodriguez
[2023-10-01T15:20:04.910+0200] {logging_mixin.py:151} INFO - Jessica Walters
[2023-10-01T15:20:04.910+0200] {logging_mixin.py:151} INFO - Erica Castro
[2023-10-01T15:20:04.910+0200] {logging_mixin.py:151} INFO - Kristin Glover
[2023-10-01T15:20:04.910+0200] {logging_mixin.py:151} INFO - Monica Peterson
[2023-10-01T15:20:04.910+0200] {logging_mixin.py:151} INFO - Kelly Mcfarland
[2023-10-01T15:20:04.910+0200] {logging_mixin.py:151} INFO - Heather Strong
[2023-10-01T15:20:04.910+0200] {logging_mixin.py:151} INFO - Jason Mahoney
[2023-10-01T15:20:04.910+0200] {logging_mixin.py:151} INFO - Christopher Webb
[2023-10-01T15:20:04.910+0200] {logging_mixin.py:151} INFO - Jordan Figueroa
[2023-10-01T15:20:04.911+0200] {logging_mixin.py:151} INFO - Holly Burke
[2023-10-01T15:20:04.912+0200] {python.py:194} INFO - Done. Returned value was: None
[2023-10-01T15:20:04.915+0200] {taskinstance.py:1398} INFO - Marking task as SUCCESS. dag_id=MYFIRSTDAG, task_id=convertCSVToJson, execution_date=20231001T092000, start_date=20231001T132004, end_date=20231001T132004
[2023-10-01T15:20:04.967+0200] {local_task_job_runner.py:228} INFO - Task exited with return code 0
[2023-10-01T15:20:04.978+0200] {taskinstance.py:2776} INFO - 0 downstream tasks scheduled from follow-on schedule check
