[2023-09-29T21:46:55.200+0200] {processor.py:157} INFO - Started process (PID=18703) to work on /home/radtrz/.local/lib/python3.10/site-packages/airflow/example_dags/plugins/event_listener.py
[2023-09-29T21:46:55.201+0200] {processor.py:829} INFO - Processing file /home/radtrz/.local/lib/python3.10/site-packages/airflow/example_dags/plugins/event_listener.py for tasks to queue
[2023-09-29T21:46:55.201+0200] {logging_mixin.py:151} INFO - [2023-09-29T21:46:55.201+0200] {dagbag.py:539} INFO - Filling up the DagBag from /home/radtrz/.local/lib/python3.10/site-packages/airflow/example_dags/plugins/event_listener.py
[2023-09-29T21:46:55.202+0200] {processor.py:841} WARNING - No viable dags retrieved from /home/radtrz/.local/lib/python3.10/site-packages/airflow/example_dags/plugins/event_listener.py
[2023-09-29T21:46:55.206+0200] {processor.py:179} INFO - Processing /home/radtrz/.local/lib/python3.10/site-packages/airflow/example_dags/plugins/event_listener.py took 0.008 seconds
[2023-09-29T21:47:40.523+0200] {processor.py:157} INFO - Started process (PID=18896) to work on /home/radtrz/.local/lib/python3.10/site-packages/airflow/example_dags/plugins/event_listener.py
[2023-09-29T21:47:40.531+0200] {processor.py:829} INFO - Processing file /home/radtrz/.local/lib/python3.10/site-packages/airflow/example_dags/plugins/event_listener.py for tasks to queue
[2023-09-29T21:47:40.532+0200] {logging_mixin.py:151} INFO - [2023-09-29T21:47:40.532+0200] {dagbag.py:539} INFO - Filling up the DagBag from /home/radtrz/.local/lib/python3.10/site-packages/airflow/example_dags/plugins/event_listener.py
[2023-09-29T21:47:40.533+0200] {processor.py:841} WARNING - No viable dags retrieved from /home/radtrz/.local/lib/python3.10/site-packages/airflow/example_dags/plugins/event_listener.py
[2023-09-29T21:47:40.538+0200] {processor.py:179} INFO - Processing /home/radtrz/.local/lib/python3.10/site-packages/airflow/example_dags/plugins/event_listener.py took 0.017 seconds
[2023-09-29T21:48:26.823+0200] {processor.py:157} INFO - Started process (PID=19086) to work on /home/radtrz/.local/lib/python3.10/site-packages/airflow/example_dags/plugins/event_listener.py
[2023-09-29T21:48:26.831+0200] {processor.py:829} INFO - Processing file /home/radtrz/.local/lib/python3.10/site-packages/airflow/example_dags/plugins/event_listener.py for tasks to queue
[2023-09-29T21:48:26.832+0200] {logging_mixin.py:151} INFO - [2023-09-29T21:48:26.831+0200] {dagbag.py:539} INFO - Filling up the DagBag from /home/radtrz/.local/lib/python3.10/site-packages/airflow/example_dags/plugins/event_listener.py
[2023-09-29T21:48:26.833+0200] {processor.py:841} WARNING - No viable dags retrieved from /home/radtrz/.local/lib/python3.10/site-packages/airflow/example_dags/plugins/event_listener.py
[2023-09-29T21:48:26.837+0200] {processor.py:179} INFO - Processing /home/radtrz/.local/lib/python3.10/site-packages/airflow/example_dags/plugins/event_listener.py took 0.016 seconds
[2023-09-29T21:49:09.923+0200] {processor.py:157} INFO - Started process (PID=19137) to work on /home/radtrz/.local/lib/python3.10/site-packages/airflow/example_dags/plugins/event_listener.py
[2023-09-29T21:49:09.931+0200] {processor.py:829} INFO - Processing file /home/radtrz/.local/lib/python3.10/site-packages/airflow/example_dags/plugins/event_listener.py for tasks to queue
[2023-09-29T21:49:09.931+0200] {logging_mixin.py:151} INFO - [2023-09-29T21:49:09.931+0200] {dagbag.py:539} INFO - Filling up the DagBag from /home/radtrz/.local/lib/python3.10/site-packages/airflow/example_dags/plugins/event_listener.py
[2023-09-29T21:49:09.933+0200] {processor.py:841} WARNING - No viable dags retrieved from /home/radtrz/.local/lib/python3.10/site-packages/airflow/example_dags/plugins/event_listener.py
[2023-09-29T21:49:09.937+0200] {processor.py:179} INFO - Processing /home/radtrz/.local/lib/python3.10/site-packages/airflow/example_dags/plugins/event_listener.py took 0.017 seconds
[2023-09-29T21:50:26.238+0200] {processor.py:157} INFO - Started process (PID=19263) to work on /home/radtrz/.local/lib/python3.10/site-packages/airflow/example_dags/plugins/event_listener.py
[2023-09-29T21:50:26.239+0200] {processor.py:829} INFO - Processing file /home/radtrz/.local/lib/python3.10/site-packages/airflow/example_dags/plugins/event_listener.py for tasks to queue
[2023-09-29T21:50:26.239+0200] {logging_mixin.py:151} INFO - [2023-09-29T21:50:26.239+0200] {dagbag.py:539} INFO - Filling up the DagBag from /home/radtrz/.local/lib/python3.10/site-packages/airflow/example_dags/plugins/event_listener.py
[2023-09-29T21:50:26.240+0200] {processor.py:841} WARNING - No viable dags retrieved from /home/radtrz/.local/lib/python3.10/site-packages/airflow/example_dags/plugins/event_listener.py
[2023-09-29T21:50:26.245+0200] {processor.py:179} INFO - Processing /home/radtrz/.local/lib/python3.10/site-packages/airflow/example_dags/plugins/event_listener.py took 0.008 seconds
[2023-09-29T21:51:11.189+0200] {processor.py:157} INFO - Started process (PID=19315) to work on /home/radtrz/.local/lib/python3.10/site-packages/airflow/example_dags/plugins/event_listener.py
[2023-09-29T21:51:11.197+0200] {processor.py:829} INFO - Processing file /home/radtrz/.local/lib/python3.10/site-packages/airflow/example_dags/plugins/event_listener.py for tasks to queue
[2023-09-29T21:51:11.198+0200] {logging_mixin.py:151} INFO - [2023-09-29T21:51:11.197+0200] {dagbag.py:539} INFO - Filling up the DagBag from /home/radtrz/.local/lib/python3.10/site-packages/airflow/example_dags/plugins/event_listener.py
[2023-09-29T21:51:11.199+0200] {processor.py:841} WARNING - No viable dags retrieved from /home/radtrz/.local/lib/python3.10/site-packages/airflow/example_dags/plugins/event_listener.py
[2023-09-29T21:51:11.203+0200] {processor.py:179} INFO - Processing /home/radtrz/.local/lib/python3.10/site-packages/airflow/example_dags/plugins/event_listener.py took 0.017 seconds
[2023-09-29T21:51:54.045+0200] {processor.py:157} INFO - Started process (PID=19377) to work on /home/radtrz/.local/lib/python3.10/site-packages/airflow/example_dags/plugins/event_listener.py
[2023-09-29T21:51:54.054+0200] {processor.py:829} INFO - Processing file /home/radtrz/.local/lib/python3.10/site-packages/airflow/example_dags/plugins/event_listener.py for tasks to queue
[2023-09-29T21:51:54.055+0200] {logging_mixin.py:151} INFO - [2023-09-29T21:51:54.055+0200] {dagbag.py:539} INFO - Filling up the DagBag from /home/radtrz/.local/lib/python3.10/site-packages/airflow/example_dags/plugins/event_listener.py
[2023-09-29T21:51:54.056+0200] {processor.py:841} WARNING - No viable dags retrieved from /home/radtrz/.local/lib/python3.10/site-packages/airflow/example_dags/plugins/event_listener.py
[2023-09-29T21:51:54.061+0200] {processor.py:179} INFO - Processing /home/radtrz/.local/lib/python3.10/site-packages/airflow/example_dags/plugins/event_listener.py took 0.018 seconds
[2023-09-29T21:52:38.011+0200] {processor.py:157} INFO - Started process (PID=19433) to work on /home/radtrz/.local/lib/python3.10/site-packages/airflow/example_dags/plugins/event_listener.py
[2023-09-29T21:52:38.019+0200] {processor.py:829} INFO - Processing file /home/radtrz/.local/lib/python3.10/site-packages/airflow/example_dags/plugins/event_listener.py for tasks to queue
[2023-09-29T21:52:38.020+0200] {logging_mixin.py:151} INFO - [2023-09-29T21:52:38.019+0200] {dagbag.py:539} INFO - Filling up the DagBag from /home/radtrz/.local/lib/python3.10/site-packages/airflow/example_dags/plugins/event_listener.py
[2023-09-29T21:52:38.021+0200] {processor.py:841} WARNING - No viable dags retrieved from /home/radtrz/.local/lib/python3.10/site-packages/airflow/example_dags/plugins/event_listener.py
[2023-09-29T21:52:38.027+0200] {processor.py:179} INFO - Processing /home/radtrz/.local/lib/python3.10/site-packages/airflow/example_dags/plugins/event_listener.py took 0.018 seconds
[2023-09-29T21:53:20.818+0200] {processor.py:157} INFO - Started process (PID=19490) to work on /home/radtrz/.local/lib/python3.10/site-packages/airflow/example_dags/plugins/event_listener.py
[2023-09-29T21:53:20.827+0200] {processor.py:829} INFO - Processing file /home/radtrz/.local/lib/python3.10/site-packages/airflow/example_dags/plugins/event_listener.py for tasks to queue
[2023-09-29T21:53:20.827+0200] {logging_mixin.py:151} INFO - [2023-09-29T21:53:20.827+0200] {dagbag.py:539} INFO - Filling up the DagBag from /home/radtrz/.local/lib/python3.10/site-packages/airflow/example_dags/plugins/event_listener.py
[2023-09-29T21:53:20.828+0200] {processor.py:841} WARNING - No viable dags retrieved from /home/radtrz/.local/lib/python3.10/site-packages/airflow/example_dags/plugins/event_listener.py
[2023-09-29T21:53:20.833+0200] {processor.py:179} INFO - Processing /home/radtrz/.local/lib/python3.10/site-packages/airflow/example_dags/plugins/event_listener.py took 0.016 seconds
[2023-09-29T21:54:04.786+0200] {processor.py:157} INFO - Started process (PID=19545) to work on /home/radtrz/.local/lib/python3.10/site-packages/airflow/example_dags/plugins/event_listener.py
[2023-09-29T21:54:04.795+0200] {processor.py:829} INFO - Processing file /home/radtrz/.local/lib/python3.10/site-packages/airflow/example_dags/plugins/event_listener.py for tasks to queue
[2023-09-29T21:54:04.795+0200] {logging_mixin.py:151} INFO - [2023-09-29T21:54:04.795+0200] {dagbag.py:539} INFO - Filling up the DagBag from /home/radtrz/.local/lib/python3.10/site-packages/airflow/example_dags/plugins/event_listener.py
[2023-09-29T21:54:04.796+0200] {processor.py:841} WARNING - No viable dags retrieved from /home/radtrz/.local/lib/python3.10/site-packages/airflow/example_dags/plugins/event_listener.py
[2023-09-29T21:54:04.802+0200] {processor.py:179} INFO - Processing /home/radtrz/.local/lib/python3.10/site-packages/airflow/example_dags/plugins/event_listener.py took 0.017 seconds
[2023-09-29T21:55:04.947+0200] {processor.py:157} INFO - Started process (PID=19700) to work on /home/radtrz/.local/lib/python3.10/site-packages/airflow/example_dags/plugins/event_listener.py
[2023-09-29T21:55:04.956+0200] {processor.py:829} INFO - Processing file /home/radtrz/.local/lib/python3.10/site-packages/airflow/example_dags/plugins/event_listener.py for tasks to queue
[2023-09-29T21:55:04.956+0200] {logging_mixin.py:151} INFO - [2023-09-29T21:55:04.956+0200] {dagbag.py:539} INFO - Filling up the DagBag from /home/radtrz/.local/lib/python3.10/site-packages/airflow/example_dags/plugins/event_listener.py
[2023-09-29T21:55:04.957+0200] {processor.py:841} WARNING - No viable dags retrieved from /home/radtrz/.local/lib/python3.10/site-packages/airflow/example_dags/plugins/event_listener.py
[2023-09-29T21:55:04.962+0200] {processor.py:179} INFO - Processing /home/radtrz/.local/lib/python3.10/site-packages/airflow/example_dags/plugins/event_listener.py took 0.016 seconds
