[2023-10-01T19:41:30.998+0200] {taskinstance.py:1157} INFO - Dependencies all met for dep_context=non-requeueable deps ti=<TaskInstance: MYDBDAG.QueryPostGreSQL scheduled__2023-10-01T01:50:00+00:00 [queued]>
[2023-10-01T19:41:31.001+0200] {taskinstance.py:1157} INFO - Dependencies all met for dep_context=requeueable deps ti=<TaskInstance: MYDBDAG.QueryPostGreSQL scheduled__2023-10-01T01:50:00+00:00 [queued]>
[2023-10-01T19:41:31.001+0200] {taskinstance.py:1359} INFO - Starting attempt 1 of 2
[2023-10-01T19:41:31.010+0200] {taskinstance.py:1380} INFO - Executing <Task(PythonOperator): QueryPostGreSQL> on 2023-10-01 01:50:00+00:00
[2023-10-01T19:41:31.014+0200] {standard_task_runner.py:57} INFO - Started process 78745 to run task
[2023-10-01T19:41:31.016+0200] {standard_task_runner.py:84} INFO - Running: ['airflow', 'tasks', 'run', 'MYDBDAG', 'QueryPostGreSQL', 'scheduled__2023-10-01T01:50:00+00:00', '--job-id', '2145', '--raw', '--subdir', 'DAGS_FOLDER/databaseDAG.py', '--cfg-path', '/tmp/tmphwt4bk10']
[2023-10-01T19:41:31.017+0200] {standard_task_runner.py:85} INFO - Job 2145: Subtask QueryPostGreSQL
[2023-10-01T19:41:31.033+0200] {task_command.py:415} INFO - Running <TaskInstance: MYDBDAG.QueryPostGreSQL scheduled__2023-10-01T01:50:00+00:00 [running]> on host radtrz-B450-AORUS-ELITE
[2023-10-01T19:41:31.067+0200] {taskinstance.py:1660} INFO - Exporting env vars: AIRFLOW_CTX_DAG_OWNER='radtrz' AIRFLOW_CTX_DAG_ID='MYDBDAG' AIRFLOW_CTX_TASK_ID='QueryPostGreSQL' AIRFLOW_CTX_EXECUTION_DATE='2023-10-01T01:50:00+00:00' AIRFLOW_CTX_TRY_NUMBER='1' AIRFLOW_CTX_DAG_RUN_ID='scheduled__2023-10-01T01:50:00+00:00'
[2023-10-01T19:41:31.076+0200] {logging_mixin.py:151} WARNING - /home/radtrz/airflow/dags/databaseDAG.py:23 UserWarning: pandas only supports SQLAlchemy connectable (engine/connection) or database string URI or sqlite3 DBAPI2 connection. Other DBAPI2 objects are not tested. Please consider using SQLAlchemy.
[2023-10-01T19:41:31.081+0200] {logging_mixin.py:151} INFO - ---------DataSaved--------
[2023-10-01T19:41:31.081+0200] {python.py:194} INFO - Done. Returned value was: None
[2023-10-01T19:41:31.084+0200] {taskinstance.py:1398} INFO - Marking task as SUCCESS. dag_id=MYDBDAG, task_id=QueryPostGreSQL, execution_date=20231001T015000, start_date=20231001T174130, end_date=20231001T174131
[2023-10-01T19:41:31.107+0200] {local_task_job_runner.py:228} INFO - Task exited with return code 0
[2023-10-01T19:41:31.115+0200] {taskinstance.py:2776} INFO - 1 downstream tasks scheduled from follow-on schedule check
[2023-10-01T19:45:08.060+0200] {taskinstance.py:1157} INFO - Dependencies all met for dep_context=non-requeueable deps ti=<TaskInstance: MYDBDAG.QueryPostGreSQL scheduled__2023-10-01T01:50:00+00:00 [queued]>
[2023-10-01T19:45:08.063+0200] {taskinstance.py:1157} INFO - Dependencies all met for dep_context=requeueable deps ti=<TaskInstance: MYDBDAG.QueryPostGreSQL scheduled__2023-10-01T01:50:00+00:00 [queued]>
[2023-10-01T19:45:08.063+0200] {taskinstance.py:1359} INFO - Starting attempt 1 of 2
[2023-10-01T19:45:08.071+0200] {taskinstance.py:1380} INFO - Executing <Task(PythonOperator): QueryPostGreSQL> on 2023-10-01 01:50:00+00:00
[2023-10-01T19:45:08.074+0200] {standard_task_runner.py:57} INFO - Started process 79985 to run task
[2023-10-01T19:45:08.076+0200] {standard_task_runner.py:84} INFO - Running: ['airflow', 'tasks', 'run', 'MYDBDAG', 'QueryPostGreSQL', 'scheduled__2023-10-01T01:50:00+00:00', '--job-id', '2124', '--raw', '--subdir', 'DAGS_FOLDER/databaseDAG.py', '--cfg-path', '/tmp/tmpi3272kpj']
[2023-10-01T19:45:08.077+0200] {standard_task_runner.py:85} INFO - Job 2124: Subtask QueryPostGreSQL
[2023-10-01T19:45:08.093+0200] {task_command.py:415} INFO - Running <TaskInstance: MYDBDAG.QueryPostGreSQL scheduled__2023-10-01T01:50:00+00:00 [running]> on host radtrz-B450-AORUS-ELITE
[2023-10-01T19:45:08.130+0200] {taskinstance.py:1660} INFO - Exporting env vars: AIRFLOW_CTX_DAG_OWNER='radtrz' AIRFLOW_CTX_DAG_ID='MYDBDAG' AIRFLOW_CTX_TASK_ID='QueryPostGreSQL' AIRFLOW_CTX_EXECUTION_DATE='2023-10-01T01:50:00+00:00' AIRFLOW_CTX_TRY_NUMBER='1' AIRFLOW_CTX_DAG_RUN_ID='scheduled__2023-10-01T01:50:00+00:00'
[2023-10-01T19:45:08.139+0200] {logging_mixin.py:151} WARNING - /home/radtrz/airflow/dags/databaseDAG.py:23 UserWarning: pandas only supports SQLAlchemy connectable (engine/connection) or database string URI or sqlite3 DBAPI2 connection. Other DBAPI2 objects are not tested. Please consider using SQLAlchemy.
[2023-10-01T19:45:08.144+0200] {logging_mixin.py:151} INFO - ---------DataSaved--------
[2023-10-01T19:45:08.144+0200] {python.py:194} INFO - Done. Returned value was: None
[2023-10-01T19:45:08.147+0200] {taskinstance.py:1398} INFO - Marking task as SUCCESS. dag_id=MYDBDAG, task_id=QueryPostGreSQL, execution_date=20231001T015000, start_date=20231001T174508, end_date=20231001T174508
[2023-10-01T19:45:08.167+0200] {local_task_job_runner.py:228} INFO - Task exited with return code 0
[2023-10-01T19:45:08.175+0200] {taskinstance.py:2776} INFO - 1 downstream tasks scheduled from follow-on schedule check
