[2023-10-01T19:41:48.388+0200] {taskinstance.py:1157} INFO - Dependencies all met for dep_context=non-requeueable deps ti=<TaskInstance: MYDBDAG.QueryPostGreSQL scheduled__2023-10-01T02:20:00+00:00 [queued]>
[2023-10-01T19:41:48.391+0200] {taskinstance.py:1157} INFO - Dependencies all met for dep_context=requeueable deps ti=<TaskInstance: MYDBDAG.QueryPostGreSQL scheduled__2023-10-01T02:20:00+00:00 [queued]>
[2023-10-01T19:41:48.391+0200] {taskinstance.py:1359} INFO - Starting attempt 1 of 2
[2023-10-01T19:41:48.399+0200] {taskinstance.py:1380} INFO - Executing <Task(PythonOperator): QueryPostGreSQL> on 2023-10-01 02:20:00+00:00
[2023-10-01T19:41:48.402+0200] {standard_task_runner.py:57} INFO - Started process 78937 to run task
[2023-10-01T19:41:48.403+0200] {standard_task_runner.py:84} INFO - Running: ['airflow', 'tasks', 'run', 'MYDBDAG', 'QueryPostGreSQL', 'scheduled__2023-10-01T02:20:00+00:00', '--job-id', '2157', '--raw', '--subdir', 'DAGS_FOLDER/databaseDAG.py', '--cfg-path', '/tmp/tmpagyfyaxm']
[2023-10-01T19:41:48.404+0200] {standard_task_runner.py:85} INFO - Job 2157: Subtask QueryPostGreSQL
[2023-10-01T19:41:48.421+0200] {task_command.py:415} INFO - Running <TaskInstance: MYDBDAG.QueryPostGreSQL scheduled__2023-10-01T02:20:00+00:00 [running]> on host radtrz-B450-AORUS-ELITE
[2023-10-01T19:41:48.458+0200] {taskinstance.py:1660} INFO - Exporting env vars: AIRFLOW_CTX_DAG_OWNER='radtrz' AIRFLOW_CTX_DAG_ID='MYDBDAG' AIRFLOW_CTX_TASK_ID='QueryPostGreSQL' AIRFLOW_CTX_EXECUTION_DATE='2023-10-01T02:20:00+00:00' AIRFLOW_CTX_TRY_NUMBER='1' AIRFLOW_CTX_DAG_RUN_ID='scheduled__2023-10-01T02:20:00+00:00'
[2023-10-01T19:41:48.468+0200] {logging_mixin.py:151} WARNING - /home/radtrz/airflow/dags/databaseDAG.py:23 UserWarning: pandas only supports SQLAlchemy connectable (engine/connection) or database string URI or sqlite3 DBAPI2 connection. Other DBAPI2 objects are not tested. Please consider using SQLAlchemy.
[2023-10-01T19:41:48.472+0200] {logging_mixin.py:151} INFO - ---------DataSaved--------
[2023-10-01T19:41:48.472+0200] {python.py:194} INFO - Done. Returned value was: None
[2023-10-01T19:41:48.475+0200] {taskinstance.py:1398} INFO - Marking task as SUCCESS. dag_id=MYDBDAG, task_id=QueryPostGreSQL, execution_date=20231001T022000, start_date=20231001T174148, end_date=20231001T174148
[2023-10-01T19:41:48.494+0200] {local_task_job_runner.py:228} INFO - Task exited with return code 0
[2023-10-01T19:41:48.502+0200] {taskinstance.py:2776} INFO - 1 downstream tasks scheduled from follow-on schedule check
[2023-10-01T19:45:41.947+0200] {taskinstance.py:1157} INFO - Dependencies all met for dep_context=non-requeueable deps ti=<TaskInstance: MYDBDAG.QueryPostGreSQL scheduled__2023-10-01T02:20:00+00:00 [queued]>
[2023-10-01T19:45:41.951+0200] {taskinstance.py:1157} INFO - Dependencies all met for dep_context=requeueable deps ti=<TaskInstance: MYDBDAG.QueryPostGreSQL scheduled__2023-10-01T02:20:00+00:00 [queued]>
[2023-10-01T19:45:41.951+0200] {taskinstance.py:1359} INFO - Starting attempt 1 of 2
[2023-10-01T19:45:41.958+0200] {taskinstance.py:1380} INFO - Executing <Task(PythonOperator): QueryPostGreSQL> on 2023-10-01 02:20:00+00:00
[2023-10-01T19:45:41.962+0200] {standard_task_runner.py:57} INFO - Started process 80193 to run task
[2023-10-01T19:45:41.963+0200] {standard_task_runner.py:84} INFO - Running: ['airflow', 'tasks', 'run', 'MYDBDAG', 'QueryPostGreSQL', 'scheduled__2023-10-01T02:20:00+00:00', '--job-id', '2136', '--raw', '--subdir', 'DAGS_FOLDER/databaseDAG.py', '--cfg-path', '/tmp/tmpgya79dm0']
[2023-10-01T19:45:41.965+0200] {standard_task_runner.py:85} INFO - Job 2136: Subtask QueryPostGreSQL
[2023-10-01T19:45:41.983+0200] {task_command.py:415} INFO - Running <TaskInstance: MYDBDAG.QueryPostGreSQL scheduled__2023-10-01T02:20:00+00:00 [running]> on host radtrz-B450-AORUS-ELITE
[2023-10-01T19:45:42.027+0200] {taskinstance.py:1660} INFO - Exporting env vars: AIRFLOW_CTX_DAG_OWNER='radtrz' AIRFLOW_CTX_DAG_ID='MYDBDAG' AIRFLOW_CTX_TASK_ID='QueryPostGreSQL' AIRFLOW_CTX_EXECUTION_DATE='2023-10-01T02:20:00+00:00' AIRFLOW_CTX_TRY_NUMBER='1' AIRFLOW_CTX_DAG_RUN_ID='scheduled__2023-10-01T02:20:00+00:00'
[2023-10-01T19:45:42.038+0200] {logging_mixin.py:151} WARNING - /home/radtrz/airflow/dags/databaseDAG.py:23 UserWarning: pandas only supports SQLAlchemy connectable (engine/connection) or database string URI or sqlite3 DBAPI2 connection. Other DBAPI2 objects are not tested. Please consider using SQLAlchemy.
[2023-10-01T19:45:42.043+0200] {logging_mixin.py:151} INFO - ---------DataSaved--------
[2023-10-01T19:45:42.043+0200] {python.py:194} INFO - Done. Returned value was: None
[2023-10-01T19:45:42.046+0200] {taskinstance.py:1398} INFO - Marking task as SUCCESS. dag_id=MYDBDAG, task_id=QueryPostGreSQL, execution_date=20231001T022000, start_date=20231001T174541, end_date=20231001T174542
[2023-10-01T19:45:42.095+0200] {local_task_job_runner.py:228} INFO - Task exited with return code 0
[2023-10-01T19:45:42.103+0200] {taskinstance.py:2776} INFO - 1 downstream tasks scheduled from follow-on schedule check
