[2023-10-01T19:35:43.819+0200] {taskinstance.py:1157} INFO - Dependencies all met for dep_context=non-requeueable deps ti=<TaskInstance: MYDBDAG.QueryPostGreSQL scheduled__2023-10-01T00:30:00+00:00 [queued]>
[2023-10-01T19:35:43.822+0200] {taskinstance.py:1157} INFO - Dependencies all met for dep_context=requeueable deps ti=<TaskInstance: MYDBDAG.QueryPostGreSQL scheduled__2023-10-01T00:30:00+00:00 [queued]>
[2023-10-01T19:35:43.822+0200] {taskinstance.py:1359} INFO - Starting attempt 1 of 2
[2023-10-01T19:35:43.829+0200] {taskinstance.py:1380} INFO - Executing <Task(PythonOperator): QueryPostGreSQL> on 2023-10-01 00:30:00+00:00
[2023-10-01T19:35:43.832+0200] {standard_task_runner.py:57} INFO - Started process 77351 to run task
[2023-10-01T19:35:43.834+0200] {standard_task_runner.py:84} INFO - Running: ['airflow', 'tasks', 'run', 'MYDBDAG', 'QueryPostGreSQL', 'scheduled__2023-10-01T00:30:00+00:00', '--job-id', '2093', '--raw', '--subdir', 'DAGS_FOLDER/databaseDAG.py', '--cfg-path', '/tmp/tmpc838q8zu']
[2023-10-01T19:35:43.835+0200] {standard_task_runner.py:85} INFO - Job 2093: Subtask QueryPostGreSQL
[2023-10-01T19:35:43.854+0200] {task_command.py:415} INFO - Running <TaskInstance: MYDBDAG.QueryPostGreSQL scheduled__2023-10-01T00:30:00+00:00 [running]> on host radtrz-B450-AORUS-ELITE
[2023-10-01T19:35:43.891+0200] {taskinstance.py:1660} INFO - Exporting env vars: AIRFLOW_CTX_DAG_OWNER='radtrz' AIRFLOW_CTX_DAG_ID='MYDBDAG' AIRFLOW_CTX_TASK_ID='QueryPostGreSQL' AIRFLOW_CTX_EXECUTION_DATE='2023-10-01T00:30:00+00:00' AIRFLOW_CTX_TRY_NUMBER='1' AIRFLOW_CTX_DAG_RUN_ID='scheduled__2023-10-01T00:30:00+00:00'
[2023-10-01T19:35:43.901+0200] {logging_mixin.py:151} WARNING - /home/radtrz/airflow/dags/databaseDAG.py:23 UserWarning: pandas only supports SQLAlchemy connectable (engine/connection) or database string URI or sqlite3 DBAPI2 connection. Other DBAPI2 objects are not tested. Please consider using SQLAlchemy.
[2023-10-01T19:35:43.906+0200] {logging_mixin.py:151} INFO - ---------DataSaved--------
[2023-10-01T19:35:43.906+0200] {python.py:194} INFO - Done. Returned value was: None
[2023-10-01T19:35:43.909+0200] {taskinstance.py:1398} INFO - Marking task as SUCCESS. dag_id=MYDBDAG, task_id=QueryPostGreSQL, execution_date=20231001T003000, start_date=20231001T173543, end_date=20231001T173543
[2023-10-01T19:35:43.925+0200] {local_task_job_runner.py:228} INFO - Task exited with return code 0
[2023-10-01T19:35:43.933+0200] {taskinstance.py:2776} INFO - 1 downstream tasks scheduled from follow-on schedule check
[2023-10-01T19:43:32.205+0200] {taskinstance.py:1157} INFO - Dependencies all met for dep_context=non-requeueable deps ti=<TaskInstance: MYDBDAG.QueryPostGreSQL scheduled__2023-10-01T00:30:00+00:00 [queued]>
[2023-10-01T19:43:32.208+0200] {taskinstance.py:1157} INFO - Dependencies all met for dep_context=requeueable deps ti=<TaskInstance: MYDBDAG.QueryPostGreSQL scheduled__2023-10-01T00:30:00+00:00 [queued]>
[2023-10-01T19:43:32.208+0200] {taskinstance.py:1359} INFO - Starting attempt 1 of 2
[2023-10-01T19:43:32.215+0200] {taskinstance.py:1380} INFO - Executing <Task(PythonOperator): QueryPostGreSQL> on 2023-10-01 00:30:00+00:00
[2023-10-01T19:43:32.219+0200] {standard_task_runner.py:57} INFO - Started process 79379 to run task
[2023-10-01T19:43:32.221+0200] {standard_task_runner.py:84} INFO - Running: ['airflow', 'tasks', 'run', 'MYDBDAG', 'QueryPostGreSQL', 'scheduled__2023-10-01T00:30:00+00:00', '--job-id', '2091', '--raw', '--subdir', 'DAGS_FOLDER/databaseDAG.py', '--cfg-path', '/tmp/tmp3u3p75_e']
[2023-10-01T19:43:32.221+0200] {standard_task_runner.py:85} INFO - Job 2091: Subtask QueryPostGreSQL
[2023-10-01T19:43:32.238+0200] {task_command.py:415} INFO - Running <TaskInstance: MYDBDAG.QueryPostGreSQL scheduled__2023-10-01T00:30:00+00:00 [running]> on host radtrz-B450-AORUS-ELITE
[2023-10-01T19:43:32.275+0200] {taskinstance.py:1660} INFO - Exporting env vars: AIRFLOW_CTX_DAG_OWNER='radtrz' AIRFLOW_CTX_DAG_ID='MYDBDAG' AIRFLOW_CTX_TASK_ID='QueryPostGreSQL' AIRFLOW_CTX_EXECUTION_DATE='2023-10-01T00:30:00+00:00' AIRFLOW_CTX_TRY_NUMBER='1' AIRFLOW_CTX_DAG_RUN_ID='scheduled__2023-10-01T00:30:00+00:00'
[2023-10-01T19:43:32.285+0200] {logging_mixin.py:151} WARNING - /home/radtrz/airflow/dags/databaseDAG.py:23 UserWarning: pandas only supports SQLAlchemy connectable (engine/connection) or database string URI or sqlite3 DBAPI2 connection. Other DBAPI2 objects are not tested. Please consider using SQLAlchemy.
[2023-10-01T19:43:32.290+0200] {logging_mixin.py:151} INFO - ---------DataSaved--------
[2023-10-01T19:43:32.290+0200] {python.py:194} INFO - Done. Returned value was: None
[2023-10-01T19:43:32.293+0200] {taskinstance.py:1398} INFO - Marking task as SUCCESS. dag_id=MYDBDAG, task_id=QueryPostGreSQL, execution_date=20231001T003000, start_date=20231001T174332, end_date=20231001T174332
[2023-10-01T19:43:32.312+0200] {local_task_job_runner.py:228} INFO - Task exited with return code 0
[2023-10-01T19:43:32.320+0200] {taskinstance.py:2776} INFO - 1 downstream tasks scheduled from follow-on schedule check
