[2023-10-01T19:41:19.144+0200] {taskinstance.py:1157} INFO - Dependencies all met for dep_context=non-requeueable deps ti=<TaskInstance: MYDBDAG.QueryPostGreSQL scheduled__2023-10-01T01:30:00+00:00 [queued]>
[2023-10-01T19:41:19.147+0200] {taskinstance.py:1157} INFO - Dependencies all met for dep_context=requeueable deps ti=<TaskInstance: MYDBDAG.QueryPostGreSQL scheduled__2023-10-01T01:30:00+00:00 [queued]>
[2023-10-01T19:41:19.147+0200] {taskinstance.py:1359} INFO - Starting attempt 1 of 2
[2023-10-01T19:41:19.154+0200] {taskinstance.py:1380} INFO - Executing <Task(PythonOperator): QueryPostGreSQL> on 2023-10-01 01:30:00+00:00
[2023-10-01T19:41:19.158+0200] {standard_task_runner.py:57} INFO - Started process 78617 to run task
[2023-10-01T19:41:19.159+0200] {standard_task_runner.py:84} INFO - Running: ['airflow', 'tasks', 'run', 'MYDBDAG', 'QueryPostGreSQL', 'scheduled__2023-10-01T01:30:00+00:00', '--job-id', '2137', '--raw', '--subdir', 'DAGS_FOLDER/databaseDAG.py', '--cfg-path', '/tmp/tmph32n0tat']
[2023-10-01T19:41:19.160+0200] {standard_task_runner.py:85} INFO - Job 2137: Subtask QueryPostGreSQL
[2023-10-01T19:41:19.177+0200] {task_command.py:415} INFO - Running <TaskInstance: MYDBDAG.QueryPostGreSQL scheduled__2023-10-01T01:30:00+00:00 [running]> on host radtrz-B450-AORUS-ELITE
[2023-10-01T19:41:19.211+0200] {taskinstance.py:1660} INFO - Exporting env vars: AIRFLOW_CTX_DAG_OWNER='radtrz' AIRFLOW_CTX_DAG_ID='MYDBDAG' AIRFLOW_CTX_TASK_ID='QueryPostGreSQL' AIRFLOW_CTX_EXECUTION_DATE='2023-10-01T01:30:00+00:00' AIRFLOW_CTX_TRY_NUMBER='1' AIRFLOW_CTX_DAG_RUN_ID='scheduled__2023-10-01T01:30:00+00:00'
[2023-10-01T19:41:19.221+0200] {logging_mixin.py:151} WARNING - /home/radtrz/airflow/dags/databaseDAG.py:23 UserWarning: pandas only supports SQLAlchemy connectable (engine/connection) or database string URI or sqlite3 DBAPI2 connection. Other DBAPI2 objects are not tested. Please consider using SQLAlchemy.
[2023-10-01T19:41:19.226+0200] {logging_mixin.py:151} INFO - ---------DataSaved--------
[2023-10-01T19:41:19.226+0200] {python.py:194} INFO - Done. Returned value was: None
[2023-10-01T19:41:19.229+0200] {taskinstance.py:1398} INFO - Marking task as SUCCESS. dag_id=MYDBDAG, task_id=QueryPostGreSQL, execution_date=20231001T013000, start_date=20231001T174119, end_date=20231001T174119
[2023-10-01T19:41:19.251+0200] {local_task_job_runner.py:228} INFO - Task exited with return code 0
[2023-10-01T19:41:19.259+0200] {taskinstance.py:2776} INFO - 1 downstream tasks scheduled from follow-on schedule check
[2023-10-01T19:44:40.979+0200] {taskinstance.py:1157} INFO - Dependencies all met for dep_context=non-requeueable deps ti=<TaskInstance: MYDBDAG.QueryPostGreSQL scheduled__2023-10-01T01:30:00+00:00 [queued]>
[2023-10-01T19:44:40.982+0200] {taskinstance.py:1157} INFO - Dependencies all met for dep_context=requeueable deps ti=<TaskInstance: MYDBDAG.QueryPostGreSQL scheduled__2023-10-01T01:30:00+00:00 [queued]>
[2023-10-01T19:44:40.982+0200] {taskinstance.py:1359} INFO - Starting attempt 1 of 2
[2023-10-01T19:44:40.990+0200] {taskinstance.py:1380} INFO - Executing <Task(PythonOperator): QueryPostGreSQL> on 2023-10-01 01:30:00+00:00
[2023-10-01T19:44:40.993+0200] {standard_task_runner.py:57} INFO - Started process 79832 to run task
[2023-10-01T19:44:40.994+0200] {standard_task_runner.py:84} INFO - Running: ['airflow', 'tasks', 'run', 'MYDBDAG', 'QueryPostGreSQL', 'scheduled__2023-10-01T01:30:00+00:00', '--job-id', '2115', '--raw', '--subdir', 'DAGS_FOLDER/databaseDAG.py', '--cfg-path', '/tmp/tmpzc04_88i']
[2023-10-01T19:44:40.995+0200] {standard_task_runner.py:85} INFO - Job 2115: Subtask QueryPostGreSQL
[2023-10-01T19:44:41.012+0200] {task_command.py:415} INFO - Running <TaskInstance: MYDBDAG.QueryPostGreSQL scheduled__2023-10-01T01:30:00+00:00 [running]> on host radtrz-B450-AORUS-ELITE
[2023-10-01T19:44:41.050+0200] {taskinstance.py:1660} INFO - Exporting env vars: AIRFLOW_CTX_DAG_OWNER='radtrz' AIRFLOW_CTX_DAG_ID='MYDBDAG' AIRFLOW_CTX_TASK_ID='QueryPostGreSQL' AIRFLOW_CTX_EXECUTION_DATE='2023-10-01T01:30:00+00:00' AIRFLOW_CTX_TRY_NUMBER='1' AIRFLOW_CTX_DAG_RUN_ID='scheduled__2023-10-01T01:30:00+00:00'
[2023-10-01T19:44:41.061+0200] {logging_mixin.py:151} WARNING - /home/radtrz/airflow/dags/databaseDAG.py:23 UserWarning: pandas only supports SQLAlchemy connectable (engine/connection) or database string URI or sqlite3 DBAPI2 connection. Other DBAPI2 objects are not tested. Please consider using SQLAlchemy.
[2023-10-01T19:44:41.067+0200] {logging_mixin.py:151} INFO - ---------DataSaved--------
[2023-10-01T19:44:41.067+0200] {python.py:194} INFO - Done. Returned value was: None
[2023-10-01T19:44:41.071+0200] {taskinstance.py:1398} INFO - Marking task as SUCCESS. dag_id=MYDBDAG, task_id=QueryPostGreSQL, execution_date=20231001T013000, start_date=20231001T174440, end_date=20231001T174441
[2023-10-01T19:44:41.086+0200] {local_task_job_runner.py:228} INFO - Task exited with return code 0
[2023-10-01T19:44:41.094+0200] {taskinstance.py:2776} INFO - 1 downstream tasks scheduled from follow-on schedule check
