[2023-10-01T19:41:39.594+0200] {taskinstance.py:1157} INFO - Dependencies all met for dep_context=non-requeueable deps ti=<TaskInstance: MYDBDAG.QueryPostGreSQL scheduled__2023-10-01T02:05:00+00:00 [queued]>
[2023-10-01T19:41:39.597+0200] {taskinstance.py:1157} INFO - Dependencies all met for dep_context=requeueable deps ti=<TaskInstance: MYDBDAG.QueryPostGreSQL scheduled__2023-10-01T02:05:00+00:00 [queued]>
[2023-10-01T19:41:39.597+0200] {taskinstance.py:1359} INFO - Starting attempt 1 of 2
[2023-10-01T19:41:39.605+0200] {taskinstance.py:1380} INFO - Executing <Task(PythonOperator): QueryPostGreSQL> on 2023-10-01 02:05:00+00:00
[2023-10-01T19:41:39.608+0200] {standard_task_runner.py:57} INFO - Started process 78828 to run task
[2023-10-01T19:41:39.610+0200] {standard_task_runner.py:84} INFO - Running: ['airflow', 'tasks', 'run', 'MYDBDAG', 'QueryPostGreSQL', 'scheduled__2023-10-01T02:05:00+00:00', '--job-id', '2151', '--raw', '--subdir', 'DAGS_FOLDER/databaseDAG.py', '--cfg-path', '/tmp/tmpdhvgvp_b']
[2023-10-01T19:41:39.611+0200] {standard_task_runner.py:85} INFO - Job 2151: Subtask QueryPostGreSQL
[2023-10-01T19:41:39.629+0200] {task_command.py:415} INFO - Running <TaskInstance: MYDBDAG.QueryPostGreSQL scheduled__2023-10-01T02:05:00+00:00 [running]> on host radtrz-B450-AORUS-ELITE
[2023-10-01T19:41:39.665+0200] {taskinstance.py:1660} INFO - Exporting env vars: AIRFLOW_CTX_DAG_OWNER='radtrz' AIRFLOW_CTX_DAG_ID='MYDBDAG' AIRFLOW_CTX_TASK_ID='QueryPostGreSQL' AIRFLOW_CTX_EXECUTION_DATE='2023-10-01T02:05:00+00:00' AIRFLOW_CTX_TRY_NUMBER='1' AIRFLOW_CTX_DAG_RUN_ID='scheduled__2023-10-01T02:05:00+00:00'
[2023-10-01T19:41:39.675+0200] {logging_mixin.py:151} WARNING - /home/radtrz/airflow/dags/databaseDAG.py:23 UserWarning: pandas only supports SQLAlchemy connectable (engine/connection) or database string URI or sqlite3 DBAPI2 connection. Other DBAPI2 objects are not tested. Please consider using SQLAlchemy.
[2023-10-01T19:41:39.680+0200] {logging_mixin.py:151} INFO - ---------DataSaved--------
[2023-10-01T19:41:39.680+0200] {python.py:194} INFO - Done. Returned value was: None
[2023-10-01T19:41:39.683+0200] {taskinstance.py:1398} INFO - Marking task as SUCCESS. dag_id=MYDBDAG, task_id=QueryPostGreSQL, execution_date=20231001T020500, start_date=20231001T174139, end_date=20231001T174139
[2023-10-01T19:41:39.701+0200] {local_task_job_runner.py:228} INFO - Task exited with return code 0
[2023-10-01T19:41:39.709+0200] {taskinstance.py:2776} INFO - 1 downstream tasks scheduled from follow-on schedule check
[2023-10-01T19:45:25.298+0200] {taskinstance.py:1157} INFO - Dependencies all met for dep_context=non-requeueable deps ti=<TaskInstance: MYDBDAG.QueryPostGreSQL scheduled__2023-10-01T02:05:00+00:00 [queued]>
[2023-10-01T19:45:25.301+0200] {taskinstance.py:1157} INFO - Dependencies all met for dep_context=requeueable deps ti=<TaskInstance: MYDBDAG.QueryPostGreSQL scheduled__2023-10-01T02:05:00+00:00 [queued]>
[2023-10-01T19:45:25.301+0200] {taskinstance.py:1359} INFO - Starting attempt 1 of 2
[2023-10-01T19:45:25.308+0200] {taskinstance.py:1380} INFO - Executing <Task(PythonOperator): QueryPostGreSQL> on 2023-10-01 02:05:00+00:00
[2023-10-01T19:45:25.311+0200] {standard_task_runner.py:57} INFO - Started process 80101 to run task
[2023-10-01T19:45:25.313+0200] {standard_task_runner.py:84} INFO - Running: ['airflow', 'tasks', 'run', 'MYDBDAG', 'QueryPostGreSQL', 'scheduled__2023-10-01T02:05:00+00:00', '--job-id', '2130', '--raw', '--subdir', 'DAGS_FOLDER/databaseDAG.py', '--cfg-path', '/tmp/tmpc4kimjd5']
[2023-10-01T19:45:25.314+0200] {standard_task_runner.py:85} INFO - Job 2130: Subtask QueryPostGreSQL
[2023-10-01T19:45:25.332+0200] {task_command.py:415} INFO - Running <TaskInstance: MYDBDAG.QueryPostGreSQL scheduled__2023-10-01T02:05:00+00:00 [running]> on host radtrz-B450-AORUS-ELITE
[2023-10-01T19:45:25.370+0200] {taskinstance.py:1660} INFO - Exporting env vars: AIRFLOW_CTX_DAG_OWNER='radtrz' AIRFLOW_CTX_DAG_ID='MYDBDAG' AIRFLOW_CTX_TASK_ID='QueryPostGreSQL' AIRFLOW_CTX_EXECUTION_DATE='2023-10-01T02:05:00+00:00' AIRFLOW_CTX_TRY_NUMBER='1' AIRFLOW_CTX_DAG_RUN_ID='scheduled__2023-10-01T02:05:00+00:00'
[2023-10-01T19:45:25.379+0200] {logging_mixin.py:151} WARNING - /home/radtrz/airflow/dags/databaseDAG.py:23 UserWarning: pandas only supports SQLAlchemy connectable (engine/connection) or database string URI or sqlite3 DBAPI2 connection. Other DBAPI2 objects are not tested. Please consider using SQLAlchemy.
[2023-10-01T19:45:25.384+0200] {logging_mixin.py:151} INFO - ---------DataSaved--------
[2023-10-01T19:45:25.384+0200] {python.py:194} INFO - Done. Returned value was: None
[2023-10-01T19:45:25.387+0200] {taskinstance.py:1398} INFO - Marking task as SUCCESS. dag_id=MYDBDAG, task_id=QueryPostGreSQL, execution_date=20231001T020500, start_date=20231001T174525, end_date=20231001T174525
[2023-10-01T19:45:25.404+0200] {local_task_job_runner.py:228} INFO - Task exited with return code 0
[2023-10-01T19:45:25.412+0200] {taskinstance.py:2776} INFO - 1 downstream tasks scheduled from follow-on schedule check
