[2023-10-01T19:41:21.974+0200] {taskinstance.py:1157} INFO - Dependencies all met for dep_context=non-requeueable deps ti=<TaskInstance: MYDBDAG.QueryPostGreSQL scheduled__2023-10-01T01:35:00+00:00 [queued]>
[2023-10-01T19:41:21.977+0200] {taskinstance.py:1157} INFO - Dependencies all met for dep_context=requeueable deps ti=<TaskInstance: MYDBDAG.QueryPostGreSQL scheduled__2023-10-01T01:35:00+00:00 [queued]>
[2023-10-01T19:41:21.977+0200] {taskinstance.py:1359} INFO - Starting attempt 1 of 2
[2023-10-01T19:41:21.985+0200] {taskinstance.py:1380} INFO - Executing <Task(PythonOperator): QueryPostGreSQL> on 2023-10-01 01:35:00+00:00
[2023-10-01T19:41:21.988+0200] {standard_task_runner.py:57} INFO - Started process 78651 to run task
[2023-10-01T19:41:21.990+0200] {standard_task_runner.py:84} INFO - Running: ['airflow', 'tasks', 'run', 'MYDBDAG', 'QueryPostGreSQL', 'scheduled__2023-10-01T01:35:00+00:00', '--job-id', '2139', '--raw', '--subdir', 'DAGS_FOLDER/databaseDAG.py', '--cfg-path', '/tmp/tmpw6zv6fi1']
[2023-10-01T19:41:21.991+0200] {standard_task_runner.py:85} INFO - Job 2139: Subtask QueryPostGreSQL
[2023-10-01T19:41:22.009+0200] {task_command.py:415} INFO - Running <TaskInstance: MYDBDAG.QueryPostGreSQL scheduled__2023-10-01T01:35:00+00:00 [running]> on host radtrz-B450-AORUS-ELITE
[2023-10-01T19:41:22.043+0200] {taskinstance.py:1660} INFO - Exporting env vars: AIRFLOW_CTX_DAG_OWNER='radtrz' AIRFLOW_CTX_DAG_ID='MYDBDAG' AIRFLOW_CTX_TASK_ID='QueryPostGreSQL' AIRFLOW_CTX_EXECUTION_DATE='2023-10-01T01:35:00+00:00' AIRFLOW_CTX_TRY_NUMBER='1' AIRFLOW_CTX_DAG_RUN_ID='scheduled__2023-10-01T01:35:00+00:00'
[2023-10-01T19:41:22.054+0200] {logging_mixin.py:151} WARNING - /home/radtrz/airflow/dags/databaseDAG.py:23 UserWarning: pandas only supports SQLAlchemy connectable (engine/connection) or database string URI or sqlite3 DBAPI2 connection. Other DBAPI2 objects are not tested. Please consider using SQLAlchemy.
[2023-10-01T19:41:22.058+0200] {logging_mixin.py:151} INFO - ---------DataSaved--------
[2023-10-01T19:41:22.059+0200] {python.py:194} INFO - Done. Returned value was: None
[2023-10-01T19:41:22.061+0200] {taskinstance.py:1398} INFO - Marking task as SUCCESS. dag_id=MYDBDAG, task_id=QueryPostGreSQL, execution_date=20231001T013500, start_date=20231001T174121, end_date=20231001T174122
[2023-10-01T19:41:22.081+0200] {local_task_job_runner.py:228} INFO - Task exited with return code 0
[2023-10-01T19:41:22.090+0200] {taskinstance.py:2776} INFO - 1 downstream tasks scheduled from follow-on schedule check
[2023-10-01T19:44:51.243+0200] {taskinstance.py:1157} INFO - Dependencies all met for dep_context=non-requeueable deps ti=<TaskInstance: MYDBDAG.QueryPostGreSQL scheduled__2023-10-01T01:35:00+00:00 [queued]>
[2023-10-01T19:44:51.246+0200] {taskinstance.py:1157} INFO - Dependencies all met for dep_context=requeueable deps ti=<TaskInstance: MYDBDAG.QueryPostGreSQL scheduled__2023-10-01T01:35:00+00:00 [queued]>
[2023-10-01T19:44:51.247+0200] {taskinstance.py:1359} INFO - Starting attempt 1 of 2
[2023-10-01T19:44:51.254+0200] {taskinstance.py:1380} INFO - Executing <Task(PythonOperator): QueryPostGreSQL> on 2023-10-01 01:35:00+00:00
[2023-10-01T19:44:51.257+0200] {standard_task_runner.py:57} INFO - Started process 79888 to run task
[2023-10-01T19:44:51.258+0200] {standard_task_runner.py:84} INFO - Running: ['airflow', 'tasks', 'run', 'MYDBDAG', 'QueryPostGreSQL', 'scheduled__2023-10-01T01:35:00+00:00', '--job-id', '2118', '--raw', '--subdir', 'DAGS_FOLDER/databaseDAG.py', '--cfg-path', '/tmp/tmpznwia5so']
[2023-10-01T19:44:51.259+0200] {standard_task_runner.py:85} INFO - Job 2118: Subtask QueryPostGreSQL
[2023-10-01T19:44:51.275+0200] {task_command.py:415} INFO - Running <TaskInstance: MYDBDAG.QueryPostGreSQL scheduled__2023-10-01T01:35:00+00:00 [running]> on host radtrz-B450-AORUS-ELITE
[2023-10-01T19:44:51.313+0200] {taskinstance.py:1660} INFO - Exporting env vars: AIRFLOW_CTX_DAG_OWNER='radtrz' AIRFLOW_CTX_DAG_ID='MYDBDAG' AIRFLOW_CTX_TASK_ID='QueryPostGreSQL' AIRFLOW_CTX_EXECUTION_DATE='2023-10-01T01:35:00+00:00' AIRFLOW_CTX_TRY_NUMBER='1' AIRFLOW_CTX_DAG_RUN_ID='scheduled__2023-10-01T01:35:00+00:00'
[2023-10-01T19:44:51.323+0200] {logging_mixin.py:151} WARNING - /home/radtrz/airflow/dags/databaseDAG.py:23 UserWarning: pandas only supports SQLAlchemy connectable (engine/connection) or database string URI or sqlite3 DBAPI2 connection. Other DBAPI2 objects are not tested. Please consider using SQLAlchemy.
[2023-10-01T19:44:51.327+0200] {logging_mixin.py:151} INFO - ---------DataSaved--------
[2023-10-01T19:44:51.327+0200] {python.py:194} INFO - Done. Returned value was: None
[2023-10-01T19:44:51.330+0200] {taskinstance.py:1398} INFO - Marking task as SUCCESS. dag_id=MYDBDAG, task_id=QueryPostGreSQL, execution_date=20231001T013500, start_date=20231001T174451, end_date=20231001T174451
[2023-10-01T19:44:51.349+0200] {local_task_job_runner.py:228} INFO - Task exited with return code 0
[2023-10-01T19:44:51.358+0200] {taskinstance.py:2776} INFO - 1 downstream tasks scheduled from follow-on schedule check
