[2023-10-09T21:23:37.242+0200] {processor.py:157} INFO - Started process (PID=33125) to work on /home/radtrz/airflow/dags/cleaningDatadag.py
[2023-10-09T21:23:37.243+0200] {processor.py:829} INFO - Processing file /home/radtrz/airflow/dags/cleaningDatadag.py for tasks to queue
[2023-10-09T21:23:37.243+0200] {logging_mixin.py:151} INFO - [2023-10-09T21:23:37.243+0200] {dagbag.py:539} INFO - Filling up the DagBag from /home/radtrz/airflow/dags/cleaningDatadag.py
[2023-10-09T21:23:37.414+0200] {processor.py:839} INFO - DAG(s) dict_keys(['CleanData']) retrieved from /home/radtrz/airflow/dags/cleaningDatadag.py
[2023-10-09T21:23:37.564+0200] {logging_mixin.py:151} INFO - [2023-10-09T21:23:37.564+0200] {manager.py:499} INFO - Created Permission View: %s
[2023-10-09T21:23:37.570+0200] {logging_mixin.py:151} INFO - [2023-10-09T21:23:37.570+0200] {manager.py:499} INFO - Created Permission View: %s
[2023-10-09T21:23:37.575+0200] {logging_mixin.py:151} INFO - [2023-10-09T21:23:37.575+0200] {manager.py:499} INFO - Created Permission View: %s
[2023-10-09T21:23:37.575+0200] {logging_mixin.py:151} INFO - [2023-10-09T21:23:37.575+0200] {security.py:708} INFO - Not syncing DAG-level permissions for DAG 'DAG:CleanData' as access control is unset.
[2023-10-09T21:23:37.575+0200] {logging_mixin.py:151} INFO - [2023-10-09T21:23:37.575+0200] {dag.py:2915} INFO - Sync 1 DAGs
[2023-10-09T21:23:37.581+0200] {logging_mixin.py:151} INFO - [2023-10-09T21:23:37.581+0200] {dag.py:2937} INFO - Creating ORM DAG for CleanData
[2023-10-09T21:23:37.585+0200] {logging_mixin.py:151} INFO - [2023-10-09T21:23:37.585+0200] {dag.py:3696} INFO - Setting next_dagrun for CleanData to 2023-10-09T00:00:00+00:00, run_after=2023-10-09T00:05:00+00:00
[2023-10-09T21:23:37.594+0200] {processor.py:179} INFO - Processing /home/radtrz/airflow/dags/cleaningDatadag.py took 0.354 seconds
[2023-10-09T21:24:08.456+0200] {processor.py:157} INFO - Started process (PID=33177) to work on /home/radtrz/airflow/dags/cleaningDatadag.py
[2023-10-09T21:24:08.464+0200] {processor.py:829} INFO - Processing file /home/radtrz/airflow/dags/cleaningDatadag.py for tasks to queue
[2023-10-09T21:24:08.465+0200] {logging_mixin.py:151} INFO - [2023-10-09T21:24:08.465+0200] {dagbag.py:539} INFO - Filling up the DagBag from /home/radtrz/airflow/dags/cleaningDatadag.py
[2023-10-09T21:24:08.633+0200] {processor.py:839} INFO - DAG(s) dict_keys(['CleanData']) retrieved from /home/radtrz/airflow/dags/cleaningDatadag.py
[2023-10-09T21:24:08.644+0200] {logging_mixin.py:151} INFO - [2023-10-09T21:24:08.644+0200] {dag.py:2915} INFO - Sync 1 DAGs
[2023-10-09T21:24:08.739+0200] {logging_mixin.py:151} INFO - [2023-10-09T21:24:08.738+0200] {dag.py:3696} INFO - Setting next_dagrun for CleanData to 2023-10-09T00:00:00+00:00, run_after=2023-10-09T00:05:00+00:00
[2023-10-09T21:24:08.760+0200] {processor.py:179} INFO - Processing /home/radtrz/airflow/dags/cleaningDatadag.py took 0.307 seconds
[2023-10-09T21:24:39.320+0200] {processor.py:157} INFO - Started process (PID=33357) to work on /home/radtrz/airflow/dags/cleaningDatadag.py
[2023-10-09T21:24:39.329+0200] {processor.py:829} INFO - Processing file /home/radtrz/airflow/dags/cleaningDatadag.py for tasks to queue
[2023-10-09T21:24:39.330+0200] {logging_mixin.py:151} INFO - [2023-10-09T21:24:39.329+0200] {dagbag.py:539} INFO - Filling up the DagBag from /home/radtrz/airflow/dags/cleaningDatadag.py
[2023-10-09T21:24:39.506+0200] {processor.py:839} INFO - DAG(s) dict_keys(['CleanData']) retrieved from /home/radtrz/airflow/dags/cleaningDatadag.py
[2023-10-09T21:24:39.518+0200] {logging_mixin.py:151} INFO - [2023-10-09T21:24:39.518+0200] {dag.py:2915} INFO - Sync 1 DAGs
[2023-10-09T21:24:39.620+0200] {logging_mixin.py:151} INFO - [2023-10-09T21:24:39.620+0200] {dag.py:3696} INFO - Setting next_dagrun for CleanData to 2023-10-09T00:50:00+00:00, run_after=2023-10-09T00:55:00+00:00
[2023-10-09T21:24:39.631+0200] {processor.py:179} INFO - Processing /home/radtrz/airflow/dags/cleaningDatadag.py took 0.313 seconds
[2023-10-09T21:25:10.684+0200] {processor.py:157} INFO - Started process (PID=33491) to work on /home/radtrz/airflow/dags/cleaningDatadag.py
[2023-10-09T21:25:10.693+0200] {processor.py:829} INFO - Processing file /home/radtrz/airflow/dags/cleaningDatadag.py for tasks to queue
[2023-10-09T21:25:10.693+0200] {logging_mixin.py:151} INFO - [2023-10-09T21:25:10.693+0200] {dagbag.py:539} INFO - Filling up the DagBag from /home/radtrz/airflow/dags/cleaningDatadag.py
[2023-10-09T21:25:10.865+0200] {processor.py:839} INFO - DAG(s) dict_keys(['CleanData']) retrieved from /home/radtrz/airflow/dags/cleaningDatadag.py
[2023-10-09T21:25:10.960+0200] {logging_mixin.py:151} INFO - [2023-10-09T21:25:10.959+0200] {dag.py:2915} INFO - Sync 1 DAGs
[2023-10-09T21:25:10.979+0200] {processor.py:179} INFO - Processing /home/radtrz/airflow/dags/cleaningDatadag.py took 0.297 seconds
[2023-10-09T21:25:23.584+0200] {processor.py:157} INFO - Started process (PID=33520) to work on /home/radtrz/airflow/dags/cleaningDatadag.py
[2023-10-09T21:25:23.584+0200] {processor.py:829} INFO - Processing file /home/radtrz/airflow/dags/cleaningDatadag.py for tasks to queue
[2023-10-09T21:25:23.585+0200] {logging_mixin.py:151} INFO - [2023-10-09T21:25:23.584+0200] {dagbag.py:539} INFO - Filling up the DagBag from /home/radtrz/airflow/dags/cleaningDatadag.py
[2023-10-09T21:25:23.765+0200] {processor.py:839} INFO - DAG(s) dict_keys(['CleanData']) retrieved from /home/radtrz/airflow/dags/cleaningDatadag.py
[2023-10-09T21:25:23.862+0200] {logging_mixin.py:151} INFO - [2023-10-09T21:25:23.862+0200] {dag.py:2915} INFO - Sync 1 DAGs
[2023-10-09T21:25:23.890+0200] {processor.py:179} INFO - Processing /home/radtrz/airflow/dags/cleaningDatadag.py took 0.309 seconds
[2023-10-09T21:25:33.720+0200] {processor.py:157} INFO - Started process (PID=33535) to work on /home/radtrz/airflow/dags/cleaningDatadag.py
[2023-10-09T21:25:33.729+0200] {processor.py:829} INFO - Processing file /home/radtrz/airflow/dags/cleaningDatadag.py for tasks to queue
[2023-10-09T21:25:33.729+0200] {logging_mixin.py:151} INFO - [2023-10-09T21:25:33.729+0200] {dagbag.py:539} INFO - Filling up the DagBag from /home/radtrz/airflow/dags/cleaningDatadag.py
[2023-10-09T21:25:33.907+0200] {processor.py:839} INFO - DAG(s) dict_keys(['CleanData']) retrieved from /home/radtrz/airflow/dags/cleaningDatadag.py
[2023-10-09T21:25:34.005+0200] {logging_mixin.py:151} INFO - [2023-10-09T21:25:34.005+0200] {dag.py:2915} INFO - Sync 1 DAGs
[2023-10-09T21:25:34.033+0200] {processor.py:179} INFO - Processing /home/radtrz/airflow/dags/cleaningDatadag.py took 0.315 seconds
[2023-10-09T21:25:35.074+0200] {processor.py:157} INFO - Started process (PID=33548) to work on /home/radtrz/airflow/dags/cleaningDatadag.py
[2023-10-09T21:25:35.074+0200] {processor.py:829} INFO - Processing file /home/radtrz/airflow/dags/cleaningDatadag.py for tasks to queue
[2023-10-09T21:25:35.075+0200] {logging_mixin.py:151} INFO - [2023-10-09T21:25:35.075+0200] {dagbag.py:539} INFO - Filling up the DagBag from /home/radtrz/airflow/dags/cleaningDatadag.py
[2023-10-09T21:25:35.252+0200] {processor.py:839} INFO - DAG(s) dict_keys(['CleanData']) retrieved from /home/radtrz/airflow/dags/cleaningDatadag.py
[2023-10-09T21:25:35.347+0200] {logging_mixin.py:151} INFO - [2023-10-09T21:25:35.347+0200] {dag.py:2915} INFO - Sync 1 DAGs
[2023-10-09T21:25:35.385+0200] {processor.py:179} INFO - Processing /home/radtrz/airflow/dags/cleaningDatadag.py took 0.314 seconds
[2023-10-09T21:25:36.565+0200] {processor.py:157} INFO - Started process (PID=33561) to work on /home/radtrz/airflow/dags/cleaningDatadag.py
[2023-10-09T21:25:36.565+0200] {processor.py:829} INFO - Processing file /home/radtrz/airflow/dags/cleaningDatadag.py for tasks to queue
[2023-10-09T21:25:36.566+0200] {logging_mixin.py:151} INFO - [2023-10-09T21:25:36.566+0200] {dagbag.py:539} INFO - Filling up the DagBag from /home/radtrz/airflow/dags/cleaningDatadag.py
[2023-10-09T21:25:36.742+0200] {processor.py:839} INFO - DAG(s) dict_keys(['CleanData']) retrieved from /home/radtrz/airflow/dags/cleaningDatadag.py
[2023-10-09T21:25:36.837+0200] {logging_mixin.py:151} INFO - [2023-10-09T21:25:36.837+0200] {dag.py:2915} INFO - Sync 1 DAGs
[2023-10-09T21:25:36.860+0200] {processor.py:179} INFO - Processing /home/radtrz/airflow/dags/cleaningDatadag.py took 0.297 seconds
[2023-10-09T21:26:06.935+0200] {processor.py:157} INFO - Started process (PID=33621) to work on /home/radtrz/airflow/dags/cleaningDatadag.py
[2023-10-09T21:26:06.944+0200] {processor.py:829} INFO - Processing file /home/radtrz/airflow/dags/cleaningDatadag.py for tasks to queue
[2023-10-09T21:26:06.944+0200] {logging_mixin.py:151} INFO - [2023-10-09T21:26:06.944+0200] {dagbag.py:539} INFO - Filling up the DagBag from /home/radtrz/airflow/dags/cleaningDatadag.py
[2023-10-09T21:26:07.116+0200] {processor.py:839} INFO - DAG(s) dict_keys(['CleanData']) retrieved from /home/radtrz/airflow/dags/cleaningDatadag.py
[2023-10-09T21:26:07.212+0200] {logging_mixin.py:151} INFO - [2023-10-09T21:26:07.212+0200] {dag.py:2915} INFO - Sync 1 DAGs
[2023-10-09T21:26:07.232+0200] {processor.py:179} INFO - Processing /home/radtrz/airflow/dags/cleaningDatadag.py took 0.299 seconds
[2023-10-09T21:26:08.377+0200] {processor.py:157} INFO - Started process (PID=33634) to work on /home/radtrz/airflow/dags/cleaningDatadag.py
[2023-10-09T21:26:08.377+0200] {processor.py:829} INFO - Processing file /home/radtrz/airflow/dags/cleaningDatadag.py for tasks to queue
[2023-10-09T21:26:08.383+0200] {logging_mixin.py:151} INFO - [2023-10-09T21:26:08.377+0200] {dagbag.py:539} INFO - Filling up the DagBag from /home/radtrz/airflow/dags/cleaningDatadag.py
[2023-10-09T21:26:08.556+0200] {processor.py:839} INFO - DAG(s) dict_keys(['CleanData']) retrieved from /home/radtrz/airflow/dags/cleaningDatadag.py
[2023-10-09T21:26:08.648+0200] {logging_mixin.py:151} INFO - [2023-10-09T21:26:08.648+0200] {dag.py:2915} INFO - Sync 1 DAGs
[2023-10-09T21:26:08.669+0200] {processor.py:179} INFO - Processing /home/radtrz/airflow/dags/cleaningDatadag.py took 0.295 seconds
[2023-10-09T21:26:39.573+0200] {processor.py:157} INFO - Started process (PID=33733) to work on /home/radtrz/airflow/dags/cleaningDatadag.py
[2023-10-09T21:26:39.573+0200] {processor.py:829} INFO - Processing file /home/radtrz/airflow/dags/cleaningDatadag.py for tasks to queue
[2023-10-09T21:26:39.574+0200] {logging_mixin.py:151} INFO - [2023-10-09T21:26:39.574+0200] {dagbag.py:539} INFO - Filling up the DagBag from /home/radtrz/airflow/dags/cleaningDatadag.py
[2023-10-09T21:26:39.756+0200] {processor.py:839} INFO - DAG(s) dict_keys(['CleanData']) retrieved from /home/radtrz/airflow/dags/cleaningDatadag.py
[2023-10-09T21:26:39.769+0200] {logging_mixin.py:151} INFO - [2023-10-09T21:26:39.769+0200] {dag.py:2915} INFO - Sync 1 DAGs
[2023-10-09T21:26:39.793+0200] {processor.py:179} INFO - Processing /home/radtrz/airflow/dags/cleaningDatadag.py took 0.223 seconds
[2023-10-09T21:27:10.093+0200] {processor.py:157} INFO - Started process (PID=33776) to work on /home/radtrz/airflow/dags/cleaningDatadag.py
[2023-10-09T21:27:10.102+0200] {processor.py:829} INFO - Processing file /home/radtrz/airflow/dags/cleaningDatadag.py for tasks to queue
[2023-10-09T21:27:10.102+0200] {logging_mixin.py:151} INFO - [2023-10-09T21:27:10.102+0200] {dagbag.py:539} INFO - Filling up the DagBag from /home/radtrz/airflow/dags/cleaningDatadag.py
[2023-10-09T21:27:10.275+0200] {processor.py:839} INFO - DAG(s) dict_keys(['CleanData']) retrieved from /home/radtrz/airflow/dags/cleaningDatadag.py
[2023-10-09T21:27:10.288+0200] {logging_mixin.py:151} INFO - [2023-10-09T21:27:10.287+0200] {dag.py:2915} INFO - Sync 1 DAGs
[2023-10-09T21:27:10.403+0200] {processor.py:179} INFO - Processing /home/radtrz/airflow/dags/cleaningDatadag.py took 0.312 seconds
[2023-10-09T21:27:40.706+0200] {processor.py:157} INFO - Started process (PID=33819) to work on /home/radtrz/airflow/dags/cleaningDatadag.py
[2023-10-09T21:27:40.707+0200] {processor.py:829} INFO - Processing file /home/radtrz/airflow/dags/cleaningDatadag.py for tasks to queue
[2023-10-09T21:27:40.707+0200] {logging_mixin.py:151} INFO - [2023-10-09T21:27:40.707+0200] {dagbag.py:539} INFO - Filling up the DagBag from /home/radtrz/airflow/dags/cleaningDatadag.py
[2023-10-09T21:27:40.891+0200] {processor.py:839} INFO - DAG(s) dict_keys(['CleanData']) retrieved from /home/radtrz/airflow/dags/cleaningDatadag.py
[2023-10-09T21:27:40.903+0200] {logging_mixin.py:151} INFO - [2023-10-09T21:27:40.903+0200] {dag.py:2915} INFO - Sync 1 DAGs
[2023-10-09T21:27:41.033+0200] {processor.py:179} INFO - Processing /home/radtrz/airflow/dags/cleaningDatadag.py took 0.329 seconds
[2023-10-09T21:28:11.751+0200] {processor.py:157} INFO - Started process (PID=33864) to work on /home/radtrz/airflow/dags/cleaningDatadag.py
[2023-10-09T21:28:11.760+0200] {processor.py:829} INFO - Processing file /home/radtrz/airflow/dags/cleaningDatadag.py for tasks to queue
[2023-10-09T21:28:11.761+0200] {logging_mixin.py:151} INFO - [2023-10-09T21:28:11.761+0200] {dagbag.py:539} INFO - Filling up the DagBag from /home/radtrz/airflow/dags/cleaningDatadag.py
[2023-10-09T21:28:11.932+0200] {processor.py:839} INFO - DAG(s) dict_keys(['CleanData']) retrieved from /home/radtrz/airflow/dags/cleaningDatadag.py
[2023-10-09T21:28:11.944+0200] {logging_mixin.py:151} INFO - [2023-10-09T21:28:11.944+0200] {dag.py:2915} INFO - Sync 1 DAGs
[2023-10-09T21:28:12.057+0200] {processor.py:179} INFO - Processing /home/radtrz/airflow/dags/cleaningDatadag.py took 0.308 seconds
[2023-10-09T21:28:42.788+0200] {processor.py:157} INFO - Started process (PID=33910) to work on /home/radtrz/airflow/dags/cleaningDatadag.py
[2023-10-09T21:28:42.797+0200] {processor.py:829} INFO - Processing file /home/radtrz/airflow/dags/cleaningDatadag.py for tasks to queue
[2023-10-09T21:28:42.798+0200] {logging_mixin.py:151} INFO - [2023-10-09T21:28:42.798+0200] {dagbag.py:539} INFO - Filling up the DagBag from /home/radtrz/airflow/dags/cleaningDatadag.py
[2023-10-09T21:28:42.978+0200] {processor.py:839} INFO - DAG(s) dict_keys(['CleanData']) retrieved from /home/radtrz/airflow/dags/cleaningDatadag.py
[2023-10-09T21:28:42.990+0200] {logging_mixin.py:151} INFO - [2023-10-09T21:28:42.990+0200] {dag.py:2915} INFO - Sync 1 DAGs
[2023-10-09T21:28:43.104+0200] {processor.py:179} INFO - Processing /home/radtrz/airflow/dags/cleaningDatadag.py took 0.318 seconds
[2023-10-09T21:29:13.440+0200] {processor.py:157} INFO - Started process (PID=33954) to work on /home/radtrz/airflow/dags/cleaningDatadag.py
[2023-10-09T21:29:13.441+0200] {processor.py:829} INFO - Processing file /home/radtrz/airflow/dags/cleaningDatadag.py for tasks to queue
[2023-10-09T21:29:13.441+0200] {logging_mixin.py:151} INFO - [2023-10-09T21:29:13.441+0200] {dagbag.py:539} INFO - Filling up the DagBag from /home/radtrz/airflow/dags/cleaningDatadag.py
[2023-10-09T21:29:13.668+0200] {processor.py:839} INFO - DAG(s) dict_keys(['CleanData']) retrieved from /home/radtrz/airflow/dags/cleaningDatadag.py
[2023-10-09T21:29:13.681+0200] {logging_mixin.py:151} INFO - [2023-10-09T21:29:13.681+0200] {dag.py:2915} INFO - Sync 1 DAGs
[2023-10-09T21:29:13.790+0200] {processor.py:179} INFO - Processing /home/radtrz/airflow/dags/cleaningDatadag.py took 0.352 seconds
[2023-10-09T21:29:45.450+0200] {processor.py:157} INFO - Started process (PID=34169) to work on /home/radtrz/airflow/dags/cleaningDatadag.py
[2023-10-09T21:29:45.451+0200] {processor.py:829} INFO - Processing file /home/radtrz/airflow/dags/cleaningDatadag.py for tasks to queue
[2023-10-09T21:29:45.451+0200] {logging_mixin.py:151} INFO - [2023-10-09T21:29:45.451+0200] {dagbag.py:539} INFO - Filling up the DagBag from /home/radtrz/airflow/dags/cleaningDatadag.py
[2023-10-09T21:29:45.636+0200] {processor.py:839} INFO - DAG(s) dict_keys(['CleanData']) retrieved from /home/radtrz/airflow/dags/cleaningDatadag.py
[2023-10-09T21:29:45.739+0200] {logging_mixin.py:151} INFO - [2023-10-09T21:29:45.739+0200] {dag.py:2915} INFO - Sync 1 DAGs
[2023-10-09T21:29:45.760+0200] {processor.py:179} INFO - Processing /home/radtrz/airflow/dags/cleaningDatadag.py took 0.312 seconds
[2023-10-09T21:30:16.928+0200] {processor.py:157} INFO - Started process (PID=34509) to work on /home/radtrz/airflow/dags/cleaningDatadag.py
[2023-10-09T21:30:16.928+0200] {processor.py:829} INFO - Processing file /home/radtrz/airflow/dags/cleaningDatadag.py for tasks to queue
[2023-10-09T21:30:16.929+0200] {logging_mixin.py:151} INFO - [2023-10-09T21:30:16.929+0200] {dagbag.py:539} INFO - Filling up the DagBag from /home/radtrz/airflow/dags/cleaningDatadag.py
[2023-10-09T21:30:17.120+0200] {processor.py:839} INFO - DAG(s) dict_keys(['CleanData']) retrieved from /home/radtrz/airflow/dags/cleaningDatadag.py
[2023-10-09T21:30:17.226+0200] {logging_mixin.py:151} INFO - [2023-10-09T21:30:17.226+0200] {dag.py:2915} INFO - Sync 1 DAGs
[2023-10-09T21:30:17.257+0200] {processor.py:179} INFO - Processing /home/radtrz/airflow/dags/cleaningDatadag.py took 0.332 seconds
[2023-10-09T21:30:47.635+0200] {processor.py:157} INFO - Started process (PID=34658) to work on /home/radtrz/airflow/dags/cleaningDatadag.py
[2023-10-09T21:30:47.644+0200] {processor.py:829} INFO - Processing file /home/radtrz/airflow/dags/cleaningDatadag.py for tasks to queue
[2023-10-09T21:30:47.645+0200] {logging_mixin.py:151} INFO - [2023-10-09T21:30:47.644+0200] {dagbag.py:539} INFO - Filling up the DagBag from /home/radtrz/airflow/dags/cleaningDatadag.py
[2023-10-09T21:30:47.830+0200] {processor.py:839} INFO - DAG(s) dict_keys(['CleanData']) retrieved from /home/radtrz/airflow/dags/cleaningDatadag.py
[2023-10-09T21:30:47.929+0200] {logging_mixin.py:151} INFO - [2023-10-09T21:30:47.929+0200] {dag.py:2915} INFO - Sync 1 DAGs
[2023-10-09T21:30:47.949+0200] {processor.py:179} INFO - Processing /home/radtrz/airflow/dags/cleaningDatadag.py took 0.316 seconds
[2023-10-09T21:31:18.260+0200] {processor.py:157} INFO - Started process (PID=34701) to work on /home/radtrz/airflow/dags/cleaningDatadag.py
[2023-10-09T21:31:18.268+0200] {processor.py:829} INFO - Processing file /home/radtrz/airflow/dags/cleaningDatadag.py for tasks to queue
[2023-10-09T21:31:18.269+0200] {logging_mixin.py:151} INFO - [2023-10-09T21:31:18.269+0200] {dagbag.py:539} INFO - Filling up the DagBag from /home/radtrz/airflow/dags/cleaningDatadag.py
[2023-10-09T21:31:18.454+0200] {processor.py:839} INFO - DAG(s) dict_keys(['CleanData']) retrieved from /home/radtrz/airflow/dags/cleaningDatadag.py
[2023-10-09T21:31:18.548+0200] {logging_mixin.py:151} INFO - [2023-10-09T21:31:18.548+0200] {dag.py:2915} INFO - Sync 1 DAGs
[2023-10-09T21:31:18.580+0200] {processor.py:179} INFO - Processing /home/radtrz/airflow/dags/cleaningDatadag.py took 0.322 seconds
[2023-10-09T21:31:48.932+0200] {processor.py:157} INFO - Started process (PID=34880) to work on /home/radtrz/airflow/dags/cleaningDatadag.py
[2023-10-09T21:31:48.941+0200] {processor.py:829} INFO - Processing file /home/radtrz/airflow/dags/cleaningDatadag.py for tasks to queue
[2023-10-09T21:31:48.941+0200] {logging_mixin.py:151} INFO - [2023-10-09T21:31:48.941+0200] {dagbag.py:539} INFO - Filling up the DagBag from /home/radtrz/airflow/dags/cleaningDatadag.py
[2023-10-09T21:31:49.134+0200] {processor.py:839} INFO - DAG(s) dict_keys(['CleanData']) retrieved from /home/radtrz/airflow/dags/cleaningDatadag.py
[2023-10-09T21:31:49.145+0200] {logging_mixin.py:151} INFO - [2023-10-09T21:31:49.145+0200] {dag.py:2915} INFO - Sync 1 DAGs
[2023-10-09T21:31:49.266+0200] {processor.py:179} INFO - Processing /home/radtrz/airflow/dags/cleaningDatadag.py took 0.336 seconds
[2023-10-09T21:32:19.632+0200] {processor.py:157} INFO - Started process (PID=34931) to work on /home/radtrz/airflow/dags/cleaningDatadag.py
[2023-10-09T21:32:19.640+0200] {processor.py:829} INFO - Processing file /home/radtrz/airflow/dags/cleaningDatadag.py for tasks to queue
[2023-10-09T21:32:19.641+0200] {logging_mixin.py:151} INFO - [2023-10-09T21:32:19.641+0200] {dagbag.py:539} INFO - Filling up the DagBag from /home/radtrz/airflow/dags/cleaningDatadag.py
[2023-10-09T21:32:19.828+0200] {processor.py:839} INFO - DAG(s) dict_keys(['CleanData']) retrieved from /home/radtrz/airflow/dags/cleaningDatadag.py
[2023-10-09T21:32:19.840+0200] {logging_mixin.py:151} INFO - [2023-10-09T21:32:19.840+0200] {dag.py:2915} INFO - Sync 1 DAGs
[2023-10-09T21:32:19.942+0200] {processor.py:179} INFO - Processing /home/radtrz/airflow/dags/cleaningDatadag.py took 0.312 seconds
[2023-10-09T21:32:50.302+0200] {processor.py:157} INFO - Started process (PID=35237) to work on /home/radtrz/airflow/dags/cleaningDatadag.py
[2023-10-09T21:32:50.310+0200] {processor.py:829} INFO - Processing file /home/radtrz/airflow/dags/cleaningDatadag.py for tasks to queue
[2023-10-09T21:32:50.311+0200] {logging_mixin.py:151} INFO - [2023-10-09T21:32:50.310+0200] {dagbag.py:539} INFO - Filling up the DagBag from /home/radtrz/airflow/dags/cleaningDatadag.py
[2023-10-09T21:32:50.500+0200] {processor.py:839} INFO - DAG(s) dict_keys(['CleanData']) retrieved from /home/radtrz/airflow/dags/cleaningDatadag.py
[2023-10-09T21:32:50.512+0200] {logging_mixin.py:151} INFO - [2023-10-09T21:32:50.512+0200] {dag.py:2915} INFO - Sync 1 DAGs
[2023-10-09T21:32:50.634+0200] {processor.py:179} INFO - Processing /home/radtrz/airflow/dags/cleaningDatadag.py took 0.335 seconds
[2023-10-09T21:33:20.776+0200] {processor.py:157} INFO - Started process (PID=35301) to work on /home/radtrz/airflow/dags/cleaningDatadag.py
[2023-10-09T21:33:20.785+0200] {processor.py:829} INFO - Processing file /home/radtrz/airflow/dags/cleaningDatadag.py for tasks to queue
[2023-10-09T21:33:20.786+0200] {logging_mixin.py:151} INFO - [2023-10-09T21:33:20.785+0200] {dagbag.py:539} INFO - Filling up the DagBag from /home/radtrz/airflow/dags/cleaningDatadag.py
[2023-10-09T21:33:20.967+0200] {processor.py:839} INFO - DAG(s) dict_keys(['CleanData']) retrieved from /home/radtrz/airflow/dags/cleaningDatadag.py
[2023-10-09T21:33:20.978+0200] {logging_mixin.py:151} INFO - [2023-10-09T21:33:20.978+0200] {dag.py:2915} INFO - Sync 1 DAGs
[2023-10-09T21:33:21.092+0200] {processor.py:179} INFO - Processing /home/radtrz/airflow/dags/cleaningDatadag.py took 0.318 seconds
[2023-10-09T21:33:51.245+0200] {processor.py:157} INFO - Started process (PID=35347) to work on /home/radtrz/airflow/dags/cleaningDatadag.py
[2023-10-09T21:33:51.254+0200] {processor.py:829} INFO - Processing file /home/radtrz/airflow/dags/cleaningDatadag.py for tasks to queue
[2023-10-09T21:33:51.255+0200] {logging_mixin.py:151} INFO - [2023-10-09T21:33:51.254+0200] {dagbag.py:539} INFO - Filling up the DagBag from /home/radtrz/airflow/dags/cleaningDatadag.py
[2023-10-09T21:33:51.436+0200] {processor.py:839} INFO - DAG(s) dict_keys(['CleanData']) retrieved from /home/radtrz/airflow/dags/cleaningDatadag.py
[2023-10-09T21:33:51.535+0200] {logging_mixin.py:151} INFO - [2023-10-09T21:33:51.535+0200] {dag.py:2915} INFO - Sync 1 DAGs
[2023-10-09T21:33:51.564+0200] {processor.py:179} INFO - Processing /home/radtrz/airflow/dags/cleaningDatadag.py took 0.321 seconds
[2023-10-09T21:34:21.716+0200] {processor.py:157} INFO - Started process (PID=35435) to work on /home/radtrz/airflow/dags/cleaningDatadag.py
[2023-10-09T21:34:21.725+0200] {processor.py:829} INFO - Processing file /home/radtrz/airflow/dags/cleaningDatadag.py for tasks to queue
[2023-10-09T21:34:21.726+0200] {logging_mixin.py:151} INFO - [2023-10-09T21:34:21.726+0200] {dagbag.py:539} INFO - Filling up the DagBag from /home/radtrz/airflow/dags/cleaningDatadag.py
[2023-10-09T21:34:21.926+0200] {processor.py:839} INFO - DAG(s) dict_keys(['CleanData']) retrieved from /home/radtrz/airflow/dags/cleaningDatadag.py
[2023-10-09T21:34:22.025+0200] {logging_mixin.py:151} INFO - [2023-10-09T21:34:22.025+0200] {dag.py:2915} INFO - Sync 1 DAGs
[2023-10-09T21:34:22.063+0200] {processor.py:179} INFO - Processing /home/radtrz/airflow/dags/cleaningDatadag.py took 0.349 seconds
[2023-10-09T21:34:52.185+0200] {processor.py:157} INFO - Started process (PID=35523) to work on /home/radtrz/airflow/dags/cleaningDatadag.py
[2023-10-09T21:34:52.194+0200] {processor.py:829} INFO - Processing file /home/radtrz/airflow/dags/cleaningDatadag.py for tasks to queue
[2023-10-09T21:34:52.194+0200] {logging_mixin.py:151} INFO - [2023-10-09T21:34:52.194+0200] {dagbag.py:539} INFO - Filling up the DagBag from /home/radtrz/airflow/dags/cleaningDatadag.py
[2023-10-09T21:34:52.369+0200] {processor.py:839} INFO - DAG(s) dict_keys(['CleanData']) retrieved from /home/radtrz/airflow/dags/cleaningDatadag.py
[2023-10-09T21:34:52.469+0200] {logging_mixin.py:151} INFO - [2023-10-09T21:34:52.469+0200] {dag.py:2915} INFO - Sync 1 DAGs
[2023-10-09T21:34:52.498+0200] {processor.py:179} INFO - Processing /home/radtrz/airflow/dags/cleaningDatadag.py took 0.315 seconds
[2023-10-09T21:35:22.656+0200] {processor.py:157} INFO - Started process (PID=35646) to work on /home/radtrz/airflow/dags/cleaningDatadag.py
[2023-10-09T21:35:22.665+0200] {processor.py:829} INFO - Processing file /home/radtrz/airflow/dags/cleaningDatadag.py for tasks to queue
[2023-10-09T21:35:22.665+0200] {logging_mixin.py:151} INFO - [2023-10-09T21:35:22.665+0200] {dagbag.py:539} INFO - Filling up the DagBag from /home/radtrz/airflow/dags/cleaningDatadag.py
[2023-10-09T21:35:22.846+0200] {processor.py:839} INFO - DAG(s) dict_keys(['CleanData']) retrieved from /home/radtrz/airflow/dags/cleaningDatadag.py
[2023-10-09T21:35:22.857+0200] {logging_mixin.py:151} INFO - [2023-10-09T21:35:22.857+0200] {dag.py:2915} INFO - Sync 1 DAGs
[2023-10-09T21:35:22.887+0200] {processor.py:179} INFO - Processing /home/radtrz/airflow/dags/cleaningDatadag.py took 0.233 seconds
[2023-10-09T21:35:53.128+0200] {processor.py:157} INFO - Started process (PID=35733) to work on /home/radtrz/airflow/dags/cleaningDatadag.py
[2023-10-09T21:35:53.137+0200] {processor.py:829} INFO - Processing file /home/radtrz/airflow/dags/cleaningDatadag.py for tasks to queue
[2023-10-09T21:35:53.138+0200] {logging_mixin.py:151} INFO - [2023-10-09T21:35:53.137+0200] {dagbag.py:539} INFO - Filling up the DagBag from /home/radtrz/airflow/dags/cleaningDatadag.py
[2023-10-09T21:35:53.319+0200] {processor.py:839} INFO - DAG(s) dict_keys(['CleanData']) retrieved from /home/radtrz/airflow/dags/cleaningDatadag.py
[2023-10-09T21:35:53.330+0200] {logging_mixin.py:151} INFO - [2023-10-09T21:35:53.330+0200] {dag.py:2915} INFO - Sync 1 DAGs
[2023-10-09T21:35:53.454+0200] {processor.py:179} INFO - Processing /home/radtrz/airflow/dags/cleaningDatadag.py took 0.327 seconds
[2023-10-09T21:36:23.589+0200] {processor.py:157} INFO - Started process (PID=35832) to work on /home/radtrz/airflow/dags/cleaningDatadag.py
[2023-10-09T21:36:23.598+0200] {processor.py:829} INFO - Processing file /home/radtrz/airflow/dags/cleaningDatadag.py for tasks to queue
[2023-10-09T21:36:23.599+0200] {logging_mixin.py:151} INFO - [2023-10-09T21:36:23.598+0200] {dagbag.py:539} INFO - Filling up the DagBag from /home/radtrz/airflow/dags/cleaningDatadag.py
[2023-10-09T21:36:23.773+0200] {processor.py:839} INFO - DAG(s) dict_keys(['CleanData']) retrieved from /home/radtrz/airflow/dags/cleaningDatadag.py
[2023-10-09T21:36:23.785+0200] {logging_mixin.py:151} INFO - [2023-10-09T21:36:23.785+0200] {dag.py:2915} INFO - Sync 1 DAGs
[2023-10-09T21:36:23.905+0200] {processor.py:179} INFO - Processing /home/radtrz/airflow/dags/cleaningDatadag.py took 0.317 seconds
[2023-10-09T21:36:54.064+0200] {processor.py:157} INFO - Started process (PID=35877) to work on /home/radtrz/airflow/dags/cleaningDatadag.py
[2023-10-09T21:36:54.073+0200] {processor.py:829} INFO - Processing file /home/radtrz/airflow/dags/cleaningDatadag.py for tasks to queue
[2023-10-09T21:36:54.073+0200] {logging_mixin.py:151} INFO - [2023-10-09T21:36:54.073+0200] {dagbag.py:539} INFO - Filling up the DagBag from /home/radtrz/airflow/dags/cleaningDatadag.py
[2023-10-09T21:36:54.262+0200] {processor.py:839} INFO - DAG(s) dict_keys(['CleanData']) retrieved from /home/radtrz/airflow/dags/cleaningDatadag.py
[2023-10-09T21:36:54.274+0200] {logging_mixin.py:151} INFO - [2023-10-09T21:36:54.274+0200] {dag.py:2915} INFO - Sync 1 DAGs
[2023-10-09T21:36:54.389+0200] {processor.py:179} INFO - Processing /home/radtrz/airflow/dags/cleaningDatadag.py took 0.327 seconds
[2023-10-09T21:37:24.493+0200] {processor.py:157} INFO - Started process (PID=35924) to work on /home/radtrz/airflow/dags/cleaningDatadag.py
[2023-10-09T21:37:24.501+0200] {processor.py:829} INFO - Processing file /home/radtrz/airflow/dags/cleaningDatadag.py for tasks to queue
[2023-10-09T21:37:24.502+0200] {logging_mixin.py:151} INFO - [2023-10-09T21:37:24.502+0200] {dagbag.py:539} INFO - Filling up the DagBag from /home/radtrz/airflow/dags/cleaningDatadag.py
[2023-10-09T21:37:24.689+0200] {processor.py:839} INFO - DAG(s) dict_keys(['CleanData']) retrieved from /home/radtrz/airflow/dags/cleaningDatadag.py
[2023-10-09T21:37:24.701+0200] {logging_mixin.py:151} INFO - [2023-10-09T21:37:24.701+0200] {dag.py:2915} INFO - Sync 1 DAGs
[2023-10-09T21:37:24.819+0200] {processor.py:179} INFO - Processing /home/radtrz/airflow/dags/cleaningDatadag.py took 0.329 seconds
[2023-10-09T21:37:54.966+0200] {processor.py:157} INFO - Started process (PID=35978) to work on /home/radtrz/airflow/dags/cleaningDatadag.py
[2023-10-09T21:37:54.967+0200] {processor.py:829} INFO - Processing file /home/radtrz/airflow/dags/cleaningDatadag.py for tasks to queue
[2023-10-09T21:37:54.967+0200] {logging_mixin.py:151} INFO - [2023-10-09T21:37:54.967+0200] {dagbag.py:539} INFO - Filling up the DagBag from /home/radtrz/airflow/dags/cleaningDatadag.py
[2023-10-09T21:37:55.143+0200] {processor.py:839} INFO - DAG(s) dict_keys(['CleanData']) retrieved from /home/radtrz/airflow/dags/cleaningDatadag.py
[2023-10-09T21:37:55.156+0200] {logging_mixin.py:151} INFO - [2023-10-09T21:37:55.155+0200] {dag.py:2915} INFO - Sync 1 DAGs
[2023-10-09T21:37:55.269+0200] {processor.py:179} INFO - Processing /home/radtrz/airflow/dags/cleaningDatadag.py took 0.306 seconds
[2023-10-09T21:38:25.435+0200] {processor.py:157} INFO - Started process (PID=36090) to work on /home/radtrz/airflow/dags/cleaningDatadag.py
[2023-10-09T21:38:25.444+0200] {processor.py:829} INFO - Processing file /home/radtrz/airflow/dags/cleaningDatadag.py for tasks to queue
[2023-10-09T21:38:25.445+0200] {logging_mixin.py:151} INFO - [2023-10-09T21:38:25.444+0200] {dagbag.py:539} INFO - Filling up the DagBag from /home/radtrz/airflow/dags/cleaningDatadag.py
[2023-10-09T21:38:25.616+0200] {processor.py:839} INFO - DAG(s) dict_keys(['CleanData']) retrieved from /home/radtrz/airflow/dags/cleaningDatadag.py
[2023-10-09T21:38:25.710+0200] {logging_mixin.py:151} INFO - [2023-10-09T21:38:25.710+0200] {dag.py:2915} INFO - Sync 1 DAGs
[2023-10-09T21:38:25.738+0200] {processor.py:179} INFO - Processing /home/radtrz/airflow/dags/cleaningDatadag.py took 0.305 seconds
[2023-10-09T21:38:26.871+0200] {processor.py:157} INFO - Started process (PID=36114) to work on /home/radtrz/airflow/dags/cleaningDatadag.py
[2023-10-09T21:38:26.880+0200] {processor.py:829} INFO - Processing file /home/radtrz/airflow/dags/cleaningDatadag.py for tasks to queue
[2023-10-09T21:38:26.881+0200] {logging_mixin.py:151} INFO - [2023-10-09T21:38:26.880+0200] {dagbag.py:539} INFO - Filling up the DagBag from /home/radtrz/airflow/dags/cleaningDatadag.py
[2023-10-09T21:38:27.054+0200] {processor.py:839} INFO - DAG(s) dict_keys(['CleanData']) retrieved from /home/radtrz/airflow/dags/cleaningDatadag.py
[2023-10-09T21:38:27.151+0200] {logging_mixin.py:151} INFO - [2023-10-09T21:38:27.151+0200] {dag.py:2915} INFO - Sync 1 DAGs
[2023-10-09T21:38:27.179+0200] {processor.py:179} INFO - Processing /home/radtrz/airflow/dags/cleaningDatadag.py took 0.310 seconds
[2023-10-09T21:39:05.362+0200] {processor.py:157} INFO - Started process (PID=36383) to work on /home/radtrz/airflow/dags/cleaningDatadag.py
[2023-10-09T21:39:05.362+0200] {processor.py:829} INFO - Processing file /home/radtrz/airflow/dags/cleaningDatadag.py for tasks to queue
[2023-10-09T21:39:05.363+0200] {logging_mixin.py:151} INFO - [2023-10-09T21:39:05.363+0200] {dagbag.py:539} INFO - Filling up the DagBag from /home/radtrz/airflow/dags/cleaningDatadag.py
[2023-10-09T21:39:05.534+0200] {processor.py:839} INFO - DAG(s) dict_keys(['CleanData']) retrieved from /home/radtrz/airflow/dags/cleaningDatadag.py
[2023-10-09T21:39:05.632+0200] {logging_mixin.py:151} INFO - [2023-10-09T21:39:05.632+0200] {dag.py:2915} INFO - Sync 1 DAGs
[2023-10-09T21:39:05.661+0200] {processor.py:179} INFO - Processing /home/radtrz/airflow/dags/cleaningDatadag.py took 0.301 seconds
[2023-10-09T21:39:36.608+0200] {processor.py:157} INFO - Started process (PID=36732) to work on /home/radtrz/airflow/dags/cleaningDatadag.py
[2023-10-09T21:39:36.617+0200] {processor.py:829} INFO - Processing file /home/radtrz/airflow/dags/cleaningDatadag.py for tasks to queue
[2023-10-09T21:39:36.618+0200] {logging_mixin.py:151} INFO - [2023-10-09T21:39:36.617+0200] {dagbag.py:539} INFO - Filling up the DagBag from /home/radtrz/airflow/dags/cleaningDatadag.py
[2023-10-09T21:39:36.789+0200] {processor.py:839} INFO - DAG(s) dict_keys(['CleanData']) retrieved from /home/radtrz/airflow/dags/cleaningDatadag.py
[2023-10-09T21:39:36.882+0200] {logging_mixin.py:151} INFO - [2023-10-09T21:39:36.882+0200] {dag.py:2915} INFO - Sync 1 DAGs
[2023-10-09T21:39:36.891+0200] {logging_mixin.py:151} INFO - [2023-10-09T21:39:36.891+0200] {dag.py:3696} INFO - Setting next_dagrun for CleanData to 2023-10-09T01:20:00+00:00, run_after=2023-10-09T01:25:00+00:00
[2023-10-09T21:39:36.909+0200] {processor.py:179} INFO - Processing /home/radtrz/airflow/dags/cleaningDatadag.py took 0.303 seconds
[2023-10-09T21:40:09.002+0200] {processor.py:157} INFO - Started process (PID=37284) to work on /home/radtrz/airflow/dags/cleaningDatadag.py
[2023-10-09T21:40:09.003+0200] {processor.py:829} INFO - Processing file /home/radtrz/airflow/dags/cleaningDatadag.py for tasks to queue
[2023-10-09T21:40:09.003+0200] {logging_mixin.py:151} INFO - [2023-10-09T21:40:09.003+0200] {dagbag.py:539} INFO - Filling up the DagBag from /home/radtrz/airflow/dags/cleaningDatadag.py
[2023-10-09T21:40:09.179+0200] {processor.py:839} INFO - DAG(s) dict_keys(['CleanData']) retrieved from /home/radtrz/airflow/dags/cleaningDatadag.py
[2023-10-09T21:40:09.272+0200] {logging_mixin.py:151} INFO - [2023-10-09T21:40:09.272+0200] {dag.py:2915} INFO - Sync 1 DAGs
[2023-10-09T21:40:09.281+0200] {logging_mixin.py:151} INFO - [2023-10-09T21:40:09.281+0200] {dag.py:3696} INFO - Setting next_dagrun for CleanData to 2023-10-09T19:38:55.528186+00:00, run_after=2023-10-09T19:43:55.528186+00:00
[2023-10-09T21:40:09.306+0200] {processor.py:179} INFO - Processing /home/radtrz/airflow/dags/cleaningDatadag.py took 0.306 seconds
[2023-10-09T21:40:39.772+0200] {processor.py:157} INFO - Started process (PID=37635) to work on /home/radtrz/airflow/dags/cleaningDatadag.py
[2023-10-09T21:40:39.781+0200] {processor.py:829} INFO - Processing file /home/radtrz/airflow/dags/cleaningDatadag.py for tasks to queue
[2023-10-09T21:40:39.781+0200] {logging_mixin.py:151} INFO - [2023-10-09T21:40:39.781+0200] {dagbag.py:539} INFO - Filling up the DagBag from /home/radtrz/airflow/dags/cleaningDatadag.py
[2023-10-09T21:40:39.964+0200] {processor.py:839} INFO - DAG(s) dict_keys(['CleanData']) retrieved from /home/radtrz/airflow/dags/cleaningDatadag.py
[2023-10-09T21:40:40.062+0200] {logging_mixin.py:151} INFO - [2023-10-09T21:40:40.062+0200] {dag.py:2915} INFO - Sync 1 DAGs
[2023-10-09T21:40:40.073+0200] {logging_mixin.py:151} INFO - [2023-10-09T21:40:40.073+0200] {dag.py:3696} INFO - Setting next_dagrun for CleanData to 2023-10-09T19:38:55.528186+00:00, run_after=2023-10-09T19:43:55.528186+00:00
[2023-10-09T21:40:40.103+0200] {processor.py:179} INFO - Processing /home/radtrz/airflow/dags/cleaningDatadag.py took 0.333 seconds
[2023-10-09T21:41:13.665+0200] {processor.py:157} INFO - Started process (PID=37983) to work on /home/radtrz/airflow/dags/cleaningDatadag.py
[2023-10-09T21:41:13.666+0200] {processor.py:829} INFO - Processing file /home/radtrz/airflow/dags/cleaningDatadag.py for tasks to queue
[2023-10-09T21:41:13.666+0200] {logging_mixin.py:151} INFO - [2023-10-09T21:41:13.666+0200] {dagbag.py:539} INFO - Filling up the DagBag from /home/radtrz/airflow/dags/cleaningDatadag.py
[2023-10-09T21:41:13.843+0200] {processor.py:839} INFO - DAG(s) dict_keys(['CleanData']) retrieved from /home/radtrz/airflow/dags/cleaningDatadag.py
[2023-10-09T21:41:13.939+0200] {logging_mixin.py:151} INFO - [2023-10-09T21:41:13.939+0200] {dag.py:2915} INFO - Sync 1 DAGs
[2023-10-09T21:41:13.948+0200] {logging_mixin.py:151} INFO - [2023-10-09T21:41:13.948+0200] {dag.py:3696} INFO - Setting next_dagrun for CleanData to 2023-10-09T19:38:55.528186+00:00, run_after=2023-10-09T19:43:55.528186+00:00
[2023-10-09T21:41:13.958+0200] {processor.py:179} INFO - Processing /home/radtrz/airflow/dags/cleaningDatadag.py took 0.296 seconds
[2023-10-09T21:41:45.978+0200] {processor.py:157} INFO - Started process (PID=38313) to work on /home/radtrz/airflow/dags/cleaningDatadag.py
[2023-10-09T21:41:45.979+0200] {processor.py:829} INFO - Processing file /home/radtrz/airflow/dags/cleaningDatadag.py for tasks to queue
[2023-10-09T21:41:45.980+0200] {logging_mixin.py:151} INFO - [2023-10-09T21:41:45.979+0200] {dagbag.py:539} INFO - Filling up the DagBag from /home/radtrz/airflow/dags/cleaningDatadag.py
[2023-10-09T21:41:46.179+0200] {processor.py:839} INFO - DAG(s) dict_keys(['CleanData']) retrieved from /home/radtrz/airflow/dags/cleaningDatadag.py
[2023-10-09T21:41:46.191+0200] {logging_mixin.py:151} INFO - [2023-10-09T21:41:46.191+0200] {dag.py:2915} INFO - Sync 1 DAGs
[2023-10-09T21:41:46.203+0200] {logging_mixin.py:151} INFO - [2023-10-09T21:41:46.202+0200] {dag.py:3696} INFO - Setting next_dagrun for CleanData to 2023-10-09T19:38:55.528186+00:00, run_after=2023-10-09T19:43:55.528186+00:00
[2023-10-09T21:41:46.215+0200] {processor.py:179} INFO - Processing /home/radtrz/airflow/dags/cleaningDatadag.py took 0.239 seconds
