[2023-10-09T21:18:37.241+0200] {processor.py:157} INFO - Started process (PID=31376) to work on /home/radtrz/airflow/dags/databaseDAG.py
[2023-10-09T21:18:37.242+0200] {processor.py:829} INFO - Processing file /home/radtrz/airflow/dags/databaseDAG.py for tasks to queue
[2023-10-09T21:18:37.242+0200] {logging_mixin.py:151} INFO - [2023-10-09T21:18:37.242+0200] {dagbag.py:539} INFO - Filling up the DagBag from /home/radtrz/airflow/dags/databaseDAG.py
[2023-10-09T21:18:37.553+0200] {processor.py:839} INFO - DAG(s) dict_keys(['MYDBDAG']) retrieved from /home/radtrz/airflow/dags/databaseDAG.py
[2023-10-09T21:18:37.564+0200] {logging_mixin.py:151} INFO - [2023-10-09T21:18:37.564+0200] {dag.py:2915} INFO - Sync 1 DAGs
[2023-10-09T21:18:37.576+0200] {logging_mixin.py:151} INFO - [2023-10-09T21:18:37.576+0200] {dag.py:3696} INFO - Setting next_dagrun for MYDBDAG to 2023-10-01T18:20:00+00:00, run_after=2023-10-01T18:25:00+00:00
[2023-10-09T21:18:37.587+0200] {processor.py:179} INFO - Processing /home/radtrz/airflow/dags/databaseDAG.py took 0.348 seconds
[2023-10-09T21:19:08.265+0200] {processor.py:157} INFO - Started process (PID=31590) to work on /home/radtrz/airflow/dags/databaseDAG.py
[2023-10-09T21:19:08.266+0200] {processor.py:829} INFO - Processing file /home/radtrz/airflow/dags/databaseDAG.py for tasks to queue
[2023-10-09T21:19:08.267+0200] {logging_mixin.py:151} INFO - [2023-10-09T21:19:08.266+0200] {dagbag.py:539} INFO - Filling up the DagBag from /home/radtrz/airflow/dags/databaseDAG.py
[2023-10-09T21:19:08.565+0200] {processor.py:839} INFO - DAG(s) dict_keys(['MYDBDAG']) retrieved from /home/radtrz/airflow/dags/databaseDAG.py
[2023-10-09T21:19:08.575+0200] {logging_mixin.py:151} INFO - [2023-10-09T21:19:08.575+0200] {dag.py:2915} INFO - Sync 1 DAGs
[2023-10-09T21:19:08.585+0200] {logging_mixin.py:151} INFO - [2023-10-09T21:19:08.584+0200] {dag.py:3696} INFO - Setting next_dagrun for MYDBDAG to 2023-10-01T18:50:00+00:00, run_after=2023-10-01T18:55:00+00:00
[2023-10-09T21:19:08.597+0200] {processor.py:179} INFO - Processing /home/radtrz/airflow/dags/databaseDAG.py took 0.333 seconds
[2023-10-09T21:19:43.539+0200] {processor.py:157} INFO - Started process (PID=31950) to work on /home/radtrz/airflow/dags/databaseDAG.py
[2023-10-09T21:19:43.540+0200] {processor.py:829} INFO - Processing file /home/radtrz/airflow/dags/databaseDAG.py for tasks to queue
[2023-10-09T21:19:43.540+0200] {logging_mixin.py:151} INFO - [2023-10-09T21:19:43.540+0200] {dagbag.py:539} INFO - Filling up the DagBag from /home/radtrz/airflow/dags/databaseDAG.py
[2023-10-09T21:19:43.831+0200] {processor.py:839} INFO - DAG(s) dict_keys(['MYDBDAG']) retrieved from /home/radtrz/airflow/dags/databaseDAG.py
[2023-10-09T21:19:43.841+0200] {logging_mixin.py:151} INFO - [2023-10-09T21:19:43.840+0200] {dag.py:2915} INFO - Sync 1 DAGs
[2023-10-09T21:19:43.850+0200] {logging_mixin.py:151} INFO - [2023-10-09T21:19:43.849+0200] {dag.py:3696} INFO - Setting next_dagrun for MYDBDAG to 2023-10-01T19:20:00+00:00, run_after=2023-10-01T19:25:00+00:00
[2023-10-09T21:19:43.861+0200] {processor.py:179} INFO - Processing /home/radtrz/airflow/dags/databaseDAG.py took 0.324 seconds
[2023-10-09T21:20:18.790+0200] {processor.py:157} INFO - Started process (PID=32170) to work on /home/radtrz/airflow/dags/databaseDAG.py
[2023-10-09T21:20:18.790+0200] {processor.py:829} INFO - Processing file /home/radtrz/airflow/dags/databaseDAG.py for tasks to queue
[2023-10-09T21:20:18.791+0200] {logging_mixin.py:151} INFO - [2023-10-09T21:20:18.791+0200] {dagbag.py:539} INFO - Filling up the DagBag from /home/radtrz/airflow/dags/databaseDAG.py
[2023-10-09T21:20:19.103+0200] {processor.py:839} INFO - DAG(s) dict_keys(['MYDBDAG']) retrieved from /home/radtrz/airflow/dags/databaseDAG.py
[2023-10-09T21:20:19.113+0200] {logging_mixin.py:151} INFO - [2023-10-09T21:20:19.113+0200] {dag.py:2915} INFO - Sync 1 DAGs
[2023-10-09T21:20:19.123+0200] {logging_mixin.py:151} INFO - [2023-10-09T21:20:19.123+0200] {dag.py:3696} INFO - Setting next_dagrun for MYDBDAG to 2023-10-01T19:50:00+00:00, run_after=2023-10-01T19:55:00+00:00
[2023-10-09T21:20:19.139+0200] {processor.py:179} INFO - Processing /home/radtrz/airflow/dags/databaseDAG.py took 0.351 seconds
[2023-10-09T21:20:53.890+0200] {processor.py:157} INFO - Started process (PID=32399) to work on /home/radtrz/airflow/dags/databaseDAG.py
[2023-10-09T21:20:53.890+0200] {processor.py:829} INFO - Processing file /home/radtrz/airflow/dags/databaseDAG.py for tasks to queue
[2023-10-09T21:20:53.891+0200] {logging_mixin.py:151} INFO - [2023-10-09T21:20:53.891+0200] {dagbag.py:539} INFO - Filling up the DagBag from /home/radtrz/airflow/dags/databaseDAG.py
[2023-10-09T21:20:54.192+0200] {processor.py:839} INFO - DAG(s) dict_keys(['MYDBDAG']) retrieved from /home/radtrz/airflow/dags/databaseDAG.py
[2023-10-09T21:20:54.202+0200] {logging_mixin.py:151} INFO - [2023-10-09T21:20:54.201+0200] {dag.py:2915} INFO - Sync 1 DAGs
[2023-10-09T21:20:54.211+0200] {logging_mixin.py:151} INFO - [2023-10-09T21:20:54.211+0200] {dag.py:3696} INFO - Setting next_dagrun for MYDBDAG to 2023-10-01T20:20:00+00:00, run_after=2023-10-01T20:25:00+00:00
[2023-10-09T21:20:54.231+0200] {processor.py:179} INFO - Processing /home/radtrz/airflow/dags/databaseDAG.py took 0.344 seconds
[2023-10-09T21:21:28.868+0200] {processor.py:157} INFO - Started process (PID=32622) to work on /home/radtrz/airflow/dags/databaseDAG.py
[2023-10-09T21:21:28.869+0200] {processor.py:829} INFO - Processing file /home/radtrz/airflow/dags/databaseDAG.py for tasks to queue
[2023-10-09T21:21:28.869+0200] {logging_mixin.py:151} INFO - [2023-10-09T21:21:28.869+0200] {dagbag.py:539} INFO - Filling up the DagBag from /home/radtrz/airflow/dags/databaseDAG.py
[2023-10-09T21:21:29.164+0200] {processor.py:839} INFO - DAG(s) dict_keys(['MYDBDAG']) retrieved from /home/radtrz/airflow/dags/databaseDAG.py
[2023-10-09T21:21:29.173+0200] {logging_mixin.py:151} INFO - [2023-10-09T21:21:29.173+0200] {dag.py:2915} INFO - Sync 1 DAGs
[2023-10-09T21:21:29.182+0200] {logging_mixin.py:151} INFO - [2023-10-09T21:21:29.182+0200] {dag.py:3696} INFO - Setting next_dagrun for MYDBDAG to 2023-10-01T20:50:00+00:00, run_after=2023-10-01T20:55:00+00:00
[2023-10-09T21:21:29.192+0200] {processor.py:179} INFO - Processing /home/radtrz/airflow/dags/databaseDAG.py took 0.326 seconds
[2023-10-09T21:21:59.793+0200] {processor.py:157} INFO - Started process (PID=32842) to work on /home/radtrz/airflow/dags/databaseDAG.py
[2023-10-09T21:21:59.794+0200] {processor.py:829} INFO - Processing file /home/radtrz/airflow/dags/databaseDAG.py for tasks to queue
[2023-10-09T21:21:59.794+0200] {logging_mixin.py:151} INFO - [2023-10-09T21:21:59.794+0200] {dagbag.py:539} INFO - Filling up the DagBag from /home/radtrz/airflow/dags/databaseDAG.py
[2023-10-09T21:22:00.096+0200] {processor.py:839} INFO - DAG(s) dict_keys(['MYDBDAG']) retrieved from /home/radtrz/airflow/dags/databaseDAG.py
[2023-10-09T21:22:00.106+0200] {logging_mixin.py:151} INFO - [2023-10-09T21:22:00.106+0200] {dag.py:2915} INFO - Sync 1 DAGs
[2023-10-09T21:22:00.116+0200] {logging_mixin.py:151} INFO - [2023-10-09T21:22:00.116+0200] {dag.py:3696} INFO - Setting next_dagrun for MYDBDAG to 2023-10-01T21:15:00+00:00, run_after=2023-10-01T21:20:00+00:00
[2023-10-09T21:22:00.128+0200] {processor.py:179} INFO - Processing /home/radtrz/airflow/dags/databaseDAG.py took 0.337 seconds
[2023-10-09T21:22:31.141+0200] {processor.py:157} INFO - Started process (PID=32883) to work on /home/radtrz/airflow/dags/databaseDAG.py
[2023-10-09T21:22:31.150+0200] {processor.py:829} INFO - Processing file /home/radtrz/airflow/dags/databaseDAG.py for tasks to queue
[2023-10-09T21:22:31.150+0200] {logging_mixin.py:151} INFO - [2023-10-09T21:22:31.150+0200] {dagbag.py:539} INFO - Filling up the DagBag from /home/radtrz/airflow/dags/databaseDAG.py
[2023-10-09T21:22:31.456+0200] {processor.py:839} INFO - DAG(s) dict_keys(['MYDBDAG']) retrieved from /home/radtrz/airflow/dags/databaseDAG.py
[2023-10-09T21:22:31.465+0200] {logging_mixin.py:151} INFO - [2023-10-09T21:22:31.465+0200] {dag.py:2915} INFO - Sync 1 DAGs
[2023-10-09T21:22:31.474+0200] {logging_mixin.py:151} INFO - [2023-10-09T21:22:31.474+0200] {dag.py:3696} INFO - Setting next_dagrun for MYDBDAG to 2023-10-01T21:15:00+00:00, run_after=2023-10-01T21:20:00+00:00
[2023-10-09T21:22:31.491+0200] {processor.py:179} INFO - Processing /home/radtrz/airflow/dags/databaseDAG.py took 0.352 seconds
[2023-10-09T21:23:02.475+0200] {processor.py:157} INFO - Started process (PID=32940) to work on /home/radtrz/airflow/dags/databaseDAG.py
[2023-10-09T21:23:02.484+0200] {processor.py:829} INFO - Processing file /home/radtrz/airflow/dags/databaseDAG.py for tasks to queue
[2023-10-09T21:23:02.484+0200] {logging_mixin.py:151} INFO - [2023-10-09T21:23:02.484+0200] {dagbag.py:539} INFO - Filling up the DagBag from /home/radtrz/airflow/dags/databaseDAG.py
[2023-10-09T21:23:02.785+0200] {processor.py:839} INFO - DAG(s) dict_keys(['MYDBDAG']) retrieved from /home/radtrz/airflow/dags/databaseDAG.py
[2023-10-09T21:23:02.794+0200] {logging_mixin.py:151} INFO - [2023-10-09T21:23:02.794+0200] {dag.py:2915} INFO - Sync 1 DAGs
[2023-10-09T21:23:02.804+0200] {logging_mixin.py:151} INFO - [2023-10-09T21:23:02.804+0200] {dag.py:3696} INFO - Setting next_dagrun for MYDBDAG to 2023-10-01T21:15:00+00:00, run_after=2023-10-01T21:20:00+00:00
[2023-10-09T21:23:02.823+0200] {processor.py:179} INFO - Processing /home/radtrz/airflow/dags/databaseDAG.py took 0.350 seconds
[2023-10-09T21:23:33.744+0200] {processor.py:157} INFO - Started process (PID=33112) to work on /home/radtrz/airflow/dags/databaseDAG.py
[2023-10-09T21:23:33.752+0200] {processor.py:829} INFO - Processing file /home/radtrz/airflow/dags/databaseDAG.py for tasks to queue
[2023-10-09T21:23:33.753+0200] {logging_mixin.py:151} INFO - [2023-10-09T21:23:33.753+0200] {dagbag.py:539} INFO - Filling up the DagBag from /home/radtrz/airflow/dags/databaseDAG.py
[2023-10-09T21:23:34.059+0200] {processor.py:839} INFO - DAG(s) dict_keys(['MYDBDAG']) retrieved from /home/radtrz/airflow/dags/databaseDAG.py
[2023-10-09T21:23:34.068+0200] {logging_mixin.py:151} INFO - [2023-10-09T21:23:34.068+0200] {dag.py:2915} INFO - Sync 1 DAGs
[2023-10-09T21:23:34.078+0200] {logging_mixin.py:151} INFO - [2023-10-09T21:23:34.078+0200] {dag.py:3696} INFO - Setting next_dagrun for MYDBDAG to 2023-10-01T21:15:00+00:00, run_after=2023-10-01T21:20:00+00:00
[2023-10-09T21:23:34.089+0200] {processor.py:179} INFO - Processing /home/radtrz/airflow/dags/databaseDAG.py took 0.347 seconds
[2023-10-09T21:24:04.946+0200] {processor.py:157} INFO - Started process (PID=33165) to work on /home/radtrz/airflow/dags/databaseDAG.py
[2023-10-09T21:24:04.955+0200] {processor.py:829} INFO - Processing file /home/radtrz/airflow/dags/databaseDAG.py for tasks to queue
[2023-10-09T21:24:04.956+0200] {logging_mixin.py:151} INFO - [2023-10-09T21:24:04.955+0200] {dagbag.py:539} INFO - Filling up the DagBag from /home/radtrz/airflow/dags/databaseDAG.py
[2023-10-09T21:24:05.256+0200] {processor.py:839} INFO - DAG(s) dict_keys(['MYDBDAG']) retrieved from /home/radtrz/airflow/dags/databaseDAG.py
[2023-10-09T21:24:05.265+0200] {logging_mixin.py:151} INFO - [2023-10-09T21:24:05.265+0200] {dag.py:2915} INFO - Sync 1 DAGs
[2023-10-09T21:24:05.275+0200] {logging_mixin.py:151} INFO - [2023-10-09T21:24:05.275+0200] {dag.py:3696} INFO - Setting next_dagrun for MYDBDAG to 2023-10-01T21:15:00+00:00, run_after=2023-10-01T21:20:00+00:00
[2023-10-09T21:24:05.293+0200] {processor.py:179} INFO - Processing /home/radtrz/airflow/dags/databaseDAG.py took 0.349 seconds
[2023-10-09T21:24:36.190+0200] {processor.py:157} INFO - Started process (PID=33316) to work on /home/radtrz/airflow/dags/databaseDAG.py
[2023-10-09T21:24:36.199+0200] {processor.py:829} INFO - Processing file /home/radtrz/airflow/dags/databaseDAG.py for tasks to queue
[2023-10-09T21:24:36.199+0200] {logging_mixin.py:151} INFO - [2023-10-09T21:24:36.199+0200] {dagbag.py:539} INFO - Filling up the DagBag from /home/radtrz/airflow/dags/databaseDAG.py
[2023-10-09T21:24:36.507+0200] {processor.py:839} INFO - DAG(s) dict_keys(['MYDBDAG']) retrieved from /home/radtrz/airflow/dags/databaseDAG.py
[2023-10-09T21:24:36.516+0200] {logging_mixin.py:151} INFO - [2023-10-09T21:24:36.516+0200] {dag.py:2915} INFO - Sync 1 DAGs
[2023-10-09T21:24:36.526+0200] {logging_mixin.py:151} INFO - [2023-10-09T21:24:36.526+0200] {dag.py:3696} INFO - Setting next_dagrun for MYDBDAG to 2023-10-01T21:15:00+00:00, run_after=2023-10-01T21:20:00+00:00
[2023-10-09T21:24:36.544+0200] {processor.py:179} INFO - Processing /home/radtrz/airflow/dags/databaseDAG.py took 0.357 seconds
[2023-10-09T21:25:06.687+0200] {processor.py:157} INFO - Started process (PID=33464) to work on /home/radtrz/airflow/dags/databaseDAG.py
[2023-10-09T21:25:06.696+0200] {processor.py:829} INFO - Processing file /home/radtrz/airflow/dags/databaseDAG.py for tasks to queue
[2023-10-09T21:25:06.697+0200] {logging_mixin.py:151} INFO - [2023-10-09T21:25:06.696+0200] {dagbag.py:539} INFO - Filling up the DagBag from /home/radtrz/airflow/dags/databaseDAG.py
[2023-10-09T21:25:07.010+0200] {processor.py:839} INFO - DAG(s) dict_keys(['MYDBDAG']) retrieved from /home/radtrz/airflow/dags/databaseDAG.py
[2023-10-09T21:25:07.021+0200] {logging_mixin.py:151} INFO - [2023-10-09T21:25:07.021+0200] {dag.py:2915} INFO - Sync 1 DAGs
[2023-10-09T21:25:07.030+0200] {logging_mixin.py:151} INFO - [2023-10-09T21:25:07.030+0200] {dag.py:3696} INFO - Setting next_dagrun for MYDBDAG to 2023-10-01T21:15:00+00:00, run_after=2023-10-01T21:20:00+00:00
[2023-10-09T21:25:07.050+0200] {processor.py:179} INFO - Processing /home/radtrz/airflow/dags/databaseDAG.py took 0.364 seconds
[2023-10-09T21:25:37.980+0200] {processor.py:157} INFO - Started process (PID=33575) to work on /home/radtrz/airflow/dags/databaseDAG.py
[2023-10-09T21:25:37.981+0200] {processor.py:829} INFO - Processing file /home/radtrz/airflow/dags/databaseDAG.py for tasks to queue
[2023-10-09T21:25:37.981+0200] {logging_mixin.py:151} INFO - [2023-10-09T21:25:37.981+0200] {dagbag.py:539} INFO - Filling up the DagBag from /home/radtrz/airflow/dags/databaseDAG.py
[2023-10-09T21:25:38.279+0200] {processor.py:839} INFO - DAG(s) dict_keys(['MYDBDAG']) retrieved from /home/radtrz/airflow/dags/databaseDAG.py
[2023-10-09T21:25:38.288+0200] {logging_mixin.py:151} INFO - [2023-10-09T21:25:38.288+0200] {dag.py:2915} INFO - Sync 1 DAGs
[2023-10-09T21:25:38.298+0200] {logging_mixin.py:151} INFO - [2023-10-09T21:25:38.297+0200] {dag.py:3696} INFO - Setting next_dagrun for MYDBDAG to 2023-10-01T21:15:00+00:00, run_after=2023-10-01T21:20:00+00:00
[2023-10-09T21:25:38.317+0200] {processor.py:179} INFO - Processing /home/radtrz/airflow/dags/databaseDAG.py took 0.339 seconds
[2023-10-09T21:26:09.722+0200] {processor.py:157} INFO - Started process (PID=33646) to work on /home/radtrz/airflow/dags/databaseDAG.py
[2023-10-09T21:26:09.731+0200] {processor.py:829} INFO - Processing file /home/radtrz/airflow/dags/databaseDAG.py for tasks to queue
[2023-10-09T21:26:09.732+0200] {logging_mixin.py:151} INFO - [2023-10-09T21:26:09.731+0200] {dagbag.py:539} INFO - Filling up the DagBag from /home/radtrz/airflow/dags/databaseDAG.py
[2023-10-09T21:26:10.024+0200] {processor.py:839} INFO - DAG(s) dict_keys(['MYDBDAG']) retrieved from /home/radtrz/airflow/dags/databaseDAG.py
[2023-10-09T21:26:10.033+0200] {logging_mixin.py:151} INFO - [2023-10-09T21:26:10.033+0200] {dag.py:2915} INFO - Sync 1 DAGs
[2023-10-09T21:26:10.042+0200] {logging_mixin.py:151} INFO - [2023-10-09T21:26:10.042+0200] {dag.py:3696} INFO - Setting next_dagrun for MYDBDAG to 2023-10-01T21:15:00+00:00, run_after=2023-10-01T21:20:00+00:00
[2023-10-09T21:26:10.062+0200] {processor.py:179} INFO - Processing /home/radtrz/airflow/dags/databaseDAG.py took 0.341 seconds
[2023-10-09T21:26:40.370+0200] {processor.py:157} INFO - Started process (PID=33745) to work on /home/radtrz/airflow/dags/databaseDAG.py
[2023-10-09T21:26:40.379+0200] {processor.py:829} INFO - Processing file /home/radtrz/airflow/dags/databaseDAG.py for tasks to queue
[2023-10-09T21:26:40.379+0200] {logging_mixin.py:151} INFO - [2023-10-09T21:26:40.379+0200] {dagbag.py:539} INFO - Filling up the DagBag from /home/radtrz/airflow/dags/databaseDAG.py
[2023-10-09T21:26:40.673+0200] {processor.py:839} INFO - DAG(s) dict_keys(['MYDBDAG']) retrieved from /home/radtrz/airflow/dags/databaseDAG.py
[2023-10-09T21:26:40.682+0200] {logging_mixin.py:151} INFO - [2023-10-09T21:26:40.682+0200] {dag.py:2915} INFO - Sync 1 DAGs
[2023-10-09T21:26:40.691+0200] {logging_mixin.py:151} INFO - [2023-10-09T21:26:40.691+0200] {dag.py:3696} INFO - Setting next_dagrun for MYDBDAG to 2023-10-01T21:15:00+00:00, run_after=2023-10-01T21:20:00+00:00
[2023-10-09T21:26:40.713+0200] {processor.py:179} INFO - Processing /home/radtrz/airflow/dags/databaseDAG.py took 0.345 seconds
[2023-10-09T21:27:11.067+0200] {processor.py:157} INFO - Started process (PID=33788) to work on /home/radtrz/airflow/dags/databaseDAG.py
[2023-10-09T21:27:11.076+0200] {processor.py:829} INFO - Processing file /home/radtrz/airflow/dags/databaseDAG.py for tasks to queue
[2023-10-09T21:27:11.076+0200] {logging_mixin.py:151} INFO - [2023-10-09T21:27:11.076+0200] {dagbag.py:539} INFO - Filling up the DagBag from /home/radtrz/airflow/dags/databaseDAG.py
[2023-10-09T21:27:11.375+0200] {processor.py:839} INFO - DAG(s) dict_keys(['MYDBDAG']) retrieved from /home/radtrz/airflow/dags/databaseDAG.py
[2023-10-09T21:27:11.384+0200] {logging_mixin.py:151} INFO - [2023-10-09T21:27:11.384+0200] {dag.py:2915} INFO - Sync 1 DAGs
[2023-10-09T21:27:11.394+0200] {logging_mixin.py:151} INFO - [2023-10-09T21:27:11.394+0200] {dag.py:3696} INFO - Setting next_dagrun for MYDBDAG to 2023-10-01T21:15:00+00:00, run_after=2023-10-01T21:20:00+00:00
[2023-10-09T21:27:11.414+0200] {processor.py:179} INFO - Processing /home/radtrz/airflow/dags/databaseDAG.py took 0.349 seconds
[2023-10-09T21:27:41.667+0200] {processor.py:157} INFO - Started process (PID=33831) to work on /home/radtrz/airflow/dags/databaseDAG.py
[2023-10-09T21:27:41.676+0200] {processor.py:829} INFO - Processing file /home/radtrz/airflow/dags/databaseDAG.py for tasks to queue
[2023-10-09T21:27:41.676+0200] {logging_mixin.py:151} INFO - [2023-10-09T21:27:41.676+0200] {dagbag.py:539} INFO - Filling up the DagBag from /home/radtrz/airflow/dags/databaseDAG.py
[2023-10-09T21:27:41.977+0200] {processor.py:839} INFO - DAG(s) dict_keys(['MYDBDAG']) retrieved from /home/radtrz/airflow/dags/databaseDAG.py
[2023-10-09T21:27:41.987+0200] {logging_mixin.py:151} INFO - [2023-10-09T21:27:41.987+0200] {dag.py:2915} INFO - Sync 1 DAGs
[2023-10-09T21:27:41.998+0200] {logging_mixin.py:151} INFO - [2023-10-09T21:27:41.998+0200] {dag.py:3696} INFO - Setting next_dagrun for MYDBDAG to 2023-10-01T21:15:00+00:00, run_after=2023-10-01T21:20:00+00:00
[2023-10-09T21:27:42.009+0200] {processor.py:179} INFO - Processing /home/radtrz/airflow/dags/databaseDAG.py took 0.344 seconds
[2023-10-09T21:28:12.280+0200] {processor.py:157} INFO - Started process (PID=33876) to work on /home/radtrz/airflow/dags/databaseDAG.py
[2023-10-09T21:28:12.280+0200] {processor.py:829} INFO - Processing file /home/radtrz/airflow/dags/databaseDAG.py for tasks to queue
[2023-10-09T21:28:12.281+0200] {logging_mixin.py:151} INFO - [2023-10-09T21:28:12.281+0200] {dagbag.py:539} INFO - Filling up the DagBag from /home/radtrz/airflow/dags/databaseDAG.py
[2023-10-09T21:28:12.573+0200] {processor.py:839} INFO - DAG(s) dict_keys(['MYDBDAG']) retrieved from /home/radtrz/airflow/dags/databaseDAG.py
[2023-10-09T21:28:12.583+0200] {logging_mixin.py:151} INFO - [2023-10-09T21:28:12.583+0200] {dag.py:2915} INFO - Sync 1 DAGs
[2023-10-09T21:28:12.593+0200] {logging_mixin.py:151} INFO - [2023-10-09T21:28:12.593+0200] {dag.py:3696} INFO - Setting next_dagrun for MYDBDAG to 2023-10-01T21:15:00+00:00, run_after=2023-10-01T21:20:00+00:00
[2023-10-09T21:28:12.612+0200] {processor.py:179} INFO - Processing /home/radtrz/airflow/dags/databaseDAG.py took 0.334 seconds
[2023-10-09T21:28:44.320+0200] {processor.py:157} INFO - Started process (PID=33924) to work on /home/radtrz/airflow/dags/databaseDAG.py
[2023-10-09T21:28:44.321+0200] {processor.py:829} INFO - Processing file /home/radtrz/airflow/dags/databaseDAG.py for tasks to queue
[2023-10-09T21:28:44.322+0200] {logging_mixin.py:151} INFO - [2023-10-09T21:28:44.321+0200] {dagbag.py:539} INFO - Filling up the DagBag from /home/radtrz/airflow/dags/databaseDAG.py
[2023-10-09T21:28:44.643+0200] {processor.py:839} INFO - DAG(s) dict_keys(['MYDBDAG']) retrieved from /home/radtrz/airflow/dags/databaseDAG.py
[2023-10-09T21:28:44.652+0200] {logging_mixin.py:151} INFO - [2023-10-09T21:28:44.652+0200] {dag.py:2915} INFO - Sync 1 DAGs
[2023-10-09T21:28:44.663+0200] {logging_mixin.py:151} INFO - [2023-10-09T21:28:44.663+0200] {dag.py:3696} INFO - Setting next_dagrun for MYDBDAG to 2023-10-01T21:15:00+00:00, run_after=2023-10-01T21:20:00+00:00
[2023-10-09T21:28:44.696+0200] {processor.py:179} INFO - Processing /home/radtrz/airflow/dags/databaseDAG.py took 0.378 seconds
[2023-10-09T21:29:14.918+0200] {processor.py:157} INFO - Started process (PID=33984) to work on /home/radtrz/airflow/dags/databaseDAG.py
[2023-10-09T21:29:14.927+0200] {processor.py:829} INFO - Processing file /home/radtrz/airflow/dags/databaseDAG.py for tasks to queue
[2023-10-09T21:29:14.927+0200] {logging_mixin.py:151} INFO - [2023-10-09T21:29:14.927+0200] {dagbag.py:539} INFO - Filling up the DagBag from /home/radtrz/airflow/dags/databaseDAG.py
[2023-10-09T21:29:15.251+0200] {processor.py:839} INFO - DAG(s) dict_keys(['MYDBDAG']) retrieved from /home/radtrz/airflow/dags/databaseDAG.py
[2023-10-09T21:29:15.262+0200] {logging_mixin.py:151} INFO - [2023-10-09T21:29:15.261+0200] {dag.py:2915} INFO - Sync 1 DAGs
[2023-10-09T21:29:15.271+0200] {logging_mixin.py:151} INFO - [2023-10-09T21:29:15.271+0200] {dag.py:3696} INFO - Setting next_dagrun for MYDBDAG to 2023-10-01T21:15:00+00:00, run_after=2023-10-01T21:20:00+00:00
[2023-10-09T21:29:15.290+0200] {processor.py:179} INFO - Processing /home/radtrz/airflow/dags/databaseDAG.py took 0.374 seconds
[2023-10-09T21:30:00.841+0200] {processor.py:157} INFO - Started process (PID=34335) to work on /home/radtrz/airflow/dags/databaseDAG.py
[2023-10-09T21:30:00.842+0200] {processor.py:829} INFO - Processing file /home/radtrz/airflow/dags/databaseDAG.py for tasks to queue
[2023-10-09T21:30:00.842+0200] {logging_mixin.py:151} INFO - [2023-10-09T21:30:00.842+0200] {dagbag.py:539} INFO - Filling up the DagBag from /home/radtrz/airflow/dags/databaseDAG.py
[2023-10-09T21:30:01.165+0200] {processor.py:839} INFO - DAG(s) dict_keys(['MYDBDAG']) retrieved from /home/radtrz/airflow/dags/databaseDAG.py
[2023-10-09T21:30:01.176+0200] {logging_mixin.py:151} INFO - [2023-10-09T21:30:01.175+0200] {dag.py:2915} INFO - Sync 1 DAGs
[2023-10-09T21:30:01.186+0200] {logging_mixin.py:151} INFO - [2023-10-09T21:30:01.186+0200] {dag.py:3696} INFO - Setting next_dagrun for MYDBDAG to 2023-10-01T21:15:00+00:00, run_after=2023-10-01T21:20:00+00:00
[2023-10-09T21:30:01.196+0200] {processor.py:179} INFO - Processing /home/radtrz/airflow/dags/databaseDAG.py took 0.358 seconds
[2023-10-09T21:30:32.040+0200] {processor.py:157} INFO - Started process (PID=34523) to work on /home/radtrz/airflow/dags/databaseDAG.py
[2023-10-09T21:30:32.049+0200] {processor.py:829} INFO - Processing file /home/radtrz/airflow/dags/databaseDAG.py for tasks to queue
[2023-10-09T21:30:32.049+0200] {logging_mixin.py:151} INFO - [2023-10-09T21:30:32.049+0200] {dagbag.py:539} INFO - Filling up the DagBag from /home/radtrz/airflow/dags/databaseDAG.py
[2023-10-09T21:30:32.356+0200] {processor.py:839} INFO - DAG(s) dict_keys(['MYDBDAG']) retrieved from /home/radtrz/airflow/dags/databaseDAG.py
[2023-10-09T21:30:32.366+0200] {logging_mixin.py:151} INFO - [2023-10-09T21:30:32.366+0200] {dag.py:2915} INFO - Sync 1 DAGs
[2023-10-09T21:30:32.375+0200] {logging_mixin.py:151} INFO - [2023-10-09T21:30:32.375+0200] {dag.py:3696} INFO - Setting next_dagrun for MYDBDAG to 2023-10-01T21:15:00+00:00, run_after=2023-10-01T21:20:00+00:00
[2023-10-09T21:30:32.395+0200] {processor.py:179} INFO - Processing /home/radtrz/airflow/dags/databaseDAG.py took 0.357 seconds
[2023-10-09T21:31:02.732+0200] {processor.py:157} INFO - Started process (PID=34673) to work on /home/radtrz/airflow/dags/databaseDAG.py
[2023-10-09T21:31:02.740+0200] {processor.py:829} INFO - Processing file /home/radtrz/airflow/dags/databaseDAG.py for tasks to queue
[2023-10-09T21:31:02.741+0200] {logging_mixin.py:151} INFO - [2023-10-09T21:31:02.740+0200] {dagbag.py:539} INFO - Filling up the DagBag from /home/radtrz/airflow/dags/databaseDAG.py
[2023-10-09T21:31:03.056+0200] {processor.py:839} INFO - DAG(s) dict_keys(['MYDBDAG']) retrieved from /home/radtrz/airflow/dags/databaseDAG.py
[2023-10-09T21:31:03.067+0200] {logging_mixin.py:151} INFO - [2023-10-09T21:31:03.066+0200] {dag.py:2915} INFO - Sync 1 DAGs
[2023-10-09T21:31:03.077+0200] {logging_mixin.py:151} INFO - [2023-10-09T21:31:03.077+0200] {dag.py:3696} INFO - Setting next_dagrun for MYDBDAG to 2023-10-01T21:15:00+00:00, run_after=2023-10-01T21:20:00+00:00
[2023-10-09T21:31:03.100+0200] {processor.py:179} INFO - Processing /home/radtrz/airflow/dags/databaseDAG.py took 0.370 seconds
[2023-10-09T21:31:33.276+0200] {processor.py:157} INFO - Started process (PID=34752) to work on /home/radtrz/airflow/dags/databaseDAG.py
[2023-10-09T21:31:33.285+0200] {processor.py:829} INFO - Processing file /home/radtrz/airflow/dags/databaseDAG.py for tasks to queue
[2023-10-09T21:31:33.286+0200] {logging_mixin.py:151} INFO - [2023-10-09T21:31:33.286+0200] {dagbag.py:539} INFO - Filling up the DagBag from /home/radtrz/airflow/dags/databaseDAG.py
[2023-10-09T21:31:33.634+0200] {processor.py:839} INFO - DAG(s) dict_keys(['MYDBDAG']) retrieved from /home/radtrz/airflow/dags/databaseDAG.py
[2023-10-09T21:31:33.648+0200] {logging_mixin.py:151} INFO - [2023-10-09T21:31:33.648+0200] {dag.py:2915} INFO - Sync 1 DAGs
[2023-10-09T21:31:33.658+0200] {logging_mixin.py:151} INFO - [2023-10-09T21:31:33.658+0200] {dag.py:3696} INFO - Setting next_dagrun for MYDBDAG to 2023-10-01T21:15:00+00:00, run_after=2023-10-01T21:20:00+00:00
[2023-10-09T21:31:33.669+0200] {processor.py:179} INFO - Processing /home/radtrz/airflow/dags/databaseDAG.py took 0.395 seconds
[2023-10-09T21:32:03.786+0200] {processor.py:157} INFO - Started process (PID=34898) to work on /home/radtrz/airflow/dags/databaseDAG.py
[2023-10-09T21:32:03.795+0200] {processor.py:829} INFO - Processing file /home/radtrz/airflow/dags/databaseDAG.py for tasks to queue
[2023-10-09T21:32:03.796+0200] {logging_mixin.py:151} INFO - [2023-10-09T21:32:03.796+0200] {dagbag.py:539} INFO - Filling up the DagBag from /home/radtrz/airflow/dags/databaseDAG.py
[2023-10-09T21:32:04.110+0200] {processor.py:839} INFO - DAG(s) dict_keys(['MYDBDAG']) retrieved from /home/radtrz/airflow/dags/databaseDAG.py
[2023-10-09T21:32:04.120+0200] {logging_mixin.py:151} INFO - [2023-10-09T21:32:04.119+0200] {dag.py:2915} INFO - Sync 1 DAGs
[2023-10-09T21:32:04.129+0200] {logging_mixin.py:151} INFO - [2023-10-09T21:32:04.129+0200] {dag.py:3696} INFO - Setting next_dagrun for MYDBDAG to 2023-10-01T21:15:00+00:00, run_after=2023-10-01T21:20:00+00:00
[2023-10-09T21:32:04.152+0200] {processor.py:179} INFO - Processing /home/radtrz/airflow/dags/databaseDAG.py took 0.368 seconds
[2023-10-09T21:32:34.284+0200] {processor.py:157} INFO - Started process (PID=34943) to work on /home/radtrz/airflow/dags/databaseDAG.py
[2023-10-09T21:32:34.284+0200] {processor.py:829} INFO - Processing file /home/radtrz/airflow/dags/databaseDAG.py for tasks to queue
[2023-10-09T21:32:34.285+0200] {logging_mixin.py:151} INFO - [2023-10-09T21:32:34.285+0200] {dagbag.py:539} INFO - Filling up the DagBag from /home/radtrz/airflow/dags/databaseDAG.py
[2023-10-09T21:32:34.591+0200] {processor.py:839} INFO - DAG(s) dict_keys(['MYDBDAG']) retrieved from /home/radtrz/airflow/dags/databaseDAG.py
[2023-10-09T21:32:34.601+0200] {logging_mixin.py:151} INFO - [2023-10-09T21:32:34.601+0200] {dag.py:2915} INFO - Sync 1 DAGs
[2023-10-09T21:32:34.612+0200] {logging_mixin.py:151} INFO - [2023-10-09T21:32:34.612+0200] {dag.py:3696} INFO - Setting next_dagrun for MYDBDAG to 2023-10-01T21:15:00+00:00, run_after=2023-10-01T21:20:00+00:00
[2023-10-09T21:32:34.632+0200] {processor.py:179} INFO - Processing /home/radtrz/airflow/dags/databaseDAG.py took 0.350 seconds
[2023-10-09T21:33:04.781+0200] {processor.py:157} INFO - Started process (PID=35257) to work on /home/radtrz/airflow/dags/databaseDAG.py
[2023-10-09T21:33:04.790+0200] {processor.py:829} INFO - Processing file /home/radtrz/airflow/dags/databaseDAG.py for tasks to queue
[2023-10-09T21:33:04.790+0200] {logging_mixin.py:151} INFO - [2023-10-09T21:33:04.790+0200] {dagbag.py:539} INFO - Filling up the DagBag from /home/radtrz/airflow/dags/databaseDAG.py
[2023-10-09T21:33:05.091+0200] {processor.py:839} INFO - DAG(s) dict_keys(['MYDBDAG']) retrieved from /home/radtrz/airflow/dags/databaseDAG.py
[2023-10-09T21:33:05.100+0200] {logging_mixin.py:151} INFO - [2023-10-09T21:33:05.100+0200] {dag.py:2915} INFO - Sync 1 DAGs
[2023-10-09T21:33:05.110+0200] {logging_mixin.py:151} INFO - [2023-10-09T21:33:05.110+0200] {dag.py:3696} INFO - Setting next_dagrun for MYDBDAG to 2023-10-01T21:15:00+00:00, run_after=2023-10-01T21:20:00+00:00
[2023-10-09T21:33:05.134+0200] {processor.py:179} INFO - Processing /home/radtrz/airflow/dags/databaseDAG.py took 0.355 seconds
[2023-10-09T21:33:35.277+0200] {processor.py:157} INFO - Started process (PID=35317) to work on /home/radtrz/airflow/dags/databaseDAG.py
[2023-10-09T21:33:35.277+0200] {processor.py:829} INFO - Processing file /home/radtrz/airflow/dags/databaseDAG.py for tasks to queue
[2023-10-09T21:33:35.278+0200] {logging_mixin.py:151} INFO - [2023-10-09T21:33:35.278+0200] {dagbag.py:539} INFO - Filling up the DagBag from /home/radtrz/airflow/dags/databaseDAG.py
[2023-10-09T21:33:35.581+0200] {processor.py:839} INFO - DAG(s) dict_keys(['MYDBDAG']) retrieved from /home/radtrz/airflow/dags/databaseDAG.py
[2023-10-09T21:33:35.591+0200] {logging_mixin.py:151} INFO - [2023-10-09T21:33:35.590+0200] {dag.py:2915} INFO - Sync 1 DAGs
[2023-10-09T21:33:35.601+0200] {logging_mixin.py:151} INFO - [2023-10-09T21:33:35.601+0200] {dag.py:3696} INFO - Setting next_dagrun for MYDBDAG to 2023-10-01T21:15:00+00:00, run_after=2023-10-01T21:20:00+00:00
[2023-10-09T21:33:35.625+0200] {processor.py:179} INFO - Processing /home/radtrz/airflow/dags/databaseDAG.py took 0.350 seconds
[2023-10-09T21:34:05.781+0200] {processor.py:157} INFO - Started process (PID=35389) to work on /home/radtrz/airflow/dags/databaseDAG.py
[2023-10-09T21:34:05.789+0200] {processor.py:829} INFO - Processing file /home/radtrz/airflow/dags/databaseDAG.py for tasks to queue
[2023-10-09T21:34:05.790+0200] {logging_mixin.py:151} INFO - [2023-10-09T21:34:05.790+0200] {dagbag.py:539} INFO - Filling up the DagBag from /home/radtrz/airflow/dags/databaseDAG.py
[2023-10-09T21:34:06.097+0200] {processor.py:839} INFO - DAG(s) dict_keys(['MYDBDAG']) retrieved from /home/radtrz/airflow/dags/databaseDAG.py
[2023-10-09T21:34:06.107+0200] {logging_mixin.py:151} INFO - [2023-10-09T21:34:06.107+0200] {dag.py:2915} INFO - Sync 1 DAGs
[2023-10-09T21:34:06.117+0200] {logging_mixin.py:151} INFO - [2023-10-09T21:34:06.117+0200] {dag.py:3696} INFO - Setting next_dagrun for MYDBDAG to 2023-10-01T21:15:00+00:00, run_after=2023-10-01T21:20:00+00:00
[2023-10-09T21:34:06.136+0200] {processor.py:179} INFO - Processing /home/radtrz/airflow/dags/databaseDAG.py took 0.357 seconds
[2023-10-09T21:34:36.277+0200] {processor.py:157} INFO - Started process (PID=35452) to work on /home/radtrz/airflow/dags/databaseDAG.py
[2023-10-09T21:34:36.285+0200] {processor.py:829} INFO - Processing file /home/radtrz/airflow/dags/databaseDAG.py for tasks to queue
[2023-10-09T21:34:36.286+0200] {logging_mixin.py:151} INFO - [2023-10-09T21:34:36.286+0200] {dagbag.py:539} INFO - Filling up the DagBag from /home/radtrz/airflow/dags/databaseDAG.py
[2023-10-09T21:34:36.589+0200] {processor.py:839} INFO - DAG(s) dict_keys(['MYDBDAG']) retrieved from /home/radtrz/airflow/dags/databaseDAG.py
[2023-10-09T21:34:36.598+0200] {logging_mixin.py:151} INFO - [2023-10-09T21:34:36.598+0200] {dag.py:2915} INFO - Sync 1 DAGs
[2023-10-09T21:34:36.607+0200] {logging_mixin.py:151} INFO - [2023-10-09T21:34:36.607+0200] {dag.py:3696} INFO - Setting next_dagrun for MYDBDAG to 2023-10-01T21:15:00+00:00, run_after=2023-10-01T21:20:00+00:00
[2023-10-09T21:34:36.627+0200] {processor.py:179} INFO - Processing /home/radtrz/airflow/dags/databaseDAG.py took 0.352 seconds
[2023-10-09T21:35:06.768+0200] {processor.py:157} INFO - Started process (PID=35582) to work on /home/radtrz/airflow/dags/databaseDAG.py
[2023-10-09T21:35:06.776+0200] {processor.py:829} INFO - Processing file /home/radtrz/airflow/dags/databaseDAG.py for tasks to queue
[2023-10-09T21:35:06.777+0200] {logging_mixin.py:151} INFO - [2023-10-09T21:35:06.777+0200] {dagbag.py:539} INFO - Filling up the DagBag from /home/radtrz/airflow/dags/databaseDAG.py
[2023-10-09T21:35:07.082+0200] {processor.py:839} INFO - DAG(s) dict_keys(['MYDBDAG']) retrieved from /home/radtrz/airflow/dags/databaseDAG.py
[2023-10-09T21:35:07.092+0200] {logging_mixin.py:151} INFO - [2023-10-09T21:35:07.092+0200] {dag.py:2915} INFO - Sync 1 DAGs
[2023-10-09T21:35:07.101+0200] {logging_mixin.py:151} INFO - [2023-10-09T21:35:07.101+0200] {dag.py:3696} INFO - Setting next_dagrun for MYDBDAG to 2023-10-01T21:15:00+00:00, run_after=2023-10-01T21:20:00+00:00
[2023-10-09T21:35:07.126+0200] {processor.py:179} INFO - Processing /home/radtrz/airflow/dags/databaseDAG.py took 0.361 seconds
[2023-10-09T21:35:37.271+0200] {processor.py:157} INFO - Started process (PID=35666) to work on /home/radtrz/airflow/dags/databaseDAG.py
[2023-10-09T21:35:37.280+0200] {processor.py:829} INFO - Processing file /home/radtrz/airflow/dags/databaseDAG.py for tasks to queue
[2023-10-09T21:35:37.280+0200] {logging_mixin.py:151} INFO - [2023-10-09T21:35:37.280+0200] {dagbag.py:539} INFO - Filling up the DagBag from /home/radtrz/airflow/dags/databaseDAG.py
[2023-10-09T21:35:37.617+0200] {processor.py:839} INFO - DAG(s) dict_keys(['MYDBDAG']) retrieved from /home/radtrz/airflow/dags/databaseDAG.py
[2023-10-09T21:35:37.627+0200] {logging_mixin.py:151} INFO - [2023-10-09T21:35:37.627+0200] {dag.py:2915} INFO - Sync 1 DAGs
[2023-10-09T21:35:37.637+0200] {logging_mixin.py:151} INFO - [2023-10-09T21:35:37.637+0200] {dag.py:3696} INFO - Setting next_dagrun for MYDBDAG to 2023-10-01T21:15:00+00:00, run_after=2023-10-01T21:20:00+00:00
[2023-10-09T21:35:37.657+0200] {processor.py:179} INFO - Processing /home/radtrz/airflow/dags/databaseDAG.py took 0.388 seconds
[2023-10-09T21:36:07.768+0200] {processor.py:157} INFO - Started process (PID=35760) to work on /home/radtrz/airflow/dags/databaseDAG.py
[2023-10-09T21:36:07.773+0200] {processor.py:829} INFO - Processing file /home/radtrz/airflow/dags/databaseDAG.py for tasks to queue
[2023-10-09T21:36:07.773+0200] {logging_mixin.py:151} INFO - [2023-10-09T21:36:07.773+0200] {dagbag.py:539} INFO - Filling up the DagBag from /home/radtrz/airflow/dags/databaseDAG.py
[2023-10-09T21:36:08.085+0200] {processor.py:839} INFO - DAG(s) dict_keys(['MYDBDAG']) retrieved from /home/radtrz/airflow/dags/databaseDAG.py
[2023-10-09T21:36:08.094+0200] {logging_mixin.py:151} INFO - [2023-10-09T21:36:08.094+0200] {dag.py:2915} INFO - Sync 1 DAGs
[2023-10-09T21:36:08.104+0200] {logging_mixin.py:151} INFO - [2023-10-09T21:36:08.104+0200] {dag.py:3696} INFO - Setting next_dagrun for MYDBDAG to 2023-10-01T21:15:00+00:00, run_after=2023-10-01T21:20:00+00:00
[2023-10-09T21:36:08.139+0200] {processor.py:179} INFO - Processing /home/radtrz/airflow/dags/databaseDAG.py took 0.373 seconds
[2023-10-09T21:36:38.272+0200] {processor.py:157} INFO - Started process (PID=35851) to work on /home/radtrz/airflow/dags/databaseDAG.py
[2023-10-09T21:36:38.273+0200] {processor.py:829} INFO - Processing file /home/radtrz/airflow/dags/databaseDAG.py for tasks to queue
[2023-10-09T21:36:38.273+0200] {logging_mixin.py:151} INFO - [2023-10-09T21:36:38.273+0200] {dagbag.py:539} INFO - Filling up the DagBag from /home/radtrz/airflow/dags/databaseDAG.py
[2023-10-09T21:36:38.571+0200] {processor.py:839} INFO - DAG(s) dict_keys(['MYDBDAG']) retrieved from /home/radtrz/airflow/dags/databaseDAG.py
[2023-10-09T21:36:38.580+0200] {logging_mixin.py:151} INFO - [2023-10-09T21:36:38.580+0200] {dag.py:2915} INFO - Sync 1 DAGs
[2023-10-09T21:36:38.590+0200] {logging_mixin.py:151} INFO - [2023-10-09T21:36:38.590+0200] {dag.py:3696} INFO - Setting next_dagrun for MYDBDAG to 2023-10-01T21:15:00+00:00, run_after=2023-10-01T21:20:00+00:00
[2023-10-09T21:36:38.616+0200] {processor.py:179} INFO - Processing /home/radtrz/airflow/dags/databaseDAG.py took 0.346 seconds
[2023-10-09T21:37:08.777+0200] {processor.py:157} INFO - Started process (PID=35894) to work on /home/radtrz/airflow/dags/databaseDAG.py
[2023-10-09T21:37:08.786+0200] {processor.py:829} INFO - Processing file /home/radtrz/airflow/dags/databaseDAG.py for tasks to queue
[2023-10-09T21:37:08.786+0200] {logging_mixin.py:151} INFO - [2023-10-09T21:37:08.786+0200] {dagbag.py:539} INFO - Filling up the DagBag from /home/radtrz/airflow/dags/databaseDAG.py
[2023-10-09T21:37:09.106+0200] {processor.py:839} INFO - DAG(s) dict_keys(['MYDBDAG']) retrieved from /home/radtrz/airflow/dags/databaseDAG.py
[2023-10-09T21:37:09.116+0200] {logging_mixin.py:151} INFO - [2023-10-09T21:37:09.116+0200] {dag.py:2915} INFO - Sync 1 DAGs
[2023-10-09T21:37:09.127+0200] {logging_mixin.py:151} INFO - [2023-10-09T21:37:09.127+0200] {dag.py:3696} INFO - Setting next_dagrun for MYDBDAG to 2023-10-01T21:15:00+00:00, run_after=2023-10-01T21:20:00+00:00
[2023-10-09T21:37:09.146+0200] {processor.py:179} INFO - Processing /home/radtrz/airflow/dags/databaseDAG.py took 0.371 seconds
[2023-10-09T21:37:39.271+0200] {processor.py:157} INFO - Started process (PID=35950) to work on /home/radtrz/airflow/dags/databaseDAG.py
[2023-10-09T21:37:39.271+0200] {processor.py:829} INFO - Processing file /home/radtrz/airflow/dags/databaseDAG.py for tasks to queue
[2023-10-09T21:37:39.272+0200] {logging_mixin.py:151} INFO - [2023-10-09T21:37:39.272+0200] {dagbag.py:539} INFO - Filling up the DagBag from /home/radtrz/airflow/dags/databaseDAG.py
[2023-10-09T21:37:39.582+0200] {processor.py:839} INFO - DAG(s) dict_keys(['MYDBDAG']) retrieved from /home/radtrz/airflow/dags/databaseDAG.py
[2023-10-09T21:37:39.592+0200] {logging_mixin.py:151} INFO - [2023-10-09T21:37:39.592+0200] {dag.py:2915} INFO - Sync 1 DAGs
[2023-10-09T21:37:39.603+0200] {logging_mixin.py:151} INFO - [2023-10-09T21:37:39.602+0200] {dag.py:3696} INFO - Setting next_dagrun for MYDBDAG to 2023-10-01T21:15:00+00:00, run_after=2023-10-01T21:20:00+00:00
[2023-10-09T21:37:39.627+0200] {processor.py:179} INFO - Processing /home/radtrz/airflow/dags/databaseDAG.py took 0.359 seconds
[2023-10-09T21:38:09.764+0200] {processor.py:157} INFO - Started process (PID=36051) to work on /home/radtrz/airflow/dags/databaseDAG.py
[2023-10-09T21:38:09.764+0200] {processor.py:829} INFO - Processing file /home/radtrz/airflow/dags/databaseDAG.py for tasks to queue
[2023-10-09T21:38:09.765+0200] {logging_mixin.py:151} INFO - [2023-10-09T21:38:09.765+0200] {dagbag.py:539} INFO - Filling up the DagBag from /home/radtrz/airflow/dags/databaseDAG.py
[2023-10-09T21:38:10.122+0200] {processor.py:839} INFO - DAG(s) dict_keys(['MYDBDAG']) retrieved from /home/radtrz/airflow/dags/databaseDAG.py
[2023-10-09T21:38:10.134+0200] {logging_mixin.py:151} INFO - [2023-10-09T21:38:10.133+0200] {dag.py:2915} INFO - Sync 1 DAGs
[2023-10-09T21:38:10.144+0200] {logging_mixin.py:151} INFO - [2023-10-09T21:38:10.144+0200] {dag.py:3696} INFO - Setting next_dagrun for MYDBDAG to 2023-10-01T21:15:00+00:00, run_after=2023-10-01T21:20:00+00:00
[2023-10-09T21:38:10.157+0200] {processor.py:179} INFO - Processing /home/radtrz/airflow/dags/databaseDAG.py took 0.396 seconds
[2023-10-09T21:38:40.268+0200] {processor.py:157} INFO - Started process (PID=36151) to work on /home/radtrz/airflow/dags/databaseDAG.py
[2023-10-09T21:38:40.277+0200] {processor.py:829} INFO - Processing file /home/radtrz/airflow/dags/databaseDAG.py for tasks to queue
[2023-10-09T21:38:40.278+0200] {logging_mixin.py:151} INFO - [2023-10-09T21:38:40.278+0200] {dagbag.py:539} INFO - Filling up the DagBag from /home/radtrz/airflow/dags/databaseDAG.py
[2023-10-09T21:38:40.581+0200] {processor.py:839} INFO - DAG(s) dict_keys(['MYDBDAG']) retrieved from /home/radtrz/airflow/dags/databaseDAG.py
[2023-10-09T21:38:40.591+0200] {logging_mixin.py:151} INFO - [2023-10-09T21:38:40.591+0200] {dag.py:2915} INFO - Sync 1 DAGs
[2023-10-09T21:38:40.600+0200] {logging_mixin.py:151} INFO - [2023-10-09T21:38:40.600+0200] {dag.py:3696} INFO - Setting next_dagrun for MYDBDAG to 2023-10-01T21:15:00+00:00, run_after=2023-10-01T21:20:00+00:00
[2023-10-09T21:38:40.618+0200] {processor.py:179} INFO - Processing /home/radtrz/airflow/dags/databaseDAG.py took 0.352 seconds
[2023-10-09T21:39:27.860+0200] {processor.py:157} INFO - Started process (PID=36637) to work on /home/radtrz/airflow/dags/databaseDAG.py
[2023-10-09T21:39:27.868+0200] {processor.py:829} INFO - Processing file /home/radtrz/airflow/dags/databaseDAG.py for tasks to queue
[2023-10-09T21:39:27.869+0200] {logging_mixin.py:151} INFO - [2023-10-09T21:39:27.869+0200] {dagbag.py:539} INFO - Filling up the DagBag from /home/radtrz/airflow/dags/databaseDAG.py
[2023-10-09T21:39:28.165+0200] {processor.py:839} INFO - DAG(s) dict_keys(['MYDBDAG']) retrieved from /home/radtrz/airflow/dags/databaseDAG.py
[2023-10-09T21:39:28.175+0200] {logging_mixin.py:151} INFO - [2023-10-09T21:39:28.174+0200] {dag.py:2915} INFO - Sync 1 DAGs
[2023-10-09T21:39:28.184+0200] {logging_mixin.py:151} INFO - [2023-10-09T21:39:28.184+0200] {dag.py:3696} INFO - Setting next_dagrun for MYDBDAG to 2023-10-01T21:15:00+00:00, run_after=2023-10-01T21:20:00+00:00
[2023-10-09T21:39:28.208+0200] {processor.py:179} INFO - Processing /home/radtrz/airflow/dags/databaseDAG.py took 0.350 seconds
[2023-10-09T21:39:59.633+0200] {processor.py:157} INFO - Started process (PID=37119) to work on /home/radtrz/airflow/dags/databaseDAG.py
[2023-10-09T21:39:59.633+0200] {processor.py:829} INFO - Processing file /home/radtrz/airflow/dags/databaseDAG.py for tasks to queue
[2023-10-09T21:39:59.634+0200] {logging_mixin.py:151} INFO - [2023-10-09T21:39:59.634+0200] {dagbag.py:539} INFO - Filling up the DagBag from /home/radtrz/airflow/dags/databaseDAG.py
[2023-10-09T21:39:59.971+0200] {processor.py:839} INFO - DAG(s) dict_keys(['MYDBDAG']) retrieved from /home/radtrz/airflow/dags/databaseDAG.py
[2023-10-09T21:39:59.982+0200] {logging_mixin.py:151} INFO - [2023-10-09T21:39:59.982+0200] {dag.py:2915} INFO - Sync 1 DAGs
[2023-10-09T21:39:59.992+0200] {logging_mixin.py:151} INFO - [2023-10-09T21:39:59.992+0200] {dag.py:3696} INFO - Setting next_dagrun for MYDBDAG to 2023-10-01T21:15:00+00:00, run_after=2023-10-01T21:20:00+00:00
[2023-10-09T21:40:00.005+0200] {processor.py:179} INFO - Processing /home/radtrz/airflow/dags/databaseDAG.py took 0.375 seconds
[2023-10-09T21:40:31.971+0200] {processor.py:157} INFO - Started process (PID=37540) to work on /home/radtrz/airflow/dags/databaseDAG.py
[2023-10-09T21:40:31.972+0200] {processor.py:829} INFO - Processing file /home/radtrz/airflow/dags/databaseDAG.py for tasks to queue
[2023-10-09T21:40:31.973+0200] {logging_mixin.py:151} INFO - [2023-10-09T21:40:31.972+0200] {dagbag.py:539} INFO - Filling up the DagBag from /home/radtrz/airflow/dags/databaseDAG.py
[2023-10-09T21:40:32.282+0200] {processor.py:839} INFO - DAG(s) dict_keys(['MYDBDAG']) retrieved from /home/radtrz/airflow/dags/databaseDAG.py
[2023-10-09T21:40:32.293+0200] {logging_mixin.py:151} INFO - [2023-10-09T21:40:32.293+0200] {dag.py:2915} INFO - Sync 1 DAGs
[2023-10-09T21:40:32.303+0200] {logging_mixin.py:151} INFO - [2023-10-09T21:40:32.303+0200] {dag.py:3696} INFO - Setting next_dagrun for MYDBDAG to 2023-10-01T21:15:00+00:00, run_after=2023-10-01T21:20:00+00:00
[2023-10-09T21:40:32.313+0200] {processor.py:179} INFO - Processing /home/radtrz/airflow/dags/databaseDAG.py took 0.344 seconds
[2023-10-09T21:41:04.337+0200] {processor.py:157} INFO - Started process (PID=37868) to work on /home/radtrz/airflow/dags/databaseDAG.py
[2023-10-09T21:41:04.337+0200] {processor.py:829} INFO - Processing file /home/radtrz/airflow/dags/databaseDAG.py for tasks to queue
[2023-10-09T21:41:04.338+0200] {logging_mixin.py:151} INFO - [2023-10-09T21:41:04.338+0200] {dagbag.py:539} INFO - Filling up the DagBag from /home/radtrz/airflow/dags/databaseDAG.py
[2023-10-09T21:41:04.639+0200] {processor.py:839} INFO - DAG(s) dict_keys(['MYDBDAG']) retrieved from /home/radtrz/airflow/dags/databaseDAG.py
[2023-10-09T21:41:04.648+0200] {logging_mixin.py:151} INFO - [2023-10-09T21:41:04.648+0200] {dag.py:2915} INFO - Sync 1 DAGs
[2023-10-09T21:41:04.657+0200] {logging_mixin.py:151} INFO - [2023-10-09T21:41:04.657+0200] {dag.py:3696} INFO - Setting next_dagrun for MYDBDAG to 2023-10-01T21:15:00+00:00, run_after=2023-10-01T21:20:00+00:00
[2023-10-09T21:41:04.685+0200] {processor.py:179} INFO - Processing /home/radtrz/airflow/dags/databaseDAG.py took 0.350 seconds
[2023-10-09T21:41:35.460+0200] {processor.py:157} INFO - Started process (PID=38206) to work on /home/radtrz/airflow/dags/databaseDAG.py
[2023-10-09T21:41:35.469+0200] {processor.py:829} INFO - Processing file /home/radtrz/airflow/dags/databaseDAG.py for tasks to queue
[2023-10-09T21:41:35.470+0200] {logging_mixin.py:151} INFO - [2023-10-09T21:41:35.469+0200] {dagbag.py:539} INFO - Filling up the DagBag from /home/radtrz/airflow/dags/databaseDAG.py
[2023-10-09T21:41:35.770+0200] {processor.py:839} INFO - DAG(s) dict_keys(['MYDBDAG']) retrieved from /home/radtrz/airflow/dags/databaseDAG.py
[2023-10-09T21:41:35.780+0200] {logging_mixin.py:151} INFO - [2023-10-09T21:41:35.779+0200] {dag.py:2915} INFO - Sync 1 DAGs
[2023-10-09T21:41:35.789+0200] {logging_mixin.py:151} INFO - [2023-10-09T21:41:35.789+0200] {dag.py:3696} INFO - Setting next_dagrun for MYDBDAG to 2023-10-01T21:15:00+00:00, run_after=2023-10-01T21:20:00+00:00
[2023-10-09T21:41:35.808+0200] {processor.py:179} INFO - Processing /home/radtrz/airflow/dags/databaseDAG.py took 0.349 seconds
