[2023-10-09T21:18:39.194+0200] {processor.py:157} INFO - Started process (PID=31402) to work on /home/radtrz/airflow/dags/mycsvdagx2.py
[2023-10-09T21:18:39.194+0200] {processor.py:829} INFO - Processing file /home/radtrz/airflow/dags/mycsvdagx2.py for tasks to queue
[2023-10-09T21:18:39.195+0200] {logging_mixin.py:151} INFO - [2023-10-09T21:18:39.195+0200] {dagbag.py:539} INFO - Filling up the DagBag from /home/radtrz/airflow/dags/mycsvdagx2.py
[2023-10-09T21:18:39.364+0200] {processor.py:839} INFO - DAG(s) dict_keys(['MYFIRSTDAG']) retrieved from /home/radtrz/airflow/dags/mycsvdagx2.py
[2023-10-09T21:18:39.458+0200] {logging_mixin.py:151} INFO - [2023-10-09T21:18:39.458+0200] {dag.py:2915} INFO - Sync 1 DAGs
[2023-10-09T21:18:39.477+0200] {logging_mixin.py:151} INFO - [2023-10-09T21:18:39.476+0200] {dag.py:3696} INFO - Setting next_dagrun for MYFIRSTDAG to 2023-10-01T17:13:00+00:00, run_after=2023-10-01T17:14:00+00:00
[2023-10-09T21:18:39.487+0200] {processor.py:179} INFO - Processing /home/radtrz/airflow/dags/mycsvdagx2.py took 0.295 seconds
[2023-10-09T21:19:14.318+0200] {processor.py:157} INFO - Started process (PID=31635) to work on /home/radtrz/airflow/dags/mycsvdagx2.py
[2023-10-09T21:19:14.319+0200] {processor.py:829} INFO - Processing file /home/radtrz/airflow/dags/mycsvdagx2.py for tasks to queue
[2023-10-09T21:19:14.320+0200] {logging_mixin.py:151} INFO - [2023-10-09T21:19:14.319+0200] {dagbag.py:539} INFO - Filling up the DagBag from /home/radtrz/airflow/dags/mycsvdagx2.py
[2023-10-09T21:19:14.505+0200] {processor.py:839} INFO - DAG(s) dict_keys(['MYFIRSTDAG']) retrieved from /home/radtrz/airflow/dags/mycsvdagx2.py
[2023-10-09T21:19:14.598+0200] {logging_mixin.py:151} INFO - [2023-10-09T21:19:14.598+0200] {dag.py:2915} INFO - Sync 1 DAGs
[2023-10-09T21:19:14.608+0200] {logging_mixin.py:151} INFO - [2023-10-09T21:19:14.608+0200] {dag.py:3696} INFO - Setting next_dagrun for MYFIRSTDAG to 2023-10-01T17:13:00+00:00, run_after=2023-10-01T17:14:00+00:00
[2023-10-09T21:19:14.619+0200] {processor.py:179} INFO - Processing /home/radtrz/airflow/dags/mycsvdagx2.py took 0.302 seconds
[2023-10-09T21:19:49.451+0200] {processor.py:157} INFO - Started process (PID=31990) to work on /home/radtrz/airflow/dags/mycsvdagx2.py
[2023-10-09T21:19:49.451+0200] {processor.py:829} INFO - Processing file /home/radtrz/airflow/dags/mycsvdagx2.py for tasks to queue
[2023-10-09T21:19:49.452+0200] {logging_mixin.py:151} INFO - [2023-10-09T21:19:49.452+0200] {dagbag.py:539} INFO - Filling up the DagBag from /home/radtrz/airflow/dags/mycsvdagx2.py
[2023-10-09T21:19:49.646+0200] {processor.py:839} INFO - DAG(s) dict_keys(['MYFIRSTDAG']) retrieved from /home/radtrz/airflow/dags/mycsvdagx2.py
[2023-10-09T21:19:49.744+0200] {logging_mixin.py:151} INFO - [2023-10-09T21:19:49.744+0200] {dag.py:2915} INFO - Sync 1 DAGs
[2023-10-09T21:19:49.755+0200] {logging_mixin.py:151} INFO - [2023-10-09T21:19:49.755+0200] {dag.py:3696} INFO - Setting next_dagrun for MYFIRSTDAG to 2023-10-01T17:13:00+00:00, run_after=2023-10-01T17:14:00+00:00
[2023-10-09T21:19:49.766+0200] {processor.py:179} INFO - Processing /home/radtrz/airflow/dags/mycsvdagx2.py took 0.318 seconds
[2023-10-09T21:20:24.809+0200] {processor.py:157} INFO - Started process (PID=32222) to work on /home/radtrz/airflow/dags/mycsvdagx2.py
[2023-10-09T21:20:24.809+0200] {processor.py:829} INFO - Processing file /home/radtrz/airflow/dags/mycsvdagx2.py for tasks to queue
[2023-10-09T21:20:24.810+0200] {logging_mixin.py:151} INFO - [2023-10-09T21:20:24.810+0200] {dagbag.py:539} INFO - Filling up the DagBag from /home/radtrz/airflow/dags/mycsvdagx2.py
[2023-10-09T21:20:24.978+0200] {processor.py:839} INFO - DAG(s) dict_keys(['MYFIRSTDAG']) retrieved from /home/radtrz/airflow/dags/mycsvdagx2.py
[2023-10-09T21:20:25.073+0200] {logging_mixin.py:151} INFO - [2023-10-09T21:20:25.073+0200] {dag.py:2915} INFO - Sync 1 DAGs
[2023-10-09T21:20:25.083+0200] {logging_mixin.py:151} INFO - [2023-10-09T21:20:25.083+0200] {dag.py:3696} INFO - Setting next_dagrun for MYFIRSTDAG to 2023-10-01T17:13:00+00:00, run_after=2023-10-01T17:14:00+00:00
[2023-10-09T21:20:25.093+0200] {processor.py:179} INFO - Processing /home/radtrz/airflow/dags/mycsvdagx2.py took 0.286 seconds
[2023-10-09T21:20:59.969+0200] {processor.py:157} INFO - Started process (PID=32441) to work on /home/radtrz/airflow/dags/mycsvdagx2.py
[2023-10-09T21:20:59.970+0200] {processor.py:829} INFO - Processing file /home/radtrz/airflow/dags/mycsvdagx2.py for tasks to queue
[2023-10-09T21:20:59.971+0200] {logging_mixin.py:151} INFO - [2023-10-09T21:20:59.970+0200] {dagbag.py:539} INFO - Filling up the DagBag from /home/radtrz/airflow/dags/mycsvdagx2.py
[2023-10-09T21:21:00.152+0200] {processor.py:839} INFO - DAG(s) dict_keys(['MYFIRSTDAG']) retrieved from /home/radtrz/airflow/dags/mycsvdagx2.py
[2023-10-09T21:21:00.251+0200] {logging_mixin.py:151} INFO - [2023-10-09T21:21:00.251+0200] {dag.py:2915} INFO - Sync 1 DAGs
[2023-10-09T21:21:00.261+0200] {logging_mixin.py:151} INFO - [2023-10-09T21:21:00.261+0200] {dag.py:3696} INFO - Setting next_dagrun for MYFIRSTDAG to 2023-10-01T17:13:00+00:00, run_after=2023-10-01T17:14:00+00:00
[2023-10-09T21:21:00.272+0200] {processor.py:179} INFO - Processing /home/radtrz/airflow/dags/mycsvdagx2.py took 0.305 seconds
[2023-10-09T21:21:34.981+0200] {processor.py:157} INFO - Started process (PID=32672) to work on /home/radtrz/airflow/dags/mycsvdagx2.py
[2023-10-09T21:21:34.982+0200] {processor.py:829} INFO - Processing file /home/radtrz/airflow/dags/mycsvdagx2.py for tasks to queue
[2023-10-09T21:21:34.982+0200] {logging_mixin.py:151} INFO - [2023-10-09T21:21:34.982+0200] {dagbag.py:539} INFO - Filling up the DagBag from /home/radtrz/airflow/dags/mycsvdagx2.py
[2023-10-09T21:21:35.153+0200] {processor.py:839} INFO - DAG(s) dict_keys(['MYFIRSTDAG']) retrieved from /home/radtrz/airflow/dags/mycsvdagx2.py
[2023-10-09T21:21:35.164+0200] {logging_mixin.py:151} INFO - [2023-10-09T21:21:35.164+0200] {dag.py:2915} INFO - Sync 1 DAGs
[2023-10-09T21:21:35.175+0200] {logging_mixin.py:151} INFO - [2023-10-09T21:21:35.175+0200] {dag.py:3696} INFO - Setting next_dagrun for MYFIRSTDAG to 2023-10-01T17:13:00+00:00, run_after=2023-10-01T17:14:00+00:00
[2023-10-09T21:21:35.186+0200] {processor.py:179} INFO - Processing /home/radtrz/airflow/dags/mycsvdagx2.py took 0.207 seconds
[2023-10-09T21:22:05.848+0200] {processor.py:157} INFO - Started process (PID=32866) to work on /home/radtrz/airflow/dags/mycsvdagx2.py
[2023-10-09T21:22:05.849+0200] {processor.py:829} INFO - Processing file /home/radtrz/airflow/dags/mycsvdagx2.py for tasks to queue
[2023-10-09T21:22:05.849+0200] {logging_mixin.py:151} INFO - [2023-10-09T21:22:05.849+0200] {dagbag.py:539} INFO - Filling up the DagBag from /home/radtrz/airflow/dags/mycsvdagx2.py
[2023-10-09T21:22:06.069+0200] {processor.py:839} INFO - DAG(s) dict_keys(['MYFIRSTDAG']) retrieved from /home/radtrz/airflow/dags/mycsvdagx2.py
[2023-10-09T21:22:06.082+0200] {logging_mixin.py:151} INFO - [2023-10-09T21:22:06.082+0200] {dag.py:2915} INFO - Sync 1 DAGs
[2023-10-09T21:22:06.095+0200] {logging_mixin.py:151} INFO - [2023-10-09T21:22:06.095+0200] {dag.py:3696} INFO - Setting next_dagrun for MYFIRSTDAG to 2023-10-01T17:13:00+00:00, run_after=2023-10-01T17:14:00+00:00
[2023-10-09T21:22:06.110+0200] {processor.py:179} INFO - Processing /home/radtrz/airflow/dags/mycsvdagx2.py took 0.264 seconds
[2023-10-09T21:22:36.181+0200] {processor.py:157} INFO - Started process (PID=32911) to work on /home/radtrz/airflow/dags/mycsvdagx2.py
[2023-10-09T21:22:36.190+0200] {processor.py:829} INFO - Processing file /home/radtrz/airflow/dags/mycsvdagx2.py for tasks to queue
[2023-10-09T21:22:36.190+0200] {logging_mixin.py:151} INFO - [2023-10-09T21:22:36.190+0200] {dagbag.py:539} INFO - Filling up the DagBag from /home/radtrz/airflow/dags/mycsvdagx2.py
[2023-10-09T21:22:36.371+0200] {processor.py:839} INFO - DAG(s) dict_keys(['MYFIRSTDAG']) retrieved from /home/radtrz/airflow/dags/mycsvdagx2.py
[2023-10-09T21:22:36.382+0200] {logging_mixin.py:151} INFO - [2023-10-09T21:22:36.382+0200] {dag.py:2915} INFO - Sync 1 DAGs
[2023-10-09T21:22:36.393+0200] {logging_mixin.py:151} INFO - [2023-10-09T21:22:36.393+0200] {dag.py:3696} INFO - Setting next_dagrun for MYFIRSTDAG to 2023-10-01T17:13:00+00:00, run_after=2023-10-01T17:14:00+00:00
[2023-10-09T21:22:36.408+0200] {processor.py:179} INFO - Processing /home/radtrz/airflow/dags/mycsvdagx2.py took 0.229 seconds
[2023-10-09T21:23:07.493+0200] {processor.py:157} INFO - Started process (PID=32952) to work on /home/radtrz/airflow/dags/mycsvdagx2.py
[2023-10-09T21:23:07.502+0200] {processor.py:829} INFO - Processing file /home/radtrz/airflow/dags/mycsvdagx2.py for tasks to queue
[2023-10-09T21:23:07.503+0200] {logging_mixin.py:151} INFO - [2023-10-09T21:23:07.502+0200] {dagbag.py:539} INFO - Filling up the DagBag from /home/radtrz/airflow/dags/mycsvdagx2.py
[2023-10-09T21:23:07.682+0200] {processor.py:839} INFO - DAG(s) dict_keys(['MYFIRSTDAG']) retrieved from /home/radtrz/airflow/dags/mycsvdagx2.py
[2023-10-09T21:23:07.694+0200] {logging_mixin.py:151} INFO - [2023-10-09T21:23:07.694+0200] {dag.py:2915} INFO - Sync 1 DAGs
[2023-10-09T21:23:07.707+0200] {logging_mixin.py:151} INFO - [2023-10-09T21:23:07.707+0200] {dag.py:3696} INFO - Setting next_dagrun for MYFIRSTDAG to 2023-10-01T17:13:00+00:00, run_after=2023-10-01T17:14:00+00:00
[2023-10-09T21:23:07.802+0200] {processor.py:179} INFO - Processing /home/radtrz/airflow/dags/mycsvdagx2.py took 0.311 seconds
[2023-10-09T21:23:38.093+0200] {processor.py:157} INFO - Started process (PID=33138) to work on /home/radtrz/airflow/dags/mycsvdagx2.py
[2023-10-09T21:23:38.102+0200] {processor.py:829} INFO - Processing file /home/radtrz/airflow/dags/mycsvdagx2.py for tasks to queue
[2023-10-09T21:23:38.102+0200] {logging_mixin.py:151} INFO - [2023-10-09T21:23:38.102+0200] {dagbag.py:539} INFO - Filling up the DagBag from /home/radtrz/airflow/dags/mycsvdagx2.py
[2023-10-09T21:23:38.286+0200] {processor.py:839} INFO - DAG(s) dict_keys(['MYFIRSTDAG']) retrieved from /home/radtrz/airflow/dags/mycsvdagx2.py
[2023-10-09T21:23:38.298+0200] {logging_mixin.py:151} INFO - [2023-10-09T21:23:38.298+0200] {dag.py:2915} INFO - Sync 1 DAGs
[2023-10-09T21:23:38.391+0200] {logging_mixin.py:151} INFO - [2023-10-09T21:23:38.391+0200] {dag.py:3696} INFO - Setting next_dagrun for MYFIRSTDAG to 2023-10-01T17:13:00+00:00, run_after=2023-10-01T17:14:00+00:00
[2023-10-09T21:23:38.401+0200] {processor.py:179} INFO - Processing /home/radtrz/airflow/dags/mycsvdagx2.py took 0.310 seconds
[2023-10-09T21:24:09.157+0200] {processor.py:157} INFO - Started process (PID=33190) to work on /home/radtrz/airflow/dags/mycsvdagx2.py
[2023-10-09T21:24:09.166+0200] {processor.py:829} INFO - Processing file /home/radtrz/airflow/dags/mycsvdagx2.py for tasks to queue
[2023-10-09T21:24:09.167+0200] {logging_mixin.py:151} INFO - [2023-10-09T21:24:09.166+0200] {dagbag.py:539} INFO - Filling up the DagBag from /home/radtrz/airflow/dags/mycsvdagx2.py
[2023-10-09T21:24:09.339+0200] {processor.py:839} INFO - DAG(s) dict_keys(['MYFIRSTDAG']) retrieved from /home/radtrz/airflow/dags/mycsvdagx2.py
[2023-10-09T21:24:09.350+0200] {logging_mixin.py:151} INFO - [2023-10-09T21:24:09.350+0200] {dag.py:2915} INFO - Sync 1 DAGs
[2023-10-09T21:24:09.445+0200] {logging_mixin.py:151} INFO - [2023-10-09T21:24:09.444+0200] {dag.py:3696} INFO - Setting next_dagrun for MYFIRSTDAG to 2023-10-01T17:13:00+00:00, run_after=2023-10-01T17:14:00+00:00
[2023-10-09T21:24:09.466+0200] {processor.py:179} INFO - Processing /home/radtrz/airflow/dags/mycsvdagx2.py took 0.311 seconds
[2023-10-09T21:24:41.100+0200] {processor.py:157} INFO - Started process (PID=33382) to work on /home/radtrz/airflow/dags/mycsvdagx2.py
[2023-10-09T21:24:41.109+0200] {processor.py:829} INFO - Processing file /home/radtrz/airflow/dags/mycsvdagx2.py for tasks to queue
[2023-10-09T21:24:41.109+0200] {logging_mixin.py:151} INFO - [2023-10-09T21:24:41.109+0200] {dagbag.py:539} INFO - Filling up the DagBag from /home/radtrz/airflow/dags/mycsvdagx2.py
[2023-10-09T21:24:41.281+0200] {processor.py:839} INFO - DAG(s) dict_keys(['MYFIRSTDAG']) retrieved from /home/radtrz/airflow/dags/mycsvdagx2.py
[2023-10-09T21:24:41.293+0200] {logging_mixin.py:151} INFO - [2023-10-09T21:24:41.292+0200] {dag.py:2915} INFO - Sync 1 DAGs
[2023-10-09T21:24:41.385+0200] {logging_mixin.py:151} INFO - [2023-10-09T21:24:41.385+0200] {dag.py:3696} INFO - Setting next_dagrun for MYFIRSTDAG to 2023-10-01T17:13:00+00:00, run_after=2023-10-01T17:14:00+00:00
[2023-10-09T21:24:41.408+0200] {processor.py:179} INFO - Processing /home/radtrz/airflow/dags/mycsvdagx2.py took 0.310 seconds
[2023-10-09T21:25:12.386+0200] {processor.py:157} INFO - Started process (PID=33503) to work on /home/radtrz/airflow/dags/mycsvdagx2.py
[2023-10-09T21:25:12.394+0200] {processor.py:829} INFO - Processing file /home/radtrz/airflow/dags/mycsvdagx2.py for tasks to queue
[2023-10-09T21:25:12.395+0200] {logging_mixin.py:151} INFO - [2023-10-09T21:25:12.395+0200] {dagbag.py:539} INFO - Filling up the DagBag from /home/radtrz/airflow/dags/mycsvdagx2.py
[2023-10-09T21:25:12.582+0200] {processor.py:839} INFO - DAG(s) dict_keys(['MYFIRSTDAG']) retrieved from /home/radtrz/airflow/dags/mycsvdagx2.py
[2023-10-09T21:25:12.679+0200] {logging_mixin.py:151} INFO - [2023-10-09T21:25:12.679+0200] {dag.py:2915} INFO - Sync 1 DAGs
[2023-10-09T21:25:12.689+0200] {logging_mixin.py:151} INFO - [2023-10-09T21:25:12.689+0200] {dag.py:3696} INFO - Setting next_dagrun for MYFIRSTDAG to 2023-10-01T17:13:00+00:00, run_after=2023-10-01T17:14:00+00:00
[2023-10-09T21:25:12.707+0200] {processor.py:179} INFO - Processing /home/radtrz/airflow/dags/mycsvdagx2.py took 0.324 seconds
[2023-10-09T21:25:43.780+0200] {processor.py:157} INFO - Started process (PID=33587) to work on /home/radtrz/airflow/dags/mycsvdagx2.py
[2023-10-09T21:25:43.780+0200] {processor.py:829} INFO - Processing file /home/radtrz/airflow/dags/mycsvdagx2.py for tasks to queue
[2023-10-09T21:25:43.781+0200] {logging_mixin.py:151} INFO - [2023-10-09T21:25:43.781+0200] {dagbag.py:539} INFO - Filling up the DagBag from /home/radtrz/airflow/dags/mycsvdagx2.py
[2023-10-09T21:25:43.951+0200] {processor.py:839} INFO - DAG(s) dict_keys(['MYFIRSTDAG']) retrieved from /home/radtrz/airflow/dags/mycsvdagx2.py
[2023-10-09T21:25:44.045+0200] {logging_mixin.py:151} INFO - [2023-10-09T21:25:44.045+0200] {dag.py:2915} INFO - Sync 1 DAGs
[2023-10-09T21:25:44.055+0200] {logging_mixin.py:151} INFO - [2023-10-09T21:25:44.055+0200] {dag.py:3696} INFO - Setting next_dagrun for MYFIRSTDAG to 2023-10-01T17:13:00+00:00, run_after=2023-10-01T17:14:00+00:00
[2023-10-09T21:25:44.079+0200] {processor.py:179} INFO - Processing /home/radtrz/airflow/dags/mycsvdagx2.py took 0.301 seconds
[2023-10-09T21:26:14.901+0200] {processor.py:157} INFO - Started process (PID=33682) to work on /home/radtrz/airflow/dags/mycsvdagx2.py
[2023-10-09T21:26:14.910+0200] {processor.py:829} INFO - Processing file /home/radtrz/airflow/dags/mycsvdagx2.py for tasks to queue
[2023-10-09T21:26:14.910+0200] {logging_mixin.py:151} INFO - [2023-10-09T21:26:14.910+0200] {dagbag.py:539} INFO - Filling up the DagBag from /home/radtrz/airflow/dags/mycsvdagx2.py
[2023-10-09T21:26:15.083+0200] {processor.py:839} INFO - DAG(s) dict_keys(['MYFIRSTDAG']) retrieved from /home/radtrz/airflow/dags/mycsvdagx2.py
[2023-10-09T21:26:15.179+0200] {logging_mixin.py:151} INFO - [2023-10-09T21:26:15.179+0200] {dag.py:2915} INFO - Sync 1 DAGs
[2023-10-09T21:26:15.189+0200] {logging_mixin.py:151} INFO - [2023-10-09T21:26:15.189+0200] {dag.py:3696} INFO - Setting next_dagrun for MYFIRSTDAG to 2023-10-01T17:13:00+00:00, run_after=2023-10-01T17:14:00+00:00
[2023-10-09T21:26:15.200+0200] {processor.py:179} INFO - Processing /home/radtrz/airflow/dags/mycsvdagx2.py took 0.301 seconds
[2023-10-09T21:26:46.159+0200] {processor.py:157} INFO - Started process (PID=33758) to work on /home/radtrz/airflow/dags/mycsvdagx2.py
[2023-10-09T21:26:46.160+0200] {processor.py:829} INFO - Processing file /home/radtrz/airflow/dags/mycsvdagx2.py for tasks to queue
[2023-10-09T21:26:46.161+0200] {logging_mixin.py:151} INFO - [2023-10-09T21:26:46.160+0200] {dagbag.py:539} INFO - Filling up the DagBag from /home/radtrz/airflow/dags/mycsvdagx2.py
[2023-10-09T21:26:46.331+0200] {processor.py:839} INFO - DAG(s) dict_keys(['MYFIRSTDAG']) retrieved from /home/radtrz/airflow/dags/mycsvdagx2.py
[2023-10-09T21:26:46.342+0200] {logging_mixin.py:151} INFO - [2023-10-09T21:26:46.342+0200] {dag.py:2915} INFO - Sync 1 DAGs
[2023-10-09T21:26:46.353+0200] {logging_mixin.py:151} INFO - [2023-10-09T21:26:46.353+0200] {dag.py:3696} INFO - Setting next_dagrun for MYFIRSTDAG to 2023-10-01T17:13:00+00:00, run_after=2023-10-01T17:14:00+00:00
[2023-10-09T21:26:46.375+0200] {processor.py:179} INFO - Processing /home/radtrz/airflow/dags/mycsvdagx2.py took 0.217 seconds
[2023-10-09T21:27:16.708+0200] {processor.py:157} INFO - Started process (PID=33801) to work on /home/radtrz/airflow/dags/mycsvdagx2.py
[2023-10-09T21:27:16.717+0200] {processor.py:829} INFO - Processing file /home/radtrz/airflow/dags/mycsvdagx2.py for tasks to queue
[2023-10-09T21:27:16.718+0200] {logging_mixin.py:151} INFO - [2023-10-09T21:27:16.717+0200] {dagbag.py:539} INFO - Filling up the DagBag from /home/radtrz/airflow/dags/mycsvdagx2.py
[2023-10-09T21:27:16.890+0200] {processor.py:839} INFO - DAG(s) dict_keys(['MYFIRSTDAG']) retrieved from /home/radtrz/airflow/dags/mycsvdagx2.py
[2023-10-09T21:27:16.901+0200] {logging_mixin.py:151} INFO - [2023-10-09T21:27:16.901+0200] {dag.py:2915} INFO - Sync 1 DAGs
[2023-10-09T21:27:16.911+0200] {logging_mixin.py:151} INFO - [2023-10-09T21:27:16.911+0200] {dag.py:3696} INFO - Setting next_dagrun for MYFIRSTDAG to 2023-10-01T17:13:00+00:00, run_after=2023-10-01T17:14:00+00:00
[2023-10-09T21:27:17.004+0200] {processor.py:179} INFO - Processing /home/radtrz/airflow/dags/mycsvdagx2.py took 0.297 seconds
[2023-10-09T21:27:47.567+0200] {processor.py:157} INFO - Started process (PID=33851) to work on /home/radtrz/airflow/dags/mycsvdagx2.py
[2023-10-09T21:27:47.576+0200] {processor.py:829} INFO - Processing file /home/radtrz/airflow/dags/mycsvdagx2.py for tasks to queue
[2023-10-09T21:27:47.576+0200] {logging_mixin.py:151} INFO - [2023-10-09T21:27:47.576+0200] {dagbag.py:539} INFO - Filling up the DagBag from /home/radtrz/airflow/dags/mycsvdagx2.py
[2023-10-09T21:27:47.747+0200] {processor.py:839} INFO - DAG(s) dict_keys(['MYFIRSTDAG']) retrieved from /home/radtrz/airflow/dags/mycsvdagx2.py
[2023-10-09T21:27:47.758+0200] {logging_mixin.py:151} INFO - [2023-10-09T21:27:47.758+0200] {dag.py:2915} INFO - Sync 1 DAGs
[2023-10-09T21:27:47.770+0200] {logging_mixin.py:151} INFO - [2023-10-09T21:27:47.770+0200] {dag.py:3696} INFO - Setting next_dagrun for MYFIRSTDAG to 2023-10-01T17:13:00+00:00, run_after=2023-10-01T17:14:00+00:00
[2023-10-09T21:27:47.871+0200] {processor.py:179} INFO - Processing /home/radtrz/airflow/dags/mycsvdagx2.py took 0.306 seconds
[2023-10-09T21:28:18.642+0200] {processor.py:157} INFO - Started process (PID=33891) to work on /home/radtrz/airflow/dags/mycsvdagx2.py
[2023-10-09T21:28:18.648+0200] {processor.py:829} INFO - Processing file /home/radtrz/airflow/dags/mycsvdagx2.py for tasks to queue
[2023-10-09T21:28:18.648+0200] {logging_mixin.py:151} INFO - [2023-10-09T21:28:18.648+0200] {dagbag.py:539} INFO - Filling up the DagBag from /home/radtrz/airflow/dags/mycsvdagx2.py
[2023-10-09T21:28:18.822+0200] {processor.py:839} INFO - DAG(s) dict_keys(['MYFIRSTDAG']) retrieved from /home/radtrz/airflow/dags/mycsvdagx2.py
[2023-10-09T21:28:18.833+0200] {logging_mixin.py:151} INFO - [2023-10-09T21:28:18.833+0200] {dag.py:2915} INFO - Sync 1 DAGs
[2023-10-09T21:28:18.926+0200] {logging_mixin.py:151} INFO - [2023-10-09T21:28:18.926+0200] {dag.py:3696} INFO - Setting next_dagrun for MYFIRSTDAG to 2023-10-01T17:13:00+00:00, run_after=2023-10-01T17:14:00+00:00
[2023-10-09T21:28:18.945+0200] {processor.py:179} INFO - Processing /home/radtrz/airflow/dags/mycsvdagx2.py took 0.305 seconds
[2023-10-09T21:28:49.573+0200] {processor.py:157} INFO - Started process (PID=33936) to work on /home/radtrz/airflow/dags/mycsvdagx2.py
[2023-10-09T21:28:49.582+0200] {processor.py:829} INFO - Processing file /home/radtrz/airflow/dags/mycsvdagx2.py for tasks to queue
[2023-10-09T21:28:49.583+0200] {logging_mixin.py:151} INFO - [2023-10-09T21:28:49.582+0200] {dagbag.py:539} INFO - Filling up the DagBag from /home/radtrz/airflow/dags/mycsvdagx2.py
[2023-10-09T21:28:49.762+0200] {processor.py:839} INFO - DAG(s) dict_keys(['MYFIRSTDAG']) retrieved from /home/radtrz/airflow/dags/mycsvdagx2.py
[2023-10-09T21:28:49.774+0200] {logging_mixin.py:151} INFO - [2023-10-09T21:28:49.774+0200] {dag.py:2915} INFO - Sync 1 DAGs
[2023-10-09T21:28:49.875+0200] {logging_mixin.py:151} INFO - [2023-10-09T21:28:49.875+0200] {dag.py:3696} INFO - Setting next_dagrun for MYFIRSTDAG to 2023-10-01T17:13:00+00:00, run_after=2023-10-01T17:14:00+00:00
[2023-10-09T21:28:49.888+0200] {processor.py:179} INFO - Processing /home/radtrz/airflow/dags/mycsvdagx2.py took 0.316 seconds
[2023-10-09T21:29:20.668+0200] {processor.py:157} INFO - Started process (PID=33997) to work on /home/radtrz/airflow/dags/mycsvdagx2.py
[2023-10-09T21:29:20.677+0200] {processor.py:829} INFO - Processing file /home/radtrz/airflow/dags/mycsvdagx2.py for tasks to queue
[2023-10-09T21:29:20.677+0200] {logging_mixin.py:151} INFO - [2023-10-09T21:29:20.677+0200] {dagbag.py:539} INFO - Filling up the DagBag from /home/radtrz/airflow/dags/mycsvdagx2.py
[2023-10-09T21:29:20.852+0200] {processor.py:839} INFO - DAG(s) dict_keys(['MYFIRSTDAG']) retrieved from /home/radtrz/airflow/dags/mycsvdagx2.py
[2023-10-09T21:29:20.864+0200] {logging_mixin.py:151} INFO - [2023-10-09T21:29:20.864+0200] {dag.py:2915} INFO - Sync 1 DAGs
[2023-10-09T21:29:20.959+0200] {logging_mixin.py:151} INFO - [2023-10-09T21:29:20.959+0200] {dag.py:3696} INFO - Setting next_dagrun for MYFIRSTDAG to 2023-10-01T17:13:00+00:00, run_after=2023-10-01T17:14:00+00:00
[2023-10-09T21:29:20.982+0200] {processor.py:179} INFO - Processing /home/radtrz/airflow/dags/mycsvdagx2.py took 0.316 seconds
[2023-10-09T21:30:12.340+0200] {processor.py:157} INFO - Started process (PID=34462) to work on /home/radtrz/airflow/dags/mycsvdagx2.py
[2023-10-09T21:30:12.341+0200] {processor.py:829} INFO - Processing file /home/radtrz/airflow/dags/mycsvdagx2.py for tasks to queue
[2023-10-09T21:30:12.341+0200] {logging_mixin.py:151} INFO - [2023-10-09T21:30:12.341+0200] {dagbag.py:539} INFO - Filling up the DagBag from /home/radtrz/airflow/dags/mycsvdagx2.py
[2023-10-09T21:30:12.515+0200] {processor.py:839} INFO - DAG(s) dict_keys(['MYFIRSTDAG']) retrieved from /home/radtrz/airflow/dags/mycsvdagx2.py
[2023-10-09T21:30:12.611+0200] {logging_mixin.py:151} INFO - [2023-10-09T21:30:12.611+0200] {dag.py:2915} INFO - Sync 1 DAGs
[2023-10-09T21:30:12.621+0200] {logging_mixin.py:151} INFO - [2023-10-09T21:30:12.621+0200] {dag.py:3696} INFO - Setting next_dagrun for MYFIRSTDAG to 2023-10-01T17:13:00+00:00, run_after=2023-10-01T17:14:00+00:00
[2023-10-09T21:30:12.652+0200] {processor.py:179} INFO - Processing /home/radtrz/airflow/dags/mycsvdagx2.py took 0.314 seconds
[2023-10-09T21:30:43.315+0200] {processor.py:157} INFO - Started process (PID=34556) to work on /home/radtrz/airflow/dags/mycsvdagx2.py
[2023-10-09T21:30:43.324+0200] {processor.py:829} INFO - Processing file /home/radtrz/airflow/dags/mycsvdagx2.py for tasks to queue
[2023-10-09T21:30:43.325+0200] {logging_mixin.py:151} INFO - [2023-10-09T21:30:43.324+0200] {dagbag.py:539} INFO - Filling up the DagBag from /home/radtrz/airflow/dags/mycsvdagx2.py
[2023-10-09T21:30:43.518+0200] {processor.py:839} INFO - DAG(s) dict_keys(['MYFIRSTDAG']) retrieved from /home/radtrz/airflow/dags/mycsvdagx2.py
[2023-10-09T21:30:43.622+0200] {logging_mixin.py:151} INFO - [2023-10-09T21:30:43.622+0200] {dag.py:2915} INFO - Sync 1 DAGs
[2023-10-09T21:30:43.633+0200] {logging_mixin.py:151} INFO - [2023-10-09T21:30:43.633+0200] {dag.py:3696} INFO - Setting next_dagrun for MYFIRSTDAG to 2023-10-01T17:13:00+00:00, run_after=2023-10-01T17:14:00+00:00
[2023-10-09T21:30:43.644+0200] {processor.py:179} INFO - Processing /home/radtrz/airflow/dags/mycsvdagx2.py took 0.331 seconds
[2023-10-09T21:31:14.527+0200] {processor.py:157} INFO - Started process (PID=34687) to work on /home/radtrz/airflow/dags/mycsvdagx2.py
[2023-10-09T21:31:14.535+0200] {processor.py:829} INFO - Processing file /home/radtrz/airflow/dags/mycsvdagx2.py for tasks to queue
[2023-10-09T21:31:14.536+0200] {logging_mixin.py:151} INFO - [2023-10-09T21:31:14.536+0200] {dagbag.py:539} INFO - Filling up the DagBag from /home/radtrz/airflow/dags/mycsvdagx2.py
[2023-10-09T21:31:14.723+0200] {processor.py:839} INFO - DAG(s) dict_keys(['MYFIRSTDAG']) retrieved from /home/radtrz/airflow/dags/mycsvdagx2.py
[2023-10-09T21:31:14.822+0200] {logging_mixin.py:151} INFO - [2023-10-09T21:31:14.822+0200] {dag.py:2915} INFO - Sync 1 DAGs
[2023-10-09T21:31:14.832+0200] {logging_mixin.py:151} INFO - [2023-10-09T21:31:14.832+0200] {dag.py:3696} INFO - Setting next_dagrun for MYFIRSTDAG to 2023-10-01T17:13:00+00:00, run_after=2023-10-01T17:14:00+00:00
[2023-10-09T21:31:14.851+0200] {processor.py:179} INFO - Processing /home/radtrz/airflow/dags/mycsvdagx2.py took 0.327 seconds
[2023-10-09T21:31:45.960+0200] {processor.py:157} INFO - Started process (PID=34856) to work on /home/radtrz/airflow/dags/mycsvdagx2.py
[2023-10-09T21:31:45.969+0200] {processor.py:829} INFO - Processing file /home/radtrz/airflow/dags/mycsvdagx2.py for tasks to queue
[2023-10-09T21:31:45.969+0200] {logging_mixin.py:151} INFO - [2023-10-09T21:31:45.969+0200] {dagbag.py:539} INFO - Filling up the DagBag from /home/radtrz/airflow/dags/mycsvdagx2.py
[2023-10-09T21:31:46.142+0200] {processor.py:839} INFO - DAG(s) dict_keys(['MYFIRSTDAG']) retrieved from /home/radtrz/airflow/dags/mycsvdagx2.py
[2023-10-09T21:31:46.154+0200] {logging_mixin.py:151} INFO - [2023-10-09T21:31:46.154+0200] {dag.py:2915} INFO - Sync 1 DAGs
[2023-10-09T21:31:46.165+0200] {logging_mixin.py:151} INFO - [2023-10-09T21:31:46.165+0200] {dag.py:3696} INFO - Setting next_dagrun for MYFIRSTDAG to 2023-10-01T17:13:00+00:00, run_after=2023-10-01T17:14:00+00:00
[2023-10-09T21:31:46.189+0200] {processor.py:179} INFO - Processing /home/radtrz/airflow/dags/mycsvdagx2.py took 0.231 seconds
[2023-10-09T21:32:16.334+0200] {processor.py:157} INFO - Started process (PID=34912) to work on /home/radtrz/airflow/dags/mycsvdagx2.py
[2023-10-09T21:32:16.342+0200] {processor.py:829} INFO - Processing file /home/radtrz/airflow/dags/mycsvdagx2.py for tasks to queue
[2023-10-09T21:32:16.343+0200] {logging_mixin.py:151} INFO - [2023-10-09T21:32:16.343+0200] {dagbag.py:539} INFO - Filling up the DagBag from /home/radtrz/airflow/dags/mycsvdagx2.py
[2023-10-09T21:32:16.537+0200] {processor.py:839} INFO - DAG(s) dict_keys(['MYFIRSTDAG']) retrieved from /home/radtrz/airflow/dags/mycsvdagx2.py
[2023-10-09T21:32:16.549+0200] {logging_mixin.py:151} INFO - [2023-10-09T21:32:16.549+0200] {dag.py:2915} INFO - Sync 1 DAGs
[2023-10-09T21:32:16.560+0200] {logging_mixin.py:151} INFO - [2023-10-09T21:32:16.560+0200] {dag.py:3696} INFO - Setting next_dagrun for MYFIRSTDAG to 2023-10-01T17:13:00+00:00, run_after=2023-10-01T17:14:00+00:00
[2023-10-09T21:32:16.668+0200] {processor.py:179} INFO - Processing /home/radtrz/airflow/dags/mycsvdagx2.py took 0.337 seconds
[2023-10-09T21:32:46.799+0200] {processor.py:157} INFO - Started process (PID=35190) to work on /home/radtrz/airflow/dags/mycsvdagx2.py
[2023-10-09T21:32:46.800+0200] {processor.py:829} INFO - Processing file /home/radtrz/airflow/dags/mycsvdagx2.py for tasks to queue
[2023-10-09T21:32:46.800+0200] {logging_mixin.py:151} INFO - [2023-10-09T21:32:46.800+0200] {dagbag.py:539} INFO - Filling up the DagBag from /home/radtrz/airflow/dags/mycsvdagx2.py
[2023-10-09T21:32:47.002+0200] {processor.py:839} INFO - DAG(s) dict_keys(['MYFIRSTDAG']) retrieved from /home/radtrz/airflow/dags/mycsvdagx2.py
[2023-10-09T21:32:47.015+0200] {logging_mixin.py:151} INFO - [2023-10-09T21:32:47.015+0200] {dag.py:2915} INFO - Sync 1 DAGs
[2023-10-09T21:32:47.118+0200] {logging_mixin.py:151} INFO - [2023-10-09T21:32:47.117+0200] {dag.py:3696} INFO - Setting next_dagrun for MYFIRSTDAG to 2023-10-01T17:13:00+00:00, run_after=2023-10-01T17:14:00+00:00
[2023-10-09T21:32:47.128+0200] {processor.py:179} INFO - Processing /home/radtrz/airflow/dags/mycsvdagx2.py took 0.331 seconds
[2023-10-09T21:33:17.270+0200] {processor.py:157} INFO - Started process (PID=35286) to work on /home/radtrz/airflow/dags/mycsvdagx2.py
[2023-10-09T21:33:17.279+0200] {processor.py:829} INFO - Processing file /home/radtrz/airflow/dags/mycsvdagx2.py for tasks to queue
[2023-10-09T21:33:17.280+0200] {logging_mixin.py:151} INFO - [2023-10-09T21:33:17.279+0200] {dagbag.py:539} INFO - Filling up the DagBag from /home/radtrz/airflow/dags/mycsvdagx2.py
[2023-10-09T21:33:17.451+0200] {processor.py:839} INFO - DAG(s) dict_keys(['MYFIRSTDAG']) retrieved from /home/radtrz/airflow/dags/mycsvdagx2.py
[2023-10-09T21:33:17.462+0200] {logging_mixin.py:151} INFO - [2023-10-09T21:33:17.462+0200] {dag.py:2915} INFO - Sync 1 DAGs
[2023-10-09T21:33:17.555+0200] {logging_mixin.py:151} INFO - [2023-10-09T21:33:17.555+0200] {dag.py:3696} INFO - Setting next_dagrun for MYFIRSTDAG to 2023-10-01T17:13:00+00:00, run_after=2023-10-01T17:14:00+00:00
[2023-10-09T21:33:17.576+0200] {processor.py:179} INFO - Processing /home/radtrz/airflow/dags/mycsvdagx2.py took 0.307 seconds
[2023-10-09T21:33:47.743+0200] {processor.py:157} INFO - Started process (PID=35334) to work on /home/radtrz/airflow/dags/mycsvdagx2.py
[2023-10-09T21:33:47.752+0200] {processor.py:829} INFO - Processing file /home/radtrz/airflow/dags/mycsvdagx2.py for tasks to queue
[2023-10-09T21:33:47.752+0200] {logging_mixin.py:151} INFO - [2023-10-09T21:33:47.752+0200] {dagbag.py:539} INFO - Filling up the DagBag from /home/radtrz/airflow/dags/mycsvdagx2.py
[2023-10-09T21:33:47.925+0200] {processor.py:839} INFO - DAG(s) dict_keys(['MYFIRSTDAG']) retrieved from /home/radtrz/airflow/dags/mycsvdagx2.py
[2023-10-09T21:33:47.937+0200] {logging_mixin.py:151} INFO - [2023-10-09T21:33:47.937+0200] {dag.py:2915} INFO - Sync 1 DAGs
[2023-10-09T21:33:48.029+0200] {logging_mixin.py:151} INFO - [2023-10-09T21:33:48.029+0200] {dag.py:3696} INFO - Setting next_dagrun for MYFIRSTDAG to 2023-10-01T17:13:00+00:00, run_after=2023-10-01T17:14:00+00:00
[2023-10-09T21:33:48.047+0200] {processor.py:179} INFO - Processing /home/radtrz/airflow/dags/mycsvdagx2.py took 0.306 seconds
[2023-10-09T21:34:18.214+0200] {processor.py:157} INFO - Started process (PID=35423) to work on /home/radtrz/airflow/dags/mycsvdagx2.py
[2023-10-09T21:34:18.223+0200] {processor.py:829} INFO - Processing file /home/radtrz/airflow/dags/mycsvdagx2.py for tasks to queue
[2023-10-09T21:34:18.224+0200] {logging_mixin.py:151} INFO - [2023-10-09T21:34:18.223+0200] {dagbag.py:539} INFO - Filling up the DagBag from /home/radtrz/airflow/dags/mycsvdagx2.py
[2023-10-09T21:34:18.405+0200] {processor.py:839} INFO - DAG(s) dict_keys(['MYFIRSTDAG']) retrieved from /home/radtrz/airflow/dags/mycsvdagx2.py
[2023-10-09T21:34:18.500+0200] {logging_mixin.py:151} INFO - [2023-10-09T21:34:18.500+0200] {dag.py:2915} INFO - Sync 1 DAGs
[2023-10-09T21:34:18.510+0200] {logging_mixin.py:151} INFO - [2023-10-09T21:34:18.510+0200] {dag.py:3696} INFO - Setting next_dagrun for MYFIRSTDAG to 2023-10-01T17:13:00+00:00, run_after=2023-10-01T17:14:00+00:00
[2023-10-09T21:34:18.529+0200] {processor.py:179} INFO - Processing /home/radtrz/airflow/dags/mycsvdagx2.py took 0.317 seconds
[2023-10-09T21:34:48.681+0200] {processor.py:157} INFO - Started process (PID=35510) to work on /home/radtrz/airflow/dags/mycsvdagx2.py
[2023-10-09T21:34:48.690+0200] {processor.py:829} INFO - Processing file /home/radtrz/airflow/dags/mycsvdagx2.py for tasks to queue
[2023-10-09T21:34:48.691+0200] {logging_mixin.py:151} INFO - [2023-10-09T21:34:48.691+0200] {dagbag.py:539} INFO - Filling up the DagBag from /home/radtrz/airflow/dags/mycsvdagx2.py
[2023-10-09T21:34:48.869+0200] {processor.py:839} INFO - DAG(s) dict_keys(['MYFIRSTDAG']) retrieved from /home/radtrz/airflow/dags/mycsvdagx2.py
[2023-10-09T21:34:48.963+0200] {logging_mixin.py:151} INFO - [2023-10-09T21:34:48.963+0200] {dag.py:2915} INFO - Sync 1 DAGs
[2023-10-09T21:34:48.973+0200] {logging_mixin.py:151} INFO - [2023-10-09T21:34:48.973+0200] {dag.py:3696} INFO - Setting next_dagrun for MYFIRSTDAG to 2023-10-01T17:13:00+00:00, run_after=2023-10-01T17:14:00+00:00
[2023-10-09T21:34:49.003+0200] {processor.py:179} INFO - Processing /home/radtrz/airflow/dags/mycsvdagx2.py took 0.323 seconds
[2023-10-09T21:35:19.152+0200] {processor.py:157} INFO - Started process (PID=35624) to work on /home/radtrz/airflow/dags/mycsvdagx2.py
[2023-10-09T21:35:19.161+0200] {processor.py:829} INFO - Processing file /home/radtrz/airflow/dags/mycsvdagx2.py for tasks to queue
[2023-10-09T21:35:19.162+0200] {logging_mixin.py:151} INFO - [2023-10-09T21:35:19.161+0200] {dagbag.py:539} INFO - Filling up the DagBag from /home/radtrz/airflow/dags/mycsvdagx2.py
[2023-10-09T21:35:19.343+0200] {processor.py:839} INFO - DAG(s) dict_keys(['MYFIRSTDAG']) retrieved from /home/radtrz/airflow/dags/mycsvdagx2.py
[2023-10-09T21:35:19.435+0200] {logging_mixin.py:151} INFO - [2023-10-09T21:35:19.435+0200] {dag.py:2915} INFO - Sync 1 DAGs
[2023-10-09T21:35:19.444+0200] {logging_mixin.py:151} INFO - [2023-10-09T21:35:19.444+0200] {dag.py:3696} INFO - Setting next_dagrun for MYFIRSTDAG to 2023-10-01T17:13:00+00:00, run_after=2023-10-01T17:14:00+00:00
[2023-10-09T21:35:19.463+0200] {processor.py:179} INFO - Processing /home/radtrz/airflow/dags/mycsvdagx2.py took 0.313 seconds
[2023-10-09T21:35:49.624+0200] {processor.py:157} INFO - Started process (PID=35718) to work on /home/radtrz/airflow/dags/mycsvdagx2.py
[2023-10-09T21:35:49.633+0200] {processor.py:829} INFO - Processing file /home/radtrz/airflow/dags/mycsvdagx2.py for tasks to queue
[2023-10-09T21:35:49.633+0200] {logging_mixin.py:151} INFO - [2023-10-09T21:35:49.633+0200] {dagbag.py:539} INFO - Filling up the DagBag from /home/radtrz/airflow/dags/mycsvdagx2.py
[2023-10-09T21:35:49.810+0200] {processor.py:839} INFO - DAG(s) dict_keys(['MYFIRSTDAG']) retrieved from /home/radtrz/airflow/dags/mycsvdagx2.py
[2023-10-09T21:35:49.822+0200] {logging_mixin.py:151} INFO - [2023-10-09T21:35:49.822+0200] {dag.py:2915} INFO - Sync 1 DAGs
[2023-10-09T21:35:49.833+0200] {logging_mixin.py:151} INFO - [2023-10-09T21:35:49.833+0200] {dag.py:3696} INFO - Setting next_dagrun for MYFIRSTDAG to 2023-10-01T17:13:00+00:00, run_after=2023-10-01T17:14:00+00:00
[2023-10-09T21:35:49.927+0200] {processor.py:179} INFO - Processing /home/radtrz/airflow/dags/mycsvdagx2.py took 0.305 seconds
[2023-10-09T21:36:20.095+0200] {processor.py:157} INFO - Started process (PID=35777) to work on /home/radtrz/airflow/dags/mycsvdagx2.py
[2023-10-09T21:36:20.103+0200] {processor.py:829} INFO - Processing file /home/radtrz/airflow/dags/mycsvdagx2.py for tasks to queue
[2023-10-09T21:36:20.104+0200] {logging_mixin.py:151} INFO - [2023-10-09T21:36:20.104+0200] {dagbag.py:539} INFO - Filling up the DagBag from /home/radtrz/airflow/dags/mycsvdagx2.py
[2023-10-09T21:36:20.294+0200] {processor.py:839} INFO - DAG(s) dict_keys(['MYFIRSTDAG']) retrieved from /home/radtrz/airflow/dags/mycsvdagx2.py
[2023-10-09T21:36:20.306+0200] {logging_mixin.py:151} INFO - [2023-10-09T21:36:20.306+0200] {dag.py:2915} INFO - Sync 1 DAGs
[2023-10-09T21:36:20.317+0200] {logging_mixin.py:151} INFO - [2023-10-09T21:36:20.317+0200] {dag.py:3696} INFO - Setting next_dagrun for MYFIRSTDAG to 2023-10-01T17:13:00+00:00, run_after=2023-10-01T17:14:00+00:00
[2023-10-09T21:36:20.428+0200] {processor.py:179} INFO - Processing /home/radtrz/airflow/dags/mycsvdagx2.py took 0.335 seconds
[2023-10-09T21:36:50.559+0200] {processor.py:157} INFO - Started process (PID=35864) to work on /home/radtrz/airflow/dags/mycsvdagx2.py
[2023-10-09T21:36:50.568+0200] {processor.py:829} INFO - Processing file /home/radtrz/airflow/dags/mycsvdagx2.py for tasks to queue
[2023-10-09T21:36:50.569+0200] {logging_mixin.py:151} INFO - [2023-10-09T21:36:50.568+0200] {dagbag.py:539} INFO - Filling up the DagBag from /home/radtrz/airflow/dags/mycsvdagx2.py
[2023-10-09T21:36:50.743+0200] {processor.py:839} INFO - DAG(s) dict_keys(['MYFIRSTDAG']) retrieved from /home/radtrz/airflow/dags/mycsvdagx2.py
[2023-10-09T21:36:50.754+0200] {logging_mixin.py:151} INFO - [2023-10-09T21:36:50.754+0200] {dag.py:2915} INFO - Sync 1 DAGs
[2023-10-09T21:36:50.851+0200] {logging_mixin.py:151} INFO - [2023-10-09T21:36:50.851+0200] {dag.py:3696} INFO - Setting next_dagrun for MYFIRSTDAG to 2023-10-01T17:13:00+00:00, run_after=2023-10-01T17:14:00+00:00
[2023-10-09T21:36:50.870+0200] {processor.py:179} INFO - Processing /home/radtrz/airflow/dags/mycsvdagx2.py took 0.313 seconds
[2023-10-09T21:37:20.989+0200] {processor.py:157} INFO - Started process (PID=35911) to work on /home/radtrz/airflow/dags/mycsvdagx2.py
[2023-10-09T21:37:20.998+0200] {processor.py:829} INFO - Processing file /home/radtrz/airflow/dags/mycsvdagx2.py for tasks to queue
[2023-10-09T21:37:20.998+0200] {logging_mixin.py:151} INFO - [2023-10-09T21:37:20.998+0200] {dagbag.py:539} INFO - Filling up the DagBag from /home/radtrz/airflow/dags/mycsvdagx2.py
[2023-10-09T21:37:21.173+0200] {processor.py:839} INFO - DAG(s) dict_keys(['MYFIRSTDAG']) retrieved from /home/radtrz/airflow/dags/mycsvdagx2.py
[2023-10-09T21:37:21.185+0200] {logging_mixin.py:151} INFO - [2023-10-09T21:37:21.185+0200] {dag.py:2915} INFO - Sync 1 DAGs
[2023-10-09T21:37:21.279+0200] {logging_mixin.py:151} INFO - [2023-10-09T21:37:21.279+0200] {dag.py:3696} INFO - Setting next_dagrun for MYFIRSTDAG to 2023-10-01T17:13:00+00:00, run_after=2023-10-01T17:14:00+00:00
[2023-10-09T21:37:21.299+0200] {processor.py:179} INFO - Processing /home/radtrz/airflow/dags/mycsvdagx2.py took 0.312 seconds
[2023-10-09T21:37:51.462+0200] {processor.py:157} INFO - Started process (PID=35964) to work on /home/radtrz/airflow/dags/mycsvdagx2.py
[2023-10-09T21:37:51.471+0200] {processor.py:829} INFO - Processing file /home/radtrz/airflow/dags/mycsvdagx2.py for tasks to queue
[2023-10-09T21:37:51.472+0200] {logging_mixin.py:151} INFO - [2023-10-09T21:37:51.471+0200] {dagbag.py:539} INFO - Filling up the DagBag from /home/radtrz/airflow/dags/mycsvdagx2.py
[2023-10-09T21:37:51.659+0200] {processor.py:839} INFO - DAG(s) dict_keys(['MYFIRSTDAG']) retrieved from /home/radtrz/airflow/dags/mycsvdagx2.py
[2023-10-09T21:37:51.671+0200] {logging_mixin.py:151} INFO - [2023-10-09T21:37:51.671+0200] {dag.py:2915} INFO - Sync 1 DAGs
[2023-10-09T21:37:51.767+0200] {logging_mixin.py:151} INFO - [2023-10-09T21:37:51.767+0200] {dag.py:3696} INFO - Setting next_dagrun for MYFIRSTDAG to 2023-10-01T17:13:00+00:00, run_after=2023-10-01T17:14:00+00:00
[2023-10-09T21:37:51.786+0200] {processor.py:179} INFO - Processing /home/radtrz/airflow/dags/mycsvdagx2.py took 0.325 seconds
[2023-10-09T21:38:21.933+0200] {processor.py:157} INFO - Started process (PID=36076) to work on /home/radtrz/airflow/dags/mycsvdagx2.py
[2023-10-09T21:38:21.942+0200] {processor.py:829} INFO - Processing file /home/radtrz/airflow/dags/mycsvdagx2.py for tasks to queue
[2023-10-09T21:38:21.942+0200] {logging_mixin.py:151} INFO - [2023-10-09T21:38:21.942+0200] {dagbag.py:539} INFO - Filling up the DagBag from /home/radtrz/airflow/dags/mycsvdagx2.py
[2023-10-09T21:38:22.113+0200] {processor.py:839} INFO - DAG(s) dict_keys(['MYFIRSTDAG']) retrieved from /home/radtrz/airflow/dags/mycsvdagx2.py
[2023-10-09T21:38:22.211+0200] {logging_mixin.py:151} INFO - [2023-10-09T21:38:22.211+0200] {dag.py:2915} INFO - Sync 1 DAGs
[2023-10-09T21:38:22.222+0200] {logging_mixin.py:151} INFO - [2023-10-09T21:38:22.222+0200] {dag.py:3696} INFO - Setting next_dagrun for MYFIRSTDAG to 2023-10-01T17:13:00+00:00, run_after=2023-10-01T17:14:00+00:00
[2023-10-09T21:38:22.245+0200] {processor.py:179} INFO - Processing /home/radtrz/airflow/dags/mycsvdagx2.py took 0.314 seconds
[2023-10-09T21:39:26.332+0200] {processor.py:157} INFO - Started process (PID=36625) to work on /home/radtrz/airflow/dags/mycsvdagx2.py
[2023-10-09T21:39:26.333+0200] {processor.py:829} INFO - Processing file /home/radtrz/airflow/dags/mycsvdagx2.py for tasks to queue
[2023-10-09T21:39:26.333+0200] {logging_mixin.py:151} INFO - [2023-10-09T21:39:26.333+0200] {dagbag.py:539} INFO - Filling up the DagBag from /home/radtrz/airflow/dags/mycsvdagx2.py
[2023-10-09T21:39:26.507+0200] {processor.py:839} INFO - DAG(s) dict_keys(['MYFIRSTDAG']) retrieved from /home/radtrz/airflow/dags/mycsvdagx2.py
[2023-10-09T21:39:26.603+0200] {logging_mixin.py:151} INFO - [2023-10-09T21:39:26.603+0200] {dag.py:2915} INFO - Sync 1 DAGs
[2023-10-09T21:39:26.613+0200] {logging_mixin.py:151} INFO - [2023-10-09T21:39:26.613+0200] {dag.py:3696} INFO - Setting next_dagrun for MYFIRSTDAG to 2023-10-01T17:13:00+00:00, run_after=2023-10-01T17:14:00+00:00
[2023-10-09T21:39:26.631+0200] {processor.py:179} INFO - Processing /home/radtrz/airflow/dags/mycsvdagx2.py took 0.301 seconds
[2023-10-09T21:40:04.387+0200] {processor.py:157} INFO - Started process (PID=37224) to work on /home/radtrz/airflow/dags/mycsvdagx2.py
[2023-10-09T21:40:04.388+0200] {processor.py:829} INFO - Processing file /home/radtrz/airflow/dags/mycsvdagx2.py for tasks to queue
[2023-10-09T21:40:04.389+0200] {logging_mixin.py:151} INFO - [2023-10-09T21:40:04.388+0200] {dagbag.py:539} INFO - Filling up the DagBag from /home/radtrz/airflow/dags/mycsvdagx2.py
[2023-10-09T21:40:04.562+0200] {processor.py:839} INFO - DAG(s) dict_keys(['MYFIRSTDAG']) retrieved from /home/radtrz/airflow/dags/mycsvdagx2.py
[2023-10-09T21:40:04.658+0200] {logging_mixin.py:151} INFO - [2023-10-09T21:40:04.658+0200] {dag.py:2915} INFO - Sync 1 DAGs
[2023-10-09T21:40:04.668+0200] {logging_mixin.py:151} INFO - [2023-10-09T21:40:04.668+0200] {dag.py:3696} INFO - Setting next_dagrun for MYFIRSTDAG to 2023-10-01T17:13:00+00:00, run_after=2023-10-01T17:14:00+00:00
[2023-10-09T21:40:04.678+0200] {processor.py:179} INFO - Processing /home/radtrz/airflow/dags/mycsvdagx2.py took 0.292 seconds
[2023-10-09T21:40:36.616+0200] {processor.py:157} INFO - Started process (PID=37594) to work on /home/radtrz/airflow/dags/mycsvdagx2.py
[2023-10-09T21:40:36.617+0200] {processor.py:829} INFO - Processing file /home/radtrz/airflow/dags/mycsvdagx2.py for tasks to queue
[2023-10-09T21:40:36.618+0200] {logging_mixin.py:151} INFO - [2023-10-09T21:40:36.617+0200] {dagbag.py:539} INFO - Filling up the DagBag from /home/radtrz/airflow/dags/mycsvdagx2.py
[2023-10-09T21:40:36.791+0200] {processor.py:839} INFO - DAG(s) dict_keys(['MYFIRSTDAG']) retrieved from /home/radtrz/airflow/dags/mycsvdagx2.py
[2023-10-09T21:40:36.884+0200] {logging_mixin.py:151} INFO - [2023-10-09T21:40:36.884+0200] {dag.py:2915} INFO - Sync 1 DAGs
[2023-10-09T21:40:36.894+0200] {logging_mixin.py:151} INFO - [2023-10-09T21:40:36.894+0200] {dag.py:3696} INFO - Setting next_dagrun for MYFIRSTDAG to 2023-10-01T17:13:00+00:00, run_after=2023-10-01T17:14:00+00:00
[2023-10-09T21:40:36.914+0200] {processor.py:179} INFO - Processing /home/radtrz/airflow/dags/mycsvdagx2.py took 0.299 seconds
[2023-10-09T21:41:09.031+0200] {processor.py:157} INFO - Started process (PID=37926) to work on /home/radtrz/airflow/dags/mycsvdagx2.py
[2023-10-09T21:41:09.032+0200] {processor.py:829} INFO - Processing file /home/radtrz/airflow/dags/mycsvdagx2.py for tasks to queue
[2023-10-09T21:41:09.033+0200] {logging_mixin.py:151} INFO - [2023-10-09T21:41:09.032+0200] {dagbag.py:539} INFO - Filling up the DagBag from /home/radtrz/airflow/dags/mycsvdagx2.py
[2023-10-09T21:41:09.210+0200] {processor.py:839} INFO - DAG(s) dict_keys(['MYFIRSTDAG']) retrieved from /home/radtrz/airflow/dags/mycsvdagx2.py
[2023-10-09T21:41:09.306+0200] {logging_mixin.py:151} INFO - [2023-10-09T21:41:09.306+0200] {dag.py:2915} INFO - Sync 1 DAGs
[2023-10-09T21:41:09.316+0200] {logging_mixin.py:151} INFO - [2023-10-09T21:41:09.316+0200] {dag.py:3696} INFO - Setting next_dagrun for MYFIRSTDAG to 2023-10-01T17:13:00+00:00, run_after=2023-10-01T17:14:00+00:00
[2023-10-09T21:41:09.355+0200] {processor.py:179} INFO - Processing /home/radtrz/airflow/dags/mycsvdagx2.py took 0.326 seconds
[2023-10-09T21:41:41.452+0200] {processor.py:157} INFO - Started process (PID=38260) to work on /home/radtrz/airflow/dags/mycsvdagx2.py
[2023-10-09T21:41:41.453+0200] {processor.py:829} INFO - Processing file /home/radtrz/airflow/dags/mycsvdagx2.py for tasks to queue
[2023-10-09T21:41:41.453+0200] {logging_mixin.py:151} INFO - [2023-10-09T21:41:41.453+0200] {dagbag.py:539} INFO - Filling up the DagBag from /home/radtrz/airflow/dags/mycsvdagx2.py
[2023-10-09T21:41:41.624+0200] {processor.py:839} INFO - DAG(s) dict_keys(['MYFIRSTDAG']) retrieved from /home/radtrz/airflow/dags/mycsvdagx2.py
[2023-10-09T21:41:41.636+0200] {logging_mixin.py:151} INFO - [2023-10-09T21:41:41.636+0200] {dag.py:2915} INFO - Sync 1 DAGs
[2023-10-09T21:41:41.647+0200] {logging_mixin.py:151} INFO - [2023-10-09T21:41:41.647+0200] {dag.py:3696} INFO - Setting next_dagrun for MYFIRSTDAG to 2023-10-01T17:13:00+00:00, run_after=2023-10-01T17:14:00+00:00
[2023-10-09T21:41:41.667+0200] {processor.py:179} INFO - Processing /home/radtrz/airflow/dags/mycsvdagx2.py took 0.217 seconds
