[2023-10-01T19:41:14.948+0200] {taskinstance.py:1157} INFO - Dependencies all met for dep_context=non-requeueable deps ti=<TaskInstance: MYDBDAG.QueryPostGreSQL scheduled__2023-10-01T01:20:00+00:00 [queued]>
[2023-10-01T19:41:14.951+0200] {taskinstance.py:1157} INFO - Dependencies all met for dep_context=requeueable deps ti=<TaskInstance: MYDBDAG.QueryPostGreSQL scheduled__2023-10-01T01:20:00+00:00 [queued]>
[2023-10-01T19:41:14.951+0200] {taskinstance.py:1359} INFO - Starting attempt 1 of 2
[2023-10-01T19:41:14.959+0200] {taskinstance.py:1380} INFO - Executing <Task(PythonOperator): QueryPostGreSQL> on 2023-10-01 01:20:00+00:00
[2023-10-01T19:41:14.963+0200] {standard_task_runner.py:57} INFO - Started process 78576 to run task
[2023-10-01T19:41:14.965+0200] {standard_task_runner.py:84} INFO - Running: ['airflow', 'tasks', 'run', 'MYDBDAG', 'QueryPostGreSQL', 'scheduled__2023-10-01T01:20:00+00:00', '--job-id', '2134', '--raw', '--subdir', 'DAGS_FOLDER/databaseDAG.py', '--cfg-path', '/tmp/tmpncop20gg']
[2023-10-01T19:41:14.965+0200] {standard_task_runner.py:85} INFO - Job 2134: Subtask QueryPostGreSQL
[2023-10-01T19:41:14.983+0200] {task_command.py:415} INFO - Running <TaskInstance: MYDBDAG.QueryPostGreSQL scheduled__2023-10-01T01:20:00+00:00 [running]> on host radtrz-B450-AORUS-ELITE
[2023-10-01T19:41:15.017+0200] {taskinstance.py:1660} INFO - Exporting env vars: AIRFLOW_CTX_DAG_OWNER='radtrz' AIRFLOW_CTX_DAG_ID='MYDBDAG' AIRFLOW_CTX_TASK_ID='QueryPostGreSQL' AIRFLOW_CTX_EXECUTION_DATE='2023-10-01T01:20:00+00:00' AIRFLOW_CTX_TRY_NUMBER='1' AIRFLOW_CTX_DAG_RUN_ID='scheduled__2023-10-01T01:20:00+00:00'
[2023-10-01T19:41:15.028+0200] {logging_mixin.py:151} WARNING - /home/radtrz/airflow/dags/databaseDAG.py:23 UserWarning: pandas only supports SQLAlchemy connectable (engine/connection) or database string URI or sqlite3 DBAPI2 connection. Other DBAPI2 objects are not tested. Please consider using SQLAlchemy.
[2023-10-01T19:41:15.032+0200] {logging_mixin.py:151} INFO - ---------DataSaved--------
[2023-10-01T19:41:15.033+0200] {python.py:194} INFO - Done. Returned value was: None
[2023-10-01T19:41:15.036+0200] {taskinstance.py:1398} INFO - Marking task as SUCCESS. dag_id=MYDBDAG, task_id=QueryPostGreSQL, execution_date=20231001T012000, start_date=20231001T174114, end_date=20231001T174115
[2023-10-01T19:41:15.056+0200] {local_task_job_runner.py:228} INFO - Task exited with return code 0
[2023-10-01T19:41:15.064+0200] {taskinstance.py:2776} INFO - 1 downstream tasks scheduled from follow-on schedule check
[2023-10-01T19:44:33.908+0200] {taskinstance.py:1157} INFO - Dependencies all met for dep_context=non-requeueable deps ti=<TaskInstance: MYDBDAG.QueryPostGreSQL scheduled__2023-10-01T01:20:00+00:00 [queued]>
[2023-10-01T19:44:33.911+0200] {taskinstance.py:1157} INFO - Dependencies all met for dep_context=requeueable deps ti=<TaskInstance: MYDBDAG.QueryPostGreSQL scheduled__2023-10-01T01:20:00+00:00 [queued]>
[2023-10-01T19:44:33.912+0200] {taskinstance.py:1359} INFO - Starting attempt 1 of 2
[2023-10-01T19:44:33.919+0200] {taskinstance.py:1380} INFO - Executing <Task(PythonOperator): QueryPostGreSQL> on 2023-10-01 01:20:00+00:00
[2023-10-01T19:44:33.922+0200] {standard_task_runner.py:57} INFO - Started process 79774 to run task
[2023-10-01T19:44:33.923+0200] {standard_task_runner.py:84} INFO - Running: ['airflow', 'tasks', 'run', 'MYDBDAG', 'QueryPostGreSQL', 'scheduled__2023-10-01T01:20:00+00:00', '--job-id', '2112', '--raw', '--subdir', 'DAGS_FOLDER/databaseDAG.py', '--cfg-path', '/tmp/tmpu5_l1ofc']
[2023-10-01T19:44:33.924+0200] {standard_task_runner.py:85} INFO - Job 2112: Subtask QueryPostGreSQL
[2023-10-01T19:44:33.941+0200] {task_command.py:415} INFO - Running <TaskInstance: MYDBDAG.QueryPostGreSQL scheduled__2023-10-01T01:20:00+00:00 [running]> on host radtrz-B450-AORUS-ELITE
[2023-10-01T19:44:33.981+0200] {taskinstance.py:1660} INFO - Exporting env vars: AIRFLOW_CTX_DAG_OWNER='radtrz' AIRFLOW_CTX_DAG_ID='MYDBDAG' AIRFLOW_CTX_TASK_ID='QueryPostGreSQL' AIRFLOW_CTX_EXECUTION_DATE='2023-10-01T01:20:00+00:00' AIRFLOW_CTX_TRY_NUMBER='1' AIRFLOW_CTX_DAG_RUN_ID='scheduled__2023-10-01T01:20:00+00:00'
[2023-10-01T19:44:33.991+0200] {logging_mixin.py:151} WARNING - /home/radtrz/airflow/dags/databaseDAG.py:23 UserWarning: pandas only supports SQLAlchemy connectable (engine/connection) or database string URI or sqlite3 DBAPI2 connection. Other DBAPI2 objects are not tested. Please consider using SQLAlchemy.
[2023-10-01T19:44:33.996+0200] {logging_mixin.py:151} INFO - ---------DataSaved--------
[2023-10-01T19:44:33.996+0200] {python.py:194} INFO - Done. Returned value was: None
[2023-10-01T19:44:33.999+0200] {taskinstance.py:1398} INFO - Marking task as SUCCESS. dag_id=MYDBDAG, task_id=QueryPostGreSQL, execution_date=20231001T012000, start_date=20231001T174433, end_date=20231001T174433
[2023-10-01T19:44:34.015+0200] {local_task_job_runner.py:228} INFO - Task exited with return code 0
[2023-10-01T19:44:34.024+0200] {taskinstance.py:2776} INFO - 1 downstream tasks scheduled from follow-on schedule check
