[2023-10-01T19:36:03.859+0200] {taskinstance.py:1157} INFO - Dependencies all met for dep_context=non-requeueable deps ti=<TaskInstance: MYDBDAG.QueryPostGreSQL scheduled__2023-10-01T01:05:00+00:00 [queued]>
[2023-10-01T19:36:03.862+0200] {taskinstance.py:1157} INFO - Dependencies all met for dep_context=requeueable deps ti=<TaskInstance: MYDBDAG.QueryPostGreSQL scheduled__2023-10-01T01:05:00+00:00 [queued]>
[2023-10-01T19:36:03.862+0200] {taskinstance.py:1359} INFO - Starting attempt 1 of 2
[2023-10-01T19:36:03.869+0200] {taskinstance.py:1380} INFO - Executing <Task(PythonOperator): QueryPostGreSQL> on 2023-10-01 01:05:00+00:00
[2023-10-01T19:36:03.872+0200] {standard_task_runner.py:57} INFO - Started process 77568 to run task
[2023-10-01T19:36:03.874+0200] {standard_task_runner.py:84} INFO - Running: ['airflow', 'tasks', 'run', 'MYDBDAG', 'QueryPostGreSQL', 'scheduled__2023-10-01T01:05:00+00:00', '--job-id', '2107', '--raw', '--subdir', 'DAGS_FOLDER/databaseDAG.py', '--cfg-path', '/tmp/tmppdav32nc']
[2023-10-01T19:36:03.875+0200] {standard_task_runner.py:85} INFO - Job 2107: Subtask QueryPostGreSQL
[2023-10-01T19:36:03.895+0200] {task_command.py:415} INFO - Running <TaskInstance: MYDBDAG.QueryPostGreSQL scheduled__2023-10-01T01:05:00+00:00 [running]> on host radtrz-B450-AORUS-ELITE
[2023-10-01T19:36:03.932+0200] {taskinstance.py:1660} INFO - Exporting env vars: AIRFLOW_CTX_DAG_OWNER='radtrz' AIRFLOW_CTX_DAG_ID='MYDBDAG' AIRFLOW_CTX_TASK_ID='QueryPostGreSQL' AIRFLOW_CTX_EXECUTION_DATE='2023-10-01T01:05:00+00:00' AIRFLOW_CTX_TRY_NUMBER='1' AIRFLOW_CTX_DAG_RUN_ID='scheduled__2023-10-01T01:05:00+00:00'
[2023-10-01T19:36:03.944+0200] {logging_mixin.py:151} WARNING - /home/radtrz/airflow/dags/databaseDAG.py:23 UserWarning: pandas only supports SQLAlchemy connectable (engine/connection) or database string URI or sqlite3 DBAPI2 connection. Other DBAPI2 objects are not tested. Please consider using SQLAlchemy.
[2023-10-01T19:36:03.949+0200] {logging_mixin.py:151} INFO - ---------DataSaved--------
[2023-10-01T19:36:03.949+0200] {python.py:194} INFO - Done. Returned value was: None
[2023-10-01T19:36:03.952+0200] {taskinstance.py:1398} INFO - Marking task as SUCCESS. dag_id=MYDBDAG, task_id=QueryPostGreSQL, execution_date=20231001T010500, start_date=20231001T173603, end_date=20231001T173603
[2023-10-01T19:36:03.966+0200] {local_task_job_runner.py:228} INFO - Task exited with return code 0
[2023-10-01T19:36:03.974+0200] {taskinstance.py:2776} INFO - 1 downstream tasks scheduled from follow-on schedule check
[2023-10-01T19:44:17.347+0200] {taskinstance.py:1157} INFO - Dependencies all met for dep_context=non-requeueable deps ti=<TaskInstance: MYDBDAG.QueryPostGreSQL scheduled__2023-10-01T01:05:00+00:00 [queued]>
[2023-10-01T19:44:17.350+0200] {taskinstance.py:1157} INFO - Dependencies all met for dep_context=requeueable deps ti=<TaskInstance: MYDBDAG.QueryPostGreSQL scheduled__2023-10-01T01:05:00+00:00 [queued]>
[2023-10-01T19:44:17.350+0200] {taskinstance.py:1359} INFO - Starting attempt 1 of 2
[2023-10-01T19:44:17.358+0200] {taskinstance.py:1380} INFO - Executing <Task(PythonOperator): QueryPostGreSQL> on 2023-10-01 01:05:00+00:00
[2023-10-01T19:44:17.361+0200] {standard_task_runner.py:57} INFO - Started process 79679 to run task
[2023-10-01T19:44:17.362+0200] {standard_task_runner.py:84} INFO - Running: ['airflow', 'tasks', 'run', 'MYDBDAG', 'QueryPostGreSQL', 'scheduled__2023-10-01T01:05:00+00:00', '--job-id', '2106', '--raw', '--subdir', 'DAGS_FOLDER/databaseDAG.py', '--cfg-path', '/tmp/tmp7_vomu8_']
[2023-10-01T19:44:17.363+0200] {standard_task_runner.py:85} INFO - Job 2106: Subtask QueryPostGreSQL
[2023-10-01T19:44:17.380+0200] {task_command.py:415} INFO - Running <TaskInstance: MYDBDAG.QueryPostGreSQL scheduled__2023-10-01T01:05:00+00:00 [running]> on host radtrz-B450-AORUS-ELITE
[2023-10-01T19:44:17.418+0200] {taskinstance.py:1660} INFO - Exporting env vars: AIRFLOW_CTX_DAG_OWNER='radtrz' AIRFLOW_CTX_DAG_ID='MYDBDAG' AIRFLOW_CTX_TASK_ID='QueryPostGreSQL' AIRFLOW_CTX_EXECUTION_DATE='2023-10-01T01:05:00+00:00' AIRFLOW_CTX_TRY_NUMBER='1' AIRFLOW_CTX_DAG_RUN_ID='scheduled__2023-10-01T01:05:00+00:00'
[2023-10-01T19:44:17.428+0200] {logging_mixin.py:151} WARNING - /home/radtrz/airflow/dags/databaseDAG.py:23 UserWarning: pandas only supports SQLAlchemy connectable (engine/connection) or database string URI or sqlite3 DBAPI2 connection. Other DBAPI2 objects are not tested. Please consider using SQLAlchemy.
[2023-10-01T19:44:17.433+0200] {logging_mixin.py:151} INFO - ---------DataSaved--------
[2023-10-01T19:44:17.433+0200] {python.py:194} INFO - Done. Returned value was: None
[2023-10-01T19:44:17.436+0200] {taskinstance.py:1398} INFO - Marking task as SUCCESS. dag_id=MYDBDAG, task_id=QueryPostGreSQL, execution_date=20231001T010500, start_date=20231001T174417, end_date=20231001T174417
[2023-10-01T19:44:17.454+0200] {local_task_job_runner.py:228} INFO - Task exited with return code 0
[2023-10-01T19:44:17.461+0200] {taskinstance.py:2776} INFO - 1 downstream tasks scheduled from follow-on schedule check
