[2023-10-01T19:41:42.409+0200] {taskinstance.py:1157} INFO - Dependencies all met for dep_context=non-requeueable deps ti=<TaskInstance: MYDBDAG.QueryPostGreSQL scheduled__2023-10-01T02:10:00+00:00 [queued]>
[2023-10-01T19:41:42.412+0200] {taskinstance.py:1157} INFO - Dependencies all met for dep_context=requeueable deps ti=<TaskInstance: MYDBDAG.QueryPostGreSQL scheduled__2023-10-01T02:10:00+00:00 [queued]>
[2023-10-01T19:41:42.412+0200] {taskinstance.py:1359} INFO - Starting attempt 1 of 2
[2023-10-01T19:41:42.420+0200] {taskinstance.py:1380} INFO - Executing <Task(PythonOperator): QueryPostGreSQL> on 2023-10-01 02:10:00+00:00
[2023-10-01T19:41:42.423+0200] {standard_task_runner.py:57} INFO - Started process 78856 to run task
[2023-10-01T19:41:42.425+0200] {standard_task_runner.py:84} INFO - Running: ['airflow', 'tasks', 'run', 'MYDBDAG', 'QueryPostGreSQL', 'scheduled__2023-10-01T02:10:00+00:00', '--job-id', '2153', '--raw', '--subdir', 'DAGS_FOLDER/databaseDAG.py', '--cfg-path', '/tmp/tmpuf17j_ob']
[2023-10-01T19:41:42.426+0200] {standard_task_runner.py:85} INFO - Job 2153: Subtask QueryPostGreSQL
[2023-10-01T19:41:42.446+0200] {task_command.py:415} INFO - Running <TaskInstance: MYDBDAG.QueryPostGreSQL scheduled__2023-10-01T02:10:00+00:00 [running]> on host radtrz-B450-AORUS-ELITE
[2023-10-01T19:41:42.484+0200] {taskinstance.py:1660} INFO - Exporting env vars: AIRFLOW_CTX_DAG_OWNER='radtrz' AIRFLOW_CTX_DAG_ID='MYDBDAG' AIRFLOW_CTX_TASK_ID='QueryPostGreSQL' AIRFLOW_CTX_EXECUTION_DATE='2023-10-01T02:10:00+00:00' AIRFLOW_CTX_TRY_NUMBER='1' AIRFLOW_CTX_DAG_RUN_ID='scheduled__2023-10-01T02:10:00+00:00'
[2023-10-01T19:41:42.495+0200] {logging_mixin.py:151} WARNING - /home/radtrz/airflow/dags/databaseDAG.py:23 UserWarning: pandas only supports SQLAlchemy connectable (engine/connection) or database string URI or sqlite3 DBAPI2 connection. Other DBAPI2 objects are not tested. Please consider using SQLAlchemy.
[2023-10-01T19:41:42.500+0200] {logging_mixin.py:151} INFO - ---------DataSaved--------
[2023-10-01T19:41:42.500+0200] {python.py:194} INFO - Done. Returned value was: None
[2023-10-01T19:41:42.503+0200] {taskinstance.py:1398} INFO - Marking task as SUCCESS. dag_id=MYDBDAG, task_id=QueryPostGreSQL, execution_date=20231001T021000, start_date=20231001T174142, end_date=20231001T174142
[2023-10-01T19:41:42.517+0200] {local_task_job_runner.py:228} INFO - Task exited with return code 0
[2023-10-01T19:41:42.525+0200] {taskinstance.py:2776} INFO - 1 downstream tasks scheduled from follow-on schedule check
[2023-10-01T19:45:26.731+0200] {taskinstance.py:1157} INFO - Dependencies all met for dep_context=non-requeueable deps ti=<TaskInstance: MYDBDAG.QueryPostGreSQL scheduled__2023-10-01T02:10:00+00:00 [queued]>
[2023-10-01T19:45:26.735+0200] {taskinstance.py:1157} INFO - Dependencies all met for dep_context=requeueable deps ti=<TaskInstance: MYDBDAG.QueryPostGreSQL scheduled__2023-10-01T02:10:00+00:00 [queued]>
[2023-10-01T19:45:26.735+0200] {taskinstance.py:1359} INFO - Starting attempt 1 of 2
[2023-10-01T19:45:26.742+0200] {taskinstance.py:1380} INFO - Executing <Task(PythonOperator): QueryPostGreSQL> on 2023-10-01 02:10:00+00:00
[2023-10-01T19:45:26.745+0200] {standard_task_runner.py:57} INFO - Started process 80115 to run task
[2023-10-01T19:45:26.747+0200] {standard_task_runner.py:84} INFO - Running: ['airflow', 'tasks', 'run', 'MYDBDAG', 'QueryPostGreSQL', 'scheduled__2023-10-01T02:10:00+00:00', '--job-id', '2131', '--raw', '--subdir', 'DAGS_FOLDER/databaseDAG.py', '--cfg-path', '/tmp/tmp9222ekoq']
[2023-10-01T19:45:26.748+0200] {standard_task_runner.py:85} INFO - Job 2131: Subtask QueryPostGreSQL
[2023-10-01T19:45:26.764+0200] {task_command.py:415} INFO - Running <TaskInstance: MYDBDAG.QueryPostGreSQL scheduled__2023-10-01T02:10:00+00:00 [running]> on host radtrz-B450-AORUS-ELITE
[2023-10-01T19:45:26.804+0200] {taskinstance.py:1660} INFO - Exporting env vars: AIRFLOW_CTX_DAG_OWNER='radtrz' AIRFLOW_CTX_DAG_ID='MYDBDAG' AIRFLOW_CTX_TASK_ID='QueryPostGreSQL' AIRFLOW_CTX_EXECUTION_DATE='2023-10-01T02:10:00+00:00' AIRFLOW_CTX_TRY_NUMBER='1' AIRFLOW_CTX_DAG_RUN_ID='scheduled__2023-10-01T02:10:00+00:00'
[2023-10-01T19:45:26.814+0200] {logging_mixin.py:151} WARNING - /home/radtrz/airflow/dags/databaseDAG.py:23 UserWarning: pandas only supports SQLAlchemy connectable (engine/connection) or database string URI or sqlite3 DBAPI2 connection. Other DBAPI2 objects are not tested. Please consider using SQLAlchemy.
[2023-10-01T19:45:26.819+0200] {logging_mixin.py:151} INFO - ---------DataSaved--------
[2023-10-01T19:45:26.819+0200] {python.py:194} INFO - Done. Returned value was: None
[2023-10-01T19:45:26.822+0200] {taskinstance.py:1398} INFO - Marking task as SUCCESS. dag_id=MYDBDAG, task_id=QueryPostGreSQL, execution_date=20231001T021000, start_date=20231001T174526, end_date=20231001T174526
[2023-10-01T19:45:26.838+0200] {local_task_job_runner.py:228} INFO - Task exited with return code 0
[2023-10-01T19:45:26.846+0200] {taskinstance.py:2776} INFO - 1 downstream tasks scheduled from follow-on schedule check
