[2023-10-01T19:35:55.445+0200] {taskinstance.py:1157} INFO - Dependencies all met for dep_context=non-requeueable deps ti=<TaskInstance: MYDBDAG.QueryPostGreSQL scheduled__2023-10-01T00:50:00+00:00 [queued]>
[2023-10-01T19:35:55.448+0200] {taskinstance.py:1157} INFO - Dependencies all met for dep_context=requeueable deps ti=<TaskInstance: MYDBDAG.QueryPostGreSQL scheduled__2023-10-01T00:50:00+00:00 [queued]>
[2023-10-01T19:35:55.448+0200] {taskinstance.py:1359} INFO - Starting attempt 1 of 2
[2023-10-01T19:35:55.455+0200] {taskinstance.py:1380} INFO - Executing <Task(PythonOperator): QueryPostGreSQL> on 2023-10-01 00:50:00+00:00
[2023-10-01T19:35:55.459+0200] {standard_task_runner.py:57} INFO - Started process 77479 to run task
[2023-10-01T19:35:55.461+0200] {standard_task_runner.py:84} INFO - Running: ['airflow', 'tasks', 'run', 'MYDBDAG', 'QueryPostGreSQL', 'scheduled__2023-10-01T00:50:00+00:00', '--job-id', '2101', '--raw', '--subdir', 'DAGS_FOLDER/databaseDAG.py', '--cfg-path', '/tmp/tmpk6m5cz8c']
[2023-10-01T19:35:55.462+0200] {standard_task_runner.py:85} INFO - Job 2101: Subtask QueryPostGreSQL
[2023-10-01T19:35:55.480+0200] {task_command.py:415} INFO - Running <TaskInstance: MYDBDAG.QueryPostGreSQL scheduled__2023-10-01T00:50:00+00:00 [running]> on host radtrz-B450-AORUS-ELITE
[2023-10-01T19:35:55.514+0200] {taskinstance.py:1660} INFO - Exporting env vars: AIRFLOW_CTX_DAG_OWNER='radtrz' AIRFLOW_CTX_DAG_ID='MYDBDAG' AIRFLOW_CTX_TASK_ID='QueryPostGreSQL' AIRFLOW_CTX_EXECUTION_DATE='2023-10-01T00:50:00+00:00' AIRFLOW_CTX_TRY_NUMBER='1' AIRFLOW_CTX_DAG_RUN_ID='scheduled__2023-10-01T00:50:00+00:00'
[2023-10-01T19:35:55.524+0200] {logging_mixin.py:151} WARNING - /home/radtrz/airflow/dags/databaseDAG.py:23 UserWarning: pandas only supports SQLAlchemy connectable (engine/connection) or database string URI or sqlite3 DBAPI2 connection. Other DBAPI2 objects are not tested. Please consider using SQLAlchemy.
[2023-10-01T19:35:55.529+0200] {logging_mixin.py:151} INFO - ---------DataSaved--------
[2023-10-01T19:35:55.529+0200] {python.py:194} INFO - Done. Returned value was: None
[2023-10-01T19:35:55.532+0200] {taskinstance.py:1398} INFO - Marking task as SUCCESS. dag_id=MYDBDAG, task_id=QueryPostGreSQL, execution_date=20231001T005000, start_date=20231001T173555, end_date=20231001T173555
[2023-10-01T19:35:55.552+0200] {local_task_job_runner.py:228} INFO - Task exited with return code 0
[2023-10-01T19:35:55.560+0200] {taskinstance.py:2776} INFO - 1 downstream tasks scheduled from follow-on schedule check
[2023-10-01T19:43:59.722+0200] {taskinstance.py:1157} INFO - Dependencies all met for dep_context=non-requeueable deps ti=<TaskInstance: MYDBDAG.QueryPostGreSQL scheduled__2023-10-01T00:50:00+00:00 [queued]>
[2023-10-01T19:43:59.725+0200] {taskinstance.py:1157} INFO - Dependencies all met for dep_context=requeueable deps ti=<TaskInstance: MYDBDAG.QueryPostGreSQL scheduled__2023-10-01T00:50:00+00:00 [queued]>
[2023-10-01T19:43:59.725+0200] {taskinstance.py:1359} INFO - Starting attempt 1 of 2
[2023-10-01T19:43:59.733+0200] {taskinstance.py:1380} INFO - Executing <Task(PythonOperator): QueryPostGreSQL> on 2023-10-01 00:50:00+00:00
[2023-10-01T19:43:59.737+0200] {standard_task_runner.py:57} INFO - Started process 79554 to run task
[2023-10-01T19:43:59.739+0200] {standard_task_runner.py:84} INFO - Running: ['airflow', 'tasks', 'run', 'MYDBDAG', 'QueryPostGreSQL', 'scheduled__2023-10-01T00:50:00+00:00', '--job-id', '2100', '--raw', '--subdir', 'DAGS_FOLDER/databaseDAG.py', '--cfg-path', '/tmp/tmptyl9y8v8']
[2023-10-01T19:43:59.739+0200] {standard_task_runner.py:85} INFO - Job 2100: Subtask QueryPostGreSQL
[2023-10-01T19:43:59.757+0200] {task_command.py:415} INFO - Running <TaskInstance: MYDBDAG.QueryPostGreSQL scheduled__2023-10-01T00:50:00+00:00 [running]> on host radtrz-B450-AORUS-ELITE
[2023-10-01T19:43:59.796+0200] {taskinstance.py:1660} INFO - Exporting env vars: AIRFLOW_CTX_DAG_OWNER='radtrz' AIRFLOW_CTX_DAG_ID='MYDBDAG' AIRFLOW_CTX_TASK_ID='QueryPostGreSQL' AIRFLOW_CTX_EXECUTION_DATE='2023-10-01T00:50:00+00:00' AIRFLOW_CTX_TRY_NUMBER='1' AIRFLOW_CTX_DAG_RUN_ID='scheduled__2023-10-01T00:50:00+00:00'
[2023-10-01T19:43:59.806+0200] {logging_mixin.py:151} WARNING - /home/radtrz/airflow/dags/databaseDAG.py:23 UserWarning: pandas only supports SQLAlchemy connectable (engine/connection) or database string URI or sqlite3 DBAPI2 connection. Other DBAPI2 objects are not tested. Please consider using SQLAlchemy.
[2023-10-01T19:43:59.811+0200] {logging_mixin.py:151} INFO - ---------DataSaved--------
[2023-10-01T19:43:59.811+0200] {python.py:194} INFO - Done. Returned value was: None
[2023-10-01T19:43:59.815+0200] {taskinstance.py:1398} INFO - Marking task as SUCCESS. dag_id=MYDBDAG, task_id=QueryPostGreSQL, execution_date=20231001T005000, start_date=20231001T174359, end_date=20231001T174359
[2023-10-01T19:43:59.830+0200] {local_task_job_runner.py:228} INFO - Task exited with return code 0
[2023-10-01T19:43:59.838+0200] {taskinstance.py:2776} INFO - 1 downstream tasks scheduled from follow-on schedule check
