[2023-10-01T19:36:01.060+0200] {taskinstance.py:1157} INFO - Dependencies all met for dep_context=non-requeueable deps ti=<TaskInstance: MYDBDAG.QueryPostGreSQL scheduled__2023-10-01T01:00:00+00:00 [queued]>
[2023-10-01T19:36:01.063+0200] {taskinstance.py:1157} INFO - Dependencies all met for dep_context=requeueable deps ti=<TaskInstance: MYDBDAG.QueryPostGreSQL scheduled__2023-10-01T01:00:00+00:00 [queued]>
[2023-10-01T19:36:01.063+0200] {taskinstance.py:1359} INFO - Starting attempt 1 of 2
[2023-10-01T19:36:01.070+0200] {taskinstance.py:1380} INFO - Executing <Task(PythonOperator): QueryPostGreSQL> on 2023-10-01 01:00:00+00:00
[2023-10-01T19:36:01.073+0200] {standard_task_runner.py:57} INFO - Started process 77538 to run task
[2023-10-01T19:36:01.075+0200] {standard_task_runner.py:84} INFO - Running: ['airflow', 'tasks', 'run', 'MYDBDAG', 'QueryPostGreSQL', 'scheduled__2023-10-01T01:00:00+00:00', '--job-id', '2105', '--raw', '--subdir', 'DAGS_FOLDER/databaseDAG.py', '--cfg-path', '/tmp/tmplr9i1k2s']
[2023-10-01T19:36:01.076+0200] {standard_task_runner.py:85} INFO - Job 2105: Subtask QueryPostGreSQL
[2023-10-01T19:36:01.096+0200] {task_command.py:415} INFO - Running <TaskInstance: MYDBDAG.QueryPostGreSQL scheduled__2023-10-01T01:00:00+00:00 [running]> on host radtrz-B450-AORUS-ELITE
[2023-10-01T19:36:01.134+0200] {taskinstance.py:1660} INFO - Exporting env vars: AIRFLOW_CTX_DAG_OWNER='radtrz' AIRFLOW_CTX_DAG_ID='MYDBDAG' AIRFLOW_CTX_TASK_ID='QueryPostGreSQL' AIRFLOW_CTX_EXECUTION_DATE='2023-10-01T01:00:00+00:00' AIRFLOW_CTX_TRY_NUMBER='1' AIRFLOW_CTX_DAG_RUN_ID='scheduled__2023-10-01T01:00:00+00:00'
[2023-10-01T19:36:01.144+0200] {logging_mixin.py:151} WARNING - /home/radtrz/airflow/dags/databaseDAG.py:23 UserWarning: pandas only supports SQLAlchemy connectable (engine/connection) or database string URI or sqlite3 DBAPI2 connection. Other DBAPI2 objects are not tested. Please consider using SQLAlchemy.
[2023-10-01T19:36:01.149+0200] {logging_mixin.py:151} INFO - ---------DataSaved--------
[2023-10-01T19:36:01.150+0200] {python.py:194} INFO - Done. Returned value was: None
[2023-10-01T19:36:01.153+0200] {taskinstance.py:1398} INFO - Marking task as SUCCESS. dag_id=MYDBDAG, task_id=QueryPostGreSQL, execution_date=20231001T010000, start_date=20231001T173601, end_date=20231001T173601
[2023-10-01T19:36:01.166+0200] {local_task_job_runner.py:228} INFO - Task exited with return code 0
[2023-10-01T19:36:01.175+0200] {taskinstance.py:2776} INFO - 1 downstream tasks scheduled from follow-on schedule check
[2023-10-01T19:44:06.909+0200] {taskinstance.py:1157} INFO - Dependencies all met for dep_context=non-requeueable deps ti=<TaskInstance: MYDBDAG.QueryPostGreSQL scheduled__2023-10-01T01:00:00+00:00 [queued]>
[2023-10-01T19:44:06.912+0200] {taskinstance.py:1157} INFO - Dependencies all met for dep_context=requeueable deps ti=<TaskInstance: MYDBDAG.QueryPostGreSQL scheduled__2023-10-01T01:00:00+00:00 [queued]>
[2023-10-01T19:44:06.912+0200] {taskinstance.py:1359} INFO - Starting attempt 1 of 2
[2023-10-01T19:44:06.919+0200] {taskinstance.py:1380} INFO - Executing <Task(PythonOperator): QueryPostGreSQL> on 2023-10-01 01:00:00+00:00
[2023-10-01T19:44:06.923+0200] {standard_task_runner.py:57} INFO - Started process 79618 to run task
[2023-10-01T19:44:06.925+0200] {standard_task_runner.py:84} INFO - Running: ['airflow', 'tasks', 'run', 'MYDBDAG', 'QueryPostGreSQL', 'scheduled__2023-10-01T01:00:00+00:00', '--job-id', '2103', '--raw', '--subdir', 'DAGS_FOLDER/databaseDAG.py', '--cfg-path', '/tmp/tmp94ncf42a']
[2023-10-01T19:44:06.926+0200] {standard_task_runner.py:85} INFO - Job 2103: Subtask QueryPostGreSQL
[2023-10-01T19:44:06.943+0200] {task_command.py:415} INFO - Running <TaskInstance: MYDBDAG.QueryPostGreSQL scheduled__2023-10-01T01:00:00+00:00 [running]> on host radtrz-B450-AORUS-ELITE
[2023-10-01T19:44:06.980+0200] {taskinstance.py:1660} INFO - Exporting env vars: AIRFLOW_CTX_DAG_OWNER='radtrz' AIRFLOW_CTX_DAG_ID='MYDBDAG' AIRFLOW_CTX_TASK_ID='QueryPostGreSQL' AIRFLOW_CTX_EXECUTION_DATE='2023-10-01T01:00:00+00:00' AIRFLOW_CTX_TRY_NUMBER='1' AIRFLOW_CTX_DAG_RUN_ID='scheduled__2023-10-01T01:00:00+00:00'
[2023-10-01T19:44:06.990+0200] {logging_mixin.py:151} WARNING - /home/radtrz/airflow/dags/databaseDAG.py:23 UserWarning: pandas only supports SQLAlchemy connectable (engine/connection) or database string URI or sqlite3 DBAPI2 connection. Other DBAPI2 objects are not tested. Please consider using SQLAlchemy.
[2023-10-01T19:44:06.995+0200] {logging_mixin.py:151} INFO - ---------DataSaved--------
[2023-10-01T19:44:06.995+0200] {python.py:194} INFO - Done. Returned value was: None
[2023-10-01T19:44:06.998+0200] {taskinstance.py:1398} INFO - Marking task as SUCCESS. dag_id=MYDBDAG, task_id=QueryPostGreSQL, execution_date=20231001T010000, start_date=20231001T174406, end_date=20231001T174406
[2023-10-01T19:44:07.016+0200] {local_task_job_runner.py:228} INFO - Task exited with return code 0
[2023-10-01T19:44:07.025+0200] {taskinstance.py:2776} INFO - 1 downstream tasks scheduled from follow-on schedule check
