[2023-09-29T21:47:04.563+0200] {processor.py:157} INFO - Started process (PID=18716) to work on /home/radtrz/.local/lib/python3.10/site-packages/airflow/example_dags/example_dynamic_task_mapping.py
[2023-09-29T21:47:04.563+0200] {processor.py:829} INFO - Processing file /home/radtrz/.local/lib/python3.10/site-packages/airflow/example_dags/example_dynamic_task_mapping.py for tasks to queue
[2023-09-29T21:47:04.563+0200] {logging_mixin.py:151} INFO - [2023-09-29T21:47:04.563+0200] {dagbag.py:539} INFO - Filling up the DagBag from /home/radtrz/.local/lib/python3.10/site-packages/airflow/example_dags/example_dynamic_task_mapping.py
[2023-09-29T21:47:04.567+0200] {processor.py:839} INFO - DAG(s) dict_keys(['example_dynamic_task_mapping']) retrieved from /home/radtrz/.local/lib/python3.10/site-packages/airflow/example_dags/example_dynamic_task_mapping.py
[2023-09-29T21:47:04.647+0200] {logging_mixin.py:151} INFO - [2023-09-29T21:47:04.647+0200] {manager.py:499} INFO - Created Permission View: %s
[2023-09-29T21:47:04.654+0200] {logging_mixin.py:151} INFO - [2023-09-29T21:47:04.654+0200] {manager.py:499} INFO - Created Permission View: %s
[2023-09-29T21:47:04.659+0200] {logging_mixin.py:151} INFO - [2023-09-29T21:47:04.659+0200] {manager.py:499} INFO - Created Permission View: %s
[2023-09-29T21:47:04.659+0200] {logging_mixin.py:151} INFO - [2023-09-29T21:47:04.659+0200] {security.py:708} INFO - Not syncing DAG-level permissions for DAG 'DAG:example_dynamic_task_mapping' as access control is unset.
[2023-09-29T21:47:04.660+0200] {logging_mixin.py:151} INFO - [2023-09-29T21:47:04.659+0200] {dag.py:2915} INFO - Sync 1 DAGs
[2023-09-29T21:47:04.665+0200] {logging_mixin.py:151} INFO - [2023-09-29T21:47:04.665+0200] {dag.py:2937} INFO - Creating ORM DAG for example_dynamic_task_mapping
[2023-09-29T21:47:04.669+0200] {logging_mixin.py:151} INFO - [2023-09-29T21:47:04.669+0200] {dag.py:3696} INFO - Setting next_dagrun for example_dynamic_task_mapping to 2022-03-04T00:00:00+00:00, run_after=2022-03-05T00:00:00+00:00
[2023-09-29T21:47:04.682+0200] {processor.py:179} INFO - Processing /home/radtrz/.local/lib/python3.10/site-packages/airflow/example_dags/example_dynamic_task_mapping.py took 0.121 seconds
[2023-09-29T21:47:51.938+0200] {processor.py:157} INFO - Started process (PID=18911) to work on /home/radtrz/.local/lib/python3.10/site-packages/airflow/example_dags/example_dynamic_task_mapping.py
[2023-09-29T21:47:51.947+0200] {processor.py:829} INFO - Processing file /home/radtrz/.local/lib/python3.10/site-packages/airflow/example_dags/example_dynamic_task_mapping.py for tasks to queue
[2023-09-29T21:47:51.947+0200] {logging_mixin.py:151} INFO - [2023-09-29T21:47:51.947+0200] {dagbag.py:539} INFO - Filling up the DagBag from /home/radtrz/.local/lib/python3.10/site-packages/airflow/example_dags/example_dynamic_task_mapping.py
[2023-09-29T21:47:51.951+0200] {processor.py:839} INFO - DAG(s) dict_keys(['example_dynamic_task_mapping']) retrieved from /home/radtrz/.local/lib/python3.10/site-packages/airflow/example_dags/example_dynamic_task_mapping.py
[2023-09-29T21:47:51.960+0200] {logging_mixin.py:151} INFO - [2023-09-29T21:47:51.960+0200] {dag.py:2915} INFO - Sync 1 DAGs
[2023-09-29T21:47:51.971+0200] {logging_mixin.py:151} INFO - [2023-09-29T21:47:51.971+0200] {dag.py:3696} INFO - Setting next_dagrun for example_dynamic_task_mapping to 2022-03-04T00:00:00+00:00, run_after=2022-03-05T00:00:00+00:00
[2023-09-29T21:47:52.006+0200] {processor.py:179} INFO - Processing /home/radtrz/.local/lib/python3.10/site-packages/airflow/example_dags/example_dynamic_task_mapping.py took 0.070 seconds
[2023-09-29T21:48:36.041+0200] {processor.py:157} INFO - Started process (PID=19097) to work on /home/radtrz/.local/lib/python3.10/site-packages/airflow/example_dags/example_dynamic_task_mapping.py
[2023-09-29T21:48:36.050+0200] {processor.py:829} INFO - Processing file /home/radtrz/.local/lib/python3.10/site-packages/airflow/example_dags/example_dynamic_task_mapping.py for tasks to queue
[2023-09-29T21:48:36.050+0200] {logging_mixin.py:151} INFO - [2023-09-29T21:48:36.050+0200] {dagbag.py:539} INFO - Filling up the DagBag from /home/radtrz/.local/lib/python3.10/site-packages/airflow/example_dags/example_dynamic_task_mapping.py
[2023-09-29T21:48:36.054+0200] {processor.py:839} INFO - DAG(s) dict_keys(['example_dynamic_task_mapping']) retrieved from /home/radtrz/.local/lib/python3.10/site-packages/airflow/example_dags/example_dynamic_task_mapping.py
[2023-09-29T21:48:36.061+0200] {logging_mixin.py:151} INFO - [2023-09-29T21:48:36.061+0200] {dag.py:2915} INFO - Sync 1 DAGs
[2023-09-29T21:48:36.071+0200] {logging_mixin.py:151} INFO - [2023-09-29T21:48:36.070+0200] {dag.py:3696} INFO - Setting next_dagrun for example_dynamic_task_mapping to 2022-03-04T00:00:00+00:00, run_after=2022-03-05T00:00:00+00:00
[2023-09-29T21:48:36.088+0200] {processor.py:179} INFO - Processing /home/radtrz/.local/lib/python3.10/site-packages/airflow/example_dags/example_dynamic_task_mapping.py took 0.048 seconds
[2023-09-29T21:49:30.858+0200] {processor.py:157} INFO - Started process (PID=19186) to work on /home/radtrz/.local/lib/python3.10/site-packages/airflow/example_dags/example_dynamic_task_mapping.py
[2023-09-29T21:49:30.867+0200] {processor.py:829} INFO - Processing file /home/radtrz/.local/lib/python3.10/site-packages/airflow/example_dags/example_dynamic_task_mapping.py for tasks to queue
[2023-09-29T21:49:30.867+0200] {logging_mixin.py:151} INFO - [2023-09-29T21:49:30.867+0200] {dagbag.py:539} INFO - Filling up the DagBag from /home/radtrz/.local/lib/python3.10/site-packages/airflow/example_dags/example_dynamic_task_mapping.py
[2023-09-29T21:49:30.871+0200] {processor.py:839} INFO - DAG(s) dict_keys(['example_dynamic_task_mapping']) retrieved from /home/radtrz/.local/lib/python3.10/site-packages/airflow/example_dags/example_dynamic_task_mapping.py
[2023-09-29T21:49:30.878+0200] {logging_mixin.py:151} INFO - [2023-09-29T21:49:30.878+0200] {dag.py:2915} INFO - Sync 1 DAGs
[2023-09-29T21:49:30.888+0200] {logging_mixin.py:151} INFO - [2023-09-29T21:49:30.887+0200] {dag.py:3696} INFO - Setting next_dagrun for example_dynamic_task_mapping to 2022-03-04T00:00:00+00:00, run_after=2022-03-05T00:00:00+00:00
[2023-09-29T21:49:30.903+0200] {processor.py:179} INFO - Processing /home/radtrz/.local/lib/python3.10/site-packages/airflow/example_dags/example_dynamic_task_mapping.py took 0.046 seconds
[2023-09-29T21:50:35.219+0200] {processor.py:157} INFO - Started process (PID=19276) to work on /home/radtrz/.local/lib/python3.10/site-packages/airflow/example_dags/example_dynamic_task_mapping.py
[2023-09-29T21:50:35.228+0200] {processor.py:829} INFO - Processing file /home/radtrz/.local/lib/python3.10/site-packages/airflow/example_dags/example_dynamic_task_mapping.py for tasks to queue
[2023-09-29T21:50:35.228+0200] {logging_mixin.py:151} INFO - [2023-09-29T21:50:35.228+0200] {dagbag.py:539} INFO - Filling up the DagBag from /home/radtrz/.local/lib/python3.10/site-packages/airflow/example_dags/example_dynamic_task_mapping.py
[2023-09-29T21:50:35.232+0200] {processor.py:839} INFO - DAG(s) dict_keys(['example_dynamic_task_mapping']) retrieved from /home/radtrz/.local/lib/python3.10/site-packages/airflow/example_dags/example_dynamic_task_mapping.py
[2023-09-29T21:50:35.239+0200] {logging_mixin.py:151} INFO - [2023-09-29T21:50:35.239+0200] {dag.py:2915} INFO - Sync 1 DAGs
[2023-09-29T21:50:35.249+0200] {logging_mixin.py:151} INFO - [2023-09-29T21:50:35.248+0200] {dag.py:3696} INFO - Setting next_dagrun for example_dynamic_task_mapping to 2022-03-04T00:00:00+00:00, run_after=2022-03-05T00:00:00+00:00
[2023-09-29T21:50:35.259+0200] {processor.py:179} INFO - Processing /home/radtrz/.local/lib/python3.10/site-packages/airflow/example_dags/example_dynamic_task_mapping.py took 0.042 seconds
[2023-09-29T21:51:19.191+0200] {processor.py:157} INFO - Started process (PID=19326) to work on /home/radtrz/.local/lib/python3.10/site-packages/airflow/example_dags/example_dynamic_task_mapping.py
[2023-09-29T21:51:19.200+0200] {processor.py:829} INFO - Processing file /home/radtrz/.local/lib/python3.10/site-packages/airflow/example_dags/example_dynamic_task_mapping.py for tasks to queue
[2023-09-29T21:51:19.200+0200] {logging_mixin.py:151} INFO - [2023-09-29T21:51:19.200+0200] {dagbag.py:539} INFO - Filling up the DagBag from /home/radtrz/.local/lib/python3.10/site-packages/airflow/example_dags/example_dynamic_task_mapping.py
[2023-09-29T21:51:19.204+0200] {processor.py:839} INFO - DAG(s) dict_keys(['example_dynamic_task_mapping']) retrieved from /home/radtrz/.local/lib/python3.10/site-packages/airflow/example_dags/example_dynamic_task_mapping.py
[2023-09-29T21:51:19.211+0200] {logging_mixin.py:151} INFO - [2023-09-29T21:51:19.211+0200] {dag.py:2915} INFO - Sync 1 DAGs
[2023-09-29T21:51:19.221+0200] {logging_mixin.py:151} INFO - [2023-09-29T21:51:19.220+0200] {dag.py:3696} INFO - Setting next_dagrun for example_dynamic_task_mapping to 2022-03-04T00:00:00+00:00, run_after=2022-03-05T00:00:00+00:00
[2023-09-29T21:51:19.231+0200] {processor.py:179} INFO - Processing /home/radtrz/.local/lib/python3.10/site-packages/airflow/example_dags/example_dynamic_task_mapping.py took 0.041 seconds
[2023-09-29T21:52:01.483+0200] {processor.py:157} INFO - Started process (PID=19386) to work on /home/radtrz/.local/lib/python3.10/site-packages/airflow/example_dags/example_dynamic_task_mapping.py
[2023-09-29T21:52:01.491+0200] {processor.py:829} INFO - Processing file /home/radtrz/.local/lib/python3.10/site-packages/airflow/example_dags/example_dynamic_task_mapping.py for tasks to queue
[2023-09-29T21:52:01.492+0200] {logging_mixin.py:151} INFO - [2023-09-29T21:52:01.491+0200] {dagbag.py:539} INFO - Filling up the DagBag from /home/radtrz/.local/lib/python3.10/site-packages/airflow/example_dags/example_dynamic_task_mapping.py
[2023-09-29T21:52:01.495+0200] {processor.py:839} INFO - DAG(s) dict_keys(['example_dynamic_task_mapping']) retrieved from /home/radtrz/.local/lib/python3.10/site-packages/airflow/example_dags/example_dynamic_task_mapping.py
[2023-09-29T21:52:01.502+0200] {logging_mixin.py:151} INFO - [2023-09-29T21:52:01.502+0200] {dag.py:2915} INFO - Sync 1 DAGs
[2023-09-29T21:52:01.511+0200] {logging_mixin.py:151} INFO - [2023-09-29T21:52:01.511+0200] {dag.py:3696} INFO - Setting next_dagrun for example_dynamic_task_mapping to 2022-03-04T00:00:00+00:00, run_after=2022-03-05T00:00:00+00:00
[2023-09-29T21:52:01.522+0200] {processor.py:179} INFO - Processing /home/radtrz/.local/lib/python3.10/site-packages/airflow/example_dags/example_dynamic_task_mapping.py took 0.040 seconds
[2023-09-29T21:52:58.290+0200] {processor.py:157} INFO - Started process (PID=19456) to work on /home/radtrz/.local/lib/python3.10/site-packages/airflow/example_dags/example_dynamic_task_mapping.py
[2023-09-29T21:52:58.299+0200] {processor.py:829} INFO - Processing file /home/radtrz/.local/lib/python3.10/site-packages/airflow/example_dags/example_dynamic_task_mapping.py for tasks to queue
[2023-09-29T21:52:58.299+0200] {logging_mixin.py:151} INFO - [2023-09-29T21:52:58.299+0200] {dagbag.py:539} INFO - Filling up the DagBag from /home/radtrz/.local/lib/python3.10/site-packages/airflow/example_dags/example_dynamic_task_mapping.py
[2023-09-29T21:52:58.302+0200] {processor.py:839} INFO - DAG(s) dict_keys(['example_dynamic_task_mapping']) retrieved from /home/radtrz/.local/lib/python3.10/site-packages/airflow/example_dags/example_dynamic_task_mapping.py
[2023-09-29T21:52:58.310+0200] {logging_mixin.py:151} INFO - [2023-09-29T21:52:58.310+0200] {dag.py:2915} INFO - Sync 1 DAGs
[2023-09-29T21:52:58.319+0200] {logging_mixin.py:151} INFO - [2023-09-29T21:52:58.319+0200] {dag.py:3696} INFO - Setting next_dagrun for example_dynamic_task_mapping to 2022-03-04T00:00:00+00:00, run_after=2022-03-05T00:00:00+00:00
[2023-09-29T21:52:58.329+0200] {processor.py:179} INFO - Processing /home/radtrz/.local/lib/python3.10/site-packages/airflow/example_dags/example_dynamic_task_mapping.py took 0.041 seconds
[2023-09-29T21:53:52.269+0200] {processor.py:157} INFO - Started process (PID=19531) to work on /home/radtrz/.local/lib/python3.10/site-packages/airflow/example_dags/example_dynamic_task_mapping.py
[2023-09-29T21:53:52.270+0200] {processor.py:829} INFO - Processing file /home/radtrz/.local/lib/python3.10/site-packages/airflow/example_dags/example_dynamic_task_mapping.py for tasks to queue
[2023-09-29T21:53:52.270+0200] {logging_mixin.py:151} INFO - [2023-09-29T21:53:52.270+0200] {dagbag.py:539} INFO - Filling up the DagBag from /home/radtrz/.local/lib/python3.10/site-packages/airflow/example_dags/example_dynamic_task_mapping.py
[2023-09-29T21:53:52.273+0200] {processor.py:839} INFO - DAG(s) dict_keys(['example_dynamic_task_mapping']) retrieved from /home/radtrz/.local/lib/python3.10/site-packages/airflow/example_dags/example_dynamic_task_mapping.py
[2023-09-29T21:53:52.280+0200] {logging_mixin.py:151} INFO - [2023-09-29T21:53:52.280+0200] {dag.py:2915} INFO - Sync 1 DAGs
[2023-09-29T21:53:52.289+0200] {logging_mixin.py:151} INFO - [2023-09-29T21:53:52.289+0200] {dag.py:3696} INFO - Setting next_dagrun for example_dynamic_task_mapping to 2022-03-04T00:00:00+00:00, run_after=2022-03-05T00:00:00+00:00
[2023-09-29T21:53:52.307+0200] {processor.py:179} INFO - Processing /home/radtrz/.local/lib/python3.10/site-packages/airflow/example_dags/example_dynamic_task_mapping.py took 0.040 seconds
[2023-09-29T21:54:57.088+0200] {processor.py:157} INFO - Started process (PID=19626) to work on /home/radtrz/.local/lib/python3.10/site-packages/airflow/example_dags/example_dynamic_task_mapping.py
[2023-09-29T21:54:57.097+0200] {processor.py:829} INFO - Processing file /home/radtrz/.local/lib/python3.10/site-packages/airflow/example_dags/example_dynamic_task_mapping.py for tasks to queue
[2023-09-29T21:54:57.097+0200] {logging_mixin.py:151} INFO - [2023-09-29T21:54:57.097+0200] {dagbag.py:539} INFO - Filling up the DagBag from /home/radtrz/.local/lib/python3.10/site-packages/airflow/example_dags/example_dynamic_task_mapping.py
[2023-09-29T21:54:57.101+0200] {processor.py:839} INFO - DAG(s) dict_keys(['example_dynamic_task_mapping']) retrieved from /home/radtrz/.local/lib/python3.10/site-packages/airflow/example_dags/example_dynamic_task_mapping.py
[2023-09-29T21:54:57.109+0200] {logging_mixin.py:151} INFO - [2023-09-29T21:54:57.109+0200] {dag.py:2915} INFO - Sync 1 DAGs
[2023-09-29T21:54:57.119+0200] {logging_mixin.py:151} INFO - [2023-09-29T21:54:57.119+0200] {dag.py:3696} INFO - Setting next_dagrun for example_dynamic_task_mapping to 2022-03-04T00:00:00+00:00, run_after=2022-03-05T00:00:00+00:00
[2023-09-29T21:54:57.130+0200] {processor.py:179} INFO - Processing /home/radtrz/.local/lib/python3.10/site-packages/airflow/example_dags/example_dynamic_task_mapping.py took 0.044 seconds
