[2023-09-29T21:46:51.272+0200] {processor.py:157} INFO - Started process (PID=18699) to work on /home/radtrz/.local/lib/python3.10/site-packages/airflow/example_dags/example_skip_dag.py
[2023-09-29T21:46:51.272+0200] {processor.py:829} INFO - Processing file /home/radtrz/.local/lib/python3.10/site-packages/airflow/example_dags/example_skip_dag.py for tasks to queue
[2023-09-29T21:46:51.273+0200] {logging_mixin.py:151} INFO - [2023-09-29T21:46:51.272+0200] {dagbag.py:539} INFO - Filling up the DagBag from /home/radtrz/.local/lib/python3.10/site-packages/airflow/example_dags/example_skip_dag.py
[2023-09-29T21:46:51.276+0200] {processor.py:839} INFO - DAG(s) dict_keys(['example_skip_dag']) retrieved from /home/radtrz/.local/lib/python3.10/site-packages/airflow/example_dags/example_skip_dag.py
[2023-09-29T21:46:51.334+0200] {logging_mixin.py:151} INFO - [2023-09-29T21:46:51.334+0200] {manager.py:499} INFO - Created Permission View: %s
[2023-09-29T21:46:51.339+0200] {logging_mixin.py:151} INFO - [2023-09-29T21:46:51.339+0200] {manager.py:499} INFO - Created Permission View: %s
[2023-09-29T21:46:51.344+0200] {logging_mixin.py:151} INFO - [2023-09-29T21:46:51.344+0200] {manager.py:499} INFO - Created Permission View: %s
[2023-09-29T21:46:51.344+0200] {logging_mixin.py:151} INFO - [2023-09-29T21:46:51.344+0200] {security.py:708} INFO - Not syncing DAG-level permissions for DAG 'DAG:example_skip_dag' as access control is unset.
[2023-09-29T21:46:51.344+0200] {logging_mixin.py:151} INFO - [2023-09-29T21:46:51.344+0200] {dag.py:2915} INFO - Sync 1 DAGs
[2023-09-29T21:46:51.350+0200] {logging_mixin.py:151} INFO - [2023-09-29T21:46:51.349+0200] {dag.py:2937} INFO - Creating ORM DAG for example_skip_dag
[2023-09-29T21:46:51.354+0200] {logging_mixin.py:151} INFO - [2023-09-29T21:46:51.354+0200] {dag.py:3696} INFO - Setting next_dagrun for example_skip_dag to 2023-09-28T19:46:51.354019+00:00, run_after=2023-09-29T19:46:51.354019+00:00
[2023-09-29T21:46:51.364+0200] {processor.py:179} INFO - Processing /home/radtrz/.local/lib/python3.10/site-packages/airflow/example_dags/example_skip_dag.py took 0.095 seconds
[2023-09-29T21:47:37.647+0200] {processor.py:157} INFO - Started process (PID=18892) to work on /home/radtrz/.local/lib/python3.10/site-packages/airflow/example_dags/example_skip_dag.py
[2023-09-29T21:47:37.655+0200] {processor.py:829} INFO - Processing file /home/radtrz/.local/lib/python3.10/site-packages/airflow/example_dags/example_skip_dag.py for tasks to queue
[2023-09-29T21:47:37.656+0200] {logging_mixin.py:151} INFO - [2023-09-29T21:47:37.656+0200] {dagbag.py:539} INFO - Filling up the DagBag from /home/radtrz/.local/lib/python3.10/site-packages/airflow/example_dags/example_skip_dag.py
[2023-09-29T21:47:37.659+0200] {processor.py:839} INFO - DAG(s) dict_keys(['example_skip_dag']) retrieved from /home/radtrz/.local/lib/python3.10/site-packages/airflow/example_dags/example_skip_dag.py
[2023-09-29T21:47:37.667+0200] {logging_mixin.py:151} INFO - [2023-09-29T21:47:37.667+0200] {dag.py:2915} INFO - Sync 1 DAGs
[2023-09-29T21:47:37.676+0200] {logging_mixin.py:151} INFO - [2023-09-29T21:47:37.676+0200] {dag.py:3696} INFO - Setting next_dagrun for example_skip_dag to 2023-09-28T19:47:37.676564+00:00, run_after=2023-09-29T19:47:37.676564+00:00
[2023-09-29T21:47:37.696+0200] {processor.py:179} INFO - Processing /home/radtrz/.local/lib/python3.10/site-packages/airflow/example_dags/example_skip_dag.py took 0.051 seconds
[2023-09-29T21:48:21.656+0200] {processor.py:157} INFO - Started process (PID=19077) to work on /home/radtrz/.local/lib/python3.10/site-packages/airflow/example_dags/example_skip_dag.py
[2023-09-29T21:48:21.664+0200] {processor.py:829} INFO - Processing file /home/radtrz/.local/lib/python3.10/site-packages/airflow/example_dags/example_skip_dag.py for tasks to queue
[2023-09-29T21:48:21.665+0200] {logging_mixin.py:151} INFO - [2023-09-29T21:48:21.665+0200] {dagbag.py:539} INFO - Filling up the DagBag from /home/radtrz/.local/lib/python3.10/site-packages/airflow/example_dags/example_skip_dag.py
[2023-09-29T21:48:21.668+0200] {processor.py:839} INFO - DAG(s) dict_keys(['example_skip_dag']) retrieved from /home/radtrz/.local/lib/python3.10/site-packages/airflow/example_dags/example_skip_dag.py
[2023-09-29T21:48:21.677+0200] {logging_mixin.py:151} INFO - [2023-09-29T21:48:21.677+0200] {dag.py:2915} INFO - Sync 1 DAGs
[2023-09-29T21:48:21.686+0200] {logging_mixin.py:151} INFO - [2023-09-29T21:48:21.686+0200] {dag.py:3696} INFO - Setting next_dagrun for example_skip_dag to 2023-09-28T19:48:21.686213+00:00, run_after=2023-09-29T19:48:21.686213+00:00
[2023-09-29T21:48:21.711+0200] {processor.py:179} INFO - Processing /home/radtrz/.local/lib/python3.10/site-packages/airflow/example_dags/example_skip_dag.py took 0.058 seconds
[2023-09-29T21:49:06.448+0200] {processor.py:157} INFO - Started process (PID=19133) to work on /home/radtrz/.local/lib/python3.10/site-packages/airflow/example_dags/example_skip_dag.py
[2023-09-29T21:49:06.456+0200] {processor.py:829} INFO - Processing file /home/radtrz/.local/lib/python3.10/site-packages/airflow/example_dags/example_skip_dag.py for tasks to queue
[2023-09-29T21:49:06.457+0200] {logging_mixin.py:151} INFO - [2023-09-29T21:49:06.456+0200] {dagbag.py:539} INFO - Filling up the DagBag from /home/radtrz/.local/lib/python3.10/site-packages/airflow/example_dags/example_skip_dag.py
[2023-09-29T21:49:06.460+0200] {processor.py:839} INFO - DAG(s) dict_keys(['example_skip_dag']) retrieved from /home/radtrz/.local/lib/python3.10/site-packages/airflow/example_dags/example_skip_dag.py
[2023-09-29T21:49:06.468+0200] {logging_mixin.py:151} INFO - [2023-09-29T21:49:06.468+0200] {dag.py:2915} INFO - Sync 1 DAGs
[2023-09-29T21:49:06.478+0200] {logging_mixin.py:151} INFO - [2023-09-29T21:49:06.478+0200] {dag.py:3696} INFO - Setting next_dagrun for example_skip_dag to 2023-09-28T19:49:06.478014+00:00, run_after=2023-09-29T19:49:06.478014+00:00
[2023-09-29T21:49:06.506+0200] {processor.py:179} INFO - Processing /home/radtrz/.local/lib/python3.10/site-packages/airflow/example_dags/example_skip_dag.py took 0.060 seconds
[2023-09-29T21:50:22.660+0200] {processor.py:157} INFO - Started process (PID=19259) to work on /home/radtrz/.local/lib/python3.10/site-packages/airflow/example_dags/example_skip_dag.py
[2023-09-29T21:50:22.669+0200] {processor.py:829} INFO - Processing file /home/radtrz/.local/lib/python3.10/site-packages/airflow/example_dags/example_skip_dag.py for tasks to queue
[2023-09-29T21:50:22.670+0200] {logging_mixin.py:151} INFO - [2023-09-29T21:50:22.669+0200] {dagbag.py:539} INFO - Filling up the DagBag from /home/radtrz/.local/lib/python3.10/site-packages/airflow/example_dags/example_skip_dag.py
[2023-09-29T21:50:22.674+0200] {processor.py:839} INFO - DAG(s) dict_keys(['example_skip_dag']) retrieved from /home/radtrz/.local/lib/python3.10/site-packages/airflow/example_dags/example_skip_dag.py
[2023-09-29T21:50:22.682+0200] {logging_mixin.py:151} INFO - [2023-09-29T21:50:22.682+0200] {dag.py:2915} INFO - Sync 1 DAGs
[2023-09-29T21:50:22.692+0200] {logging_mixin.py:151} INFO - [2023-09-29T21:50:22.692+0200] {dag.py:3696} INFO - Setting next_dagrun for example_skip_dag to 2023-09-28T19:50:22.691992+00:00, run_after=2023-09-29T19:50:22.691992+00:00
[2023-09-29T21:50:22.707+0200] {processor.py:179} INFO - Processing /home/radtrz/.local/lib/python3.10/site-packages/airflow/example_dags/example_skip_dag.py took 0.049 seconds
[2023-09-29T21:51:06.772+0200] {processor.py:157} INFO - Started process (PID=19311) to work on /home/radtrz/.local/lib/python3.10/site-packages/airflow/example_dags/example_skip_dag.py
[2023-09-29T21:51:06.781+0200] {processor.py:829} INFO - Processing file /home/radtrz/.local/lib/python3.10/site-packages/airflow/example_dags/example_skip_dag.py for tasks to queue
[2023-09-29T21:51:06.781+0200] {logging_mixin.py:151} INFO - [2023-09-29T21:51:06.781+0200] {dagbag.py:539} INFO - Filling up the DagBag from /home/radtrz/.local/lib/python3.10/site-packages/airflow/example_dags/example_skip_dag.py
[2023-09-29T21:51:06.785+0200] {processor.py:839} INFO - DAG(s) dict_keys(['example_skip_dag']) retrieved from /home/radtrz/.local/lib/python3.10/site-packages/airflow/example_dags/example_skip_dag.py
[2023-09-29T21:51:06.793+0200] {logging_mixin.py:151} INFO - [2023-09-29T21:51:06.793+0200] {dag.py:2915} INFO - Sync 1 DAGs
[2023-09-29T21:51:06.802+0200] {logging_mixin.py:151} INFO - [2023-09-29T21:51:06.802+0200] {dag.py:3696} INFO - Setting next_dagrun for example_skip_dag to 2023-09-28T19:51:06.802502+00:00, run_after=2023-09-29T19:51:06.802502+00:00
[2023-09-29T21:51:06.823+0200] {processor.py:179} INFO - Processing /home/radtrz/.local/lib/python3.10/site-packages/airflow/example_dags/example_skip_dag.py took 0.053 seconds
[2023-09-29T21:51:50.045+0200] {processor.py:157} INFO - Started process (PID=19371) to work on /home/radtrz/.local/lib/python3.10/site-packages/airflow/example_dags/example_skip_dag.py
[2023-09-29T21:51:50.053+0200] {processor.py:829} INFO - Processing file /home/radtrz/.local/lib/python3.10/site-packages/airflow/example_dags/example_skip_dag.py for tasks to queue
[2023-09-29T21:51:50.054+0200] {logging_mixin.py:151} INFO - [2023-09-29T21:51:50.053+0200] {dagbag.py:539} INFO - Filling up the DagBag from /home/radtrz/.local/lib/python3.10/site-packages/airflow/example_dags/example_skip_dag.py
[2023-09-29T21:51:50.057+0200] {processor.py:839} INFO - DAG(s) dict_keys(['example_skip_dag']) retrieved from /home/radtrz/.local/lib/python3.10/site-packages/airflow/example_dags/example_skip_dag.py
[2023-09-29T21:51:50.066+0200] {logging_mixin.py:151} INFO - [2023-09-29T21:51:50.066+0200] {dag.py:2915} INFO - Sync 1 DAGs
[2023-09-29T21:51:50.077+0200] {logging_mixin.py:151} INFO - [2023-09-29T21:51:50.077+0200] {dag.py:3696} INFO - Setting next_dagrun for example_skip_dag to 2023-09-28T19:51:50.077567+00:00, run_after=2023-09-29T19:51:50.077567+00:00
[2023-09-29T21:51:50.108+0200] {processor.py:179} INFO - Processing /home/radtrz/.local/lib/python3.10/site-packages/airflow/example_dags/example_skip_dag.py took 0.065 seconds
[2023-09-29T21:52:34.615+0200] {processor.py:157} INFO - Started process (PID=19429) to work on /home/radtrz/.local/lib/python3.10/site-packages/airflow/example_dags/example_skip_dag.py
[2023-09-29T21:52:34.623+0200] {processor.py:829} INFO - Processing file /home/radtrz/.local/lib/python3.10/site-packages/airflow/example_dags/example_skip_dag.py for tasks to queue
[2023-09-29T21:52:34.624+0200] {logging_mixin.py:151} INFO - [2023-09-29T21:52:34.623+0200] {dagbag.py:539} INFO - Filling up the DagBag from /home/radtrz/.local/lib/python3.10/site-packages/airflow/example_dags/example_skip_dag.py
[2023-09-29T21:52:34.628+0200] {processor.py:839} INFO - DAG(s) dict_keys(['example_skip_dag']) retrieved from /home/radtrz/.local/lib/python3.10/site-packages/airflow/example_dags/example_skip_dag.py
[2023-09-29T21:52:34.636+0200] {logging_mixin.py:151} INFO - [2023-09-29T21:52:34.636+0200] {dag.py:2915} INFO - Sync 1 DAGs
[2023-09-29T21:52:34.647+0200] {logging_mixin.py:151} INFO - [2023-09-29T21:52:34.647+0200] {dag.py:3696} INFO - Setting next_dagrun for example_skip_dag to 2023-09-28T19:52:34.647269+00:00, run_after=2023-09-29T19:52:34.647269+00:00
[2023-09-29T21:52:34.658+0200] {processor.py:179} INFO - Processing /home/radtrz/.local/lib/python3.10/site-packages/airflow/example_dags/example_skip_dag.py took 0.045 seconds
[2023-09-29T21:53:16.275+0200] {processor.py:157} INFO - Started process (PID=19486) to work on /home/radtrz/.local/lib/python3.10/site-packages/airflow/example_dags/example_skip_dag.py
[2023-09-29T21:53:16.284+0200] {processor.py:829} INFO - Processing file /home/radtrz/.local/lib/python3.10/site-packages/airflow/example_dags/example_skip_dag.py for tasks to queue
[2023-09-29T21:53:16.284+0200] {logging_mixin.py:151} INFO - [2023-09-29T21:53:16.284+0200] {dagbag.py:539} INFO - Filling up the DagBag from /home/radtrz/.local/lib/python3.10/site-packages/airflow/example_dags/example_skip_dag.py
[2023-09-29T21:53:16.288+0200] {processor.py:839} INFO - DAG(s) dict_keys(['example_skip_dag']) retrieved from /home/radtrz/.local/lib/python3.10/site-packages/airflow/example_dags/example_skip_dag.py
[2023-09-29T21:53:16.296+0200] {logging_mixin.py:151} INFO - [2023-09-29T21:53:16.296+0200] {dag.py:2915} INFO - Sync 1 DAGs
[2023-09-29T21:53:16.306+0200] {logging_mixin.py:151} INFO - [2023-09-29T21:53:16.305+0200] {dag.py:3696} INFO - Setting next_dagrun for example_skip_dag to 2023-09-28T19:53:16.305836+00:00, run_after=2023-09-29T19:53:16.305836+00:00
[2023-09-29T21:53:16.316+0200] {processor.py:179} INFO - Processing /home/radtrz/.local/lib/python3.10/site-packages/airflow/example_dags/example_skip_dag.py took 0.043 seconds
[2023-09-29T21:54:00.226+0200] {processor.py:157} INFO - Started process (PID=19541) to work on /home/radtrz/.local/lib/python3.10/site-packages/airflow/example_dags/example_skip_dag.py
[2023-09-29T21:54:00.226+0200] {processor.py:829} INFO - Processing file /home/radtrz/.local/lib/python3.10/site-packages/airflow/example_dags/example_skip_dag.py for tasks to queue
[2023-09-29T21:54:00.227+0200] {logging_mixin.py:151} INFO - [2023-09-29T21:54:00.226+0200] {dagbag.py:539} INFO - Filling up the DagBag from /home/radtrz/.local/lib/python3.10/site-packages/airflow/example_dags/example_skip_dag.py
[2023-09-29T21:54:00.230+0200] {processor.py:839} INFO - DAG(s) dict_keys(['example_skip_dag']) retrieved from /home/radtrz/.local/lib/python3.10/site-packages/airflow/example_dags/example_skip_dag.py
[2023-09-29T21:54:00.238+0200] {logging_mixin.py:151} INFO - [2023-09-29T21:54:00.238+0200] {dag.py:2915} INFO - Sync 1 DAGs
[2023-09-29T21:54:00.248+0200] {logging_mixin.py:151} INFO - [2023-09-29T21:54:00.248+0200] {dag.py:3696} INFO - Setting next_dagrun for example_skip_dag to 2023-09-28T19:54:00.248003+00:00, run_after=2023-09-29T19:54:00.248003+00:00
[2023-09-29T21:54:00.258+0200] {processor.py:179} INFO - Processing /home/radtrz/.local/lib/python3.10/site-packages/airflow/example_dags/example_skip_dag.py took 0.034 seconds
[2023-09-29T21:55:00.946+0200] {processor.py:157} INFO - Started process (PID=19630) to work on /home/radtrz/.local/lib/python3.10/site-packages/airflow/example_dags/example_skip_dag.py
[2023-09-29T21:55:00.947+0200] {processor.py:829} INFO - Processing file /home/radtrz/.local/lib/python3.10/site-packages/airflow/example_dags/example_skip_dag.py for tasks to queue
[2023-09-29T21:55:00.947+0200] {logging_mixin.py:151} INFO - [2023-09-29T21:55:00.947+0200] {dagbag.py:539} INFO - Filling up the DagBag from /home/radtrz/.local/lib/python3.10/site-packages/airflow/example_dags/example_skip_dag.py
[2023-09-29T21:55:00.951+0200] {processor.py:839} INFO - DAG(s) dict_keys(['example_skip_dag']) retrieved from /home/radtrz/.local/lib/python3.10/site-packages/airflow/example_dags/example_skip_dag.py
[2023-09-29T21:55:00.961+0200] {logging_mixin.py:151} INFO - [2023-09-29T21:55:00.961+0200] {dag.py:2915} INFO - Sync 1 DAGs
[2023-09-29T21:55:00.971+0200] {logging_mixin.py:151} INFO - [2023-09-29T21:55:00.971+0200] {dag.py:3696} INFO - Setting next_dagrun for example_skip_dag to 2023-09-28T19:55:00.971344+00:00, run_after=2023-09-29T19:55:00.971344+00:00
[2023-09-29T21:55:00.982+0200] {processor.py:179} INFO - Processing /home/radtrz/.local/lib/python3.10/site-packages/airflow/example_dags/example_skip_dag.py took 0.037 seconds
