[2023-09-29T21:46:25.548+0200] {processor.py:157} INFO - Started process (PID=18669) to work on /home/radtrz/.local/lib/python3.10/site-packages/airflow/example_dags/example_sla_dag.py
[2023-09-29T21:46:25.548+0200] {processor.py:829} INFO - Processing file /home/radtrz/.local/lib/python3.10/site-packages/airflow/example_dags/example_sla_dag.py for tasks to queue
[2023-09-29T21:46:25.549+0200] {logging_mixin.py:151} INFO - [2023-09-29T21:46:25.549+0200] {dagbag.py:539} INFO - Filling up the DagBag from /home/radtrz/.local/lib/python3.10/site-packages/airflow/example_dags/example_sla_dag.py
[2023-09-29T21:46:25.554+0200] {processor.py:839} INFO - DAG(s) dict_keys(['example_sla_dag']) retrieved from /home/radtrz/.local/lib/python3.10/site-packages/airflow/example_dags/example_sla_dag.py
[2023-09-29T21:46:25.612+0200] {logging_mixin.py:151} INFO - [2023-09-29T21:46:25.612+0200] {manager.py:499} INFO - Created Permission View: %s
[2023-09-29T21:46:25.618+0200] {logging_mixin.py:151} INFO - [2023-09-29T21:46:25.618+0200] {manager.py:499} INFO - Created Permission View: %s
[2023-09-29T21:46:25.622+0200] {logging_mixin.py:151} INFO - [2023-09-29T21:46:25.622+0200] {manager.py:499} INFO - Created Permission View: %s
[2023-09-29T21:46:25.622+0200] {logging_mixin.py:151} INFO - [2023-09-29T21:46:25.622+0200] {security.py:708} INFO - Not syncing DAG-level permissions for DAG 'DAG:example_sla_dag' as access control is unset.
[2023-09-29T21:46:25.622+0200] {logging_mixin.py:151} INFO - [2023-09-29T21:46:25.622+0200] {dag.py:2915} INFO - Sync 1 DAGs
[2023-09-29T21:46:25.628+0200] {logging_mixin.py:151} INFO - [2023-09-29T21:46:25.628+0200] {dag.py:2937} INFO - Creating ORM DAG for example_sla_dag
[2023-09-29T21:46:25.633+0200] {logging_mixin.py:151} INFO - [2023-09-29T21:46:25.633+0200] {dag.py:3696} INFO - Setting next_dagrun for example_sla_dag to 2023-09-29T19:44:00+00:00, run_after=2023-09-29T19:46:00+00:00
[2023-09-29T21:46:25.643+0200] {processor.py:179} INFO - Processing /home/radtrz/.local/lib/python3.10/site-packages/airflow/example_dags/example_sla_dag.py took 0.096 seconds
[2023-09-29T21:47:11.990+0200] {processor.py:157} INFO - Started process (PID=18724) to work on /home/radtrz/.local/lib/python3.10/site-packages/airflow/example_dags/example_sla_dag.py
[2023-09-29T21:47:11.998+0200] {processor.py:829} INFO - Processing file /home/radtrz/.local/lib/python3.10/site-packages/airflow/example_dags/example_sla_dag.py for tasks to queue
[2023-09-29T21:47:11.999+0200] {logging_mixin.py:151} INFO - [2023-09-29T21:47:11.999+0200] {dagbag.py:539} INFO - Filling up the DagBag from /home/radtrz/.local/lib/python3.10/site-packages/airflow/example_dags/example_sla_dag.py
[2023-09-29T21:47:12.003+0200] {processor.py:839} INFO - DAG(s) dict_keys(['example_sla_dag']) retrieved from /home/radtrz/.local/lib/python3.10/site-packages/airflow/example_dags/example_sla_dag.py
[2023-09-29T21:47:12.011+0200] {logging_mixin.py:151} INFO - [2023-09-29T21:47:12.011+0200] {dag.py:2915} INFO - Sync 1 DAGs
[2023-09-29T21:47:12.022+0200] {logging_mixin.py:151} INFO - [2023-09-29T21:47:12.022+0200] {dag.py:3696} INFO - Setting next_dagrun for example_sla_dag to 2023-09-29T19:44:00+00:00, run_after=2023-09-29T19:46:00+00:00
[2023-09-29T21:47:12.033+0200] {processor.py:179} INFO - Processing /home/radtrz/.local/lib/python3.10/site-packages/airflow/example_dags/example_sla_dag.py took 0.044 seconds
[2023-09-29T21:47:54.801+0200] {processor.py:157} INFO - Started process (PID=18915) to work on /home/radtrz/.local/lib/python3.10/site-packages/airflow/example_dags/example_sla_dag.py
[2023-09-29T21:47:54.809+0200] {processor.py:829} INFO - Processing file /home/radtrz/.local/lib/python3.10/site-packages/airflow/example_dags/example_sla_dag.py for tasks to queue
[2023-09-29T21:47:54.810+0200] {logging_mixin.py:151} INFO - [2023-09-29T21:47:54.810+0200] {dagbag.py:539} INFO - Filling up the DagBag from /home/radtrz/.local/lib/python3.10/site-packages/airflow/example_dags/example_sla_dag.py
[2023-09-29T21:47:54.814+0200] {processor.py:839} INFO - DAG(s) dict_keys(['example_sla_dag']) retrieved from /home/radtrz/.local/lib/python3.10/site-packages/airflow/example_dags/example_sla_dag.py
[2023-09-29T21:47:54.822+0200] {logging_mixin.py:151} INFO - [2023-09-29T21:47:54.821+0200] {dag.py:2915} INFO - Sync 1 DAGs
[2023-09-29T21:47:54.832+0200] {logging_mixin.py:151} INFO - [2023-09-29T21:47:54.832+0200] {dag.py:3696} INFO - Setting next_dagrun for example_sla_dag to 2023-09-29T19:44:00+00:00, run_after=2023-09-29T19:46:00+00:00
[2023-09-29T21:47:54.843+0200] {processor.py:179} INFO - Processing /home/radtrz/.local/lib/python3.10/site-packages/airflow/example_dags/example_sla_dag.py took 0.043 seconds
[2023-09-29T21:48:37.180+0200] {processor.py:157} INFO - Started process (PID=19098) to work on /home/radtrz/.local/lib/python3.10/site-packages/airflow/example_dags/example_sla_dag.py
[2023-09-29T21:48:37.188+0200] {processor.py:829} INFO - Processing file /home/radtrz/.local/lib/python3.10/site-packages/airflow/example_dags/example_sla_dag.py for tasks to queue
[2023-09-29T21:48:37.189+0200] {logging_mixin.py:151} INFO - [2023-09-29T21:48:37.189+0200] {dagbag.py:539} INFO - Filling up the DagBag from /home/radtrz/.local/lib/python3.10/site-packages/airflow/example_dags/example_sla_dag.py
[2023-09-29T21:48:37.193+0200] {processor.py:839} INFO - DAG(s) dict_keys(['example_sla_dag']) retrieved from /home/radtrz/.local/lib/python3.10/site-packages/airflow/example_dags/example_sla_dag.py
[2023-09-29T21:48:37.201+0200] {logging_mixin.py:151} INFO - [2023-09-29T21:48:37.200+0200] {dag.py:2915} INFO - Sync 1 DAGs
[2023-09-29T21:48:37.212+0200] {logging_mixin.py:151} INFO - [2023-09-29T21:48:37.212+0200] {dag.py:3696} INFO - Setting next_dagrun for example_sla_dag to 2023-09-29T19:46:00+00:00, run_after=2023-09-29T19:48:00+00:00
[2023-09-29T21:48:37.238+0200] {processor.py:179} INFO - Processing /home/radtrz/.local/lib/python3.10/site-packages/airflow/example_dags/example_sla_dag.py took 0.059 seconds
[2023-09-29T21:49:18.309+0200] {processor.py:157} INFO - Started process (PID=19157) to work on /home/radtrz/.local/lib/python3.10/site-packages/airflow/example_dags/example_sla_dag.py
[2023-09-29T21:49:18.318+0200] {processor.py:829} INFO - Processing file /home/radtrz/.local/lib/python3.10/site-packages/airflow/example_dags/example_sla_dag.py for tasks to queue
[2023-09-29T21:49:18.318+0200] {logging_mixin.py:151} INFO - [2023-09-29T21:49:18.318+0200] {dagbag.py:539} INFO - Filling up the DagBag from /home/radtrz/.local/lib/python3.10/site-packages/airflow/example_dags/example_sla_dag.py
[2023-09-29T21:49:18.322+0200] {processor.py:839} INFO - DAG(s) dict_keys(['example_sla_dag']) retrieved from /home/radtrz/.local/lib/python3.10/site-packages/airflow/example_dags/example_sla_dag.py
[2023-09-29T21:49:18.330+0200] {logging_mixin.py:151} INFO - [2023-09-29T21:49:18.330+0200] {dag.py:2915} INFO - Sync 1 DAGs
[2023-09-29T21:49:18.341+0200] {logging_mixin.py:151} INFO - [2023-09-29T21:49:18.341+0200] {dag.py:3696} INFO - Setting next_dagrun for example_sla_dag to 2023-09-29T19:46:00+00:00, run_after=2023-09-29T19:48:00+00:00
[2023-09-29T21:49:18.361+0200] {processor.py:179} INFO - Processing /home/radtrz/.local/lib/python3.10/site-packages/airflow/example_dags/example_sla_dag.py took 0.053 seconds
[2023-09-29T21:49:59.406+0200] {processor.py:157} INFO - Started process (PID=19215) to work on /home/radtrz/.local/lib/python3.10/site-packages/airflow/example_dags/example_sla_dag.py
[2023-09-29T21:49:59.415+0200] {processor.py:829} INFO - Processing file /home/radtrz/.local/lib/python3.10/site-packages/airflow/example_dags/example_sla_dag.py for tasks to queue
[2023-09-29T21:49:59.415+0200] {logging_mixin.py:151} INFO - [2023-09-29T21:49:59.415+0200] {dagbag.py:539} INFO - Filling up the DagBag from /home/radtrz/.local/lib/python3.10/site-packages/airflow/example_dags/example_sla_dag.py
[2023-09-29T21:49:59.420+0200] {processor.py:839} INFO - DAG(s) dict_keys(['example_sla_dag']) retrieved from /home/radtrz/.local/lib/python3.10/site-packages/airflow/example_dags/example_sla_dag.py
[2023-09-29T21:49:59.431+0200] {logging_mixin.py:151} INFO - [2023-09-29T21:49:59.431+0200] {dag.py:2915} INFO - Sync 1 DAGs
[2023-09-29T21:49:59.442+0200] {logging_mixin.py:151} INFO - [2023-09-29T21:49:59.442+0200] {dag.py:3696} INFO - Setting next_dagrun for example_sla_dag to 2023-09-29T19:46:00+00:00, run_after=2023-09-29T19:48:00+00:00
[2023-09-29T21:49:59.453+0200] {processor.py:179} INFO - Processing /home/radtrz/.local/lib/python3.10/site-packages/airflow/example_dags/example_sla_dag.py took 0.048 seconds
[2023-09-29T21:50:42.088+0200] {processor.py:157} INFO - Started process (PID=19283) to work on /home/radtrz/.local/lib/python3.10/site-packages/airflow/example_dags/example_sla_dag.py
[2023-09-29T21:50:42.088+0200] {processor.py:829} INFO - Processing file /home/radtrz/.local/lib/python3.10/site-packages/airflow/example_dags/example_sla_dag.py for tasks to queue
[2023-09-29T21:50:42.089+0200] {logging_mixin.py:151} INFO - [2023-09-29T21:50:42.089+0200] {dagbag.py:539} INFO - Filling up the DagBag from /home/radtrz/.local/lib/python3.10/site-packages/airflow/example_dags/example_sla_dag.py
[2023-09-29T21:50:42.093+0200] {processor.py:839} INFO - DAG(s) dict_keys(['example_sla_dag']) retrieved from /home/radtrz/.local/lib/python3.10/site-packages/airflow/example_dags/example_sla_dag.py
[2023-09-29T21:50:42.101+0200] {logging_mixin.py:151} INFO - [2023-09-29T21:50:42.101+0200] {dag.py:2915} INFO - Sync 1 DAGs
[2023-09-29T21:50:42.112+0200] {logging_mixin.py:151} INFO - [2023-09-29T21:50:42.112+0200] {dag.py:3696} INFO - Setting next_dagrun for example_sla_dag to 2023-09-29T19:48:00+00:00, run_after=2023-09-29T19:50:00+00:00
[2023-09-29T21:50:42.129+0200] {processor.py:179} INFO - Processing /home/radtrz/.local/lib/python3.10/site-packages/airflow/example_dags/example_sla_dag.py took 0.043 seconds
[2023-09-29T21:51:25.472+0200] {processor.py:157} INFO - Started process (PID=19332) to work on /home/radtrz/.local/lib/python3.10/site-packages/airflow/example_dags/example_sla_dag.py
[2023-09-29T21:51:25.486+0200] {processor.py:829} INFO - Processing file /home/radtrz/.local/lib/python3.10/site-packages/airflow/example_dags/example_sla_dag.py for tasks to queue
[2023-09-29T21:51:25.486+0200] {logging_mixin.py:151} INFO - [2023-09-29T21:51:25.486+0200] {dagbag.py:539} INFO - Filling up the DagBag from /home/radtrz/.local/lib/python3.10/site-packages/airflow/example_dags/example_sla_dag.py
[2023-09-29T21:51:25.491+0200] {processor.py:839} INFO - DAG(s) dict_keys(['example_sla_dag']) retrieved from /home/radtrz/.local/lib/python3.10/site-packages/airflow/example_dags/example_sla_dag.py
[2023-09-29T21:51:25.499+0200] {logging_mixin.py:151} INFO - [2023-09-29T21:51:25.498+0200] {dag.py:2915} INFO - Sync 1 DAGs
[2023-09-29T21:51:25.510+0200] {logging_mixin.py:151} INFO - [2023-09-29T21:51:25.510+0200] {dag.py:3696} INFO - Setting next_dagrun for example_sla_dag to 2023-09-29T19:48:00+00:00, run_after=2023-09-29T19:50:00+00:00
[2023-09-29T21:51:25.530+0200] {processor.py:179} INFO - Processing /home/radtrz/.local/lib/python3.10/site-packages/airflow/example_dags/example_sla_dag.py took 0.060 seconds
[2023-09-29T21:52:06.627+0200] {processor.py:157} INFO - Started process (PID=19395) to work on /home/radtrz/.local/lib/python3.10/site-packages/airflow/example_dags/example_sla_dag.py
[2023-09-29T21:52:06.636+0200] {processor.py:829} INFO - Processing file /home/radtrz/.local/lib/python3.10/site-packages/airflow/example_dags/example_sla_dag.py for tasks to queue
[2023-09-29T21:52:06.636+0200] {logging_mixin.py:151} INFO - [2023-09-29T21:52:06.636+0200] {dagbag.py:539} INFO - Filling up the DagBag from /home/radtrz/.local/lib/python3.10/site-packages/airflow/example_dags/example_sla_dag.py
[2023-09-29T21:52:06.641+0200] {processor.py:839} INFO - DAG(s) dict_keys(['example_sla_dag']) retrieved from /home/radtrz/.local/lib/python3.10/site-packages/airflow/example_dags/example_sla_dag.py
[2023-09-29T21:52:06.648+0200] {logging_mixin.py:151} INFO - [2023-09-29T21:52:06.648+0200] {dag.py:2915} INFO - Sync 1 DAGs
[2023-09-29T21:52:06.661+0200] {logging_mixin.py:151} INFO - [2023-09-29T21:52:06.661+0200] {dag.py:3696} INFO - Setting next_dagrun for example_sla_dag to 2023-09-29T19:50:00+00:00, run_after=2023-09-29T19:52:00+00:00
[2023-09-29T21:52:06.680+0200] {processor.py:179} INFO - Processing /home/radtrz/.local/lib/python3.10/site-packages/airflow/example_dags/example_sla_dag.py took 0.054 seconds
[2023-09-29T21:52:49.291+0200] {processor.py:157} INFO - Started process (PID=19444) to work on /home/radtrz/.local/lib/python3.10/site-packages/airflow/example_dags/example_sla_dag.py
[2023-09-29T21:52:49.300+0200] {processor.py:829} INFO - Processing file /home/radtrz/.local/lib/python3.10/site-packages/airflow/example_dags/example_sla_dag.py for tasks to queue
[2023-09-29T21:52:49.300+0200] {logging_mixin.py:151} INFO - [2023-09-29T21:52:49.300+0200] {dagbag.py:539} INFO - Filling up the DagBag from /home/radtrz/.local/lib/python3.10/site-packages/airflow/example_dags/example_sla_dag.py
[2023-09-29T21:52:49.304+0200] {processor.py:839} INFO - DAG(s) dict_keys(['example_sla_dag']) retrieved from /home/radtrz/.local/lib/python3.10/site-packages/airflow/example_dags/example_sla_dag.py
[2023-09-29T21:52:49.312+0200] {logging_mixin.py:151} INFO - [2023-09-29T21:52:49.312+0200] {dag.py:2915} INFO - Sync 1 DAGs
[2023-09-29T21:52:49.323+0200] {logging_mixin.py:151} INFO - [2023-09-29T21:52:49.323+0200] {dag.py:3696} INFO - Setting next_dagrun for example_sla_dag to 2023-09-29T19:50:00+00:00, run_after=2023-09-29T19:52:00+00:00
[2023-09-29T21:52:49.333+0200] {processor.py:179} INFO - Processing /home/radtrz/.local/lib/python3.10/site-packages/airflow/example_dags/example_sla_dag.py took 0.044 seconds
[2023-09-29T21:53:28.685+0200] {processor.py:157} INFO - Started process (PID=19499) to work on /home/radtrz/.local/lib/python3.10/site-packages/airflow/example_dags/example_sla_dag.py
[2023-09-29T21:53:28.694+0200] {processor.py:829} INFO - Processing file /home/radtrz/.local/lib/python3.10/site-packages/airflow/example_dags/example_sla_dag.py for tasks to queue
[2023-09-29T21:53:28.694+0200] {logging_mixin.py:151} INFO - [2023-09-29T21:53:28.694+0200] {dagbag.py:539} INFO - Filling up the DagBag from /home/radtrz/.local/lib/python3.10/site-packages/airflow/example_dags/example_sla_dag.py
[2023-09-29T21:53:28.699+0200] {processor.py:839} INFO - DAG(s) dict_keys(['example_sla_dag']) retrieved from /home/radtrz/.local/lib/python3.10/site-packages/airflow/example_dags/example_sla_dag.py
[2023-09-29T21:53:28.706+0200] {logging_mixin.py:151} INFO - [2023-09-29T21:53:28.706+0200] {dag.py:2915} INFO - Sync 1 DAGs
[2023-09-29T21:53:28.717+0200] {logging_mixin.py:151} INFO - [2023-09-29T21:53:28.717+0200] {dag.py:3696} INFO - Setting next_dagrun for example_sla_dag to 2023-09-29T19:50:00+00:00, run_after=2023-09-29T19:52:00+00:00
[2023-09-29T21:53:28.729+0200] {processor.py:179} INFO - Processing /home/radtrz/.local/lib/python3.10/site-packages/airflow/example_dags/example_sla_dag.py took 0.045 seconds
[2023-09-29T21:54:31.812+0200] {processor.py:157} INFO - Started process (PID=19593) to work on /home/radtrz/.local/lib/python3.10/site-packages/airflow/example_dags/example_sla_dag.py
[2023-09-29T21:54:31.820+0200] {processor.py:829} INFO - Processing file /home/radtrz/.local/lib/python3.10/site-packages/airflow/example_dags/example_sla_dag.py for tasks to queue
[2023-09-29T21:54:31.821+0200] {logging_mixin.py:151} INFO - [2023-09-29T21:54:31.821+0200] {dagbag.py:539} INFO - Filling up the DagBag from /home/radtrz/.local/lib/python3.10/site-packages/airflow/example_dags/example_sla_dag.py
[2023-09-29T21:54:31.825+0200] {processor.py:839} INFO - DAG(s) dict_keys(['example_sla_dag']) retrieved from /home/radtrz/.local/lib/python3.10/site-packages/airflow/example_dags/example_sla_dag.py
[2023-09-29T21:54:31.833+0200] {logging_mixin.py:151} INFO - [2023-09-29T21:54:31.833+0200] {dag.py:2915} INFO - Sync 1 DAGs
[2023-09-29T21:54:31.845+0200] {logging_mixin.py:151} INFO - [2023-09-29T21:54:31.844+0200] {dag.py:3696} INFO - Setting next_dagrun for example_sla_dag to 2023-09-29T19:52:00+00:00, run_after=2023-09-29T19:54:00+00:00
[2023-09-29T21:54:31.855+0200] {processor.py:179} INFO - Processing /home/radtrz/.local/lib/python3.10/site-packages/airflow/example_dags/example_sla_dag.py took 0.045 seconds
[2023-09-29T21:55:12.959+0200] {processor.py:157} INFO - Started process (PID=19745) to work on /home/radtrz/.local/lib/python3.10/site-packages/airflow/example_dags/example_sla_dag.py
[2023-09-29T21:55:12.959+0200] {processor.py:829} INFO - Processing file /home/radtrz/.local/lib/python3.10/site-packages/airflow/example_dags/example_sla_dag.py for tasks to queue
[2023-09-29T21:55:12.960+0200] {logging_mixin.py:151} INFO - [2023-09-29T21:55:12.960+0200] {dagbag.py:539} INFO - Filling up the DagBag from /home/radtrz/.local/lib/python3.10/site-packages/airflow/example_dags/example_sla_dag.py
[2023-09-29T21:55:12.964+0200] {processor.py:839} INFO - DAG(s) dict_keys(['example_sla_dag']) retrieved from /home/radtrz/.local/lib/python3.10/site-packages/airflow/example_dags/example_sla_dag.py
[2023-09-29T21:55:12.972+0200] {logging_mixin.py:151} INFO - [2023-09-29T21:55:12.972+0200] {dag.py:2915} INFO - Sync 1 DAGs
[2023-09-29T21:55:12.983+0200] {logging_mixin.py:151} INFO - [2023-09-29T21:55:12.983+0200] {dag.py:3696} INFO - Setting next_dagrun for example_sla_dag to 2023-09-29T19:52:00+00:00, run_after=2023-09-29T19:54:00+00:00
[2023-09-29T21:55:12.994+0200] {processor.py:179} INFO - Processing /home/radtrz/.local/lib/python3.10/site-packages/airflow/example_dags/example_sla_dag.py took 0.037 seconds
