[2023-09-29T21:46:34.617+0200] {processor.py:157} INFO - Started process (PID=18683) to work on /home/radtrz/.local/lib/python3.10/site-packages/airflow/example_dags/example_subdag_operator.py
[2023-09-29T21:46:34.617+0200] {processor.py:829} INFO - Processing file /home/radtrz/.local/lib/python3.10/site-packages/airflow/example_dags/example_subdag_operator.py for tasks to queue
[2023-09-29T21:46:34.617+0200] {logging_mixin.py:151} INFO - [2023-09-29T21:46:34.617+0200] {dagbag.py:539} INFO - Filling up the DagBag from /home/radtrz/.local/lib/python3.10/site-packages/airflow/example_dags/example_subdag_operator.py
[2023-09-29T21:46:34.627+0200] {processor.py:839} INFO - DAG(s) dict_keys(['example_subdag_operator.section-1', 'example_subdag_operator.section-2', 'example_subdag_operator']) retrieved from /home/radtrz/.local/lib/python3.10/site-packages/airflow/example_dags/example_subdag_operator.py
[2023-09-29T21:46:34.691+0200] {logging_mixin.py:151} INFO - [2023-09-29T21:46:34.691+0200] {manager.py:499} INFO - Created Permission View: %s
[2023-09-29T21:46:34.697+0200] {logging_mixin.py:151} INFO - [2023-09-29T21:46:34.696+0200] {manager.py:499} INFO - Created Permission View: %s
[2023-09-29T21:46:34.701+0200] {logging_mixin.py:151} INFO - [2023-09-29T21:46:34.701+0200] {manager.py:499} INFO - Created Permission View: %s
[2023-09-29T21:46:34.701+0200] {logging_mixin.py:151} INFO - [2023-09-29T21:46:34.701+0200] {security.py:708} INFO - Not syncing DAG-level permissions for DAG 'DAG:example_subdag_operator' as access control is unset.
[2023-09-29T21:46:34.701+0200] {logging_mixin.py:151} INFO - [2023-09-29T21:46:34.701+0200] {dag.py:2915} INFO - Sync 3 DAGs
[2023-09-29T21:46:34.706+0200] {logging_mixin.py:151} INFO - [2023-09-29T21:46:34.706+0200] {dag.py:2937} INFO - Creating ORM DAG for example_subdag_operator
[2023-09-29T21:46:34.706+0200] {logging_mixin.py:151} INFO - [2023-09-29T21:46:34.706+0200] {dag.py:2937} INFO - Creating ORM DAG for example_subdag_operator.section-1
[2023-09-29T21:46:34.707+0200] {logging_mixin.py:151} INFO - [2023-09-29T21:46:34.706+0200] {dag.py:2937} INFO - Creating ORM DAG for example_subdag_operator.section-2
[2023-09-29T21:46:34.710+0200] {logging_mixin.py:151} INFO - [2023-09-29T21:46:34.710+0200] {dag.py:3696} INFO - Setting next_dagrun for example_subdag_operator to 2022-01-01T00:00:00+00:00, run_after=2022-01-01T00:00:00+00:00
[2023-09-29T21:46:34.711+0200] {logging_mixin.py:151} INFO - [2023-09-29T21:46:34.711+0200] {dag.py:3696} INFO - Setting next_dagrun for example_subdag_operator.section-1 to None, run_after=None
[2023-09-29T21:46:34.711+0200] {logging_mixin.py:151} INFO - [2023-09-29T21:46:34.711+0200] {dag.py:3696} INFO - Setting next_dagrun for example_subdag_operator.section-2 to None, run_after=None
[2023-09-29T21:46:34.714+0200] {logging_mixin.py:151} INFO - [2023-09-29T21:46:34.714+0200] {dag.py:2915} INFO - Sync 2 DAGs
[2023-09-29T21:46:34.716+0200] {logging_mixin.py:151} INFO - [2023-09-29T21:46:34.716+0200] {dag.py:3696} INFO - Setting next_dagrun for example_subdag_operator.section-1 to None, run_after=None
[2023-09-29T21:46:34.717+0200] {logging_mixin.py:151} INFO - [2023-09-29T21:46:34.717+0200] {dag.py:3696} INFO - Setting next_dagrun for example_subdag_operator.section-2 to None, run_after=None
[2023-09-29T21:46:34.725+0200] {processor.py:179} INFO - Processing /home/radtrz/.local/lib/python3.10/site-packages/airflow/example_dags/example_subdag_operator.py took 0.110 seconds
[2023-09-29T21:47:22.110+0200] {processor.py:157} INFO - Started process (PID=18736) to work on /home/radtrz/.local/lib/python3.10/site-packages/airflow/example_dags/example_subdag_operator.py
[2023-09-29T21:47:22.118+0200] {processor.py:829} INFO - Processing file /home/radtrz/.local/lib/python3.10/site-packages/airflow/example_dags/example_subdag_operator.py for tasks to queue
[2023-09-29T21:47:22.119+0200] {logging_mixin.py:151} INFO - [2023-09-29T21:47:22.118+0200] {dagbag.py:539} INFO - Filling up the DagBag from /home/radtrz/.local/lib/python3.10/site-packages/airflow/example_dags/example_subdag_operator.py
[2023-09-29T21:47:22.129+0200] {processor.py:839} INFO - DAG(s) dict_keys(['example_subdag_operator.section-1', 'example_subdag_operator.section-2', 'example_subdag_operator']) retrieved from /home/radtrz/.local/lib/python3.10/site-packages/airflow/example_dags/example_subdag_operator.py
[2023-09-29T21:47:22.137+0200] {logging_mixin.py:151} INFO - [2023-09-29T21:47:22.137+0200] {dag.py:2915} INFO - Sync 3 DAGs
[2023-09-29T21:47:22.146+0200] {logging_mixin.py:151} INFO - [2023-09-29T21:47:22.146+0200] {dag.py:3696} INFO - Setting next_dagrun for example_subdag_operator to 2022-01-01T00:00:00+00:00, run_after=2022-01-01T00:00:00+00:00
[2023-09-29T21:47:22.148+0200] {logging_mixin.py:151} INFO - [2023-09-29T21:47:22.148+0200] {dag.py:3696} INFO - Setting next_dagrun for example_subdag_operator.section-1 to None, run_after=None
[2023-09-29T21:47:22.148+0200] {logging_mixin.py:151} INFO - [2023-09-29T21:47:22.148+0200] {dag.py:3696} INFO - Setting next_dagrun for example_subdag_operator.section-2 to None, run_after=None
[2023-09-29T21:47:22.151+0200] {logging_mixin.py:151} INFO - [2023-09-29T21:47:22.151+0200] {dag.py:2915} INFO - Sync 2 DAGs
[2023-09-29T21:47:22.153+0200] {logging_mixin.py:151} INFO - [2023-09-29T21:47:22.153+0200] {dag.py:3696} INFO - Setting next_dagrun for example_subdag_operator.section-1 to None, run_after=None
[2023-09-29T21:47:22.153+0200] {logging_mixin.py:151} INFO - [2023-09-29T21:47:22.153+0200] {dag.py:3696} INFO - Setting next_dagrun for example_subdag_operator.section-2 to None, run_after=None
[2023-09-29T21:47:22.160+0200] {processor.py:179} INFO - Processing /home/radtrz/.local/lib/python3.10/site-packages/airflow/example_dags/example_subdag_operator.py took 0.052 seconds
[2023-09-29T21:48:05.086+0200] {processor.py:157} INFO - Started process (PID=18939) to work on /home/radtrz/.local/lib/python3.10/site-packages/airflow/example_dags/example_subdag_operator.py
[2023-09-29T21:48:05.086+0200] {processor.py:829} INFO - Processing file /home/radtrz/.local/lib/python3.10/site-packages/airflow/example_dags/example_subdag_operator.py for tasks to queue
[2023-09-29T21:48:05.087+0200] {logging_mixin.py:151} INFO - [2023-09-29T21:48:05.087+0200] {dagbag.py:539} INFO - Filling up the DagBag from /home/radtrz/.local/lib/python3.10/site-packages/airflow/example_dags/example_subdag_operator.py
[2023-09-29T21:48:05.099+0200] {processor.py:839} INFO - DAG(s) dict_keys(['example_subdag_operator.section-1', 'example_subdag_operator.section-2', 'example_subdag_operator']) retrieved from /home/radtrz/.local/lib/python3.10/site-packages/airflow/example_dags/example_subdag_operator.py
[2023-09-29T21:48:05.107+0200] {logging_mixin.py:151} INFO - [2023-09-29T21:48:05.107+0200] {dag.py:2915} INFO - Sync 3 DAGs
[2023-09-29T21:48:05.117+0200] {logging_mixin.py:151} INFO - [2023-09-29T21:48:05.117+0200] {dag.py:3696} INFO - Setting next_dagrun for example_subdag_operator to 2022-01-01T00:00:00+00:00, run_after=2022-01-01T00:00:00+00:00
[2023-09-29T21:48:05.119+0200] {logging_mixin.py:151} INFO - [2023-09-29T21:48:05.119+0200] {dag.py:3696} INFO - Setting next_dagrun for example_subdag_operator.section-1 to None, run_after=None
[2023-09-29T21:48:05.119+0200] {logging_mixin.py:151} INFO - [2023-09-29T21:48:05.119+0200] {dag.py:3696} INFO - Setting next_dagrun for example_subdag_operator.section-2 to None, run_after=None
[2023-09-29T21:48:05.122+0200] {logging_mixin.py:151} INFO - [2023-09-29T21:48:05.122+0200] {dag.py:2915} INFO - Sync 2 DAGs
[2023-09-29T21:48:05.125+0200] {logging_mixin.py:151} INFO - [2023-09-29T21:48:05.125+0200] {dag.py:3696} INFO - Setting next_dagrun for example_subdag_operator.section-1 to None, run_after=None
[2023-09-29T21:48:05.125+0200] {logging_mixin.py:151} INFO - [2023-09-29T21:48:05.125+0200] {dag.py:3696} INFO - Setting next_dagrun for example_subdag_operator.section-2 to None, run_after=None
[2023-09-29T21:48:05.132+0200] {processor.py:179} INFO - Processing /home/radtrz/.local/lib/python3.10/site-packages/airflow/example_dags/example_subdag_operator.py took 0.048 seconds
[2023-09-29T21:48:46.174+0200] {processor.py:157} INFO - Started process (PID=19108) to work on /home/radtrz/.local/lib/python3.10/site-packages/airflow/example_dags/example_subdag_operator.py
[2023-09-29T21:48:46.174+0200] {processor.py:829} INFO - Processing file /home/radtrz/.local/lib/python3.10/site-packages/airflow/example_dags/example_subdag_operator.py for tasks to queue
[2023-09-29T21:48:46.175+0200] {logging_mixin.py:151} INFO - [2023-09-29T21:48:46.175+0200] {dagbag.py:539} INFO - Filling up the DagBag from /home/radtrz/.local/lib/python3.10/site-packages/airflow/example_dags/example_subdag_operator.py
[2023-09-29T21:48:46.185+0200] {processor.py:839} INFO - DAG(s) dict_keys(['example_subdag_operator.section-1', 'example_subdag_operator.section-2', 'example_subdag_operator']) retrieved from /home/radtrz/.local/lib/python3.10/site-packages/airflow/example_dags/example_subdag_operator.py
[2023-09-29T21:48:46.193+0200] {logging_mixin.py:151} INFO - [2023-09-29T21:48:46.193+0200] {dag.py:2915} INFO - Sync 3 DAGs
[2023-09-29T21:48:46.202+0200] {logging_mixin.py:151} INFO - [2023-09-29T21:48:46.202+0200] {dag.py:3696} INFO - Setting next_dagrun for example_subdag_operator to 2022-01-01T00:00:00+00:00, run_after=2022-01-01T00:00:00+00:00
[2023-09-29T21:48:46.204+0200] {logging_mixin.py:151} INFO - [2023-09-29T21:48:46.203+0200] {dag.py:3696} INFO - Setting next_dagrun for example_subdag_operator.section-1 to None, run_after=None
[2023-09-29T21:48:46.204+0200] {logging_mixin.py:151} INFO - [2023-09-29T21:48:46.204+0200] {dag.py:3696} INFO - Setting next_dagrun for example_subdag_operator.section-2 to None, run_after=None
[2023-09-29T21:48:46.207+0200] {logging_mixin.py:151} INFO - [2023-09-29T21:48:46.207+0200] {dag.py:2915} INFO - Sync 2 DAGs
[2023-09-29T21:48:46.209+0200] {logging_mixin.py:151} INFO - [2023-09-29T21:48:46.208+0200] {dag.py:3696} INFO - Setting next_dagrun for example_subdag_operator.section-1 to None, run_after=None
[2023-09-29T21:48:46.209+0200] {logging_mixin.py:151} INFO - [2023-09-29T21:48:46.209+0200] {dag.py:3696} INFO - Setting next_dagrun for example_subdag_operator.section-2 to None, run_after=None
[2023-09-29T21:48:46.216+0200] {processor.py:179} INFO - Processing /home/radtrz/.local/lib/python3.10/site-packages/airflow/example_dags/example_subdag_operator.py took 0.044 seconds
[2023-09-29T21:49:27.458+0200] {processor.py:157} INFO - Started process (PID=19183) to work on /home/radtrz/.local/lib/python3.10/site-packages/airflow/example_dags/example_subdag_operator.py
[2023-09-29T21:49:27.467+0200] {processor.py:829} INFO - Processing file /home/radtrz/.local/lib/python3.10/site-packages/airflow/example_dags/example_subdag_operator.py for tasks to queue
[2023-09-29T21:49:27.467+0200] {logging_mixin.py:151} INFO - [2023-09-29T21:49:27.467+0200] {dagbag.py:539} INFO - Filling up the DagBag from /home/radtrz/.local/lib/python3.10/site-packages/airflow/example_dags/example_subdag_operator.py
[2023-09-29T21:49:27.478+0200] {processor.py:839} INFO - DAG(s) dict_keys(['example_subdag_operator.section-1', 'example_subdag_operator.section-2', 'example_subdag_operator']) retrieved from /home/radtrz/.local/lib/python3.10/site-packages/airflow/example_dags/example_subdag_operator.py
[2023-09-29T21:49:27.487+0200] {logging_mixin.py:151} INFO - [2023-09-29T21:49:27.487+0200] {dag.py:2915} INFO - Sync 3 DAGs
[2023-09-29T21:49:27.496+0200] {logging_mixin.py:151} INFO - [2023-09-29T21:49:27.496+0200] {dag.py:3696} INFO - Setting next_dagrun for example_subdag_operator to 2022-01-01T00:00:00+00:00, run_after=2022-01-01T00:00:00+00:00
[2023-09-29T21:49:27.498+0200] {logging_mixin.py:151} INFO - [2023-09-29T21:49:27.498+0200] {dag.py:3696} INFO - Setting next_dagrun for example_subdag_operator.section-1 to None, run_after=None
[2023-09-29T21:49:27.498+0200] {logging_mixin.py:151} INFO - [2023-09-29T21:49:27.498+0200] {dag.py:3696} INFO - Setting next_dagrun for example_subdag_operator.section-2 to None, run_after=None
[2023-09-29T21:49:27.501+0200] {logging_mixin.py:151} INFO - [2023-09-29T21:49:27.501+0200] {dag.py:2915} INFO - Sync 2 DAGs
[2023-09-29T21:49:27.503+0200] {logging_mixin.py:151} INFO - [2023-09-29T21:49:27.503+0200] {dag.py:3696} INFO - Setting next_dagrun for example_subdag_operator.section-1 to None, run_after=None
[2023-09-29T21:49:27.503+0200] {logging_mixin.py:151} INFO - [2023-09-29T21:49:27.503+0200] {dag.py:3696} INFO - Setting next_dagrun for example_subdag_operator.section-2 to None, run_after=None
[2023-09-29T21:49:27.523+0200] {processor.py:179} INFO - Processing /home/radtrz/.local/lib/python3.10/site-packages/airflow/example_dags/example_subdag_operator.py took 0.066 seconds
[2023-09-29T21:50:08.379+0200] {processor.py:157} INFO - Started process (PID=19237) to work on /home/radtrz/.local/lib/python3.10/site-packages/airflow/example_dags/example_subdag_operator.py
[2023-09-29T21:50:08.388+0200] {processor.py:829} INFO - Processing file /home/radtrz/.local/lib/python3.10/site-packages/airflow/example_dags/example_subdag_operator.py for tasks to queue
[2023-09-29T21:50:08.388+0200] {logging_mixin.py:151} INFO - [2023-09-29T21:50:08.388+0200] {dagbag.py:539} INFO - Filling up the DagBag from /home/radtrz/.local/lib/python3.10/site-packages/airflow/example_dags/example_subdag_operator.py
[2023-09-29T21:50:08.398+0200] {processor.py:839} INFO - DAG(s) dict_keys(['example_subdag_operator.section-1', 'example_subdag_operator.section-2', 'example_subdag_operator']) retrieved from /home/radtrz/.local/lib/python3.10/site-packages/airflow/example_dags/example_subdag_operator.py
[2023-09-29T21:50:08.411+0200] {logging_mixin.py:151} INFO - [2023-09-29T21:50:08.410+0200] {dag.py:2915} INFO - Sync 3 DAGs
[2023-09-29T21:50:08.420+0200] {logging_mixin.py:151} INFO - [2023-09-29T21:50:08.420+0200] {dag.py:3696} INFO - Setting next_dagrun for example_subdag_operator to 2022-01-01T00:00:00+00:00, run_after=2022-01-01T00:00:00+00:00
[2023-09-29T21:50:08.421+0200] {logging_mixin.py:151} INFO - [2023-09-29T21:50:08.421+0200] {dag.py:3696} INFO - Setting next_dagrun for example_subdag_operator.section-1 to None, run_after=None
[2023-09-29T21:50:08.422+0200] {logging_mixin.py:151} INFO - [2023-09-29T21:50:08.422+0200] {dag.py:3696} INFO - Setting next_dagrun for example_subdag_operator.section-2 to None, run_after=None
[2023-09-29T21:50:08.424+0200] {logging_mixin.py:151} INFO - [2023-09-29T21:50:08.424+0200] {dag.py:2915} INFO - Sync 2 DAGs
[2023-09-29T21:50:08.426+0200] {logging_mixin.py:151} INFO - [2023-09-29T21:50:08.426+0200] {dag.py:3696} INFO - Setting next_dagrun for example_subdag_operator.section-1 to None, run_after=None
[2023-09-29T21:50:08.427+0200] {logging_mixin.py:151} INFO - [2023-09-29T21:50:08.427+0200] {dag.py:3696} INFO - Setting next_dagrun for example_subdag_operator.section-2 to None, run_after=None
[2023-09-29T21:50:08.434+0200] {processor.py:179} INFO - Processing /home/radtrz/.local/lib/python3.10/site-packages/airflow/example_dags/example_subdag_operator.py took 0.056 seconds
[2023-09-29T21:50:52.360+0200] {processor.py:157} INFO - Started process (PID=19293) to work on /home/radtrz/.local/lib/python3.10/site-packages/airflow/example_dags/example_subdag_operator.py
[2023-09-29T21:50:52.361+0200] {processor.py:829} INFO - Processing file /home/radtrz/.local/lib/python3.10/site-packages/airflow/example_dags/example_subdag_operator.py for tasks to queue
[2023-09-29T21:50:52.361+0200] {logging_mixin.py:151} INFO - [2023-09-29T21:50:52.361+0200] {dagbag.py:539} INFO - Filling up the DagBag from /home/radtrz/.local/lib/python3.10/site-packages/airflow/example_dags/example_subdag_operator.py
[2023-09-29T21:50:52.372+0200] {processor.py:839} INFO - DAG(s) dict_keys(['example_subdag_operator.section-1', 'example_subdag_operator.section-2', 'example_subdag_operator']) retrieved from /home/radtrz/.local/lib/python3.10/site-packages/airflow/example_dags/example_subdag_operator.py
[2023-09-29T21:50:52.382+0200] {logging_mixin.py:151} INFO - [2023-09-29T21:50:52.382+0200] {dag.py:2915} INFO - Sync 3 DAGs
[2023-09-29T21:50:52.392+0200] {logging_mixin.py:151} INFO - [2023-09-29T21:50:52.392+0200] {dag.py:3696} INFO - Setting next_dagrun for example_subdag_operator to 2022-01-01T00:00:00+00:00, run_after=2022-01-01T00:00:00+00:00
[2023-09-29T21:50:52.394+0200] {logging_mixin.py:151} INFO - [2023-09-29T21:50:52.394+0200] {dag.py:3696} INFO - Setting next_dagrun for example_subdag_operator.section-1 to None, run_after=None
[2023-09-29T21:50:52.394+0200] {logging_mixin.py:151} INFO - [2023-09-29T21:50:52.394+0200] {dag.py:3696} INFO - Setting next_dagrun for example_subdag_operator.section-2 to None, run_after=None
[2023-09-29T21:50:52.397+0200] {logging_mixin.py:151} INFO - [2023-09-29T21:50:52.397+0200] {dag.py:2915} INFO - Sync 2 DAGs
[2023-09-29T21:50:52.399+0200] {logging_mixin.py:151} INFO - [2023-09-29T21:50:52.399+0200] {dag.py:3696} INFO - Setting next_dagrun for example_subdag_operator.section-1 to None, run_after=None
[2023-09-29T21:50:52.399+0200] {logging_mixin.py:151} INFO - [2023-09-29T21:50:52.399+0200] {dag.py:3696} INFO - Setting next_dagrun for example_subdag_operator.section-2 to None, run_after=None
[2023-09-29T21:50:52.407+0200] {processor.py:179} INFO - Processing /home/radtrz/.local/lib/python3.10/site-packages/airflow/example_dags/example_subdag_operator.py took 0.049 seconds
[2023-09-29T21:51:34.626+0200] {processor.py:157} INFO - Started process (PID=19345) to work on /home/radtrz/.local/lib/python3.10/site-packages/airflow/example_dags/example_subdag_operator.py
[2023-09-29T21:51:34.634+0200] {processor.py:829} INFO - Processing file /home/radtrz/.local/lib/python3.10/site-packages/airflow/example_dags/example_subdag_operator.py for tasks to queue
[2023-09-29T21:51:34.634+0200] {logging_mixin.py:151} INFO - [2023-09-29T21:51:34.634+0200] {dagbag.py:539} INFO - Filling up the DagBag from /home/radtrz/.local/lib/python3.10/site-packages/airflow/example_dags/example_subdag_operator.py
[2023-09-29T21:51:34.645+0200] {processor.py:839} INFO - DAG(s) dict_keys(['example_subdag_operator.section-1', 'example_subdag_operator.section-2', 'example_subdag_operator']) retrieved from /home/radtrz/.local/lib/python3.10/site-packages/airflow/example_dags/example_subdag_operator.py
[2023-09-29T21:51:34.653+0200] {logging_mixin.py:151} INFO - [2023-09-29T21:51:34.653+0200] {dag.py:2915} INFO - Sync 3 DAGs
[2023-09-29T21:51:34.663+0200] {logging_mixin.py:151} INFO - [2023-09-29T21:51:34.663+0200] {dag.py:3696} INFO - Setting next_dagrun for example_subdag_operator to 2022-01-01T00:00:00+00:00, run_after=2022-01-01T00:00:00+00:00
[2023-09-29T21:51:34.664+0200] {logging_mixin.py:151} INFO - [2023-09-29T21:51:34.664+0200] {dag.py:3696} INFO - Setting next_dagrun for example_subdag_operator.section-1 to None, run_after=None
[2023-09-29T21:51:34.665+0200] {logging_mixin.py:151} INFO - [2023-09-29T21:51:34.665+0200] {dag.py:3696} INFO - Setting next_dagrun for example_subdag_operator.section-2 to None, run_after=None
[2023-09-29T21:51:34.667+0200] {logging_mixin.py:151} INFO - [2023-09-29T21:51:34.667+0200] {dag.py:2915} INFO - Sync 2 DAGs
[2023-09-29T21:51:34.669+0200] {logging_mixin.py:151} INFO - [2023-09-29T21:51:34.669+0200] {dag.py:3696} INFO - Setting next_dagrun for example_subdag_operator.section-1 to None, run_after=None
[2023-09-29T21:51:34.670+0200] {logging_mixin.py:151} INFO - [2023-09-29T21:51:34.669+0200] {dag.py:3696} INFO - Setting next_dagrun for example_subdag_operator.section-2 to None, run_after=None
[2023-09-29T21:51:34.683+0200] {processor.py:179} INFO - Processing /home/radtrz/.local/lib/python3.10/site-packages/airflow/example_dags/example_subdag_operator.py took 0.060 seconds
[2023-09-29T21:52:16.915+0200] {processor.py:157} INFO - Started process (PID=19408) to work on /home/radtrz/.local/lib/python3.10/site-packages/airflow/example_dags/example_subdag_operator.py
[2023-09-29T21:52:16.923+0200] {processor.py:829} INFO - Processing file /home/radtrz/.local/lib/python3.10/site-packages/airflow/example_dags/example_subdag_operator.py for tasks to queue
[2023-09-29T21:52:16.924+0200] {logging_mixin.py:151} INFO - [2023-09-29T21:52:16.923+0200] {dagbag.py:539} INFO - Filling up the DagBag from /home/radtrz/.local/lib/python3.10/site-packages/airflow/example_dags/example_subdag_operator.py
[2023-09-29T21:52:16.934+0200] {processor.py:839} INFO - DAG(s) dict_keys(['example_subdag_operator.section-1', 'example_subdag_operator.section-2', 'example_subdag_operator']) retrieved from /home/radtrz/.local/lib/python3.10/site-packages/airflow/example_dags/example_subdag_operator.py
[2023-09-29T21:52:16.942+0200] {logging_mixin.py:151} INFO - [2023-09-29T21:52:16.942+0200] {dag.py:2915} INFO - Sync 3 DAGs
[2023-09-29T21:52:16.951+0200] {logging_mixin.py:151} INFO - [2023-09-29T21:52:16.951+0200] {dag.py:3696} INFO - Setting next_dagrun for example_subdag_operator to 2022-01-01T00:00:00+00:00, run_after=2022-01-01T00:00:00+00:00
[2023-09-29T21:52:16.953+0200] {logging_mixin.py:151} INFO - [2023-09-29T21:52:16.953+0200] {dag.py:3696} INFO - Setting next_dagrun for example_subdag_operator.section-1 to None, run_after=None
[2023-09-29T21:52:16.953+0200] {logging_mixin.py:151} INFO - [2023-09-29T21:52:16.953+0200] {dag.py:3696} INFO - Setting next_dagrun for example_subdag_operator.section-2 to None, run_after=None
[2023-09-29T21:52:16.956+0200] {logging_mixin.py:151} INFO - [2023-09-29T21:52:16.956+0200] {dag.py:2915} INFO - Sync 2 DAGs
[2023-09-29T21:52:16.958+0200] {logging_mixin.py:151} INFO - [2023-09-29T21:52:16.958+0200] {dag.py:3696} INFO - Setting next_dagrun for example_subdag_operator.section-1 to None, run_after=None
[2023-09-29T21:52:16.958+0200] {logging_mixin.py:151} INFO - [2023-09-29T21:52:16.958+0200] {dag.py:3696} INFO - Setting next_dagrun for example_subdag_operator.section-2 to None, run_after=None
[2023-09-29T21:52:16.965+0200] {processor.py:179} INFO - Processing /home/radtrz/.local/lib/python3.10/site-packages/airflow/example_dags/example_subdag_operator.py took 0.052 seconds
[2023-09-29T21:53:00.862+0200] {processor.py:157} INFO - Started process (PID=19459) to work on /home/radtrz/.local/lib/python3.10/site-packages/airflow/example_dags/example_subdag_operator.py
[2023-09-29T21:53:00.862+0200] {processor.py:829} INFO - Processing file /home/radtrz/.local/lib/python3.10/site-packages/airflow/example_dags/example_subdag_operator.py for tasks to queue
[2023-09-29T21:53:00.862+0200] {logging_mixin.py:151} INFO - [2023-09-29T21:53:00.862+0200] {dagbag.py:539} INFO - Filling up the DagBag from /home/radtrz/.local/lib/python3.10/site-packages/airflow/example_dags/example_subdag_operator.py
[2023-09-29T21:53:00.873+0200] {processor.py:839} INFO - DAG(s) dict_keys(['example_subdag_operator.section-1', 'example_subdag_operator.section-2', 'example_subdag_operator']) retrieved from /home/radtrz/.local/lib/python3.10/site-packages/airflow/example_dags/example_subdag_operator.py
[2023-09-29T21:53:00.881+0200] {logging_mixin.py:151} INFO - [2023-09-29T21:53:00.881+0200] {dag.py:2915} INFO - Sync 3 DAGs
[2023-09-29T21:53:00.890+0200] {logging_mixin.py:151} INFO - [2023-09-29T21:53:00.890+0200] {dag.py:3696} INFO - Setting next_dagrun for example_subdag_operator to 2022-01-01T00:00:00+00:00, run_after=2022-01-01T00:00:00+00:00
[2023-09-29T21:53:00.892+0200] {logging_mixin.py:151} INFO - [2023-09-29T21:53:00.892+0200] {dag.py:3696} INFO - Setting next_dagrun for example_subdag_operator.section-1 to None, run_after=None
[2023-09-29T21:53:00.892+0200] {logging_mixin.py:151} INFO - [2023-09-29T21:53:00.892+0200] {dag.py:3696} INFO - Setting next_dagrun for example_subdag_operator.section-2 to None, run_after=None
[2023-09-29T21:53:00.895+0200] {logging_mixin.py:151} INFO - [2023-09-29T21:53:00.895+0200] {dag.py:2915} INFO - Sync 2 DAGs
[2023-09-29T21:53:00.897+0200] {logging_mixin.py:151} INFO - [2023-09-29T21:53:00.897+0200] {dag.py:3696} INFO - Setting next_dagrun for example_subdag_operator.section-1 to None, run_after=None
[2023-09-29T21:53:00.897+0200] {logging_mixin.py:151} INFO - [2023-09-29T21:53:00.897+0200] {dag.py:3696} INFO - Setting next_dagrun for example_subdag_operator.section-2 to None, run_after=None
[2023-09-29T21:53:00.904+0200] {processor.py:179} INFO - Processing /home/radtrz/.local/lib/python3.10/site-packages/airflow/example_dags/example_subdag_operator.py took 0.044 seconds
[2023-09-29T21:53:41.086+0200] {processor.py:157} INFO - Started process (PID=19516) to work on /home/radtrz/.local/lib/python3.10/site-packages/airflow/example_dags/example_subdag_operator.py
[2023-09-29T21:53:41.094+0200] {processor.py:829} INFO - Processing file /home/radtrz/.local/lib/python3.10/site-packages/airflow/example_dags/example_subdag_operator.py for tasks to queue
[2023-09-29T21:53:41.095+0200] {logging_mixin.py:151} INFO - [2023-09-29T21:53:41.095+0200] {dagbag.py:539} INFO - Filling up the DagBag from /home/radtrz/.local/lib/python3.10/site-packages/airflow/example_dags/example_subdag_operator.py
[2023-09-29T21:53:41.106+0200] {processor.py:839} INFO - DAG(s) dict_keys(['example_subdag_operator.section-1', 'example_subdag_operator.section-2', 'example_subdag_operator']) retrieved from /home/radtrz/.local/lib/python3.10/site-packages/airflow/example_dags/example_subdag_operator.py
[2023-09-29T21:53:41.114+0200] {logging_mixin.py:151} INFO - [2023-09-29T21:53:41.114+0200] {dag.py:2915} INFO - Sync 3 DAGs
[2023-09-29T21:53:41.123+0200] {logging_mixin.py:151} INFO - [2023-09-29T21:53:41.123+0200] {dag.py:3696} INFO - Setting next_dagrun for example_subdag_operator to 2022-01-01T00:00:00+00:00, run_after=2022-01-01T00:00:00+00:00
[2023-09-29T21:53:41.124+0200] {logging_mixin.py:151} INFO - [2023-09-29T21:53:41.124+0200] {dag.py:3696} INFO - Setting next_dagrun for example_subdag_operator.section-1 to None, run_after=None
[2023-09-29T21:53:41.125+0200] {logging_mixin.py:151} INFO - [2023-09-29T21:53:41.125+0200] {dag.py:3696} INFO - Setting next_dagrun for example_subdag_operator.section-2 to None, run_after=None
[2023-09-29T21:53:41.128+0200] {logging_mixin.py:151} INFO - [2023-09-29T21:53:41.127+0200] {dag.py:2915} INFO - Sync 2 DAGs
[2023-09-29T21:53:41.129+0200] {logging_mixin.py:151} INFO - [2023-09-29T21:53:41.129+0200] {dag.py:3696} INFO - Setting next_dagrun for example_subdag_operator.section-1 to None, run_after=None
[2023-09-29T21:53:41.130+0200] {logging_mixin.py:151} INFO - [2023-09-29T21:53:41.130+0200] {dag.py:3696} INFO - Setting next_dagrun for example_subdag_operator.section-2 to None, run_after=None
[2023-09-29T21:53:41.141+0200] {processor.py:179} INFO - Processing /home/radtrz/.local/lib/python3.10/site-packages/airflow/example_dags/example_subdag_operator.py took 0.057 seconds
[2023-09-29T21:54:41.525+0200] {processor.py:157} INFO - Started process (PID=19604) to work on /home/radtrz/.local/lib/python3.10/site-packages/airflow/example_dags/example_subdag_operator.py
[2023-09-29T21:54:41.533+0200] {processor.py:829} INFO - Processing file /home/radtrz/.local/lib/python3.10/site-packages/airflow/example_dags/example_subdag_operator.py for tasks to queue
[2023-09-29T21:54:41.534+0200] {logging_mixin.py:151} INFO - [2023-09-29T21:54:41.534+0200] {dagbag.py:539} INFO - Filling up the DagBag from /home/radtrz/.local/lib/python3.10/site-packages/airflow/example_dags/example_subdag_operator.py
[2023-09-29T21:54:41.544+0200] {processor.py:839} INFO - DAG(s) dict_keys(['example_subdag_operator.section-1', 'example_subdag_operator.section-2', 'example_subdag_operator']) retrieved from /home/radtrz/.local/lib/python3.10/site-packages/airflow/example_dags/example_subdag_operator.py
[2023-09-29T21:54:41.552+0200] {logging_mixin.py:151} INFO - [2023-09-29T21:54:41.552+0200] {dag.py:2915} INFO - Sync 3 DAGs
[2023-09-29T21:54:41.561+0200] {logging_mixin.py:151} INFO - [2023-09-29T21:54:41.561+0200] {dag.py:3696} INFO - Setting next_dagrun for example_subdag_operator to 2022-01-01T00:00:00+00:00, run_after=2022-01-01T00:00:00+00:00
[2023-09-29T21:54:41.562+0200] {logging_mixin.py:151} INFO - [2023-09-29T21:54:41.562+0200] {dag.py:3696} INFO - Setting next_dagrun for example_subdag_operator.section-1 to None, run_after=None
[2023-09-29T21:54:41.563+0200] {logging_mixin.py:151} INFO - [2023-09-29T21:54:41.563+0200] {dag.py:3696} INFO - Setting next_dagrun for example_subdag_operator.section-2 to None, run_after=None
[2023-09-29T21:54:41.565+0200] {logging_mixin.py:151} INFO - [2023-09-29T21:54:41.565+0200] {dag.py:2915} INFO - Sync 2 DAGs
[2023-09-29T21:54:41.567+0200] {logging_mixin.py:151} INFO - [2023-09-29T21:54:41.567+0200] {dag.py:3696} INFO - Setting next_dagrun for example_subdag_operator.section-1 to None, run_after=None
[2023-09-29T21:54:41.567+0200] {logging_mixin.py:151} INFO - [2023-09-29T21:54:41.567+0200] {dag.py:3696} INFO - Setting next_dagrun for example_subdag_operator.section-2 to None, run_after=None
[2023-09-29T21:54:41.588+0200] {processor.py:179} INFO - Processing /home/radtrz/.local/lib/python3.10/site-packages/airflow/example_dags/example_subdag_operator.py took 0.065 seconds
[2023-09-29T21:55:23.244+0200] {processor.py:157} INFO - Started process (PID=19759) to work on /home/radtrz/.local/lib/python3.10/site-packages/airflow/example_dags/example_subdag_operator.py
[2023-09-29T21:55:23.252+0200] {processor.py:829} INFO - Processing file /home/radtrz/.local/lib/python3.10/site-packages/airflow/example_dags/example_subdag_operator.py for tasks to queue
[2023-09-29T21:55:23.253+0200] {logging_mixin.py:151} INFO - [2023-09-29T21:55:23.252+0200] {dagbag.py:539} INFO - Filling up the DagBag from /home/radtrz/.local/lib/python3.10/site-packages/airflow/example_dags/example_subdag_operator.py
[2023-09-29T21:55:23.263+0200] {processor.py:839} INFO - DAG(s) dict_keys(['example_subdag_operator.section-1', 'example_subdag_operator.section-2', 'example_subdag_operator']) retrieved from /home/radtrz/.local/lib/python3.10/site-packages/airflow/example_dags/example_subdag_operator.py
[2023-09-29T21:55:23.272+0200] {logging_mixin.py:151} INFO - [2023-09-29T21:55:23.271+0200] {dag.py:2915} INFO - Sync 3 DAGs
[2023-09-29T21:55:23.281+0200] {logging_mixin.py:151} INFO - [2023-09-29T21:55:23.281+0200] {dag.py:3696} INFO - Setting next_dagrun for example_subdag_operator to 2022-01-01T00:00:00+00:00, run_after=2022-01-01T00:00:00+00:00
[2023-09-29T21:55:23.283+0200] {logging_mixin.py:151} INFO - [2023-09-29T21:55:23.282+0200] {dag.py:3696} INFO - Setting next_dagrun for example_subdag_operator.section-1 to None, run_after=None
[2023-09-29T21:55:23.283+0200] {logging_mixin.py:151} INFO - [2023-09-29T21:55:23.283+0200] {dag.py:3696} INFO - Setting next_dagrun for example_subdag_operator.section-2 to None, run_after=None
[2023-09-29T21:55:23.286+0200] {logging_mixin.py:151} INFO - [2023-09-29T21:55:23.286+0200] {dag.py:2915} INFO - Sync 2 DAGs
[2023-09-29T21:55:23.288+0200] {logging_mixin.py:151} INFO - [2023-09-29T21:55:23.288+0200] {dag.py:3696} INFO - Setting next_dagrun for example_subdag_operator.section-1 to None, run_after=None
[2023-09-29T21:55:23.288+0200] {logging_mixin.py:151} INFO - [2023-09-29T21:55:23.288+0200] {dag.py:3696} INFO - Setting next_dagrun for example_subdag_operator.section-2 to None, run_after=None
[2023-09-29T21:55:23.296+0200] {processor.py:179} INFO - Processing /home/radtrz/.local/lib/python3.10/site-packages/airflow/example_dags/example_subdag_operator.py took 0.053 seconds
