[2023-09-29T21:46:37.089+0200] {processor.py:157} INFO - Started process (PID=18685) to work on /home/radtrz/.local/lib/python3.10/site-packages/airflow/example_dags/example_xcomargs.py
[2023-09-29T21:46:37.090+0200] {processor.py:829} INFO - Processing file /home/radtrz/.local/lib/python3.10/site-packages/airflow/example_dags/example_xcomargs.py for tasks to queue
[2023-09-29T21:46:37.090+0200] {logging_mixin.py:151} INFO - [2023-09-29T21:46:37.090+0200] {dagbag.py:539} INFO - Filling up the DagBag from /home/radtrz/.local/lib/python3.10/site-packages/airflow/example_dags/example_xcomargs.py
[2023-09-29T21:46:37.094+0200] {processor.py:839} INFO - DAG(s) dict_keys(['example_xcom_args_with_operators', 'example_xcom_args']) retrieved from /home/radtrz/.local/lib/python3.10/site-packages/airflow/example_dags/example_xcomargs.py
[2023-09-29T21:46:37.158+0200] {logging_mixin.py:151} INFO - [2023-09-29T21:46:37.158+0200] {manager.py:499} INFO - Created Permission View: %s
[2023-09-29T21:46:37.164+0200] {logging_mixin.py:151} INFO - [2023-09-29T21:46:37.164+0200] {manager.py:499} INFO - Created Permission View: %s
[2023-09-29T21:46:37.168+0200] {logging_mixin.py:151} INFO - [2023-09-29T21:46:37.168+0200] {manager.py:499} INFO - Created Permission View: %s
[2023-09-29T21:46:37.168+0200] {logging_mixin.py:151} INFO - [2023-09-29T21:46:37.168+0200] {security.py:708} INFO - Not syncing DAG-level permissions for DAG 'DAG:example_xcom_args_with_operators' as access control is unset.
[2023-09-29T21:46:37.177+0200] {logging_mixin.py:151} INFO - [2023-09-29T21:46:37.177+0200] {manager.py:499} INFO - Created Permission View: %s
[2023-09-29T21:46:37.182+0200] {logging_mixin.py:151} INFO - [2023-09-29T21:46:37.181+0200] {manager.py:499} INFO - Created Permission View: %s
[2023-09-29T21:46:37.186+0200] {logging_mixin.py:151} INFO - [2023-09-29T21:46:37.186+0200] {manager.py:499} INFO - Created Permission View: %s
[2023-09-29T21:46:37.186+0200] {logging_mixin.py:151} INFO - [2023-09-29T21:46:37.186+0200] {security.py:708} INFO - Not syncing DAG-level permissions for DAG 'DAG:example_xcom_args' as access control is unset.
[2023-09-29T21:46:37.186+0200] {logging_mixin.py:151} INFO - [2023-09-29T21:46:37.186+0200] {dag.py:2915} INFO - Sync 2 DAGs
[2023-09-29T21:46:37.191+0200] {logging_mixin.py:151} INFO - [2023-09-29T21:46:37.191+0200] {dag.py:2937} INFO - Creating ORM DAG for example_xcom_args_with_operators
[2023-09-29T21:46:37.191+0200] {logging_mixin.py:151} INFO - [2023-09-29T21:46:37.191+0200] {dag.py:2937} INFO - Creating ORM DAG for example_xcom_args
[2023-09-29T21:46:37.192+0200] {logging_mixin.py:151} INFO - [2023-09-29T21:46:37.191+0200] {dag.py:3696} INFO - Setting next_dagrun for example_xcom_args to None, run_after=None
[2023-09-29T21:46:37.192+0200] {logging_mixin.py:151} INFO - [2023-09-29T21:46:37.192+0200] {dag.py:3696} INFO - Setting next_dagrun for example_xcom_args_with_operators to None, run_after=None
[2023-09-29T21:46:37.202+0200] {processor.py:179} INFO - Processing /home/radtrz/.local/lib/python3.10/site-packages/airflow/example_dags/example_xcomargs.py took 0.114 seconds
[2023-09-29T21:47:23.958+0200] {processor.py:157} INFO - Started process (PID=18738) to work on /home/radtrz/.local/lib/python3.10/site-packages/airflow/example_dags/example_xcomargs.py
[2023-09-29T21:47:23.966+0200] {processor.py:829} INFO - Processing file /home/radtrz/.local/lib/python3.10/site-packages/airflow/example_dags/example_xcomargs.py for tasks to queue
[2023-09-29T21:47:23.966+0200] {logging_mixin.py:151} INFO - [2023-09-29T21:47:23.966+0200] {dagbag.py:539} INFO - Filling up the DagBag from /home/radtrz/.local/lib/python3.10/site-packages/airflow/example_dags/example_xcomargs.py
[2023-09-29T21:47:23.970+0200] {processor.py:839} INFO - DAG(s) dict_keys(['example_xcom_args', 'example_xcom_args_with_operators']) retrieved from /home/radtrz/.local/lib/python3.10/site-packages/airflow/example_dags/example_xcomargs.py
[2023-09-29T21:47:23.980+0200] {logging_mixin.py:151} INFO - [2023-09-29T21:47:23.980+0200] {dag.py:2915} INFO - Sync 2 DAGs
[2023-09-29T21:47:23.986+0200] {logging_mixin.py:151} INFO - [2023-09-29T21:47:23.986+0200] {dag.py:3696} INFO - Setting next_dagrun for example_xcom_args to None, run_after=None
[2023-09-29T21:47:23.987+0200] {logging_mixin.py:151} INFO - [2023-09-29T21:47:23.987+0200] {dag.py:3696} INFO - Setting next_dagrun for example_xcom_args_with_operators to None, run_after=None
[2023-09-29T21:47:23.998+0200] {processor.py:179} INFO - Processing /home/radtrz/.local/lib/python3.10/site-packages/airflow/example_dags/example_xcomargs.py took 0.042 seconds
[2023-09-29T21:48:07.364+0200] {processor.py:157} INFO - Started process (PID=18969) to work on /home/radtrz/.local/lib/python3.10/site-packages/airflow/example_dags/example_xcomargs.py
[2023-09-29T21:48:07.373+0200] {processor.py:829} INFO - Processing file /home/radtrz/.local/lib/python3.10/site-packages/airflow/example_dags/example_xcomargs.py for tasks to queue
[2023-09-29T21:48:07.374+0200] {logging_mixin.py:151} INFO - [2023-09-29T21:48:07.373+0200] {dagbag.py:539} INFO - Filling up the DagBag from /home/radtrz/.local/lib/python3.10/site-packages/airflow/example_dags/example_xcomargs.py
[2023-09-29T21:48:07.378+0200] {processor.py:839} INFO - DAG(s) dict_keys(['example_xcom_args', 'example_xcom_args_with_operators']) retrieved from /home/radtrz/.local/lib/python3.10/site-packages/airflow/example_dags/example_xcomargs.py
[2023-09-29T21:48:07.389+0200] {logging_mixin.py:151} INFO - [2023-09-29T21:48:07.388+0200] {dag.py:2915} INFO - Sync 2 DAGs
[2023-09-29T21:48:07.394+0200] {logging_mixin.py:151} INFO - [2023-09-29T21:48:07.394+0200] {dag.py:3696} INFO - Setting next_dagrun for example_xcom_args to None, run_after=None
[2023-09-29T21:48:07.396+0200] {logging_mixin.py:151} INFO - [2023-09-29T21:48:07.396+0200] {dag.py:3696} INFO - Setting next_dagrun for example_xcom_args_with_operators to None, run_after=None
[2023-09-29T21:48:07.406+0200] {processor.py:179} INFO - Processing /home/radtrz/.local/lib/python3.10/site-packages/airflow/example_dags/example_xcomargs.py took 0.044 seconds
[2023-09-29T21:48:50.862+0200] {processor.py:157} INFO - Started process (PID=19113) to work on /home/radtrz/.local/lib/python3.10/site-packages/airflow/example_dags/example_xcomargs.py
[2023-09-29T21:48:50.871+0200] {processor.py:829} INFO - Processing file /home/radtrz/.local/lib/python3.10/site-packages/airflow/example_dags/example_xcomargs.py for tasks to queue
[2023-09-29T21:48:50.871+0200] {logging_mixin.py:151} INFO - [2023-09-29T21:48:50.871+0200] {dagbag.py:539} INFO - Filling up the DagBag from /home/radtrz/.local/lib/python3.10/site-packages/airflow/example_dags/example_xcomargs.py
[2023-09-29T21:48:50.875+0200] {processor.py:839} INFO - DAG(s) dict_keys(['example_xcom_args', 'example_xcom_args_with_operators']) retrieved from /home/radtrz/.local/lib/python3.10/site-packages/airflow/example_dags/example_xcomargs.py
[2023-09-29T21:48:50.884+0200] {logging_mixin.py:151} INFO - [2023-09-29T21:48:50.884+0200] {dag.py:2915} INFO - Sync 2 DAGs
[2023-09-29T21:48:50.890+0200] {logging_mixin.py:151} INFO - [2023-09-29T21:48:50.890+0200] {dag.py:3696} INFO - Setting next_dagrun for example_xcom_args to None, run_after=None
[2023-09-29T21:48:50.891+0200] {logging_mixin.py:151} INFO - [2023-09-29T21:48:50.891+0200] {dag.py:3696} INFO - Setting next_dagrun for example_xcom_args_with_operators to None, run_after=None
[2023-09-29T21:48:50.916+0200] {processor.py:179} INFO - Processing /home/radtrz/.local/lib/python3.10/site-packages/airflow/example_dags/example_xcomargs.py took 0.056 seconds
[2023-09-29T21:49:32.593+0200] {processor.py:157} INFO - Started process (PID=19194) to work on /home/radtrz/.local/lib/python3.10/site-packages/airflow/example_dags/example_xcomargs.py
[2023-09-29T21:49:32.601+0200] {processor.py:829} INFO - Processing file /home/radtrz/.local/lib/python3.10/site-packages/airflow/example_dags/example_xcomargs.py for tasks to queue
[2023-09-29T21:49:32.602+0200] {logging_mixin.py:151} INFO - [2023-09-29T21:49:32.602+0200] {dagbag.py:539} INFO - Filling up the DagBag from /home/radtrz/.local/lib/python3.10/site-packages/airflow/example_dags/example_xcomargs.py
[2023-09-29T21:49:32.606+0200] {processor.py:839} INFO - DAG(s) dict_keys(['example_xcom_args_with_operators', 'example_xcom_args']) retrieved from /home/radtrz/.local/lib/python3.10/site-packages/airflow/example_dags/example_xcomargs.py
[2023-09-29T21:49:32.615+0200] {logging_mixin.py:151} INFO - [2023-09-29T21:49:32.615+0200] {dag.py:2915} INFO - Sync 2 DAGs
[2023-09-29T21:49:32.621+0200] {logging_mixin.py:151} INFO - [2023-09-29T21:49:32.621+0200] {dag.py:3696} INFO - Setting next_dagrun for example_xcom_args to None, run_after=None
[2023-09-29T21:49:32.622+0200] {logging_mixin.py:151} INFO - [2023-09-29T21:49:32.622+0200] {dag.py:3696} INFO - Setting next_dagrun for example_xcom_args_with_operators to None, run_after=None
[2023-09-29T21:49:32.632+0200] {processor.py:179} INFO - Processing /home/radtrz/.local/lib/python3.10/site-packages/airflow/example_dags/example_xcomargs.py took 0.040 seconds
[2023-09-29T21:50:10.652+0200] {processor.py:157} INFO - Started process (PID=19241) to work on /home/radtrz/.local/lib/python3.10/site-packages/airflow/example_dags/example_xcomargs.py
[2023-09-29T21:50:10.661+0200] {processor.py:829} INFO - Processing file /home/radtrz/.local/lib/python3.10/site-packages/airflow/example_dags/example_xcomargs.py for tasks to queue
[2023-09-29T21:50:10.661+0200] {logging_mixin.py:151} INFO - [2023-09-29T21:50:10.661+0200] {dagbag.py:539} INFO - Filling up the DagBag from /home/radtrz/.local/lib/python3.10/site-packages/airflow/example_dags/example_xcomargs.py
[2023-09-29T21:50:10.665+0200] {processor.py:839} INFO - DAG(s) dict_keys(['example_xcom_args', 'example_xcom_args_with_operators']) retrieved from /home/radtrz/.local/lib/python3.10/site-packages/airflow/example_dags/example_xcomargs.py
[2023-09-29T21:50:10.678+0200] {logging_mixin.py:151} INFO - [2023-09-29T21:50:10.677+0200] {dag.py:2915} INFO - Sync 2 DAGs
[2023-09-29T21:50:10.683+0200] {logging_mixin.py:151} INFO - [2023-09-29T21:50:10.683+0200] {dag.py:3696} INFO - Setting next_dagrun for example_xcom_args to None, run_after=None
[2023-09-29T21:50:10.684+0200] {logging_mixin.py:151} INFO - [2023-09-29T21:50:10.684+0200] {dag.py:3696} INFO - Setting next_dagrun for example_xcom_args_with_operators to None, run_after=None
[2023-09-29T21:50:10.695+0200] {processor.py:179} INFO - Processing /home/radtrz/.local/lib/python3.10/site-packages/airflow/example_dags/example_xcomargs.py took 0.045 seconds
[2023-09-29T21:50:54.634+0200] {processor.py:157} INFO - Started process (PID=19295) to work on /home/radtrz/.local/lib/python3.10/site-packages/airflow/example_dags/example_xcomargs.py
[2023-09-29T21:50:54.642+0200] {processor.py:829} INFO - Processing file /home/radtrz/.local/lib/python3.10/site-packages/airflow/example_dags/example_xcomargs.py for tasks to queue
[2023-09-29T21:50:54.643+0200] {logging_mixin.py:151} INFO - [2023-09-29T21:50:54.643+0200] {dagbag.py:539} INFO - Filling up the DagBag from /home/radtrz/.local/lib/python3.10/site-packages/airflow/example_dags/example_xcomargs.py
[2023-09-29T21:50:54.647+0200] {processor.py:839} INFO - DAG(s) dict_keys(['example_xcom_args_with_operators', 'example_xcom_args']) retrieved from /home/radtrz/.local/lib/python3.10/site-packages/airflow/example_dags/example_xcomargs.py
[2023-09-29T21:50:54.657+0200] {logging_mixin.py:151} INFO - [2023-09-29T21:50:54.657+0200] {dag.py:2915} INFO - Sync 2 DAGs
[2023-09-29T21:50:54.663+0200] {logging_mixin.py:151} INFO - [2023-09-29T21:50:54.663+0200] {dag.py:3696} INFO - Setting next_dagrun for example_xcom_args to None, run_after=None
[2023-09-29T21:50:54.665+0200] {logging_mixin.py:151} INFO - [2023-09-29T21:50:54.665+0200] {dag.py:3696} INFO - Setting next_dagrun for example_xcom_args_with_operators to None, run_after=None
[2023-09-29T21:50:54.685+0200] {processor.py:179} INFO - Processing /home/radtrz/.local/lib/python3.10/site-packages/airflow/example_dags/example_xcomargs.py took 0.053 seconds
[2023-09-29T21:51:37.184+0200] {processor.py:157} INFO - Started process (PID=19348) to work on /home/radtrz/.local/lib/python3.10/site-packages/airflow/example_dags/example_xcomargs.py
[2023-09-29T21:51:37.192+0200] {processor.py:829} INFO - Processing file /home/radtrz/.local/lib/python3.10/site-packages/airflow/example_dags/example_xcomargs.py for tasks to queue
[2023-09-29T21:51:37.193+0200] {logging_mixin.py:151} INFO - [2023-09-29T21:51:37.193+0200] {dagbag.py:539} INFO - Filling up the DagBag from /home/radtrz/.local/lib/python3.10/site-packages/airflow/example_dags/example_xcomargs.py
[2023-09-29T21:51:37.197+0200] {processor.py:839} INFO - DAG(s) dict_keys(['example_xcom_args', 'example_xcom_args_with_operators']) retrieved from /home/radtrz/.local/lib/python3.10/site-packages/airflow/example_dags/example_xcomargs.py
[2023-09-29T21:51:37.207+0200] {logging_mixin.py:151} INFO - [2023-09-29T21:51:37.207+0200] {dag.py:2915} INFO - Sync 2 DAGs
[2023-09-29T21:51:37.213+0200] {logging_mixin.py:151} INFO - [2023-09-29T21:51:37.213+0200] {dag.py:3696} INFO - Setting next_dagrun for example_xcom_args to None, run_after=None
[2023-09-29T21:51:37.214+0200] {logging_mixin.py:151} INFO - [2023-09-29T21:51:37.214+0200] {dag.py:3696} INFO - Setting next_dagrun for example_xcom_args_with_operators to None, run_after=None
[2023-09-29T21:51:37.235+0200] {processor.py:179} INFO - Processing /home/radtrz/.local/lib/python3.10/site-packages/airflow/example_dags/example_xcomargs.py took 0.052 seconds
[2023-09-29T21:52:18.871+0200] {processor.py:157} INFO - Started process (PID=19410) to work on /home/radtrz/.local/lib/python3.10/site-packages/airflow/example_dags/example_xcomargs.py
[2023-09-29T21:52:18.879+0200] {processor.py:829} INFO - Processing file /home/radtrz/.local/lib/python3.10/site-packages/airflow/example_dags/example_xcomargs.py for tasks to queue
[2023-09-29T21:52:18.880+0200] {logging_mixin.py:151} INFO - [2023-09-29T21:52:18.879+0200] {dagbag.py:539} INFO - Filling up the DagBag from /home/radtrz/.local/lib/python3.10/site-packages/airflow/example_dags/example_xcomargs.py
[2023-09-29T21:52:18.883+0200] {processor.py:839} INFO - DAG(s) dict_keys(['example_xcom_args_with_operators', 'example_xcom_args']) retrieved from /home/radtrz/.local/lib/python3.10/site-packages/airflow/example_dags/example_xcomargs.py
[2023-09-29T21:52:18.892+0200] {logging_mixin.py:151} INFO - [2023-09-29T21:52:18.892+0200] {dag.py:2915} INFO - Sync 2 DAGs
[2023-09-29T21:52:18.898+0200] {logging_mixin.py:151} INFO - [2023-09-29T21:52:18.898+0200] {dag.py:3696} INFO - Setting next_dagrun for example_xcom_args to None, run_after=None
[2023-09-29T21:52:18.899+0200] {logging_mixin.py:151} INFO - [2023-09-29T21:52:18.899+0200] {dag.py:3696} INFO - Setting next_dagrun for example_xcom_args_with_operators to None, run_after=None
[2023-09-29T21:52:18.909+0200] {processor.py:179} INFO - Processing /home/radtrz/.local/lib/python3.10/site-packages/airflow/example_dags/example_xcomargs.py took 0.040 seconds
[2023-09-29T21:53:03.140+0200] {processor.py:157} INFO - Started process (PID=19461) to work on /home/radtrz/.local/lib/python3.10/site-packages/airflow/example_dags/example_xcomargs.py
[2023-09-29T21:53:03.149+0200] {processor.py:829} INFO - Processing file /home/radtrz/.local/lib/python3.10/site-packages/airflow/example_dags/example_xcomargs.py for tasks to queue
[2023-09-29T21:53:03.149+0200] {logging_mixin.py:151} INFO - [2023-09-29T21:53:03.149+0200] {dagbag.py:539} INFO - Filling up the DagBag from /home/radtrz/.local/lib/python3.10/site-packages/airflow/example_dags/example_xcomargs.py
[2023-09-29T21:53:03.153+0200] {processor.py:839} INFO - DAG(s) dict_keys(['example_xcom_args_with_operators', 'example_xcom_args']) retrieved from /home/radtrz/.local/lib/python3.10/site-packages/airflow/example_dags/example_xcomargs.py
[2023-09-29T21:53:03.162+0200] {logging_mixin.py:151} INFO - [2023-09-29T21:53:03.162+0200] {dag.py:2915} INFO - Sync 2 DAGs
[2023-09-29T21:53:03.168+0200] {logging_mixin.py:151} INFO - [2023-09-29T21:53:03.167+0200] {dag.py:3696} INFO - Setting next_dagrun for example_xcom_args to None, run_after=None
[2023-09-29T21:53:03.169+0200] {logging_mixin.py:151} INFO - [2023-09-29T21:53:03.169+0200] {dag.py:3696} INFO - Setting next_dagrun for example_xcom_args_with_operators to None, run_after=None
[2023-09-29T21:53:03.178+0200] {processor.py:179} INFO - Processing /home/radtrz/.local/lib/python3.10/site-packages/airflow/example_dags/example_xcomargs.py took 0.040 seconds
[2023-09-29T21:53:42.986+0200] {processor.py:157} INFO - Started process (PID=19518) to work on /home/radtrz/.local/lib/python3.10/site-packages/airflow/example_dags/example_xcomargs.py
[2023-09-29T21:53:42.995+0200] {processor.py:829} INFO - Processing file /home/radtrz/.local/lib/python3.10/site-packages/airflow/example_dags/example_xcomargs.py for tasks to queue
[2023-09-29T21:53:42.995+0200] {logging_mixin.py:151} INFO - [2023-09-29T21:53:42.995+0200] {dagbag.py:539} INFO - Filling up the DagBag from /home/radtrz/.local/lib/python3.10/site-packages/airflow/example_dags/example_xcomargs.py
[2023-09-29T21:53:42.999+0200] {processor.py:839} INFO - DAG(s) dict_keys(['example_xcom_args', 'example_xcom_args_with_operators']) retrieved from /home/radtrz/.local/lib/python3.10/site-packages/airflow/example_dags/example_xcomargs.py
[2023-09-29T21:53:43.010+0200] {logging_mixin.py:151} INFO - [2023-09-29T21:53:43.009+0200] {dag.py:2915} INFO - Sync 2 DAGs
[2023-09-29T21:53:43.015+0200] {logging_mixin.py:151} INFO - [2023-09-29T21:53:43.015+0200] {dag.py:3696} INFO - Setting next_dagrun for example_xcom_args to None, run_after=None
[2023-09-29T21:53:43.017+0200] {logging_mixin.py:151} INFO - [2023-09-29T21:53:43.017+0200] {dag.py:3696} INFO - Setting next_dagrun for example_xcom_args_with_operators to None, run_after=None
[2023-09-29T21:53:43.028+0200] {processor.py:179} INFO - Processing /home/radtrz/.local/lib/python3.10/site-packages/airflow/example_dags/example_xcomargs.py took 0.044 seconds
[2023-09-29T21:54:42.109+0200] {processor.py:157} INFO - Started process (PID=19606) to work on /home/radtrz/.local/lib/python3.10/site-packages/airflow/example_dags/example_xcomargs.py
[2023-09-29T21:54:42.118+0200] {processor.py:829} INFO - Processing file /home/radtrz/.local/lib/python3.10/site-packages/airflow/example_dags/example_xcomargs.py for tasks to queue
[2023-09-29T21:54:42.118+0200] {logging_mixin.py:151} INFO - [2023-09-29T21:54:42.118+0200] {dagbag.py:539} INFO - Filling up the DagBag from /home/radtrz/.local/lib/python3.10/site-packages/airflow/example_dags/example_xcomargs.py
[2023-09-29T21:54:42.122+0200] {processor.py:839} INFO - DAG(s) dict_keys(['example_xcom_args', 'example_xcom_args_with_operators']) retrieved from /home/radtrz/.local/lib/python3.10/site-packages/airflow/example_dags/example_xcomargs.py
[2023-09-29T21:54:42.132+0200] {logging_mixin.py:151} INFO - [2023-09-29T21:54:42.132+0200] {dag.py:2915} INFO - Sync 2 DAGs
[2023-09-29T21:54:42.138+0200] {logging_mixin.py:151} INFO - [2023-09-29T21:54:42.138+0200] {dag.py:3696} INFO - Setting next_dagrun for example_xcom_args to None, run_after=None
[2023-09-29T21:54:42.140+0200] {logging_mixin.py:151} INFO - [2023-09-29T21:54:42.140+0200] {dag.py:3696} INFO - Setting next_dagrun for example_xcom_args_with_operators to None, run_after=None
[2023-09-29T21:54:42.162+0200] {processor.py:179} INFO - Processing /home/radtrz/.local/lib/python3.10/site-packages/airflow/example_dags/example_xcomargs.py took 0.055 seconds
[2023-09-29T21:55:25.524+0200] {processor.py:157} INFO - Started process (PID=19761) to work on /home/radtrz/.local/lib/python3.10/site-packages/airflow/example_dags/example_xcomargs.py
[2023-09-29T21:55:25.532+0200] {processor.py:829} INFO - Processing file /home/radtrz/.local/lib/python3.10/site-packages/airflow/example_dags/example_xcomargs.py for tasks to queue
[2023-09-29T21:55:25.533+0200] {logging_mixin.py:151} INFO - [2023-09-29T21:55:25.533+0200] {dagbag.py:539} INFO - Filling up the DagBag from /home/radtrz/.local/lib/python3.10/site-packages/airflow/example_dags/example_xcomargs.py
[2023-09-29T21:55:25.537+0200] {processor.py:839} INFO - DAG(s) dict_keys(['example_xcom_args_with_operators', 'example_xcom_args']) retrieved from /home/radtrz/.local/lib/python3.10/site-packages/airflow/example_dags/example_xcomargs.py
[2023-09-29T21:55:25.547+0200] {logging_mixin.py:151} INFO - [2023-09-29T21:55:25.546+0200] {dag.py:2915} INFO - Sync 2 DAGs
[2023-09-29T21:55:25.552+0200] {logging_mixin.py:151} INFO - [2023-09-29T21:55:25.552+0200] {dag.py:3696} INFO - Setting next_dagrun for example_xcom_args to None, run_after=None
[2023-09-29T21:55:25.554+0200] {logging_mixin.py:151} INFO - [2023-09-29T21:55:25.553+0200] {dag.py:3696} INFO - Setting next_dagrun for example_xcom_args_with_operators to None, run_after=None
[2023-09-29T21:55:25.569+0200] {processor.py:179} INFO - Processing /home/radtrz/.local/lib/python3.10/site-packages/airflow/example_dags/example_xcomargs.py took 0.047 seconds
