[2023-09-29T21:46:22.134+0200] {processor.py:157} INFO - Started process (PID=18664) to work on /home/radtrz/.local/lib/python3.10/site-packages/airflow/example_dags/example_kubernetes_executor.py
[2023-09-29T21:46:22.134+0200] {processor.py:829} INFO - Processing file /home/radtrz/.local/lib/python3.10/site-packages/airflow/example_dags/example_kubernetes_executor.py for tasks to queue
[2023-09-29T21:46:22.135+0200] {logging_mixin.py:151} INFO - [2023-09-29T21:46:22.135+0200] {dagbag.py:539} INFO - Filling up the DagBag from /home/radtrz/.local/lib/python3.10/site-packages/airflow/example_dags/example_kubernetes_executor.py
[2023-09-29T21:46:22.136+0200] {logging_mixin.py:151} INFO - [2023-09-29T21:46:22.136+0200] {example_kubernetes_executor.py:38} WARNING - The example_kubernetes_executor example DAG requires the kubernetes provider. Please install it with: pip install apache-airflow[cncf.kubernetes]
[2023-09-29T21:46:22.136+0200] {processor.py:841} WARNING - No viable dags retrieved from /home/radtrz/.local/lib/python3.10/site-packages/airflow/example_dags/example_kubernetes_executor.py
[2023-09-29T21:46:22.141+0200] {processor.py:179} INFO - Processing /home/radtrz/.local/lib/python3.10/site-packages/airflow/example_dags/example_kubernetes_executor.py took 0.008 seconds
[2023-09-29T21:47:08.566+0200] {processor.py:157} INFO - Started process (PID=18721) to work on /home/radtrz/.local/lib/python3.10/site-packages/airflow/example_dags/example_kubernetes_executor.py
[2023-09-29T21:47:08.574+0200] {processor.py:829} INFO - Processing file /home/radtrz/.local/lib/python3.10/site-packages/airflow/example_dags/example_kubernetes_executor.py for tasks to queue
[2023-09-29T21:47:08.574+0200] {logging_mixin.py:151} INFO - [2023-09-29T21:47:08.574+0200] {dagbag.py:539} INFO - Filling up the DagBag from /home/radtrz/.local/lib/python3.10/site-packages/airflow/example_dags/example_kubernetes_executor.py
[2023-09-29T21:47:08.576+0200] {logging_mixin.py:151} INFO - [2023-09-29T21:47:08.576+0200] {example_kubernetes_executor.py:38} WARNING - The example_kubernetes_executor example DAG requires the kubernetes provider. Please install it with: pip install apache-airflow[cncf.kubernetes]
[2023-09-29T21:47:08.576+0200] {processor.py:841} WARNING - No viable dags retrieved from /home/radtrz/.local/lib/python3.10/site-packages/airflow/example_dags/example_kubernetes_executor.py
[2023-09-29T21:47:08.581+0200] {processor.py:179} INFO - Processing /home/radtrz/.local/lib/python3.10/site-packages/airflow/example_dags/example_kubernetes_executor.py took 0.017 seconds
[2023-09-29T21:47:41.657+0200] {processor.py:157} INFO - Started process (PID=18897) to work on /home/radtrz/.local/lib/python3.10/site-packages/airflow/example_dags/example_kubernetes_executor.py
[2023-09-29T21:47:41.658+0200] {processor.py:829} INFO - Processing file /home/radtrz/.local/lib/python3.10/site-packages/airflow/example_dags/example_kubernetes_executor.py for tasks to queue
[2023-09-29T21:47:41.658+0200] {logging_mixin.py:151} INFO - [2023-09-29T21:47:41.658+0200] {dagbag.py:539} INFO - Filling up the DagBag from /home/radtrz/.local/lib/python3.10/site-packages/airflow/example_dags/example_kubernetes_executor.py
[2023-09-29T21:47:41.659+0200] {logging_mixin.py:151} INFO - [2023-09-29T21:47:41.659+0200] {example_kubernetes_executor.py:38} WARNING - The example_kubernetes_executor example DAG requires the kubernetes provider. Please install it with: pip install apache-airflow[cncf.kubernetes]
[2023-09-29T21:47:41.660+0200] {processor.py:841} WARNING - No viable dags retrieved from /home/radtrz/.local/lib/python3.10/site-packages/airflow/example_dags/example_kubernetes_executor.py
[2023-09-29T21:47:41.664+0200] {processor.py:179} INFO - Processing /home/radtrz/.local/lib/python3.10/site-packages/airflow/example_dags/example_kubernetes_executor.py took 0.009 seconds
[2023-09-29T21:48:22.251+0200] {processor.py:157} INFO - Started process (PID=19079) to work on /home/radtrz/.local/lib/python3.10/site-packages/airflow/example_dags/example_kubernetes_executor.py
[2023-09-29T21:48:22.260+0200] {processor.py:829} INFO - Processing file /home/radtrz/.local/lib/python3.10/site-packages/airflow/example_dags/example_kubernetes_executor.py for tasks to queue
[2023-09-29T21:48:22.260+0200] {logging_mixin.py:151} INFO - [2023-09-29T21:48:22.260+0200] {dagbag.py:539} INFO - Filling up the DagBag from /home/radtrz/.local/lib/python3.10/site-packages/airflow/example_dags/example_kubernetes_executor.py
[2023-09-29T21:48:22.262+0200] {logging_mixin.py:151} INFO - [2023-09-29T21:48:22.262+0200] {example_kubernetes_executor.py:38} WARNING - The example_kubernetes_executor example DAG requires the kubernetes provider. Please install it with: pip install apache-airflow[cncf.kubernetes]
[2023-09-29T21:48:22.262+0200] {processor.py:841} WARNING - No viable dags retrieved from /home/radtrz/.local/lib/python3.10/site-packages/airflow/example_dags/example_kubernetes_executor.py
[2023-09-29T21:48:22.267+0200] {processor.py:179} INFO - Processing /home/radtrz/.local/lib/python3.10/site-packages/airflow/example_dags/example_kubernetes_executor.py took 0.017 seconds
[2023-09-29T21:49:04.013+0200] {processor.py:157} INFO - Started process (PID=19130) to work on /home/radtrz/.local/lib/python3.10/site-packages/airflow/example_dags/example_kubernetes_executor.py
[2023-09-29T21:49:04.022+0200] {processor.py:829} INFO - Processing file /home/radtrz/.local/lib/python3.10/site-packages/airflow/example_dags/example_kubernetes_executor.py for tasks to queue
[2023-09-29T21:49:04.022+0200] {logging_mixin.py:151} INFO - [2023-09-29T21:49:04.022+0200] {dagbag.py:539} INFO - Filling up the DagBag from /home/radtrz/.local/lib/python3.10/site-packages/airflow/example_dags/example_kubernetes_executor.py
[2023-09-29T21:49:04.024+0200] {logging_mixin.py:151} INFO - [2023-09-29T21:49:04.024+0200] {example_kubernetes_executor.py:38} WARNING - The example_kubernetes_executor example DAG requires the kubernetes provider. Please install it with: pip install apache-airflow[cncf.kubernetes]
[2023-09-29T21:49:04.024+0200] {processor.py:841} WARNING - No viable dags retrieved from /home/radtrz/.local/lib/python3.10/site-packages/airflow/example_dags/example_kubernetes_executor.py
[2023-09-29T21:49:04.028+0200] {processor.py:179} INFO - Processing /home/radtrz/.local/lib/python3.10/site-packages/airflow/example_dags/example_kubernetes_executor.py took 0.017 seconds
[2023-09-29T21:49:55.997+0200] {processor.py:157} INFO - Started process (PID=19212) to work on /home/radtrz/.local/lib/python3.10/site-packages/airflow/example_dags/example_kubernetes_executor.py
[2023-09-29T21:49:55.997+0200] {processor.py:829} INFO - Processing file /home/radtrz/.local/lib/python3.10/site-packages/airflow/example_dags/example_kubernetes_executor.py for tasks to queue
[2023-09-29T21:49:55.998+0200] {logging_mixin.py:151} INFO - [2023-09-29T21:49:55.998+0200] {dagbag.py:539} INFO - Filling up the DagBag from /home/radtrz/.local/lib/python3.10/site-packages/airflow/example_dags/example_kubernetes_executor.py
[2023-09-29T21:49:55.999+0200] {logging_mixin.py:151} INFO - [2023-09-29T21:49:55.999+0200] {example_kubernetes_executor.py:38} WARNING - The example_kubernetes_executor example DAG requires the kubernetes provider. Please install it with: pip install apache-airflow[cncf.kubernetes]
[2023-09-29T21:49:55.999+0200] {processor.py:841} WARNING - No viable dags retrieved from /home/radtrz/.local/lib/python3.10/site-packages/airflow/example_dags/example_kubernetes_executor.py
[2023-09-29T21:49:56.004+0200] {processor.py:179} INFO - Processing /home/radtrz/.local/lib/python3.10/site-packages/airflow/example_dags/example_kubernetes_executor.py took 0.009 seconds
[2023-09-29T21:50:39.225+0200] {processor.py:157} INFO - Started process (PID=19280) to work on /home/radtrz/.local/lib/python3.10/site-packages/airflow/example_dags/example_kubernetes_executor.py
[2023-09-29T21:50:39.234+0200] {processor.py:829} INFO - Processing file /home/radtrz/.local/lib/python3.10/site-packages/airflow/example_dags/example_kubernetes_executor.py for tasks to queue
[2023-09-29T21:50:39.234+0200] {logging_mixin.py:151} INFO - [2023-09-29T21:50:39.234+0200] {dagbag.py:539} INFO - Filling up the DagBag from /home/radtrz/.local/lib/python3.10/site-packages/airflow/example_dags/example_kubernetes_executor.py
[2023-09-29T21:50:39.236+0200] {logging_mixin.py:151} INFO - [2023-09-29T21:50:39.236+0200] {example_kubernetes_executor.py:38} WARNING - The example_kubernetes_executor example DAG requires the kubernetes provider. Please install it with: pip install apache-airflow[cncf.kubernetes]
[2023-09-29T21:50:39.236+0200] {processor.py:841} WARNING - No viable dags retrieved from /home/radtrz/.local/lib/python3.10/site-packages/airflow/example_dags/example_kubernetes_executor.py
[2023-09-29T21:50:39.241+0200] {processor.py:179} INFO - Processing /home/radtrz/.local/lib/python3.10/site-packages/airflow/example_dags/example_kubernetes_executor.py took 0.017 seconds
[2023-09-29T21:51:22.592+0200] {processor.py:157} INFO - Started process (PID=19329) to work on /home/radtrz/.local/lib/python3.10/site-packages/airflow/example_dags/example_kubernetes_executor.py
[2023-09-29T21:51:22.601+0200] {processor.py:829} INFO - Processing file /home/radtrz/.local/lib/python3.10/site-packages/airflow/example_dags/example_kubernetes_executor.py for tasks to queue
[2023-09-29T21:51:22.602+0200] {logging_mixin.py:151} INFO - [2023-09-29T21:51:22.602+0200] {dagbag.py:539} INFO - Filling up the DagBag from /home/radtrz/.local/lib/python3.10/site-packages/airflow/example_dags/example_kubernetes_executor.py
[2023-09-29T21:51:22.603+0200] {logging_mixin.py:151} INFO - [2023-09-29T21:51:22.603+0200] {example_kubernetes_executor.py:38} WARNING - The example_kubernetes_executor example DAG requires the kubernetes provider. Please install it with: pip install apache-airflow[cncf.kubernetes]
[2023-09-29T21:51:22.603+0200] {processor.py:841} WARNING - No viable dags retrieved from /home/radtrz/.local/lib/python3.10/site-packages/airflow/example_dags/example_kubernetes_executor.py
[2023-09-29T21:51:22.609+0200] {processor.py:179} INFO - Processing /home/radtrz/.local/lib/python3.10/site-packages/airflow/example_dags/example_kubernetes_executor.py took 0.018 seconds
[2023-09-29T21:52:03.758+0200] {processor.py:157} INFO - Started process (PID=19392) to work on /home/radtrz/.local/lib/python3.10/site-packages/airflow/example_dags/example_kubernetes_executor.py
[2023-09-29T21:52:03.766+0200] {processor.py:829} INFO - Processing file /home/radtrz/.local/lib/python3.10/site-packages/airflow/example_dags/example_kubernetes_executor.py for tasks to queue
[2023-09-29T21:52:03.767+0200] {logging_mixin.py:151} INFO - [2023-09-29T21:52:03.767+0200] {dagbag.py:539} INFO - Filling up the DagBag from /home/radtrz/.local/lib/python3.10/site-packages/airflow/example_dags/example_kubernetes_executor.py
[2023-09-29T21:52:03.768+0200] {logging_mixin.py:151} INFO - [2023-09-29T21:52:03.768+0200] {example_kubernetes_executor.py:38} WARNING - The example_kubernetes_executor example DAG requires the kubernetes provider. Please install it with: pip install apache-airflow[cncf.kubernetes]
[2023-09-29T21:52:03.768+0200] {processor.py:841} WARNING - No viable dags retrieved from /home/radtrz/.local/lib/python3.10/site-packages/airflow/example_dags/example_kubernetes_executor.py
[2023-09-29T21:52:03.773+0200] {processor.py:179} INFO - Processing /home/radtrz/.local/lib/python3.10/site-packages/airflow/example_dags/example_kubernetes_executor.py took 0.017 seconds
[2023-09-29T21:52:46.574+0200] {processor.py:157} INFO - Started process (PID=19441) to work on /home/radtrz/.local/lib/python3.10/site-packages/airflow/example_dags/example_kubernetes_executor.py
[2023-09-29T21:52:46.582+0200] {processor.py:829} INFO - Processing file /home/radtrz/.local/lib/python3.10/site-packages/airflow/example_dags/example_kubernetes_executor.py for tasks to queue
[2023-09-29T21:52:46.583+0200] {logging_mixin.py:151} INFO - [2023-09-29T21:52:46.583+0200] {dagbag.py:539} INFO - Filling up the DagBag from /home/radtrz/.local/lib/python3.10/site-packages/airflow/example_dags/example_kubernetes_executor.py
[2023-09-29T21:52:46.584+0200] {logging_mixin.py:151} INFO - [2023-09-29T21:52:46.584+0200] {example_kubernetes_executor.py:38} WARNING - The example_kubernetes_executor example DAG requires the kubernetes provider. Please install it with: pip install apache-airflow[cncf.kubernetes]
[2023-09-29T21:52:46.584+0200] {processor.py:841} WARNING - No viable dags retrieved from /home/radtrz/.local/lib/python3.10/site-packages/airflow/example_dags/example_kubernetes_executor.py
[2023-09-29T21:52:46.589+0200] {processor.py:179} INFO - Processing /home/radtrz/.local/lib/python3.10/site-packages/airflow/example_dags/example_kubernetes_executor.py took 0.017 seconds
[2023-09-29T21:53:26.570+0200] {processor.py:157} INFO - Started process (PID=19496) to work on /home/radtrz/.local/lib/python3.10/site-packages/airflow/example_dags/example_kubernetes_executor.py
[2023-09-29T21:53:26.579+0200] {processor.py:829} INFO - Processing file /home/radtrz/.local/lib/python3.10/site-packages/airflow/example_dags/example_kubernetes_executor.py for tasks to queue
[2023-09-29T21:53:26.579+0200] {logging_mixin.py:151} INFO - [2023-09-29T21:53:26.579+0200] {dagbag.py:539} INFO - Filling up the DagBag from /home/radtrz/.local/lib/python3.10/site-packages/airflow/example_dags/example_kubernetes_executor.py
[2023-09-29T21:53:26.580+0200] {logging_mixin.py:151} INFO - [2023-09-29T21:53:26.580+0200] {example_kubernetes_executor.py:38} WARNING - The example_kubernetes_executor example DAG requires the kubernetes provider. Please install it with: pip install apache-airflow[cncf.kubernetes]
[2023-09-29T21:53:26.581+0200] {processor.py:841} WARNING - No viable dags retrieved from /home/radtrz/.local/lib/python3.10/site-packages/airflow/example_dags/example_kubernetes_executor.py
[2023-09-29T21:53:26.585+0200] {processor.py:179} INFO - Processing /home/radtrz/.local/lib/python3.10/site-packages/airflow/example_dags/example_kubernetes_executor.py took 0.017 seconds
[2023-09-29T21:54:29.265+0200] {processor.py:157} INFO - Started process (PID=19590) to work on /home/radtrz/.local/lib/python3.10/site-packages/airflow/example_dags/example_kubernetes_executor.py
[2023-09-29T21:54:29.274+0200] {processor.py:829} INFO - Processing file /home/radtrz/.local/lib/python3.10/site-packages/airflow/example_dags/example_kubernetes_executor.py for tasks to queue
[2023-09-29T21:54:29.274+0200] {logging_mixin.py:151} INFO - [2023-09-29T21:54:29.274+0200] {dagbag.py:539} INFO - Filling up the DagBag from /home/radtrz/.local/lib/python3.10/site-packages/airflow/example_dags/example_kubernetes_executor.py
[2023-09-29T21:54:29.275+0200] {logging_mixin.py:151} INFO - [2023-09-29T21:54:29.275+0200] {example_kubernetes_executor.py:38} WARNING - The example_kubernetes_executor example DAG requires the kubernetes provider. Please install it with: pip install apache-airflow[cncf.kubernetes]
[2023-09-29T21:54:29.276+0200] {processor.py:841} WARNING - No viable dags retrieved from /home/radtrz/.local/lib/python3.10/site-packages/airflow/example_dags/example_kubernetes_executor.py
[2023-09-29T21:54:29.280+0200] {processor.py:179} INFO - Processing /home/radtrz/.local/lib/python3.10/site-packages/airflow/example_dags/example_kubernetes_executor.py took 0.017 seconds
[2023-09-29T21:54:59.804+0200] {processor.py:157} INFO - Started process (PID=19629) to work on /home/radtrz/.local/lib/python3.10/site-packages/airflow/example_dags/example_kubernetes_executor.py
[2023-09-29T21:54:59.812+0200] {processor.py:829} INFO - Processing file /home/radtrz/.local/lib/python3.10/site-packages/airflow/example_dags/example_kubernetes_executor.py for tasks to queue
[2023-09-29T21:54:59.813+0200] {logging_mixin.py:151} INFO - [2023-09-29T21:54:59.813+0200] {dagbag.py:539} INFO - Filling up the DagBag from /home/radtrz/.local/lib/python3.10/site-packages/airflow/example_dags/example_kubernetes_executor.py
[2023-09-29T21:54:59.814+0200] {logging_mixin.py:151} INFO - [2023-09-29T21:54:59.814+0200] {example_kubernetes_executor.py:38} WARNING - The example_kubernetes_executor example DAG requires the kubernetes provider. Please install it with: pip install apache-airflow[cncf.kubernetes]
[2023-09-29T21:54:59.814+0200] {processor.py:841} WARNING - No viable dags retrieved from /home/radtrz/.local/lib/python3.10/site-packages/airflow/example_dags/example_kubernetes_executor.py
[2023-09-29T21:54:59.820+0200] {processor.py:179} INFO - Processing /home/radtrz/.local/lib/python3.10/site-packages/airflow/example_dags/example_kubernetes_executor.py took 0.018 seconds
[2023-09-29T21:55:36.943+0200] {processor.py:157} INFO - Started process (PID=19776) to work on /home/radtrz/.local/lib/python3.10/site-packages/airflow/example_dags/example_kubernetes_executor.py
[2023-09-29T21:55:36.952+0200] {processor.py:829} INFO - Processing file /home/radtrz/.local/lib/python3.10/site-packages/airflow/example_dags/example_kubernetes_executor.py for tasks to queue
[2023-09-29T21:55:36.952+0200] {logging_mixin.py:151} INFO - [2023-09-29T21:55:36.952+0200] {dagbag.py:539} INFO - Filling up the DagBag from /home/radtrz/.local/lib/python3.10/site-packages/airflow/example_dags/example_kubernetes_executor.py
[2023-09-29T21:55:36.953+0200] {logging_mixin.py:151} INFO - [2023-09-29T21:55:36.953+0200] {example_kubernetes_executor.py:38} WARNING - The example_kubernetes_executor example DAG requires the kubernetes provider. Please install it with: pip install apache-airflow[cncf.kubernetes]
[2023-09-29T21:55:36.953+0200] {processor.py:841} WARNING - No viable dags retrieved from /home/radtrz/.local/lib/python3.10/site-packages/airflow/example_dags/example_kubernetes_executor.py
[2023-09-29T21:55:36.958+0200] {processor.py:179} INFO - Processing /home/radtrz/.local/lib/python3.10/site-packages/airflow/example_dags/example_kubernetes_executor.py took 0.017 seconds
