[2023-09-29T21:46:46.027+0200] {processor.py:157} INFO - Started process (PID=18694) to work on /home/radtrz/.local/lib/python3.10/site-packages/airflow/example_dags/example_setup_teardown.py
[2023-09-29T21:46:46.028+0200] {processor.py:829} INFO - Processing file /home/radtrz/.local/lib/python3.10/site-packages/airflow/example_dags/example_setup_teardown.py for tasks to queue
[2023-09-29T21:46:46.028+0200] {logging_mixin.py:151} INFO - [2023-09-29T21:46:46.028+0200] {dagbag.py:539} INFO - Filling up the DagBag from /home/radtrz/.local/lib/python3.10/site-packages/airflow/example_dags/example_setup_teardown.py
[2023-09-29T21:46:46.032+0200] {processor.py:839} INFO - DAG(s) dict_keys(['example_setup_teardown']) retrieved from /home/radtrz/.local/lib/python3.10/site-packages/airflow/example_dags/example_setup_teardown.py
[2023-09-29T21:46:46.104+0200] {logging_mixin.py:151} INFO - [2023-09-29T21:46:46.103+0200] {manager.py:499} INFO - Created Permission View: %s
[2023-09-29T21:46:46.109+0200] {logging_mixin.py:151} INFO - [2023-09-29T21:46:46.109+0200] {manager.py:499} INFO - Created Permission View: %s
[2023-09-29T21:46:46.114+0200] {logging_mixin.py:151} INFO - [2023-09-29T21:46:46.114+0200] {manager.py:499} INFO - Created Permission View: %s
[2023-09-29T21:46:46.114+0200] {logging_mixin.py:151} INFO - [2023-09-29T21:46:46.114+0200] {security.py:708} INFO - Not syncing DAG-level permissions for DAG 'DAG:example_setup_teardown' as access control is unset.
[2023-09-29T21:46:46.114+0200] {logging_mixin.py:151} INFO - [2023-09-29T21:46:46.114+0200] {dag.py:2915} INFO - Sync 1 DAGs
[2023-09-29T21:46:46.119+0200] {logging_mixin.py:151} INFO - [2023-09-29T21:46:46.119+0200] {dag.py:2937} INFO - Creating ORM DAG for example_setup_teardown
[2023-09-29T21:46:46.123+0200] {logging_mixin.py:151} INFO - [2023-09-29T21:46:46.123+0200] {dag.py:3696} INFO - Setting next_dagrun for example_setup_teardown to 2023-09-28T19:46:46.123335+00:00, run_after=2023-09-29T19:46:46.123335+00:00
[2023-09-29T21:46:46.133+0200] {processor.py:179} INFO - Processing /home/radtrz/.local/lib/python3.10/site-packages/airflow/example_dags/example_setup_teardown.py took 0.108 seconds
[2023-09-29T21:47:32.956+0200] {processor.py:157} INFO - Started process (PID=18765) to work on /home/radtrz/.local/lib/python3.10/site-packages/airflow/example_dags/example_setup_teardown.py
[2023-09-29T21:47:32.965+0200] {processor.py:829} INFO - Processing file /home/radtrz/.local/lib/python3.10/site-packages/airflow/example_dags/example_setup_teardown.py for tasks to queue
[2023-09-29T21:47:32.965+0200] {logging_mixin.py:151} INFO - [2023-09-29T21:47:32.965+0200] {dagbag.py:539} INFO - Filling up the DagBag from /home/radtrz/.local/lib/python3.10/site-packages/airflow/example_dags/example_setup_teardown.py
[2023-09-29T21:47:32.969+0200] {processor.py:839} INFO - DAG(s) dict_keys(['example_setup_teardown']) retrieved from /home/radtrz/.local/lib/python3.10/site-packages/airflow/example_dags/example_setup_teardown.py
[2023-09-29T21:47:32.977+0200] {logging_mixin.py:151} INFO - [2023-09-29T21:47:32.977+0200] {dag.py:2915} INFO - Sync 1 DAGs
[2023-09-29T21:47:32.987+0200] {logging_mixin.py:151} INFO - [2023-09-29T21:47:32.987+0200] {dag.py:3696} INFO - Setting next_dagrun for example_setup_teardown to 2023-09-28T19:47:32.987217+00:00, run_after=2023-09-29T19:47:32.987217+00:00
[2023-09-29T21:47:32.998+0200] {processor.py:179} INFO - Processing /home/radtrz/.local/lib/python3.10/site-packages/airflow/example_dags/example_setup_teardown.py took 0.043 seconds
[2023-09-29T21:48:16.513+0200] {processor.py:157} INFO - Started process (PID=19071) to work on /home/radtrz/.local/lib/python3.10/site-packages/airflow/example_dags/example_setup_teardown.py
[2023-09-29T21:48:16.522+0200] {processor.py:829} INFO - Processing file /home/radtrz/.local/lib/python3.10/site-packages/airflow/example_dags/example_setup_teardown.py for tasks to queue
[2023-09-29T21:48:16.522+0200] {logging_mixin.py:151} INFO - [2023-09-29T21:48:16.522+0200] {dagbag.py:539} INFO - Filling up the DagBag from /home/radtrz/.local/lib/python3.10/site-packages/airflow/example_dags/example_setup_teardown.py
[2023-09-29T21:48:16.526+0200] {processor.py:839} INFO - DAG(s) dict_keys(['example_setup_teardown']) retrieved from /home/radtrz/.local/lib/python3.10/site-packages/airflow/example_dags/example_setup_teardown.py
[2023-09-29T21:48:16.534+0200] {logging_mixin.py:151} INFO - [2023-09-29T21:48:16.534+0200] {dag.py:2915} INFO - Sync 1 DAGs
[2023-09-29T21:48:16.543+0200] {logging_mixin.py:151} INFO - [2023-09-29T21:48:16.543+0200] {dag.py:3696} INFO - Setting next_dagrun for example_setup_teardown to 2023-09-28T19:48:16.543732+00:00, run_after=2023-09-29T19:48:16.543732+00:00
[2023-09-29T21:48:16.554+0200] {processor.py:179} INFO - Processing /home/radtrz/.local/lib/python3.10/site-packages/airflow/example_dags/example_setup_teardown.py took 0.042 seconds
[2023-09-29T21:48:58.871+0200] {processor.py:157} INFO - Started process (PID=19122) to work on /home/radtrz/.local/lib/python3.10/site-packages/airflow/example_dags/example_setup_teardown.py
[2023-09-29T21:48:58.880+0200] {processor.py:829} INFO - Processing file /home/radtrz/.local/lib/python3.10/site-packages/airflow/example_dags/example_setup_teardown.py for tasks to queue
[2023-09-29T21:48:58.880+0200] {logging_mixin.py:151} INFO - [2023-09-29T21:48:58.880+0200] {dagbag.py:539} INFO - Filling up the DagBag from /home/radtrz/.local/lib/python3.10/site-packages/airflow/example_dags/example_setup_teardown.py
[2023-09-29T21:48:58.884+0200] {processor.py:839} INFO - DAG(s) dict_keys(['example_setup_teardown']) retrieved from /home/radtrz/.local/lib/python3.10/site-packages/airflow/example_dags/example_setup_teardown.py
[2023-09-29T21:48:58.892+0200] {logging_mixin.py:151} INFO - [2023-09-29T21:48:58.892+0200] {dag.py:2915} INFO - Sync 1 DAGs
[2023-09-29T21:48:58.901+0200] {logging_mixin.py:151} INFO - [2023-09-29T21:48:58.901+0200] {dag.py:3696} INFO - Setting next_dagrun for example_setup_teardown to 2023-09-28T19:48:58.901422+00:00, run_after=2023-09-29T19:48:58.901422+00:00
[2023-09-29T21:48:58.920+0200] {processor.py:179} INFO - Processing /home/radtrz/.local/lib/python3.10/site-packages/airflow/example_dags/example_setup_teardown.py took 0.050 seconds
[2023-09-29T21:50:17.517+0200] {processor.py:157} INFO - Started process (PID=19250) to work on /home/radtrz/.local/lib/python3.10/site-packages/airflow/example_dags/example_setup_teardown.py
[2023-09-29T21:50:17.526+0200] {processor.py:829} INFO - Processing file /home/radtrz/.local/lib/python3.10/site-packages/airflow/example_dags/example_setup_teardown.py for tasks to queue
[2023-09-29T21:50:17.526+0200] {logging_mixin.py:151} INFO - [2023-09-29T21:50:17.526+0200] {dagbag.py:539} INFO - Filling up the DagBag from /home/radtrz/.local/lib/python3.10/site-packages/airflow/example_dags/example_setup_teardown.py
[2023-09-29T21:50:17.530+0200] {processor.py:839} INFO - DAG(s) dict_keys(['example_setup_teardown']) retrieved from /home/radtrz/.local/lib/python3.10/site-packages/airflow/example_dags/example_setup_teardown.py
[2023-09-29T21:50:17.538+0200] {logging_mixin.py:151} INFO - [2023-09-29T21:50:17.538+0200] {dag.py:2915} INFO - Sync 1 DAGs
[2023-09-29T21:50:17.548+0200] {logging_mixin.py:151} INFO - [2023-09-29T21:50:17.547+0200] {dag.py:3696} INFO - Setting next_dagrun for example_setup_teardown to 2023-09-28T19:50:17.547852+00:00, run_after=2023-09-29T19:50:17.547852+00:00
[2023-09-29T21:50:17.567+0200] {processor.py:179} INFO - Processing /home/radtrz/.local/lib/python3.10/site-packages/airflow/example_dags/example_setup_teardown.py took 0.052 seconds
[2023-09-29T21:51:02.052+0200] {processor.py:157} INFO - Started process (PID=19304) to work on /home/radtrz/.local/lib/python3.10/site-packages/airflow/example_dags/example_setup_teardown.py
[2023-09-29T21:51:02.060+0200] {processor.py:829} INFO - Processing file /home/radtrz/.local/lib/python3.10/site-packages/airflow/example_dags/example_setup_teardown.py for tasks to queue
[2023-09-29T21:51:02.061+0200] {logging_mixin.py:151} INFO - [2023-09-29T21:51:02.060+0200] {dagbag.py:539} INFO - Filling up the DagBag from /home/radtrz/.local/lib/python3.10/site-packages/airflow/example_dags/example_setup_teardown.py
[2023-09-29T21:51:02.064+0200] {processor.py:839} INFO - DAG(s) dict_keys(['example_setup_teardown']) retrieved from /home/radtrz/.local/lib/python3.10/site-packages/airflow/example_dags/example_setup_teardown.py
[2023-09-29T21:51:02.072+0200] {logging_mixin.py:151} INFO - [2023-09-29T21:51:02.072+0200] {dag.py:2915} INFO - Sync 1 DAGs
[2023-09-29T21:51:02.082+0200] {logging_mixin.py:151} INFO - [2023-09-29T21:51:02.081+0200] {dag.py:3696} INFO - Setting next_dagrun for example_setup_teardown to 2023-09-28T19:51:02.081845+00:00, run_after=2023-09-29T19:51:02.081845+00:00
[2023-09-29T21:51:02.098+0200] {processor.py:179} INFO - Processing /home/radtrz/.local/lib/python3.10/site-packages/airflow/example_dags/example_setup_teardown.py took 0.048 seconds
[2023-09-29T21:51:46.041+0200] {processor.py:157} INFO - Started process (PID=19357) to work on /home/radtrz/.local/lib/python3.10/site-packages/airflow/example_dags/example_setup_teardown.py
[2023-09-29T21:51:46.049+0200] {processor.py:829} INFO - Processing file /home/radtrz/.local/lib/python3.10/site-packages/airflow/example_dags/example_setup_teardown.py for tasks to queue
[2023-09-29T21:51:46.050+0200] {logging_mixin.py:151} INFO - [2023-09-29T21:51:46.049+0200] {dagbag.py:539} INFO - Filling up the DagBag from /home/radtrz/.local/lib/python3.10/site-packages/airflow/example_dags/example_setup_teardown.py
[2023-09-29T21:51:46.053+0200] {processor.py:839} INFO - DAG(s) dict_keys(['example_setup_teardown']) retrieved from /home/radtrz/.local/lib/python3.10/site-packages/airflow/example_dags/example_setup_teardown.py
[2023-09-29T21:51:46.061+0200] {logging_mixin.py:151} INFO - [2023-09-29T21:51:46.061+0200] {dag.py:2915} INFO - Sync 1 DAGs
[2023-09-29T21:51:46.071+0200] {logging_mixin.py:151} INFO - [2023-09-29T21:51:46.071+0200] {dag.py:3696} INFO - Setting next_dagrun for example_setup_teardown to 2023-09-28T19:51:46.071177+00:00, run_after=2023-09-29T19:51:46.071177+00:00
[2023-09-29T21:51:46.087+0200] {processor.py:179} INFO - Processing /home/radtrz/.local/lib/python3.10/site-packages/airflow/example_dags/example_setup_teardown.py took 0.048 seconds
[2023-09-29T21:52:27.871+0200] {processor.py:157} INFO - Started process (PID=19419) to work on /home/radtrz/.local/lib/python3.10/site-packages/airflow/example_dags/example_setup_teardown.py
[2023-09-29T21:52:27.879+0200] {processor.py:829} INFO - Processing file /home/radtrz/.local/lib/python3.10/site-packages/airflow/example_dags/example_setup_teardown.py for tasks to queue
[2023-09-29T21:52:27.880+0200] {logging_mixin.py:151} INFO - [2023-09-29T21:52:27.880+0200] {dagbag.py:539} INFO - Filling up the DagBag from /home/radtrz/.local/lib/python3.10/site-packages/airflow/example_dags/example_setup_teardown.py
[2023-09-29T21:52:27.884+0200] {processor.py:839} INFO - DAG(s) dict_keys(['example_setup_teardown']) retrieved from /home/radtrz/.local/lib/python3.10/site-packages/airflow/example_dags/example_setup_teardown.py
[2023-09-29T21:52:27.892+0200] {logging_mixin.py:151} INFO - [2023-09-29T21:52:27.891+0200] {dag.py:2915} INFO - Sync 1 DAGs
[2023-09-29T21:52:27.901+0200] {logging_mixin.py:151} INFO - [2023-09-29T21:52:27.901+0200] {dag.py:3696} INFO - Setting next_dagrun for example_setup_teardown to 2023-09-28T19:52:27.901470+00:00, run_after=2023-09-29T19:52:27.901470+00:00
[2023-09-29T21:52:27.916+0200] {processor.py:179} INFO - Processing /home/radtrz/.local/lib/python3.10/site-packages/airflow/example_dags/example_setup_teardown.py took 0.046 seconds
[2023-09-29T21:53:11.138+0200] {processor.py:157} INFO - Started process (PID=19476) to work on /home/radtrz/.local/lib/python3.10/site-packages/airflow/example_dags/example_setup_teardown.py
[2023-09-29T21:53:11.138+0200] {processor.py:829} INFO - Processing file /home/radtrz/.local/lib/python3.10/site-packages/airflow/example_dags/example_setup_teardown.py for tasks to queue
[2023-09-29T21:53:11.139+0200] {logging_mixin.py:151} INFO - [2023-09-29T21:53:11.139+0200] {dagbag.py:539} INFO - Filling up the DagBag from /home/radtrz/.local/lib/python3.10/site-packages/airflow/example_dags/example_setup_teardown.py
[2023-09-29T21:53:11.142+0200] {processor.py:839} INFO - DAG(s) dict_keys(['example_setup_teardown']) retrieved from /home/radtrz/.local/lib/python3.10/site-packages/airflow/example_dags/example_setup_teardown.py
[2023-09-29T21:53:11.150+0200] {logging_mixin.py:151} INFO - [2023-09-29T21:53:11.150+0200] {dag.py:2915} INFO - Sync 1 DAGs
[2023-09-29T21:53:11.160+0200] {logging_mixin.py:151} INFO - [2023-09-29T21:53:11.159+0200] {dag.py:3696} INFO - Setting next_dagrun for example_setup_teardown to 2023-09-28T19:53:11.159816+00:00, run_after=2023-09-29T19:53:11.159816+00:00
[2023-09-29T21:53:11.171+0200] {processor.py:179} INFO - Processing /home/radtrz/.local/lib/python3.10/site-packages/airflow/example_dags/example_setup_teardown.py took 0.034 seconds
[2023-09-29T21:53:56.106+0200] {processor.py:157} INFO - Started process (PID=19536) to work on /home/radtrz/.local/lib/python3.10/site-packages/airflow/example_dags/example_setup_teardown.py
[2023-09-29T21:53:56.115+0200] {processor.py:829} INFO - Processing file /home/radtrz/.local/lib/python3.10/site-packages/airflow/example_dags/example_setup_teardown.py for tasks to queue
[2023-09-29T21:53:56.115+0200] {logging_mixin.py:151} INFO - [2023-09-29T21:53:56.115+0200] {dagbag.py:539} INFO - Filling up the DagBag from /home/radtrz/.local/lib/python3.10/site-packages/airflow/example_dags/example_setup_teardown.py
[2023-09-29T21:53:56.119+0200] {processor.py:839} INFO - DAG(s) dict_keys(['example_setup_teardown']) retrieved from /home/radtrz/.local/lib/python3.10/site-packages/airflow/example_dags/example_setup_teardown.py
[2023-09-29T21:53:56.127+0200] {logging_mixin.py:151} INFO - [2023-09-29T21:53:56.127+0200] {dag.py:2915} INFO - Sync 1 DAGs
[2023-09-29T21:53:56.137+0200] {logging_mixin.py:151} INFO - [2023-09-29T21:53:56.137+0200] {dag.py:3696} INFO - Setting next_dagrun for example_setup_teardown to 2023-09-28T19:53:56.137052+00:00, run_after=2023-09-29T19:53:56.137052+00:00
[2023-09-29T21:53:56.170+0200] {processor.py:179} INFO - Processing /home/radtrz/.local/lib/python3.10/site-packages/airflow/example_dags/example_setup_teardown.py took 0.065 seconds
[2023-09-29T21:54:50.657+0200] {processor.py:157} INFO - Started process (PID=19617) to work on /home/radtrz/.local/lib/python3.10/site-packages/airflow/example_dags/example_setup_teardown.py
[2023-09-29T21:54:50.657+0200] {processor.py:829} INFO - Processing file /home/radtrz/.local/lib/python3.10/site-packages/airflow/example_dags/example_setup_teardown.py for tasks to queue
[2023-09-29T21:54:50.658+0200] {logging_mixin.py:151} INFO - [2023-09-29T21:54:50.658+0200] {dagbag.py:539} INFO - Filling up the DagBag from /home/radtrz/.local/lib/python3.10/site-packages/airflow/example_dags/example_setup_teardown.py
[2023-09-29T21:54:50.662+0200] {processor.py:839} INFO - DAG(s) dict_keys(['example_setup_teardown']) retrieved from /home/radtrz/.local/lib/python3.10/site-packages/airflow/example_dags/example_setup_teardown.py
[2023-09-29T21:54:50.670+0200] {logging_mixin.py:151} INFO - [2023-09-29T21:54:50.670+0200] {dag.py:2915} INFO - Sync 1 DAGs
[2023-09-29T21:54:50.680+0200] {logging_mixin.py:151} INFO - [2023-09-29T21:54:50.680+0200] {dag.py:3696} INFO - Setting next_dagrun for example_setup_teardown to 2023-09-28T19:54:50.680380+00:00, run_after=2023-09-29T19:54:50.680380+00:00
[2023-09-29T21:54:50.696+0200] {processor.py:179} INFO - Processing /home/radtrz/.local/lib/python3.10/site-packages/airflow/example_dags/example_setup_teardown.py took 0.041 seconds
[2023-09-29T21:55:33.530+0200] {processor.py:157} INFO - Started process (PID=19770) to work on /home/radtrz/.local/lib/python3.10/site-packages/airflow/example_dags/example_setup_teardown.py
[2023-09-29T21:55:33.538+0200] {processor.py:829} INFO - Processing file /home/radtrz/.local/lib/python3.10/site-packages/airflow/example_dags/example_setup_teardown.py for tasks to queue
[2023-09-29T21:55:33.539+0200] {logging_mixin.py:151} INFO - [2023-09-29T21:55:33.538+0200] {dagbag.py:539} INFO - Filling up the DagBag from /home/radtrz/.local/lib/python3.10/site-packages/airflow/example_dags/example_setup_teardown.py
[2023-09-29T21:55:33.543+0200] {processor.py:839} INFO - DAG(s) dict_keys(['example_setup_teardown']) retrieved from /home/radtrz/.local/lib/python3.10/site-packages/airflow/example_dags/example_setup_teardown.py
[2023-09-29T21:55:33.552+0200] {logging_mixin.py:151} INFO - [2023-09-29T21:55:33.551+0200] {dag.py:2915} INFO - Sync 1 DAGs
[2023-09-29T21:55:33.562+0200] {logging_mixin.py:151} INFO - [2023-09-29T21:55:33.562+0200] {dag.py:3696} INFO - Setting next_dagrun for example_setup_teardown to 2023-09-28T19:55:33.562467+00:00, run_after=2023-09-29T19:55:33.562467+00:00
[2023-09-29T21:55:33.573+0200] {processor.py:179} INFO - Processing /home/radtrz/.local/lib/python3.10/site-packages/airflow/example_dags/example_setup_teardown.py took 0.045 seconds
