[2023-09-29T21:46:47.257+0200] {processor.py:157} INFO - Started process (PID=18695) to work on /home/radtrz/.local/lib/python3.10/site-packages/airflow/example_dags/example_python_operator.py
[2023-09-29T21:46:47.258+0200] {processor.py:829} INFO - Processing file /home/radtrz/.local/lib/python3.10/site-packages/airflow/example_dags/example_python_operator.py for tasks to queue
[2023-09-29T21:46:47.258+0200] {logging_mixin.py:151} INFO - [2023-09-29T21:46:47.258+0200] {dagbag.py:539} INFO - Filling up the DagBag from /home/radtrz/.local/lib/python3.10/site-packages/airflow/example_dags/example_python_operator.py
[2023-09-29T21:46:47.262+0200] {logging_mixin.py:151} INFO - [2023-09-29T21:46:47.262+0200] {example_python_operator.py:89} WARNING - The virtalenv_python example task requires virtualenv, please install it.
[2023-09-29T21:46:47.262+0200] {processor.py:839} INFO - DAG(s) dict_keys(['example_python_operator']) retrieved from /home/radtrz/.local/lib/python3.10/site-packages/airflow/example_dags/example_python_operator.py
[2023-09-29T21:46:47.334+0200] {logging_mixin.py:151} INFO - [2023-09-29T21:46:47.333+0200] {manager.py:499} INFO - Created Permission View: %s
[2023-09-29T21:46:47.339+0200] {logging_mixin.py:151} INFO - [2023-09-29T21:46:47.339+0200] {manager.py:499} INFO - Created Permission View: %s
[2023-09-29T21:46:47.344+0200] {logging_mixin.py:151} INFO - [2023-09-29T21:46:47.343+0200] {manager.py:499} INFO - Created Permission View: %s
[2023-09-29T21:46:47.344+0200] {logging_mixin.py:151} INFO - [2023-09-29T21:46:47.344+0200] {security.py:708} INFO - Not syncing DAG-level permissions for DAG 'DAG:example_python_operator' as access control is unset.
[2023-09-29T21:46:47.344+0200] {logging_mixin.py:151} INFO - [2023-09-29T21:46:47.344+0200] {dag.py:2915} INFO - Sync 1 DAGs
[2023-09-29T21:46:47.349+0200] {logging_mixin.py:151} INFO - [2023-09-29T21:46:47.349+0200] {dag.py:2937} INFO - Creating ORM DAG for example_python_operator
[2023-09-29T21:46:47.349+0200] {logging_mixin.py:151} INFO - [2023-09-29T21:46:47.349+0200] {dag.py:3696} INFO - Setting next_dagrun for example_python_operator to None, run_after=None
[2023-09-29T21:46:47.359+0200] {processor.py:179} INFO - Processing /home/radtrz/.local/lib/python3.10/site-packages/airflow/example_dags/example_python_operator.py took 0.103 seconds
[2023-09-29T21:47:34.097+0200] {processor.py:157} INFO - Started process (PID=18791) to work on /home/radtrz/.local/lib/python3.10/site-packages/airflow/example_dags/example_python_operator.py
[2023-09-29T21:47:34.105+0200] {processor.py:829} INFO - Processing file /home/radtrz/.local/lib/python3.10/site-packages/airflow/example_dags/example_python_operator.py for tasks to queue
[2023-09-29T21:47:34.105+0200] {logging_mixin.py:151} INFO - [2023-09-29T21:47:34.105+0200] {dagbag.py:539} INFO - Filling up the DagBag from /home/radtrz/.local/lib/python3.10/site-packages/airflow/example_dags/example_python_operator.py
[2023-09-29T21:47:34.110+0200] {logging_mixin.py:151} INFO - [2023-09-29T21:47:34.110+0200] {example_python_operator.py:89} WARNING - The virtalenv_python example task requires virtualenv, please install it.
[2023-09-29T21:47:34.110+0200] {processor.py:839} INFO - DAG(s) dict_keys(['example_python_operator']) retrieved from /home/radtrz/.local/lib/python3.10/site-packages/airflow/example_dags/example_python_operator.py
[2023-09-29T21:47:34.119+0200] {logging_mixin.py:151} INFO - [2023-09-29T21:47:34.119+0200] {dag.py:2915} INFO - Sync 1 DAGs
[2023-09-29T21:47:34.125+0200] {logging_mixin.py:151} INFO - [2023-09-29T21:47:34.125+0200] {dag.py:3696} INFO - Setting next_dagrun for example_python_operator to None, run_after=None
[2023-09-29T21:47:34.145+0200] {processor.py:179} INFO - Processing /home/radtrz/.local/lib/python3.10/site-packages/airflow/example_dags/example_python_operator.py took 0.051 seconds
[2023-09-29T21:48:17.650+0200] {processor.py:157} INFO - Started process (PID=19072) to work on /home/radtrz/.local/lib/python3.10/site-packages/airflow/example_dags/example_python_operator.py
[2023-09-29T21:48:17.658+0200] {processor.py:829} INFO - Processing file /home/radtrz/.local/lib/python3.10/site-packages/airflow/example_dags/example_python_operator.py for tasks to queue
[2023-09-29T21:48:17.659+0200] {logging_mixin.py:151} INFO - [2023-09-29T21:48:17.658+0200] {dagbag.py:539} INFO - Filling up the DagBag from /home/radtrz/.local/lib/python3.10/site-packages/airflow/example_dags/example_python_operator.py
[2023-09-29T21:48:17.663+0200] {logging_mixin.py:151} INFO - [2023-09-29T21:48:17.663+0200] {example_python_operator.py:89} WARNING - The virtalenv_python example task requires virtualenv, please install it.
[2023-09-29T21:48:17.663+0200] {processor.py:839} INFO - DAG(s) dict_keys(['example_python_operator']) retrieved from /home/radtrz/.local/lib/python3.10/site-packages/airflow/example_dags/example_python_operator.py
[2023-09-29T21:48:17.672+0200] {logging_mixin.py:151} INFO - [2023-09-29T21:48:17.672+0200] {dag.py:2915} INFO - Sync 1 DAGs
[2023-09-29T21:48:17.677+0200] {logging_mixin.py:151} INFO - [2023-09-29T21:48:17.677+0200] {dag.py:3696} INFO - Setting next_dagrun for example_python_operator to None, run_after=None
[2023-09-29T21:48:17.695+0200] {processor.py:179} INFO - Processing /home/radtrz/.local/lib/python3.10/site-packages/airflow/example_dags/example_python_operator.py took 0.047 seconds
[2023-09-29T21:49:00.008+0200] {processor.py:157} INFO - Started process (PID=19123) to work on /home/radtrz/.local/lib/python3.10/site-packages/airflow/example_dags/example_python_operator.py
[2023-09-29T21:49:00.017+0200] {processor.py:829} INFO - Processing file /home/radtrz/.local/lib/python3.10/site-packages/airflow/example_dags/example_python_operator.py for tasks to queue
[2023-09-29T21:49:00.017+0200] {logging_mixin.py:151} INFO - [2023-09-29T21:49:00.017+0200] {dagbag.py:539} INFO - Filling up the DagBag from /home/radtrz/.local/lib/python3.10/site-packages/airflow/example_dags/example_python_operator.py
[2023-09-29T21:49:00.022+0200] {logging_mixin.py:151} INFO - [2023-09-29T21:49:00.022+0200] {example_python_operator.py:89} WARNING - The virtalenv_python example task requires virtualenv, please install it.
[2023-09-29T21:49:00.022+0200] {processor.py:839} INFO - DAG(s) dict_keys(['example_python_operator']) retrieved from /home/radtrz/.local/lib/python3.10/site-packages/airflow/example_dags/example_python_operator.py
[2023-09-29T21:49:00.031+0200] {logging_mixin.py:151} INFO - [2023-09-29T21:49:00.031+0200] {dag.py:2915} INFO - Sync 1 DAGs
[2023-09-29T21:49:00.036+0200] {logging_mixin.py:151} INFO - [2023-09-29T21:49:00.036+0200] {dag.py:3696} INFO - Setting next_dagrun for example_python_operator to None, run_after=None
[2023-09-29T21:49:00.047+0200] {processor.py:179} INFO - Processing /home/radtrz/.local/lib/python3.10/site-packages/airflow/example_dags/example_python_operator.py took 0.041 seconds
[2023-09-29T21:50:18.653+0200] {processor.py:157} INFO - Started process (PID=19251) to work on /home/radtrz/.local/lib/python3.10/site-packages/airflow/example_dags/example_python_operator.py
[2023-09-29T21:50:18.662+0200] {processor.py:829} INFO - Processing file /home/radtrz/.local/lib/python3.10/site-packages/airflow/example_dags/example_python_operator.py for tasks to queue
[2023-09-29T21:50:18.662+0200] {logging_mixin.py:151} INFO - [2023-09-29T21:50:18.662+0200] {dagbag.py:539} INFO - Filling up the DagBag from /home/radtrz/.local/lib/python3.10/site-packages/airflow/example_dags/example_python_operator.py
[2023-09-29T21:50:18.667+0200] {logging_mixin.py:151} INFO - [2023-09-29T21:50:18.667+0200] {example_python_operator.py:89} WARNING - The virtalenv_python example task requires virtualenv, please install it.
[2023-09-29T21:50:18.667+0200] {processor.py:839} INFO - DAG(s) dict_keys(['example_python_operator']) retrieved from /home/radtrz/.local/lib/python3.10/site-packages/airflow/example_dags/example_python_operator.py
[2023-09-29T21:50:18.677+0200] {logging_mixin.py:151} INFO - [2023-09-29T21:50:18.677+0200] {dag.py:2915} INFO - Sync 1 DAGs
[2023-09-29T21:50:18.683+0200] {logging_mixin.py:151} INFO - [2023-09-29T21:50:18.683+0200] {dag.py:3696} INFO - Setting next_dagrun for example_python_operator to None, run_after=None
[2023-09-29T21:50:18.695+0200] {processor.py:179} INFO - Processing /home/radtrz/.local/lib/python3.10/site-packages/airflow/example_dags/example_python_operator.py took 0.043 seconds
[2023-09-29T21:51:02.640+0200] {processor.py:157} INFO - Started process (PID=19305) to work on /home/radtrz/.local/lib/python3.10/site-packages/airflow/example_dags/example_python_operator.py
[2023-09-29T21:51:02.641+0200] {processor.py:829} INFO - Processing file /home/radtrz/.local/lib/python3.10/site-packages/airflow/example_dags/example_python_operator.py for tasks to queue
[2023-09-29T21:51:02.642+0200] {logging_mixin.py:151} INFO - [2023-09-29T21:51:02.642+0200] {dagbag.py:539} INFO - Filling up the DagBag from /home/radtrz/.local/lib/python3.10/site-packages/airflow/example_dags/example_python_operator.py
[2023-09-29T21:51:02.646+0200] {logging_mixin.py:151} INFO - [2023-09-29T21:51:02.646+0200] {example_python_operator.py:89} WARNING - The virtalenv_python example task requires virtualenv, please install it.
[2023-09-29T21:51:02.646+0200] {processor.py:839} INFO - DAG(s) dict_keys(['example_python_operator']) retrieved from /home/radtrz/.local/lib/python3.10/site-packages/airflow/example_dags/example_python_operator.py
[2023-09-29T21:51:02.655+0200] {logging_mixin.py:151} INFO - [2023-09-29T21:51:02.655+0200] {dag.py:2915} INFO - Sync 1 DAGs
[2023-09-29T21:51:02.661+0200] {logging_mixin.py:151} INFO - [2023-09-29T21:51:02.661+0200] {dag.py:3696} INFO - Setting next_dagrun for example_python_operator to None, run_after=None
[2023-09-29T21:51:02.672+0200] {processor.py:179} INFO - Processing /home/radtrz/.local/lib/python3.10/site-packages/airflow/example_dags/example_python_operator.py took 0.035 seconds
[2023-09-29T21:51:47.178+0200] {processor.py:157} INFO - Started process (PID=19358) to work on /home/radtrz/.local/lib/python3.10/site-packages/airflow/example_dags/example_python_operator.py
[2023-09-29T21:51:47.187+0200] {processor.py:829} INFO - Processing file /home/radtrz/.local/lib/python3.10/site-packages/airflow/example_dags/example_python_operator.py for tasks to queue
[2023-09-29T21:51:47.187+0200] {logging_mixin.py:151} INFO - [2023-09-29T21:51:47.187+0200] {dagbag.py:539} INFO - Filling up the DagBag from /home/radtrz/.local/lib/python3.10/site-packages/airflow/example_dags/example_python_operator.py
[2023-09-29T21:51:47.192+0200] {logging_mixin.py:151} INFO - [2023-09-29T21:51:47.191+0200] {example_python_operator.py:89} WARNING - The virtalenv_python example task requires virtualenv, please install it.
[2023-09-29T21:51:47.192+0200] {processor.py:839} INFO - DAG(s) dict_keys(['example_python_operator']) retrieved from /home/radtrz/.local/lib/python3.10/site-packages/airflow/example_dags/example_python_operator.py
[2023-09-29T21:51:47.201+0200] {logging_mixin.py:151} INFO - [2023-09-29T21:51:47.201+0200] {dag.py:2915} INFO - Sync 1 DAGs
[2023-09-29T21:51:47.207+0200] {logging_mixin.py:151} INFO - [2023-09-29T21:51:47.207+0200] {dag.py:3696} INFO - Setting next_dagrun for example_python_operator to None, run_after=None
[2023-09-29T21:51:47.235+0200] {processor.py:179} INFO - Processing /home/radtrz/.local/lib/python3.10/site-packages/airflow/example_dags/example_python_operator.py took 0.059 seconds
[2023-09-29T21:52:30.063+0200] {processor.py:157} INFO - Started process (PID=19421) to work on /home/radtrz/.local/lib/python3.10/site-packages/airflow/example_dags/example_python_operator.py
[2023-09-29T21:52:30.072+0200] {processor.py:829} INFO - Processing file /home/radtrz/.local/lib/python3.10/site-packages/airflow/example_dags/example_python_operator.py for tasks to queue
[2023-09-29T21:52:30.072+0200] {logging_mixin.py:151} INFO - [2023-09-29T21:52:30.072+0200] {dagbag.py:539} INFO - Filling up the DagBag from /home/radtrz/.local/lib/python3.10/site-packages/airflow/example_dags/example_python_operator.py
[2023-09-29T21:52:30.076+0200] {logging_mixin.py:151} INFO - [2023-09-29T21:52:30.076+0200] {example_python_operator.py:89} WARNING - The virtalenv_python example task requires virtualenv, please install it.
[2023-09-29T21:52:30.077+0200] {processor.py:839} INFO - DAG(s) dict_keys(['example_python_operator']) retrieved from /home/radtrz/.local/lib/python3.10/site-packages/airflow/example_dags/example_python_operator.py
[2023-09-29T21:52:30.086+0200] {logging_mixin.py:151} INFO - [2023-09-29T21:52:30.086+0200] {dag.py:2915} INFO - Sync 1 DAGs
[2023-09-29T21:52:30.091+0200] {logging_mixin.py:151} INFO - [2023-09-29T21:52:30.091+0200] {dag.py:3696} INFO - Setting next_dagrun for example_python_operator to None, run_after=None
[2023-09-29T21:52:30.107+0200] {processor.py:179} INFO - Processing /home/radtrz/.local/lib/python3.10/site-packages/airflow/example_dags/example_python_operator.py took 0.045 seconds
[2023-09-29T21:53:12.278+0200] {processor.py:157} INFO - Started process (PID=19477) to work on /home/radtrz/.local/lib/python3.10/site-packages/airflow/example_dags/example_python_operator.py
[2023-09-29T21:53:12.287+0200] {processor.py:829} INFO - Processing file /home/radtrz/.local/lib/python3.10/site-packages/airflow/example_dags/example_python_operator.py for tasks to queue
[2023-09-29T21:53:12.287+0200] {logging_mixin.py:151} INFO - [2023-09-29T21:53:12.287+0200] {dagbag.py:539} INFO - Filling up the DagBag from /home/radtrz/.local/lib/python3.10/site-packages/airflow/example_dags/example_python_operator.py
[2023-09-29T21:53:12.291+0200] {logging_mixin.py:151} INFO - [2023-09-29T21:53:12.291+0200] {example_python_operator.py:89} WARNING - The virtalenv_python example task requires virtualenv, please install it.
[2023-09-29T21:53:12.292+0200] {processor.py:839} INFO - DAG(s) dict_keys(['example_python_operator']) retrieved from /home/radtrz/.local/lib/python3.10/site-packages/airflow/example_dags/example_python_operator.py
[2023-09-29T21:53:12.300+0200] {logging_mixin.py:151} INFO - [2023-09-29T21:53:12.300+0200] {dag.py:2915} INFO - Sync 1 DAGs
[2023-09-29T21:53:12.305+0200] {logging_mixin.py:151} INFO - [2023-09-29T21:53:12.305+0200] {dag.py:3696} INFO - Setting next_dagrun for example_python_operator to None, run_after=None
[2023-09-29T21:53:12.318+0200] {processor.py:179} INFO - Processing /home/radtrz/.local/lib/python3.10/site-packages/airflow/example_dags/example_python_operator.py took 0.041 seconds
[2023-09-29T21:53:56.386+0200] {processor.py:157} INFO - Started process (PID=19537) to work on /home/radtrz/.local/lib/python3.10/site-packages/airflow/example_dags/example_python_operator.py
[2023-09-29T21:53:56.386+0200] {processor.py:829} INFO - Processing file /home/radtrz/.local/lib/python3.10/site-packages/airflow/example_dags/example_python_operator.py for tasks to queue
[2023-09-29T21:53:56.387+0200] {logging_mixin.py:151} INFO - [2023-09-29T21:53:56.387+0200] {dagbag.py:539} INFO - Filling up the DagBag from /home/radtrz/.local/lib/python3.10/site-packages/airflow/example_dags/example_python_operator.py
[2023-09-29T21:53:56.391+0200] {logging_mixin.py:151} INFO - [2023-09-29T21:53:56.391+0200] {example_python_operator.py:89} WARNING - The virtalenv_python example task requires virtualenv, please install it.
[2023-09-29T21:53:56.391+0200] {processor.py:839} INFO - DAG(s) dict_keys(['example_python_operator']) retrieved from /home/radtrz/.local/lib/python3.10/site-packages/airflow/example_dags/example_python_operator.py
[2023-09-29T21:53:56.400+0200] {logging_mixin.py:151} INFO - [2023-09-29T21:53:56.400+0200] {dag.py:2915} INFO - Sync 1 DAGs
[2023-09-29T21:53:56.406+0200] {logging_mixin.py:151} INFO - [2023-09-29T21:53:56.406+0200] {dag.py:3696} INFO - Setting next_dagrun for example_python_operator to None, run_after=None
[2023-09-29T21:53:56.416+0200] {processor.py:179} INFO - Processing /home/radtrz/.local/lib/python3.10/site-packages/airflow/example_dags/example_python_operator.py took 0.032 seconds
[2023-09-29T21:54:51.793+0200] {processor.py:157} INFO - Started process (PID=19618) to work on /home/radtrz/.local/lib/python3.10/site-packages/airflow/example_dags/example_python_operator.py
[2023-09-29T21:54:51.802+0200] {processor.py:829} INFO - Processing file /home/radtrz/.local/lib/python3.10/site-packages/airflow/example_dags/example_python_operator.py for tasks to queue
[2023-09-29T21:54:51.802+0200] {logging_mixin.py:151} INFO - [2023-09-29T21:54:51.802+0200] {dagbag.py:539} INFO - Filling up the DagBag from /home/radtrz/.local/lib/python3.10/site-packages/airflow/example_dags/example_python_operator.py
[2023-09-29T21:54:51.807+0200] {logging_mixin.py:151} INFO - [2023-09-29T21:54:51.807+0200] {example_python_operator.py:89} WARNING - The virtalenv_python example task requires virtualenv, please install it.
[2023-09-29T21:54:51.807+0200] {processor.py:839} INFO - DAG(s) dict_keys(['example_python_operator']) retrieved from /home/radtrz/.local/lib/python3.10/site-packages/airflow/example_dags/example_python_operator.py
[2023-09-29T21:54:51.816+0200] {logging_mixin.py:151} INFO - [2023-09-29T21:54:51.816+0200] {dag.py:2915} INFO - Sync 1 DAGs
[2023-09-29T21:54:51.823+0200] {logging_mixin.py:151} INFO - [2023-09-29T21:54:51.822+0200] {dag.py:3696} INFO - Setting next_dagrun for example_python_operator to None, run_after=None
[2023-09-29T21:54:51.847+0200] {processor.py:179} INFO - Processing /home/radtrz/.local/lib/python3.10/site-packages/airflow/example_dags/example_python_operator.py took 0.056 seconds
[2023-09-29T21:55:34.673+0200] {processor.py:157} INFO - Started process (PID=19771) to work on /home/radtrz/.local/lib/python3.10/site-packages/airflow/example_dags/example_python_operator.py
[2023-09-29T21:55:34.673+0200] {processor.py:829} INFO - Processing file /home/radtrz/.local/lib/python3.10/site-packages/airflow/example_dags/example_python_operator.py for tasks to queue
[2023-09-29T21:55:34.674+0200] {logging_mixin.py:151} INFO - [2023-09-29T21:55:34.673+0200] {dagbag.py:539} INFO - Filling up the DagBag from /home/radtrz/.local/lib/python3.10/site-packages/airflow/example_dags/example_python_operator.py
[2023-09-29T21:55:34.678+0200] {logging_mixin.py:151} INFO - [2023-09-29T21:55:34.678+0200] {example_python_operator.py:89} WARNING - The virtalenv_python example task requires virtualenv, please install it.
[2023-09-29T21:55:34.679+0200] {processor.py:839} INFO - DAG(s) dict_keys(['example_python_operator']) retrieved from /home/radtrz/.local/lib/python3.10/site-packages/airflow/example_dags/example_python_operator.py
[2023-09-29T21:55:34.687+0200] {logging_mixin.py:151} INFO - [2023-09-29T21:55:34.687+0200] {dag.py:2915} INFO - Sync 1 DAGs
[2023-09-29T21:55:34.693+0200] {logging_mixin.py:151} INFO - [2023-09-29T21:55:34.693+0200] {dag.py:3696} INFO - Setting next_dagrun for example_python_operator to None, run_after=None
[2023-09-29T21:55:34.716+0200] {processor.py:179} INFO - Processing /home/radtrz/.local/lib/python3.10/site-packages/airflow/example_dags/example_python_operator.py took 0.044 seconds
