[2023-09-29T21:46:42.524+0200] {processor.py:157} INFO - Started process (PID=18691) to work on /home/radtrz/.local/lib/python3.10/site-packages/airflow/example_dags/example_setup_teardown_taskflow.py
[2023-09-29T21:46:42.524+0200] {processor.py:829} INFO - Processing file /home/radtrz/.local/lib/python3.10/site-packages/airflow/example_dags/example_setup_teardown_taskflow.py for tasks to queue
[2023-09-29T21:46:42.525+0200] {logging_mixin.py:151} INFO - [2023-09-29T21:46:42.524+0200] {dagbag.py:539} INFO - Filling up the DagBag from /home/radtrz/.local/lib/python3.10/site-packages/airflow/example_dags/example_setup_teardown_taskflow.py
[2023-09-29T21:46:42.529+0200] {processor.py:839} INFO - DAG(s) dict_keys(['example_setup_teardown_taskflow']) retrieved from /home/radtrz/.local/lib/python3.10/site-packages/airflow/example_dags/example_setup_teardown_taskflow.py
[2023-09-29T21:46:42.588+0200] {logging_mixin.py:151} INFO - [2023-09-29T21:46:42.588+0200] {manager.py:499} INFO - Created Permission View: %s
[2023-09-29T21:46:42.594+0200] {logging_mixin.py:151} INFO - [2023-09-29T21:46:42.594+0200] {manager.py:499} INFO - Created Permission View: %s
[2023-09-29T21:46:42.598+0200] {logging_mixin.py:151} INFO - [2023-09-29T21:46:42.598+0200] {manager.py:499} INFO - Created Permission View: %s
[2023-09-29T21:46:42.598+0200] {logging_mixin.py:151} INFO - [2023-09-29T21:46:42.598+0200] {security.py:708} INFO - Not syncing DAG-level permissions for DAG 'DAG:example_setup_teardown_taskflow' as access control is unset.
[2023-09-29T21:46:42.598+0200] {logging_mixin.py:151} INFO - [2023-09-29T21:46:42.598+0200] {dag.py:2915} INFO - Sync 1 DAGs
[2023-09-29T21:46:42.604+0200] {logging_mixin.py:151} INFO - [2023-09-29T21:46:42.604+0200] {dag.py:2937} INFO - Creating ORM DAG for example_setup_teardown_taskflow
[2023-09-29T21:46:42.608+0200] {logging_mixin.py:151} INFO - [2023-09-29T21:46:42.608+0200] {dag.py:3696} INFO - Setting next_dagrun for example_setup_teardown_taskflow to 2023-09-28T19:46:42.608067+00:00, run_after=2023-09-29T19:46:42.608067+00:00
[2023-09-29T21:46:42.618+0200] {processor.py:179} INFO - Processing /home/radtrz/.local/lib/python3.10/site-packages/airflow/example_dags/example_setup_teardown_taskflow.py took 0.095 seconds
[2023-09-29T21:47:30.242+0200] {processor.py:157} INFO - Started process (PID=18748) to work on /home/radtrz/.local/lib/python3.10/site-packages/airflow/example_dags/example_setup_teardown_taskflow.py
[2023-09-29T21:47:30.250+0200] {processor.py:829} INFO - Processing file /home/radtrz/.local/lib/python3.10/site-packages/airflow/example_dags/example_setup_teardown_taskflow.py for tasks to queue
[2023-09-29T21:47:30.251+0200] {logging_mixin.py:151} INFO - [2023-09-29T21:47:30.251+0200] {dagbag.py:539} INFO - Filling up the DagBag from /home/radtrz/.local/lib/python3.10/site-packages/airflow/example_dags/example_setup_teardown_taskflow.py
[2023-09-29T21:47:30.256+0200] {processor.py:839} INFO - DAG(s) dict_keys(['example_setup_teardown_taskflow']) retrieved from /home/radtrz/.local/lib/python3.10/site-packages/airflow/example_dags/example_setup_teardown_taskflow.py
[2023-09-29T21:47:30.265+0200] {logging_mixin.py:151} INFO - [2023-09-29T21:47:30.265+0200] {dag.py:2915} INFO - Sync 1 DAGs
[2023-09-29T21:47:30.276+0200] {logging_mixin.py:151} INFO - [2023-09-29T21:47:30.275+0200] {dag.py:3696} INFO - Setting next_dagrun for example_setup_teardown_taskflow to 2023-09-28T19:47:30.275782+00:00, run_after=2023-09-29T19:47:30.275782+00:00
[2023-09-29T21:47:30.302+0200] {processor.py:179} INFO - Processing /home/radtrz/.local/lib/python3.10/site-packages/airflow/example_dags/example_setup_teardown_taskflow.py took 0.062 seconds
[2023-09-29T21:48:13.495+0200] {processor.py:157} INFO - Started process (PID=19038) to work on /home/radtrz/.local/lib/python3.10/site-packages/airflow/example_dags/example_setup_teardown_taskflow.py
[2023-09-29T21:48:13.503+0200] {processor.py:829} INFO - Processing file /home/radtrz/.local/lib/python3.10/site-packages/airflow/example_dags/example_setup_teardown_taskflow.py for tasks to queue
[2023-09-29T21:48:13.504+0200] {logging_mixin.py:151} INFO - [2023-09-29T21:48:13.504+0200] {dagbag.py:539} INFO - Filling up the DagBag from /home/radtrz/.local/lib/python3.10/site-packages/airflow/example_dags/example_setup_teardown_taskflow.py
[2023-09-29T21:48:13.509+0200] {processor.py:839} INFO - DAG(s) dict_keys(['example_setup_teardown_taskflow']) retrieved from /home/radtrz/.local/lib/python3.10/site-packages/airflow/example_dags/example_setup_teardown_taskflow.py
[2023-09-29T21:48:13.518+0200] {logging_mixin.py:151} INFO - [2023-09-29T21:48:13.517+0200] {dag.py:2915} INFO - Sync 1 DAGs
[2023-09-29T21:48:13.527+0200] {logging_mixin.py:151} INFO - [2023-09-29T21:48:13.527+0200] {dag.py:3696} INFO - Setting next_dagrun for example_setup_teardown_taskflow to 2023-09-28T19:48:13.527419+00:00, run_after=2023-09-29T19:48:13.527419+00:00
[2023-09-29T21:48:13.538+0200] {processor.py:179} INFO - Processing /home/radtrz/.local/lib/python3.10/site-packages/airflow/example_dags/example_setup_teardown_taskflow.py took 0.045 seconds
[2023-09-29T21:48:56.304+0200] {processor.py:157} INFO - Started process (PID=19119) to work on /home/radtrz/.local/lib/python3.10/site-packages/airflow/example_dags/example_setup_teardown_taskflow.py
[2023-09-29T21:48:56.305+0200] {processor.py:829} INFO - Processing file /home/radtrz/.local/lib/python3.10/site-packages/airflow/example_dags/example_setup_teardown_taskflow.py for tasks to queue
[2023-09-29T21:48:56.306+0200] {logging_mixin.py:151} INFO - [2023-09-29T21:48:56.306+0200] {dagbag.py:539} INFO - Filling up the DagBag from /home/radtrz/.local/lib/python3.10/site-packages/airflow/example_dags/example_setup_teardown_taskflow.py
[2023-09-29T21:48:56.311+0200] {processor.py:839} INFO - DAG(s) dict_keys(['example_setup_teardown_taskflow']) retrieved from /home/radtrz/.local/lib/python3.10/site-packages/airflow/example_dags/example_setup_teardown_taskflow.py
[2023-09-29T21:48:56.319+0200] {logging_mixin.py:151} INFO - [2023-09-29T21:48:56.319+0200] {dag.py:2915} INFO - Sync 1 DAGs
[2023-09-29T21:48:56.329+0200] {logging_mixin.py:151} INFO - [2023-09-29T21:48:56.329+0200] {dag.py:3696} INFO - Setting next_dagrun for example_setup_teardown_taskflow to 2023-09-28T19:48:56.329078+00:00, run_after=2023-09-29T19:48:56.329078+00:00
[2023-09-29T21:48:56.355+0200] {processor.py:179} INFO - Processing /home/radtrz/.local/lib/python3.10/site-packages/airflow/example_dags/example_setup_teardown_taskflow.py took 0.053 seconds
[2023-09-29T21:49:38.870+0200] {processor.py:157} INFO - Started process (PID=19200) to work on /home/radtrz/.local/lib/python3.10/site-packages/airflow/example_dags/example_setup_teardown_taskflow.py
[2023-09-29T21:49:38.878+0200] {processor.py:829} INFO - Processing file /home/radtrz/.local/lib/python3.10/site-packages/airflow/example_dags/example_setup_teardown_taskflow.py for tasks to queue
[2023-09-29T21:49:38.879+0200] {logging_mixin.py:151} INFO - [2023-09-29T21:49:38.878+0200] {dagbag.py:539} INFO - Filling up the DagBag from /home/radtrz/.local/lib/python3.10/site-packages/airflow/example_dags/example_setup_teardown_taskflow.py
[2023-09-29T21:49:38.884+0200] {processor.py:839} INFO - DAG(s) dict_keys(['example_setup_teardown_taskflow']) retrieved from /home/radtrz/.local/lib/python3.10/site-packages/airflow/example_dags/example_setup_teardown_taskflow.py
[2023-09-29T21:49:38.892+0200] {logging_mixin.py:151} INFO - [2023-09-29T21:49:38.892+0200] {dag.py:2915} INFO - Sync 1 DAGs
[2023-09-29T21:49:38.902+0200] {logging_mixin.py:151} INFO - [2023-09-29T21:49:38.902+0200] {dag.py:3696} INFO - Setting next_dagrun for example_setup_teardown_taskflow to 2023-09-28T19:49:38.901938+00:00, run_after=2023-09-29T19:49:38.901938+00:00
[2023-09-29T21:49:38.913+0200] {processor.py:179} INFO - Processing /home/radtrz/.local/lib/python3.10/site-packages/airflow/example_dags/example_setup_teardown_taskflow.py took 0.044 seconds
[2023-09-29T21:50:15.795+0200] {processor.py:157} INFO - Started process (PID=19247) to work on /home/radtrz/.local/lib/python3.10/site-packages/airflow/example_dags/example_setup_teardown_taskflow.py
[2023-09-29T21:50:15.804+0200] {processor.py:829} INFO - Processing file /home/radtrz/.local/lib/python3.10/site-packages/airflow/example_dags/example_setup_teardown_taskflow.py for tasks to queue
[2023-09-29T21:50:15.804+0200] {logging_mixin.py:151} INFO - [2023-09-29T21:50:15.804+0200] {dagbag.py:539} INFO - Filling up the DagBag from /home/radtrz/.local/lib/python3.10/site-packages/airflow/example_dags/example_setup_teardown_taskflow.py
[2023-09-29T21:50:15.810+0200] {processor.py:839} INFO - DAG(s) dict_keys(['example_setup_teardown_taskflow']) retrieved from /home/radtrz/.local/lib/python3.10/site-packages/airflow/example_dags/example_setup_teardown_taskflow.py
[2023-09-29T21:50:15.820+0200] {logging_mixin.py:151} INFO - [2023-09-29T21:50:15.820+0200] {dag.py:2915} INFO - Sync 1 DAGs
[2023-09-29T21:50:15.831+0200] {logging_mixin.py:151} INFO - [2023-09-29T21:50:15.831+0200] {dag.py:3696} INFO - Setting next_dagrun for example_setup_teardown_taskflow to 2023-09-28T19:50:15.831112+00:00, run_after=2023-09-29T19:50:15.831112+00:00
[2023-09-29T21:50:15.850+0200] {processor.py:179} INFO - Processing /home/radtrz/.local/lib/python3.10/site-packages/airflow/example_dags/example_setup_teardown_taskflow.py took 0.057 seconds
[2023-09-29T21:50:58.640+0200] {processor.py:157} INFO - Started process (PID=19301) to work on /home/radtrz/.local/lib/python3.10/site-packages/airflow/example_dags/example_setup_teardown_taskflow.py
[2023-09-29T21:50:58.648+0200] {processor.py:829} INFO - Processing file /home/radtrz/.local/lib/python3.10/site-packages/airflow/example_dags/example_setup_teardown_taskflow.py for tasks to queue
[2023-09-29T21:50:58.649+0200] {logging_mixin.py:151} INFO - [2023-09-29T21:50:58.648+0200] {dagbag.py:539} INFO - Filling up the DagBag from /home/radtrz/.local/lib/python3.10/site-packages/airflow/example_dags/example_setup_teardown_taskflow.py
[2023-09-29T21:50:58.654+0200] {processor.py:839} INFO - DAG(s) dict_keys(['example_setup_teardown_taskflow']) retrieved from /home/radtrz/.local/lib/python3.10/site-packages/airflow/example_dags/example_setup_teardown_taskflow.py
[2023-09-29T21:50:58.663+0200] {logging_mixin.py:151} INFO - [2023-09-29T21:50:58.662+0200] {dag.py:2915} INFO - Sync 1 DAGs
[2023-09-29T21:50:58.673+0200] {logging_mixin.py:151} INFO - [2023-09-29T21:50:58.673+0200] {dag.py:3696} INFO - Setting next_dagrun for example_setup_teardown_taskflow to 2023-09-28T19:50:58.672909+00:00, run_after=2023-09-29T19:50:58.672909+00:00
[2023-09-29T21:50:58.694+0200] {processor.py:179} INFO - Processing /home/radtrz/.local/lib/python3.10/site-packages/airflow/example_dags/example_setup_teardown_taskflow.py took 0.056 seconds
[2023-09-29T21:51:42.882+0200] {processor.py:157} INFO - Started process (PID=19354) to work on /home/radtrz/.local/lib/python3.10/site-packages/airflow/example_dags/example_setup_teardown_taskflow.py
[2023-09-29T21:51:42.890+0200] {processor.py:829} INFO - Processing file /home/radtrz/.local/lib/python3.10/site-packages/airflow/example_dags/example_setup_teardown_taskflow.py for tasks to queue
[2023-09-29T21:51:42.891+0200] {logging_mixin.py:151} INFO - [2023-09-29T21:51:42.890+0200] {dagbag.py:539} INFO - Filling up the DagBag from /home/radtrz/.local/lib/python3.10/site-packages/airflow/example_dags/example_setup_teardown_taskflow.py
[2023-09-29T21:51:42.896+0200] {processor.py:839} INFO - DAG(s) dict_keys(['example_setup_teardown_taskflow']) retrieved from /home/radtrz/.local/lib/python3.10/site-packages/airflow/example_dags/example_setup_teardown_taskflow.py
[2023-09-29T21:51:42.904+0200] {logging_mixin.py:151} INFO - [2023-09-29T21:51:42.904+0200] {dag.py:2915} INFO - Sync 1 DAGs
[2023-09-29T21:51:42.913+0200] {logging_mixin.py:151} INFO - [2023-09-29T21:51:42.913+0200] {dag.py:3696} INFO - Setting next_dagrun for example_setup_teardown_taskflow to 2023-09-28T19:51:42.913467+00:00, run_after=2023-09-29T19:51:42.913467+00:00
[2023-09-29T21:51:42.950+0200] {processor.py:179} INFO - Processing /home/radtrz/.local/lib/python3.10/site-packages/airflow/example_dags/example_setup_teardown_taskflow.py took 0.070 seconds
[2023-09-29T21:52:24.919+0200] {processor.py:157} INFO - Started process (PID=19416) to work on /home/radtrz/.local/lib/python3.10/site-packages/airflow/example_dags/example_setup_teardown_taskflow.py
[2023-09-29T21:52:24.928+0200] {processor.py:829} INFO - Processing file /home/radtrz/.local/lib/python3.10/site-packages/airflow/example_dags/example_setup_teardown_taskflow.py for tasks to queue
[2023-09-29T21:52:24.928+0200] {logging_mixin.py:151} INFO - [2023-09-29T21:52:24.928+0200] {dagbag.py:539} INFO - Filling up the DagBag from /home/radtrz/.local/lib/python3.10/site-packages/airflow/example_dags/example_setup_teardown_taskflow.py
[2023-09-29T21:52:24.933+0200] {processor.py:839} INFO - DAG(s) dict_keys(['example_setup_teardown_taskflow']) retrieved from /home/radtrz/.local/lib/python3.10/site-packages/airflow/example_dags/example_setup_teardown_taskflow.py
[2023-09-29T21:52:24.943+0200] {logging_mixin.py:151} INFO - [2023-09-29T21:52:24.943+0200] {dag.py:2915} INFO - Sync 1 DAGs
[2023-09-29T21:52:24.953+0200] {logging_mixin.py:151} INFO - [2023-09-29T21:52:24.953+0200] {dag.py:3696} INFO - Setting next_dagrun for example_setup_teardown_taskflow to 2023-09-28T19:52:24.952926+00:00, run_after=2023-09-29T19:52:24.952926+00:00
[2023-09-29T21:52:24.964+0200] {processor.py:179} INFO - Processing /home/radtrz/.local/lib/python3.10/site-packages/airflow/example_dags/example_setup_teardown_taskflow.py took 0.046 seconds
[2023-09-29T21:53:08.427+0200] {processor.py:157} INFO - Started process (PID=19473) to work on /home/radtrz/.local/lib/python3.10/site-packages/airflow/example_dags/example_setup_teardown_taskflow.py
[2023-09-29T21:53:08.435+0200] {processor.py:829} INFO - Processing file /home/radtrz/.local/lib/python3.10/site-packages/airflow/example_dags/example_setup_teardown_taskflow.py for tasks to queue
[2023-09-29T21:53:08.436+0200] {logging_mixin.py:151} INFO - [2023-09-29T21:53:08.436+0200] {dagbag.py:539} INFO - Filling up the DagBag from /home/radtrz/.local/lib/python3.10/site-packages/airflow/example_dags/example_setup_teardown_taskflow.py
[2023-09-29T21:53:08.441+0200] {processor.py:839} INFO - DAG(s) dict_keys(['example_setup_teardown_taskflow']) retrieved from /home/radtrz/.local/lib/python3.10/site-packages/airflow/example_dags/example_setup_teardown_taskflow.py
[2023-09-29T21:53:08.449+0200] {logging_mixin.py:151} INFO - [2023-09-29T21:53:08.449+0200] {dag.py:2915} INFO - Sync 1 DAGs
[2023-09-29T21:53:08.459+0200] {logging_mixin.py:151} INFO - [2023-09-29T21:53:08.459+0200] {dag.py:3696} INFO - Setting next_dagrun for example_setup_teardown_taskflow to 2023-09-28T19:53:08.459307+00:00, run_after=2023-09-29T19:53:08.459307+00:00
[2023-09-29T21:53:08.471+0200] {processor.py:179} INFO - Processing /home/radtrz/.local/lib/python3.10/site-packages/airflow/example_dags/example_setup_teardown_taskflow.py took 0.046 seconds
[2023-09-29T21:53:48.953+0200] {processor.py:157} INFO - Started process (PID=19528) to work on /home/radtrz/.local/lib/python3.10/site-packages/airflow/example_dags/example_setup_teardown_taskflow.py
[2023-09-29T21:53:48.954+0200] {processor.py:829} INFO - Processing file /home/radtrz/.local/lib/python3.10/site-packages/airflow/example_dags/example_setup_teardown_taskflow.py for tasks to queue
[2023-09-29T21:53:48.954+0200] {logging_mixin.py:151} INFO - [2023-09-29T21:53:48.954+0200] {dagbag.py:539} INFO - Filling up the DagBag from /home/radtrz/.local/lib/python3.10/site-packages/airflow/example_dags/example_setup_teardown_taskflow.py
[2023-09-29T21:53:48.959+0200] {processor.py:839} INFO - DAG(s) dict_keys(['example_setup_teardown_taskflow']) retrieved from /home/radtrz/.local/lib/python3.10/site-packages/airflow/example_dags/example_setup_teardown_taskflow.py
[2023-09-29T21:53:48.968+0200] {logging_mixin.py:151} INFO - [2023-09-29T21:53:48.968+0200] {dag.py:2915} INFO - Sync 1 DAGs
[2023-09-29T21:53:48.977+0200] {logging_mixin.py:151} INFO - [2023-09-29T21:53:48.977+0200] {dag.py:3696} INFO - Setting next_dagrun for example_setup_teardown_taskflow to 2023-09-28T19:53:48.977423+00:00, run_after=2023-09-29T19:53:48.977423+00:00
[2023-09-29T21:53:48.987+0200] {processor.py:179} INFO - Processing /home/radtrz/.local/lib/python3.10/site-packages/airflow/example_dags/example_setup_teardown_taskflow.py took 0.037 seconds
[2023-09-29T21:54:47.248+0200] {processor.py:157} INFO - Started process (PID=19614) to work on /home/radtrz/.local/lib/python3.10/site-packages/airflow/example_dags/example_setup_teardown_taskflow.py
[2023-09-29T21:54:47.257+0200] {processor.py:829} INFO - Processing file /home/radtrz/.local/lib/python3.10/site-packages/airflow/example_dags/example_setup_teardown_taskflow.py for tasks to queue
[2023-09-29T21:54:47.257+0200] {logging_mixin.py:151} INFO - [2023-09-29T21:54:47.257+0200] {dagbag.py:539} INFO - Filling up the DagBag from /home/radtrz/.local/lib/python3.10/site-packages/airflow/example_dags/example_setup_teardown_taskflow.py
[2023-09-29T21:54:47.262+0200] {processor.py:839} INFO - DAG(s) dict_keys(['example_setup_teardown_taskflow']) retrieved from /home/radtrz/.local/lib/python3.10/site-packages/airflow/example_dags/example_setup_teardown_taskflow.py
[2023-09-29T21:54:47.271+0200] {logging_mixin.py:151} INFO - [2023-09-29T21:54:47.271+0200] {dag.py:2915} INFO - Sync 1 DAGs
[2023-09-29T21:54:47.281+0200] {logging_mixin.py:151} INFO - [2023-09-29T21:54:47.281+0200] {dag.py:3696} INFO - Setting next_dagrun for example_setup_teardown_taskflow to 2023-09-28T19:54:47.281474+00:00, run_after=2023-09-29T19:54:47.281474+00:00
[2023-09-29T21:54:47.301+0200] {processor.py:179} INFO - Processing /home/radtrz/.local/lib/python3.10/site-packages/airflow/example_dags/example_setup_teardown_taskflow.py took 0.055 seconds
[2023-09-29T21:55:30.666+0200] {processor.py:157} INFO - Started process (PID=19767) to work on /home/radtrz/.local/lib/python3.10/site-packages/airflow/example_dags/example_setup_teardown_taskflow.py
[2023-09-29T21:55:30.675+0200] {processor.py:829} INFO - Processing file /home/radtrz/.local/lib/python3.10/site-packages/airflow/example_dags/example_setup_teardown_taskflow.py for tasks to queue
[2023-09-29T21:55:30.675+0200] {logging_mixin.py:151} INFO - [2023-09-29T21:55:30.675+0200] {dagbag.py:539} INFO - Filling up the DagBag from /home/radtrz/.local/lib/python3.10/site-packages/airflow/example_dags/example_setup_teardown_taskflow.py
[2023-09-29T21:55:30.681+0200] {processor.py:839} INFO - DAG(s) dict_keys(['example_setup_teardown_taskflow']) retrieved from /home/radtrz/.local/lib/python3.10/site-packages/airflow/example_dags/example_setup_teardown_taskflow.py
[2023-09-29T21:55:30.690+0200] {logging_mixin.py:151} INFO - [2023-09-29T21:55:30.689+0200] {dag.py:2915} INFO - Sync 1 DAGs
[2023-09-29T21:55:30.700+0200] {logging_mixin.py:151} INFO - [2023-09-29T21:55:30.699+0200] {dag.py:3696} INFO - Setting next_dagrun for example_setup_teardown_taskflow to 2023-09-28T19:55:30.699775+00:00, run_after=2023-09-29T19:55:30.699775+00:00
[2023-09-29T21:55:30.722+0200] {processor.py:179} INFO - Processing /home/radtrz/.local/lib/python3.10/site-packages/airflow/example_dags/example_setup_teardown_taskflow.py took 0.057 seconds
