[2023-09-29T21:46:38.525+0200] {processor.py:157} INFO - Started process (PID=18687) to work on /home/radtrz/.local/lib/python3.10/site-packages/airflow/example_dags/example_nested_branch_dag.py
[2023-09-29T21:46:38.525+0200] {processor.py:829} INFO - Processing file /home/radtrz/.local/lib/python3.10/site-packages/airflow/example_dags/example_nested_branch_dag.py for tasks to queue
[2023-09-29T21:46:38.525+0200] {logging_mixin.py:151} INFO - [2023-09-29T21:46:38.525+0200] {dagbag.py:539} INFO - Filling up the DagBag from /home/radtrz/.local/lib/python3.10/site-packages/airflow/example_dags/example_nested_branch_dag.py
[2023-09-29T21:46:38.530+0200] {processor.py:839} INFO - DAG(s) dict_keys(['example_nested_branch_dag']) retrieved from /home/radtrz/.local/lib/python3.10/site-packages/airflow/example_dags/example_nested_branch_dag.py
[2023-09-29T21:46:38.605+0200] {logging_mixin.py:151} INFO - [2023-09-29T21:46:38.605+0200] {manager.py:499} INFO - Created Permission View: %s
[2023-09-29T21:46:38.610+0200] {logging_mixin.py:151} INFO - [2023-09-29T21:46:38.610+0200] {manager.py:499} INFO - Created Permission View: %s
[2023-09-29T21:46:38.615+0200] {logging_mixin.py:151} INFO - [2023-09-29T21:46:38.614+0200] {manager.py:499} INFO - Created Permission View: %s
[2023-09-29T21:46:38.615+0200] {logging_mixin.py:151} INFO - [2023-09-29T21:46:38.615+0200] {security.py:708} INFO - Not syncing DAG-level permissions for DAG 'DAG:example_nested_branch_dag' as access control is unset.
[2023-09-29T21:46:38.615+0200] {logging_mixin.py:151} INFO - [2023-09-29T21:46:38.615+0200] {dag.py:2915} INFO - Sync 1 DAGs
[2023-09-29T21:46:38.620+0200] {logging_mixin.py:151} INFO - [2023-09-29T21:46:38.620+0200] {dag.py:2937} INFO - Creating ORM DAG for example_nested_branch_dag
[2023-09-29T21:46:38.625+0200] {logging_mixin.py:151} INFO - [2023-09-29T21:46:38.625+0200] {dag.py:3696} INFO - Setting next_dagrun for example_nested_branch_dag to 2023-09-28T00:00:00+00:00, run_after=2023-09-29T00:00:00+00:00
[2023-09-29T21:46:38.635+0200] {processor.py:179} INFO - Processing /home/radtrz/.local/lib/python3.10/site-packages/airflow/example_dags/example_nested_branch_dag.py took 0.111 seconds
[2023-09-29T21:47:26.235+0200] {processor.py:157} INFO - Started process (PID=18740) to work on /home/radtrz/.local/lib/python3.10/site-packages/airflow/example_dags/example_nested_branch_dag.py
[2023-09-29T21:47:26.236+0200] {processor.py:829} INFO - Processing file /home/radtrz/.local/lib/python3.10/site-packages/airflow/example_dags/example_nested_branch_dag.py for tasks to queue
[2023-09-29T21:47:26.236+0200] {logging_mixin.py:151} INFO - [2023-09-29T21:47:26.236+0200] {dagbag.py:539} INFO - Filling up the DagBag from /home/radtrz/.local/lib/python3.10/site-packages/airflow/example_dags/example_nested_branch_dag.py
[2023-09-29T21:47:26.241+0200] {processor.py:839} INFO - DAG(s) dict_keys(['example_nested_branch_dag']) retrieved from /home/radtrz/.local/lib/python3.10/site-packages/airflow/example_dags/example_nested_branch_dag.py
[2023-09-29T21:47:26.251+0200] {logging_mixin.py:151} INFO - [2023-09-29T21:47:26.251+0200] {dag.py:2915} INFO - Sync 1 DAGs
[2023-09-29T21:47:26.262+0200] {logging_mixin.py:151} INFO - [2023-09-29T21:47:26.262+0200] {dag.py:3696} INFO - Setting next_dagrun for example_nested_branch_dag to 2023-09-28T00:00:00+00:00, run_after=2023-09-29T00:00:00+00:00
[2023-09-29T21:47:26.287+0200] {processor.py:179} INFO - Processing /home/radtrz/.local/lib/python3.10/site-packages/airflow/example_dags/example_nested_branch_dag.py took 0.054 seconds
[2023-09-29T21:48:09.362+0200] {processor.py:157} INFO - Started process (PID=19034) to work on /home/radtrz/.local/lib/python3.10/site-packages/airflow/example_dags/example_nested_branch_dag.py
[2023-09-29T21:48:09.370+0200] {processor.py:829} INFO - Processing file /home/radtrz/.local/lib/python3.10/site-packages/airflow/example_dags/example_nested_branch_dag.py for tasks to queue
[2023-09-29T21:48:09.371+0200] {logging_mixin.py:151} INFO - [2023-09-29T21:48:09.370+0200] {dagbag.py:539} INFO - Filling up the DagBag from /home/radtrz/.local/lib/python3.10/site-packages/airflow/example_dags/example_nested_branch_dag.py
[2023-09-29T21:48:09.376+0200] {processor.py:839} INFO - DAG(s) dict_keys(['example_nested_branch_dag']) retrieved from /home/radtrz/.local/lib/python3.10/site-packages/airflow/example_dags/example_nested_branch_dag.py
[2023-09-29T21:48:09.384+0200] {logging_mixin.py:151} INFO - [2023-09-29T21:48:09.384+0200] {dag.py:2915} INFO - Sync 1 DAGs
[2023-09-29T21:48:09.395+0200] {logging_mixin.py:151} INFO - [2023-09-29T21:48:09.395+0200] {dag.py:3696} INFO - Setting next_dagrun for example_nested_branch_dag to 2023-09-28T00:00:00+00:00, run_after=2023-09-29T00:00:00+00:00
[2023-09-29T21:48:09.407+0200] {processor.py:179} INFO - Processing /home/radtrz/.local/lib/python3.10/site-packages/airflow/example_dags/example_nested_branch_dag.py took 0.047 seconds
[2023-09-29T21:48:52.605+0200] {processor.py:157} INFO - Started process (PID=19115) to work on /home/radtrz/.local/lib/python3.10/site-packages/airflow/example_dags/example_nested_branch_dag.py
[2023-09-29T21:48:52.613+0200] {processor.py:829} INFO - Processing file /home/radtrz/.local/lib/python3.10/site-packages/airflow/example_dags/example_nested_branch_dag.py for tasks to queue
[2023-09-29T21:48:52.614+0200] {logging_mixin.py:151} INFO - [2023-09-29T21:48:52.614+0200] {dagbag.py:539} INFO - Filling up the DagBag from /home/radtrz/.local/lib/python3.10/site-packages/airflow/example_dags/example_nested_branch_dag.py
[2023-09-29T21:48:52.619+0200] {processor.py:839} INFO - DAG(s) dict_keys(['example_nested_branch_dag']) retrieved from /home/radtrz/.local/lib/python3.10/site-packages/airflow/example_dags/example_nested_branch_dag.py
[2023-09-29T21:48:52.628+0200] {logging_mixin.py:151} INFO - [2023-09-29T21:48:52.627+0200] {dag.py:2915} INFO - Sync 1 DAGs
[2023-09-29T21:48:52.638+0200] {logging_mixin.py:151} INFO - [2023-09-29T21:48:52.638+0200] {dag.py:3696} INFO - Setting next_dagrun for example_nested_branch_dag to 2023-09-28T00:00:00+00:00, run_after=2023-09-29T00:00:00+00:00
[2023-09-29T21:48:52.648+0200] {processor.py:179} INFO - Processing /home/radtrz/.local/lib/python3.10/site-packages/airflow/example_dags/example_nested_branch_dag.py took 0.046 seconds
[2023-09-29T21:49:34.681+0200] {processor.py:157} INFO - Started process (PID=19196) to work on /home/radtrz/.local/lib/python3.10/site-packages/airflow/example_dags/example_nested_branch_dag.py
[2023-09-29T21:49:34.690+0200] {processor.py:829} INFO - Processing file /home/radtrz/.local/lib/python3.10/site-packages/airflow/example_dags/example_nested_branch_dag.py for tasks to queue
[2023-09-29T21:49:34.690+0200] {logging_mixin.py:151} INFO - [2023-09-29T21:49:34.690+0200] {dagbag.py:539} INFO - Filling up the DagBag from /home/radtrz/.local/lib/python3.10/site-packages/airflow/example_dags/example_nested_branch_dag.py
[2023-09-29T21:49:34.695+0200] {processor.py:839} INFO - DAG(s) dict_keys(['example_nested_branch_dag']) retrieved from /home/radtrz/.local/lib/python3.10/site-packages/airflow/example_dags/example_nested_branch_dag.py
[2023-09-29T21:49:34.704+0200] {logging_mixin.py:151} INFO - [2023-09-29T21:49:34.704+0200] {dag.py:2915} INFO - Sync 1 DAGs
[2023-09-29T21:49:34.715+0200] {logging_mixin.py:151} INFO - [2023-09-29T21:49:34.715+0200] {dag.py:3696} INFO - Setting next_dagrun for example_nested_branch_dag to 2023-09-28T00:00:00+00:00, run_after=2023-09-29T00:00:00+00:00
[2023-09-29T21:49:34.726+0200] {processor.py:179} INFO - Processing /home/radtrz/.local/lib/python3.10/site-packages/airflow/example_dags/example_nested_branch_dag.py took 0.046 seconds
[2023-09-29T21:50:11.241+0200] {processor.py:157} INFO - Started process (PID=19243) to work on /home/radtrz/.local/lib/python3.10/site-packages/airflow/example_dags/example_nested_branch_dag.py
[2023-09-29T21:50:11.249+0200] {processor.py:829} INFO - Processing file /home/radtrz/.local/lib/python3.10/site-packages/airflow/example_dags/example_nested_branch_dag.py for tasks to queue
[2023-09-29T21:50:11.250+0200] {logging_mixin.py:151} INFO - [2023-09-29T21:50:11.249+0200] {dagbag.py:539} INFO - Filling up the DagBag from /home/radtrz/.local/lib/python3.10/site-packages/airflow/example_dags/example_nested_branch_dag.py
[2023-09-29T21:50:11.255+0200] {processor.py:839} INFO - DAG(s) dict_keys(['example_nested_branch_dag']) retrieved from /home/radtrz/.local/lib/python3.10/site-packages/airflow/example_dags/example_nested_branch_dag.py
[2023-09-29T21:50:11.268+0200] {logging_mixin.py:151} INFO - [2023-09-29T21:50:11.268+0200] {dag.py:2915} INFO - Sync 1 DAGs
[2023-09-29T21:50:11.279+0200] {logging_mixin.py:151} INFO - [2023-09-29T21:50:11.278+0200] {dag.py:3696} INFO - Setting next_dagrun for example_nested_branch_dag to 2023-09-28T00:00:00+00:00, run_after=2023-09-29T00:00:00+00:00
[2023-09-29T21:50:11.294+0200] {processor.py:179} INFO - Processing /home/radtrz/.local/lib/python3.10/site-packages/airflow/example_dags/example_nested_branch_dag.py took 0.056 seconds
[2023-09-29T21:50:55.965+0200] {processor.py:157} INFO - Started process (PID=19297) to work on /home/radtrz/.local/lib/python3.10/site-packages/airflow/example_dags/example_nested_branch_dag.py
[2023-09-29T21:50:55.974+0200] {processor.py:829} INFO - Processing file /home/radtrz/.local/lib/python3.10/site-packages/airflow/example_dags/example_nested_branch_dag.py for tasks to queue
[2023-09-29T21:50:55.974+0200] {logging_mixin.py:151} INFO - [2023-09-29T21:50:55.974+0200] {dagbag.py:539} INFO - Filling up the DagBag from /home/radtrz/.local/lib/python3.10/site-packages/airflow/example_dags/example_nested_branch_dag.py
[2023-09-29T21:50:55.980+0200] {processor.py:839} INFO - DAG(s) dict_keys(['example_nested_branch_dag']) retrieved from /home/radtrz/.local/lib/python3.10/site-packages/airflow/example_dags/example_nested_branch_dag.py
[2023-09-29T21:50:55.991+0200] {logging_mixin.py:151} INFO - [2023-09-29T21:50:55.990+0200] {dag.py:2915} INFO - Sync 1 DAGs
[2023-09-29T21:50:56.001+0200] {logging_mixin.py:151} INFO - [2023-09-29T21:50:56.001+0200] {dag.py:3696} INFO - Setting next_dagrun for example_nested_branch_dag to 2023-09-28T00:00:00+00:00, run_after=2023-09-29T00:00:00+00:00
[2023-09-29T21:50:56.025+0200] {processor.py:179} INFO - Processing /home/radtrz/.local/lib/python3.10/site-packages/airflow/example_dags/example_nested_branch_dag.py took 0.061 seconds
[2023-09-29T21:51:38.625+0200] {processor.py:157} INFO - Started process (PID=19350) to work on /home/radtrz/.local/lib/python3.10/site-packages/airflow/example_dags/example_nested_branch_dag.py
[2023-09-29T21:51:38.632+0200] {processor.py:829} INFO - Processing file /home/radtrz/.local/lib/python3.10/site-packages/airflow/example_dags/example_nested_branch_dag.py for tasks to queue
[2023-09-29T21:51:38.633+0200] {logging_mixin.py:151} INFO - [2023-09-29T21:51:38.632+0200] {dagbag.py:539} INFO - Filling up the DagBag from /home/radtrz/.local/lib/python3.10/site-packages/airflow/example_dags/example_nested_branch_dag.py
[2023-09-29T21:51:38.638+0200] {processor.py:839} INFO - DAG(s) dict_keys(['example_nested_branch_dag']) retrieved from /home/radtrz/.local/lib/python3.10/site-packages/airflow/example_dags/example_nested_branch_dag.py
[2023-09-29T21:51:38.647+0200] {logging_mixin.py:151} INFO - [2023-09-29T21:51:38.647+0200] {dag.py:2915} INFO - Sync 1 DAGs
[2023-09-29T21:51:38.657+0200] {logging_mixin.py:151} INFO - [2023-09-29T21:51:38.657+0200] {dag.py:3696} INFO - Setting next_dagrun for example_nested_branch_dag to 2023-09-28T00:00:00+00:00, run_after=2023-09-29T00:00:00+00:00
[2023-09-29T21:51:38.673+0200] {processor.py:179} INFO - Processing /home/radtrz/.local/lib/python3.10/site-packages/airflow/example_dags/example_nested_branch_dag.py took 0.050 seconds
[2023-09-29T21:52:20.921+0200] {processor.py:157} INFO - Started process (PID=19412) to work on /home/radtrz/.local/lib/python3.10/site-packages/airflow/example_dags/example_nested_branch_dag.py
[2023-09-29T21:52:20.929+0200] {processor.py:829} INFO - Processing file /home/radtrz/.local/lib/python3.10/site-packages/airflow/example_dags/example_nested_branch_dag.py for tasks to queue
[2023-09-29T21:52:20.930+0200] {logging_mixin.py:151} INFO - [2023-09-29T21:52:20.929+0200] {dagbag.py:539} INFO - Filling up the DagBag from /home/radtrz/.local/lib/python3.10/site-packages/airflow/example_dags/example_nested_branch_dag.py
[2023-09-29T21:52:20.935+0200] {processor.py:839} INFO - DAG(s) dict_keys(['example_nested_branch_dag']) retrieved from /home/radtrz/.local/lib/python3.10/site-packages/airflow/example_dags/example_nested_branch_dag.py
[2023-09-29T21:52:20.944+0200] {logging_mixin.py:151} INFO - [2023-09-29T21:52:20.943+0200] {dag.py:2915} INFO - Sync 1 DAGs
[2023-09-29T21:52:20.954+0200] {logging_mixin.py:151} INFO - [2023-09-29T21:52:20.954+0200] {dag.py:3696} INFO - Setting next_dagrun for example_nested_branch_dag to 2023-09-28T00:00:00+00:00, run_after=2023-09-29T00:00:00+00:00
[2023-09-29T21:52:20.964+0200] {processor.py:179} INFO - Processing /home/radtrz/.local/lib/python3.10/site-packages/airflow/example_dags/example_nested_branch_dag.py took 0.046 seconds
[2023-09-29T21:53:05.417+0200] {processor.py:157} INFO - Started process (PID=19469) to work on /home/radtrz/.local/lib/python3.10/site-packages/airflow/example_dags/example_nested_branch_dag.py
[2023-09-29T21:53:05.418+0200] {processor.py:829} INFO - Processing file /home/radtrz/.local/lib/python3.10/site-packages/airflow/example_dags/example_nested_branch_dag.py for tasks to queue
[2023-09-29T21:53:05.418+0200] {logging_mixin.py:151} INFO - [2023-09-29T21:53:05.418+0200] {dagbag.py:539} INFO - Filling up the DagBag from /home/radtrz/.local/lib/python3.10/site-packages/airflow/example_dags/example_nested_branch_dag.py
[2023-09-29T21:53:05.425+0200] {processor.py:839} INFO - DAG(s) dict_keys(['example_nested_branch_dag']) retrieved from /home/radtrz/.local/lib/python3.10/site-packages/airflow/example_dags/example_nested_branch_dag.py
[2023-09-29T21:53:05.435+0200] {logging_mixin.py:151} INFO - [2023-09-29T21:53:05.435+0200] {dag.py:2915} INFO - Sync 1 DAGs
[2023-09-29T21:53:05.446+0200] {logging_mixin.py:151} INFO - [2023-09-29T21:53:05.446+0200] {dag.py:3696} INFO - Setting next_dagrun for example_nested_branch_dag to 2023-09-28T00:00:00+00:00, run_after=2023-09-29T00:00:00+00:00
[2023-09-29T21:53:05.458+0200] {processor.py:179} INFO - Processing /home/radtrz/.local/lib/python3.10/site-packages/airflow/example_dags/example_nested_branch_dag.py took 0.042 seconds
[2023-09-29T21:53:45.253+0200] {processor.py:157} INFO - Started process (PID=19524) to work on /home/radtrz/.local/lib/python3.10/site-packages/airflow/example_dags/example_nested_branch_dag.py
[2023-09-29T21:53:45.254+0200] {processor.py:829} INFO - Processing file /home/radtrz/.local/lib/python3.10/site-packages/airflow/example_dags/example_nested_branch_dag.py for tasks to queue
[2023-09-29T21:53:45.254+0200] {logging_mixin.py:151} INFO - [2023-09-29T21:53:45.254+0200] {dagbag.py:539} INFO - Filling up the DagBag from /home/radtrz/.local/lib/python3.10/site-packages/airflow/example_dags/example_nested_branch_dag.py
[2023-09-29T21:53:45.260+0200] {processor.py:839} INFO - DAG(s) dict_keys(['example_nested_branch_dag']) retrieved from /home/radtrz/.local/lib/python3.10/site-packages/airflow/example_dags/example_nested_branch_dag.py
[2023-09-29T21:53:45.279+0200] {logging_mixin.py:151} INFO - [2023-09-29T21:53:45.279+0200] {dag.py:2915} INFO - Sync 1 DAGs
[2023-09-29T21:53:45.308+0200] {logging_mixin.py:151} INFO - [2023-09-29T21:53:45.308+0200] {dag.py:3696} INFO - Setting next_dagrun for example_nested_branch_dag to 2023-09-28T00:00:00+00:00, run_after=2023-09-29T00:00:00+00:00
[2023-09-29T21:53:45.364+0200] {processor.py:179} INFO - Processing /home/radtrz/.local/lib/python3.10/site-packages/airflow/example_dags/example_nested_branch_dag.py took 0.113 seconds
[2023-09-29T21:54:44.387+0200] {processor.py:157} INFO - Started process (PID=19610) to work on /home/radtrz/.local/lib/python3.10/site-packages/airflow/example_dags/example_nested_branch_dag.py
[2023-09-29T21:54:44.396+0200] {processor.py:829} INFO - Processing file /home/radtrz/.local/lib/python3.10/site-packages/airflow/example_dags/example_nested_branch_dag.py for tasks to queue
[2023-09-29T21:54:44.396+0200] {logging_mixin.py:151} INFO - [2023-09-29T21:54:44.396+0200] {dagbag.py:539} INFO - Filling up the DagBag from /home/radtrz/.local/lib/python3.10/site-packages/airflow/example_dags/example_nested_branch_dag.py
[2023-09-29T21:54:44.401+0200] {processor.py:839} INFO - DAG(s) dict_keys(['example_nested_branch_dag']) retrieved from /home/radtrz/.local/lib/python3.10/site-packages/airflow/example_dags/example_nested_branch_dag.py
[2023-09-29T21:54:44.411+0200] {logging_mixin.py:151} INFO - [2023-09-29T21:54:44.410+0200] {dag.py:2915} INFO - Sync 1 DAGs
[2023-09-29T21:54:44.421+0200] {logging_mixin.py:151} INFO - [2023-09-29T21:54:44.421+0200] {dag.py:3696} INFO - Setting next_dagrun for example_nested_branch_dag to 2023-09-28T00:00:00+00:00, run_after=2023-09-29T00:00:00+00:00
[2023-09-29T21:54:44.437+0200] {processor.py:179} INFO - Processing /home/radtrz/.local/lib/python3.10/site-packages/airflow/example_dags/example_nested_branch_dag.py took 0.052 seconds
[2023-09-29T21:55:27.222+0200] {processor.py:157} INFO - Started process (PID=19763) to work on /home/radtrz/.local/lib/python3.10/site-packages/airflow/example_dags/example_nested_branch_dag.py
[2023-09-29T21:55:27.231+0200] {processor.py:829} INFO - Processing file /home/radtrz/.local/lib/python3.10/site-packages/airflow/example_dags/example_nested_branch_dag.py for tasks to queue
[2023-09-29T21:55:27.231+0200] {logging_mixin.py:151} INFO - [2023-09-29T21:55:27.231+0200] {dagbag.py:539} INFO - Filling up the DagBag from /home/radtrz/.local/lib/python3.10/site-packages/airflow/example_dags/example_nested_branch_dag.py
[2023-09-29T21:55:27.236+0200] {processor.py:839} INFO - DAG(s) dict_keys(['example_nested_branch_dag']) retrieved from /home/radtrz/.local/lib/python3.10/site-packages/airflow/example_dags/example_nested_branch_dag.py
[2023-09-29T21:55:27.245+0200] {logging_mixin.py:151} INFO - [2023-09-29T21:55:27.245+0200] {dag.py:2915} INFO - Sync 1 DAGs
[2023-09-29T21:55:27.256+0200] {logging_mixin.py:151} INFO - [2023-09-29T21:55:27.256+0200] {dag.py:3696} INFO - Setting next_dagrun for example_nested_branch_dag to 2023-09-28T00:00:00+00:00, run_after=2023-09-29T00:00:00+00:00
[2023-09-29T21:55:27.268+0200] {processor.py:179} INFO - Processing /home/radtrz/.local/lib/python3.10/site-packages/airflow/example_dags/example_nested_branch_dag.py took 0.047 seconds
