[2023-09-29T21:46:43.661+0200] {processor.py:157} INFO - Started process (PID=18692) to work on /home/radtrz/.local/lib/python3.10/site-packages/airflow/example_dags/example_sensors.py
[2023-09-29T21:46:43.661+0200] {processor.py:829} INFO - Processing file /home/radtrz/.local/lib/python3.10/site-packages/airflow/example_dags/example_sensors.py for tasks to queue
[2023-09-29T21:46:43.662+0200] {logging_mixin.py:151} INFO - [2023-09-29T21:46:43.661+0200] {dagbag.py:539} INFO - Filling up the DagBag from /home/radtrz/.local/lib/python3.10/site-packages/airflow/example_dags/example_sensors.py
[2023-09-29T21:46:43.667+0200] {processor.py:839} INFO - DAG(s) dict_keys(['example_sensors']) retrieved from /home/radtrz/.local/lib/python3.10/site-packages/airflow/example_dags/example_sensors.py
[2023-09-29T21:46:43.732+0200] {logging_mixin.py:151} INFO - [2023-09-29T21:46:43.732+0200] {manager.py:499} INFO - Created Permission View: %s
[2023-09-29T21:46:43.737+0200] {logging_mixin.py:151} INFO - [2023-09-29T21:46:43.737+0200] {manager.py:499} INFO - Created Permission View: %s
[2023-09-29T21:46:43.742+0200] {logging_mixin.py:151} INFO - [2023-09-29T21:46:43.742+0200] {manager.py:499} INFO - Created Permission View: %s
[2023-09-29T21:46:43.742+0200] {logging_mixin.py:151} INFO - [2023-09-29T21:46:43.742+0200] {security.py:708} INFO - Not syncing DAG-level permissions for DAG 'DAG:example_sensors' as access control is unset.
[2023-09-29T21:46:43.742+0200] {logging_mixin.py:151} INFO - [2023-09-29T21:46:43.742+0200] {dag.py:2915} INFO - Sync 1 DAGs
[2023-09-29T21:46:43.747+0200] {logging_mixin.py:151} INFO - [2023-09-29T21:46:43.747+0200] {dag.py:2937} INFO - Creating ORM DAG for example_sensors
[2023-09-29T21:46:43.747+0200] {logging_mixin.py:151} INFO - [2023-09-29T21:46:43.747+0200] {dag.py:3696} INFO - Setting next_dagrun for example_sensors to None, run_after=None
[2023-09-29T21:46:43.757+0200] {processor.py:179} INFO - Processing /home/radtrz/.local/lib/python3.10/site-packages/airflow/example_dags/example_sensors.py took 0.098 seconds
[2023-09-29T21:47:31.370+0200] {processor.py:157} INFO - Started process (PID=18749) to work on /home/radtrz/.local/lib/python3.10/site-packages/airflow/example_dags/example_sensors.py
[2023-09-29T21:47:31.370+0200] {processor.py:829} INFO - Processing file /home/radtrz/.local/lib/python3.10/site-packages/airflow/example_dags/example_sensors.py for tasks to queue
[2023-09-29T21:47:31.371+0200] {logging_mixin.py:151} INFO - [2023-09-29T21:47:31.371+0200] {dagbag.py:539} INFO - Filling up the DagBag from /home/radtrz/.local/lib/python3.10/site-packages/airflow/example_dags/example_sensors.py
[2023-09-29T21:47:31.376+0200] {processor.py:839} INFO - DAG(s) dict_keys(['example_sensors']) retrieved from /home/radtrz/.local/lib/python3.10/site-packages/airflow/example_dags/example_sensors.py
[2023-09-29T21:47:31.386+0200] {logging_mixin.py:151} INFO - [2023-09-29T21:47:31.386+0200] {dag.py:2915} INFO - Sync 1 DAGs
[2023-09-29T21:47:31.392+0200] {logging_mixin.py:151} INFO - [2023-09-29T21:47:31.392+0200] {dag.py:3696} INFO - Setting next_dagrun for example_sensors to None, run_after=None
[2023-09-29T21:47:31.410+0200] {processor.py:179} INFO - Processing /home/radtrz/.local/lib/python3.10/site-packages/airflow/example_dags/example_sensors.py took 0.042 seconds
[2023-09-29T21:48:14.629+0200] {processor.py:157} INFO - Started process (PID=19044) to work on /home/radtrz/.local/lib/python3.10/site-packages/airflow/example_dags/example_sensors.py
[2023-09-29T21:48:14.630+0200] {processor.py:829} INFO - Processing file /home/radtrz/.local/lib/python3.10/site-packages/airflow/example_dags/example_sensors.py for tasks to queue
[2023-09-29T21:48:14.630+0200] {logging_mixin.py:151} INFO - [2023-09-29T21:48:14.630+0200] {dagbag.py:539} INFO - Filling up the DagBag from /home/radtrz/.local/lib/python3.10/site-packages/airflow/example_dags/example_sensors.py
[2023-09-29T21:48:14.635+0200] {processor.py:839} INFO - DAG(s) dict_keys(['example_sensors']) retrieved from /home/radtrz/.local/lib/python3.10/site-packages/airflow/example_dags/example_sensors.py
[2023-09-29T21:48:14.647+0200] {logging_mixin.py:151} INFO - [2023-09-29T21:48:14.646+0200] {dag.py:2915} INFO - Sync 1 DAGs
[2023-09-29T21:48:14.654+0200] {logging_mixin.py:151} INFO - [2023-09-29T21:48:14.654+0200] {dag.py:3696} INFO - Setting next_dagrun for example_sensors to None, run_after=None
[2023-09-29T21:48:14.682+0200] {processor.py:179} INFO - Processing /home/radtrz/.local/lib/python3.10/site-packages/airflow/example_dags/example_sensors.py took 0.055 seconds
[2023-09-29T21:48:56.606+0200] {processor.py:157} INFO - Started process (PID=19120) to work on /home/radtrz/.local/lib/python3.10/site-packages/airflow/example_dags/example_sensors.py
[2023-09-29T21:48:56.607+0200] {processor.py:829} INFO - Processing file /home/radtrz/.local/lib/python3.10/site-packages/airflow/example_dags/example_sensors.py for tasks to queue
[2023-09-29T21:48:56.607+0200] {logging_mixin.py:151} INFO - [2023-09-29T21:48:56.607+0200] {dagbag.py:539} INFO - Filling up the DagBag from /home/radtrz/.local/lib/python3.10/site-packages/airflow/example_dags/example_sensors.py
[2023-09-29T21:48:56.612+0200] {processor.py:839} INFO - DAG(s) dict_keys(['example_sensors']) retrieved from /home/radtrz/.local/lib/python3.10/site-packages/airflow/example_dags/example_sensors.py
[2023-09-29T21:48:56.623+0200] {logging_mixin.py:151} INFO - [2023-09-29T21:48:56.623+0200] {dag.py:2915} INFO - Sync 1 DAGs
[2023-09-29T21:48:56.628+0200] {logging_mixin.py:151} INFO - [2023-09-29T21:48:56.628+0200] {dag.py:3696} INFO - Setting next_dagrun for example_sensors to None, run_after=None
[2023-09-29T21:48:56.638+0200] {processor.py:179} INFO - Processing /home/radtrz/.local/lib/python3.10/site-packages/airflow/example_dags/example_sensors.py took 0.033 seconds
[2023-09-29T21:49:39.062+0200] {processor.py:157} INFO - Started process (PID=19201) to work on /home/radtrz/.local/lib/python3.10/site-packages/airflow/example_dags/example_sensors.py
[2023-09-29T21:49:39.070+0200] {processor.py:829} INFO - Processing file /home/radtrz/.local/lib/python3.10/site-packages/airflow/example_dags/example_sensors.py for tasks to queue
[2023-09-29T21:49:39.071+0200] {logging_mixin.py:151} INFO - [2023-09-29T21:49:39.070+0200] {dagbag.py:539} INFO - Filling up the DagBag from /home/radtrz/.local/lib/python3.10/site-packages/airflow/example_dags/example_sensors.py
[2023-09-29T21:49:39.076+0200] {processor.py:839} INFO - DAG(s) dict_keys(['example_sensors']) retrieved from /home/radtrz/.local/lib/python3.10/site-packages/airflow/example_dags/example_sensors.py
[2023-09-29T21:49:39.086+0200] {logging_mixin.py:151} INFO - [2023-09-29T21:49:39.086+0200] {dag.py:2915} INFO - Sync 1 DAGs
[2023-09-29T21:49:39.092+0200] {logging_mixin.py:151} INFO - [2023-09-29T21:49:39.092+0200] {dag.py:3696} INFO - Setting next_dagrun for example_sensors to None, run_after=None
[2023-09-29T21:49:39.122+0200] {processor.py:179} INFO - Processing /home/radtrz/.local/lib/python3.10/site-packages/airflow/example_dags/example_sensors.py took 0.062 seconds
[2023-09-29T21:50:16.108+0200] {processor.py:157} INFO - Started process (PID=19248) to work on /home/radtrz/.local/lib/python3.10/site-packages/airflow/example_dags/example_sensors.py
[2023-09-29T21:50:16.117+0200] {processor.py:829} INFO - Processing file /home/radtrz/.local/lib/python3.10/site-packages/airflow/example_dags/example_sensors.py for tasks to queue
[2023-09-29T21:50:16.117+0200] {logging_mixin.py:151} INFO - [2023-09-29T21:50:16.117+0200] {dagbag.py:539} INFO - Filling up the DagBag from /home/radtrz/.local/lib/python3.10/site-packages/airflow/example_dags/example_sensors.py
[2023-09-29T21:50:16.122+0200] {processor.py:839} INFO - DAG(s) dict_keys(['example_sensors']) retrieved from /home/radtrz/.local/lib/python3.10/site-packages/airflow/example_dags/example_sensors.py
[2023-09-29T21:50:16.133+0200] {logging_mixin.py:151} INFO - [2023-09-29T21:50:16.133+0200] {dag.py:2915} INFO - Sync 1 DAGs
[2023-09-29T21:50:16.138+0200] {logging_mixin.py:151} INFO - [2023-09-29T21:50:16.138+0200] {dag.py:3696} INFO - Setting next_dagrun for example_sensors to None, run_after=None
[2023-09-29T21:50:16.153+0200] {processor.py:179} INFO - Processing /home/radtrz/.local/lib/python3.10/site-packages/airflow/example_dags/example_sensors.py took 0.047 seconds
[2023-09-29T21:50:59.778+0200] {processor.py:157} INFO - Started process (PID=19302) to work on /home/radtrz/.local/lib/python3.10/site-packages/airflow/example_dags/example_sensors.py
[2023-09-29T21:50:59.787+0200] {processor.py:829} INFO - Processing file /home/radtrz/.local/lib/python3.10/site-packages/airflow/example_dags/example_sensors.py for tasks to queue
[2023-09-29T21:50:59.787+0200] {logging_mixin.py:151} INFO - [2023-09-29T21:50:59.787+0200] {dagbag.py:539} INFO - Filling up the DagBag from /home/radtrz/.local/lib/python3.10/site-packages/airflow/example_dags/example_sensors.py
[2023-09-29T21:50:59.792+0200] {processor.py:839} INFO - DAG(s) dict_keys(['example_sensors']) retrieved from /home/radtrz/.local/lib/python3.10/site-packages/airflow/example_dags/example_sensors.py
[2023-09-29T21:50:59.803+0200] {logging_mixin.py:151} INFO - [2023-09-29T21:50:59.803+0200] {dag.py:2915} INFO - Sync 1 DAGs
[2023-09-29T21:50:59.808+0200] {logging_mixin.py:151} INFO - [2023-09-29T21:50:59.808+0200] {dag.py:3696} INFO - Setting next_dagrun for example_sensors to None, run_after=None
[2023-09-29T21:50:59.833+0200] {processor.py:179} INFO - Processing /home/radtrz/.local/lib/python3.10/site-packages/airflow/example_dags/example_sensors.py took 0.057 seconds
[2023-09-29T21:51:43.766+0200] {processor.py:157} INFO - Started process (PID=19355) to work on /home/radtrz/.local/lib/python3.10/site-packages/airflow/example_dags/example_sensors.py
[2023-09-29T21:51:43.774+0200] {processor.py:829} INFO - Processing file /home/radtrz/.local/lib/python3.10/site-packages/airflow/example_dags/example_sensors.py for tasks to queue
[2023-09-29T21:51:43.774+0200] {logging_mixin.py:151} INFO - [2023-09-29T21:51:43.774+0200] {dagbag.py:539} INFO - Filling up the DagBag from /home/radtrz/.local/lib/python3.10/site-packages/airflow/example_dags/example_sensors.py
[2023-09-29T21:51:43.779+0200] {processor.py:839} INFO - DAG(s) dict_keys(['example_sensors']) retrieved from /home/radtrz/.local/lib/python3.10/site-packages/airflow/example_dags/example_sensors.py
[2023-09-29T21:51:43.789+0200] {logging_mixin.py:151} INFO - [2023-09-29T21:51:43.789+0200] {dag.py:2915} INFO - Sync 1 DAGs
[2023-09-29T21:51:43.795+0200] {logging_mixin.py:151} INFO - [2023-09-29T21:51:43.795+0200] {dag.py:3696} INFO - Setting next_dagrun for example_sensors to None, run_after=None
[2023-09-29T21:51:43.823+0200] {processor.py:179} INFO - Processing /home/radtrz/.local/lib/python3.10/site-packages/airflow/example_dags/example_sensors.py took 0.059 seconds
[2023-09-29T21:52:26.064+0200] {processor.py:157} INFO - Started process (PID=19417) to work on /home/radtrz/.local/lib/python3.10/site-packages/airflow/example_dags/example_sensors.py
[2023-09-29T21:52:26.072+0200] {processor.py:829} INFO - Processing file /home/radtrz/.local/lib/python3.10/site-packages/airflow/example_dags/example_sensors.py for tasks to queue
[2023-09-29T21:52:26.073+0200] {logging_mixin.py:151} INFO - [2023-09-29T21:52:26.073+0200] {dagbag.py:539} INFO - Filling up the DagBag from /home/radtrz/.local/lib/python3.10/site-packages/airflow/example_dags/example_sensors.py
[2023-09-29T21:52:26.078+0200] {processor.py:839} INFO - DAG(s) dict_keys(['example_sensors']) retrieved from /home/radtrz/.local/lib/python3.10/site-packages/airflow/example_dags/example_sensors.py
[2023-09-29T21:52:26.088+0200] {logging_mixin.py:151} INFO - [2023-09-29T21:52:26.088+0200] {dag.py:2915} INFO - Sync 1 DAGs
[2023-09-29T21:52:26.094+0200] {logging_mixin.py:151} INFO - [2023-09-29T21:52:26.094+0200] {dag.py:3696} INFO - Setting next_dagrun for example_sensors to None, run_after=None
[2023-09-29T21:52:26.104+0200] {processor.py:179} INFO - Processing /home/radtrz/.local/lib/python3.10/site-packages/airflow/example_dags/example_sensors.py took 0.042 seconds
[2023-09-29T21:53:09.571+0200] {processor.py:157} INFO - Started process (PID=19474) to work on /home/radtrz/.local/lib/python3.10/site-packages/airflow/example_dags/example_sensors.py
[2023-09-29T21:53:09.571+0200] {processor.py:829} INFO - Processing file /home/radtrz/.local/lib/python3.10/site-packages/airflow/example_dags/example_sensors.py for tasks to queue
[2023-09-29T21:53:09.572+0200] {logging_mixin.py:151} INFO - [2023-09-29T21:53:09.571+0200] {dagbag.py:539} INFO - Filling up the DagBag from /home/radtrz/.local/lib/python3.10/site-packages/airflow/example_dags/example_sensors.py
[2023-09-29T21:53:09.577+0200] {processor.py:839} INFO - DAG(s) dict_keys(['example_sensors']) retrieved from /home/radtrz/.local/lib/python3.10/site-packages/airflow/example_dags/example_sensors.py
[2023-09-29T21:53:09.587+0200] {logging_mixin.py:151} INFO - [2023-09-29T21:53:09.587+0200] {dag.py:2915} INFO - Sync 1 DAGs
[2023-09-29T21:53:09.593+0200] {logging_mixin.py:151} INFO - [2023-09-29T21:53:09.593+0200] {dag.py:3696} INFO - Setting next_dagrun for example_sensors to None, run_after=None
[2023-09-29T21:53:09.605+0200] {processor.py:179} INFO - Processing /home/radtrz/.local/lib/python3.10/site-packages/airflow/example_dags/example_sensors.py took 0.035 seconds
[2023-09-29T21:53:50.093+0200] {processor.py:157} INFO - Started process (PID=19529) to work on /home/radtrz/.local/lib/python3.10/site-packages/airflow/example_dags/example_sensors.py
[2023-09-29T21:53:50.102+0200] {processor.py:829} INFO - Processing file /home/radtrz/.local/lib/python3.10/site-packages/airflow/example_dags/example_sensors.py for tasks to queue
[2023-09-29T21:53:50.103+0200] {logging_mixin.py:151} INFO - [2023-09-29T21:53:50.103+0200] {dagbag.py:539} INFO - Filling up the DagBag from /home/radtrz/.local/lib/python3.10/site-packages/airflow/example_dags/example_sensors.py
[2023-09-29T21:53:50.108+0200] {processor.py:839} INFO - DAG(s) dict_keys(['example_sensors']) retrieved from /home/radtrz/.local/lib/python3.10/site-packages/airflow/example_dags/example_sensors.py
[2023-09-29T21:53:50.121+0200] {logging_mixin.py:151} INFO - [2023-09-29T21:53:50.120+0200] {dag.py:2915} INFO - Sync 1 DAGs
[2023-09-29T21:53:50.127+0200] {logging_mixin.py:151} INFO - [2023-09-29T21:53:50.127+0200] {dag.py:3696} INFO - Setting next_dagrun for example_sensors to None, run_after=None
[2023-09-29T21:53:50.141+0200] {processor.py:179} INFO - Processing /home/radtrz/.local/lib/python3.10/site-packages/airflow/example_dags/example_sensors.py took 0.049 seconds
[2023-09-29T21:54:48.385+0200] {processor.py:157} INFO - Started process (PID=19615) to work on /home/radtrz/.local/lib/python3.10/site-packages/airflow/example_dags/example_sensors.py
[2023-09-29T21:54:48.393+0200] {processor.py:829} INFO - Processing file /home/radtrz/.local/lib/python3.10/site-packages/airflow/example_dags/example_sensors.py for tasks to queue
[2023-09-29T21:54:48.394+0200] {logging_mixin.py:151} INFO - [2023-09-29T21:54:48.394+0200] {dagbag.py:539} INFO - Filling up the DagBag from /home/radtrz/.local/lib/python3.10/site-packages/airflow/example_dags/example_sensors.py
[2023-09-29T21:54:48.399+0200] {processor.py:839} INFO - DAG(s) dict_keys(['example_sensors']) retrieved from /home/radtrz/.local/lib/python3.10/site-packages/airflow/example_dags/example_sensors.py
[2023-09-29T21:54:48.410+0200] {logging_mixin.py:151} INFO - [2023-09-29T21:54:48.410+0200] {dag.py:2915} INFO - Sync 1 DAGs
[2023-09-29T21:54:48.416+0200] {logging_mixin.py:151} INFO - [2023-09-29T21:54:48.416+0200] {dag.py:3696} INFO - Setting next_dagrun for example_sensors to None, run_after=None
[2023-09-29T21:54:48.432+0200] {processor.py:179} INFO - Processing /home/radtrz/.local/lib/python3.10/site-packages/airflow/example_dags/example_sensors.py took 0.050 seconds
[2023-09-29T21:55:31.811+0200] {processor.py:157} INFO - Started process (PID=19768) to work on /home/radtrz/.local/lib/python3.10/site-packages/airflow/example_dags/example_sensors.py
[2023-09-29T21:55:31.811+0200] {processor.py:829} INFO - Processing file /home/radtrz/.local/lib/python3.10/site-packages/airflow/example_dags/example_sensors.py for tasks to queue
[2023-09-29T21:55:31.812+0200] {logging_mixin.py:151} INFO - [2023-09-29T21:55:31.811+0200] {dagbag.py:539} INFO - Filling up the DagBag from /home/radtrz/.local/lib/python3.10/site-packages/airflow/example_dags/example_sensors.py
[2023-09-29T21:55:31.817+0200] {processor.py:839} INFO - DAG(s) dict_keys(['example_sensors']) retrieved from /home/radtrz/.local/lib/python3.10/site-packages/airflow/example_dags/example_sensors.py
[2023-09-29T21:55:31.828+0200] {logging_mixin.py:151} INFO - [2023-09-29T21:55:31.828+0200] {dag.py:2915} INFO - Sync 1 DAGs
[2023-09-29T21:55:31.835+0200] {logging_mixin.py:151} INFO - [2023-09-29T21:55:31.835+0200] {dag.py:3696} INFO - Setting next_dagrun for example_sensors to None, run_after=None
[2023-09-29T21:55:31.848+0200] {processor.py:179} INFO - Processing /home/radtrz/.local/lib/python3.10/site-packages/airflow/example_dags/example_sensors.py took 0.039 seconds
