[2023-09-29T21:47:07.035+0200] {processor.py:157} INFO - Started process (PID=18719) to work on /home/radtrz/.local/lib/python3.10/site-packages/airflow/example_dags/example_branch_python_dop_operator_3.py
[2023-09-29T21:47:07.035+0200] {processor.py:829} INFO - Processing file /home/radtrz/.local/lib/python3.10/site-packages/airflow/example_dags/example_branch_python_dop_operator_3.py for tasks to queue
[2023-09-29T21:47:07.036+0200] {logging_mixin.py:151} INFO - [2023-09-29T21:47:07.035+0200] {dagbag.py:539} INFO - Filling up the DagBag from /home/radtrz/.local/lib/python3.10/site-packages/airflow/example_dags/example_branch_python_dop_operator_3.py
[2023-09-29T21:47:07.040+0200] {processor.py:839} INFO - DAG(s) dict_keys(['example_branch_dop_operator_v3']) retrieved from /home/radtrz/.local/lib/python3.10/site-packages/airflow/example_dags/example_branch_python_dop_operator_3.py
[2023-09-29T21:47:07.124+0200] {logging_mixin.py:151} INFO - [2023-09-29T21:47:07.124+0200] {manager.py:499} INFO - Created Permission View: %s
[2023-09-29T21:47:07.130+0200] {logging_mixin.py:151} INFO - [2023-09-29T21:47:07.130+0200] {manager.py:499} INFO - Created Permission View: %s
[2023-09-29T21:47:07.135+0200] {logging_mixin.py:151} INFO - [2023-09-29T21:47:07.134+0200] {manager.py:499} INFO - Created Permission View: %s
[2023-09-29T21:47:07.135+0200] {logging_mixin.py:151} INFO - [2023-09-29T21:47:07.135+0200] {security.py:708} INFO - Not syncing DAG-level permissions for DAG 'DAG:example_branch_dop_operator_v3' as access control is unset.
[2023-09-29T21:47:07.135+0200] {logging_mixin.py:151} INFO - [2023-09-29T21:47:07.135+0200] {dag.py:2915} INFO - Sync 1 DAGs
[2023-09-29T21:47:07.140+0200] {logging_mixin.py:151} INFO - [2023-09-29T21:47:07.140+0200] {dag.py:2937} INFO - Creating ORM DAG for example_branch_dop_operator_v3
[2023-09-29T21:47:07.147+0200] {logging_mixin.py:151} INFO - [2023-09-29T21:47:07.147+0200] {dag.py:3696} INFO - Setting next_dagrun for example_branch_dop_operator_v3 to 2023-09-29T19:46:00+00:00, run_after=2023-09-29T19:47:00+00:00
[2023-09-29T21:47:07.159+0200] {processor.py:179} INFO - Processing /home/radtrz/.local/lib/python3.10/site-packages/airflow/example_dags/example_branch_python_dop_operator_3.py took 0.126 seconds
[2023-09-29T21:47:53.230+0200] {processor.py:157} INFO - Started process (PID=18913) to work on /home/radtrz/.local/lib/python3.10/site-packages/airflow/example_dags/example_branch_python_dop_operator_3.py
[2023-09-29T21:47:53.239+0200] {processor.py:829} INFO - Processing file /home/radtrz/.local/lib/python3.10/site-packages/airflow/example_dags/example_branch_python_dop_operator_3.py for tasks to queue
[2023-09-29T21:47:53.239+0200] {logging_mixin.py:151} INFO - [2023-09-29T21:47:53.239+0200] {dagbag.py:539} INFO - Filling up the DagBag from /home/radtrz/.local/lib/python3.10/site-packages/airflow/example_dags/example_branch_python_dop_operator_3.py
[2023-09-29T21:47:53.244+0200] {processor.py:839} INFO - DAG(s) dict_keys(['example_branch_dop_operator_v3']) retrieved from /home/radtrz/.local/lib/python3.10/site-packages/airflow/example_dags/example_branch_python_dop_operator_3.py
[2023-09-29T21:47:53.253+0200] {logging_mixin.py:151} INFO - [2023-09-29T21:47:53.253+0200] {dag.py:2915} INFO - Sync 1 DAGs
[2023-09-29T21:47:53.265+0200] {logging_mixin.py:151} INFO - [2023-09-29T21:47:53.265+0200] {dag.py:3696} INFO - Setting next_dagrun for example_branch_dop_operator_v3 to 2023-09-29T19:46:00+00:00, run_after=2023-09-29T19:47:00+00:00
[2023-09-29T21:47:53.276+0200] {processor.py:179} INFO - Processing /home/radtrz/.local/lib/python3.10/site-packages/airflow/example_dags/example_branch_python_dop_operator_3.py took 0.047 seconds
[2023-09-29T21:48:48.601+0200] {processor.py:157} INFO - Started process (PID=19111) to work on /home/radtrz/.local/lib/python3.10/site-packages/airflow/example_dags/example_branch_python_dop_operator_3.py
[2023-09-29T21:48:48.609+0200] {processor.py:829} INFO - Processing file /home/radtrz/.local/lib/python3.10/site-packages/airflow/example_dags/example_branch_python_dop_operator_3.py for tasks to queue
[2023-09-29T21:48:48.610+0200] {logging_mixin.py:151} INFO - [2023-09-29T21:48:48.610+0200] {dagbag.py:539} INFO - Filling up the DagBag from /home/radtrz/.local/lib/python3.10/site-packages/airflow/example_dags/example_branch_python_dop_operator_3.py
[2023-09-29T21:48:48.614+0200] {processor.py:839} INFO - DAG(s) dict_keys(['example_branch_dop_operator_v3']) retrieved from /home/radtrz/.local/lib/python3.10/site-packages/airflow/example_dags/example_branch_python_dop_operator_3.py
[2023-09-29T21:48:48.622+0200] {logging_mixin.py:151} INFO - [2023-09-29T21:48:48.622+0200] {dag.py:2915} INFO - Sync 1 DAGs
[2023-09-29T21:48:48.635+0200] {logging_mixin.py:151} INFO - [2023-09-29T21:48:48.634+0200] {dag.py:3696} INFO - Setting next_dagrun for example_branch_dop_operator_v3 to 2023-09-29T19:47:00+00:00, run_after=2023-09-29T19:48:00+00:00
[2023-09-29T21:48:48.645+0200] {processor.py:179} INFO - Processing /home/radtrz/.local/lib/python3.10/site-packages/airflow/example_dags/example_branch_python_dop_operator_3.py took 0.046 seconds
[2023-09-29T21:50:36.946+0200] {processor.py:157} INFO - Started process (PID=19278) to work on /home/radtrz/.local/lib/python3.10/site-packages/airflow/example_dags/example_branch_python_dop_operator_3.py
[2023-09-29T21:50:36.946+0200] {processor.py:829} INFO - Processing file /home/radtrz/.local/lib/python3.10/site-packages/airflow/example_dags/example_branch_python_dop_operator_3.py for tasks to queue
[2023-09-29T21:50:36.947+0200] {logging_mixin.py:151} INFO - [2023-09-29T21:50:36.947+0200] {dagbag.py:539} INFO - Filling up the DagBag from /home/radtrz/.local/lib/python3.10/site-packages/airflow/example_dags/example_branch_python_dop_operator_3.py
[2023-09-29T21:50:36.951+0200] {processor.py:839} INFO - DAG(s) dict_keys(['example_branch_dop_operator_v3']) retrieved from /home/radtrz/.local/lib/python3.10/site-packages/airflow/example_dags/example_branch_python_dop_operator_3.py
[2023-09-29T21:50:36.960+0200] {logging_mixin.py:151} INFO - [2023-09-29T21:50:36.960+0200] {dag.py:2915} INFO - Sync 1 DAGs
[2023-09-29T21:50:36.973+0200] {logging_mixin.py:151} INFO - [2023-09-29T21:50:36.972+0200] {dag.py:3696} INFO - Setting next_dagrun for example_branch_dop_operator_v3 to 2023-09-29T19:49:00+00:00, run_after=2023-09-29T19:50:00+00:00
[2023-09-29T21:50:36.984+0200] {processor.py:179} INFO - Processing /home/radtrz/.local/lib/python3.10/site-packages/airflow/example_dags/example_branch_python_dop_operator_3.py took 0.039 seconds
[2023-09-29T21:51:21.456+0200] {processor.py:157} INFO - Started process (PID=19328) to work on /home/radtrz/.local/lib/python3.10/site-packages/airflow/example_dags/example_branch_python_dop_operator_3.py
[2023-09-29T21:51:21.464+0200] {processor.py:829} INFO - Processing file /home/radtrz/.local/lib/python3.10/site-packages/airflow/example_dags/example_branch_python_dop_operator_3.py for tasks to queue
[2023-09-29T21:51:21.465+0200] {logging_mixin.py:151} INFO - [2023-09-29T21:51:21.464+0200] {dagbag.py:539} INFO - Filling up the DagBag from /home/radtrz/.local/lib/python3.10/site-packages/airflow/example_dags/example_branch_python_dop_operator_3.py
[2023-09-29T21:51:21.469+0200] {processor.py:839} INFO - DAG(s) dict_keys(['example_branch_dop_operator_v3']) retrieved from /home/radtrz/.local/lib/python3.10/site-packages/airflow/example_dags/example_branch_python_dop_operator_3.py
[2023-09-29T21:51:21.477+0200] {logging_mixin.py:151} INFO - [2023-09-29T21:51:21.477+0200] {dag.py:2915} INFO - Sync 1 DAGs
[2023-09-29T21:51:21.489+0200] {logging_mixin.py:151} INFO - [2023-09-29T21:51:21.489+0200] {dag.py:3696} INFO - Setting next_dagrun for example_branch_dop_operator_v3 to 2023-09-29T19:50:00+00:00, run_after=2023-09-29T19:51:00+00:00
[2023-09-29T21:51:21.510+0200] {processor.py:179} INFO - Processing /home/radtrz/.local/lib/python3.10/site-packages/airflow/example_dags/example_branch_python_dop_operator_3.py took 0.056 seconds
[2023-09-29T21:52:15.777+0200] {processor.py:157} INFO - Started process (PID=19407) to work on /home/radtrz/.local/lib/python3.10/site-packages/airflow/example_dags/example_branch_python_dop_operator_3.py
[2023-09-29T21:52:15.786+0200] {processor.py:829} INFO - Processing file /home/radtrz/.local/lib/python3.10/site-packages/airflow/example_dags/example_branch_python_dop_operator_3.py for tasks to queue
[2023-09-29T21:52:15.786+0200] {logging_mixin.py:151} INFO - [2023-09-29T21:52:15.786+0200] {dagbag.py:539} INFO - Filling up the DagBag from /home/radtrz/.local/lib/python3.10/site-packages/airflow/example_dags/example_branch_python_dop_operator_3.py
[2023-09-29T21:52:15.791+0200] {processor.py:839} INFO - DAG(s) dict_keys(['example_branch_dop_operator_v3']) retrieved from /home/radtrz/.local/lib/python3.10/site-packages/airflow/example_dags/example_branch_python_dop_operator_3.py
[2023-09-29T21:52:15.800+0200] {logging_mixin.py:151} INFO - [2023-09-29T21:52:15.800+0200] {dag.py:2915} INFO - Sync 1 DAGs
[2023-09-29T21:52:15.813+0200] {logging_mixin.py:151} INFO - [2023-09-29T21:52:15.813+0200] {dag.py:3696} INFO - Setting next_dagrun for example_branch_dop_operator_v3 to 2023-09-29T19:51:00+00:00, run_after=2023-09-29T19:52:00+00:00
[2023-09-29T21:52:15.832+0200] {processor.py:179} INFO - Processing /home/radtrz/.local/lib/python3.10/site-packages/airflow/example_dags/example_branch_python_dop_operator_3.py took 0.056 seconds
[2023-09-29T21:53:00.566+0200] {processor.py:157} INFO - Started process (PID=19458) to work on /home/radtrz/.local/lib/python3.10/site-packages/airflow/example_dags/example_branch_python_dop_operator_3.py
[2023-09-29T21:53:00.574+0200] {processor.py:829} INFO - Processing file /home/radtrz/.local/lib/python3.10/site-packages/airflow/example_dags/example_branch_python_dop_operator_3.py for tasks to queue
[2023-09-29T21:53:00.575+0200] {logging_mixin.py:151} INFO - [2023-09-29T21:53:00.575+0200] {dagbag.py:539} INFO - Filling up the DagBag from /home/radtrz/.local/lib/python3.10/site-packages/airflow/example_dags/example_branch_python_dop_operator_3.py
[2023-09-29T21:53:00.579+0200] {processor.py:839} INFO - DAG(s) dict_keys(['example_branch_dop_operator_v3']) retrieved from /home/radtrz/.local/lib/python3.10/site-packages/airflow/example_dags/example_branch_python_dop_operator_3.py
[2023-09-29T21:53:00.588+0200] {logging_mixin.py:151} INFO - [2023-09-29T21:53:00.588+0200] {dag.py:2915} INFO - Sync 1 DAGs
[2023-09-29T21:53:00.600+0200] {logging_mixin.py:151} INFO - [2023-09-29T21:53:00.600+0200] {dag.py:3696} INFO - Setting next_dagrun for example_branch_dop_operator_v3 to 2023-09-29T19:52:00+00:00, run_after=2023-09-29T19:53:00+00:00
[2023-09-29T21:53:00.611+0200] {processor.py:179} INFO - Processing /home/radtrz/.local/lib/python3.10/site-packages/airflow/example_dags/example_branch_python_dop_operator_3.py took 0.047 seconds
[2023-09-29T21:53:54.541+0200] {processor.py:157} INFO - Started process (PID=19534) to work on /home/radtrz/.local/lib/python3.10/site-packages/airflow/example_dags/example_branch_python_dop_operator_3.py
[2023-09-29T21:53:54.549+0200] {processor.py:829} INFO - Processing file /home/radtrz/.local/lib/python3.10/site-packages/airflow/example_dags/example_branch_python_dop_operator_3.py for tasks to queue
[2023-09-29T21:53:54.550+0200] {logging_mixin.py:151} INFO - [2023-09-29T21:53:54.549+0200] {dagbag.py:539} INFO - Filling up the DagBag from /home/radtrz/.local/lib/python3.10/site-packages/airflow/example_dags/example_branch_python_dop_operator_3.py
[2023-09-29T21:53:54.554+0200] {processor.py:839} INFO - DAG(s) dict_keys(['example_branch_dop_operator_v3']) retrieved from /home/radtrz/.local/lib/python3.10/site-packages/airflow/example_dags/example_branch_python_dop_operator_3.py
[2023-09-29T21:53:54.562+0200] {logging_mixin.py:151} INFO - [2023-09-29T21:53:54.562+0200] {dag.py:2915} INFO - Sync 1 DAGs
[2023-09-29T21:53:54.574+0200] {logging_mixin.py:151} INFO - [2023-09-29T21:53:54.574+0200] {dag.py:3696} INFO - Setting next_dagrun for example_branch_dop_operator_v3 to 2023-09-29T19:52:00+00:00, run_after=2023-09-29T19:53:00+00:00
[2023-09-29T21:53:54.590+0200] {processor.py:179} INFO - Processing /home/radtrz/.local/lib/python3.10/site-packages/airflow/example_dags/example_branch_python_dop_operator_3.py took 0.051 seconds
[2023-09-29T21:54:58.667+0200] {processor.py:157} INFO - Started process (PID=19628) to work on /home/radtrz/.local/lib/python3.10/site-packages/airflow/example_dags/example_branch_python_dop_operator_3.py
[2023-09-29T21:54:58.675+0200] {processor.py:829} INFO - Processing file /home/radtrz/.local/lib/python3.10/site-packages/airflow/example_dags/example_branch_python_dop_operator_3.py for tasks to queue
[2023-09-29T21:54:58.676+0200] {logging_mixin.py:151} INFO - [2023-09-29T21:54:58.676+0200] {dagbag.py:539} INFO - Filling up the DagBag from /home/radtrz/.local/lib/python3.10/site-packages/airflow/example_dags/example_branch_python_dop_operator_3.py
[2023-09-29T21:54:58.681+0200] {processor.py:839} INFO - DAG(s) dict_keys(['example_branch_dop_operator_v3']) retrieved from /home/radtrz/.local/lib/python3.10/site-packages/airflow/example_dags/example_branch_python_dop_operator_3.py
[2023-09-29T21:54:58.689+0200] {logging_mixin.py:151} INFO - [2023-09-29T21:54:58.689+0200] {dag.py:2915} INFO - Sync 1 DAGs
[2023-09-29T21:54:58.701+0200] {logging_mixin.py:151} INFO - [2023-09-29T21:54:58.701+0200] {dag.py:3696} INFO - Setting next_dagrun for example_branch_dop_operator_v3 to 2023-09-29T19:53:00+00:00, run_after=2023-09-29T19:54:00+00:00
[2023-09-29T21:54:58.713+0200] {processor.py:179} INFO - Processing /home/radtrz/.local/lib/python3.10/site-packages/airflow/example_dags/example_branch_python_dop_operator_3.py took 0.047 seconds
