[2023-09-29T21:46:58.065+0200] {processor.py:157} INFO - Started process (PID=18706) to work on /home/radtrz/.local/lib/python3.10/site-packages/airflow/example_dags/example_complex.py
[2023-09-29T21:46:58.065+0200] {processor.py:829} INFO - Processing file /home/radtrz/.local/lib/python3.10/site-packages/airflow/example_dags/example_complex.py for tasks to queue
[2023-09-29T21:46:58.066+0200] {logging_mixin.py:151} INFO - [2023-09-29T21:46:58.065+0200] {dagbag.py:539} INFO - Filling up the DagBag from /home/radtrz/.local/lib/python3.10/site-packages/airflow/example_dags/example_complex.py
[2023-09-29T21:46:58.071+0200] {processor.py:839} INFO - DAG(s) dict_keys(['example_complex']) retrieved from /home/radtrz/.local/lib/python3.10/site-packages/airflow/example_dags/example_complex.py
[2023-09-29T21:46:58.138+0200] {logging_mixin.py:151} INFO - [2023-09-29T21:46:58.138+0200] {manager.py:499} INFO - Created Permission View: %s
[2023-09-29T21:46:58.144+0200] {logging_mixin.py:151} INFO - [2023-09-29T21:46:58.144+0200] {manager.py:499} INFO - Created Permission View: %s
[2023-09-29T21:46:58.148+0200] {logging_mixin.py:151} INFO - [2023-09-29T21:46:58.148+0200] {manager.py:499} INFO - Created Permission View: %s
[2023-09-29T21:46:58.148+0200] {logging_mixin.py:151} INFO - [2023-09-29T21:46:58.148+0200] {security.py:708} INFO - Not syncing DAG-level permissions for DAG 'DAG:example_complex' as access control is unset.
[2023-09-29T21:46:58.148+0200] {logging_mixin.py:151} INFO - [2023-09-29T21:46:58.148+0200] {dag.py:2915} INFO - Sync 1 DAGs
[2023-09-29T21:46:58.153+0200] {logging_mixin.py:151} INFO - [2023-09-29T21:46:58.153+0200] {dag.py:2937} INFO - Creating ORM DAG for example_complex
[2023-09-29T21:46:58.154+0200] {logging_mixin.py:151} INFO - [2023-09-29T21:46:58.154+0200] {dag.py:3696} INFO - Setting next_dagrun for example_complex to None, run_after=None
[2023-09-29T21:46:58.164+0200] {processor.py:179} INFO - Processing /home/radtrz/.local/lib/python3.10/site-packages/airflow/example_dags/example_complex.py took 0.101 seconds
[2023-09-29T21:47:45.661+0200] {processor.py:157} INFO - Started process (PID=18905) to work on /home/radtrz/.local/lib/python3.10/site-packages/airflow/example_dags/example_complex.py
[2023-09-29T21:47:45.669+0200] {processor.py:829} INFO - Processing file /home/radtrz/.local/lib/python3.10/site-packages/airflow/example_dags/example_complex.py for tasks to queue
[2023-09-29T21:47:45.670+0200] {logging_mixin.py:151} INFO - [2023-09-29T21:47:45.670+0200] {dagbag.py:539} INFO - Filling up the DagBag from /home/radtrz/.local/lib/python3.10/site-packages/airflow/example_dags/example_complex.py
[2023-09-29T21:47:45.676+0200] {processor.py:839} INFO - DAG(s) dict_keys(['example_complex']) retrieved from /home/radtrz/.local/lib/python3.10/site-packages/airflow/example_dags/example_complex.py
[2023-09-29T21:47:45.690+0200] {logging_mixin.py:151} INFO - [2023-09-29T21:47:45.690+0200] {dag.py:2915} INFO - Sync 1 DAGs
[2023-09-29T21:47:45.697+0200] {logging_mixin.py:151} INFO - [2023-09-29T21:47:45.697+0200] {dag.py:3696} INFO - Setting next_dagrun for example_complex to None, run_after=None
[2023-09-29T21:47:45.718+0200] {processor.py:179} INFO - Processing /home/radtrz/.local/lib/python3.10/site-packages/airflow/example_dags/example_complex.py took 0.059 seconds
[2023-09-29T21:48:30.231+0200] {processor.py:157} INFO - Started process (PID=19090) to work on /home/radtrz/.local/lib/python3.10/site-packages/airflow/example_dags/example_complex.py
[2023-09-29T21:48:30.240+0200] {processor.py:829} INFO - Processing file /home/radtrz/.local/lib/python3.10/site-packages/airflow/example_dags/example_complex.py for tasks to queue
[2023-09-29T21:48:30.240+0200] {logging_mixin.py:151} INFO - [2023-09-29T21:48:30.240+0200] {dagbag.py:539} INFO - Filling up the DagBag from /home/radtrz/.local/lib/python3.10/site-packages/airflow/example_dags/example_complex.py
[2023-09-29T21:48:30.246+0200] {processor.py:839} INFO - DAG(s) dict_keys(['example_complex']) retrieved from /home/radtrz/.local/lib/python3.10/site-packages/airflow/example_dags/example_complex.py
[2023-09-29T21:48:30.261+0200] {logging_mixin.py:151} INFO - [2023-09-29T21:48:30.261+0200] {dag.py:2915} INFO - Sync 1 DAGs
[2023-09-29T21:48:30.267+0200] {logging_mixin.py:151} INFO - [2023-09-29T21:48:30.267+0200] {dag.py:3696} INFO - Setting next_dagrun for example_complex to None, run_after=None
[2023-09-29T21:48:30.279+0200] {processor.py:179} INFO - Processing /home/radtrz/.local/lib/python3.10/site-packages/airflow/example_dags/example_complex.py took 0.049 seconds
[2023-09-29T21:49:13.170+0200] {processor.py:157} INFO - Started process (PID=19140) to work on /home/radtrz/.local/lib/python3.10/site-packages/airflow/example_dags/example_complex.py
[2023-09-29T21:49:13.179+0200] {processor.py:829} INFO - Processing file /home/radtrz/.local/lib/python3.10/site-packages/airflow/example_dags/example_complex.py for tasks to queue
[2023-09-29T21:49:13.179+0200] {logging_mixin.py:151} INFO - [2023-09-29T21:49:13.179+0200] {dagbag.py:539} INFO - Filling up the DagBag from /home/radtrz/.local/lib/python3.10/site-packages/airflow/example_dags/example_complex.py
[2023-09-29T21:49:13.185+0200] {processor.py:839} INFO - DAG(s) dict_keys(['example_complex']) retrieved from /home/radtrz/.local/lib/python3.10/site-packages/airflow/example_dags/example_complex.py
[2023-09-29T21:49:13.198+0200] {logging_mixin.py:151} INFO - [2023-09-29T21:49:13.198+0200] {dag.py:2915} INFO - Sync 1 DAGs
[2023-09-29T21:49:13.204+0200] {logging_mixin.py:151} INFO - [2023-09-29T21:49:13.204+0200] {dag.py:3696} INFO - Setting next_dagrun for example_complex to None, run_after=None
[2023-09-29T21:49:13.234+0200] {processor.py:179} INFO - Processing /home/radtrz/.local/lib/python3.10/site-packages/airflow/example_dags/example_complex.py took 0.065 seconds
[2023-09-29T21:50:28.941+0200] {processor.py:157} INFO - Started process (PID=19266) to work on /home/radtrz/.local/lib/python3.10/site-packages/airflow/example_dags/example_complex.py
[2023-09-29T21:50:28.941+0200] {processor.py:829} INFO - Processing file /home/radtrz/.local/lib/python3.10/site-packages/airflow/example_dags/example_complex.py for tasks to queue
[2023-09-29T21:50:28.942+0200] {logging_mixin.py:151} INFO - [2023-09-29T21:50:28.941+0200] {dagbag.py:539} INFO - Filling up the DagBag from /home/radtrz/.local/lib/python3.10/site-packages/airflow/example_dags/example_complex.py
[2023-09-29T21:50:28.947+0200] {processor.py:839} INFO - DAG(s) dict_keys(['example_complex']) retrieved from /home/radtrz/.local/lib/python3.10/site-packages/airflow/example_dags/example_complex.py
[2023-09-29T21:50:28.961+0200] {logging_mixin.py:151} INFO - [2023-09-29T21:50:28.961+0200] {dag.py:2915} INFO - Sync 1 DAGs
[2023-09-29T21:50:28.967+0200] {logging_mixin.py:151} INFO - [2023-09-29T21:50:28.967+0200] {dag.py:3696} INFO - Setting next_dagrun for example_complex to None, run_after=None
[2023-09-29T21:50:28.978+0200] {processor.py:179} INFO - Processing /home/radtrz/.local/lib/python3.10/site-packages/airflow/example_dags/example_complex.py took 0.039 seconds
[2023-09-29T21:51:12.917+0200] {processor.py:157} INFO - Started process (PID=19320) to work on /home/radtrz/.local/lib/python3.10/site-packages/airflow/example_dags/example_complex.py
[2023-09-29T21:51:12.925+0200] {processor.py:829} INFO - Processing file /home/radtrz/.local/lib/python3.10/site-packages/airflow/example_dags/example_complex.py for tasks to queue
[2023-09-29T21:51:12.926+0200] {logging_mixin.py:151} INFO - [2023-09-29T21:51:12.926+0200] {dagbag.py:539} INFO - Filling up the DagBag from /home/radtrz/.local/lib/python3.10/site-packages/airflow/example_dags/example_complex.py
[2023-09-29T21:51:12.932+0200] {processor.py:839} INFO - DAG(s) dict_keys(['example_complex']) retrieved from /home/radtrz/.local/lib/python3.10/site-packages/airflow/example_dags/example_complex.py
[2023-09-29T21:51:12.945+0200] {logging_mixin.py:151} INFO - [2023-09-29T21:51:12.945+0200] {dag.py:2915} INFO - Sync 1 DAGs
[2023-09-29T21:51:12.950+0200] {logging_mixin.py:151} INFO - [2023-09-29T21:51:12.950+0200] {dag.py:3696} INFO - Setting next_dagrun for example_complex to None, run_after=None
[2023-09-29T21:51:12.968+0200] {processor.py:179} INFO - Processing /home/radtrz/.local/lib/python3.10/site-packages/airflow/example_dags/example_complex.py took 0.053 seconds
[2023-09-29T21:51:56.106+0200] {processor.py:157} INFO - Started process (PID=19380) to work on /home/radtrz/.local/lib/python3.10/site-packages/airflow/example_dags/example_complex.py
[2023-09-29T21:51:56.107+0200] {processor.py:829} INFO - Processing file /home/radtrz/.local/lib/python3.10/site-packages/airflow/example_dags/example_complex.py for tasks to queue
[2023-09-29T21:51:56.107+0200] {logging_mixin.py:151} INFO - [2023-09-29T21:51:56.107+0200] {dagbag.py:539} INFO - Filling up the DagBag from /home/radtrz/.local/lib/python3.10/site-packages/airflow/example_dags/example_complex.py
[2023-09-29T21:51:56.114+0200] {processor.py:839} INFO - DAG(s) dict_keys(['example_complex']) retrieved from /home/radtrz/.local/lib/python3.10/site-packages/airflow/example_dags/example_complex.py
[2023-09-29T21:51:56.130+0200] {logging_mixin.py:151} INFO - [2023-09-29T21:51:56.130+0200] {dag.py:2915} INFO - Sync 1 DAGs
[2023-09-29T21:51:56.137+0200] {logging_mixin.py:151} INFO - [2023-09-29T21:51:56.137+0200] {dag.py:3696} INFO - Setting next_dagrun for example_complex to None, run_after=None
[2023-09-29T21:51:56.151+0200] {processor.py:179} INFO - Processing /home/radtrz/.local/lib/python3.10/site-packages/airflow/example_dags/example_complex.py took 0.046 seconds
[2023-09-29T21:52:41.431+0200] {processor.py:157} INFO - Started process (PID=19436) to work on /home/radtrz/.local/lib/python3.10/site-packages/airflow/example_dags/example_complex.py
[2023-09-29T21:52:41.439+0200] {processor.py:829} INFO - Processing file /home/radtrz/.local/lib/python3.10/site-packages/airflow/example_dags/example_complex.py for tasks to queue
[2023-09-29T21:52:41.440+0200] {logging_mixin.py:151} INFO - [2023-09-29T21:52:41.440+0200] {dagbag.py:539} INFO - Filling up the DagBag from /home/radtrz/.local/lib/python3.10/site-packages/airflow/example_dags/example_complex.py
[2023-09-29T21:52:41.446+0200] {processor.py:839} INFO - DAG(s) dict_keys(['example_complex']) retrieved from /home/radtrz/.local/lib/python3.10/site-packages/airflow/example_dags/example_complex.py
[2023-09-29T21:52:41.462+0200] {logging_mixin.py:151} INFO - [2023-09-29T21:52:41.462+0200] {dag.py:2915} INFO - Sync 1 DAGs
[2023-09-29T21:52:41.468+0200] {logging_mixin.py:151} INFO - [2023-09-29T21:52:41.468+0200] {dag.py:3696} INFO - Setting next_dagrun for example_complex to None, run_after=None
[2023-09-29T21:52:41.484+0200] {processor.py:179} INFO - Processing /home/radtrz/.local/lib/python3.10/site-packages/airflow/example_dags/example_complex.py took 0.054 seconds
[2023-09-29T21:53:23.709+0200] {processor.py:157} INFO - Started process (PID=19493) to work on /home/radtrz/.local/lib/python3.10/site-packages/airflow/example_dags/example_complex.py
[2023-09-29T21:53:23.718+0200] {processor.py:829} INFO - Processing file /home/radtrz/.local/lib/python3.10/site-packages/airflow/example_dags/example_complex.py for tasks to queue
[2023-09-29T21:53:23.718+0200] {logging_mixin.py:151} INFO - [2023-09-29T21:53:23.718+0200] {dagbag.py:539} INFO - Filling up the DagBag from /home/radtrz/.local/lib/python3.10/site-packages/airflow/example_dags/example_complex.py
[2023-09-29T21:53:23.724+0200] {processor.py:839} INFO - DAG(s) dict_keys(['example_complex']) retrieved from /home/radtrz/.local/lib/python3.10/site-packages/airflow/example_dags/example_complex.py
[2023-09-29T21:53:23.739+0200] {logging_mixin.py:151} INFO - [2023-09-29T21:53:23.739+0200] {dag.py:2915} INFO - Sync 1 DAGs
[2023-09-29T21:53:23.746+0200] {logging_mixin.py:151} INFO - [2023-09-29T21:53:23.745+0200] {dag.py:3696} INFO - Setting next_dagrun for example_complex to None, run_after=None
[2023-09-29T21:53:23.758+0200] {processor.py:179} INFO - Processing /home/radtrz/.local/lib/python3.10/site-packages/airflow/example_dags/example_complex.py took 0.052 seconds
[2023-09-29T21:54:07.650+0200] {processor.py:157} INFO - Started process (PID=19551) to work on /home/radtrz/.local/lib/python3.10/site-packages/airflow/example_dags/example_complex.py
[2023-09-29T21:54:07.650+0200] {processor.py:829} INFO - Processing file /home/radtrz/.local/lib/python3.10/site-packages/airflow/example_dags/example_complex.py for tasks to queue
[2023-09-29T21:54:07.651+0200] {logging_mixin.py:151} INFO - [2023-09-29T21:54:07.651+0200] {dagbag.py:539} INFO - Filling up the DagBag from /home/radtrz/.local/lib/python3.10/site-packages/airflow/example_dags/example_complex.py
[2023-09-29T21:54:07.657+0200] {processor.py:839} INFO - DAG(s) dict_keys(['example_complex']) retrieved from /home/radtrz/.local/lib/python3.10/site-packages/airflow/example_dags/example_complex.py
[2023-09-29T21:54:07.671+0200] {logging_mixin.py:151} INFO - [2023-09-29T21:54:07.670+0200] {dag.py:2915} INFO - Sync 1 DAGs
[2023-09-29T21:54:07.676+0200] {logging_mixin.py:151} INFO - [2023-09-29T21:54:07.676+0200] {dag.py:3696} INFO - Setting next_dagrun for example_complex to None, run_after=None
[2023-09-29T21:54:07.687+0200] {processor.py:179} INFO - Processing /home/radtrz/.local/lib/python3.10/site-packages/airflow/example_dags/example_complex.py took 0.038 seconds
[2023-09-29T21:55:07.816+0200] {processor.py:157} INFO - Started process (PID=19739) to work on /home/radtrz/.local/lib/python3.10/site-packages/airflow/example_dags/example_complex.py
[2023-09-29T21:55:07.824+0200] {processor.py:829} INFO - Processing file /home/radtrz/.local/lib/python3.10/site-packages/airflow/example_dags/example_complex.py for tasks to queue
[2023-09-29T21:55:07.825+0200] {logging_mixin.py:151} INFO - [2023-09-29T21:55:07.825+0200] {dagbag.py:539} INFO - Filling up the DagBag from /home/radtrz/.local/lib/python3.10/site-packages/airflow/example_dags/example_complex.py
[2023-09-29T21:55:07.831+0200] {processor.py:839} INFO - DAG(s) dict_keys(['example_complex']) retrieved from /home/radtrz/.local/lib/python3.10/site-packages/airflow/example_dags/example_complex.py
[2023-09-29T21:55:07.844+0200] {logging_mixin.py:151} INFO - [2023-09-29T21:55:07.844+0200] {dag.py:2915} INFO - Sync 1 DAGs
[2023-09-29T21:55:07.850+0200] {logging_mixin.py:151} INFO - [2023-09-29T21:55:07.850+0200] {dag.py:3696} INFO - Setting next_dagrun for example_complex to None, run_after=None
[2023-09-29T21:55:07.875+0200] {processor.py:179} INFO - Processing /home/radtrz/.local/lib/python3.10/site-packages/airflow/example_dags/example_complex.py took 0.061 seconds
