[2023-09-29T21:47:05.800+0200] {processor.py:157} INFO - Started process (PID=18718) to work on /home/radtrz/.local/lib/python3.10/site-packages/airflow/example_dags/example_datasets.py
[2023-09-29T21:47:05.801+0200] {processor.py:829} INFO - Processing file /home/radtrz/.local/lib/python3.10/site-packages/airflow/example_dags/example_datasets.py for tasks to queue
[2023-09-29T21:47:05.801+0200] {logging_mixin.py:151} INFO - [2023-09-29T21:47:05.801+0200] {dagbag.py:539} INFO - Filling up the DagBag from /home/radtrz/.local/lib/python3.10/site-packages/airflow/example_dags/example_datasets.py
[2023-09-29T21:47:05.806+0200] {processor.py:839} INFO - DAG(s) dict_keys(['dataset_consumes_1', 'dataset_produces_2', 'dataset_consumes_unknown_never_scheduled', 'dataset_consumes_1_never_scheduled', 'dataset_consumes_1_and_2', 'dataset_produces_1']) retrieved from /home/radtrz/.local/lib/python3.10/site-packages/airflow/example_dags/example_datasets.py
[2023-09-29T21:47:05.863+0200] {logging_mixin.py:151} INFO - [2023-09-29T21:47:05.863+0200] {manager.py:499} INFO - Created Permission View: %s
[2023-09-29T21:47:05.869+0200] {logging_mixin.py:151} INFO - [2023-09-29T21:47:05.869+0200] {manager.py:499} INFO - Created Permission View: %s
[2023-09-29T21:47:05.873+0200] {logging_mixin.py:151} INFO - [2023-09-29T21:47:05.873+0200] {manager.py:499} INFO - Created Permission View: %s
[2023-09-29T21:47:05.873+0200] {logging_mixin.py:151} INFO - [2023-09-29T21:47:05.873+0200] {security.py:708} INFO - Not syncing DAG-level permissions for DAG 'DAG:dataset_consumes_1' as access control is unset.
[2023-09-29T21:47:05.882+0200] {logging_mixin.py:151} INFO - [2023-09-29T21:47:05.882+0200] {manager.py:499} INFO - Created Permission View: %s
[2023-09-29T21:47:05.886+0200] {logging_mixin.py:151} INFO - [2023-09-29T21:47:05.886+0200] {manager.py:499} INFO - Created Permission View: %s
[2023-09-29T21:47:05.890+0200] {logging_mixin.py:151} INFO - [2023-09-29T21:47:05.890+0200] {manager.py:499} INFO - Created Permission View: %s
[2023-09-29T21:47:05.890+0200] {logging_mixin.py:151} INFO - [2023-09-29T21:47:05.890+0200] {security.py:708} INFO - Not syncing DAG-level permissions for DAG 'DAG:dataset_produces_2' as access control is unset.
[2023-09-29T21:47:05.899+0200] {logging_mixin.py:151} INFO - [2023-09-29T21:47:05.899+0200] {manager.py:499} INFO - Created Permission View: %s
[2023-09-29T21:47:05.903+0200] {logging_mixin.py:151} INFO - [2023-09-29T21:47:05.903+0200] {manager.py:499} INFO - Created Permission View: %s
[2023-09-29T21:47:05.907+0200] {logging_mixin.py:151} INFO - [2023-09-29T21:47:05.907+0200] {manager.py:499} INFO - Created Permission View: %s
[2023-09-29T21:47:05.907+0200] {logging_mixin.py:151} INFO - [2023-09-29T21:47:05.907+0200] {security.py:708} INFO - Not syncing DAG-level permissions for DAG 'DAG:dataset_consumes_unknown_never_scheduled' as access control is unset.
[2023-09-29T21:47:05.916+0200] {logging_mixin.py:151} INFO - [2023-09-29T21:47:05.916+0200] {manager.py:499} INFO - Created Permission View: %s
[2023-09-29T21:47:05.920+0200] {logging_mixin.py:151} INFO - [2023-09-29T21:47:05.920+0200] {manager.py:499} INFO - Created Permission View: %s
[2023-09-29T21:47:05.925+0200] {logging_mixin.py:151} INFO - [2023-09-29T21:47:05.925+0200] {manager.py:499} INFO - Created Permission View: %s
[2023-09-29T21:47:05.925+0200] {logging_mixin.py:151} INFO - [2023-09-29T21:47:05.925+0200] {security.py:708} INFO - Not syncing DAG-level permissions for DAG 'DAG:dataset_consumes_1_never_scheduled' as access control is unset.
[2023-09-29T21:47:05.934+0200] {logging_mixin.py:151} INFO - [2023-09-29T21:47:05.934+0200] {manager.py:499} INFO - Created Permission View: %s
[2023-09-29T21:47:05.938+0200] {logging_mixin.py:151} INFO - [2023-09-29T21:47:05.938+0200] {manager.py:499} INFO - Created Permission View: %s
[2023-09-29T21:47:05.942+0200] {logging_mixin.py:151} INFO - [2023-09-29T21:47:05.942+0200] {manager.py:499} INFO - Created Permission View: %s
[2023-09-29T21:47:05.942+0200] {logging_mixin.py:151} INFO - [2023-09-29T21:47:05.942+0200] {security.py:708} INFO - Not syncing DAG-level permissions for DAG 'DAG:dataset_consumes_1_and_2' as access control is unset.
[2023-09-29T21:47:05.950+0200] {logging_mixin.py:151} INFO - [2023-09-29T21:47:05.950+0200] {manager.py:499} INFO - Created Permission View: %s
[2023-09-29T21:47:05.954+0200] {logging_mixin.py:151} INFO - [2023-09-29T21:47:05.954+0200] {manager.py:499} INFO - Created Permission View: %s
[2023-09-29T21:47:05.958+0200] {logging_mixin.py:151} INFO - [2023-09-29T21:47:05.958+0200] {manager.py:499} INFO - Created Permission View: %s
[2023-09-29T21:47:05.958+0200] {logging_mixin.py:151} INFO - [2023-09-29T21:47:05.958+0200] {security.py:708} INFO - Not syncing DAG-level permissions for DAG 'DAG:dataset_produces_1' as access control is unset.
[2023-09-29T21:47:05.959+0200] {logging_mixin.py:151} INFO - [2023-09-29T21:47:05.958+0200] {dag.py:2915} INFO - Sync 6 DAGs
[2023-09-29T21:47:05.964+0200] {logging_mixin.py:151} INFO - [2023-09-29T21:47:05.964+0200] {dag.py:2937} INFO - Creating ORM DAG for dataset_produces_2
[2023-09-29T21:47:05.964+0200] {logging_mixin.py:151} INFO - [2023-09-29T21:47:05.964+0200] {dag.py:2937} INFO - Creating ORM DAG for dataset_consumes_unknown_never_scheduled
[2023-09-29T21:47:05.964+0200] {logging_mixin.py:151} INFO - [2023-09-29T21:47:05.964+0200] {dag.py:2937} INFO - Creating ORM DAG for dataset_produces_1
[2023-09-29T21:47:05.964+0200] {logging_mixin.py:151} INFO - [2023-09-29T21:47:05.964+0200] {dag.py:2937} INFO - Creating ORM DAG for dataset_consumes_1_and_2
[2023-09-29T21:47:05.965+0200] {logging_mixin.py:151} INFO - [2023-09-29T21:47:05.965+0200] {dag.py:2937} INFO - Creating ORM DAG for dataset_consumes_1_never_scheduled
[2023-09-29T21:47:05.965+0200] {logging_mixin.py:151} INFO - [2023-09-29T21:47:05.965+0200] {dag.py:2937} INFO - Creating ORM DAG for dataset_consumes_1
[2023-09-29T21:47:05.970+0200] {logging_mixin.py:151} INFO - [2023-09-29T21:47:05.969+0200] {dag.py:3696} INFO - Setting next_dagrun for dataset_consumes_1 to None, run_after=None
[2023-09-29T21:47:05.970+0200] {logging_mixin.py:151} INFO - [2023-09-29T21:47:05.970+0200] {dag.py:3696} INFO - Setting next_dagrun for dataset_consumes_1_and_2 to None, run_after=None
[2023-09-29T21:47:05.970+0200] {logging_mixin.py:151} INFO - [2023-09-29T21:47:05.970+0200] {dag.py:3696} INFO - Setting next_dagrun for dataset_consumes_1_never_scheduled to None, run_after=None
[2023-09-29T21:47:05.970+0200] {logging_mixin.py:151} INFO - [2023-09-29T21:47:05.970+0200] {dag.py:3696} INFO - Setting next_dagrun for dataset_consumes_unknown_never_scheduled to None, run_after=None
[2023-09-29T21:47:05.971+0200] {logging_mixin.py:151} INFO - [2023-09-29T21:47:05.971+0200] {dag.py:3696} INFO - Setting next_dagrun for dataset_produces_1 to 2023-09-28T00:00:00+00:00, run_after=2023-09-29T00:00:00+00:00
[2023-09-29T21:47:05.972+0200] {logging_mixin.py:151} INFO - [2023-09-29T21:47:05.972+0200] {dag.py:3696} INFO - Setting next_dagrun for dataset_produces_2 to None, run_after=None
[2023-09-29T21:47:05.987+0200] {processor.py:179} INFO - Processing /home/radtrz/.local/lib/python3.10/site-packages/airflow/example_dags/example_datasets.py took 0.189 seconds
[2023-09-29T21:47:53.075+0200] {processor.py:157} INFO - Started process (PID=18912) to work on /home/radtrz/.local/lib/python3.10/site-packages/airflow/example_dags/example_datasets.py
[2023-09-29T21:47:53.083+0200] {processor.py:829} INFO - Processing file /home/radtrz/.local/lib/python3.10/site-packages/airflow/example_dags/example_datasets.py for tasks to queue
[2023-09-29T21:47:53.084+0200] {logging_mixin.py:151} INFO - [2023-09-29T21:47:53.083+0200] {dagbag.py:539} INFO - Filling up the DagBag from /home/radtrz/.local/lib/python3.10/site-packages/airflow/example_dags/example_datasets.py
[2023-09-29T21:47:53.088+0200] {processor.py:839} INFO - DAG(s) dict_keys(['dataset_consumes_1_and_2', 'dataset_consumes_1', 'dataset_consumes_unknown_never_scheduled', 'dataset_produces_2', 'dataset_consumes_1_never_scheduled', 'dataset_produces_1']) retrieved from /home/radtrz/.local/lib/python3.10/site-packages/airflow/example_dags/example_datasets.py
[2023-09-29T21:47:53.102+0200] {logging_mixin.py:151} INFO - [2023-09-29T21:47:53.102+0200] {dag.py:2915} INFO - Sync 6 DAGs
[2023-09-29T21:47:53.112+0200] {logging_mixin.py:151} INFO - [2023-09-29T21:47:53.112+0200] {dag.py:3696} INFO - Setting next_dagrun for dataset_consumes_1 to None, run_after=None
[2023-09-29T21:47:53.114+0200] {logging_mixin.py:151} INFO - [2023-09-29T21:47:53.113+0200] {dag.py:3696} INFO - Setting next_dagrun for dataset_consumes_1_and_2 to None, run_after=None
[2023-09-29T21:47:53.114+0200] {logging_mixin.py:151} INFO - [2023-09-29T21:47:53.114+0200] {dag.py:3696} INFO - Setting next_dagrun for dataset_consumes_1_never_scheduled to None, run_after=None
[2023-09-29T21:47:53.114+0200] {logging_mixin.py:151} INFO - [2023-09-29T21:47:53.114+0200] {dag.py:3696} INFO - Setting next_dagrun for dataset_consumes_unknown_never_scheduled to None, run_after=None
[2023-09-29T21:47:53.116+0200] {logging_mixin.py:151} INFO - [2023-09-29T21:47:53.116+0200] {dag.py:3696} INFO - Setting next_dagrun for dataset_produces_1 to 2023-09-28T00:00:00+00:00, run_after=2023-09-29T00:00:00+00:00
[2023-09-29T21:47:53.116+0200] {logging_mixin.py:151} INFO - [2023-09-29T21:47:53.116+0200] {dag.py:3696} INFO - Setting next_dagrun for dataset_produces_2 to None, run_after=None
[2023-09-29T21:47:53.131+0200] {processor.py:179} INFO - Processing /home/radtrz/.local/lib/python3.10/site-packages/airflow/example_dags/example_datasets.py took 0.057 seconds
[2023-09-29T21:48:47.466+0200] {processor.py:157} INFO - Started process (PID=19110) to work on /home/radtrz/.local/lib/python3.10/site-packages/airflow/example_dags/example_datasets.py
[2023-09-29T21:48:47.475+0200] {processor.py:829} INFO - Processing file /home/radtrz/.local/lib/python3.10/site-packages/airflow/example_dags/example_datasets.py for tasks to queue
[2023-09-29T21:48:47.475+0200] {logging_mixin.py:151} INFO - [2023-09-29T21:48:47.475+0200] {dagbag.py:539} INFO - Filling up the DagBag from /home/radtrz/.local/lib/python3.10/site-packages/airflow/example_dags/example_datasets.py
[2023-09-29T21:48:47.480+0200] {processor.py:839} INFO - DAG(s) dict_keys(['dataset_produces_2', 'dataset_consumes_unknown_never_scheduled', 'dataset_consumes_1_and_2', 'dataset_consumes_1_never_scheduled', 'dataset_consumes_1', 'dataset_produces_1']) retrieved from /home/radtrz/.local/lib/python3.10/site-packages/airflow/example_dags/example_datasets.py
[2023-09-29T21:48:47.494+0200] {logging_mixin.py:151} INFO - [2023-09-29T21:48:47.494+0200] {dag.py:2915} INFO - Sync 6 DAGs
[2023-09-29T21:48:47.504+0200] {logging_mixin.py:151} INFO - [2023-09-29T21:48:47.504+0200] {dag.py:3696} INFO - Setting next_dagrun for dataset_consumes_1 to None, run_after=None
[2023-09-29T21:48:47.505+0200] {logging_mixin.py:151} INFO - [2023-09-29T21:48:47.505+0200] {dag.py:3696} INFO - Setting next_dagrun for dataset_consumes_1_and_2 to None, run_after=None
[2023-09-29T21:48:47.505+0200] {logging_mixin.py:151} INFO - [2023-09-29T21:48:47.505+0200] {dag.py:3696} INFO - Setting next_dagrun for dataset_consumes_1_never_scheduled to None, run_after=None
[2023-09-29T21:48:47.506+0200] {logging_mixin.py:151} INFO - [2023-09-29T21:48:47.506+0200] {dag.py:3696} INFO - Setting next_dagrun for dataset_consumes_unknown_never_scheduled to None, run_after=None
[2023-09-29T21:48:47.507+0200] {logging_mixin.py:151} INFO - [2023-09-29T21:48:47.507+0200] {dag.py:3696} INFO - Setting next_dagrun for dataset_produces_1 to 2023-09-28T00:00:00+00:00, run_after=2023-09-29T00:00:00+00:00
[2023-09-29T21:48:47.508+0200] {logging_mixin.py:151} INFO - [2023-09-29T21:48:47.508+0200] {dag.py:3696} INFO - Setting next_dagrun for dataset_produces_2 to None, run_after=None
[2023-09-29T21:48:47.528+0200] {processor.py:179} INFO - Processing /home/radtrz/.local/lib/python3.10/site-packages/airflow/example_dags/example_datasets.py took 0.063 seconds
[2023-09-29T21:49:31.994+0200] {processor.py:157} INFO - Started process (PID=19189) to work on /home/radtrz/.local/lib/python3.10/site-packages/airflow/example_dags/example_datasets.py
[2023-09-29T21:49:32.002+0200] {processor.py:829} INFO - Processing file /home/radtrz/.local/lib/python3.10/site-packages/airflow/example_dags/example_datasets.py for tasks to queue
[2023-09-29T21:49:32.003+0200] {logging_mixin.py:151} INFO - [2023-09-29T21:49:32.003+0200] {dagbag.py:539} INFO - Filling up the DagBag from /home/radtrz/.local/lib/python3.10/site-packages/airflow/example_dags/example_datasets.py
[2023-09-29T21:49:32.008+0200] {processor.py:839} INFO - DAG(s) dict_keys(['dataset_consumes_1_never_scheduled', 'dataset_consumes_1', 'dataset_consumes_1_and_2', 'dataset_produces_2', 'dataset_produces_1', 'dataset_consumes_unknown_never_scheduled']) retrieved from /home/radtrz/.local/lib/python3.10/site-packages/airflow/example_dags/example_datasets.py
[2023-09-29T21:49:32.021+0200] {logging_mixin.py:151} INFO - [2023-09-29T21:49:32.021+0200] {dag.py:2915} INFO - Sync 6 DAGs
[2023-09-29T21:49:32.031+0200] {logging_mixin.py:151} INFO - [2023-09-29T21:49:32.031+0200] {dag.py:3696} INFO - Setting next_dagrun for dataset_consumes_1 to None, run_after=None
[2023-09-29T21:49:32.033+0200] {logging_mixin.py:151} INFO - [2023-09-29T21:49:32.033+0200] {dag.py:3696} INFO - Setting next_dagrun for dataset_consumes_1_and_2 to None, run_after=None
[2023-09-29T21:49:32.033+0200] {logging_mixin.py:151} INFO - [2023-09-29T21:49:32.033+0200] {dag.py:3696} INFO - Setting next_dagrun for dataset_consumes_1_never_scheduled to None, run_after=None
[2023-09-29T21:49:32.033+0200] {logging_mixin.py:151} INFO - [2023-09-29T21:49:32.033+0200] {dag.py:3696} INFO - Setting next_dagrun for dataset_consumes_unknown_never_scheduled to None, run_after=None
[2023-09-29T21:49:32.035+0200] {logging_mixin.py:151} INFO - [2023-09-29T21:49:32.035+0200] {dag.py:3696} INFO - Setting next_dagrun for dataset_produces_1 to 2023-09-28T00:00:00+00:00, run_after=2023-09-29T00:00:00+00:00
[2023-09-29T21:49:32.035+0200] {logging_mixin.py:151} INFO - [2023-09-29T21:49:32.035+0200] {dag.py:3696} INFO - Setting next_dagrun for dataset_produces_2 to None, run_after=None
[2023-09-29T21:49:32.064+0200] {processor.py:179} INFO - Processing /home/radtrz/.local/lib/python3.10/site-packages/airflow/example_dags/example_datasets.py took 0.071 seconds
[2023-09-29T21:50:36.357+0200] {processor.py:157} INFO - Started process (PID=19277) to work on /home/radtrz/.local/lib/python3.10/site-packages/airflow/example_dags/example_datasets.py
[2023-09-29T21:50:36.365+0200] {processor.py:829} INFO - Processing file /home/radtrz/.local/lib/python3.10/site-packages/airflow/example_dags/example_datasets.py for tasks to queue
[2023-09-29T21:50:36.366+0200] {logging_mixin.py:151} INFO - [2023-09-29T21:50:36.366+0200] {dagbag.py:539} INFO - Filling up the DagBag from /home/radtrz/.local/lib/python3.10/site-packages/airflow/example_dags/example_datasets.py
[2023-09-29T21:50:36.370+0200] {processor.py:839} INFO - DAG(s) dict_keys(['dataset_consumes_1_and_2', 'dataset_produces_2', 'dataset_consumes_unknown_never_scheduled', 'dataset_produces_1', 'dataset_consumes_1_never_scheduled', 'dataset_consumes_1']) retrieved from /home/radtrz/.local/lib/python3.10/site-packages/airflow/example_dags/example_datasets.py
[2023-09-29T21:50:36.384+0200] {logging_mixin.py:151} INFO - [2023-09-29T21:50:36.384+0200] {dag.py:2915} INFO - Sync 6 DAGs
[2023-09-29T21:50:36.395+0200] {logging_mixin.py:151} INFO - [2023-09-29T21:50:36.394+0200] {dag.py:3696} INFO - Setting next_dagrun for dataset_consumes_1 to None, run_after=None
[2023-09-29T21:50:36.396+0200] {logging_mixin.py:151} INFO - [2023-09-29T21:50:36.396+0200] {dag.py:3696} INFO - Setting next_dagrun for dataset_consumes_1_and_2 to None, run_after=None
[2023-09-29T21:50:36.396+0200] {logging_mixin.py:151} INFO - [2023-09-29T21:50:36.396+0200] {dag.py:3696} INFO - Setting next_dagrun for dataset_consumes_1_never_scheduled to None, run_after=None
[2023-09-29T21:50:36.397+0200] {logging_mixin.py:151} INFO - [2023-09-29T21:50:36.397+0200] {dag.py:3696} INFO - Setting next_dagrun for dataset_consumes_unknown_never_scheduled to None, run_after=None
[2023-09-29T21:50:36.398+0200] {logging_mixin.py:151} INFO - [2023-09-29T21:50:36.398+0200] {dag.py:3696} INFO - Setting next_dagrun for dataset_produces_1 to 2023-09-28T00:00:00+00:00, run_after=2023-09-29T00:00:00+00:00
[2023-09-29T21:50:36.399+0200] {logging_mixin.py:151} INFO - [2023-09-29T21:50:36.399+0200] {dag.py:3696} INFO - Setting next_dagrun for dataset_produces_2 to None, run_after=None
[2023-09-29T21:50:36.417+0200] {processor.py:179} INFO - Processing /home/radtrz/.local/lib/python3.10/site-packages/airflow/example_dags/example_datasets.py took 0.062 seconds
[2023-09-29T21:51:20.319+0200] {processor.py:157} INFO - Started process (PID=19327) to work on /home/radtrz/.local/lib/python3.10/site-packages/airflow/example_dags/example_datasets.py
[2023-09-29T21:51:20.327+0200] {processor.py:829} INFO - Processing file /home/radtrz/.local/lib/python3.10/site-packages/airflow/example_dags/example_datasets.py for tasks to queue
[2023-09-29T21:51:20.328+0200] {logging_mixin.py:151} INFO - [2023-09-29T21:51:20.328+0200] {dagbag.py:539} INFO - Filling up the DagBag from /home/radtrz/.local/lib/python3.10/site-packages/airflow/example_dags/example_datasets.py
[2023-09-29T21:51:20.333+0200] {processor.py:839} INFO - DAG(s) dict_keys(['dataset_consumes_1_never_scheduled', 'dataset_consumes_1', 'dataset_produces_1', 'dataset_consumes_unknown_never_scheduled', 'dataset_produces_2', 'dataset_consumes_1_and_2']) retrieved from /home/radtrz/.local/lib/python3.10/site-packages/airflow/example_dags/example_datasets.py
[2023-09-29T21:51:20.348+0200] {logging_mixin.py:151} INFO - [2023-09-29T21:51:20.348+0200] {dag.py:2915} INFO - Sync 6 DAGs
[2023-09-29T21:51:20.359+0200] {logging_mixin.py:151} INFO - [2023-09-29T21:51:20.359+0200] {dag.py:3696} INFO - Setting next_dagrun for dataset_consumes_1 to None, run_after=None
[2023-09-29T21:51:20.360+0200] {logging_mixin.py:151} INFO - [2023-09-29T21:51:20.360+0200] {dag.py:3696} INFO - Setting next_dagrun for dataset_consumes_1_and_2 to None, run_after=None
[2023-09-29T21:51:20.361+0200] {logging_mixin.py:151} INFO - [2023-09-29T21:51:20.361+0200] {dag.py:3696} INFO - Setting next_dagrun for dataset_consumes_1_never_scheduled to None, run_after=None
[2023-09-29T21:51:20.361+0200] {logging_mixin.py:151} INFO - [2023-09-29T21:51:20.361+0200] {dag.py:3696} INFO - Setting next_dagrun for dataset_consumes_unknown_never_scheduled to None, run_after=None
[2023-09-29T21:51:20.363+0200] {logging_mixin.py:151} INFO - [2023-09-29T21:51:20.363+0200] {dag.py:3696} INFO - Setting next_dagrun for dataset_produces_1 to 2023-09-28T00:00:00+00:00, run_after=2023-09-29T00:00:00+00:00
[2023-09-29T21:51:20.363+0200] {logging_mixin.py:151} INFO - [2023-09-29T21:51:20.363+0200] {dag.py:3696} INFO - Setting next_dagrun for dataset_produces_2 to None, run_after=None
[2023-09-29T21:51:20.379+0200] {processor.py:179} INFO - Processing /home/radtrz/.local/lib/python3.10/site-packages/airflow/example_dags/example_datasets.py took 0.061 seconds
[2023-09-29T21:52:02.621+0200] {processor.py:157} INFO - Started process (PID=19387) to work on /home/radtrz/.local/lib/python3.10/site-packages/airflow/example_dags/example_datasets.py
[2023-09-29T21:52:02.629+0200] {processor.py:829} INFO - Processing file /home/radtrz/.local/lib/python3.10/site-packages/airflow/example_dags/example_datasets.py for tasks to queue
[2023-09-29T21:52:02.630+0200] {logging_mixin.py:151} INFO - [2023-09-29T21:52:02.629+0200] {dagbag.py:539} INFO - Filling up the DagBag from /home/radtrz/.local/lib/python3.10/site-packages/airflow/example_dags/example_datasets.py
[2023-09-29T21:52:02.634+0200] {processor.py:839} INFO - DAG(s) dict_keys(['dataset_consumes_1_never_scheduled', 'dataset_consumes_1_and_2', 'dataset_consumes_1', 'dataset_produces_1', 'dataset_consumes_unknown_never_scheduled', 'dataset_produces_2']) retrieved from /home/radtrz/.local/lib/python3.10/site-packages/airflow/example_dags/example_datasets.py
[2023-09-29T21:52:02.649+0200] {logging_mixin.py:151} INFO - [2023-09-29T21:52:02.648+0200] {dag.py:2915} INFO - Sync 6 DAGs
[2023-09-29T21:52:02.659+0200] {logging_mixin.py:151} INFO - [2023-09-29T21:52:02.659+0200] {dag.py:3696} INFO - Setting next_dagrun for dataset_consumes_1 to None, run_after=None
[2023-09-29T21:52:02.661+0200] {logging_mixin.py:151} INFO - [2023-09-29T21:52:02.660+0200] {dag.py:3696} INFO - Setting next_dagrun for dataset_consumes_1_and_2 to None, run_after=None
[2023-09-29T21:52:02.661+0200] {logging_mixin.py:151} INFO - [2023-09-29T21:52:02.661+0200] {dag.py:3696} INFO - Setting next_dagrun for dataset_consumes_1_never_scheduled to None, run_after=None
[2023-09-29T21:52:02.661+0200] {logging_mixin.py:151} INFO - [2023-09-29T21:52:02.661+0200] {dag.py:3696} INFO - Setting next_dagrun for dataset_consumes_unknown_never_scheduled to None, run_after=None
[2023-09-29T21:52:02.663+0200] {logging_mixin.py:151} INFO - [2023-09-29T21:52:02.663+0200] {dag.py:3696} INFO - Setting next_dagrun for dataset_produces_1 to 2023-09-28T00:00:00+00:00, run_after=2023-09-29T00:00:00+00:00
[2023-09-29T21:52:02.663+0200] {logging_mixin.py:151} INFO - [2023-09-29T21:52:02.663+0200] {dag.py:3696} INFO - Setting next_dagrun for dataset_produces_2 to None, run_after=None
[2023-09-29T21:52:02.685+0200] {processor.py:179} INFO - Processing /home/radtrz/.local/lib/python3.10/site-packages/airflow/example_dags/example_datasets.py took 0.067 seconds
[2023-09-29T21:52:59.430+0200] {processor.py:157} INFO - Started process (PID=19457) to work on /home/radtrz/.local/lib/python3.10/site-packages/airflow/example_dags/example_datasets.py
[2023-09-29T21:52:59.438+0200] {processor.py:829} INFO - Processing file /home/radtrz/.local/lib/python3.10/site-packages/airflow/example_dags/example_datasets.py for tasks to queue
[2023-09-29T21:52:59.439+0200] {logging_mixin.py:151} INFO - [2023-09-29T21:52:59.438+0200] {dagbag.py:539} INFO - Filling up the DagBag from /home/radtrz/.local/lib/python3.10/site-packages/airflow/example_dags/example_datasets.py
[2023-09-29T21:52:59.443+0200] {processor.py:839} INFO - DAG(s) dict_keys(['dataset_produces_2', 'dataset_consumes_1_and_2', 'dataset_consumes_unknown_never_scheduled', 'dataset_consumes_1', 'dataset_produces_1', 'dataset_consumes_1_never_scheduled']) retrieved from /home/radtrz/.local/lib/python3.10/site-packages/airflow/example_dags/example_datasets.py
[2023-09-29T21:52:59.456+0200] {logging_mixin.py:151} INFO - [2023-09-29T21:52:59.456+0200] {dag.py:2915} INFO - Sync 6 DAGs
[2023-09-29T21:52:59.466+0200] {logging_mixin.py:151} INFO - [2023-09-29T21:52:59.466+0200] {dag.py:3696} INFO - Setting next_dagrun for dataset_consumes_1 to None, run_after=None
[2023-09-29T21:52:59.467+0200] {logging_mixin.py:151} INFO - [2023-09-29T21:52:59.467+0200] {dag.py:3696} INFO - Setting next_dagrun for dataset_consumes_1_and_2 to None, run_after=None
[2023-09-29T21:52:59.468+0200] {logging_mixin.py:151} INFO - [2023-09-29T21:52:59.468+0200] {dag.py:3696} INFO - Setting next_dagrun for dataset_consumes_1_never_scheduled to None, run_after=None
[2023-09-29T21:52:59.468+0200] {logging_mixin.py:151} INFO - [2023-09-29T21:52:59.468+0200] {dag.py:3696} INFO - Setting next_dagrun for dataset_consumes_unknown_never_scheduled to None, run_after=None
[2023-09-29T21:52:59.470+0200] {logging_mixin.py:151} INFO - [2023-09-29T21:52:59.469+0200] {dag.py:3696} INFO - Setting next_dagrun for dataset_produces_1 to 2023-09-28T00:00:00+00:00, run_after=2023-09-29T00:00:00+00:00
[2023-09-29T21:52:59.470+0200] {logging_mixin.py:151} INFO - [2023-09-29T21:52:59.470+0200] {dag.py:3696} INFO - Setting next_dagrun for dataset_produces_2 to None, run_after=None
[2023-09-29T21:52:59.486+0200] {processor.py:179} INFO - Processing /home/radtrz/.local/lib/python3.10/site-packages/airflow/example_dags/example_datasets.py took 0.057 seconds
[2023-09-29T21:53:53.410+0200] {processor.py:157} INFO - Started process (PID=19532) to work on /home/radtrz/.local/lib/python3.10/site-packages/airflow/example_dags/example_datasets.py
[2023-09-29T21:53:53.411+0200] {processor.py:829} INFO - Processing file /home/radtrz/.local/lib/python3.10/site-packages/airflow/example_dags/example_datasets.py for tasks to queue
[2023-09-29T21:53:53.411+0200] {logging_mixin.py:151} INFO - [2023-09-29T21:53:53.411+0200] {dagbag.py:539} INFO - Filling up the DagBag from /home/radtrz/.local/lib/python3.10/site-packages/airflow/example_dags/example_datasets.py
[2023-09-29T21:53:53.416+0200] {processor.py:839} INFO - DAG(s) dict_keys(['dataset_consumes_unknown_never_scheduled', 'dataset_consumes_1_never_scheduled', 'dataset_produces_2', 'dataset_consumes_1_and_2', 'dataset_consumes_1', 'dataset_produces_1']) retrieved from /home/radtrz/.local/lib/python3.10/site-packages/airflow/example_dags/example_datasets.py
[2023-09-29T21:53:53.433+0200] {logging_mixin.py:151} INFO - [2023-09-29T21:53:53.433+0200] {dag.py:2915} INFO - Sync 6 DAGs
[2023-09-29T21:53:53.444+0200] {logging_mixin.py:151} INFO - [2023-09-29T21:53:53.444+0200] {dag.py:3696} INFO - Setting next_dagrun for dataset_consumes_1 to None, run_after=None
[2023-09-29T21:53:53.446+0200] {logging_mixin.py:151} INFO - [2023-09-29T21:53:53.446+0200] {dag.py:3696} INFO - Setting next_dagrun for dataset_consumes_1_and_2 to None, run_after=None
[2023-09-29T21:53:53.446+0200] {logging_mixin.py:151} INFO - [2023-09-29T21:53:53.446+0200] {dag.py:3696} INFO - Setting next_dagrun for dataset_consumes_1_never_scheduled to None, run_after=None
[2023-09-29T21:53:53.447+0200] {logging_mixin.py:151} INFO - [2023-09-29T21:53:53.446+0200] {dag.py:3696} INFO - Setting next_dagrun for dataset_consumes_unknown_never_scheduled to None, run_after=None
[2023-09-29T21:53:53.448+0200] {logging_mixin.py:151} INFO - [2023-09-29T21:53:53.448+0200] {dag.py:3696} INFO - Setting next_dagrun for dataset_produces_1 to 2023-09-28T00:00:00+00:00, run_after=2023-09-29T00:00:00+00:00
[2023-09-29T21:53:53.448+0200] {logging_mixin.py:151} INFO - [2023-09-29T21:53:53.448+0200] {dag.py:3696} INFO - Setting next_dagrun for dataset_produces_2 to None, run_after=None
[2023-09-29T21:53:53.468+0200] {processor.py:179} INFO - Processing /home/radtrz/.local/lib/python3.10/site-packages/airflow/example_dags/example_datasets.py took 0.059 seconds
[2023-09-29T21:54:57.524+0200] {processor.py:157} INFO - Started process (PID=19627) to work on /home/radtrz/.local/lib/python3.10/site-packages/airflow/example_dags/example_datasets.py
[2023-09-29T21:54:57.533+0200] {processor.py:829} INFO - Processing file /home/radtrz/.local/lib/python3.10/site-packages/airflow/example_dags/example_datasets.py for tasks to queue
[2023-09-29T21:54:57.533+0200] {logging_mixin.py:151} INFO - [2023-09-29T21:54:57.533+0200] {dagbag.py:539} INFO - Filling up the DagBag from /home/radtrz/.local/lib/python3.10/site-packages/airflow/example_dags/example_datasets.py
[2023-09-29T21:54:57.538+0200] {processor.py:839} INFO - DAG(s) dict_keys(['dataset_consumes_1_and_2', 'dataset_consumes_unknown_never_scheduled', 'dataset_produces_2', 'dataset_consumes_1_never_scheduled', 'dataset_consumes_1', 'dataset_produces_1']) retrieved from /home/radtrz/.local/lib/python3.10/site-packages/airflow/example_dags/example_datasets.py
[2023-09-29T21:54:57.552+0200] {logging_mixin.py:151} INFO - [2023-09-29T21:54:57.552+0200] {dag.py:2915} INFO - Sync 6 DAGs
[2023-09-29T21:54:57.564+0200] {logging_mixin.py:151} INFO - [2023-09-29T21:54:57.563+0200] {dag.py:3696} INFO - Setting next_dagrun for dataset_consumes_1 to None, run_after=None
[2023-09-29T21:54:57.565+0200] {logging_mixin.py:151} INFO - [2023-09-29T21:54:57.565+0200] {dag.py:3696} INFO - Setting next_dagrun for dataset_consumes_1_and_2 to None, run_after=None
[2023-09-29T21:54:57.565+0200] {logging_mixin.py:151} INFO - [2023-09-29T21:54:57.565+0200] {dag.py:3696} INFO - Setting next_dagrun for dataset_consumes_1_never_scheduled to None, run_after=None
[2023-09-29T21:54:57.566+0200] {logging_mixin.py:151} INFO - [2023-09-29T21:54:57.566+0200] {dag.py:3696} INFO - Setting next_dagrun for dataset_consumes_unknown_never_scheduled to None, run_after=None
[2023-09-29T21:54:57.567+0200] {logging_mixin.py:151} INFO - [2023-09-29T21:54:57.567+0200] {dag.py:3696} INFO - Setting next_dagrun for dataset_produces_1 to 2023-09-28T00:00:00+00:00, run_after=2023-09-29T00:00:00+00:00
[2023-09-29T21:54:57.568+0200] {logging_mixin.py:151} INFO - [2023-09-29T21:54:57.568+0200] {dag.py:3696} INFO - Setting next_dagrun for dataset_produces_2 to None, run_after=None
[2023-09-29T21:54:57.590+0200] {processor.py:179} INFO - Processing /home/radtrz/.local/lib/python3.10/site-packages/airflow/example_dags/example_datasets.py took 0.068 seconds
