[2023-09-29T21:46:37.385+0200] {processor.py:157} INFO - Started process (PID=18686) to work on /home/radtrz/.local/lib/python3.10/site-packages/airflow/example_dags/example_sensor_decorator.py
[2023-09-29T21:46:37.386+0200] {processor.py:829} INFO - Processing file /home/radtrz/.local/lib/python3.10/site-packages/airflow/example_dags/example_sensor_decorator.py for tasks to queue
[2023-09-29T21:46:37.386+0200] {logging_mixin.py:151} INFO - [2023-09-29T21:46:37.386+0200] {dagbag.py:539} INFO - Filling up the DagBag from /home/radtrz/.local/lib/python3.10/site-packages/airflow/example_dags/example_sensor_decorator.py
[2023-09-29T21:46:37.389+0200] {processor.py:839} INFO - DAG(s) dict_keys(['example_sensor_decorator']) retrieved from /home/radtrz/.local/lib/python3.10/site-packages/airflow/example_dags/example_sensor_decorator.py
[2023-09-29T21:46:37.449+0200] {logging_mixin.py:151} INFO - [2023-09-29T21:46:37.449+0200] {manager.py:499} INFO - Created Permission View: %s
[2023-09-29T21:46:37.454+0200] {logging_mixin.py:151} INFO - [2023-09-29T21:46:37.454+0200] {manager.py:499} INFO - Created Permission View: %s
[2023-09-29T21:46:37.459+0200] {logging_mixin.py:151} INFO - [2023-09-29T21:46:37.459+0200] {manager.py:499} INFO - Created Permission View: %s
[2023-09-29T21:46:37.459+0200] {logging_mixin.py:151} INFO - [2023-09-29T21:46:37.459+0200] {security.py:708} INFO - Not syncing DAG-level permissions for DAG 'DAG:example_sensor_decorator' as access control is unset.
[2023-09-29T21:46:37.459+0200] {logging_mixin.py:151} INFO - [2023-09-29T21:46:37.459+0200] {dag.py:2915} INFO - Sync 1 DAGs
[2023-09-29T21:46:37.464+0200] {logging_mixin.py:151} INFO - [2023-09-29T21:46:37.464+0200] {dag.py:2937} INFO - Creating ORM DAG for example_sensor_decorator
[2023-09-29T21:46:37.464+0200] {logging_mixin.py:151} INFO - [2023-09-29T21:46:37.464+0200] {dag.py:3696} INFO - Setting next_dagrun for example_sensor_decorator to None, run_after=None
[2023-09-29T21:46:37.474+0200] {processor.py:179} INFO - Processing /home/radtrz/.local/lib/python3.10/site-packages/airflow/example_dags/example_sensor_decorator.py took 0.091 seconds
[2023-09-29T21:47:25.099+0200] {processor.py:157} INFO - Started process (PID=18739) to work on /home/radtrz/.local/lib/python3.10/site-packages/airflow/example_dags/example_sensor_decorator.py
[2023-09-29T21:47:25.107+0200] {processor.py:829} INFO - Processing file /home/radtrz/.local/lib/python3.10/site-packages/airflow/example_dags/example_sensor_decorator.py for tasks to queue
[2023-09-29T21:47:25.108+0200] {logging_mixin.py:151} INFO - [2023-09-29T21:47:25.108+0200] {dagbag.py:539} INFO - Filling up the DagBag from /home/radtrz/.local/lib/python3.10/site-packages/airflow/example_dags/example_sensor_decorator.py
[2023-09-29T21:47:25.111+0200] {processor.py:839} INFO - DAG(s) dict_keys(['example_sensor_decorator']) retrieved from /home/radtrz/.local/lib/python3.10/site-packages/airflow/example_dags/example_sensor_decorator.py
[2023-09-29T21:47:25.119+0200] {logging_mixin.py:151} INFO - [2023-09-29T21:47:25.119+0200] {dag.py:2915} INFO - Sync 1 DAGs
[2023-09-29T21:47:25.126+0200] {logging_mixin.py:151} INFO - [2023-09-29T21:47:25.125+0200] {dag.py:3696} INFO - Setting next_dagrun for example_sensor_decorator to None, run_after=None
[2023-09-29T21:47:25.157+0200] {processor.py:179} INFO - Processing /home/radtrz/.local/lib/python3.10/site-packages/airflow/example_dags/example_sensor_decorator.py took 0.060 seconds
[2023-09-29T21:48:08.222+0200] {processor.py:157} INFO - Started process (PID=18985) to work on /home/radtrz/.local/lib/python3.10/site-packages/airflow/example_dags/example_sensor_decorator.py
[2023-09-29T21:48:08.230+0200] {processor.py:829} INFO - Processing file /home/radtrz/.local/lib/python3.10/site-packages/airflow/example_dags/example_sensor_decorator.py for tasks to queue
[2023-09-29T21:48:08.231+0200] {logging_mixin.py:151} INFO - [2023-09-29T21:48:08.231+0200] {dagbag.py:539} INFO - Filling up the DagBag from /home/radtrz/.local/lib/python3.10/site-packages/airflow/example_dags/example_sensor_decorator.py
[2023-09-29T21:48:08.234+0200] {processor.py:839} INFO - DAG(s) dict_keys(['example_sensor_decorator']) retrieved from /home/radtrz/.local/lib/python3.10/site-packages/airflow/example_dags/example_sensor_decorator.py
[2023-09-29T21:48:08.243+0200] {logging_mixin.py:151} INFO - [2023-09-29T21:48:08.243+0200] {dag.py:2915} INFO - Sync 1 DAGs
[2023-09-29T21:48:08.251+0200] {logging_mixin.py:151} INFO - [2023-09-29T21:48:08.250+0200] {dag.py:3696} INFO - Setting next_dagrun for example_sensor_decorator to None, run_after=None
[2023-09-29T21:48:08.267+0200] {processor.py:179} INFO - Processing /home/radtrz/.local/lib/python3.10/site-packages/airflow/example_dags/example_sensor_decorator.py took 0.048 seconds
[2023-09-29T21:48:51.466+0200] {processor.py:157} INFO - Started process (PID=19114) to work on /home/radtrz/.local/lib/python3.10/site-packages/airflow/example_dags/example_sensor_decorator.py
[2023-09-29T21:48:51.466+0200] {processor.py:829} INFO - Processing file /home/radtrz/.local/lib/python3.10/site-packages/airflow/example_dags/example_sensor_decorator.py for tasks to queue
[2023-09-29T21:48:51.467+0200] {logging_mixin.py:151} INFO - [2023-09-29T21:48:51.466+0200] {dagbag.py:539} INFO - Filling up the DagBag from /home/radtrz/.local/lib/python3.10/site-packages/airflow/example_dags/example_sensor_decorator.py
[2023-09-29T21:48:51.469+0200] {processor.py:839} INFO - DAG(s) dict_keys(['example_sensor_decorator']) retrieved from /home/radtrz/.local/lib/python3.10/site-packages/airflow/example_dags/example_sensor_decorator.py
[2023-09-29T21:48:51.477+0200] {logging_mixin.py:151} INFO - [2023-09-29T21:48:51.477+0200] {dag.py:2915} INFO - Sync 1 DAGs
[2023-09-29T21:48:51.483+0200] {logging_mixin.py:151} INFO - [2023-09-29T21:48:51.483+0200] {dag.py:3696} INFO - Setting next_dagrun for example_sensor_decorator to None, run_after=None
[2023-09-29T21:48:51.498+0200] {processor.py:179} INFO - Processing /home/radtrz/.local/lib/python3.10/site-packages/airflow/example_dags/example_sensor_decorator.py took 0.034 seconds
[2023-09-29T21:49:33.731+0200] {processor.py:157} INFO - Started process (PID=19195) to work on /home/radtrz/.local/lib/python3.10/site-packages/airflow/example_dags/example_sensor_decorator.py
[2023-09-29T21:49:33.740+0200] {processor.py:829} INFO - Processing file /home/radtrz/.local/lib/python3.10/site-packages/airflow/example_dags/example_sensor_decorator.py for tasks to queue
[2023-09-29T21:49:33.740+0200] {logging_mixin.py:151} INFO - [2023-09-29T21:49:33.740+0200] {dagbag.py:539} INFO - Filling up the DagBag from /home/radtrz/.local/lib/python3.10/site-packages/airflow/example_dags/example_sensor_decorator.py
[2023-09-29T21:49:33.743+0200] {processor.py:839} INFO - DAG(s) dict_keys(['example_sensor_decorator']) retrieved from /home/radtrz/.local/lib/python3.10/site-packages/airflow/example_dags/example_sensor_decorator.py
[2023-09-29T21:49:33.751+0200] {logging_mixin.py:151} INFO - [2023-09-29T21:49:33.751+0200] {dag.py:2915} INFO - Sync 1 DAGs
[2023-09-29T21:49:33.756+0200] {logging_mixin.py:151} INFO - [2023-09-29T21:49:33.756+0200] {dag.py:3696} INFO - Setting next_dagrun for example_sensor_decorator to None, run_after=None
[2023-09-29T21:49:33.779+0200] {processor.py:179} INFO - Processing /home/radtrz/.local/lib/python3.10/site-packages/airflow/example_dags/example_sensor_decorator.py took 0.049 seconds
[2023-09-29T21:50:10.963+0200] {processor.py:157} INFO - Started process (PID=19242) to work on /home/radtrz/.local/lib/python3.10/site-packages/airflow/example_dags/example_sensor_decorator.py
[2023-09-29T21:50:10.971+0200] {processor.py:829} INFO - Processing file /home/radtrz/.local/lib/python3.10/site-packages/airflow/example_dags/example_sensor_decorator.py for tasks to queue
[2023-09-29T21:50:10.972+0200] {logging_mixin.py:151} INFO - [2023-09-29T21:50:10.971+0200] {dagbag.py:539} INFO - Filling up the DagBag from /home/radtrz/.local/lib/python3.10/site-packages/airflow/example_dags/example_sensor_decorator.py
[2023-09-29T21:50:10.974+0200] {processor.py:839} INFO - DAG(s) dict_keys(['example_sensor_decorator']) retrieved from /home/radtrz/.local/lib/python3.10/site-packages/airflow/example_dags/example_sensor_decorator.py
[2023-09-29T21:50:10.986+0200] {logging_mixin.py:151} INFO - [2023-09-29T21:50:10.986+0200] {dag.py:2915} INFO - Sync 1 DAGs
[2023-09-29T21:50:10.991+0200] {logging_mixin.py:151} INFO - [2023-09-29T21:50:10.991+0200] {dag.py:3696} INFO - Setting next_dagrun for example_sensor_decorator to None, run_after=None
[2023-09-29T21:50:11.003+0200] {processor.py:179} INFO - Processing /home/radtrz/.local/lib/python3.10/site-packages/airflow/example_dags/example_sensor_decorator.py took 0.042 seconds
[2023-09-29T21:50:55.771+0200] {processor.py:157} INFO - Started process (PID=19296) to work on /home/radtrz/.local/lib/python3.10/site-packages/airflow/example_dags/example_sensor_decorator.py
[2023-09-29T21:50:55.779+0200] {processor.py:829} INFO - Processing file /home/radtrz/.local/lib/python3.10/site-packages/airflow/example_dags/example_sensor_decorator.py for tasks to queue
[2023-09-29T21:50:55.779+0200] {logging_mixin.py:151} INFO - [2023-09-29T21:50:55.779+0200] {dagbag.py:539} INFO - Filling up the DagBag from /home/radtrz/.local/lib/python3.10/site-packages/airflow/example_dags/example_sensor_decorator.py
[2023-09-29T21:50:55.783+0200] {processor.py:839} INFO - DAG(s) dict_keys(['example_sensor_decorator']) retrieved from /home/radtrz/.local/lib/python3.10/site-packages/airflow/example_dags/example_sensor_decorator.py
[2023-09-29T21:50:55.791+0200] {logging_mixin.py:151} INFO - [2023-09-29T21:50:55.791+0200] {dag.py:2915} INFO - Sync 1 DAGs
[2023-09-29T21:50:55.798+0200] {logging_mixin.py:151} INFO - [2023-09-29T21:50:55.798+0200] {dag.py:3696} INFO - Setting next_dagrun for example_sensor_decorator to None, run_after=None
[2023-09-29T21:50:55.814+0200] {processor.py:179} INFO - Processing /home/radtrz/.local/lib/python3.10/site-packages/airflow/example_dags/example_sensor_decorator.py took 0.045 seconds
[2023-09-29T21:51:38.319+0200] {processor.py:157} INFO - Started process (PID=19349) to work on /home/radtrz/.local/lib/python3.10/site-packages/airflow/example_dags/example_sensor_decorator.py
[2023-09-29T21:51:38.327+0200] {processor.py:829} INFO - Processing file /home/radtrz/.local/lib/python3.10/site-packages/airflow/example_dags/example_sensor_decorator.py for tasks to queue
[2023-09-29T21:51:38.328+0200] {logging_mixin.py:151} INFO - [2023-09-29T21:51:38.328+0200] {dagbag.py:539} INFO - Filling up the DagBag from /home/radtrz/.local/lib/python3.10/site-packages/airflow/example_dags/example_sensor_decorator.py
[2023-09-29T21:51:38.331+0200] {processor.py:839} INFO - DAG(s) dict_keys(['example_sensor_decorator']) retrieved from /home/radtrz/.local/lib/python3.10/site-packages/airflow/example_dags/example_sensor_decorator.py
[2023-09-29T21:51:38.339+0200] {logging_mixin.py:151} INFO - [2023-09-29T21:51:38.339+0200] {dag.py:2915} INFO - Sync 1 DAGs
[2023-09-29T21:51:38.345+0200] {logging_mixin.py:151} INFO - [2023-09-29T21:51:38.345+0200] {dag.py:3696} INFO - Setting next_dagrun for example_sensor_decorator to None, run_after=None
[2023-09-29T21:51:38.357+0200] {processor.py:179} INFO - Processing /home/radtrz/.local/lib/python3.10/site-packages/airflow/example_dags/example_sensor_decorator.py took 0.039 seconds
[2023-09-29T21:52:19.777+0200] {processor.py:157} INFO - Started process (PID=19411) to work on /home/radtrz/.local/lib/python3.10/site-packages/airflow/example_dags/example_sensor_decorator.py
[2023-09-29T21:52:19.785+0200] {processor.py:829} INFO - Processing file /home/radtrz/.local/lib/python3.10/site-packages/airflow/example_dags/example_sensor_decorator.py for tasks to queue
[2023-09-29T21:52:19.785+0200] {logging_mixin.py:151} INFO - [2023-09-29T21:52:19.785+0200] {dagbag.py:539} INFO - Filling up the DagBag from /home/radtrz/.local/lib/python3.10/site-packages/airflow/example_dags/example_sensor_decorator.py
[2023-09-29T21:52:19.789+0200] {processor.py:839} INFO - DAG(s) dict_keys(['example_sensor_decorator']) retrieved from /home/radtrz/.local/lib/python3.10/site-packages/airflow/example_dags/example_sensor_decorator.py
[2023-09-29T21:52:19.796+0200] {logging_mixin.py:151} INFO - [2023-09-29T21:52:19.796+0200] {dag.py:2915} INFO - Sync 1 DAGs
[2023-09-29T21:52:19.802+0200] {logging_mixin.py:151} INFO - [2023-09-29T21:52:19.802+0200] {dag.py:3696} INFO - Setting next_dagrun for example_sensor_decorator to None, run_after=None
[2023-09-29T21:52:19.812+0200] {processor.py:179} INFO - Processing /home/radtrz/.local/lib/python3.10/site-packages/airflow/example_dags/example_sensor_decorator.py took 0.037 seconds
[2023-09-29T21:53:04.281+0200] {processor.py:157} INFO - Started process (PID=19462) to work on /home/radtrz/.local/lib/python3.10/site-packages/airflow/example_dags/example_sensor_decorator.py
[2023-09-29T21:53:04.282+0200] {processor.py:829} INFO - Processing file /home/radtrz/.local/lib/python3.10/site-packages/airflow/example_dags/example_sensor_decorator.py for tasks to queue
[2023-09-29T21:53:04.282+0200] {logging_mixin.py:151} INFO - [2023-09-29T21:53:04.282+0200] {dagbag.py:539} INFO - Filling up the DagBag from /home/radtrz/.local/lib/python3.10/site-packages/airflow/example_dags/example_sensor_decorator.py
[2023-09-29T21:53:04.285+0200] {processor.py:839} INFO - DAG(s) dict_keys(['example_sensor_decorator']) retrieved from /home/radtrz/.local/lib/python3.10/site-packages/airflow/example_dags/example_sensor_decorator.py
[2023-09-29T21:53:04.294+0200] {logging_mixin.py:151} INFO - [2023-09-29T21:53:04.293+0200] {dag.py:2915} INFO - Sync 1 DAGs
[2023-09-29T21:53:04.299+0200] {logging_mixin.py:151} INFO - [2023-09-29T21:53:04.299+0200] {dag.py:3696} INFO - Setting next_dagrun for example_sensor_decorator to None, run_after=None
[2023-09-29T21:53:04.310+0200] {processor.py:179} INFO - Processing /home/radtrz/.local/lib/python3.10/site-packages/airflow/example_dags/example_sensor_decorator.py took 0.031 seconds
[2023-09-29T21:53:44.125+0200] {processor.py:157} INFO - Started process (PID=19523) to work on /home/radtrz/.local/lib/python3.10/site-packages/airflow/example_dags/example_sensor_decorator.py
[2023-09-29T21:53:44.125+0200] {processor.py:829} INFO - Processing file /home/radtrz/.local/lib/python3.10/site-packages/airflow/example_dags/example_sensor_decorator.py for tasks to queue
[2023-09-29T21:53:44.126+0200] {logging_mixin.py:151} INFO - [2023-09-29T21:53:44.126+0200] {dagbag.py:539} INFO - Filling up the DagBag from /home/radtrz/.local/lib/python3.10/site-packages/airflow/example_dags/example_sensor_decorator.py
[2023-09-29T21:53:44.129+0200] {processor.py:839} INFO - DAG(s) dict_keys(['example_sensor_decorator']) retrieved from /home/radtrz/.local/lib/python3.10/site-packages/airflow/example_dags/example_sensor_decorator.py
[2023-09-29T21:53:44.137+0200] {logging_mixin.py:151} INFO - [2023-09-29T21:53:44.137+0200] {dag.py:2915} INFO - Sync 1 DAGs
[2023-09-29T21:53:44.143+0200] {logging_mixin.py:151} INFO - [2023-09-29T21:53:44.143+0200] {dag.py:3696} INFO - Setting next_dagrun for example_sensor_decorator to None, run_after=None
[2023-09-29T21:53:44.158+0200] {processor.py:179} INFO - Processing /home/radtrz/.local/lib/python3.10/site-packages/airflow/example_dags/example_sensor_decorator.py took 0.035 seconds
[2023-09-29T21:54:43.249+0200] {processor.py:157} INFO - Started process (PID=19609) to work on /home/radtrz/.local/lib/python3.10/site-packages/airflow/example_dags/example_sensor_decorator.py
[2023-09-29T21:54:43.257+0200] {processor.py:829} INFO - Processing file /home/radtrz/.local/lib/python3.10/site-packages/airflow/example_dags/example_sensor_decorator.py for tasks to queue
[2023-09-29T21:54:43.258+0200] {logging_mixin.py:151} INFO - [2023-09-29T21:54:43.257+0200] {dagbag.py:539} INFO - Filling up the DagBag from /home/radtrz/.local/lib/python3.10/site-packages/airflow/example_dags/example_sensor_decorator.py
[2023-09-29T21:54:43.261+0200] {processor.py:839} INFO - DAG(s) dict_keys(['example_sensor_decorator']) retrieved from /home/radtrz/.local/lib/python3.10/site-packages/airflow/example_dags/example_sensor_decorator.py
[2023-09-29T21:54:43.270+0200] {logging_mixin.py:151} INFO - [2023-09-29T21:54:43.270+0200] {dag.py:2915} INFO - Sync 1 DAGs
[2023-09-29T21:54:43.276+0200] {logging_mixin.py:151} INFO - [2023-09-29T21:54:43.276+0200] {dag.py:3696} INFO - Setting next_dagrun for example_sensor_decorator to None, run_after=None
[2023-09-29T21:54:43.301+0200] {processor.py:179} INFO - Processing /home/radtrz/.local/lib/python3.10/site-packages/airflow/example_dags/example_sensor_decorator.py took 0.053 seconds
[2023-09-29T21:55:26.659+0200] {processor.py:157} INFO - Started process (PID=19762) to work on /home/radtrz/.local/lib/python3.10/site-packages/airflow/example_dags/example_sensor_decorator.py
[2023-09-29T21:55:26.668+0200] {processor.py:829} INFO - Processing file /home/radtrz/.local/lib/python3.10/site-packages/airflow/example_dags/example_sensor_decorator.py for tasks to queue
[2023-09-29T21:55:26.668+0200] {logging_mixin.py:151} INFO - [2023-09-29T21:55:26.668+0200] {dagbag.py:539} INFO - Filling up the DagBag from /home/radtrz/.local/lib/python3.10/site-packages/airflow/example_dags/example_sensor_decorator.py
[2023-09-29T21:55:26.672+0200] {processor.py:839} INFO - DAG(s) dict_keys(['example_sensor_decorator']) retrieved from /home/radtrz/.local/lib/python3.10/site-packages/airflow/example_dags/example_sensor_decorator.py
[2023-09-29T21:55:26.680+0200] {logging_mixin.py:151} INFO - [2023-09-29T21:55:26.680+0200] {dag.py:2915} INFO - Sync 1 DAGs
[2023-09-29T21:55:26.686+0200] {logging_mixin.py:151} INFO - [2023-09-29T21:55:26.686+0200] {dag.py:3696} INFO - Setting next_dagrun for example_sensor_decorator to None, run_after=None
[2023-09-29T21:55:26.703+0200] {processor.py:179} INFO - Processing /home/radtrz/.local/lib/python3.10/site-packages/airflow/example_dags/example_sensor_decorator.py took 0.046 seconds
