[2023-09-29T21:46:47.660+0200] {processor.py:157} INFO - Started process (PID=18696) to work on /home/radtrz/.local/lib/python3.10/site-packages/airflow/example_dags/example_trigger_controller_dag.py
[2023-09-29T21:46:47.660+0200] {processor.py:829} INFO - Processing file /home/radtrz/.local/lib/python3.10/site-packages/airflow/example_dags/example_trigger_controller_dag.py for tasks to queue
[2023-09-29T21:46:47.661+0200] {logging_mixin.py:151} INFO - [2023-09-29T21:46:47.660+0200] {dagbag.py:539} INFO - Filling up the DagBag from /home/radtrz/.local/lib/python3.10/site-packages/airflow/example_dags/example_trigger_controller_dag.py
[2023-09-29T21:46:47.663+0200] {processor.py:839} INFO - DAG(s) dict_keys(['example_trigger_controller_dag']) retrieved from /home/radtrz/.local/lib/python3.10/site-packages/airflow/example_dags/example_trigger_controller_dag.py
[2023-09-29T21:46:47.735+0200] {logging_mixin.py:151} INFO - [2023-09-29T21:46:47.735+0200] {manager.py:499} INFO - Created Permission View: %s
[2023-09-29T21:46:47.741+0200] {logging_mixin.py:151} INFO - [2023-09-29T21:46:47.741+0200] {manager.py:499} INFO - Created Permission View: %s
[2023-09-29T21:46:47.745+0200] {logging_mixin.py:151} INFO - [2023-09-29T21:46:47.745+0200] {manager.py:499} INFO - Created Permission View: %s
[2023-09-29T21:46:47.745+0200] {logging_mixin.py:151} INFO - [2023-09-29T21:46:47.745+0200] {security.py:708} INFO - Not syncing DAG-level permissions for DAG 'DAG:example_trigger_controller_dag' as access control is unset.
[2023-09-29T21:46:47.745+0200] {logging_mixin.py:151} INFO - [2023-09-29T21:46:47.745+0200] {dag.py:2915} INFO - Sync 1 DAGs
[2023-09-29T21:46:47.750+0200] {logging_mixin.py:151} INFO - [2023-09-29T21:46:47.750+0200] {dag.py:2937} INFO - Creating ORM DAG for example_trigger_controller_dag
[2023-09-29T21:46:47.754+0200] {logging_mixin.py:151} INFO - [2023-09-29T21:46:47.754+0200] {dag.py:3696} INFO - Setting next_dagrun for example_trigger_controller_dag to 2021-01-01T00:00:00+00:00, run_after=2021-01-01T00:00:00+00:00
[2023-09-29T21:46:47.764+0200] {processor.py:179} INFO - Processing /home/radtrz/.local/lib/python3.10/site-packages/airflow/example_dags/example_trigger_controller_dag.py took 0.107 seconds
[2023-09-29T21:47:34.238+0200] {processor.py:157} INFO - Started process (PID=18792) to work on /home/radtrz/.local/lib/python3.10/site-packages/airflow/example_dags/example_trigger_controller_dag.py
[2023-09-29T21:47:34.243+0200] {processor.py:829} INFO - Processing file /home/radtrz/.local/lib/python3.10/site-packages/airflow/example_dags/example_trigger_controller_dag.py for tasks to queue
[2023-09-29T21:47:34.243+0200] {logging_mixin.py:151} INFO - [2023-09-29T21:47:34.243+0200] {dagbag.py:539} INFO - Filling up the DagBag from /home/radtrz/.local/lib/python3.10/site-packages/airflow/example_dags/example_trigger_controller_dag.py
[2023-09-29T21:47:34.245+0200] {processor.py:839} INFO - DAG(s) dict_keys(['example_trigger_controller_dag']) retrieved from /home/radtrz/.local/lib/python3.10/site-packages/airflow/example_dags/example_trigger_controller_dag.py
[2023-09-29T21:47:34.253+0200] {logging_mixin.py:151} INFO - [2023-09-29T21:47:34.253+0200] {dag.py:2915} INFO - Sync 1 DAGs
[2023-09-29T21:47:34.262+0200] {logging_mixin.py:151} INFO - [2023-09-29T21:47:34.262+0200] {dag.py:3696} INFO - Setting next_dagrun for example_trigger_controller_dag to 2021-01-01T00:00:00+00:00, run_after=2021-01-01T00:00:00+00:00
[2023-09-29T21:47:34.272+0200] {processor.py:179} INFO - Processing /home/radtrz/.local/lib/python3.10/site-packages/airflow/example_dags/example_trigger_controller_dag.py took 0.036 seconds
[2023-09-29T21:48:18.782+0200] {processor.py:157} INFO - Started process (PID=19073) to work on /home/radtrz/.local/lib/python3.10/site-packages/airflow/example_dags/example_trigger_controller_dag.py
[2023-09-29T21:48:18.790+0200] {processor.py:829} INFO - Processing file /home/radtrz/.local/lib/python3.10/site-packages/airflow/example_dags/example_trigger_controller_dag.py for tasks to queue
[2023-09-29T21:48:18.791+0200] {logging_mixin.py:151} INFO - [2023-09-29T21:48:18.791+0200] {dagbag.py:539} INFO - Filling up the DagBag from /home/radtrz/.local/lib/python3.10/site-packages/airflow/example_dags/example_trigger_controller_dag.py
[2023-09-29T21:48:18.793+0200] {processor.py:839} INFO - DAG(s) dict_keys(['example_trigger_controller_dag']) retrieved from /home/radtrz/.local/lib/python3.10/site-packages/airflow/example_dags/example_trigger_controller_dag.py
[2023-09-29T21:48:18.801+0200] {logging_mixin.py:151} INFO - [2023-09-29T21:48:18.801+0200] {dag.py:2915} INFO - Sync 1 DAGs
[2023-09-29T21:48:18.810+0200] {logging_mixin.py:151} INFO - [2023-09-29T21:48:18.810+0200] {dag.py:3696} INFO - Setting next_dagrun for example_trigger_controller_dag to 2021-01-01T00:00:00+00:00, run_after=2021-01-01T00:00:00+00:00
[2023-09-29T21:48:18.820+0200] {processor.py:179} INFO - Processing /home/radtrz/.local/lib/python3.10/site-packages/airflow/example_dags/example_trigger_controller_dag.py took 0.040 seconds
[2023-09-29T21:49:01.141+0200] {processor.py:157} INFO - Started process (PID=19124) to work on /home/radtrz/.local/lib/python3.10/site-packages/airflow/example_dags/example_trigger_controller_dag.py
[2023-09-29T21:49:01.149+0200] {processor.py:829} INFO - Processing file /home/radtrz/.local/lib/python3.10/site-packages/airflow/example_dags/example_trigger_controller_dag.py for tasks to queue
[2023-09-29T21:49:01.150+0200] {logging_mixin.py:151} INFO - [2023-09-29T21:49:01.150+0200] {dagbag.py:539} INFO - Filling up the DagBag from /home/radtrz/.local/lib/python3.10/site-packages/airflow/example_dags/example_trigger_controller_dag.py
[2023-09-29T21:49:01.152+0200] {processor.py:839} INFO - DAG(s) dict_keys(['example_trigger_controller_dag']) retrieved from /home/radtrz/.local/lib/python3.10/site-packages/airflow/example_dags/example_trigger_controller_dag.py
[2023-09-29T21:49:01.160+0200] {logging_mixin.py:151} INFO - [2023-09-29T21:49:01.160+0200] {dag.py:2915} INFO - Sync 1 DAGs
[2023-09-29T21:49:01.169+0200] {logging_mixin.py:151} INFO - [2023-09-29T21:49:01.169+0200] {dag.py:3696} INFO - Setting next_dagrun for example_trigger_controller_dag to 2021-01-01T00:00:00+00:00, run_after=2021-01-01T00:00:00+00:00
[2023-09-29T21:49:01.197+0200] {processor.py:179} INFO - Processing /home/radtrz/.local/lib/python3.10/site-packages/airflow/example_dags/example_trigger_controller_dag.py took 0.058 seconds
[2023-09-29T21:50:19.790+0200] {processor.py:157} INFO - Started process (PID=19256) to work on /home/radtrz/.local/lib/python3.10/site-packages/airflow/example_dags/example_trigger_controller_dag.py
[2023-09-29T21:50:19.799+0200] {processor.py:829} INFO - Processing file /home/radtrz/.local/lib/python3.10/site-packages/airflow/example_dags/example_trigger_controller_dag.py for tasks to queue
[2023-09-29T21:50:19.799+0200] {logging_mixin.py:151} INFO - [2023-09-29T21:50:19.799+0200] {dagbag.py:539} INFO - Filling up the DagBag from /home/radtrz/.local/lib/python3.10/site-packages/airflow/example_dags/example_trigger_controller_dag.py
[2023-09-29T21:50:19.802+0200] {processor.py:839} INFO - DAG(s) dict_keys(['example_trigger_controller_dag']) retrieved from /home/radtrz/.local/lib/python3.10/site-packages/airflow/example_dags/example_trigger_controller_dag.py
[2023-09-29T21:50:19.810+0200] {logging_mixin.py:151} INFO - [2023-09-29T21:50:19.809+0200] {dag.py:2915} INFO - Sync 1 DAGs
[2023-09-29T21:50:19.819+0200] {logging_mixin.py:151} INFO - [2023-09-29T21:50:19.819+0200] {dag.py:3696} INFO - Setting next_dagrun for example_trigger_controller_dag to 2021-01-01T00:00:00+00:00, run_after=2021-01-01T00:00:00+00:00
[2023-09-29T21:50:19.840+0200] {processor.py:179} INFO - Processing /home/radtrz/.local/lib/python3.10/site-packages/airflow/example_dags/example_trigger_controller_dag.py took 0.052 seconds
[2023-09-29T21:51:03.782+0200] {processor.py:157} INFO - Started process (PID=19308) to work on /home/radtrz/.local/lib/python3.10/site-packages/airflow/example_dags/example_trigger_controller_dag.py
[2023-09-29T21:51:03.790+0200] {processor.py:829} INFO - Processing file /home/radtrz/.local/lib/python3.10/site-packages/airflow/example_dags/example_trigger_controller_dag.py for tasks to queue
[2023-09-29T21:51:03.791+0200] {logging_mixin.py:151} INFO - [2023-09-29T21:51:03.790+0200] {dagbag.py:539} INFO - Filling up the DagBag from /home/radtrz/.local/lib/python3.10/site-packages/airflow/example_dags/example_trigger_controller_dag.py
[2023-09-29T21:51:03.793+0200] {processor.py:839} INFO - DAG(s) dict_keys(['example_trigger_controller_dag']) retrieved from /home/radtrz/.local/lib/python3.10/site-packages/airflow/example_dags/example_trigger_controller_dag.py
[2023-09-29T21:51:03.801+0200] {logging_mixin.py:151} INFO - [2023-09-29T21:51:03.801+0200] {dag.py:2915} INFO - Sync 1 DAGs
[2023-09-29T21:51:03.810+0200] {logging_mixin.py:151} INFO - [2023-09-29T21:51:03.810+0200] {dag.py:3696} INFO - Setting next_dagrun for example_trigger_controller_dag to 2021-01-01T00:00:00+00:00, run_after=2021-01-01T00:00:00+00:00
[2023-09-29T21:51:03.833+0200] {processor.py:179} INFO - Processing /home/radtrz/.local/lib/python3.10/site-packages/airflow/example_dags/example_trigger_controller_dag.py took 0.053 seconds
[2023-09-29T21:51:47.318+0200] {processor.py:157} INFO - Started process (PID=19359) to work on /home/radtrz/.local/lib/python3.10/site-packages/airflow/example_dags/example_trigger_controller_dag.py
[2023-09-29T21:51:47.318+0200] {processor.py:829} INFO - Processing file /home/radtrz/.local/lib/python3.10/site-packages/airflow/example_dags/example_trigger_controller_dag.py for tasks to queue
[2023-09-29T21:51:47.319+0200] {logging_mixin.py:151} INFO - [2023-09-29T21:51:47.319+0200] {dagbag.py:539} INFO - Filling up the DagBag from /home/radtrz/.local/lib/python3.10/site-packages/airflow/example_dags/example_trigger_controller_dag.py
[2023-09-29T21:51:47.321+0200] {processor.py:839} INFO - DAG(s) dict_keys(['example_trigger_controller_dag']) retrieved from /home/radtrz/.local/lib/python3.10/site-packages/airflow/example_dags/example_trigger_controller_dag.py
[2023-09-29T21:51:47.330+0200] {logging_mixin.py:151} INFO - [2023-09-29T21:51:47.330+0200] {dag.py:2915} INFO - Sync 1 DAGs
[2023-09-29T21:51:47.340+0200] {logging_mixin.py:151} INFO - [2023-09-29T21:51:47.340+0200] {dag.py:3696} INFO - Setting next_dagrun for example_trigger_controller_dag to 2021-01-01T00:00:00+00:00, run_after=2021-01-01T00:00:00+00:00
[2023-09-29T21:51:47.352+0200] {processor.py:179} INFO - Processing /home/radtrz/.local/lib/python3.10/site-packages/airflow/example_dags/example_trigger_controller_dag.py took 0.035 seconds
[2023-09-29T21:52:31.206+0200] {processor.py:157} INFO - Started process (PID=19422) to work on /home/radtrz/.local/lib/python3.10/site-packages/airflow/example_dags/example_trigger_controller_dag.py
[2023-09-29T21:52:31.215+0200] {processor.py:829} INFO - Processing file /home/radtrz/.local/lib/python3.10/site-packages/airflow/example_dags/example_trigger_controller_dag.py for tasks to queue
[2023-09-29T21:52:31.215+0200] {logging_mixin.py:151} INFO - [2023-09-29T21:52:31.215+0200] {dagbag.py:539} INFO - Filling up the DagBag from /home/radtrz/.local/lib/python3.10/site-packages/airflow/example_dags/example_trigger_controller_dag.py
[2023-09-29T21:52:31.217+0200] {processor.py:839} INFO - DAG(s) dict_keys(['example_trigger_controller_dag']) retrieved from /home/radtrz/.local/lib/python3.10/site-packages/airflow/example_dags/example_trigger_controller_dag.py
[2023-09-29T21:52:31.226+0200] {logging_mixin.py:151} INFO - [2023-09-29T21:52:31.226+0200] {dag.py:2915} INFO - Sync 1 DAGs
[2023-09-29T21:52:31.235+0200] {logging_mixin.py:151} INFO - [2023-09-29T21:52:31.235+0200] {dag.py:3696} INFO - Setting next_dagrun for example_trigger_controller_dag to 2021-01-01T00:00:00+00:00, run_after=2021-01-01T00:00:00+00:00
[2023-09-29T21:52:31.247+0200] {processor.py:179} INFO - Processing /home/radtrz/.local/lib/python3.10/site-packages/airflow/example_dags/example_trigger_controller_dag.py took 0.042 seconds
[2023-09-29T21:53:13.849+0200] {processor.py:157} INFO - Started process (PID=19479) to work on /home/radtrz/.local/lib/python3.10/site-packages/airflow/example_dags/example_trigger_controller_dag.py
[2023-09-29T21:53:13.857+0200] {processor.py:829} INFO - Processing file /home/radtrz/.local/lib/python3.10/site-packages/airflow/example_dags/example_trigger_controller_dag.py for tasks to queue
[2023-09-29T21:53:13.858+0200] {logging_mixin.py:151} INFO - [2023-09-29T21:53:13.858+0200] {dagbag.py:539} INFO - Filling up the DagBag from /home/radtrz/.local/lib/python3.10/site-packages/airflow/example_dags/example_trigger_controller_dag.py
[2023-09-29T21:53:13.860+0200] {processor.py:839} INFO - DAG(s) dict_keys(['example_trigger_controller_dag']) retrieved from /home/radtrz/.local/lib/python3.10/site-packages/airflow/example_dags/example_trigger_controller_dag.py
[2023-09-29T21:53:13.868+0200] {logging_mixin.py:151} INFO - [2023-09-29T21:53:13.868+0200] {dag.py:2915} INFO - Sync 1 DAGs
[2023-09-29T21:53:13.878+0200] {logging_mixin.py:151} INFO - [2023-09-29T21:53:13.877+0200] {dag.py:3696} INFO - Setting next_dagrun for example_trigger_controller_dag to 2021-01-01T00:00:00+00:00, run_after=2021-01-01T00:00:00+00:00
[2023-09-29T21:53:13.896+0200] {processor.py:179} INFO - Processing /home/radtrz/.local/lib/python3.10/site-packages/airflow/example_dags/example_trigger_controller_dag.py took 0.049 seconds
[2023-09-29T21:53:57.413+0200] {processor.py:157} INFO - Started process (PID=19538) to work on /home/radtrz/.local/lib/python3.10/site-packages/airflow/example_dags/example_trigger_controller_dag.py
[2023-09-29T21:53:57.413+0200] {processor.py:829} INFO - Processing file /home/radtrz/.local/lib/python3.10/site-packages/airflow/example_dags/example_trigger_controller_dag.py for tasks to queue
[2023-09-29T21:53:57.414+0200] {logging_mixin.py:151} INFO - [2023-09-29T21:53:57.413+0200] {dagbag.py:539} INFO - Filling up the DagBag from /home/radtrz/.local/lib/python3.10/site-packages/airflow/example_dags/example_trigger_controller_dag.py
[2023-09-29T21:53:57.416+0200] {processor.py:839} INFO - DAG(s) dict_keys(['example_trigger_controller_dag']) retrieved from /home/radtrz/.local/lib/python3.10/site-packages/airflow/example_dags/example_trigger_controller_dag.py
[2023-09-29T21:53:57.425+0200] {logging_mixin.py:151} INFO - [2023-09-29T21:53:57.425+0200] {dag.py:2915} INFO - Sync 1 DAGs
[2023-09-29T21:53:57.435+0200] {logging_mixin.py:151} INFO - [2023-09-29T21:53:57.435+0200] {dag.py:3696} INFO - Setting next_dagrun for example_trigger_controller_dag to 2021-01-01T00:00:00+00:00, run_after=2021-01-01T00:00:00+00:00
[2023-09-29T21:53:57.460+0200] {processor.py:179} INFO - Processing /home/radtrz/.local/lib/python3.10/site-packages/airflow/example_dags/example_trigger_controller_dag.py took 0.048 seconds
[2023-09-29T21:54:52.382+0200] {processor.py:157} INFO - Started process (PID=19619) to work on /home/radtrz/.local/lib/python3.10/site-packages/airflow/example_dags/example_trigger_controller_dag.py
[2023-09-29T21:54:52.391+0200] {processor.py:829} INFO - Processing file /home/radtrz/.local/lib/python3.10/site-packages/airflow/example_dags/example_trigger_controller_dag.py for tasks to queue
[2023-09-29T21:54:52.391+0200] {logging_mixin.py:151} INFO - [2023-09-29T21:54:52.391+0200] {dagbag.py:539} INFO - Filling up the DagBag from /home/radtrz/.local/lib/python3.10/site-packages/airflow/example_dags/example_trigger_controller_dag.py
[2023-09-29T21:54:52.393+0200] {processor.py:839} INFO - DAG(s) dict_keys(['example_trigger_controller_dag']) retrieved from /home/radtrz/.local/lib/python3.10/site-packages/airflow/example_dags/example_trigger_controller_dag.py
[2023-09-29T21:54:52.401+0200] {logging_mixin.py:151} INFO - [2023-09-29T21:54:52.401+0200] {dag.py:2915} INFO - Sync 1 DAGs
[2023-09-29T21:54:52.411+0200] {logging_mixin.py:151} INFO - [2023-09-29T21:54:52.411+0200] {dag.py:3696} INFO - Setting next_dagrun for example_trigger_controller_dag to 2021-01-01T00:00:00+00:00, run_after=2021-01-01T00:00:00+00:00
[2023-09-29T21:54:52.423+0200] {processor.py:179} INFO - Processing /home/radtrz/.local/lib/python3.10/site-packages/airflow/example_dags/example_trigger_controller_dag.py took 0.043 seconds
[2023-09-29T21:55:35.808+0200] {processor.py:157} INFO - Started process (PID=19775) to work on /home/radtrz/.local/lib/python3.10/site-packages/airflow/example_dags/example_trigger_controller_dag.py
[2023-09-29T21:55:35.818+0200] {processor.py:829} INFO - Processing file /home/radtrz/.local/lib/python3.10/site-packages/airflow/example_dags/example_trigger_controller_dag.py for tasks to queue
[2023-09-29T21:55:35.818+0200] {logging_mixin.py:151} INFO - [2023-09-29T21:55:35.818+0200] {dagbag.py:539} INFO - Filling up the DagBag from /home/radtrz/.local/lib/python3.10/site-packages/airflow/example_dags/example_trigger_controller_dag.py
[2023-09-29T21:55:35.821+0200] {processor.py:839} INFO - DAG(s) dict_keys(['example_trigger_controller_dag']) retrieved from /home/radtrz/.local/lib/python3.10/site-packages/airflow/example_dags/example_trigger_controller_dag.py
[2023-09-29T21:55:35.830+0200] {logging_mixin.py:151} INFO - [2023-09-29T21:55:35.830+0200] {dag.py:2915} INFO - Sync 1 DAGs
[2023-09-29T21:55:35.841+0200] {logging_mixin.py:151} INFO - [2023-09-29T21:55:35.841+0200] {dag.py:3696} INFO - Setting next_dagrun for example_trigger_controller_dag to 2021-01-01T00:00:00+00:00, run_after=2021-01-01T00:00:00+00:00
[2023-09-29T21:55:35.854+0200] {processor.py:179} INFO - Processing /home/radtrz/.local/lib/python3.10/site-packages/airflow/example_dags/example_trigger_controller_dag.py took 0.047 seconds
