[2023-09-29T21:47:00.553+0200] {processor.py:157} INFO - Started process (PID=18708) to work on /home/radtrz/.local/lib/python3.10/site-packages/airflow/example_dags/example_branch_day_of_week_operator.py
[2023-09-29T21:47:00.553+0200] {processor.py:829} INFO - Processing file /home/radtrz/.local/lib/python3.10/site-packages/airflow/example_dags/example_branch_day_of_week_operator.py for tasks to queue
[2023-09-29T21:47:00.554+0200] {logging_mixin.py:151} INFO - [2023-09-29T21:47:00.554+0200] {dagbag.py:539} INFO - Filling up the DagBag from /home/radtrz/.local/lib/python3.10/site-packages/airflow/example_dags/example_branch_day_of_week_operator.py
[2023-09-29T21:47:00.557+0200] {processor.py:839} INFO - DAG(s) dict_keys(['example_weekday_branch_operator']) retrieved from /home/radtrz/.local/lib/python3.10/site-packages/airflow/example_dags/example_branch_day_of_week_operator.py
[2023-09-29T21:47:00.615+0200] {logging_mixin.py:151} INFO - [2023-09-29T21:47:00.615+0200] {manager.py:499} INFO - Created Permission View: %s
[2023-09-29T21:47:00.621+0200] {logging_mixin.py:151} INFO - [2023-09-29T21:47:00.621+0200] {manager.py:499} INFO - Created Permission View: %s
[2023-09-29T21:47:00.625+0200] {logging_mixin.py:151} INFO - [2023-09-29T21:47:00.625+0200] {manager.py:499} INFO - Created Permission View: %s
[2023-09-29T21:47:00.625+0200] {logging_mixin.py:151} INFO - [2023-09-29T21:47:00.625+0200] {security.py:708} INFO - Not syncing DAG-level permissions for DAG 'DAG:example_weekday_branch_operator' as access control is unset.
[2023-09-29T21:47:00.625+0200] {logging_mixin.py:151} INFO - [2023-09-29T21:47:00.625+0200] {dag.py:2915} INFO - Sync 1 DAGs
[2023-09-29T21:47:00.630+0200] {logging_mixin.py:151} INFO - [2023-09-29T21:47:00.630+0200] {dag.py:2937} INFO - Creating ORM DAG for example_weekday_branch_operator
[2023-09-29T21:47:00.635+0200] {logging_mixin.py:151} INFO - [2023-09-29T21:47:00.635+0200] {dag.py:3696} INFO - Setting next_dagrun for example_weekday_branch_operator to 2023-09-28T00:00:00+00:00, run_after=2023-09-29T00:00:00+00:00
[2023-09-29T21:47:00.646+0200] {processor.py:179} INFO - Processing /home/radtrz/.local/lib/python3.10/site-packages/airflow/example_dags/example_branch_day_of_week_operator.py took 0.095 seconds
[2023-09-29T21:47:48.031+0200] {processor.py:157} INFO - Started process (PID=18907) to work on /home/radtrz/.local/lib/python3.10/site-packages/airflow/example_dags/example_branch_day_of_week_operator.py
[2023-09-29T21:47:48.039+0200] {processor.py:829} INFO - Processing file /home/radtrz/.local/lib/python3.10/site-packages/airflow/example_dags/example_branch_day_of_week_operator.py for tasks to queue
[2023-09-29T21:47:48.040+0200] {logging_mixin.py:151} INFO - [2023-09-29T21:47:48.039+0200] {dagbag.py:539} INFO - Filling up the DagBag from /home/radtrz/.local/lib/python3.10/site-packages/airflow/example_dags/example_branch_day_of_week_operator.py
[2023-09-29T21:47:48.043+0200] {processor.py:839} INFO - DAG(s) dict_keys(['example_weekday_branch_operator']) retrieved from /home/radtrz/.local/lib/python3.10/site-packages/airflow/example_dags/example_branch_day_of_week_operator.py
[2023-09-29T21:47:48.052+0200] {logging_mixin.py:151} INFO - [2023-09-29T21:47:48.052+0200] {dag.py:2915} INFO - Sync 1 DAGs
[2023-09-29T21:47:48.063+0200] {logging_mixin.py:151} INFO - [2023-09-29T21:47:48.063+0200] {dag.py:3696} INFO - Setting next_dagrun for example_weekday_branch_operator to 2023-09-28T00:00:00+00:00, run_after=2023-09-29T00:00:00+00:00
[2023-09-29T21:47:48.083+0200] {processor.py:179} INFO - Processing /home/radtrz/.local/lib/python3.10/site-packages/airflow/example_dags/example_branch_day_of_week_operator.py took 0.055 seconds
[2023-09-29T21:48:32.076+0200] {processor.py:157} INFO - Started process (PID=19092) to work on /home/radtrz/.local/lib/python3.10/site-packages/airflow/example_dags/example_branch_day_of_week_operator.py
[2023-09-29T21:48:32.077+0200] {processor.py:829} INFO - Processing file /home/radtrz/.local/lib/python3.10/site-packages/airflow/example_dags/example_branch_day_of_week_operator.py for tasks to queue
[2023-09-29T21:48:32.077+0200] {logging_mixin.py:151} INFO - [2023-09-29T21:48:32.077+0200] {dagbag.py:539} INFO - Filling up the DagBag from /home/radtrz/.local/lib/python3.10/site-packages/airflow/example_dags/example_branch_day_of_week_operator.py
[2023-09-29T21:48:32.081+0200] {processor.py:839} INFO - DAG(s) dict_keys(['example_weekday_branch_operator']) retrieved from /home/radtrz/.local/lib/python3.10/site-packages/airflow/example_dags/example_branch_day_of_week_operator.py
[2023-09-29T21:48:32.090+0200] {logging_mixin.py:151} INFO - [2023-09-29T21:48:32.090+0200] {dag.py:2915} INFO - Sync 1 DAGs
[2023-09-29T21:48:32.101+0200] {logging_mixin.py:151} INFO - [2023-09-29T21:48:32.101+0200] {dag.py:3696} INFO - Setting next_dagrun for example_weekday_branch_operator to 2023-09-28T00:00:00+00:00, run_after=2023-09-29T00:00:00+00:00
[2023-09-29T21:48:32.130+0200] {processor.py:179} INFO - Processing /home/radtrz/.local/lib/python3.10/site-packages/airflow/example_dags/example_branch_day_of_week_operator.py took 0.055 seconds
[2023-09-29T21:49:15.543+0200] {processor.py:157} INFO - Started process (PID=19154) to work on /home/radtrz/.local/lib/python3.10/site-packages/airflow/example_dags/example_branch_day_of_week_operator.py
[2023-09-29T21:49:15.544+0200] {processor.py:829} INFO - Processing file /home/radtrz/.local/lib/python3.10/site-packages/airflow/example_dags/example_branch_day_of_week_operator.py for tasks to queue
[2023-09-29T21:49:15.544+0200] {logging_mixin.py:151} INFO - [2023-09-29T21:49:15.544+0200] {dagbag.py:539} INFO - Filling up the DagBag from /home/radtrz/.local/lib/python3.10/site-packages/airflow/example_dags/example_branch_day_of_week_operator.py
[2023-09-29T21:49:15.548+0200] {processor.py:839} INFO - DAG(s) dict_keys(['example_weekday_branch_operator']) retrieved from /home/radtrz/.local/lib/python3.10/site-packages/airflow/example_dags/example_branch_day_of_week_operator.py
[2023-09-29T21:49:15.557+0200] {logging_mixin.py:151} INFO - [2023-09-29T21:49:15.557+0200] {dag.py:2915} INFO - Sync 1 DAGs
[2023-09-29T21:49:15.567+0200] {logging_mixin.py:151} INFO - [2023-09-29T21:49:15.567+0200] {dag.py:3696} INFO - Setting next_dagrun for example_weekday_branch_operator to 2023-09-28T00:00:00+00:00, run_after=2023-09-29T00:00:00+00:00
[2023-09-29T21:49:15.577+0200] {processor.py:179} INFO - Processing /home/radtrz/.local/lib/python3.10/site-packages/airflow/example_dags/example_branch_day_of_week_operator.py took 0.035 seconds
[2023-09-29T21:50:31.315+0200] {processor.py:157} INFO - Started process (PID=19269) to work on /home/radtrz/.local/lib/python3.10/site-packages/airflow/example_dags/example_branch_day_of_week_operator.py
[2023-09-29T21:50:31.324+0200] {processor.py:829} INFO - Processing file /home/radtrz/.local/lib/python3.10/site-packages/airflow/example_dags/example_branch_day_of_week_operator.py for tasks to queue
[2023-09-29T21:50:31.324+0200] {logging_mixin.py:151} INFO - [2023-09-29T21:50:31.324+0200] {dagbag.py:539} INFO - Filling up the DagBag from /home/radtrz/.local/lib/python3.10/site-packages/airflow/example_dags/example_branch_day_of_week_operator.py
[2023-09-29T21:50:31.328+0200] {processor.py:839} INFO - DAG(s) dict_keys(['example_weekday_branch_operator']) retrieved from /home/radtrz/.local/lib/python3.10/site-packages/airflow/example_dags/example_branch_day_of_week_operator.py
[2023-09-29T21:50:31.337+0200] {logging_mixin.py:151} INFO - [2023-09-29T21:50:31.337+0200] {dag.py:2915} INFO - Sync 1 DAGs
[2023-09-29T21:50:31.348+0200] {logging_mixin.py:151} INFO - [2023-09-29T21:50:31.347+0200] {dag.py:3696} INFO - Setting next_dagrun for example_weekday_branch_operator to 2023-09-28T00:00:00+00:00, run_after=2023-09-29T00:00:00+00:00
[2023-09-29T21:50:31.360+0200] {processor.py:179} INFO - Processing /home/radtrz/.local/lib/python3.10/site-packages/airflow/example_dags/example_branch_day_of_week_operator.py took 0.047 seconds
[2023-09-29T21:51:15.283+0200] {processor.py:157} INFO - Started process (PID=19322) to work on /home/radtrz/.local/lib/python3.10/site-packages/airflow/example_dags/example_branch_day_of_week_operator.py
[2023-09-29T21:51:15.292+0200] {processor.py:829} INFO - Processing file /home/radtrz/.local/lib/python3.10/site-packages/airflow/example_dags/example_branch_day_of_week_operator.py for tasks to queue
[2023-09-29T21:51:15.292+0200] {logging_mixin.py:151} INFO - [2023-09-29T21:51:15.292+0200] {dagbag.py:539} INFO - Filling up the DagBag from /home/radtrz/.local/lib/python3.10/site-packages/airflow/example_dags/example_branch_day_of_week_operator.py
[2023-09-29T21:51:15.296+0200] {processor.py:839} INFO - DAG(s) dict_keys(['example_weekday_branch_operator']) retrieved from /home/radtrz/.local/lib/python3.10/site-packages/airflow/example_dags/example_branch_day_of_week_operator.py
[2023-09-29T21:51:15.305+0200] {logging_mixin.py:151} INFO - [2023-09-29T21:51:15.305+0200] {dag.py:2915} INFO - Sync 1 DAGs
[2023-09-29T21:51:15.316+0200] {logging_mixin.py:151} INFO - [2023-09-29T21:51:15.316+0200] {dag.py:3696} INFO - Setting next_dagrun for example_weekday_branch_operator to 2023-09-28T00:00:00+00:00, run_after=2023-09-29T00:00:00+00:00
[2023-09-29T21:51:15.339+0200] {processor.py:179} INFO - Processing /home/radtrz/.local/lib/python3.10/site-packages/airflow/example_dags/example_branch_day_of_week_operator.py took 0.058 seconds
[2023-09-29T21:51:57.454+0200] {processor.py:157} INFO - Started process (PID=19382) to work on /home/radtrz/.local/lib/python3.10/site-packages/airflow/example_dags/example_branch_day_of_week_operator.py
[2023-09-29T21:51:57.463+0200] {processor.py:829} INFO - Processing file /home/radtrz/.local/lib/python3.10/site-packages/airflow/example_dags/example_branch_day_of_week_operator.py for tasks to queue
[2023-09-29T21:51:57.463+0200] {logging_mixin.py:151} INFO - [2023-09-29T21:51:57.463+0200] {dagbag.py:539} INFO - Filling up the DagBag from /home/radtrz/.local/lib/python3.10/site-packages/airflow/example_dags/example_branch_day_of_week_operator.py
[2023-09-29T21:51:57.467+0200] {processor.py:839} INFO - DAG(s) dict_keys(['example_weekday_branch_operator']) retrieved from /home/radtrz/.local/lib/python3.10/site-packages/airflow/example_dags/example_branch_day_of_week_operator.py
[2023-09-29T21:51:57.476+0200] {logging_mixin.py:151} INFO - [2023-09-29T21:51:57.476+0200] {dag.py:2915} INFO - Sync 1 DAGs
[2023-09-29T21:51:57.486+0200] {logging_mixin.py:151} INFO - [2023-09-29T21:51:57.486+0200] {dag.py:3696} INFO - Setting next_dagrun for example_weekday_branch_operator to 2023-09-28T00:00:00+00:00, run_after=2023-09-29T00:00:00+00:00
[2023-09-29T21:51:57.497+0200] {processor.py:179} INFO - Processing /home/radtrz/.local/lib/python3.10/site-packages/airflow/example_dags/example_branch_day_of_week_operator.py took 0.045 seconds
[2023-09-29T21:52:43.581+0200] {processor.py:157} INFO - Started process (PID=19438) to work on /home/radtrz/.local/lib/python3.10/site-packages/airflow/example_dags/example_branch_day_of_week_operator.py
[2023-09-29T21:52:43.590+0200] {processor.py:829} INFO - Processing file /home/radtrz/.local/lib/python3.10/site-packages/airflow/example_dags/example_branch_day_of_week_operator.py for tasks to queue
[2023-09-29T21:52:43.590+0200] {logging_mixin.py:151} INFO - [2023-09-29T21:52:43.590+0200] {dagbag.py:539} INFO - Filling up the DagBag from /home/radtrz/.local/lib/python3.10/site-packages/airflow/example_dags/example_branch_day_of_week_operator.py
[2023-09-29T21:52:43.594+0200] {processor.py:839} INFO - DAG(s) dict_keys(['example_weekday_branch_operator']) retrieved from /home/radtrz/.local/lib/python3.10/site-packages/airflow/example_dags/example_branch_day_of_week_operator.py
[2023-09-29T21:52:43.603+0200] {logging_mixin.py:151} INFO - [2023-09-29T21:52:43.603+0200] {dag.py:2915} INFO - Sync 1 DAGs
[2023-09-29T21:52:43.613+0200] {logging_mixin.py:151} INFO - [2023-09-29T21:52:43.613+0200] {dag.py:3696} INFO - Setting next_dagrun for example_weekday_branch_operator to 2023-09-28T00:00:00+00:00, run_after=2023-09-29T00:00:00+00:00
[2023-09-29T21:52:43.630+0200] {processor.py:179} INFO - Processing /home/radtrz/.local/lib/python3.10/site-packages/airflow/example_dags/example_branch_day_of_week_operator.py took 0.050 seconds
[2023-09-29T21:53:25.982+0200] {processor.py:157} INFO - Started process (PID=19495) to work on /home/radtrz/.local/lib/python3.10/site-packages/airflow/example_dags/example_branch_day_of_week_operator.py
[2023-09-29T21:53:25.990+0200] {processor.py:829} INFO - Processing file /home/radtrz/.local/lib/python3.10/site-packages/airflow/example_dags/example_branch_day_of_week_operator.py for tasks to queue
[2023-09-29T21:53:25.991+0200] {logging_mixin.py:151} INFO - [2023-09-29T21:53:25.991+0200] {dagbag.py:539} INFO - Filling up the DagBag from /home/radtrz/.local/lib/python3.10/site-packages/airflow/example_dags/example_branch_day_of_week_operator.py
[2023-09-29T21:53:25.995+0200] {processor.py:839} INFO - DAG(s) dict_keys(['example_weekday_branch_operator']) retrieved from /home/radtrz/.local/lib/python3.10/site-packages/airflow/example_dags/example_branch_day_of_week_operator.py
[2023-09-29T21:53:26.003+0200] {logging_mixin.py:151} INFO - [2023-09-29T21:53:26.003+0200] {dag.py:2915} INFO - Sync 1 DAGs
[2023-09-29T21:53:26.014+0200] {logging_mixin.py:151} INFO - [2023-09-29T21:53:26.014+0200] {dag.py:3696} INFO - Setting next_dagrun for example_weekday_branch_operator to 2023-09-28T00:00:00+00:00, run_after=2023-09-29T00:00:00+00:00
[2023-09-29T21:53:26.024+0200] {processor.py:179} INFO - Processing /home/radtrz/.local/lib/python3.10/site-packages/airflow/example_dags/example_branch_day_of_week_operator.py took 0.044 seconds
[2023-09-29T21:54:55.797+0200] {processor.py:157} INFO - Started process (PID=19622) to work on /home/radtrz/.local/lib/python3.10/site-packages/airflow/example_dags/example_branch_day_of_week_operator.py
[2023-09-29T21:54:55.797+0200] {processor.py:829} INFO - Processing file /home/radtrz/.local/lib/python3.10/site-packages/airflow/example_dags/example_branch_day_of_week_operator.py for tasks to queue
[2023-09-29T21:54:55.798+0200] {logging_mixin.py:151} INFO - [2023-09-29T21:54:55.797+0200] {dagbag.py:539} INFO - Filling up the DagBag from /home/radtrz/.local/lib/python3.10/site-packages/airflow/example_dags/example_branch_day_of_week_operator.py
[2023-09-29T21:54:55.801+0200] {processor.py:839} INFO - DAG(s) dict_keys(['example_weekday_branch_operator']) retrieved from /home/radtrz/.local/lib/python3.10/site-packages/airflow/example_dags/example_branch_day_of_week_operator.py
[2023-09-29T21:54:55.812+0200] {logging_mixin.py:151} INFO - [2023-09-29T21:54:55.812+0200] {dag.py:2915} INFO - Sync 1 DAGs
[2023-09-29T21:54:55.822+0200] {logging_mixin.py:151} INFO - [2023-09-29T21:54:55.822+0200] {dag.py:3696} INFO - Setting next_dagrun for example_weekday_branch_operator to 2023-09-28T00:00:00+00:00, run_after=2023-09-29T00:00:00+00:00
[2023-09-29T21:54:55.837+0200] {processor.py:179} INFO - Processing /home/radtrz/.local/lib/python3.10/site-packages/airflow/example_dags/example_branch_day_of_week_operator.py took 0.043 seconds
