[2023-09-29T21:46:23.277+0200] {processor.py:157} INFO - Started process (PID=18665) to work on /home/radtrz/.local/lib/python3.10/site-packages/airflow/example_dags/example_time_delta_sensor_async.py
[2023-09-29T21:46:23.278+0200] {processor.py:829} INFO - Processing file /home/radtrz/.local/lib/python3.10/site-packages/airflow/example_dags/example_time_delta_sensor_async.py for tasks to queue
[2023-09-29T21:46:23.278+0200] {logging_mixin.py:151} INFO - [2023-09-29T21:46:23.278+0200] {dagbag.py:539} INFO - Filling up the DagBag from /home/radtrz/.local/lib/python3.10/site-packages/airflow/example_dags/example_time_delta_sensor_async.py
[2023-09-29T21:46:23.281+0200] {processor.py:839} INFO - DAG(s) dict_keys(['example_time_delta_sensor_async']) retrieved from /home/radtrz/.local/lib/python3.10/site-packages/airflow/example_dags/example_time_delta_sensor_async.py
[2023-09-29T21:46:23.340+0200] {logging_mixin.py:151} INFO - [2023-09-29T21:46:23.340+0200] {manager.py:499} INFO - Created Permission View: %s
[2023-09-29T21:46:23.346+0200] {logging_mixin.py:151} INFO - [2023-09-29T21:46:23.346+0200] {manager.py:499} INFO - Created Permission View: %s
[2023-09-29T21:46:23.350+0200] {logging_mixin.py:151} INFO - [2023-09-29T21:46:23.350+0200] {manager.py:499} INFO - Created Permission View: %s
[2023-09-29T21:46:23.350+0200] {logging_mixin.py:151} INFO - [2023-09-29T21:46:23.350+0200] {security.py:708} INFO - Not syncing DAG-level permissions for DAG 'DAG:example_time_delta_sensor_async' as access control is unset.
[2023-09-29T21:46:23.350+0200] {logging_mixin.py:151} INFO - [2023-09-29T21:46:23.350+0200] {dag.py:2915} INFO - Sync 1 DAGs
[2023-09-29T21:46:23.356+0200] {logging_mixin.py:151} INFO - [2023-09-29T21:46:23.356+0200] {dag.py:2937} INFO - Creating ORM DAG for example_time_delta_sensor_async
[2023-09-29T21:46:23.356+0200] {logging_mixin.py:151} INFO - [2023-09-29T21:46:23.356+0200] {dag.py:3696} INFO - Setting next_dagrun for example_time_delta_sensor_async to None, run_after=None
[2023-09-29T21:46:23.366+0200] {processor.py:179} INFO - Processing /home/radtrz/.local/lib/python3.10/site-packages/airflow/example_dags/example_time_delta_sensor_async.py took 0.090 seconds
[2023-09-29T21:47:09.719+0200] {processor.py:157} INFO - Started process (PID=18722) to work on /home/radtrz/.local/lib/python3.10/site-packages/airflow/example_dags/example_time_delta_sensor_async.py
[2023-09-29T21:47:09.727+0200] {processor.py:829} INFO - Processing file /home/radtrz/.local/lib/python3.10/site-packages/airflow/example_dags/example_time_delta_sensor_async.py for tasks to queue
[2023-09-29T21:47:09.728+0200] {logging_mixin.py:151} INFO - [2023-09-29T21:47:09.727+0200] {dagbag.py:539} INFO - Filling up the DagBag from /home/radtrz/.local/lib/python3.10/site-packages/airflow/example_dags/example_time_delta_sensor_async.py
[2023-09-29T21:47:09.730+0200] {processor.py:839} INFO - DAG(s) dict_keys(['example_time_delta_sensor_async']) retrieved from /home/radtrz/.local/lib/python3.10/site-packages/airflow/example_dags/example_time_delta_sensor_async.py
[2023-09-29T21:47:09.739+0200] {logging_mixin.py:151} INFO - [2023-09-29T21:47:09.738+0200] {dag.py:2915} INFO - Sync 1 DAGs
[2023-09-29T21:47:09.745+0200] {logging_mixin.py:151} INFO - [2023-09-29T21:47:09.745+0200] {dag.py:3696} INFO - Setting next_dagrun for example_time_delta_sensor_async to None, run_after=None
[2023-09-29T21:47:09.756+0200] {processor.py:179} INFO - Processing /home/radtrz/.local/lib/python3.10/site-packages/airflow/example_dags/example_time_delta_sensor_async.py took 0.039 seconds
[2023-09-29T21:47:42.793+0200] {processor.py:157} INFO - Started process (PID=18900) to work on /home/radtrz/.local/lib/python3.10/site-packages/airflow/example_dags/example_time_delta_sensor_async.py
[2023-09-29T21:47:42.801+0200] {processor.py:829} INFO - Processing file /home/radtrz/.local/lib/python3.10/site-packages/airflow/example_dags/example_time_delta_sensor_async.py for tasks to queue
[2023-09-29T21:47:42.802+0200] {logging_mixin.py:151} INFO - [2023-09-29T21:47:42.801+0200] {dagbag.py:539} INFO - Filling up the DagBag from /home/radtrz/.local/lib/python3.10/site-packages/airflow/example_dags/example_time_delta_sensor_async.py
[2023-09-29T21:47:42.804+0200] {processor.py:839} INFO - DAG(s) dict_keys(['example_time_delta_sensor_async']) retrieved from /home/radtrz/.local/lib/python3.10/site-packages/airflow/example_dags/example_time_delta_sensor_async.py
[2023-09-29T21:47:42.811+0200] {logging_mixin.py:151} INFO - [2023-09-29T21:47:42.811+0200] {dag.py:2915} INFO - Sync 1 DAGs
[2023-09-29T21:47:42.817+0200] {logging_mixin.py:151} INFO - [2023-09-29T21:47:42.817+0200] {dag.py:3696} INFO - Setting next_dagrun for example_time_delta_sensor_async to None, run_after=None
[2023-09-29T21:47:42.827+0200] {processor.py:179} INFO - Processing /home/radtrz/.local/lib/python3.10/site-packages/airflow/example_dags/example_time_delta_sensor_async.py took 0.037 seconds
[2023-09-29T21:48:23.364+0200] {processor.py:157} INFO - Started process (PID=19080) to work on /home/radtrz/.local/lib/python3.10/site-packages/airflow/example_dags/example_time_delta_sensor_async.py
[2023-09-29T21:48:23.373+0200] {processor.py:829} INFO - Processing file /home/radtrz/.local/lib/python3.10/site-packages/airflow/example_dags/example_time_delta_sensor_async.py for tasks to queue
[2023-09-29T21:48:23.373+0200] {logging_mixin.py:151} INFO - [2023-09-29T21:48:23.373+0200] {dagbag.py:539} INFO - Filling up the DagBag from /home/radtrz/.local/lib/python3.10/site-packages/airflow/example_dags/example_time_delta_sensor_async.py
[2023-09-29T21:48:23.375+0200] {processor.py:839} INFO - DAG(s) dict_keys(['example_time_delta_sensor_async']) retrieved from /home/radtrz/.local/lib/python3.10/site-packages/airflow/example_dags/example_time_delta_sensor_async.py
[2023-09-29T21:48:23.383+0200] {logging_mixin.py:151} INFO - [2023-09-29T21:48:23.383+0200] {dag.py:2915} INFO - Sync 1 DAGs
[2023-09-29T21:48:23.388+0200] {logging_mixin.py:151} INFO - [2023-09-29T21:48:23.388+0200] {dag.py:3696} INFO - Setting next_dagrun for example_time_delta_sensor_async to None, run_after=None
[2023-09-29T21:48:23.399+0200] {processor.py:179} INFO - Processing /home/radtrz/.local/lib/python3.10/site-packages/airflow/example_dags/example_time_delta_sensor_async.py took 0.036 seconds
[2023-09-29T21:49:04.175+0200] {processor.py:157} INFO - Started process (PID=19131) to work on /home/radtrz/.local/lib/python3.10/site-packages/airflow/example_dags/example_time_delta_sensor_async.py
[2023-09-29T21:49:04.184+0200] {processor.py:829} INFO - Processing file /home/radtrz/.local/lib/python3.10/site-packages/airflow/example_dags/example_time_delta_sensor_async.py for tasks to queue
[2023-09-29T21:49:04.184+0200] {logging_mixin.py:151} INFO - [2023-09-29T21:49:04.184+0200] {dagbag.py:539} INFO - Filling up the DagBag from /home/radtrz/.local/lib/python3.10/site-packages/airflow/example_dags/example_time_delta_sensor_async.py
[2023-09-29T21:49:04.187+0200] {processor.py:839} INFO - DAG(s) dict_keys(['example_time_delta_sensor_async']) retrieved from /home/radtrz/.local/lib/python3.10/site-packages/airflow/example_dags/example_time_delta_sensor_async.py
[2023-09-29T21:49:04.195+0200] {logging_mixin.py:151} INFO - [2023-09-29T21:49:04.195+0200] {dag.py:2915} INFO - Sync 1 DAGs
[2023-09-29T21:49:04.200+0200] {logging_mixin.py:151} INFO - [2023-09-29T21:49:04.200+0200] {dag.py:3696} INFO - Setting next_dagrun for example_time_delta_sensor_async to None, run_after=None
[2023-09-29T21:49:04.211+0200] {processor.py:179} INFO - Processing /home/radtrz/.local/lib/python3.10/site-packages/airflow/example_dags/example_time_delta_sensor_async.py took 0.037 seconds
[2023-09-29T21:49:57.141+0200] {processor.py:157} INFO - Started process (PID=19213) to work on /home/radtrz/.local/lib/python3.10/site-packages/airflow/example_dags/example_time_delta_sensor_async.py
[2023-09-29T21:49:57.149+0200] {processor.py:829} INFO - Processing file /home/radtrz/.local/lib/python3.10/site-packages/airflow/example_dags/example_time_delta_sensor_async.py for tasks to queue
[2023-09-29T21:49:57.150+0200] {logging_mixin.py:151} INFO - [2023-09-29T21:49:57.150+0200] {dagbag.py:539} INFO - Filling up the DagBag from /home/radtrz/.local/lib/python3.10/site-packages/airflow/example_dags/example_time_delta_sensor_async.py
[2023-09-29T21:49:57.153+0200] {processor.py:839} INFO - DAG(s) dict_keys(['example_time_delta_sensor_async']) retrieved from /home/radtrz/.local/lib/python3.10/site-packages/airflow/example_dags/example_time_delta_sensor_async.py
[2023-09-29T21:49:57.164+0200] {logging_mixin.py:151} INFO - [2023-09-29T21:49:57.164+0200] {dag.py:2915} INFO - Sync 1 DAGs
[2023-09-29T21:49:57.170+0200] {logging_mixin.py:151} INFO - [2023-09-29T21:49:57.170+0200] {dag.py:3696} INFO - Setting next_dagrun for example_time_delta_sensor_async to None, run_after=None
[2023-09-29T21:49:57.180+0200] {processor.py:179} INFO - Processing /home/radtrz/.local/lib/python3.10/site-packages/airflow/example_dags/example_time_delta_sensor_async.py took 0.042 seconds
[2023-09-29T21:50:40.363+0200] {processor.py:157} INFO - Started process (PID=19281) to work on /home/radtrz/.local/lib/python3.10/site-packages/airflow/example_dags/example_time_delta_sensor_async.py
[2023-09-29T21:50:40.371+0200] {processor.py:829} INFO - Processing file /home/radtrz/.local/lib/python3.10/site-packages/airflow/example_dags/example_time_delta_sensor_async.py for tasks to queue
[2023-09-29T21:50:40.372+0200] {logging_mixin.py:151} INFO - [2023-09-29T21:50:40.371+0200] {dagbag.py:539} INFO - Filling up the DagBag from /home/radtrz/.local/lib/python3.10/site-packages/airflow/example_dags/example_time_delta_sensor_async.py
[2023-09-29T21:50:40.374+0200] {processor.py:839} INFO - DAG(s) dict_keys(['example_time_delta_sensor_async']) retrieved from /home/radtrz/.local/lib/python3.10/site-packages/airflow/example_dags/example_time_delta_sensor_async.py
[2023-09-29T21:50:40.382+0200] {logging_mixin.py:151} INFO - [2023-09-29T21:50:40.382+0200] {dag.py:2915} INFO - Sync 1 DAGs
[2023-09-29T21:50:40.388+0200] {logging_mixin.py:151} INFO - [2023-09-29T21:50:40.388+0200] {dag.py:3696} INFO - Setting next_dagrun for example_time_delta_sensor_async to None, run_after=None
[2023-09-29T21:50:40.400+0200] {processor.py:179} INFO - Processing /home/radtrz/.local/lib/python3.10/site-packages/airflow/example_dags/example_time_delta_sensor_async.py took 0.039 seconds
[2023-09-29T21:51:23.189+0200] {processor.py:157} INFO - Started process (PID=19330) to work on /home/radtrz/.local/lib/python3.10/site-packages/airflow/example_dags/example_time_delta_sensor_async.py
[2023-09-29T21:51:23.199+0200] {processor.py:829} INFO - Processing file /home/radtrz/.local/lib/python3.10/site-packages/airflow/example_dags/example_time_delta_sensor_async.py for tasks to queue
[2023-09-29T21:51:23.199+0200] {logging_mixin.py:151} INFO - [2023-09-29T21:51:23.199+0200] {dagbag.py:539} INFO - Filling up the DagBag from /home/radtrz/.local/lib/python3.10/site-packages/airflow/example_dags/example_time_delta_sensor_async.py
[2023-09-29T21:51:23.201+0200] {processor.py:839} INFO - DAG(s) dict_keys(['example_time_delta_sensor_async']) retrieved from /home/radtrz/.local/lib/python3.10/site-packages/airflow/example_dags/example_time_delta_sensor_async.py
[2023-09-29T21:51:23.209+0200] {logging_mixin.py:151} INFO - [2023-09-29T21:51:23.209+0200] {dag.py:2915} INFO - Sync 1 DAGs
[2023-09-29T21:51:23.215+0200] {logging_mixin.py:151} INFO - [2023-09-29T21:51:23.215+0200] {dag.py:3696} INFO - Setting next_dagrun for example_time_delta_sensor_async to None, run_after=None
[2023-09-29T21:51:23.231+0200] {processor.py:179} INFO - Processing /home/radtrz/.local/lib/python3.10/site-packages/airflow/example_dags/example_time_delta_sensor_async.py took 0.043 seconds
[2023-09-29T21:52:04.349+0200] {processor.py:157} INFO - Started process (PID=19393) to work on /home/radtrz/.local/lib/python3.10/site-packages/airflow/example_dags/example_time_delta_sensor_async.py
[2023-09-29T21:52:04.358+0200] {processor.py:829} INFO - Processing file /home/radtrz/.local/lib/python3.10/site-packages/airflow/example_dags/example_time_delta_sensor_async.py for tasks to queue
[2023-09-29T21:52:04.358+0200] {logging_mixin.py:151} INFO - [2023-09-29T21:52:04.358+0200] {dagbag.py:539} INFO - Filling up the DagBag from /home/radtrz/.local/lib/python3.10/site-packages/airflow/example_dags/example_time_delta_sensor_async.py
[2023-09-29T21:52:04.361+0200] {processor.py:839} INFO - DAG(s) dict_keys(['example_time_delta_sensor_async']) retrieved from /home/radtrz/.local/lib/python3.10/site-packages/airflow/example_dags/example_time_delta_sensor_async.py
[2023-09-29T21:52:04.369+0200] {logging_mixin.py:151} INFO - [2023-09-29T21:52:04.369+0200] {dag.py:2915} INFO - Sync 1 DAGs
[2023-09-29T21:52:04.375+0200] {logging_mixin.py:151} INFO - [2023-09-29T21:52:04.374+0200] {dag.py:3696} INFO - Setting next_dagrun for example_time_delta_sensor_async to None, run_after=None
[2023-09-29T21:52:04.385+0200] {processor.py:179} INFO - Processing /home/radtrz/.local/lib/python3.10/site-packages/airflow/example_dags/example_time_delta_sensor_async.py took 0.038 seconds
[2023-09-29T21:52:47.706+0200] {processor.py:157} INFO - Started process (PID=19442) to work on /home/radtrz/.local/lib/python3.10/site-packages/airflow/example_dags/example_time_delta_sensor_async.py
[2023-09-29T21:52:47.715+0200] {processor.py:829} INFO - Processing file /home/radtrz/.local/lib/python3.10/site-packages/airflow/example_dags/example_time_delta_sensor_async.py for tasks to queue
[2023-09-29T21:52:47.715+0200] {logging_mixin.py:151} INFO - [2023-09-29T21:52:47.715+0200] {dagbag.py:539} INFO - Filling up the DagBag from /home/radtrz/.local/lib/python3.10/site-packages/airflow/example_dags/example_time_delta_sensor_async.py
[2023-09-29T21:52:47.717+0200] {processor.py:839} INFO - DAG(s) dict_keys(['example_time_delta_sensor_async']) retrieved from /home/radtrz/.local/lib/python3.10/site-packages/airflow/example_dags/example_time_delta_sensor_async.py
[2023-09-29T21:52:47.725+0200] {logging_mixin.py:151} INFO - [2023-09-29T21:52:47.725+0200] {dag.py:2915} INFO - Sync 1 DAGs
[2023-09-29T21:52:47.731+0200] {logging_mixin.py:151} INFO - [2023-09-29T21:52:47.731+0200] {dag.py:3696} INFO - Setting next_dagrun for example_time_delta_sensor_async to None, run_after=None
[2023-09-29T21:52:47.741+0200] {processor.py:179} INFO - Processing /home/radtrz/.local/lib/python3.10/site-packages/airflow/example_dags/example_time_delta_sensor_async.py took 0.037 seconds
[2023-09-29T21:53:27.708+0200] {processor.py:157} INFO - Started process (PID=19497) to work on /home/radtrz/.local/lib/python3.10/site-packages/airflow/example_dags/example_time_delta_sensor_async.py
[2023-09-29T21:53:27.717+0200] {processor.py:829} INFO - Processing file /home/radtrz/.local/lib/python3.10/site-packages/airflow/example_dags/example_time_delta_sensor_async.py for tasks to queue
[2023-09-29T21:53:27.717+0200] {logging_mixin.py:151} INFO - [2023-09-29T21:53:27.717+0200] {dagbag.py:539} INFO - Filling up the DagBag from /home/radtrz/.local/lib/python3.10/site-packages/airflow/example_dags/example_time_delta_sensor_async.py
[2023-09-29T21:53:27.719+0200] {processor.py:839} INFO - DAG(s) dict_keys(['example_time_delta_sensor_async']) retrieved from /home/radtrz/.local/lib/python3.10/site-packages/airflow/example_dags/example_time_delta_sensor_async.py
[2023-09-29T21:53:27.728+0200] {logging_mixin.py:151} INFO - [2023-09-29T21:53:27.728+0200] {dag.py:2915} INFO - Sync 1 DAGs
[2023-09-29T21:53:27.734+0200] {logging_mixin.py:151} INFO - [2023-09-29T21:53:27.734+0200] {dag.py:3696} INFO - Setting next_dagrun for example_time_delta_sensor_async to None, run_after=None
[2023-09-29T21:53:27.744+0200] {processor.py:179} INFO - Processing /home/radtrz/.local/lib/python3.10/site-packages/airflow/example_dags/example_time_delta_sensor_async.py took 0.038 seconds
[2023-09-29T21:54:30.438+0200] {processor.py:157} INFO - Started process (PID=19591) to work on /home/radtrz/.local/lib/python3.10/site-packages/airflow/example_dags/example_time_delta_sensor_async.py
[2023-09-29T21:54:30.446+0200] {processor.py:829} INFO - Processing file /home/radtrz/.local/lib/python3.10/site-packages/airflow/example_dags/example_time_delta_sensor_async.py for tasks to queue
[2023-09-29T21:54:30.447+0200] {logging_mixin.py:151} INFO - [2023-09-29T21:54:30.447+0200] {dagbag.py:539} INFO - Filling up the DagBag from /home/radtrz/.local/lib/python3.10/site-packages/airflow/example_dags/example_time_delta_sensor_async.py
[2023-09-29T21:54:30.449+0200] {processor.py:839} INFO - DAG(s) dict_keys(['example_time_delta_sensor_async']) retrieved from /home/radtrz/.local/lib/python3.10/site-packages/airflow/example_dags/example_time_delta_sensor_async.py
[2023-09-29T21:54:30.457+0200] {logging_mixin.py:151} INFO - [2023-09-29T21:54:30.457+0200] {dag.py:2915} INFO - Sync 1 DAGs
[2023-09-29T21:54:30.463+0200] {logging_mixin.py:151} INFO - [2023-09-29T21:54:30.463+0200] {dag.py:3696} INFO - Setting next_dagrun for example_time_delta_sensor_async to None, run_after=None
[2023-09-29T21:54:30.474+0200] {processor.py:179} INFO - Processing /home/radtrz/.local/lib/python3.10/site-packages/airflow/example_dags/example_time_delta_sensor_async.py took 0.038 seconds
[2023-09-29T21:55:11.330+0200] {processor.py:157} INFO - Started process (PID=19743) to work on /home/radtrz/.local/lib/python3.10/site-packages/airflow/example_dags/example_time_delta_sensor_async.py
[2023-09-29T21:55:11.330+0200] {processor.py:829} INFO - Processing file /home/radtrz/.local/lib/python3.10/site-packages/airflow/example_dags/example_time_delta_sensor_async.py for tasks to queue
[2023-09-29T21:55:11.331+0200] {logging_mixin.py:151} INFO - [2023-09-29T21:55:11.330+0200] {dagbag.py:539} INFO - Filling up the DagBag from /home/radtrz/.local/lib/python3.10/site-packages/airflow/example_dags/example_time_delta_sensor_async.py
[2023-09-29T21:55:11.333+0200] {processor.py:839} INFO - DAG(s) dict_keys(['example_time_delta_sensor_async']) retrieved from /home/radtrz/.local/lib/python3.10/site-packages/airflow/example_dags/example_time_delta_sensor_async.py
[2023-09-29T21:55:11.341+0200] {logging_mixin.py:151} INFO - [2023-09-29T21:55:11.341+0200] {dag.py:2915} INFO - Sync 1 DAGs
[2023-09-29T21:55:11.347+0200] {logging_mixin.py:151} INFO - [2023-09-29T21:55:11.347+0200] {dag.py:3696} INFO - Setting next_dagrun for example_time_delta_sensor_async to None, run_after=None
[2023-09-29T21:55:11.357+0200] {processor.py:179} INFO - Processing /home/radtrz/.local/lib/python3.10/site-packages/airflow/example_dags/example_time_delta_sensor_async.py took 0.029 seconds
