[2023-09-29T21:46:39.765+0200] {processor.py:157} INFO - Started process (PID=18688) to work on /home/radtrz/.local/lib/python3.10/site-packages/airflow/example_dags/example_external_task_marker_dag.py
[2023-09-29T21:46:39.766+0200] {processor.py:829} INFO - Processing file /home/radtrz/.local/lib/python3.10/site-packages/airflow/example_dags/example_external_task_marker_dag.py for tasks to queue
[2023-09-29T21:46:39.766+0200] {logging_mixin.py:151} INFO - [2023-09-29T21:46:39.766+0200] {dagbag.py:539} INFO - Filling up the DagBag from /home/radtrz/.local/lib/python3.10/site-packages/airflow/example_dags/example_external_task_marker_dag.py
[2023-09-29T21:46:39.769+0200] {processor.py:839} INFO - DAG(s) dict_keys(['example_external_task_marker_child', 'example_external_task_marker_parent']) retrieved from /home/radtrz/.local/lib/python3.10/site-packages/airflow/example_dags/example_external_task_marker_dag.py
[2023-09-29T21:46:39.827+0200] {logging_mixin.py:151} INFO - [2023-09-29T21:46:39.827+0200] {manager.py:499} INFO - Created Permission View: %s
[2023-09-29T21:46:39.833+0200] {logging_mixin.py:151} INFO - [2023-09-29T21:46:39.833+0200] {manager.py:499} INFO - Created Permission View: %s
[2023-09-29T21:46:39.837+0200] {logging_mixin.py:151} INFO - [2023-09-29T21:46:39.837+0200] {manager.py:499} INFO - Created Permission View: %s
[2023-09-29T21:46:39.837+0200] {logging_mixin.py:151} INFO - [2023-09-29T21:46:39.837+0200] {security.py:708} INFO - Not syncing DAG-level permissions for DAG 'DAG:example_external_task_marker_child' as access control is unset.
[2023-09-29T21:46:39.846+0200] {logging_mixin.py:151} INFO - [2023-09-29T21:46:39.846+0200] {manager.py:499} INFO - Created Permission View: %s
[2023-09-29T21:46:39.850+0200] {logging_mixin.py:151} INFO - [2023-09-29T21:46:39.850+0200] {manager.py:499} INFO - Created Permission View: %s
[2023-09-29T21:46:39.854+0200] {logging_mixin.py:151} INFO - [2023-09-29T21:46:39.854+0200] {manager.py:499} INFO - Created Permission View: %s
[2023-09-29T21:46:39.854+0200] {logging_mixin.py:151} INFO - [2023-09-29T21:46:39.854+0200] {security.py:708} INFO - Not syncing DAG-level permissions for DAG 'DAG:example_external_task_marker_parent' as access control is unset.
[2023-09-29T21:46:39.855+0200] {logging_mixin.py:151} INFO - [2023-09-29T21:46:39.855+0200] {dag.py:2915} INFO - Sync 2 DAGs
[2023-09-29T21:46:39.860+0200] {logging_mixin.py:151} INFO - [2023-09-29T21:46:39.860+0200] {dag.py:2937} INFO - Creating ORM DAG for example_external_task_marker_parent
[2023-09-29T21:46:39.860+0200] {logging_mixin.py:151} INFO - [2023-09-29T21:46:39.860+0200] {dag.py:2937} INFO - Creating ORM DAG for example_external_task_marker_child
[2023-09-29T21:46:39.860+0200] {logging_mixin.py:151} INFO - [2023-09-29T21:46:39.860+0200] {dag.py:3696} INFO - Setting next_dagrun for example_external_task_marker_child to None, run_after=None
[2023-09-29T21:46:39.860+0200] {logging_mixin.py:151} INFO - [2023-09-29T21:46:39.860+0200] {dag.py:3696} INFO - Setting next_dagrun for example_external_task_marker_parent to None, run_after=None
[2023-09-29T21:46:39.871+0200] {processor.py:179} INFO - Processing /home/radtrz/.local/lib/python3.10/site-packages/airflow/example_dags/example_external_task_marker_dag.py took 0.107 seconds
[2023-09-29T21:47:27.371+0200] {processor.py:157} INFO - Started process (PID=18741) to work on /home/radtrz/.local/lib/python3.10/site-packages/airflow/example_dags/example_external_task_marker_dag.py
[2023-09-29T21:47:27.379+0200] {processor.py:829} INFO - Processing file /home/radtrz/.local/lib/python3.10/site-packages/airflow/example_dags/example_external_task_marker_dag.py for tasks to queue
[2023-09-29T21:47:27.379+0200] {logging_mixin.py:151} INFO - [2023-09-29T21:47:27.379+0200] {dagbag.py:539} INFO - Filling up the DagBag from /home/radtrz/.local/lib/python3.10/site-packages/airflow/example_dags/example_external_task_marker_dag.py
[2023-09-29T21:47:27.382+0200] {processor.py:839} INFO - DAG(s) dict_keys(['example_external_task_marker_parent', 'example_external_task_marker_child']) retrieved from /home/radtrz/.local/lib/python3.10/site-packages/airflow/example_dags/example_external_task_marker_dag.py
[2023-09-29T21:47:27.392+0200] {logging_mixin.py:151} INFO - [2023-09-29T21:47:27.392+0200] {dag.py:2915} INFO - Sync 2 DAGs
[2023-09-29T21:47:27.398+0200] {logging_mixin.py:151} INFO - [2023-09-29T21:47:27.398+0200] {dag.py:3696} INFO - Setting next_dagrun for example_external_task_marker_child to None, run_after=None
[2023-09-29T21:47:27.399+0200] {logging_mixin.py:151} INFO - [2023-09-29T21:47:27.399+0200] {dag.py:3696} INFO - Setting next_dagrun for example_external_task_marker_parent to None, run_after=None
[2023-09-29T21:47:27.409+0200] {processor.py:179} INFO - Processing /home/radtrz/.local/lib/python3.10/site-packages/airflow/example_dags/example_external_task_marker_dag.py took 0.040 seconds
[2023-09-29T21:48:10.228+0200] {processor.py:157} INFO - Started process (PID=19035) to work on /home/radtrz/.local/lib/python3.10/site-packages/airflow/example_dags/example_external_task_marker_dag.py
[2023-09-29T21:48:10.237+0200] {processor.py:829} INFO - Processing file /home/radtrz/.local/lib/python3.10/site-packages/airflow/example_dags/example_external_task_marker_dag.py for tasks to queue
[2023-09-29T21:48:10.237+0200] {logging_mixin.py:151} INFO - [2023-09-29T21:48:10.237+0200] {dagbag.py:539} INFO - Filling up the DagBag from /home/radtrz/.local/lib/python3.10/site-packages/airflow/example_dags/example_external_task_marker_dag.py
[2023-09-29T21:48:10.240+0200] {processor.py:839} INFO - DAG(s) dict_keys(['example_external_task_marker_child', 'example_external_task_marker_parent']) retrieved from /home/radtrz/.local/lib/python3.10/site-packages/airflow/example_dags/example_external_task_marker_dag.py
[2023-09-29T21:48:10.249+0200] {logging_mixin.py:151} INFO - [2023-09-29T21:48:10.249+0200] {dag.py:2915} INFO - Sync 2 DAGs
[2023-09-29T21:48:10.255+0200] {logging_mixin.py:151} INFO - [2023-09-29T21:48:10.255+0200] {dag.py:3696} INFO - Setting next_dagrun for example_external_task_marker_child to None, run_after=None
[2023-09-29T21:48:10.257+0200] {logging_mixin.py:151} INFO - [2023-09-29T21:48:10.257+0200] {dag.py:3696} INFO - Setting next_dagrun for example_external_task_marker_parent to None, run_after=None
[2023-09-29T21:48:10.267+0200] {processor.py:179} INFO - Processing /home/radtrz/.local/lib/python3.10/site-packages/airflow/example_dags/example_external_task_marker_dag.py took 0.040 seconds
[2023-09-29T21:48:53.642+0200] {processor.py:157} INFO - Started process (PID=19116) to work on /home/radtrz/.local/lib/python3.10/site-packages/airflow/example_dags/example_external_task_marker_dag.py
[2023-09-29T21:48:53.651+0200] {processor.py:829} INFO - Processing file /home/radtrz/.local/lib/python3.10/site-packages/airflow/example_dags/example_external_task_marker_dag.py for tasks to queue
[2023-09-29T21:48:53.651+0200] {logging_mixin.py:151} INFO - [2023-09-29T21:48:53.651+0200] {dagbag.py:539} INFO - Filling up the DagBag from /home/radtrz/.local/lib/python3.10/site-packages/airflow/example_dags/example_external_task_marker_dag.py
[2023-09-29T21:48:53.654+0200] {processor.py:839} INFO - DAG(s) dict_keys(['example_external_task_marker_child', 'example_external_task_marker_parent']) retrieved from /home/radtrz/.local/lib/python3.10/site-packages/airflow/example_dags/example_external_task_marker_dag.py
[2023-09-29T21:48:53.663+0200] {logging_mixin.py:151} INFO - [2023-09-29T21:48:53.663+0200] {dag.py:2915} INFO - Sync 2 DAGs
[2023-09-29T21:48:53.669+0200] {logging_mixin.py:151} INFO - [2023-09-29T21:48:53.669+0200] {dag.py:3696} INFO - Setting next_dagrun for example_external_task_marker_child to None, run_after=None
[2023-09-29T21:48:53.671+0200] {logging_mixin.py:151} INFO - [2023-09-29T21:48:53.670+0200] {dag.py:3696} INFO - Setting next_dagrun for example_external_task_marker_parent to None, run_after=None
[2023-09-29T21:48:53.685+0200] {processor.py:179} INFO - Processing /home/radtrz/.local/lib/python3.10/site-packages/airflow/example_dags/example_external_task_marker_dag.py took 0.045 seconds
[2023-09-29T21:49:35.819+0200] {processor.py:157} INFO - Started process (PID=19197) to work on /home/radtrz/.local/lib/python3.10/site-packages/airflow/example_dags/example_external_task_marker_dag.py
[2023-09-29T21:49:35.819+0200] {processor.py:829} INFO - Processing file /home/radtrz/.local/lib/python3.10/site-packages/airflow/example_dags/example_external_task_marker_dag.py for tasks to queue
[2023-09-29T21:49:35.819+0200] {logging_mixin.py:151} INFO - [2023-09-29T21:49:35.819+0200] {dagbag.py:539} INFO - Filling up the DagBag from /home/radtrz/.local/lib/python3.10/site-packages/airflow/example_dags/example_external_task_marker_dag.py
[2023-09-29T21:49:35.822+0200] {processor.py:839} INFO - DAG(s) dict_keys(['example_external_task_marker_parent', 'example_external_task_marker_child']) retrieved from /home/radtrz/.local/lib/python3.10/site-packages/airflow/example_dags/example_external_task_marker_dag.py
[2023-09-29T21:49:35.832+0200] {logging_mixin.py:151} INFO - [2023-09-29T21:49:35.832+0200] {dag.py:2915} INFO - Sync 2 DAGs
[2023-09-29T21:49:35.838+0200] {logging_mixin.py:151} INFO - [2023-09-29T21:49:35.838+0200] {dag.py:3696} INFO - Setting next_dagrun for example_external_task_marker_child to None, run_after=None
[2023-09-29T21:49:35.839+0200] {logging_mixin.py:151} INFO - [2023-09-29T21:49:35.839+0200] {dag.py:3696} INFO - Setting next_dagrun for example_external_task_marker_parent to None, run_after=None
[2023-09-29T21:49:35.857+0200] {processor.py:179} INFO - Processing /home/radtrz/.local/lib/python3.10/site-packages/airflow/example_dags/example_external_task_marker_dag.py took 0.040 seconds
[2023-09-29T21:50:12.389+0200] {processor.py:157} INFO - Started process (PID=19244) to work on /home/radtrz/.local/lib/python3.10/site-packages/airflow/example_dags/example_external_task_marker_dag.py
[2023-09-29T21:50:12.398+0200] {processor.py:829} INFO - Processing file /home/radtrz/.local/lib/python3.10/site-packages/airflow/example_dags/example_external_task_marker_dag.py for tasks to queue
[2023-09-29T21:50:12.398+0200] {logging_mixin.py:151} INFO - [2023-09-29T21:50:12.398+0200] {dagbag.py:539} INFO - Filling up the DagBag from /home/radtrz/.local/lib/python3.10/site-packages/airflow/example_dags/example_external_task_marker_dag.py
[2023-09-29T21:50:12.401+0200] {processor.py:839} INFO - DAG(s) dict_keys(['example_external_task_marker_parent', 'example_external_task_marker_child']) retrieved from /home/radtrz/.local/lib/python3.10/site-packages/airflow/example_dags/example_external_task_marker_dag.py
[2023-09-29T21:50:12.412+0200] {logging_mixin.py:151} INFO - [2023-09-29T21:50:12.412+0200] {dag.py:2915} INFO - Sync 2 DAGs
[2023-09-29T21:50:12.418+0200] {logging_mixin.py:151} INFO - [2023-09-29T21:50:12.418+0200] {dag.py:3696} INFO - Setting next_dagrun for example_external_task_marker_child to None, run_after=None
[2023-09-29T21:50:12.420+0200] {logging_mixin.py:151} INFO - [2023-09-29T21:50:12.420+0200] {dag.py:3696} INFO - Setting next_dagrun for example_external_task_marker_parent to None, run_after=None
[2023-09-29T21:50:12.430+0200] {processor.py:179} INFO - Processing /home/radtrz/.local/lib/python3.10/site-packages/airflow/example_dags/example_external_task_marker_dag.py took 0.042 seconds
[2023-09-29T21:50:56.359+0200] {processor.py:157} INFO - Started process (PID=19298) to work on /home/radtrz/.local/lib/python3.10/site-packages/airflow/example_dags/example_external_task_marker_dag.py
[2023-09-29T21:50:56.359+0200] {processor.py:829} INFO - Processing file /home/radtrz/.local/lib/python3.10/site-packages/airflow/example_dags/example_external_task_marker_dag.py for tasks to queue
[2023-09-29T21:50:56.360+0200] {logging_mixin.py:151} INFO - [2023-09-29T21:50:56.359+0200] {dagbag.py:539} INFO - Filling up the DagBag from /home/radtrz/.local/lib/python3.10/site-packages/airflow/example_dags/example_external_task_marker_dag.py
[2023-09-29T21:50:56.363+0200] {processor.py:839} INFO - DAG(s) dict_keys(['example_external_task_marker_child', 'example_external_task_marker_parent']) retrieved from /home/radtrz/.local/lib/python3.10/site-packages/airflow/example_dags/example_external_task_marker_dag.py
[2023-09-29T21:50:56.373+0200] {logging_mixin.py:151} INFO - [2023-09-29T21:50:56.373+0200] {dag.py:2915} INFO - Sync 2 DAGs
[2023-09-29T21:50:56.380+0200] {logging_mixin.py:151} INFO - [2023-09-29T21:50:56.380+0200] {dag.py:3696} INFO - Setting next_dagrun for example_external_task_marker_child to None, run_after=None
[2023-09-29T21:50:56.381+0200] {logging_mixin.py:151} INFO - [2023-09-29T21:50:56.381+0200] {dag.py:3696} INFO - Setting next_dagrun for example_external_task_marker_parent to None, run_after=None
[2023-09-29T21:50:56.392+0200] {processor.py:179} INFO - Processing /home/radtrz/.local/lib/python3.10/site-packages/airflow/example_dags/example_external_task_marker_dag.py took 0.034 seconds
[2023-09-29T21:51:39.766+0200] {processor.py:157} INFO - Started process (PID=19351) to work on /home/radtrz/.local/lib/python3.10/site-packages/airflow/example_dags/example_external_task_marker_dag.py
[2023-09-29T21:51:39.775+0200] {processor.py:829} INFO - Processing file /home/radtrz/.local/lib/python3.10/site-packages/airflow/example_dags/example_external_task_marker_dag.py for tasks to queue
[2023-09-29T21:51:39.775+0200] {logging_mixin.py:151} INFO - [2023-09-29T21:51:39.775+0200] {dagbag.py:539} INFO - Filling up the DagBag from /home/radtrz/.local/lib/python3.10/site-packages/airflow/example_dags/example_external_task_marker_dag.py
[2023-09-29T21:51:39.778+0200] {processor.py:839} INFO - DAG(s) dict_keys(['example_external_task_marker_child', 'example_external_task_marker_parent']) retrieved from /home/radtrz/.local/lib/python3.10/site-packages/airflow/example_dags/example_external_task_marker_dag.py
[2023-09-29T21:51:39.788+0200] {logging_mixin.py:151} INFO - [2023-09-29T21:51:39.788+0200] {dag.py:2915} INFO - Sync 2 DAGs
[2023-09-29T21:51:39.793+0200] {logging_mixin.py:151} INFO - [2023-09-29T21:51:39.793+0200] {dag.py:3696} INFO - Setting next_dagrun for example_external_task_marker_child to None, run_after=None
[2023-09-29T21:51:39.795+0200] {logging_mixin.py:151} INFO - [2023-09-29T21:51:39.795+0200] {dag.py:3696} INFO - Setting next_dagrun for example_external_task_marker_parent to None, run_after=None
[2023-09-29T21:51:39.816+0200] {processor.py:179} INFO - Processing /home/radtrz/.local/lib/python3.10/site-packages/airflow/example_dags/example_external_task_marker_dag.py took 0.051 seconds
[2023-09-29T21:52:22.055+0200] {processor.py:157} INFO - Started process (PID=19413) to work on /home/radtrz/.local/lib/python3.10/site-packages/airflow/example_dags/example_external_task_marker_dag.py
[2023-09-29T21:52:22.064+0200] {processor.py:829} INFO - Processing file /home/radtrz/.local/lib/python3.10/site-packages/airflow/example_dags/example_external_task_marker_dag.py for tasks to queue
[2023-09-29T21:52:22.064+0200] {logging_mixin.py:151} INFO - [2023-09-29T21:52:22.064+0200] {dagbag.py:539} INFO - Filling up the DagBag from /home/radtrz/.local/lib/python3.10/site-packages/airflow/example_dags/example_external_task_marker_dag.py
[2023-09-29T21:52:22.067+0200] {processor.py:839} INFO - DAG(s) dict_keys(['example_external_task_marker_parent', 'example_external_task_marker_child']) retrieved from /home/radtrz/.local/lib/python3.10/site-packages/airflow/example_dags/example_external_task_marker_dag.py
[2023-09-29T21:52:22.077+0200] {logging_mixin.py:151} INFO - [2023-09-29T21:52:22.077+0200] {dag.py:2915} INFO - Sync 2 DAGs
[2023-09-29T21:52:22.083+0200] {logging_mixin.py:151} INFO - [2023-09-29T21:52:22.083+0200] {dag.py:3696} INFO - Setting next_dagrun for example_external_task_marker_child to None, run_after=None
[2023-09-29T21:52:22.084+0200] {logging_mixin.py:151} INFO - [2023-09-29T21:52:22.084+0200] {dag.py:3696} INFO - Setting next_dagrun for example_external_task_marker_parent to None, run_after=None
[2023-09-29T21:52:22.094+0200] {processor.py:179} INFO - Processing /home/radtrz/.local/lib/python3.10/site-packages/airflow/example_dags/example_external_task_marker_dag.py took 0.040 seconds
[2023-09-29T21:53:06.008+0200] {processor.py:157} INFO - Started process (PID=19470) to work on /home/radtrz/.local/lib/python3.10/site-packages/airflow/example_dags/example_external_task_marker_dag.py
[2023-09-29T21:53:06.008+0200] {processor.py:829} INFO - Processing file /home/radtrz/.local/lib/python3.10/site-packages/airflow/example_dags/example_external_task_marker_dag.py for tasks to queue
[2023-09-29T21:53:06.009+0200] {logging_mixin.py:151} INFO - [2023-09-29T21:53:06.008+0200] {dagbag.py:539} INFO - Filling up the DagBag from /home/radtrz/.local/lib/python3.10/site-packages/airflow/example_dags/example_external_task_marker_dag.py
[2023-09-29T21:53:06.012+0200] {processor.py:839} INFO - DAG(s) dict_keys(['example_external_task_marker_child', 'example_external_task_marker_parent']) retrieved from /home/radtrz/.local/lib/python3.10/site-packages/airflow/example_dags/example_external_task_marker_dag.py
[2023-09-29T21:53:06.050+0200] {logging_mixin.py:151} INFO - [2023-09-29T21:53:06.050+0200] {dag.py:2915} INFO - Sync 2 DAGs
[2023-09-29T21:53:06.058+0200] {logging_mixin.py:151} INFO - [2023-09-29T21:53:06.057+0200] {dag.py:3696} INFO - Setting next_dagrun for example_external_task_marker_child to None, run_after=None
[2023-09-29T21:53:06.059+0200] {logging_mixin.py:151} INFO - [2023-09-29T21:53:06.059+0200] {dag.py:3696} INFO - Setting next_dagrun for example_external_task_marker_parent to None, run_after=None
[2023-09-29T21:53:06.073+0200] {processor.py:179} INFO - Processing /home/radtrz/.local/lib/python3.10/site-packages/airflow/example_dags/example_external_task_marker_dag.py took 0.067 seconds
[2023-09-29T21:53:46.493+0200] {processor.py:157} INFO - Started process (PID=19525) to work on /home/radtrz/.local/lib/python3.10/site-packages/airflow/example_dags/example_external_task_marker_dag.py
[2023-09-29T21:53:46.501+0200] {processor.py:829} INFO - Processing file /home/radtrz/.local/lib/python3.10/site-packages/airflow/example_dags/example_external_task_marker_dag.py for tasks to queue
[2023-09-29T21:53:46.502+0200] {logging_mixin.py:151} INFO - [2023-09-29T21:53:46.502+0200] {dagbag.py:539} INFO - Filling up the DagBag from /home/radtrz/.local/lib/python3.10/site-packages/airflow/example_dags/example_external_task_marker_dag.py
[2023-09-29T21:53:46.505+0200] {processor.py:839} INFO - DAG(s) dict_keys(['example_external_task_marker_child', 'example_external_task_marker_parent']) retrieved from /home/radtrz/.local/lib/python3.10/site-packages/airflow/example_dags/example_external_task_marker_dag.py
[2023-09-29T21:53:46.514+0200] {logging_mixin.py:151} INFO - [2023-09-29T21:53:46.514+0200] {dag.py:2915} INFO - Sync 2 DAGs
[2023-09-29T21:53:46.520+0200] {logging_mixin.py:151} INFO - [2023-09-29T21:53:46.520+0200] {dag.py:3696} INFO - Setting next_dagrun for example_external_task_marker_child to None, run_after=None
[2023-09-29T21:53:46.522+0200] {logging_mixin.py:151} INFO - [2023-09-29T21:53:46.521+0200] {dag.py:3696} INFO - Setting next_dagrun for example_external_task_marker_parent to None, run_after=None
[2023-09-29T21:53:46.534+0200] {processor.py:179} INFO - Processing /home/radtrz/.local/lib/python3.10/site-packages/airflow/example_dags/example_external_task_marker_dag.py took 0.043 seconds
[2023-09-29T21:54:45.530+0200] {processor.py:157} INFO - Started process (PID=19611) to work on /home/radtrz/.local/lib/python3.10/site-packages/airflow/example_dags/example_external_task_marker_dag.py
[2023-09-29T21:54:45.531+0200] {processor.py:829} INFO - Processing file /home/radtrz/.local/lib/python3.10/site-packages/airflow/example_dags/example_external_task_marker_dag.py for tasks to queue
[2023-09-29T21:54:45.531+0200] {logging_mixin.py:151} INFO - [2023-09-29T21:54:45.531+0200] {dagbag.py:539} INFO - Filling up the DagBag from /home/radtrz/.local/lib/python3.10/site-packages/airflow/example_dags/example_external_task_marker_dag.py
[2023-09-29T21:54:45.534+0200] {processor.py:839} INFO - DAG(s) dict_keys(['example_external_task_marker_parent', 'example_external_task_marker_child']) retrieved from /home/radtrz/.local/lib/python3.10/site-packages/airflow/example_dags/example_external_task_marker_dag.py
[2023-09-29T21:54:45.544+0200] {logging_mixin.py:151} INFO - [2023-09-29T21:54:45.544+0200] {dag.py:2915} INFO - Sync 2 DAGs
[2023-09-29T21:54:45.550+0200] {logging_mixin.py:151} INFO - [2023-09-29T21:54:45.550+0200] {dag.py:3696} INFO - Setting next_dagrun for example_external_task_marker_child to None, run_after=None
[2023-09-29T21:54:45.551+0200] {logging_mixin.py:151} INFO - [2023-09-29T21:54:45.551+0200] {dag.py:3696} INFO - Setting next_dagrun for example_external_task_marker_parent to None, run_after=None
[2023-09-29T21:54:45.569+0200] {processor.py:179} INFO - Processing /home/radtrz/.local/lib/python3.10/site-packages/airflow/example_dags/example_external_task_marker_dag.py took 0.040 seconds
[2023-09-29T21:55:27.490+0200] {processor.py:157} INFO - Started process (PID=19764) to work on /home/radtrz/.local/lib/python3.10/site-packages/airflow/example_dags/example_external_task_marker_dag.py
[2023-09-29T21:55:27.498+0200] {processor.py:829} INFO - Processing file /home/radtrz/.local/lib/python3.10/site-packages/airflow/example_dags/example_external_task_marker_dag.py for tasks to queue
[2023-09-29T21:55:27.498+0200] {logging_mixin.py:151} INFO - [2023-09-29T21:55:27.498+0200] {dagbag.py:539} INFO - Filling up the DagBag from /home/radtrz/.local/lib/python3.10/site-packages/airflow/example_dags/example_external_task_marker_dag.py
[2023-09-29T21:55:27.501+0200] {processor.py:839} INFO - DAG(s) dict_keys(['example_external_task_marker_child', 'example_external_task_marker_parent']) retrieved from /home/radtrz/.local/lib/python3.10/site-packages/airflow/example_dags/example_external_task_marker_dag.py
[2023-09-29T21:55:27.511+0200] {logging_mixin.py:151} INFO - [2023-09-29T21:55:27.511+0200] {dag.py:2915} INFO - Sync 2 DAGs
[2023-09-29T21:55:27.517+0200] {logging_mixin.py:151} INFO - [2023-09-29T21:55:27.517+0200] {dag.py:3696} INFO - Setting next_dagrun for example_external_task_marker_child to None, run_after=None
[2023-09-29T21:55:27.518+0200] {logging_mixin.py:151} INFO - [2023-09-29T21:55:27.518+0200] {dag.py:3696} INFO - Setting next_dagrun for example_external_task_marker_parent to None, run_after=None
[2023-09-29T21:55:27.534+0200] {processor.py:179} INFO - Processing /home/radtrz/.local/lib/python3.10/site-packages/airflow/example_dags/example_external_task_marker_dag.py took 0.046 seconds
