[2023-09-29T21:46:30.623+0200] {processor.py:157} INFO - Started process (PID=18674) to work on /home/radtrz/.local/lib/python3.10/site-packages/airflow/example_dags/example_task_group.py
[2023-09-29T21:46:30.623+0200] {processor.py:829} INFO - Processing file /home/radtrz/.local/lib/python3.10/site-packages/airflow/example_dags/example_task_group.py for tasks to queue
[2023-09-29T21:46:30.624+0200] {logging_mixin.py:151} INFO - [2023-09-29T21:46:30.624+0200] {dagbag.py:539} INFO - Filling up the DagBag from /home/radtrz/.local/lib/python3.10/site-packages/airflow/example_dags/example_task_group.py
[2023-09-29T21:46:30.629+0200] {processor.py:839} INFO - DAG(s) dict_keys(['example_task_group']) retrieved from /home/radtrz/.local/lib/python3.10/site-packages/airflow/example_dags/example_task_group.py
[2023-09-29T21:46:30.696+0200] {logging_mixin.py:151} INFO - [2023-09-29T21:46:30.696+0200] {manager.py:499} INFO - Created Permission View: %s
[2023-09-29T21:46:30.702+0200] {logging_mixin.py:151} INFO - [2023-09-29T21:46:30.702+0200] {manager.py:499} INFO - Created Permission View: %s
[2023-09-29T21:46:30.706+0200] {logging_mixin.py:151} INFO - [2023-09-29T21:46:30.706+0200] {manager.py:499} INFO - Created Permission View: %s
[2023-09-29T21:46:30.706+0200] {logging_mixin.py:151} INFO - [2023-09-29T21:46:30.706+0200] {security.py:708} INFO - Not syncing DAG-level permissions for DAG 'DAG:example_task_group' as access control is unset.
[2023-09-29T21:46:30.707+0200] {logging_mixin.py:151} INFO - [2023-09-29T21:46:30.706+0200] {dag.py:2915} INFO - Sync 1 DAGs
[2023-09-29T21:46:30.711+0200] {logging_mixin.py:151} INFO - [2023-09-29T21:46:30.711+0200] {dag.py:2937} INFO - Creating ORM DAG for example_task_group
[2023-09-29T21:46:30.715+0200] {logging_mixin.py:151} INFO - [2023-09-29T21:46:30.715+0200] {dag.py:3696} INFO - Setting next_dagrun for example_task_group to 2023-09-28T19:46:30.715762+00:00, run_after=2023-09-29T19:46:30.715762+00:00
[2023-09-29T21:46:30.725+0200] {processor.py:179} INFO - Processing /home/radtrz/.local/lib/python3.10/site-packages/airflow/example_dags/example_task_group.py took 0.104 seconds
[2023-09-29T21:47:17.135+0200] {processor.py:157} INFO - Started process (PID=18729) to work on /home/radtrz/.local/lib/python3.10/site-packages/airflow/example_dags/example_task_group.py
[2023-09-29T21:47:17.144+0200] {processor.py:829} INFO - Processing file /home/radtrz/.local/lib/python3.10/site-packages/airflow/example_dags/example_task_group.py for tasks to queue
[2023-09-29T21:47:17.144+0200] {logging_mixin.py:151} INFO - [2023-09-29T21:47:17.144+0200] {dagbag.py:539} INFO - Filling up the DagBag from /home/radtrz/.local/lib/python3.10/site-packages/airflow/example_dags/example_task_group.py
[2023-09-29T21:47:17.149+0200] {processor.py:839} INFO - DAG(s) dict_keys(['example_task_group']) retrieved from /home/radtrz/.local/lib/python3.10/site-packages/airflow/example_dags/example_task_group.py
[2023-09-29T21:47:17.158+0200] {logging_mixin.py:151} INFO - [2023-09-29T21:47:17.158+0200] {dag.py:2915} INFO - Sync 1 DAGs
[2023-09-29T21:47:17.169+0200] {logging_mixin.py:151} INFO - [2023-09-29T21:47:17.169+0200] {dag.py:3696} INFO - Setting next_dagrun for example_task_group to 2023-09-28T19:47:17.169350+00:00, run_after=2023-09-29T19:47:17.169350+00:00
[2023-09-29T21:47:17.180+0200] {processor.py:179} INFO - Processing /home/radtrz/.local/lib/python3.10/site-packages/airflow/example_dags/example_task_group.py took 0.047 seconds
[2023-09-29T21:47:59.944+0200] {processor.py:157} INFO - Started process (PID=18920) to work on /home/radtrz/.local/lib/python3.10/site-packages/airflow/example_dags/example_task_group.py
[2023-09-29T21:47:59.952+0200] {processor.py:829} INFO - Processing file /home/radtrz/.local/lib/python3.10/site-packages/airflow/example_dags/example_task_group.py for tasks to queue
[2023-09-29T21:47:59.953+0200] {logging_mixin.py:151} INFO - [2023-09-29T21:47:59.952+0200] {dagbag.py:539} INFO - Filling up the DagBag from /home/radtrz/.local/lib/python3.10/site-packages/airflow/example_dags/example_task_group.py
[2023-09-29T21:47:59.957+0200] {processor.py:839} INFO - DAG(s) dict_keys(['example_task_group']) retrieved from /home/radtrz/.local/lib/python3.10/site-packages/airflow/example_dags/example_task_group.py
[2023-09-29T21:47:59.965+0200] {logging_mixin.py:151} INFO - [2023-09-29T21:47:59.965+0200] {dag.py:2915} INFO - Sync 1 DAGs
[2023-09-29T21:47:59.974+0200] {logging_mixin.py:151} INFO - [2023-09-29T21:47:59.974+0200] {dag.py:3696} INFO - Setting next_dagrun for example_task_group to 2023-09-28T19:47:59.974735+00:00, run_after=2023-09-29T19:47:59.974735+00:00
[2023-09-29T21:47:59.985+0200] {processor.py:179} INFO - Processing /home/radtrz/.local/lib/python3.10/site-packages/airflow/example_dags/example_task_group.py took 0.044 seconds
[2023-09-29T21:48:41.182+0200] {processor.py:157} INFO - Started process (PID=19103) to work on /home/radtrz/.local/lib/python3.10/site-packages/airflow/example_dags/example_task_group.py
[2023-09-29T21:48:41.190+0200] {processor.py:829} INFO - Processing file /home/radtrz/.local/lib/python3.10/site-packages/airflow/example_dags/example_task_group.py for tasks to queue
[2023-09-29T21:48:41.191+0200] {logging_mixin.py:151} INFO - [2023-09-29T21:48:41.191+0200] {dagbag.py:539} INFO - Filling up the DagBag from /home/radtrz/.local/lib/python3.10/site-packages/airflow/example_dags/example_task_group.py
[2023-09-29T21:48:41.195+0200] {processor.py:839} INFO - DAG(s) dict_keys(['example_task_group']) retrieved from /home/radtrz/.local/lib/python3.10/site-packages/airflow/example_dags/example_task_group.py
[2023-09-29T21:48:41.203+0200] {logging_mixin.py:151} INFO - [2023-09-29T21:48:41.203+0200] {dag.py:2915} INFO - Sync 1 DAGs
[2023-09-29T21:48:41.213+0200] {logging_mixin.py:151} INFO - [2023-09-29T21:48:41.213+0200] {dag.py:3696} INFO - Setting next_dagrun for example_task_group to 2023-09-28T19:48:41.212891+00:00, run_after=2023-09-29T19:48:41.212891+00:00
[2023-09-29T21:48:41.236+0200] {processor.py:179} INFO - Processing /home/radtrz/.local/lib/python3.10/site-packages/airflow/example_dags/example_task_group.py took 0.055 seconds
[2023-09-29T21:49:23.463+0200] {processor.py:157} INFO - Started process (PID=19176) to work on /home/radtrz/.local/lib/python3.10/site-packages/airflow/example_dags/example_task_group.py
[2023-09-29T21:49:23.472+0200] {processor.py:829} INFO - Processing file /home/radtrz/.local/lib/python3.10/site-packages/airflow/example_dags/example_task_group.py for tasks to queue
[2023-09-29T21:49:23.472+0200] {logging_mixin.py:151} INFO - [2023-09-29T21:49:23.472+0200] {dagbag.py:539} INFO - Filling up the DagBag from /home/radtrz/.local/lib/python3.10/site-packages/airflow/example_dags/example_task_group.py
[2023-09-29T21:49:23.476+0200] {processor.py:839} INFO - DAG(s) dict_keys(['example_task_group']) retrieved from /home/radtrz/.local/lib/python3.10/site-packages/airflow/example_dags/example_task_group.py
[2023-09-29T21:49:23.485+0200] {logging_mixin.py:151} INFO - [2023-09-29T21:49:23.484+0200] {dag.py:2915} INFO - Sync 1 DAGs
[2023-09-29T21:49:23.494+0200] {logging_mixin.py:151} INFO - [2023-09-29T21:49:23.494+0200] {dag.py:3696} INFO - Setting next_dagrun for example_task_group to 2023-09-28T19:49:23.494159+00:00, run_after=2023-09-29T19:49:23.494159+00:00
[2023-09-29T21:49:23.524+0200] {processor.py:179} INFO - Processing /home/radtrz/.local/lib/python3.10/site-packages/airflow/example_dags/example_task_group.py took 0.062 seconds
[2023-09-29T21:50:04.382+0200] {processor.py:157} INFO - Started process (PID=19232) to work on /home/radtrz/.local/lib/python3.10/site-packages/airflow/example_dags/example_task_group.py
[2023-09-29T21:50:04.391+0200] {processor.py:829} INFO - Processing file /home/radtrz/.local/lib/python3.10/site-packages/airflow/example_dags/example_task_group.py for tasks to queue
[2023-09-29T21:50:04.391+0200] {logging_mixin.py:151} INFO - [2023-09-29T21:50:04.391+0200] {dagbag.py:539} INFO - Filling up the DagBag from /home/radtrz/.local/lib/python3.10/site-packages/airflow/example_dags/example_task_group.py
[2023-09-29T21:50:04.397+0200] {processor.py:839} INFO - DAG(s) dict_keys(['example_task_group']) retrieved from /home/radtrz/.local/lib/python3.10/site-packages/airflow/example_dags/example_task_group.py
[2023-09-29T21:50:04.412+0200] {logging_mixin.py:151} INFO - [2023-09-29T21:50:04.412+0200] {dag.py:2915} INFO - Sync 1 DAGs
[2023-09-29T21:50:04.424+0200] {logging_mixin.py:151} INFO - [2023-09-29T21:50:04.423+0200] {dag.py:3696} INFO - Setting next_dagrun for example_task_group to 2023-09-28T19:50:04.423715+00:00, run_after=2023-09-29T19:50:04.423715+00:00
[2023-09-29T21:50:04.438+0200] {processor.py:179} INFO - Processing /home/radtrz/.local/lib/python3.10/site-packages/airflow/example_dags/example_task_group.py took 0.057 seconds
[2023-09-29T21:50:47.226+0200] {processor.py:157} INFO - Started process (PID=19288) to work on /home/radtrz/.local/lib/python3.10/site-packages/airflow/example_dags/example_task_group.py
[2023-09-29T21:50:47.227+0200] {processor.py:829} INFO - Processing file /home/radtrz/.local/lib/python3.10/site-packages/airflow/example_dags/example_task_group.py for tasks to queue
[2023-09-29T21:50:47.227+0200] {logging_mixin.py:151} INFO - [2023-09-29T21:50:47.227+0200] {dagbag.py:539} INFO - Filling up the DagBag from /home/radtrz/.local/lib/python3.10/site-packages/airflow/example_dags/example_task_group.py
[2023-09-29T21:50:47.231+0200] {processor.py:839} INFO - DAG(s) dict_keys(['example_task_group']) retrieved from /home/radtrz/.local/lib/python3.10/site-packages/airflow/example_dags/example_task_group.py
[2023-09-29T21:50:47.239+0200] {logging_mixin.py:151} INFO - [2023-09-29T21:50:47.239+0200] {dag.py:2915} INFO - Sync 1 DAGs
[2023-09-29T21:50:47.249+0200] {logging_mixin.py:151} INFO - [2023-09-29T21:50:47.249+0200] {dag.py:3696} INFO - Setting next_dagrun for example_task_group to 2023-09-28T19:50:47.249307+00:00, run_after=2023-09-29T19:50:47.249307+00:00
[2023-09-29T21:50:47.266+0200] {processor.py:179} INFO - Processing /home/radtrz/.local/lib/python3.10/site-packages/airflow/example_dags/example_task_group.py took 0.042 seconds
[2023-09-29T21:51:29.482+0200] {processor.py:157} INFO - Started process (PID=19337) to work on /home/radtrz/.local/lib/python3.10/site-packages/airflow/example_dags/example_task_group.py
[2023-09-29T21:51:29.499+0200] {processor.py:829} INFO - Processing file /home/radtrz/.local/lib/python3.10/site-packages/airflow/example_dags/example_task_group.py for tasks to queue
[2023-09-29T21:51:29.499+0200] {logging_mixin.py:151} INFO - [2023-09-29T21:51:29.499+0200] {dagbag.py:539} INFO - Filling up the DagBag from /home/radtrz/.local/lib/python3.10/site-packages/airflow/example_dags/example_task_group.py
[2023-09-29T21:51:29.503+0200] {processor.py:839} INFO - DAG(s) dict_keys(['example_task_group']) retrieved from /home/radtrz/.local/lib/python3.10/site-packages/airflow/example_dags/example_task_group.py
[2023-09-29T21:51:29.512+0200] {logging_mixin.py:151} INFO - [2023-09-29T21:51:29.511+0200] {dag.py:2915} INFO - Sync 1 DAGs
[2023-09-29T21:51:29.521+0200] {logging_mixin.py:151} INFO - [2023-09-29T21:51:29.521+0200] {dag.py:3696} INFO - Setting next_dagrun for example_task_group to 2023-09-28T19:51:29.521141+00:00, run_after=2023-09-29T19:51:29.521141+00:00
[2023-09-29T21:51:29.535+0200] {processor.py:179} INFO - Processing /home/radtrz/.local/lib/python3.10/site-packages/airflow/example_dags/example_task_group.py took 0.054 seconds
[2023-09-29T21:52:11.772+0200] {processor.py:157} INFO - Started process (PID=19401) to work on /home/radtrz/.local/lib/python3.10/site-packages/airflow/example_dags/example_task_group.py
[2023-09-29T21:52:11.780+0200] {processor.py:829} INFO - Processing file /home/radtrz/.local/lib/python3.10/site-packages/airflow/example_dags/example_task_group.py for tasks to queue
[2023-09-29T21:52:11.781+0200] {logging_mixin.py:151} INFO - [2023-09-29T21:52:11.780+0200] {dagbag.py:539} INFO - Filling up the DagBag from /home/radtrz/.local/lib/python3.10/site-packages/airflow/example_dags/example_task_group.py
[2023-09-29T21:52:11.785+0200] {processor.py:839} INFO - DAG(s) dict_keys(['example_task_group']) retrieved from /home/radtrz/.local/lib/python3.10/site-packages/airflow/example_dags/example_task_group.py
[2023-09-29T21:52:11.793+0200] {logging_mixin.py:151} INFO - [2023-09-29T21:52:11.793+0200] {dag.py:2915} INFO - Sync 1 DAGs
[2023-09-29T21:52:11.803+0200] {logging_mixin.py:151} INFO - [2023-09-29T21:52:11.803+0200] {dag.py:3696} INFO - Setting next_dagrun for example_task_group to 2023-09-28T19:52:11.803471+00:00, run_after=2023-09-29T19:52:11.803471+00:00
[2023-09-29T21:52:11.820+0200] {processor.py:179} INFO - Processing /home/radtrz/.local/lib/python3.10/site-packages/airflow/example_dags/example_task_group.py took 0.051 seconds
[2023-09-29T21:52:53.985+0200] {processor.py:157} INFO - Started process (PID=19449) to work on /home/radtrz/.local/lib/python3.10/site-packages/airflow/example_dags/example_task_group.py
[2023-09-29T21:52:53.994+0200] {processor.py:829} INFO - Processing file /home/radtrz/.local/lib/python3.10/site-packages/airflow/example_dags/example_task_group.py for tasks to queue
[2023-09-29T21:52:53.994+0200] {logging_mixin.py:151} INFO - [2023-09-29T21:52:53.994+0200] {dagbag.py:539} INFO - Filling up the DagBag from /home/radtrz/.local/lib/python3.10/site-packages/airflow/example_dags/example_task_group.py
[2023-09-29T21:52:53.998+0200] {processor.py:839} INFO - DAG(s) dict_keys(['example_task_group']) retrieved from /home/radtrz/.local/lib/python3.10/site-packages/airflow/example_dags/example_task_group.py
[2023-09-29T21:52:54.006+0200] {logging_mixin.py:151} INFO - [2023-09-29T21:52:54.006+0200] {dag.py:2915} INFO - Sync 1 DAGs
[2023-09-29T21:52:54.016+0200] {logging_mixin.py:151} INFO - [2023-09-29T21:52:54.015+0200] {dag.py:3696} INFO - Setting next_dagrun for example_task_group to 2023-09-28T19:52:54.015851+00:00, run_after=2023-09-29T19:52:54.015851+00:00
[2023-09-29T21:52:54.037+0200] {processor.py:179} INFO - Processing /home/radtrz/.local/lib/python3.10/site-packages/airflow/example_dags/example_task_group.py took 0.054 seconds
[2023-09-29T21:53:33.986+0200] {processor.py:157} INFO - Started process (PID=19504) to work on /home/radtrz/.local/lib/python3.10/site-packages/airflow/example_dags/example_task_group.py
[2023-09-29T21:53:33.995+0200] {processor.py:829} INFO - Processing file /home/radtrz/.local/lib/python3.10/site-packages/airflow/example_dags/example_task_group.py for tasks to queue
[2023-09-29T21:53:33.995+0200] {logging_mixin.py:151} INFO - [2023-09-29T21:53:33.995+0200] {dagbag.py:539} INFO - Filling up the DagBag from /home/radtrz/.local/lib/python3.10/site-packages/airflow/example_dags/example_task_group.py
[2023-09-29T21:53:33.999+0200] {processor.py:839} INFO - DAG(s) dict_keys(['example_task_group']) retrieved from /home/radtrz/.local/lib/python3.10/site-packages/airflow/example_dags/example_task_group.py
[2023-09-29T21:53:34.008+0200] {logging_mixin.py:151} INFO - [2023-09-29T21:53:34.008+0200] {dag.py:2915} INFO - Sync 1 DAGs
[2023-09-29T21:53:34.017+0200] {logging_mixin.py:151} INFO - [2023-09-29T21:53:34.017+0200] {dag.py:3696} INFO - Setting next_dagrun for example_task_group to 2023-09-28T19:53:34.017520+00:00, run_after=2023-09-29T19:53:34.017520+00:00
[2023-09-29T21:53:34.028+0200] {processor.py:179} INFO - Processing /home/radtrz/.local/lib/python3.10/site-packages/airflow/example_dags/example_task_group.py took 0.043 seconds
[2023-09-29T21:54:36.813+0200] {processor.py:157} INFO - Started process (PID=19599) to work on /home/radtrz/.local/lib/python3.10/site-packages/airflow/example_dags/example_task_group.py
[2023-09-29T21:54:36.821+0200] {processor.py:829} INFO - Processing file /home/radtrz/.local/lib/python3.10/site-packages/airflow/example_dags/example_task_group.py for tasks to queue
[2023-09-29T21:54:36.822+0200] {logging_mixin.py:151} INFO - [2023-09-29T21:54:36.822+0200] {dagbag.py:539} INFO - Filling up the DagBag from /home/radtrz/.local/lib/python3.10/site-packages/airflow/example_dags/example_task_group.py
[2023-09-29T21:54:36.826+0200] {processor.py:839} INFO - DAG(s) dict_keys(['example_task_group']) retrieved from /home/radtrz/.local/lib/python3.10/site-packages/airflow/example_dags/example_task_group.py
[2023-09-29T21:54:36.834+0200] {logging_mixin.py:151} INFO - [2023-09-29T21:54:36.834+0200] {dag.py:2915} INFO - Sync 1 DAGs
[2023-09-29T21:54:36.844+0200] {logging_mixin.py:151} INFO - [2023-09-29T21:54:36.844+0200] {dag.py:3696} INFO - Setting next_dagrun for example_task_group to 2023-09-28T19:54:36.844664+00:00, run_after=2023-09-29T19:54:36.844664+00:00
[2023-09-29T21:54:36.867+0200] {processor.py:179} INFO - Processing /home/radtrz/.local/lib/python3.10/site-packages/airflow/example_dags/example_task_group.py took 0.056 seconds
[2023-09-29T21:55:18.102+0200] {processor.py:157} INFO - Started process (PID=19754) to work on /home/radtrz/.local/lib/python3.10/site-packages/airflow/example_dags/example_task_group.py
[2023-09-29T21:55:18.110+0200] {processor.py:829} INFO - Processing file /home/radtrz/.local/lib/python3.10/site-packages/airflow/example_dags/example_task_group.py for tasks to queue
[2023-09-29T21:55:18.111+0200] {logging_mixin.py:151} INFO - [2023-09-29T21:55:18.111+0200] {dagbag.py:539} INFO - Filling up the DagBag from /home/radtrz/.local/lib/python3.10/site-packages/airflow/example_dags/example_task_group.py
[2023-09-29T21:55:18.115+0200] {processor.py:839} INFO - DAG(s) dict_keys(['example_task_group']) retrieved from /home/radtrz/.local/lib/python3.10/site-packages/airflow/example_dags/example_task_group.py
[2023-09-29T21:55:18.123+0200] {logging_mixin.py:151} INFO - [2023-09-29T21:55:18.123+0200] {dag.py:2915} INFO - Sync 1 DAGs
[2023-09-29T21:55:18.133+0200] {logging_mixin.py:151} INFO - [2023-09-29T21:55:18.133+0200] {dag.py:3696} INFO - Setting next_dagrun for example_task_group to 2023-09-28T19:55:18.133660+00:00, run_after=2023-09-29T19:55:18.133660+00:00
[2023-09-29T21:55:18.145+0200] {processor.py:179} INFO - Processing /home/radtrz/.local/lib/python3.10/site-packages/airflow/example_dags/example_task_group.py took 0.044 seconds
