[2023-09-29T21:46:50.136+0200] {processor.py:157} INFO - Started process (PID=18698) to work on /home/radtrz/.local/lib/python3.10/site-packages/airflow/example_dags/example_short_circuit_decorator.py
[2023-09-29T21:46:50.137+0200] {processor.py:829} INFO - Processing file /home/radtrz/.local/lib/python3.10/site-packages/airflow/example_dags/example_short_circuit_decorator.py for tasks to queue
[2023-09-29T21:46:50.137+0200] {logging_mixin.py:151} INFO - [2023-09-29T21:46:50.137+0200] {dagbag.py:539} INFO - Filling up the DagBag from /home/radtrz/.local/lib/python3.10/site-packages/airflow/example_dags/example_short_circuit_decorator.py
[2023-09-29T21:46:50.142+0200] {processor.py:839} INFO - DAG(s) dict_keys(['example_short_circuit_decorator']) retrieved from /home/radtrz/.local/lib/python3.10/site-packages/airflow/example_dags/example_short_circuit_decorator.py
[2023-09-29T21:46:50.200+0200] {logging_mixin.py:151} INFO - [2023-09-29T21:46:50.200+0200] {manager.py:499} INFO - Created Permission View: %s
[2023-09-29T21:46:50.205+0200] {logging_mixin.py:151} INFO - [2023-09-29T21:46:50.205+0200] {manager.py:499} INFO - Created Permission View: %s
[2023-09-29T21:46:50.210+0200] {logging_mixin.py:151} INFO - [2023-09-29T21:46:50.209+0200] {manager.py:499} INFO - Created Permission View: %s
[2023-09-29T21:46:50.210+0200] {logging_mixin.py:151} INFO - [2023-09-29T21:46:50.210+0200] {security.py:708} INFO - Not syncing DAG-level permissions for DAG 'DAG:example_short_circuit_decorator' as access control is unset.
[2023-09-29T21:46:50.210+0200] {logging_mixin.py:151} INFO - [2023-09-29T21:46:50.210+0200] {dag.py:2915} INFO - Sync 1 DAGs
[2023-09-29T21:46:50.215+0200] {logging_mixin.py:151} INFO - [2023-09-29T21:46:50.215+0200] {dag.py:2937} INFO - Creating ORM DAG for example_short_circuit_decorator
[2023-09-29T21:46:50.219+0200] {logging_mixin.py:151} INFO - [2023-09-29T21:46:50.219+0200] {dag.py:3696} INFO - Setting next_dagrun for example_short_circuit_decorator to 2023-09-28T19:46:50.219204+00:00, run_after=2023-09-29T19:46:50.219204+00:00
[2023-09-29T21:46:50.229+0200] {processor.py:179} INFO - Processing /home/radtrz/.local/lib/python3.10/site-packages/airflow/example_dags/example_short_circuit_decorator.py took 0.095 seconds
[2023-09-29T21:47:36.510+0200] {processor.py:157} INFO - Started process (PID=18891) to work on /home/radtrz/.local/lib/python3.10/site-packages/airflow/example_dags/example_short_circuit_decorator.py
[2023-09-29T21:47:36.510+0200] {processor.py:829} INFO - Processing file /home/radtrz/.local/lib/python3.10/site-packages/airflow/example_dags/example_short_circuit_decorator.py for tasks to queue
[2023-09-29T21:47:36.511+0200] {logging_mixin.py:151} INFO - [2023-09-29T21:47:36.511+0200] {dagbag.py:539} INFO - Filling up the DagBag from /home/radtrz/.local/lib/python3.10/site-packages/airflow/example_dags/example_short_circuit_decorator.py
[2023-09-29T21:47:36.516+0200] {processor.py:839} INFO - DAG(s) dict_keys(['example_short_circuit_decorator']) retrieved from /home/radtrz/.local/lib/python3.10/site-packages/airflow/example_dags/example_short_circuit_decorator.py
[2023-09-29T21:47:36.526+0200] {logging_mixin.py:151} INFO - [2023-09-29T21:47:36.526+0200] {dag.py:2915} INFO - Sync 1 DAGs
[2023-09-29T21:47:36.537+0200] {logging_mixin.py:151} INFO - [2023-09-29T21:47:36.537+0200] {dag.py:3696} INFO - Setting next_dagrun for example_short_circuit_decorator to 2023-09-28T19:47:36.537015+00:00, run_after=2023-09-29T19:47:36.537015+00:00
[2023-09-29T21:47:36.549+0200] {processor.py:179} INFO - Processing /home/radtrz/.local/lib/python3.10/site-packages/airflow/example_dags/example_short_circuit_decorator.py took 0.041 seconds
[2023-09-29T21:48:20.514+0200] {processor.py:157} INFO - Started process (PID=19075) to work on /home/radtrz/.local/lib/python3.10/site-packages/airflow/example_dags/example_short_circuit_decorator.py
[2023-09-29T21:48:20.522+0200] {processor.py:829} INFO - Processing file /home/radtrz/.local/lib/python3.10/site-packages/airflow/example_dags/example_short_circuit_decorator.py for tasks to queue
[2023-09-29T21:48:20.522+0200] {logging_mixin.py:151} INFO - [2023-09-29T21:48:20.522+0200] {dagbag.py:539} INFO - Filling up the DagBag from /home/radtrz/.local/lib/python3.10/site-packages/airflow/example_dags/example_short_circuit_decorator.py
[2023-09-29T21:48:20.527+0200] {processor.py:839} INFO - DAG(s) dict_keys(['example_short_circuit_decorator']) retrieved from /home/radtrz/.local/lib/python3.10/site-packages/airflow/example_dags/example_short_circuit_decorator.py
[2023-09-29T21:48:20.536+0200] {logging_mixin.py:151} INFO - [2023-09-29T21:48:20.536+0200] {dag.py:2915} INFO - Sync 1 DAGs
[2023-09-29T21:48:20.546+0200] {logging_mixin.py:151} INFO - [2023-09-29T21:48:20.546+0200] {dag.py:3696} INFO - Setting next_dagrun for example_short_circuit_decorator to 2023-09-28T19:48:20.546051+00:00, run_after=2023-09-29T19:48:20.546051+00:00
[2023-09-29T21:48:20.572+0200] {processor.py:179} INFO - Processing /home/radtrz/.local/lib/python3.10/site-packages/airflow/example_dags/example_short_circuit_decorator.py took 0.060 seconds
[2023-09-29T21:49:02.883+0200] {processor.py:157} INFO - Started process (PID=19129) to work on /home/radtrz/.local/lib/python3.10/site-packages/airflow/example_dags/example_short_circuit_decorator.py
[2023-09-29T21:49:02.892+0200] {processor.py:829} INFO - Processing file /home/radtrz/.local/lib/python3.10/site-packages/airflow/example_dags/example_short_circuit_decorator.py for tasks to queue
[2023-09-29T21:49:02.892+0200] {logging_mixin.py:151} INFO - [2023-09-29T21:49:02.892+0200] {dagbag.py:539} INFO - Filling up the DagBag from /home/radtrz/.local/lib/python3.10/site-packages/airflow/example_dags/example_short_circuit_decorator.py
[2023-09-29T21:49:02.897+0200] {processor.py:839} INFO - DAG(s) dict_keys(['example_short_circuit_decorator']) retrieved from /home/radtrz/.local/lib/python3.10/site-packages/airflow/example_dags/example_short_circuit_decorator.py
[2023-09-29T21:49:02.907+0200] {logging_mixin.py:151} INFO - [2023-09-29T21:49:02.906+0200] {dag.py:2915} INFO - Sync 1 DAGs
[2023-09-29T21:49:02.916+0200] {logging_mixin.py:151} INFO - [2023-09-29T21:49:02.916+0200] {dag.py:3696} INFO - Setting next_dagrun for example_short_circuit_decorator to 2023-09-28T19:49:02.916135+00:00, run_after=2023-09-29T19:49:02.916135+00:00
[2023-09-29T21:49:02.935+0200] {processor.py:179} INFO - Processing /home/radtrz/.local/lib/python3.10/site-packages/airflow/example_dags/example_short_circuit_decorator.py took 0.054 seconds
[2023-09-29T21:50:21.518+0200] {processor.py:157} INFO - Started process (PID=19258) to work on /home/radtrz/.local/lib/python3.10/site-packages/airflow/example_dags/example_short_circuit_decorator.py
[2023-09-29T21:50:21.526+0200] {processor.py:829} INFO - Processing file /home/radtrz/.local/lib/python3.10/site-packages/airflow/example_dags/example_short_circuit_decorator.py for tasks to queue
[2023-09-29T21:50:21.526+0200] {logging_mixin.py:151} INFO - [2023-09-29T21:50:21.526+0200] {dagbag.py:539} INFO - Filling up the DagBag from /home/radtrz/.local/lib/python3.10/site-packages/airflow/example_dags/example_short_circuit_decorator.py
[2023-09-29T21:50:21.531+0200] {processor.py:839} INFO - DAG(s) dict_keys(['example_short_circuit_decorator']) retrieved from /home/radtrz/.local/lib/python3.10/site-packages/airflow/example_dags/example_short_circuit_decorator.py
[2023-09-29T21:50:21.540+0200] {logging_mixin.py:151} INFO - [2023-09-29T21:50:21.540+0200] {dag.py:2915} INFO - Sync 1 DAGs
[2023-09-29T21:50:21.550+0200] {logging_mixin.py:151} INFO - [2023-09-29T21:50:21.550+0200] {dag.py:3696} INFO - Setting next_dagrun for example_short_circuit_decorator to 2023-09-28T19:50:21.550054+00:00, run_after=2023-09-29T19:50:21.550054+00:00
[2023-09-29T21:50:21.572+0200] {processor.py:179} INFO - Processing /home/radtrz/.local/lib/python3.10/site-packages/airflow/example_dags/example_short_circuit_decorator.py took 0.056 seconds
[2023-09-29T21:51:06.048+0200] {processor.py:157} INFO - Started process (PID=19310) to work on /home/radtrz/.local/lib/python3.10/site-packages/airflow/example_dags/example_short_circuit_decorator.py
[2023-09-29T21:51:06.057+0200] {processor.py:829} INFO - Processing file /home/radtrz/.local/lib/python3.10/site-packages/airflow/example_dags/example_short_circuit_decorator.py for tasks to queue
[2023-09-29T21:51:06.057+0200] {logging_mixin.py:151} INFO - [2023-09-29T21:51:06.057+0200] {dagbag.py:539} INFO - Filling up the DagBag from /home/radtrz/.local/lib/python3.10/site-packages/airflow/example_dags/example_short_circuit_decorator.py
[2023-09-29T21:51:06.062+0200] {processor.py:839} INFO - DAG(s) dict_keys(['example_short_circuit_decorator']) retrieved from /home/radtrz/.local/lib/python3.10/site-packages/airflow/example_dags/example_short_circuit_decorator.py
[2023-09-29T21:51:06.071+0200] {logging_mixin.py:151} INFO - [2023-09-29T21:51:06.071+0200] {dag.py:2915} INFO - Sync 1 DAGs
[2023-09-29T21:51:06.080+0200] {logging_mixin.py:151} INFO - [2023-09-29T21:51:06.080+0200] {dag.py:3696} INFO - Setting next_dagrun for example_short_circuit_decorator to 2023-09-28T19:51:06.080588+00:00, run_after=2023-09-29T19:51:06.080588+00:00
[2023-09-29T21:51:06.094+0200] {processor.py:179} INFO - Processing /home/radtrz/.local/lib/python3.10/site-packages/airflow/example_dags/example_short_circuit_decorator.py took 0.048 seconds
[2023-09-29T21:51:48.904+0200] {processor.py:157} INFO - Started process (PID=19370) to work on /home/radtrz/.local/lib/python3.10/site-packages/airflow/example_dags/example_short_circuit_decorator.py
[2023-09-29T21:51:48.913+0200] {processor.py:829} INFO - Processing file /home/radtrz/.local/lib/python3.10/site-packages/airflow/example_dags/example_short_circuit_decorator.py for tasks to queue
[2023-09-29T21:51:48.913+0200] {logging_mixin.py:151} INFO - [2023-09-29T21:51:48.913+0200] {dagbag.py:539} INFO - Filling up the DagBag from /home/radtrz/.local/lib/python3.10/site-packages/airflow/example_dags/example_short_circuit_decorator.py
[2023-09-29T21:51:48.918+0200] {processor.py:839} INFO - DAG(s) dict_keys(['example_short_circuit_decorator']) retrieved from /home/radtrz/.local/lib/python3.10/site-packages/airflow/example_dags/example_short_circuit_decorator.py
[2023-09-29T21:51:48.928+0200] {logging_mixin.py:151} INFO - [2023-09-29T21:51:48.928+0200] {dag.py:2915} INFO - Sync 1 DAGs
[2023-09-29T21:51:48.938+0200] {logging_mixin.py:151} INFO - [2023-09-29T21:51:48.938+0200] {dag.py:3696} INFO - Setting next_dagrun for example_short_circuit_decorator to 2023-09-28T19:51:48.938118+00:00, run_after=2023-09-29T19:51:48.938118+00:00
[2023-09-29T21:51:48.965+0200] {processor.py:179} INFO - Processing /home/radtrz/.local/lib/python3.10/site-packages/airflow/example_dags/example_short_circuit_decorator.py took 0.062 seconds
[2023-09-29T21:52:33.479+0200] {processor.py:157} INFO - Started process (PID=19424) to work on /home/radtrz/.local/lib/python3.10/site-packages/airflow/example_dags/example_short_circuit_decorator.py
[2023-09-29T21:52:33.488+0200] {processor.py:829} INFO - Processing file /home/radtrz/.local/lib/python3.10/site-packages/airflow/example_dags/example_short_circuit_decorator.py for tasks to queue
[2023-09-29T21:52:33.488+0200] {logging_mixin.py:151} INFO - [2023-09-29T21:52:33.488+0200] {dagbag.py:539} INFO - Filling up the DagBag from /home/radtrz/.local/lib/python3.10/site-packages/airflow/example_dags/example_short_circuit_decorator.py
[2023-09-29T21:52:33.493+0200] {processor.py:839} INFO - DAG(s) dict_keys(['example_short_circuit_decorator']) retrieved from /home/radtrz/.local/lib/python3.10/site-packages/airflow/example_dags/example_short_circuit_decorator.py
[2023-09-29T21:52:33.502+0200] {logging_mixin.py:151} INFO - [2023-09-29T21:52:33.502+0200] {dag.py:2915} INFO - Sync 1 DAGs
[2023-09-29T21:52:33.513+0200] {logging_mixin.py:151} INFO - [2023-09-29T21:52:33.512+0200] {dag.py:3696} INFO - Setting next_dagrun for example_short_circuit_decorator to 2023-09-28T19:52:33.512841+00:00, run_after=2023-09-29T19:52:33.512841+00:00
[2023-09-29T21:52:33.524+0200] {processor.py:179} INFO - Processing /home/radtrz/.local/lib/python3.10/site-packages/airflow/example_dags/example_short_circuit_decorator.py took 0.047 seconds
[2023-09-29T21:53:16.120+0200] {processor.py:157} INFO - Started process (PID=19485) to work on /home/radtrz/.local/lib/python3.10/site-packages/airflow/example_dags/example_short_circuit_decorator.py
[2023-09-29T21:53:16.129+0200] {processor.py:829} INFO - Processing file /home/radtrz/.local/lib/python3.10/site-packages/airflow/example_dags/example_short_circuit_decorator.py for tasks to queue
[2023-09-29T21:53:16.129+0200] {logging_mixin.py:151} INFO - [2023-09-29T21:53:16.129+0200] {dagbag.py:539} INFO - Filling up the DagBag from /home/radtrz/.local/lib/python3.10/site-packages/airflow/example_dags/example_short_circuit_decorator.py
[2023-09-29T21:53:16.134+0200] {processor.py:839} INFO - DAG(s) dict_keys(['example_short_circuit_decorator']) retrieved from /home/radtrz/.local/lib/python3.10/site-packages/airflow/example_dags/example_short_circuit_decorator.py
[2023-09-29T21:53:16.143+0200] {logging_mixin.py:151} INFO - [2023-09-29T21:53:16.143+0200] {dag.py:2915} INFO - Sync 1 DAGs
[2023-09-29T21:53:16.152+0200] {logging_mixin.py:151} INFO - [2023-09-29T21:53:16.152+0200] {dag.py:3696} INFO - Setting next_dagrun for example_short_circuit_decorator to 2023-09-28T19:53:16.152673+00:00, run_after=2023-09-29T19:53:16.152673+00:00
[2023-09-29T21:53:16.175+0200] {processor.py:179} INFO - Processing /home/radtrz/.local/lib/python3.10/site-packages/airflow/example_dags/example_short_circuit_decorator.py took 0.057 seconds
[2023-09-29T21:53:59.089+0200] {processor.py:157} INFO - Started process (PID=19540) to work on /home/radtrz/.local/lib/python3.10/site-packages/airflow/example_dags/example_short_circuit_decorator.py
[2023-09-29T21:53:59.098+0200] {processor.py:829} INFO - Processing file /home/radtrz/.local/lib/python3.10/site-packages/airflow/example_dags/example_short_circuit_decorator.py for tasks to queue
[2023-09-29T21:53:59.098+0200] {logging_mixin.py:151} INFO - [2023-09-29T21:53:59.098+0200] {dagbag.py:539} INFO - Filling up the DagBag from /home/radtrz/.local/lib/python3.10/site-packages/airflow/example_dags/example_short_circuit_decorator.py
[2023-09-29T21:53:59.103+0200] {processor.py:839} INFO - DAG(s) dict_keys(['example_short_circuit_decorator']) retrieved from /home/radtrz/.local/lib/python3.10/site-packages/airflow/example_dags/example_short_circuit_decorator.py
[2023-09-29T21:53:59.112+0200] {logging_mixin.py:151} INFO - [2023-09-29T21:53:59.112+0200] {dag.py:2915} INFO - Sync 1 DAGs
[2023-09-29T21:53:59.121+0200] {logging_mixin.py:151} INFO - [2023-09-29T21:53:59.121+0200] {dag.py:3696} INFO - Setting next_dagrun for example_short_circuit_decorator to 2023-09-28T19:53:59.121546+00:00, run_after=2023-09-29T19:53:59.121546+00:00
[2023-09-29T21:53:59.132+0200] {processor.py:179} INFO - Processing /home/radtrz/.local/lib/python3.10/site-packages/airflow/example_dags/example_short_circuit_decorator.py took 0.045 seconds
[2023-09-29T21:54:54.659+0200] {processor.py:157} INFO - Started process (PID=19621) to work on /home/radtrz/.local/lib/python3.10/site-packages/airflow/example_dags/example_short_circuit_decorator.py
[2023-09-29T21:54:54.668+0200] {processor.py:829} INFO - Processing file /home/radtrz/.local/lib/python3.10/site-packages/airflow/example_dags/example_short_circuit_decorator.py for tasks to queue
[2023-09-29T21:54:54.668+0200] {logging_mixin.py:151} INFO - [2023-09-29T21:54:54.668+0200] {dagbag.py:539} INFO - Filling up the DagBag from /home/radtrz/.local/lib/python3.10/site-packages/airflow/example_dags/example_short_circuit_decorator.py
[2023-09-29T21:54:54.673+0200] {processor.py:839} INFO - DAG(s) dict_keys(['example_short_circuit_decorator']) retrieved from /home/radtrz/.local/lib/python3.10/site-packages/airflow/example_dags/example_short_circuit_decorator.py
[2023-09-29T21:54:54.683+0200] {logging_mixin.py:151} INFO - [2023-09-29T21:54:54.682+0200] {dag.py:2915} INFO - Sync 1 DAGs
[2023-09-29T21:54:54.692+0200] {logging_mixin.py:151} INFO - [2023-09-29T21:54:54.692+0200] {dag.py:3696} INFO - Setting next_dagrun for example_short_circuit_decorator to 2023-09-28T19:54:54.692507+00:00, run_after=2023-09-29T19:54:54.692507+00:00
[2023-09-29T21:54:54.712+0200] {processor.py:179} INFO - Processing /home/radtrz/.local/lib/python3.10/site-packages/airflow/example_dags/example_short_circuit_decorator.py took 0.055 seconds
