[2023-09-29T21:46:24.414+0200] {processor.py:157} INFO - Started process (PID=18666) to work on /home/radtrz/.local/lib/python3.10/site-packages/airflow/example_dags/example_latest_only.py
[2023-09-29T21:46:24.414+0200] {processor.py:829} INFO - Processing file /home/radtrz/.local/lib/python3.10/site-packages/airflow/example_dags/example_latest_only.py for tasks to queue
[2023-09-29T21:46:24.414+0200] {logging_mixin.py:151} INFO - [2023-09-29T21:46:24.414+0200] {dagbag.py:539} INFO - Filling up the DagBag from /home/radtrz/.local/lib/python3.10/site-packages/airflow/example_dags/example_latest_only.py
[2023-09-29T21:46:24.418+0200] {processor.py:839} INFO - DAG(s) dict_keys(['latest_only']) retrieved from /home/radtrz/.local/lib/python3.10/site-packages/airflow/example_dags/example_latest_only.py
[2023-09-29T21:46:24.476+0200] {logging_mixin.py:151} INFO - [2023-09-29T21:46:24.476+0200] {manager.py:499} INFO - Created Permission View: %s
[2023-09-29T21:46:24.482+0200] {logging_mixin.py:151} INFO - [2023-09-29T21:46:24.482+0200] {manager.py:499} INFO - Created Permission View: %s
[2023-09-29T21:46:24.486+0200] {logging_mixin.py:151} INFO - [2023-09-29T21:46:24.486+0200] {manager.py:499} INFO - Created Permission View: %s
[2023-09-29T21:46:24.487+0200] {logging_mixin.py:151} INFO - [2023-09-29T21:46:24.486+0200] {security.py:708} INFO - Not syncing DAG-level permissions for DAG 'DAG:latest_only' as access control is unset.
[2023-09-29T21:46:24.487+0200] {logging_mixin.py:151} INFO - [2023-09-29T21:46:24.487+0200] {dag.py:2915} INFO - Sync 1 DAGs
[2023-09-29T21:46:24.492+0200] {logging_mixin.py:151} INFO - [2023-09-29T21:46:24.492+0200] {dag.py:2937} INFO - Creating ORM DAG for latest_only
[2023-09-29T21:46:24.497+0200] {logging_mixin.py:151} INFO - [2023-09-29T21:46:24.497+0200] {dag.py:3696} INFO - Setting next_dagrun for latest_only to 2023-09-29T15:46:24.497055+00:00, run_after=2023-09-29T19:46:24.497055+00:00
[2023-09-29T21:46:24.506+0200] {processor.py:179} INFO - Processing /home/radtrz/.local/lib/python3.10/site-packages/airflow/example_dags/example_latest_only.py took 0.094 seconds
[2023-09-29T21:47:10.855+0200] {processor.py:157} INFO - Started process (PID=18723) to work on /home/radtrz/.local/lib/python3.10/site-packages/airflow/example_dags/example_latest_only.py
[2023-09-29T21:47:10.864+0200] {processor.py:829} INFO - Processing file /home/radtrz/.local/lib/python3.10/site-packages/airflow/example_dags/example_latest_only.py for tasks to queue
[2023-09-29T21:47:10.864+0200] {logging_mixin.py:151} INFO - [2023-09-29T21:47:10.864+0200] {dagbag.py:539} INFO - Filling up the DagBag from /home/radtrz/.local/lib/python3.10/site-packages/airflow/example_dags/example_latest_only.py
[2023-09-29T21:47:10.867+0200] {processor.py:839} INFO - DAG(s) dict_keys(['latest_only']) retrieved from /home/radtrz/.local/lib/python3.10/site-packages/airflow/example_dags/example_latest_only.py
[2023-09-29T21:47:10.875+0200] {logging_mixin.py:151} INFO - [2023-09-29T21:47:10.874+0200] {dag.py:2915} INFO - Sync 1 DAGs
[2023-09-29T21:47:10.884+0200] {logging_mixin.py:151} INFO - [2023-09-29T21:47:10.884+0200] {dag.py:3696} INFO - Setting next_dagrun for latest_only to 2023-09-29T15:47:10.884177+00:00, run_after=2023-09-29T19:47:10.884177+00:00
[2023-09-29T21:47:10.903+0200] {processor.py:179} INFO - Processing /home/radtrz/.local/lib/python3.10/site-packages/airflow/example_dags/example_latest_only.py took 0.050 seconds
[2023-09-29T21:47:43.094+0200] {processor.py:157} INFO - Started process (PID=18901) to work on /home/radtrz/.local/lib/python3.10/site-packages/airflow/example_dags/example_latest_only.py
[2023-09-29T21:47:43.103+0200] {processor.py:829} INFO - Processing file /home/radtrz/.local/lib/python3.10/site-packages/airflow/example_dags/example_latest_only.py for tasks to queue
[2023-09-29T21:47:43.103+0200] {logging_mixin.py:151} INFO - [2023-09-29T21:47:43.103+0200] {dagbag.py:539} INFO - Filling up the DagBag from /home/radtrz/.local/lib/python3.10/site-packages/airflow/example_dags/example_latest_only.py
[2023-09-29T21:47:43.106+0200] {processor.py:839} INFO - DAG(s) dict_keys(['latest_only']) retrieved from /home/radtrz/.local/lib/python3.10/site-packages/airflow/example_dags/example_latest_only.py
[2023-09-29T21:47:43.113+0200] {logging_mixin.py:151} INFO - [2023-09-29T21:47:43.113+0200] {dag.py:2915} INFO - Sync 1 DAGs
[2023-09-29T21:47:43.122+0200] {logging_mixin.py:151} INFO - [2023-09-29T21:47:43.122+0200] {dag.py:3696} INFO - Setting next_dagrun for latest_only to 2023-09-29T15:47:43.122753+00:00, run_after=2023-09-29T19:47:43.122753+00:00
[2023-09-29T21:47:43.133+0200] {processor.py:179} INFO - Processing /home/radtrz/.local/lib/python3.10/site-packages/airflow/example_dags/example_latest_only.py took 0.040 seconds
[2023-09-29T21:48:23.630+0200] {processor.py:157} INFO - Started process (PID=19081) to work on /home/radtrz/.local/lib/python3.10/site-packages/airflow/example_dags/example_latest_only.py
[2023-09-29T21:48:23.639+0200] {processor.py:829} INFO - Processing file /home/radtrz/.local/lib/python3.10/site-packages/airflow/example_dags/example_latest_only.py for tasks to queue
[2023-09-29T21:48:23.639+0200] {logging_mixin.py:151} INFO - [2023-09-29T21:48:23.639+0200] {dagbag.py:539} INFO - Filling up the DagBag from /home/radtrz/.local/lib/python3.10/site-packages/airflow/example_dags/example_latest_only.py
[2023-09-29T21:48:23.642+0200] {processor.py:839} INFO - DAG(s) dict_keys(['latest_only']) retrieved from /home/radtrz/.local/lib/python3.10/site-packages/airflow/example_dags/example_latest_only.py
[2023-09-29T21:48:23.649+0200] {logging_mixin.py:151} INFO - [2023-09-29T21:48:23.649+0200] {dag.py:2915} INFO - Sync 1 DAGs
[2023-09-29T21:48:23.659+0200] {logging_mixin.py:151} INFO - [2023-09-29T21:48:23.659+0200] {dag.py:3696} INFO - Setting next_dagrun for latest_only to 2023-09-29T15:48:23.658895+00:00, run_after=2023-09-29T19:48:23.658895+00:00
[2023-09-29T21:48:23.680+0200] {processor.py:179} INFO - Processing /home/radtrz/.local/lib/python3.10/site-packages/airflow/example_dags/example_latest_only.py took 0.052 seconds
[2023-09-29T21:49:05.313+0200] {processor.py:157} INFO - Started process (PID=19132) to work on /home/radtrz/.local/lib/python3.10/site-packages/airflow/example_dags/example_latest_only.py
[2023-09-29T21:49:05.321+0200] {processor.py:829} INFO - Processing file /home/radtrz/.local/lib/python3.10/site-packages/airflow/example_dags/example_latest_only.py for tasks to queue
[2023-09-29T21:49:05.321+0200] {logging_mixin.py:151} INFO - [2023-09-29T21:49:05.321+0200] {dagbag.py:539} INFO - Filling up the DagBag from /home/radtrz/.local/lib/python3.10/site-packages/airflow/example_dags/example_latest_only.py
[2023-09-29T21:49:05.324+0200] {processor.py:839} INFO - DAG(s) dict_keys(['latest_only']) retrieved from /home/radtrz/.local/lib/python3.10/site-packages/airflow/example_dags/example_latest_only.py
[2023-09-29T21:49:05.332+0200] {logging_mixin.py:151} INFO - [2023-09-29T21:49:05.332+0200] {dag.py:2915} INFO - Sync 1 DAGs
[2023-09-29T21:49:05.341+0200] {logging_mixin.py:151} INFO - [2023-09-29T21:49:05.341+0200] {dag.py:3696} INFO - Setting next_dagrun for latest_only to 2023-09-29T15:49:05.341400+00:00, run_after=2023-09-29T19:49:05.341400+00:00
[2023-09-29T21:49:05.356+0200] {processor.py:179} INFO - Processing /home/radtrz/.local/lib/python3.10/site-packages/airflow/example_dags/example_latest_only.py took 0.046 seconds
[2023-09-29T21:49:58.275+0200] {processor.py:157} INFO - Started process (PID=19214) to work on /home/radtrz/.local/lib/python3.10/site-packages/airflow/example_dags/example_latest_only.py
[2023-09-29T21:49:58.284+0200] {processor.py:829} INFO - Processing file /home/radtrz/.local/lib/python3.10/site-packages/airflow/example_dags/example_latest_only.py for tasks to queue
[2023-09-29T21:49:58.284+0200] {logging_mixin.py:151} INFO - [2023-09-29T21:49:58.284+0200] {dagbag.py:539} INFO - Filling up the DagBag from /home/radtrz/.local/lib/python3.10/site-packages/airflow/example_dags/example_latest_only.py
[2023-09-29T21:49:58.288+0200] {processor.py:839} INFO - DAG(s) dict_keys(['latest_only']) retrieved from /home/radtrz/.local/lib/python3.10/site-packages/airflow/example_dags/example_latest_only.py
[2023-09-29T21:49:58.298+0200] {logging_mixin.py:151} INFO - [2023-09-29T21:49:58.298+0200] {dag.py:2915} INFO - Sync 1 DAGs
[2023-09-29T21:49:58.308+0200] {logging_mixin.py:151} INFO - [2023-09-29T21:49:58.308+0200] {dag.py:3696} INFO - Setting next_dagrun for latest_only to 2023-09-29T15:49:58.308153+00:00, run_after=2023-09-29T19:49:58.308153+00:00
[2023-09-29T21:49:58.323+0200] {processor.py:179} INFO - Processing /home/radtrz/.local/lib/python3.10/site-packages/airflow/example_dags/example_latest_only.py took 0.050 seconds
[2023-09-29T21:50:41.219+0200] {processor.py:157} INFO - Started process (PID=19282) to work on /home/radtrz/.local/lib/python3.10/site-packages/airflow/example_dags/example_latest_only.py
[2023-09-29T21:50:41.227+0200] {processor.py:829} INFO - Processing file /home/radtrz/.local/lib/python3.10/site-packages/airflow/example_dags/example_latest_only.py for tasks to queue
[2023-09-29T21:50:41.228+0200] {logging_mixin.py:151} INFO - [2023-09-29T21:50:41.227+0200] {dagbag.py:539} INFO - Filling up the DagBag from /home/radtrz/.local/lib/python3.10/site-packages/airflow/example_dags/example_latest_only.py
[2023-09-29T21:50:41.231+0200] {processor.py:839} INFO - DAG(s) dict_keys(['latest_only']) retrieved from /home/radtrz/.local/lib/python3.10/site-packages/airflow/example_dags/example_latest_only.py
[2023-09-29T21:50:41.239+0200] {logging_mixin.py:151} INFO - [2023-09-29T21:50:41.239+0200] {dag.py:2915} INFO - Sync 1 DAGs
[2023-09-29T21:50:41.249+0200] {logging_mixin.py:151} INFO - [2023-09-29T21:50:41.249+0200] {dag.py:3696} INFO - Setting next_dagrun for latest_only to 2023-09-29T15:50:41.249548+00:00, run_after=2023-09-29T19:50:41.249548+00:00
[2023-09-29T21:50:41.267+0200] {processor.py:179} INFO - Processing /home/radtrz/.local/lib/python3.10/site-packages/airflow/example_dags/example_latest_only.py took 0.050 seconds
[2023-09-29T21:51:24.336+0200] {processor.py:157} INFO - Started process (PID=19331) to work on /home/radtrz/.local/lib/python3.10/site-packages/airflow/example_dags/example_latest_only.py
[2023-09-29T21:51:24.350+0200] {processor.py:829} INFO - Processing file /home/radtrz/.local/lib/python3.10/site-packages/airflow/example_dags/example_latest_only.py for tasks to queue
[2023-09-29T21:51:24.351+0200] {logging_mixin.py:151} INFO - [2023-09-29T21:51:24.350+0200] {dagbag.py:539} INFO - Filling up the DagBag from /home/radtrz/.local/lib/python3.10/site-packages/airflow/example_dags/example_latest_only.py
[2023-09-29T21:51:24.354+0200] {processor.py:839} INFO - DAG(s) dict_keys(['latest_only']) retrieved from /home/radtrz/.local/lib/python3.10/site-packages/airflow/example_dags/example_latest_only.py
[2023-09-29T21:51:24.361+0200] {logging_mixin.py:151} INFO - [2023-09-29T21:51:24.361+0200] {dag.py:2915} INFO - Sync 1 DAGs
[2023-09-29T21:51:24.371+0200] {logging_mixin.py:151} INFO - [2023-09-29T21:51:24.371+0200] {dag.py:3696} INFO - Setting next_dagrun for latest_only to 2023-09-29T15:51:24.370993+00:00, run_after=2023-09-29T19:51:24.370993+00:00
[2023-09-29T21:51:24.386+0200] {processor.py:179} INFO - Processing /home/radtrz/.local/lib/python3.10/site-packages/airflow/example_dags/example_latest_only.py took 0.052 seconds
[2023-09-29T21:52:05.493+0200] {processor.py:157} INFO - Started process (PID=19394) to work on /home/radtrz/.local/lib/python3.10/site-packages/airflow/example_dags/example_latest_only.py
[2023-09-29T21:52:05.501+0200] {processor.py:829} INFO - Processing file /home/radtrz/.local/lib/python3.10/site-packages/airflow/example_dags/example_latest_only.py for tasks to queue
[2023-09-29T21:52:05.502+0200] {logging_mixin.py:151} INFO - [2023-09-29T21:52:05.502+0200] {dagbag.py:539} INFO - Filling up the DagBag from /home/radtrz/.local/lib/python3.10/site-packages/airflow/example_dags/example_latest_only.py
[2023-09-29T21:52:05.505+0200] {processor.py:839} INFO - DAG(s) dict_keys(['latest_only']) retrieved from /home/radtrz/.local/lib/python3.10/site-packages/airflow/example_dags/example_latest_only.py
[2023-09-29T21:52:05.512+0200] {logging_mixin.py:151} INFO - [2023-09-29T21:52:05.512+0200] {dag.py:2915} INFO - Sync 1 DAGs
[2023-09-29T21:52:05.522+0200] {logging_mixin.py:151} INFO - [2023-09-29T21:52:05.522+0200] {dag.py:3696} INFO - Setting next_dagrun for latest_only to 2023-09-29T15:52:05.521888+00:00, run_after=2023-09-29T19:52:05.521888+00:00
[2023-09-29T21:52:05.534+0200] {processor.py:179} INFO - Processing /home/radtrz/.local/lib/python3.10/site-packages/airflow/example_dags/example_latest_only.py took 0.043 seconds
[2023-09-29T21:52:48.150+0200] {processor.py:157} INFO - Started process (PID=19443) to work on /home/radtrz/.local/lib/python3.10/site-packages/airflow/example_dags/example_latest_only.py
[2023-09-29T21:52:48.159+0200] {processor.py:829} INFO - Processing file /home/radtrz/.local/lib/python3.10/site-packages/airflow/example_dags/example_latest_only.py for tasks to queue
[2023-09-29T21:52:48.159+0200] {logging_mixin.py:151} INFO - [2023-09-29T21:52:48.159+0200] {dagbag.py:539} INFO - Filling up the DagBag from /home/radtrz/.local/lib/python3.10/site-packages/airflow/example_dags/example_latest_only.py
[2023-09-29T21:52:48.162+0200] {processor.py:839} INFO - DAG(s) dict_keys(['latest_only']) retrieved from /home/radtrz/.local/lib/python3.10/site-packages/airflow/example_dags/example_latest_only.py
[2023-09-29T21:52:48.170+0200] {logging_mixin.py:151} INFO - [2023-09-29T21:52:48.170+0200] {dag.py:2915} INFO - Sync 1 DAGs
[2023-09-29T21:52:48.180+0200] {logging_mixin.py:151} INFO - [2023-09-29T21:52:48.180+0200] {dag.py:3696} INFO - Setting next_dagrun for latest_only to 2023-09-29T15:52:48.180572+00:00, run_after=2023-09-29T19:52:48.180572+00:00
[2023-09-29T21:52:48.202+0200] {processor.py:179} INFO - Processing /home/radtrz/.local/lib/python3.10/site-packages/airflow/example_dags/example_latest_only.py took 0.053 seconds
[2023-09-29T21:53:27.849+0200] {processor.py:157} INFO - Started process (PID=19498) to work on /home/radtrz/.local/lib/python3.10/site-packages/airflow/example_dags/example_latest_only.py
[2023-09-29T21:53:27.850+0200] {processor.py:829} INFO - Processing file /home/radtrz/.local/lib/python3.10/site-packages/airflow/example_dags/example_latest_only.py for tasks to queue
[2023-09-29T21:53:27.850+0200] {logging_mixin.py:151} INFO - [2023-09-29T21:53:27.850+0200] {dagbag.py:539} INFO - Filling up the DagBag from /home/radtrz/.local/lib/python3.10/site-packages/airflow/example_dags/example_latest_only.py
[2023-09-29T21:53:27.853+0200] {processor.py:839} INFO - DAG(s) dict_keys(['latest_only']) retrieved from /home/radtrz/.local/lib/python3.10/site-packages/airflow/example_dags/example_latest_only.py
[2023-09-29T21:53:27.861+0200] {logging_mixin.py:151} INFO - [2023-09-29T21:53:27.861+0200] {dag.py:2915} INFO - Sync 1 DAGs
[2023-09-29T21:53:27.871+0200] {logging_mixin.py:151} INFO - [2023-09-29T21:53:27.871+0200] {dag.py:3696} INFO - Setting next_dagrun for latest_only to 2023-09-29T15:53:27.871734+00:00, run_after=2023-09-29T19:53:27.871734+00:00
[2023-09-29T21:53:27.887+0200] {processor.py:179} INFO - Processing /home/radtrz/.local/lib/python3.10/site-packages/airflow/example_dags/example_latest_only.py took 0.039 seconds
[2023-09-29T21:54:31.574+0200] {processor.py:157} INFO - Started process (PID=19592) to work on /home/radtrz/.local/lib/python3.10/site-packages/airflow/example_dags/example_latest_only.py
[2023-09-29T21:54:31.582+0200] {processor.py:829} INFO - Processing file /home/radtrz/.local/lib/python3.10/site-packages/airflow/example_dags/example_latest_only.py for tasks to queue
[2023-09-29T21:54:31.583+0200] {logging_mixin.py:151} INFO - [2023-09-29T21:54:31.583+0200] {dagbag.py:539} INFO - Filling up the DagBag from /home/radtrz/.local/lib/python3.10/site-packages/airflow/example_dags/example_latest_only.py
[2023-09-29T21:54:31.586+0200] {processor.py:839} INFO - DAG(s) dict_keys(['latest_only']) retrieved from /home/radtrz/.local/lib/python3.10/site-packages/airflow/example_dags/example_latest_only.py
[2023-09-29T21:54:31.594+0200] {logging_mixin.py:151} INFO - [2023-09-29T21:54:31.594+0200] {dag.py:2915} INFO - Sync 1 DAGs
[2023-09-29T21:54:31.603+0200] {logging_mixin.py:151} INFO - [2023-09-29T21:54:31.603+0200] {dag.py:3696} INFO - Setting next_dagrun for latest_only to 2023-09-29T15:54:31.603449+00:00, run_after=2023-09-29T19:54:31.603449+00:00
[2023-09-29T21:54:31.614+0200] {processor.py:179} INFO - Processing /home/radtrz/.local/lib/python3.10/site-packages/airflow/example_dags/example_latest_only.py took 0.042 seconds
[2023-09-29T21:55:12.086+0200] {processor.py:157} INFO - Started process (PID=19744) to work on /home/radtrz/.local/lib/python3.10/site-packages/airflow/example_dags/example_latest_only.py
[2023-09-29T21:55:12.094+0200] {processor.py:829} INFO - Processing file /home/radtrz/.local/lib/python3.10/site-packages/airflow/example_dags/example_latest_only.py for tasks to queue
[2023-09-29T21:55:12.094+0200] {logging_mixin.py:151} INFO - [2023-09-29T21:55:12.094+0200] {dagbag.py:539} INFO - Filling up the DagBag from /home/radtrz/.local/lib/python3.10/site-packages/airflow/example_dags/example_latest_only.py
[2023-09-29T21:55:12.097+0200] {processor.py:839} INFO - DAG(s) dict_keys(['latest_only']) retrieved from /home/radtrz/.local/lib/python3.10/site-packages/airflow/example_dags/example_latest_only.py
[2023-09-29T21:55:12.105+0200] {logging_mixin.py:151} INFO - [2023-09-29T21:55:12.105+0200] {dag.py:2915} INFO - Sync 1 DAGs
[2023-09-29T21:55:12.114+0200] {logging_mixin.py:151} INFO - [2023-09-29T21:55:12.114+0200] {dag.py:3696} INFO - Setting next_dagrun for latest_only to 2023-09-29T15:55:12.114711+00:00, run_after=2023-09-29T19:55:12.114711+00:00
[2023-09-29T21:55:12.125+0200] {processor.py:179} INFO - Processing /home/radtrz/.local/lib/python3.10/site-packages/airflow/example_dags/example_latest_only.py took 0.041 seconds
