[2023-09-29T21:46:40.998+0200] {processor.py:157} INFO - Started process (PID=18689) to work on /home/radtrz/.local/lib/python3.10/site-packages/airflow/example_dags/example_params_trigger_ui.py
[2023-09-29T21:46:40.998+0200] {processor.py:829} INFO - Processing file /home/radtrz/.local/lib/python3.10/site-packages/airflow/example_dags/example_params_trigger_ui.py for tasks to queue
[2023-09-29T21:46:40.999+0200] {logging_mixin.py:151} INFO - [2023-09-29T21:46:40.998+0200] {dagbag.py:539} INFO - Filling up the DagBag from /home/radtrz/.local/lib/python3.10/site-packages/airflow/example_dags/example_params_trigger_ui.py
[2023-09-29T21:46:41.006+0200] {processor.py:839} INFO - DAG(s) dict_keys(['example_params_trigger_ui']) retrieved from /home/radtrz/.local/lib/python3.10/site-packages/airflow/example_dags/example_params_trigger_ui.py
[2023-09-29T21:46:41.101+0200] {logging_mixin.py:151} INFO - [2023-09-29T21:46:41.101+0200] {manager.py:499} INFO - Created Permission View: %s
[2023-09-29T21:46:41.107+0200] {logging_mixin.py:151} INFO - [2023-09-29T21:46:41.107+0200] {manager.py:499} INFO - Created Permission View: %s
[2023-09-29T21:46:41.111+0200] {logging_mixin.py:151} INFO - [2023-09-29T21:46:41.111+0200] {manager.py:499} INFO - Created Permission View: %s
[2023-09-29T21:46:41.111+0200] {logging_mixin.py:151} INFO - [2023-09-29T21:46:41.111+0200] {security.py:708} INFO - Not syncing DAG-level permissions for DAG 'DAG:example_params_trigger_ui' as access control is unset.
[2023-09-29T21:46:41.112+0200] {logging_mixin.py:151} INFO - [2023-09-29T21:46:41.112+0200] {dag.py:2915} INFO - Sync 1 DAGs
[2023-09-29T21:46:41.117+0200] {logging_mixin.py:151} INFO - [2023-09-29T21:46:41.117+0200] {dag.py:2937} INFO - Creating ORM DAG for example_params_trigger_ui
[2023-09-29T21:46:41.117+0200] {logging_mixin.py:151} INFO - [2023-09-29T21:46:41.117+0200] {dag.py:3696} INFO - Setting next_dagrun for example_params_trigger_ui to None, run_after=None
[2023-09-29T21:46:41.127+0200] {processor.py:179} INFO - Processing /home/radtrz/.local/lib/python3.10/site-packages/airflow/example_dags/example_params_trigger_ui.py took 0.130 seconds
[2023-09-29T21:47:28.509+0200] {processor.py:157} INFO - Started process (PID=18745) to work on /home/radtrz/.local/lib/python3.10/site-packages/airflow/example_dags/example_params_trigger_ui.py
[2023-09-29T21:47:28.517+0200] {processor.py:829} INFO - Processing file /home/radtrz/.local/lib/python3.10/site-packages/airflow/example_dags/example_params_trigger_ui.py for tasks to queue
[2023-09-29T21:47:28.518+0200] {logging_mixin.py:151} INFO - [2023-09-29T21:47:28.518+0200] {dagbag.py:539} INFO - Filling up the DagBag from /home/radtrz/.local/lib/python3.10/site-packages/airflow/example_dags/example_params_trigger_ui.py
[2023-09-29T21:47:28.527+0200] {processor.py:839} INFO - DAG(s) dict_keys(['example_params_trigger_ui']) retrieved from /home/radtrz/.local/lib/python3.10/site-packages/airflow/example_dags/example_params_trigger_ui.py
[2023-09-29T21:47:28.553+0200] {logging_mixin.py:151} INFO - [2023-09-29T21:47:28.553+0200] {dag.py:2915} INFO - Sync 1 DAGs
[2023-09-29T21:47:28.559+0200] {logging_mixin.py:151} INFO - [2023-09-29T21:47:28.559+0200] {dag.py:3696} INFO - Setting next_dagrun for example_params_trigger_ui to None, run_after=None
[2023-09-29T21:47:28.578+0200] {processor.py:179} INFO - Processing /home/radtrz/.local/lib/python3.10/site-packages/airflow/example_dags/example_params_trigger_ui.py took 0.071 seconds
[2023-09-29T21:48:11.373+0200] {processor.py:157} INFO - Started process (PID=19036) to work on /home/radtrz/.local/lib/python3.10/site-packages/airflow/example_dags/example_params_trigger_ui.py
[2023-09-29T21:48:11.373+0200] {processor.py:829} INFO - Processing file /home/radtrz/.local/lib/python3.10/site-packages/airflow/example_dags/example_params_trigger_ui.py for tasks to queue
[2023-09-29T21:48:11.374+0200] {logging_mixin.py:151} INFO - [2023-09-29T21:48:11.374+0200] {dagbag.py:539} INFO - Filling up the DagBag from /home/radtrz/.local/lib/python3.10/site-packages/airflow/example_dags/example_params_trigger_ui.py
[2023-09-29T21:48:11.383+0200] {processor.py:839} INFO - DAG(s) dict_keys(['example_params_trigger_ui']) retrieved from /home/radtrz/.local/lib/python3.10/site-packages/airflow/example_dags/example_params_trigger_ui.py
[2023-09-29T21:48:11.407+0200] {logging_mixin.py:151} INFO - [2023-09-29T21:48:11.406+0200] {dag.py:2915} INFO - Sync 1 DAGs
[2023-09-29T21:48:11.412+0200] {logging_mixin.py:151} INFO - [2023-09-29T21:48:11.412+0200] {dag.py:3696} INFO - Setting next_dagrun for example_params_trigger_ui to None, run_after=None
[2023-09-29T21:48:11.425+0200] {processor.py:179} INFO - Processing /home/radtrz/.local/lib/python3.10/site-packages/airflow/example_dags/example_params_trigger_ui.py took 0.054 seconds
[2023-09-29T21:48:54.039+0200] {processor.py:157} INFO - Started process (PID=19117) to work on /home/radtrz/.local/lib/python3.10/site-packages/airflow/example_dags/example_params_trigger_ui.py
[2023-09-29T21:48:54.048+0200] {processor.py:829} INFO - Processing file /home/radtrz/.local/lib/python3.10/site-packages/airflow/example_dags/example_params_trigger_ui.py for tasks to queue
[2023-09-29T21:48:54.049+0200] {logging_mixin.py:151} INFO - [2023-09-29T21:48:54.048+0200] {dagbag.py:539} INFO - Filling up the DagBag from /home/radtrz/.local/lib/python3.10/site-packages/airflow/example_dags/example_params_trigger_ui.py
[2023-09-29T21:48:54.057+0200] {processor.py:839} INFO - DAG(s) dict_keys(['example_params_trigger_ui']) retrieved from /home/radtrz/.local/lib/python3.10/site-packages/airflow/example_dags/example_params_trigger_ui.py
[2023-09-29T21:48:54.080+0200] {logging_mixin.py:151} INFO - [2023-09-29T21:48:54.080+0200] {dag.py:2915} INFO - Sync 1 DAGs
[2023-09-29T21:48:54.086+0200] {logging_mixin.py:151} INFO - [2023-09-29T21:48:54.086+0200] {dag.py:3696} INFO - Setting next_dagrun for example_params_trigger_ui to None, run_after=None
[2023-09-29T21:48:54.111+0200] {processor.py:179} INFO - Processing /home/radtrz/.local/lib/python3.10/site-packages/airflow/example_dags/example_params_trigger_ui.py took 0.074 seconds
[2023-09-29T21:49:36.954+0200] {processor.py:157} INFO - Started process (PID=19198) to work on /home/radtrz/.local/lib/python3.10/site-packages/airflow/example_dags/example_params_trigger_ui.py
[2023-09-29T21:49:36.963+0200] {processor.py:829} INFO - Processing file /home/radtrz/.local/lib/python3.10/site-packages/airflow/example_dags/example_params_trigger_ui.py for tasks to queue
[2023-09-29T21:49:36.963+0200] {logging_mixin.py:151} INFO - [2023-09-29T21:49:36.963+0200] {dagbag.py:539} INFO - Filling up the DagBag from /home/radtrz/.local/lib/python3.10/site-packages/airflow/example_dags/example_params_trigger_ui.py
[2023-09-29T21:49:36.972+0200] {processor.py:839} INFO - DAG(s) dict_keys(['example_params_trigger_ui']) retrieved from /home/radtrz/.local/lib/python3.10/site-packages/airflow/example_dags/example_params_trigger_ui.py
[2023-09-29T21:49:36.994+0200] {logging_mixin.py:151} INFO - [2023-09-29T21:49:36.994+0200] {dag.py:2915} INFO - Sync 1 DAGs
[2023-09-29T21:49:37.000+0200] {logging_mixin.py:151} INFO - [2023-09-29T21:49:37.000+0200] {dag.py:3696} INFO - Setting next_dagrun for example_params_trigger_ui to None, run_after=None
[2023-09-29T21:49:37.010+0200] {processor.py:179} INFO - Processing /home/radtrz/.local/lib/python3.10/site-packages/airflow/example_dags/example_params_trigger_ui.py took 0.057 seconds
[2023-09-29T21:50:13.525+0200] {processor.py:157} INFO - Started process (PID=19245) to work on /home/radtrz/.local/lib/python3.10/site-packages/airflow/example_dags/example_params_trigger_ui.py
[2023-09-29T21:50:13.534+0200] {processor.py:829} INFO - Processing file /home/radtrz/.local/lib/python3.10/site-packages/airflow/example_dags/example_params_trigger_ui.py for tasks to queue
[2023-09-29T21:50:13.534+0200] {logging_mixin.py:151} INFO - [2023-09-29T21:50:13.534+0200] {dagbag.py:539} INFO - Filling up the DagBag from /home/radtrz/.local/lib/python3.10/site-packages/airflow/example_dags/example_params_trigger_ui.py
[2023-09-29T21:50:13.543+0200] {processor.py:839} INFO - DAG(s) dict_keys(['example_params_trigger_ui']) retrieved from /home/radtrz/.local/lib/python3.10/site-packages/airflow/example_dags/example_params_trigger_ui.py
[2023-09-29T21:50:13.566+0200] {logging_mixin.py:151} INFO - [2023-09-29T21:50:13.566+0200] {dag.py:2915} INFO - Sync 1 DAGs
[2023-09-29T21:50:13.573+0200] {logging_mixin.py:151} INFO - [2023-09-29T21:50:13.572+0200] {dag.py:3696} INFO - Setting next_dagrun for example_params_trigger_ui to None, run_after=None
[2023-09-29T21:50:13.592+0200] {processor.py:179} INFO - Processing /home/radtrz/.local/lib/python3.10/site-packages/airflow/example_dags/example_params_trigger_ui.py took 0.068 seconds
[2023-09-29T21:50:56.634+0200] {processor.py:157} INFO - Started process (PID=19299) to work on /home/radtrz/.local/lib/python3.10/site-packages/airflow/example_dags/example_params_trigger_ui.py
[2023-09-29T21:50:56.642+0200] {processor.py:829} INFO - Processing file /home/radtrz/.local/lib/python3.10/site-packages/airflow/example_dags/example_params_trigger_ui.py for tasks to queue
[2023-09-29T21:50:56.643+0200] {logging_mixin.py:151} INFO - [2023-09-29T21:50:56.642+0200] {dagbag.py:539} INFO - Filling up the DagBag from /home/radtrz/.local/lib/python3.10/site-packages/airflow/example_dags/example_params_trigger_ui.py
[2023-09-29T21:50:56.651+0200] {processor.py:839} INFO - DAG(s) dict_keys(['example_params_trigger_ui']) retrieved from /home/radtrz/.local/lib/python3.10/site-packages/airflow/example_dags/example_params_trigger_ui.py
[2023-09-29T21:50:56.675+0200] {logging_mixin.py:151} INFO - [2023-09-29T21:50:56.675+0200] {dag.py:2915} INFO - Sync 1 DAGs
[2023-09-29T21:50:56.680+0200] {logging_mixin.py:151} INFO - [2023-09-29T21:50:56.680+0200] {dag.py:3696} INFO - Setting next_dagrun for example_params_trigger_ui to None, run_after=None
[2023-09-29T21:50:56.690+0200] {processor.py:179} INFO - Processing /home/radtrz/.local/lib/python3.10/site-packages/airflow/example_dags/example_params_trigger_ui.py took 0.058 seconds
[2023-09-29T21:51:40.899+0200] {processor.py:157} INFO - Started process (PID=19352) to work on /home/radtrz/.local/lib/python3.10/site-packages/airflow/example_dags/example_params_trigger_ui.py
[2023-09-29T21:51:40.908+0200] {processor.py:829} INFO - Processing file /home/radtrz/.local/lib/python3.10/site-packages/airflow/example_dags/example_params_trigger_ui.py for tasks to queue
[2023-09-29T21:51:40.908+0200] {logging_mixin.py:151} INFO - [2023-09-29T21:51:40.908+0200] {dagbag.py:539} INFO - Filling up the DagBag from /home/radtrz/.local/lib/python3.10/site-packages/airflow/example_dags/example_params_trigger_ui.py
[2023-09-29T21:51:40.916+0200] {processor.py:839} INFO - DAG(s) dict_keys(['example_params_trigger_ui']) retrieved from /home/radtrz/.local/lib/python3.10/site-packages/airflow/example_dags/example_params_trigger_ui.py
[2023-09-29T21:51:40.939+0200] {logging_mixin.py:151} INFO - [2023-09-29T21:51:40.939+0200] {dag.py:2915} INFO - Sync 1 DAGs
[2023-09-29T21:51:40.944+0200] {logging_mixin.py:151} INFO - [2023-09-29T21:51:40.944+0200] {dag.py:3696} INFO - Setting next_dagrun for example_params_trigger_ui to None, run_after=None
[2023-09-29T21:51:40.974+0200] {processor.py:179} INFO - Processing /home/radtrz/.local/lib/python3.10/site-packages/airflow/example_dags/example_params_trigger_ui.py took 0.076 seconds
[2023-09-29T21:52:23.192+0200] {processor.py:157} INFO - Started process (PID=19414) to work on /home/radtrz/.local/lib/python3.10/site-packages/airflow/example_dags/example_params_trigger_ui.py
[2023-09-29T21:52:23.201+0200] {processor.py:829} INFO - Processing file /home/radtrz/.local/lib/python3.10/site-packages/airflow/example_dags/example_params_trigger_ui.py for tasks to queue
[2023-09-29T21:52:23.201+0200] {logging_mixin.py:151} INFO - [2023-09-29T21:52:23.201+0200] {dagbag.py:539} INFO - Filling up the DagBag from /home/radtrz/.local/lib/python3.10/site-packages/airflow/example_dags/example_params_trigger_ui.py
[2023-09-29T21:52:23.210+0200] {processor.py:839} INFO - DAG(s) dict_keys(['example_params_trigger_ui']) retrieved from /home/radtrz/.local/lib/python3.10/site-packages/airflow/example_dags/example_params_trigger_ui.py
[2023-09-29T21:52:23.234+0200] {logging_mixin.py:151} INFO - [2023-09-29T21:52:23.234+0200] {dag.py:2915} INFO - Sync 1 DAGs
[2023-09-29T21:52:23.239+0200] {logging_mixin.py:151} INFO - [2023-09-29T21:52:23.239+0200] {dag.py:3696} INFO - Setting next_dagrun for example_params_trigger_ui to None, run_after=None
[2023-09-29T21:52:23.252+0200] {processor.py:179} INFO - Processing /home/radtrz/.local/lib/python3.10/site-packages/airflow/example_dags/example_params_trigger_ui.py took 0.062 seconds
[2023-09-29T21:53:07.142+0200] {processor.py:157} INFO - Started process (PID=19471) to work on /home/radtrz/.local/lib/python3.10/site-packages/airflow/example_dags/example_params_trigger_ui.py
[2023-09-29T21:53:07.143+0200] {processor.py:829} INFO - Processing file /home/radtrz/.local/lib/python3.10/site-packages/airflow/example_dags/example_params_trigger_ui.py for tasks to queue
[2023-09-29T21:53:07.143+0200] {logging_mixin.py:151} INFO - [2023-09-29T21:53:07.143+0200] {dagbag.py:539} INFO - Filling up the DagBag from /home/radtrz/.local/lib/python3.10/site-packages/airflow/example_dags/example_params_trigger_ui.py
[2023-09-29T21:53:07.151+0200] {processor.py:839} INFO - DAG(s) dict_keys(['example_params_trigger_ui']) retrieved from /home/radtrz/.local/lib/python3.10/site-packages/airflow/example_dags/example_params_trigger_ui.py
[2023-09-29T21:53:07.175+0200] {logging_mixin.py:151} INFO - [2023-09-29T21:53:07.175+0200] {dag.py:2915} INFO - Sync 1 DAGs
[2023-09-29T21:53:07.181+0200] {logging_mixin.py:151} INFO - [2023-09-29T21:53:07.181+0200] {dag.py:3696} INFO - Setting next_dagrun for example_params_trigger_ui to None, run_after=None
[2023-09-29T21:53:07.191+0200] {processor.py:179} INFO - Processing /home/radtrz/.local/lib/python3.10/site-packages/airflow/example_dags/example_params_trigger_ui.py took 0.050 seconds
[2023-09-29T21:53:47.126+0200] {processor.py:157} INFO - Started process (PID=19526) to work on /home/radtrz/.local/lib/python3.10/site-packages/airflow/example_dags/example_params_trigger_ui.py
[2023-09-29T21:53:47.135+0200] {processor.py:829} INFO - Processing file /home/radtrz/.local/lib/python3.10/site-packages/airflow/example_dags/example_params_trigger_ui.py for tasks to queue
[2023-09-29T21:53:47.135+0200] {logging_mixin.py:151} INFO - [2023-09-29T21:53:47.135+0200] {dagbag.py:539} INFO - Filling up the DagBag from /home/radtrz/.local/lib/python3.10/site-packages/airflow/example_dags/example_params_trigger_ui.py
[2023-09-29T21:53:47.144+0200] {processor.py:839} INFO - DAG(s) dict_keys(['example_params_trigger_ui']) retrieved from /home/radtrz/.local/lib/python3.10/site-packages/airflow/example_dags/example_params_trigger_ui.py
[2023-09-29T21:53:47.170+0200] {logging_mixin.py:151} INFO - [2023-09-29T21:53:47.170+0200] {dag.py:2915} INFO - Sync 1 DAGs
[2023-09-29T21:53:47.177+0200] {logging_mixin.py:151} INFO - [2023-09-29T21:53:47.176+0200] {dag.py:3696} INFO - Setting next_dagrun for example_params_trigger_ui to None, run_after=None
[2023-09-29T21:53:47.188+0200] {processor.py:179} INFO - Processing /home/radtrz/.local/lib/python3.10/site-packages/airflow/example_dags/example_params_trigger_ui.py took 0.063 seconds
[2023-09-29T21:54:46.669+0200] {processor.py:157} INFO - Started process (PID=19612) to work on /home/radtrz/.local/lib/python3.10/site-packages/airflow/example_dags/example_params_trigger_ui.py
[2023-09-29T21:54:46.678+0200] {processor.py:829} INFO - Processing file /home/radtrz/.local/lib/python3.10/site-packages/airflow/example_dags/example_params_trigger_ui.py for tasks to queue
[2023-09-29T21:54:46.679+0200] {logging_mixin.py:151} INFO - [2023-09-29T21:54:46.678+0200] {dagbag.py:539} INFO - Filling up the DagBag from /home/radtrz/.local/lib/python3.10/site-packages/airflow/example_dags/example_params_trigger_ui.py
[2023-09-29T21:54:46.687+0200] {processor.py:839} INFO - DAG(s) dict_keys(['example_params_trigger_ui']) retrieved from /home/radtrz/.local/lib/python3.10/site-packages/airflow/example_dags/example_params_trigger_ui.py
[2023-09-29T21:54:46.712+0200] {logging_mixin.py:151} INFO - [2023-09-29T21:54:46.711+0200] {dag.py:2915} INFO - Sync 1 DAGs
[2023-09-29T21:54:46.717+0200] {logging_mixin.py:151} INFO - [2023-09-29T21:54:46.717+0200] {dag.py:3696} INFO - Setting next_dagrun for example_params_trigger_ui to None, run_after=None
[2023-09-29T21:54:46.740+0200] {processor.py:179} INFO - Processing /home/radtrz/.local/lib/python3.10/site-packages/airflow/example_dags/example_params_trigger_ui.py took 0.072 seconds
[2023-09-29T21:55:28.387+0200] {processor.py:157} INFO - Started process (PID=19765) to work on /home/radtrz/.local/lib/python3.10/site-packages/airflow/example_dags/example_params_trigger_ui.py
[2023-09-29T21:55:28.395+0200] {processor.py:829} INFO - Processing file /home/radtrz/.local/lib/python3.10/site-packages/airflow/example_dags/example_params_trigger_ui.py for tasks to queue
[2023-09-29T21:55:28.396+0200] {logging_mixin.py:151} INFO - [2023-09-29T21:55:28.396+0200] {dagbag.py:539} INFO - Filling up the DagBag from /home/radtrz/.local/lib/python3.10/site-packages/airflow/example_dags/example_params_trigger_ui.py
[2023-09-29T21:55:28.404+0200] {processor.py:839} INFO - DAG(s) dict_keys(['example_params_trigger_ui']) retrieved from /home/radtrz/.local/lib/python3.10/site-packages/airflow/example_dags/example_params_trigger_ui.py
[2023-09-29T21:55:28.429+0200] {logging_mixin.py:151} INFO - [2023-09-29T21:55:28.429+0200] {dag.py:2915} INFO - Sync 1 DAGs
[2023-09-29T21:55:28.434+0200] {logging_mixin.py:151} INFO - [2023-09-29T21:55:28.434+0200] {dag.py:3696} INFO - Setting next_dagrun for example_params_trigger_ui to None, run_after=None
[2023-09-29T21:55:28.445+0200] {processor.py:179} INFO - Processing /home/radtrz/.local/lib/python3.10/site-packages/airflow/example_dags/example_params_trigger_ui.py took 0.060 seconds
