[2023-09-29T21:46:44.798+0200] {processor.py:157} INFO - Started process (PID=18693) to work on /home/radtrz/.local/lib/python3.10/site-packages/airflow/example_dags/example_latest_only_with_trigger.py
[2023-09-29T21:46:44.798+0200] {processor.py:829} INFO - Processing file /home/radtrz/.local/lib/python3.10/site-packages/airflow/example_dags/example_latest_only_with_trigger.py for tasks to queue
[2023-09-29T21:46:44.799+0200] {logging_mixin.py:151} INFO - [2023-09-29T21:46:44.799+0200] {dagbag.py:539} INFO - Filling up the DagBag from /home/radtrz/.local/lib/python3.10/site-packages/airflow/example_dags/example_latest_only_with_trigger.py
[2023-09-29T21:46:44.802+0200] {processor.py:839} INFO - DAG(s) dict_keys(['latest_only_with_trigger']) retrieved from /home/radtrz/.local/lib/python3.10/site-packages/airflow/example_dags/example_latest_only_with_trigger.py
[2023-09-29T21:46:44.872+0200] {logging_mixin.py:151} INFO - [2023-09-29T21:46:44.872+0200] {manager.py:499} INFO - Created Permission View: %s
[2023-09-29T21:46:44.878+0200] {logging_mixin.py:151} INFO - [2023-09-29T21:46:44.878+0200] {manager.py:499} INFO - Created Permission View: %s
[2023-09-29T21:46:44.882+0200] {logging_mixin.py:151} INFO - [2023-09-29T21:46:44.882+0200] {manager.py:499} INFO - Created Permission View: %s
[2023-09-29T21:46:44.882+0200] {logging_mixin.py:151} INFO - [2023-09-29T21:46:44.882+0200] {security.py:708} INFO - Not syncing DAG-level permissions for DAG 'DAG:latest_only_with_trigger' as access control is unset.
[2023-09-29T21:46:44.882+0200] {logging_mixin.py:151} INFO - [2023-09-29T21:46:44.882+0200] {dag.py:2915} INFO - Sync 1 DAGs
[2023-09-29T21:46:44.887+0200] {logging_mixin.py:151} INFO - [2023-09-29T21:46:44.887+0200] {dag.py:2937} INFO - Creating ORM DAG for latest_only_with_trigger
[2023-09-29T21:46:44.891+0200] {logging_mixin.py:151} INFO - [2023-09-29T21:46:44.891+0200] {dag.py:3696} INFO - Setting next_dagrun for latest_only_with_trigger to 2023-09-29T15:46:44.891687+00:00, run_after=2023-09-29T19:46:44.891687+00:00
[2023-09-29T21:46:44.901+0200] {processor.py:179} INFO - Processing /home/radtrz/.local/lib/python3.10/site-packages/airflow/example_dags/example_latest_only_with_trigger.py took 0.104 seconds
[2023-09-29T21:47:32.505+0200] {processor.py:157} INFO - Started process (PID=18754) to work on /home/radtrz/.local/lib/python3.10/site-packages/airflow/example_dags/example_latest_only_with_trigger.py
[2023-09-29T21:47:32.514+0200] {processor.py:829} INFO - Processing file /home/radtrz/.local/lib/python3.10/site-packages/airflow/example_dags/example_latest_only_with_trigger.py for tasks to queue
[2023-09-29T21:47:32.514+0200] {logging_mixin.py:151} INFO - [2023-09-29T21:47:32.514+0200] {dagbag.py:539} INFO - Filling up the DagBag from /home/radtrz/.local/lib/python3.10/site-packages/airflow/example_dags/example_latest_only_with_trigger.py
[2023-09-29T21:47:32.518+0200] {processor.py:839} INFO - DAG(s) dict_keys(['latest_only_with_trigger']) retrieved from /home/radtrz/.local/lib/python3.10/site-packages/airflow/example_dags/example_latest_only_with_trigger.py
[2023-09-29T21:47:32.526+0200] {logging_mixin.py:151} INFO - [2023-09-29T21:47:32.525+0200] {dag.py:2915} INFO - Sync 1 DAGs
[2023-09-29T21:47:32.535+0200] {logging_mixin.py:151} INFO - [2023-09-29T21:47:32.535+0200] {dag.py:3696} INFO - Setting next_dagrun for latest_only_with_trigger to 2023-09-29T15:47:32.535508+00:00, run_after=2023-09-29T19:47:32.535508+00:00
[2023-09-29T21:47:32.560+0200] {processor.py:179} INFO - Processing /home/radtrz/.local/lib/python3.10/site-packages/airflow/example_dags/example_latest_only_with_trigger.py took 0.056 seconds
[2023-09-29T21:48:15.370+0200] {processor.py:157} INFO - Started process (PID=19065) to work on /home/radtrz/.local/lib/python3.10/site-packages/airflow/example_dags/example_latest_only_with_trigger.py
[2023-09-29T21:48:15.379+0200] {processor.py:829} INFO - Processing file /home/radtrz/.local/lib/python3.10/site-packages/airflow/example_dags/example_latest_only_with_trigger.py for tasks to queue
[2023-09-29T21:48:15.379+0200] {logging_mixin.py:151} INFO - [2023-09-29T21:48:15.379+0200] {dagbag.py:539} INFO - Filling up the DagBag from /home/radtrz/.local/lib/python3.10/site-packages/airflow/example_dags/example_latest_only_with_trigger.py
[2023-09-29T21:48:15.382+0200] {processor.py:839} INFO - DAG(s) dict_keys(['latest_only_with_trigger']) retrieved from /home/radtrz/.local/lib/python3.10/site-packages/airflow/example_dags/example_latest_only_with_trigger.py
[2023-09-29T21:48:15.391+0200] {logging_mixin.py:151} INFO - [2023-09-29T21:48:15.391+0200] {dag.py:2915} INFO - Sync 1 DAGs
[2023-09-29T21:48:15.401+0200] {logging_mixin.py:151} INFO - [2023-09-29T21:48:15.401+0200] {dag.py:3696} INFO - Setting next_dagrun for latest_only_with_trigger to 2023-09-29T15:48:15.401006+00:00, run_after=2023-09-29T19:48:15.401006+00:00
[2023-09-29T21:48:15.421+0200] {processor.py:179} INFO - Processing /home/radtrz/.local/lib/python3.10/site-packages/airflow/example_dags/example_latest_only_with_trigger.py took 0.052 seconds
[2023-09-29T21:48:57.740+0200] {processor.py:157} INFO - Started process (PID=19121) to work on /home/radtrz/.local/lib/python3.10/site-packages/airflow/example_dags/example_latest_only_with_trigger.py
[2023-09-29T21:48:57.749+0200] {processor.py:829} INFO - Processing file /home/radtrz/.local/lib/python3.10/site-packages/airflow/example_dags/example_latest_only_with_trigger.py for tasks to queue
[2023-09-29T21:48:57.749+0200] {logging_mixin.py:151} INFO - [2023-09-29T21:48:57.749+0200] {dagbag.py:539} INFO - Filling up the DagBag from /home/radtrz/.local/lib/python3.10/site-packages/airflow/example_dags/example_latest_only_with_trigger.py
[2023-09-29T21:48:57.752+0200] {processor.py:839} INFO - DAG(s) dict_keys(['latest_only_with_trigger']) retrieved from /home/radtrz/.local/lib/python3.10/site-packages/airflow/example_dags/example_latest_only_with_trigger.py
[2023-09-29T21:48:57.761+0200] {logging_mixin.py:151} INFO - [2023-09-29T21:48:57.761+0200] {dag.py:2915} INFO - Sync 1 DAGs
[2023-09-29T21:48:57.770+0200] {logging_mixin.py:151} INFO - [2023-09-29T21:48:57.770+0200] {dag.py:3696} INFO - Setting next_dagrun for latest_only_with_trigger to 2023-09-29T15:48:57.770555+00:00, run_after=2023-09-29T19:48:57.770555+00:00
[2023-09-29T21:48:57.789+0200] {processor.py:179} INFO - Processing /home/radtrz/.local/lib/python3.10/site-packages/airflow/example_dags/example_latest_only_with_trigger.py took 0.051 seconds
[2023-09-29T21:49:40.197+0200] {processor.py:157} INFO - Started process (PID=19202) to work on /home/radtrz/.local/lib/python3.10/site-packages/airflow/example_dags/example_latest_only_with_trigger.py
[2023-09-29T21:49:40.198+0200] {processor.py:829} INFO - Processing file /home/radtrz/.local/lib/python3.10/site-packages/airflow/example_dags/example_latest_only_with_trigger.py for tasks to queue
[2023-09-29T21:49:40.198+0200] {logging_mixin.py:151} INFO - [2023-09-29T21:49:40.198+0200] {dagbag.py:539} INFO - Filling up the DagBag from /home/radtrz/.local/lib/python3.10/site-packages/airflow/example_dags/example_latest_only_with_trigger.py
[2023-09-29T21:49:40.202+0200] {processor.py:839} INFO - DAG(s) dict_keys(['latest_only_with_trigger']) retrieved from /home/radtrz/.local/lib/python3.10/site-packages/airflow/example_dags/example_latest_only_with_trigger.py
[2023-09-29T21:49:40.210+0200] {logging_mixin.py:151} INFO - [2023-09-29T21:49:40.210+0200] {dag.py:2915} INFO - Sync 1 DAGs
[2023-09-29T21:49:40.219+0200] {logging_mixin.py:151} INFO - [2023-09-29T21:49:40.219+0200] {dag.py:3696} INFO - Setting next_dagrun for latest_only_with_trigger to 2023-09-29T15:49:40.219207+00:00, run_after=2023-09-29T19:49:40.219207+00:00
[2023-09-29T21:49:40.230+0200] {processor.py:179} INFO - Processing /home/radtrz/.local/lib/python3.10/site-packages/airflow/example_dags/example_latest_only_with_trigger.py took 0.034 seconds
[2023-09-29T21:50:16.382+0200] {processor.py:157} INFO - Started process (PID=19249) to work on /home/radtrz/.local/lib/python3.10/site-packages/airflow/example_dags/example_latest_only_with_trigger.py
[2023-09-29T21:50:16.391+0200] {processor.py:829} INFO - Processing file /home/radtrz/.local/lib/python3.10/site-packages/airflow/example_dags/example_latest_only_with_trigger.py for tasks to queue
[2023-09-29T21:50:16.392+0200] {logging_mixin.py:151} INFO - [2023-09-29T21:50:16.391+0200] {dagbag.py:539} INFO - Filling up the DagBag from /home/radtrz/.local/lib/python3.10/site-packages/airflow/example_dags/example_latest_only_with_trigger.py
[2023-09-29T21:50:16.395+0200] {processor.py:839} INFO - DAG(s) dict_keys(['latest_only_with_trigger']) retrieved from /home/radtrz/.local/lib/python3.10/site-packages/airflow/example_dags/example_latest_only_with_trigger.py
[2023-09-29T21:50:16.405+0200] {logging_mixin.py:151} INFO - [2023-09-29T21:50:16.405+0200] {dag.py:2915} INFO - Sync 1 DAGs
[2023-09-29T21:50:16.416+0200] {logging_mixin.py:151} INFO - [2023-09-29T21:50:16.416+0200] {dag.py:3696} INFO - Setting next_dagrun for latest_only_with_trigger to 2023-09-29T15:50:16.416632+00:00, run_after=2023-09-29T19:50:16.416632+00:00
[2023-09-29T21:50:16.428+0200] {processor.py:179} INFO - Processing /home/radtrz/.local/lib/python3.10/site-packages/airflow/example_dags/example_latest_only_with_trigger.py took 0.047 seconds
[2023-09-29T21:51:00.914+0200] {processor.py:157} INFO - Started process (PID=19303) to work on /home/radtrz/.local/lib/python3.10/site-packages/airflow/example_dags/example_latest_only_with_trigger.py
[2023-09-29T21:51:00.922+0200] {processor.py:829} INFO - Processing file /home/radtrz/.local/lib/python3.10/site-packages/airflow/example_dags/example_latest_only_with_trigger.py for tasks to queue
[2023-09-29T21:51:00.923+0200] {logging_mixin.py:151} INFO - [2023-09-29T21:51:00.922+0200] {dagbag.py:539} INFO - Filling up the DagBag from /home/radtrz/.local/lib/python3.10/site-packages/airflow/example_dags/example_latest_only_with_trigger.py
[2023-09-29T21:51:00.926+0200] {processor.py:839} INFO - DAG(s) dict_keys(['latest_only_with_trigger']) retrieved from /home/radtrz/.local/lib/python3.10/site-packages/airflow/example_dags/example_latest_only_with_trigger.py
[2023-09-29T21:51:00.934+0200] {logging_mixin.py:151} INFO - [2023-09-29T21:51:00.934+0200] {dag.py:2915} INFO - Sync 1 DAGs
[2023-09-29T21:51:00.944+0200] {logging_mixin.py:151} INFO - [2023-09-29T21:51:00.944+0200] {dag.py:3696} INFO - Setting next_dagrun for latest_only_with_trigger to 2023-09-29T15:51:00.943872+00:00, run_after=2023-09-29T19:51:00.943872+00:00
[2023-09-29T21:51:00.960+0200] {processor.py:179} INFO - Processing /home/radtrz/.local/lib/python3.10/site-packages/airflow/example_dags/example_latest_only_with_trigger.py took 0.048 seconds
[2023-09-29T21:51:44.906+0200] {processor.py:157} INFO - Started process (PID=19356) to work on /home/radtrz/.local/lib/python3.10/site-packages/airflow/example_dags/example_latest_only_with_trigger.py
[2023-09-29T21:51:44.914+0200] {processor.py:829} INFO - Processing file /home/radtrz/.local/lib/python3.10/site-packages/airflow/example_dags/example_latest_only_with_trigger.py for tasks to queue
[2023-09-29T21:51:44.914+0200] {logging_mixin.py:151} INFO - [2023-09-29T21:51:44.914+0200] {dagbag.py:539} INFO - Filling up the DagBag from /home/radtrz/.local/lib/python3.10/site-packages/airflow/example_dags/example_latest_only_with_trigger.py
[2023-09-29T21:51:44.918+0200] {processor.py:839} INFO - DAG(s) dict_keys(['latest_only_with_trigger']) retrieved from /home/radtrz/.local/lib/python3.10/site-packages/airflow/example_dags/example_latest_only_with_trigger.py
[2023-09-29T21:51:44.926+0200] {logging_mixin.py:151} INFO - [2023-09-29T21:51:44.926+0200] {dag.py:2915} INFO - Sync 1 DAGs
[2023-09-29T21:51:44.935+0200] {logging_mixin.py:151} INFO - [2023-09-29T21:51:44.935+0200] {dag.py:3696} INFO - Setting next_dagrun for latest_only_with_trigger to 2023-09-29T15:51:44.935459+00:00, run_after=2023-09-29T19:51:44.935459+00:00
[2023-09-29T21:51:44.967+0200] {processor.py:179} INFO - Processing /home/radtrz/.local/lib/python3.10/site-packages/airflow/example_dags/example_latest_only_with_trigger.py took 0.063 seconds
[2023-09-29T21:52:27.198+0200] {processor.py:157} INFO - Started process (PID=19418) to work on /home/radtrz/.local/lib/python3.10/site-packages/airflow/example_dags/example_latest_only_with_trigger.py
[2023-09-29T21:52:27.207+0200] {processor.py:829} INFO - Processing file /home/radtrz/.local/lib/python3.10/site-packages/airflow/example_dags/example_latest_only_with_trigger.py for tasks to queue
[2023-09-29T21:52:27.207+0200] {logging_mixin.py:151} INFO - [2023-09-29T21:52:27.207+0200] {dagbag.py:539} INFO - Filling up the DagBag from /home/radtrz/.local/lib/python3.10/site-packages/airflow/example_dags/example_latest_only_with_trigger.py
[2023-09-29T21:52:27.210+0200] {processor.py:839} INFO - DAG(s) dict_keys(['latest_only_with_trigger']) retrieved from /home/radtrz/.local/lib/python3.10/site-packages/airflow/example_dags/example_latest_only_with_trigger.py
[2023-09-29T21:52:27.218+0200] {logging_mixin.py:151} INFO - [2023-09-29T21:52:27.218+0200] {dag.py:2915} INFO - Sync 1 DAGs
[2023-09-29T21:52:27.227+0200] {logging_mixin.py:151} INFO - [2023-09-29T21:52:27.227+0200] {dag.py:3696} INFO - Setting next_dagrun for latest_only_with_trigger to 2023-09-29T15:52:27.227564+00:00, run_after=2023-09-29T19:52:27.227564+00:00
[2023-09-29T21:52:27.253+0200] {processor.py:179} INFO - Processing /home/radtrz/.local/lib/python3.10/site-packages/airflow/example_dags/example_latest_only_with_trigger.py took 0.056 seconds
[2023-09-29T21:53:10.782+0200] {processor.py:157} INFO - Started process (PID=19475) to work on /home/radtrz/.local/lib/python3.10/site-packages/airflow/example_dags/example_latest_only_with_trigger.py
[2023-09-29T21:53:10.791+0200] {processor.py:829} INFO - Processing file /home/radtrz/.local/lib/python3.10/site-packages/airflow/example_dags/example_latest_only_with_trigger.py for tasks to queue
[2023-09-29T21:53:10.791+0200] {logging_mixin.py:151} INFO - [2023-09-29T21:53:10.791+0200] {dagbag.py:539} INFO - Filling up the DagBag from /home/radtrz/.local/lib/python3.10/site-packages/airflow/example_dags/example_latest_only_with_trigger.py
[2023-09-29T21:53:10.795+0200] {processor.py:839} INFO - DAG(s) dict_keys(['latest_only_with_trigger']) retrieved from /home/radtrz/.local/lib/python3.10/site-packages/airflow/example_dags/example_latest_only_with_trigger.py
[2023-09-29T21:53:10.803+0200] {logging_mixin.py:151} INFO - [2023-09-29T21:53:10.803+0200] {dag.py:2915} INFO - Sync 1 DAGs
[2023-09-29T21:53:10.813+0200] {logging_mixin.py:151} INFO - [2023-09-29T21:53:10.813+0200] {dag.py:3696} INFO - Setting next_dagrun for latest_only_with_trigger to 2023-09-29T15:53:10.813216+00:00, run_after=2023-09-29T19:53:10.813216+00:00
[2023-09-29T21:53:10.827+0200] {processor.py:179} INFO - Processing /home/radtrz/.local/lib/python3.10/site-packages/airflow/example_dags/example_latest_only_with_trigger.py took 0.046 seconds
[2023-09-29T21:53:55.677+0200] {processor.py:157} INFO - Started process (PID=19535) to work on /home/radtrz/.local/lib/python3.10/site-packages/airflow/example_dags/example_latest_only_with_trigger.py
[2023-09-29T21:53:55.685+0200] {processor.py:829} INFO - Processing file /home/radtrz/.local/lib/python3.10/site-packages/airflow/example_dags/example_latest_only_with_trigger.py for tasks to queue
[2023-09-29T21:53:55.686+0200] {logging_mixin.py:151} INFO - [2023-09-29T21:53:55.685+0200] {dagbag.py:539} INFO - Filling up the DagBag from /home/radtrz/.local/lib/python3.10/site-packages/airflow/example_dags/example_latest_only_with_trigger.py
[2023-09-29T21:53:55.689+0200] {processor.py:839} INFO - DAG(s) dict_keys(['latest_only_with_trigger']) retrieved from /home/radtrz/.local/lib/python3.10/site-packages/airflow/example_dags/example_latest_only_with_trigger.py
[2023-09-29T21:53:55.697+0200] {logging_mixin.py:151} INFO - [2023-09-29T21:53:55.697+0200] {dag.py:2915} INFO - Sync 1 DAGs
[2023-09-29T21:53:55.707+0200] {logging_mixin.py:151} INFO - [2023-09-29T21:53:55.706+0200] {dag.py:3696} INFO - Setting next_dagrun for latest_only_with_trigger to 2023-09-29T15:53:55.706832+00:00, run_after=2023-09-29T19:53:55.706832+00:00
[2023-09-29T21:53:55.717+0200] {processor.py:179} INFO - Processing /home/radtrz/.local/lib/python3.10/site-packages/airflow/example_dags/example_latest_only_with_trigger.py took 0.043 seconds
[2023-09-29T21:54:49.520+0200] {processor.py:157} INFO - Started process (PID=19616) to work on /home/radtrz/.local/lib/python3.10/site-packages/airflow/example_dags/example_latest_only_with_trigger.py
[2023-09-29T21:54:49.529+0200] {processor.py:829} INFO - Processing file /home/radtrz/.local/lib/python3.10/site-packages/airflow/example_dags/example_latest_only_with_trigger.py for tasks to queue
[2023-09-29T21:54:49.529+0200] {logging_mixin.py:151} INFO - [2023-09-29T21:54:49.529+0200] {dagbag.py:539} INFO - Filling up the DagBag from /home/radtrz/.local/lib/python3.10/site-packages/airflow/example_dags/example_latest_only_with_trigger.py
[2023-09-29T21:54:49.533+0200] {processor.py:839} INFO - DAG(s) dict_keys(['latest_only_with_trigger']) retrieved from /home/radtrz/.local/lib/python3.10/site-packages/airflow/example_dags/example_latest_only_with_trigger.py
[2023-09-29T21:54:49.541+0200] {logging_mixin.py:151} INFO - [2023-09-29T21:54:49.541+0200] {dag.py:2915} INFO - Sync 1 DAGs
[2023-09-29T21:54:49.550+0200] {logging_mixin.py:151} INFO - [2023-09-29T21:54:49.550+0200] {dag.py:3696} INFO - Setting next_dagrun for latest_only_with_trigger to 2023-09-29T15:54:49.550626+00:00, run_after=2023-09-29T19:54:49.550626+00:00
[2023-09-29T21:54:49.569+0200] {processor.py:179} INFO - Processing /home/radtrz/.local/lib/python3.10/site-packages/airflow/example_dags/example_latest_only_with_trigger.py took 0.050 seconds
[2023-09-29T21:55:32.943+0200] {processor.py:157} INFO - Started process (PID=19769) to work on /home/radtrz/.local/lib/python3.10/site-packages/airflow/example_dags/example_latest_only_with_trigger.py
[2023-09-29T21:55:32.951+0200] {processor.py:829} INFO - Processing file /home/radtrz/.local/lib/python3.10/site-packages/airflow/example_dags/example_latest_only_with_trigger.py for tasks to queue
[2023-09-29T21:55:32.952+0200] {logging_mixin.py:151} INFO - [2023-09-29T21:55:32.952+0200] {dagbag.py:539} INFO - Filling up the DagBag from /home/radtrz/.local/lib/python3.10/site-packages/airflow/example_dags/example_latest_only_with_trigger.py
[2023-09-29T21:55:32.955+0200] {processor.py:839} INFO - DAG(s) dict_keys(['latest_only_with_trigger']) retrieved from /home/radtrz/.local/lib/python3.10/site-packages/airflow/example_dags/example_latest_only_with_trigger.py
[2023-09-29T21:55:32.963+0200] {logging_mixin.py:151} INFO - [2023-09-29T21:55:32.963+0200] {dag.py:2915} INFO - Sync 1 DAGs
[2023-09-29T21:55:32.973+0200] {logging_mixin.py:151} INFO - [2023-09-29T21:55:32.973+0200] {dag.py:3696} INFO - Setting next_dagrun for latest_only_with_trigger to 2023-09-29T15:55:32.973273+00:00, run_after=2023-09-29T19:55:32.973273+00:00
[2023-09-29T21:55:32.984+0200] {processor.py:179} INFO - Processing /home/radtrz/.local/lib/python3.10/site-packages/airflow/example_dags/example_latest_only_with_trigger.py took 0.042 seconds
