[2023-09-29T21:46:31.858+0200] {processor.py:157} INFO - Started process (PID=18675) to work on /home/radtrz/.local/lib/python3.10/site-packages/airflow/example_dags/example_trigger_target_dag.py
[2023-09-29T21:46:31.858+0200] {processor.py:829} INFO - Processing file /home/radtrz/.local/lib/python3.10/site-packages/airflow/example_dags/example_trigger_target_dag.py for tasks to queue
[2023-09-29T21:46:31.858+0200] {logging_mixin.py:151} INFO - [2023-09-29T21:46:31.858+0200] {dagbag.py:539} INFO - Filling up the DagBag from /home/radtrz/.local/lib/python3.10/site-packages/airflow/example_dags/example_trigger_target_dag.py
[2023-09-29T21:46:31.862+0200] {processor.py:839} INFO - DAG(s) dict_keys(['example_trigger_target_dag']) retrieved from /home/radtrz/.local/lib/python3.10/site-packages/airflow/example_dags/example_trigger_target_dag.py
[2023-09-29T21:46:31.929+0200] {logging_mixin.py:151} INFO - [2023-09-29T21:46:31.929+0200] {manager.py:499} INFO - Created Permission View: %s
[2023-09-29T21:46:31.935+0200] {logging_mixin.py:151} INFO - [2023-09-29T21:46:31.935+0200] {manager.py:499} INFO - Created Permission View: %s
[2023-09-29T21:46:31.940+0200] {logging_mixin.py:151} INFO - [2023-09-29T21:46:31.940+0200] {manager.py:499} INFO - Created Permission View: %s
[2023-09-29T21:46:31.940+0200] {logging_mixin.py:151} INFO - [2023-09-29T21:46:31.940+0200] {security.py:708} INFO - Not syncing DAG-level permissions for DAG 'DAG:example_trigger_target_dag' as access control is unset.
[2023-09-29T21:46:31.940+0200] {logging_mixin.py:151} INFO - [2023-09-29T21:46:31.940+0200] {dag.py:2915} INFO - Sync 1 DAGs
[2023-09-29T21:46:31.945+0200] {logging_mixin.py:151} INFO - [2023-09-29T21:46:31.945+0200] {dag.py:2937} INFO - Creating ORM DAG for example_trigger_target_dag
[2023-09-29T21:46:31.945+0200] {logging_mixin.py:151} INFO - [2023-09-29T21:46:31.945+0200] {dag.py:3696} INFO - Setting next_dagrun for example_trigger_target_dag to None, run_after=None
[2023-09-29T21:46:31.955+0200] {processor.py:179} INFO - Processing /home/radtrz/.local/lib/python3.10/site-packages/airflow/example_dags/example_trigger_target_dag.py took 0.099 seconds
[2023-09-29T21:47:18.270+0200] {processor.py:157} INFO - Started process (PID=18732) to work on /home/radtrz/.local/lib/python3.10/site-packages/airflow/example_dags/example_trigger_target_dag.py
[2023-09-29T21:47:18.279+0200] {processor.py:829} INFO - Processing file /home/radtrz/.local/lib/python3.10/site-packages/airflow/example_dags/example_trigger_target_dag.py for tasks to queue
[2023-09-29T21:47:18.279+0200] {logging_mixin.py:151} INFO - [2023-09-29T21:47:18.279+0200] {dagbag.py:539} INFO - Filling up the DagBag from /home/radtrz/.local/lib/python3.10/site-packages/airflow/example_dags/example_trigger_target_dag.py
[2023-09-29T21:47:18.282+0200] {processor.py:839} INFO - DAG(s) dict_keys(['example_trigger_target_dag']) retrieved from /home/radtrz/.local/lib/python3.10/site-packages/airflow/example_dags/example_trigger_target_dag.py
[2023-09-29T21:47:18.290+0200] {logging_mixin.py:151} INFO - [2023-09-29T21:47:18.290+0200] {dag.py:2915} INFO - Sync 1 DAGs
[2023-09-29T21:47:18.297+0200] {logging_mixin.py:151} INFO - [2023-09-29T21:47:18.297+0200] {dag.py:3696} INFO - Setting next_dagrun for example_trigger_target_dag to None, run_after=None
[2023-09-29T21:47:18.318+0200] {processor.py:179} INFO - Processing /home/radtrz/.local/lib/python3.10/site-packages/airflow/example_dags/example_trigger_target_dag.py took 0.050 seconds
[2023-09-29T21:48:01.086+0200] {processor.py:157} INFO - Started process (PID=18921) to work on /home/radtrz/.local/lib/python3.10/site-packages/airflow/example_dags/example_trigger_target_dag.py
[2023-09-29T21:48:01.095+0200] {processor.py:829} INFO - Processing file /home/radtrz/.local/lib/python3.10/site-packages/airflow/example_dags/example_trigger_target_dag.py for tasks to queue
[2023-09-29T21:48:01.095+0200] {logging_mixin.py:151} INFO - [2023-09-29T21:48:01.095+0200] {dagbag.py:539} INFO - Filling up the DagBag from /home/radtrz/.local/lib/python3.10/site-packages/airflow/example_dags/example_trigger_target_dag.py
[2023-09-29T21:48:01.098+0200] {processor.py:839} INFO - DAG(s) dict_keys(['example_trigger_target_dag']) retrieved from /home/radtrz/.local/lib/python3.10/site-packages/airflow/example_dags/example_trigger_target_dag.py
[2023-09-29T21:48:01.107+0200] {logging_mixin.py:151} INFO - [2023-09-29T21:48:01.107+0200] {dag.py:2915} INFO - Sync 1 DAGs
[2023-09-29T21:48:01.113+0200] {logging_mixin.py:151} INFO - [2023-09-29T21:48:01.112+0200] {dag.py:3696} INFO - Setting next_dagrun for example_trigger_target_dag to None, run_after=None
[2023-09-29T21:48:01.123+0200] {processor.py:179} INFO - Processing /home/radtrz/.local/lib/python3.10/site-packages/airflow/example_dags/example_trigger_target_dag.py took 0.039 seconds
[2023-09-29T21:48:42.325+0200] {processor.py:157} INFO - Started process (PID=19104) to work on /home/radtrz/.local/lib/python3.10/site-packages/airflow/example_dags/example_trigger_target_dag.py
[2023-09-29T21:48:42.334+0200] {processor.py:829} INFO - Processing file /home/radtrz/.local/lib/python3.10/site-packages/airflow/example_dags/example_trigger_target_dag.py for tasks to queue
[2023-09-29T21:48:42.334+0200] {logging_mixin.py:151} INFO - [2023-09-29T21:48:42.334+0200] {dagbag.py:539} INFO - Filling up the DagBag from /home/radtrz/.local/lib/python3.10/site-packages/airflow/example_dags/example_trigger_target_dag.py
[2023-09-29T21:48:42.337+0200] {processor.py:839} INFO - DAG(s) dict_keys(['example_trigger_target_dag']) retrieved from /home/radtrz/.local/lib/python3.10/site-packages/airflow/example_dags/example_trigger_target_dag.py
[2023-09-29T21:48:42.345+0200] {logging_mixin.py:151} INFO - [2023-09-29T21:48:42.345+0200] {dag.py:2915} INFO - Sync 1 DAGs
[2023-09-29T21:48:42.351+0200] {logging_mixin.py:151} INFO - [2023-09-29T21:48:42.351+0200] {dag.py:3696} INFO - Setting next_dagrun for example_trigger_target_dag to None, run_after=None
[2023-09-29T21:48:42.376+0200] {processor.py:179} INFO - Processing /home/radtrz/.local/lib/python3.10/site-packages/airflow/example_dags/example_trigger_target_dag.py took 0.053 seconds
[2023-09-29T21:49:23.921+0200] {processor.py:157} INFO - Started process (PID=19177) to work on /home/radtrz/.local/lib/python3.10/site-packages/airflow/example_dags/example_trigger_target_dag.py
[2023-09-29T21:49:23.929+0200] {processor.py:829} INFO - Processing file /home/radtrz/.local/lib/python3.10/site-packages/airflow/example_dags/example_trigger_target_dag.py for tasks to queue
[2023-09-29T21:49:23.930+0200] {logging_mixin.py:151} INFO - [2023-09-29T21:49:23.930+0200] {dagbag.py:539} INFO - Filling up the DagBag from /home/radtrz/.local/lib/python3.10/site-packages/airflow/example_dags/example_trigger_target_dag.py
[2023-09-29T21:49:23.933+0200] {processor.py:839} INFO - DAG(s) dict_keys(['example_trigger_target_dag']) retrieved from /home/radtrz/.local/lib/python3.10/site-packages/airflow/example_dags/example_trigger_target_dag.py
[2023-09-29T21:49:23.941+0200] {logging_mixin.py:151} INFO - [2023-09-29T21:49:23.941+0200] {dag.py:2915} INFO - Sync 1 DAGs
[2023-09-29T21:49:23.947+0200] {logging_mixin.py:151} INFO - [2023-09-29T21:49:23.946+0200] {dag.py:3696} INFO - Setting next_dagrun for example_trigger_target_dag to None, run_after=None
[2023-09-29T21:49:23.957+0200] {processor.py:179} INFO - Processing /home/radtrz/.local/lib/python3.10/site-packages/airflow/example_dags/example_trigger_target_dag.py took 0.038 seconds
[2023-09-29T21:50:05.520+0200] {processor.py:157} INFO - Started process (PID=19233) to work on /home/radtrz/.local/lib/python3.10/site-packages/airflow/example_dags/example_trigger_target_dag.py
[2023-09-29T21:50:05.529+0200] {processor.py:829} INFO - Processing file /home/radtrz/.local/lib/python3.10/site-packages/airflow/example_dags/example_trigger_target_dag.py for tasks to queue
[2023-09-29T21:50:05.529+0200] {logging_mixin.py:151} INFO - [2023-09-29T21:50:05.529+0200] {dagbag.py:539} INFO - Filling up the DagBag from /home/radtrz/.local/lib/python3.10/site-packages/airflow/example_dags/example_trigger_target_dag.py
[2023-09-29T21:50:05.533+0200] {processor.py:839} INFO - DAG(s) dict_keys(['example_trigger_target_dag']) retrieved from /home/radtrz/.local/lib/python3.10/site-packages/airflow/example_dags/example_trigger_target_dag.py
[2023-09-29T21:50:05.544+0200] {logging_mixin.py:151} INFO - [2023-09-29T21:50:05.544+0200] {dag.py:2915} INFO - Sync 1 DAGs
[2023-09-29T21:50:05.549+0200] {logging_mixin.py:151} INFO - [2023-09-29T21:50:05.549+0200] {dag.py:3696} INFO - Setting next_dagrun for example_trigger_target_dag to None, run_after=None
[2023-09-29T21:50:05.559+0200] {processor.py:179} INFO - Processing /home/radtrz/.local/lib/python3.10/site-packages/airflow/example_dags/example_trigger_target_dag.py took 0.041 seconds
[2023-09-29T21:50:48.365+0200] {processor.py:157} INFO - Started process (PID=19289) to work on /home/radtrz/.local/lib/python3.10/site-packages/airflow/example_dags/example_trigger_target_dag.py
[2023-09-29T21:50:48.374+0200] {processor.py:829} INFO - Processing file /home/radtrz/.local/lib/python3.10/site-packages/airflow/example_dags/example_trigger_target_dag.py for tasks to queue
[2023-09-29T21:50:48.374+0200] {logging_mixin.py:151} INFO - [2023-09-29T21:50:48.374+0200] {dagbag.py:539} INFO - Filling up the DagBag from /home/radtrz/.local/lib/python3.10/site-packages/airflow/example_dags/example_trigger_target_dag.py
[2023-09-29T21:50:48.377+0200] {processor.py:839} INFO - DAG(s) dict_keys(['example_trigger_target_dag']) retrieved from /home/radtrz/.local/lib/python3.10/site-packages/airflow/example_dags/example_trigger_target_dag.py
[2023-09-29T21:50:48.385+0200] {logging_mixin.py:151} INFO - [2023-09-29T21:50:48.385+0200] {dag.py:2915} INFO - Sync 1 DAGs
[2023-09-29T21:50:48.391+0200] {logging_mixin.py:151} INFO - [2023-09-29T21:50:48.391+0200] {dag.py:3696} INFO - Setting next_dagrun for example_trigger_target_dag to None, run_after=None
[2023-09-29T21:50:48.404+0200] {processor.py:179} INFO - Processing /home/radtrz/.local/lib/python3.10/site-packages/airflow/example_dags/example_trigger_target_dag.py took 0.041 seconds
[2023-09-29T21:51:30.612+0200] {processor.py:157} INFO - Started process (PID=19338) to work on /home/radtrz/.local/lib/python3.10/site-packages/airflow/example_dags/example_trigger_target_dag.py
[2023-09-29T21:51:30.627+0200] {processor.py:829} INFO - Processing file /home/radtrz/.local/lib/python3.10/site-packages/airflow/example_dags/example_trigger_target_dag.py for tasks to queue
[2023-09-29T21:51:30.627+0200] {logging_mixin.py:151} INFO - [2023-09-29T21:51:30.627+0200] {dagbag.py:539} INFO - Filling up the DagBag from /home/radtrz/.local/lib/python3.10/site-packages/airflow/example_dags/example_trigger_target_dag.py
[2023-09-29T21:51:30.630+0200] {processor.py:839} INFO - DAG(s) dict_keys(['example_trigger_target_dag']) retrieved from /home/radtrz/.local/lib/python3.10/site-packages/airflow/example_dags/example_trigger_target_dag.py
[2023-09-29T21:51:30.638+0200] {logging_mixin.py:151} INFO - [2023-09-29T21:51:30.638+0200] {dag.py:2915} INFO - Sync 1 DAGs
[2023-09-29T21:51:30.644+0200] {logging_mixin.py:151} INFO - [2023-09-29T21:51:30.644+0200] {dag.py:3696} INFO - Setting next_dagrun for example_trigger_target_dag to None, run_after=None
[2023-09-29T21:51:30.735+0200] {processor.py:179} INFO - Processing /home/radtrz/.local/lib/python3.10/site-packages/airflow/example_dags/example_trigger_target_dag.py took 0.125 seconds
[2023-09-29T21:52:12.129+0200] {processor.py:157} INFO - Started process (PID=19402) to work on /home/radtrz/.local/lib/python3.10/site-packages/airflow/example_dags/example_trigger_target_dag.py
[2023-09-29T21:52:12.137+0200] {processor.py:829} INFO - Processing file /home/radtrz/.local/lib/python3.10/site-packages/airflow/example_dags/example_trigger_target_dag.py for tasks to queue
[2023-09-29T21:52:12.138+0200] {logging_mixin.py:151} INFO - [2023-09-29T21:52:12.138+0200] {dagbag.py:539} INFO - Filling up the DagBag from /home/radtrz/.local/lib/python3.10/site-packages/airflow/example_dags/example_trigger_target_dag.py
[2023-09-29T21:52:12.141+0200] {processor.py:839} INFO - DAG(s) dict_keys(['example_trigger_target_dag']) retrieved from /home/radtrz/.local/lib/python3.10/site-packages/airflow/example_dags/example_trigger_target_dag.py
[2023-09-29T21:52:12.148+0200] {logging_mixin.py:151} INFO - [2023-09-29T21:52:12.148+0200] {dag.py:2915} INFO - Sync 1 DAGs
[2023-09-29T21:52:12.154+0200] {logging_mixin.py:151} INFO - [2023-09-29T21:52:12.154+0200] {dag.py:3696} INFO - Setting next_dagrun for example_trigger_target_dag to None, run_after=None
[2023-09-29T21:52:12.165+0200] {processor.py:179} INFO - Processing /home/radtrz/.local/lib/python3.10/site-packages/airflow/example_dags/example_trigger_target_dag.py took 0.038 seconds
[2023-09-29T21:52:55.120+0200] {processor.py:157} INFO - Started process (PID=19450) to work on /home/radtrz/.local/lib/python3.10/site-packages/airflow/example_dags/example_trigger_target_dag.py
[2023-09-29T21:52:55.128+0200] {processor.py:829} INFO - Processing file /home/radtrz/.local/lib/python3.10/site-packages/airflow/example_dags/example_trigger_target_dag.py for tasks to queue
[2023-09-29T21:52:55.129+0200] {logging_mixin.py:151} INFO - [2023-09-29T21:52:55.129+0200] {dagbag.py:539} INFO - Filling up the DagBag from /home/radtrz/.local/lib/python3.10/site-packages/airflow/example_dags/example_trigger_target_dag.py
[2023-09-29T21:52:55.132+0200] {processor.py:839} INFO - DAG(s) dict_keys(['example_trigger_target_dag']) retrieved from /home/radtrz/.local/lib/python3.10/site-packages/airflow/example_dags/example_trigger_target_dag.py
[2023-09-29T21:52:55.139+0200] {logging_mixin.py:151} INFO - [2023-09-29T21:52:55.139+0200] {dag.py:2915} INFO - Sync 1 DAGs
[2023-09-29T21:52:55.145+0200] {logging_mixin.py:151} INFO - [2023-09-29T21:52:55.145+0200] {dag.py:3696} INFO - Setting next_dagrun for example_trigger_target_dag to None, run_after=None
[2023-09-29T21:52:55.155+0200] {processor.py:179} INFO - Processing /home/radtrz/.local/lib/python3.10/site-packages/airflow/example_dags/example_trigger_target_dag.py took 0.037 seconds
[2023-09-29T21:53:35.122+0200] {processor.py:157} INFO - Started process (PID=19510) to work on /home/radtrz/.local/lib/python3.10/site-packages/airflow/example_dags/example_trigger_target_dag.py
[2023-09-29T21:53:35.130+0200] {processor.py:829} INFO - Processing file /home/radtrz/.local/lib/python3.10/site-packages/airflow/example_dags/example_trigger_target_dag.py for tasks to queue
[2023-09-29T21:53:35.131+0200] {logging_mixin.py:151} INFO - [2023-09-29T21:53:35.131+0200] {dagbag.py:539} INFO - Filling up the DagBag from /home/radtrz/.local/lib/python3.10/site-packages/airflow/example_dags/example_trigger_target_dag.py
[2023-09-29T21:53:35.134+0200] {processor.py:839} INFO - DAG(s) dict_keys(['example_trigger_target_dag']) retrieved from /home/radtrz/.local/lib/python3.10/site-packages/airflow/example_dags/example_trigger_target_dag.py
[2023-09-29T21:53:35.142+0200] {logging_mixin.py:151} INFO - [2023-09-29T21:53:35.141+0200] {dag.py:2915} INFO - Sync 1 DAGs
[2023-09-29T21:53:35.147+0200] {logging_mixin.py:151} INFO - [2023-09-29T21:53:35.147+0200] {dag.py:3696} INFO - Setting next_dagrun for example_trigger_target_dag to None, run_after=None
[2023-09-29T21:53:35.160+0200] {processor.py:179} INFO - Processing /home/radtrz/.local/lib/python3.10/site-packages/airflow/example_dags/example_trigger_target_dag.py took 0.040 seconds
[2023-09-29T21:54:36.952+0200] {processor.py:157} INFO - Started process (PID=19600) to work on /home/radtrz/.local/lib/python3.10/site-packages/airflow/example_dags/example_trigger_target_dag.py
[2023-09-29T21:54:36.952+0200] {processor.py:829} INFO - Processing file /home/radtrz/.local/lib/python3.10/site-packages/airflow/example_dags/example_trigger_target_dag.py for tasks to queue
[2023-09-29T21:54:36.952+0200] {logging_mixin.py:151} INFO - [2023-09-29T21:54:36.952+0200] {dagbag.py:539} INFO - Filling up the DagBag from /home/radtrz/.local/lib/python3.10/site-packages/airflow/example_dags/example_trigger_target_dag.py
[2023-09-29T21:54:36.955+0200] {processor.py:839} INFO - DAG(s) dict_keys(['example_trigger_target_dag']) retrieved from /home/radtrz/.local/lib/python3.10/site-packages/airflow/example_dags/example_trigger_target_dag.py
[2023-09-29T21:54:36.963+0200] {logging_mixin.py:151} INFO - [2023-09-29T21:54:36.963+0200] {dag.py:2915} INFO - Sync 1 DAGs
[2023-09-29T21:54:36.968+0200] {logging_mixin.py:151} INFO - [2023-09-29T21:54:36.968+0200] {dag.py:3696} INFO - Setting next_dagrun for example_trigger_target_dag to None, run_after=None
[2023-09-29T21:54:36.979+0200] {processor.py:179} INFO - Processing /home/radtrz/.local/lib/python3.10/site-packages/airflow/example_dags/example_trigger_target_dag.py took 0.029 seconds
[2023-09-29T21:55:19.245+0200] {processor.py:157} INFO - Started process (PID=19755) to work on /home/radtrz/.local/lib/python3.10/site-packages/airflow/example_dags/example_trigger_target_dag.py
[2023-09-29T21:55:19.254+0200] {processor.py:829} INFO - Processing file /home/radtrz/.local/lib/python3.10/site-packages/airflow/example_dags/example_trigger_target_dag.py for tasks to queue
[2023-09-29T21:55:19.254+0200] {logging_mixin.py:151} INFO - [2023-09-29T21:55:19.254+0200] {dagbag.py:539} INFO - Filling up the DagBag from /home/radtrz/.local/lib/python3.10/site-packages/airflow/example_dags/example_trigger_target_dag.py
[2023-09-29T21:55:19.257+0200] {processor.py:839} INFO - DAG(s) dict_keys(['example_trigger_target_dag']) retrieved from /home/radtrz/.local/lib/python3.10/site-packages/airflow/example_dags/example_trigger_target_dag.py
[2023-09-29T21:55:19.265+0200] {logging_mixin.py:151} INFO - [2023-09-29T21:55:19.265+0200] {dag.py:2915} INFO - Sync 1 DAGs
[2023-09-29T21:55:19.271+0200] {logging_mixin.py:151} INFO - [2023-09-29T21:55:19.271+0200] {dag.py:3696} INFO - Setting next_dagrun for example_trigger_target_dag to None, run_after=None
[2023-09-29T21:55:19.282+0200] {processor.py:179} INFO - Processing /home/radtrz/.local/lib/python3.10/site-packages/airflow/example_dags/example_trigger_target_dag.py took 0.038 seconds
