[2023-09-29T21:46:48.902+0200] {processor.py:157} INFO - Started process (PID=18697) to work on /home/radtrz/.local/lib/python3.10/site-packages/airflow/example_dags/example_task_group_decorator.py
[2023-09-29T21:46:48.903+0200] {processor.py:829} INFO - Processing file /home/radtrz/.local/lib/python3.10/site-packages/airflow/example_dags/example_task_group_decorator.py for tasks to queue
[2023-09-29T21:46:48.903+0200] {logging_mixin.py:151} INFO - [2023-09-29T21:46:48.903+0200] {dagbag.py:539} INFO - Filling up the DagBag from /home/radtrz/.local/lib/python3.10/site-packages/airflow/example_dags/example_task_group_decorator.py
[2023-09-29T21:46:48.911+0200] {processor.py:839} INFO - DAG(s) dict_keys(['example_task_group_decorator']) retrieved from /home/radtrz/.local/lib/python3.10/site-packages/airflow/example_dags/example_task_group_decorator.py
[2023-09-29T21:46:48.987+0200] {logging_mixin.py:151} INFO - [2023-09-29T21:46:48.987+0200] {manager.py:499} INFO - Created Permission View: %s
[2023-09-29T21:46:48.993+0200] {logging_mixin.py:151} INFO - [2023-09-29T21:46:48.993+0200] {manager.py:499} INFO - Created Permission View: %s
[2023-09-29T21:46:48.997+0200] {logging_mixin.py:151} INFO - [2023-09-29T21:46:48.997+0200] {manager.py:499} INFO - Created Permission View: %s
[2023-09-29T21:46:48.997+0200] {logging_mixin.py:151} INFO - [2023-09-29T21:46:48.997+0200] {security.py:708} INFO - Not syncing DAG-level permissions for DAG 'DAG:example_task_group_decorator' as access control is unset.
[2023-09-29T21:46:48.997+0200] {logging_mixin.py:151} INFO - [2023-09-29T21:46:48.997+0200] {dag.py:2915} INFO - Sync 1 DAGs
[2023-09-29T21:46:49.002+0200] {logging_mixin.py:151} INFO - [2023-09-29T21:46:49.002+0200] {dag.py:2937} INFO - Creating ORM DAG for example_task_group_decorator
[2023-09-29T21:46:49.006+0200] {logging_mixin.py:151} INFO - [2023-09-29T21:46:49.006+0200] {dag.py:3696} INFO - Setting next_dagrun for example_task_group_decorator to 2023-09-28T19:46:49.006442+00:00, run_after=2023-09-29T19:46:49.006442+00:00
[2023-09-29T21:46:49.016+0200] {processor.py:179} INFO - Processing /home/radtrz/.local/lib/python3.10/site-packages/airflow/example_dags/example_task_group_decorator.py took 0.115 seconds
[2023-09-29T21:47:35.379+0200] {processor.py:157} INFO - Started process (PID=18811) to work on /home/radtrz/.local/lib/python3.10/site-packages/airflow/example_dags/example_task_group_decorator.py
[2023-09-29T21:47:35.380+0200] {processor.py:829} INFO - Processing file /home/radtrz/.local/lib/python3.10/site-packages/airflow/example_dags/example_task_group_decorator.py for tasks to queue
[2023-09-29T21:47:35.381+0200] {logging_mixin.py:151} INFO - [2023-09-29T21:47:35.380+0200] {dagbag.py:539} INFO - Filling up the DagBag from /home/radtrz/.local/lib/python3.10/site-packages/airflow/example_dags/example_task_group_decorator.py
[2023-09-29T21:47:35.390+0200] {processor.py:839} INFO - DAG(s) dict_keys(['example_task_group_decorator']) retrieved from /home/radtrz/.local/lib/python3.10/site-packages/airflow/example_dags/example_task_group_decorator.py
[2023-09-29T21:47:35.403+0200] {logging_mixin.py:151} INFO - [2023-09-29T21:47:35.403+0200] {dag.py:2915} INFO - Sync 1 DAGs
[2023-09-29T21:47:35.418+0200] {logging_mixin.py:151} INFO - [2023-09-29T21:47:35.417+0200] {dag.py:3696} INFO - Setting next_dagrun for example_task_group_decorator to 2023-09-28T19:47:35.417682+00:00, run_after=2023-09-29T19:47:35.417682+00:00
[2023-09-29T21:47:35.432+0200] {processor.py:179} INFO - Processing /home/radtrz/.local/lib/python3.10/site-packages/airflow/example_dags/example_task_group_decorator.py took 0.055 seconds
[2023-09-29T21:48:19.917+0200] {processor.py:157} INFO - Started process (PID=19074) to work on /home/radtrz/.local/lib/python3.10/site-packages/airflow/example_dags/example_task_group_decorator.py
[2023-09-29T21:48:19.925+0200] {processor.py:829} INFO - Processing file /home/radtrz/.local/lib/python3.10/site-packages/airflow/example_dags/example_task_group_decorator.py for tasks to queue
[2023-09-29T21:48:19.926+0200] {logging_mixin.py:151} INFO - [2023-09-29T21:48:19.926+0200] {dagbag.py:539} INFO - Filling up the DagBag from /home/radtrz/.local/lib/python3.10/site-packages/airflow/example_dags/example_task_group_decorator.py
[2023-09-29T21:48:19.934+0200] {processor.py:839} INFO - DAG(s) dict_keys(['example_task_group_decorator']) retrieved from /home/radtrz/.local/lib/python3.10/site-packages/airflow/example_dags/example_task_group_decorator.py
[2023-09-29T21:48:19.943+0200] {logging_mixin.py:151} INFO - [2023-09-29T21:48:19.943+0200] {dag.py:2915} INFO - Sync 1 DAGs
[2023-09-29T21:48:19.953+0200] {logging_mixin.py:151} INFO - [2023-09-29T21:48:19.952+0200] {dag.py:3696} INFO - Setting next_dagrun for example_task_group_decorator to 2023-09-28T19:48:19.952835+00:00, run_after=2023-09-29T19:48:19.952835+00:00
[2023-09-29T21:48:19.972+0200] {processor.py:179} INFO - Processing /home/radtrz/.local/lib/python3.10/site-packages/airflow/example_dags/example_task_group_decorator.py took 0.057 seconds
[2023-09-29T21:49:01.743+0200] {processor.py:157} INFO - Started process (PID=19125) to work on /home/radtrz/.local/lib/python3.10/site-packages/airflow/example_dags/example_task_group_decorator.py
[2023-09-29T21:49:01.744+0200] {processor.py:829} INFO - Processing file /home/radtrz/.local/lib/python3.10/site-packages/airflow/example_dags/example_task_group_decorator.py for tasks to queue
[2023-09-29T21:49:01.745+0200] {logging_mixin.py:151} INFO - [2023-09-29T21:49:01.744+0200] {dagbag.py:539} INFO - Filling up the DagBag from /home/radtrz/.local/lib/python3.10/site-packages/airflow/example_dags/example_task_group_decorator.py
[2023-09-29T21:49:01.752+0200] {processor.py:839} INFO - DAG(s) dict_keys(['example_task_group_decorator']) retrieved from /home/radtrz/.local/lib/python3.10/site-packages/airflow/example_dags/example_task_group_decorator.py
[2023-09-29T21:49:01.762+0200] {logging_mixin.py:151} INFO - [2023-09-29T21:49:01.762+0200] {dag.py:2915} INFO - Sync 1 DAGs
[2023-09-29T21:49:01.772+0200] {logging_mixin.py:151} INFO - [2023-09-29T21:49:01.772+0200] {dag.py:3696} INFO - Setting next_dagrun for example_task_group_decorator to 2023-09-28T19:49:01.772009+00:00, run_after=2023-09-29T19:49:01.772009+00:00
[2023-09-29T21:49:01.792+0200] {processor.py:179} INFO - Processing /home/radtrz/.local/lib/python3.10/site-packages/airflow/example_dags/example_task_group_decorator.py took 0.051 seconds
[2023-09-29T21:50:20.925+0200] {processor.py:157} INFO - Started process (PID=19257) to work on /home/radtrz/.local/lib/python3.10/site-packages/airflow/example_dags/example_task_group_decorator.py
[2023-09-29T21:50:20.933+0200] {processor.py:829} INFO - Processing file /home/radtrz/.local/lib/python3.10/site-packages/airflow/example_dags/example_task_group_decorator.py for tasks to queue
[2023-09-29T21:50:20.934+0200] {logging_mixin.py:151} INFO - [2023-09-29T21:50:20.934+0200] {dagbag.py:539} INFO - Filling up the DagBag from /home/radtrz/.local/lib/python3.10/site-packages/airflow/example_dags/example_task_group_decorator.py
[2023-09-29T21:50:20.942+0200] {processor.py:839} INFO - DAG(s) dict_keys(['example_task_group_decorator']) retrieved from /home/radtrz/.local/lib/python3.10/site-packages/airflow/example_dags/example_task_group_decorator.py
[2023-09-29T21:50:20.951+0200] {logging_mixin.py:151} INFO - [2023-09-29T21:50:20.951+0200] {dag.py:2915} INFO - Sync 1 DAGs
[2023-09-29T21:50:20.960+0200] {logging_mixin.py:151} INFO - [2023-09-29T21:50:20.960+0200] {dag.py:3696} INFO - Setting next_dagrun for example_task_group_decorator to 2023-09-28T19:50:20.960700+00:00, run_after=2023-09-29T19:50:20.960700+00:00
[2023-09-29T21:50:20.971+0200] {processor.py:179} INFO - Processing /home/radtrz/.local/lib/python3.10/site-packages/airflow/example_dags/example_task_group_decorator.py took 0.049 seconds
[2023-09-29T21:51:04.918+0200] {processor.py:157} INFO - Started process (PID=19309) to work on /home/radtrz/.local/lib/python3.10/site-packages/airflow/example_dags/example_task_group_decorator.py
[2023-09-29T21:51:04.918+0200] {processor.py:829} INFO - Processing file /home/radtrz/.local/lib/python3.10/site-packages/airflow/example_dags/example_task_group_decorator.py for tasks to queue
[2023-09-29T21:51:04.919+0200] {logging_mixin.py:151} INFO - [2023-09-29T21:51:04.918+0200] {dagbag.py:539} INFO - Filling up the DagBag from /home/radtrz/.local/lib/python3.10/site-packages/airflow/example_dags/example_task_group_decorator.py
[2023-09-29T21:51:04.926+0200] {processor.py:839} INFO - DAG(s) dict_keys(['example_task_group_decorator']) retrieved from /home/radtrz/.local/lib/python3.10/site-packages/airflow/example_dags/example_task_group_decorator.py
[2023-09-29T21:51:04.936+0200] {logging_mixin.py:151} INFO - [2023-09-29T21:51:04.936+0200] {dag.py:2915} INFO - Sync 1 DAGs
[2023-09-29T21:51:04.946+0200] {logging_mixin.py:151} INFO - [2023-09-29T21:51:04.946+0200] {dag.py:3696} INFO - Setting next_dagrun for example_task_group_decorator to 2023-09-28T19:51:04.946227+00:00, run_after=2023-09-29T19:51:04.946227+00:00
[2023-09-29T21:51:04.960+0200] {processor.py:179} INFO - Processing /home/radtrz/.local/lib/python3.10/site-packages/airflow/example_dags/example_task_group_decorator.py took 0.044 seconds
[2023-09-29T21:51:48.456+0200] {processor.py:157} INFO - Started process (PID=19369) to work on /home/radtrz/.local/lib/python3.10/site-packages/airflow/example_dags/example_task_group_decorator.py
[2023-09-29T21:51:48.464+0200] {processor.py:829} INFO - Processing file /home/radtrz/.local/lib/python3.10/site-packages/airflow/example_dags/example_task_group_decorator.py for tasks to queue
[2023-09-29T21:51:48.465+0200] {logging_mixin.py:151} INFO - [2023-09-29T21:51:48.465+0200] {dagbag.py:539} INFO - Filling up the DagBag from /home/radtrz/.local/lib/python3.10/site-packages/airflow/example_dags/example_task_group_decorator.py
[2023-09-29T21:51:48.473+0200] {processor.py:839} INFO - DAG(s) dict_keys(['example_task_group_decorator']) retrieved from /home/radtrz/.local/lib/python3.10/site-packages/airflow/example_dags/example_task_group_decorator.py
[2023-09-29T21:51:48.483+0200] {logging_mixin.py:151} INFO - [2023-09-29T21:51:48.483+0200] {dag.py:2915} INFO - Sync 1 DAGs
[2023-09-29T21:51:48.493+0200] {logging_mixin.py:151} INFO - [2023-09-29T21:51:48.492+0200] {dag.py:3696} INFO - Setting next_dagrun for example_task_group_decorator to 2023-09-28T19:51:48.492781+00:00, run_after=2023-09-29T19:51:48.492781+00:00
[2023-09-29T21:51:48.510+0200] {processor.py:179} INFO - Processing /home/radtrz/.local/lib/python3.10/site-packages/airflow/example_dags/example_task_group_decorator.py took 0.056 seconds
[2023-09-29T21:52:32.343+0200] {processor.py:157} INFO - Started process (PID=19423) to work on /home/radtrz/.local/lib/python3.10/site-packages/airflow/example_dags/example_task_group_decorator.py
[2023-09-29T21:52:32.352+0200] {processor.py:829} INFO - Processing file /home/radtrz/.local/lib/python3.10/site-packages/airflow/example_dags/example_task_group_decorator.py for tasks to queue
[2023-09-29T21:52:32.352+0200] {logging_mixin.py:151} INFO - [2023-09-29T21:52:32.352+0200] {dagbag.py:539} INFO - Filling up the DagBag from /home/radtrz/.local/lib/python3.10/site-packages/airflow/example_dags/example_task_group_decorator.py
[2023-09-29T21:52:32.360+0200] {processor.py:839} INFO - DAG(s) dict_keys(['example_task_group_decorator']) retrieved from /home/radtrz/.local/lib/python3.10/site-packages/airflow/example_dags/example_task_group_decorator.py
[2023-09-29T21:52:32.370+0200] {logging_mixin.py:151} INFO - [2023-09-29T21:52:32.370+0200] {dag.py:2915} INFO - Sync 1 DAGs
[2023-09-29T21:52:32.379+0200] {logging_mixin.py:151} INFO - [2023-09-29T21:52:32.379+0200] {dag.py:3696} INFO - Setting next_dagrun for example_task_group_decorator to 2023-09-28T19:52:32.379585+00:00, run_after=2023-09-29T19:52:32.379585+00:00
[2023-09-29T21:52:32.396+0200] {processor.py:179} INFO - Processing /home/radtrz/.local/lib/python3.10/site-packages/airflow/example_dags/example_task_group_decorator.py took 0.055 seconds
[2023-09-29T21:53:14.984+0200] {processor.py:157} INFO - Started process (PID=19480) to work on /home/radtrz/.local/lib/python3.10/site-packages/airflow/example_dags/example_task_group_decorator.py
[2023-09-29T21:53:14.992+0200] {processor.py:829} INFO - Processing file /home/radtrz/.local/lib/python3.10/site-packages/airflow/example_dags/example_task_group_decorator.py for tasks to queue
[2023-09-29T21:53:14.993+0200] {logging_mixin.py:151} INFO - [2023-09-29T21:53:14.993+0200] {dagbag.py:539} INFO - Filling up the DagBag from /home/radtrz/.local/lib/python3.10/site-packages/airflow/example_dags/example_task_group_decorator.py
[2023-09-29T21:53:15.001+0200] {processor.py:839} INFO - DAG(s) dict_keys(['example_task_group_decorator']) retrieved from /home/radtrz/.local/lib/python3.10/site-packages/airflow/example_dags/example_task_group_decorator.py
[2023-09-29T21:53:15.012+0200] {logging_mixin.py:151} INFO - [2023-09-29T21:53:15.012+0200] {dag.py:2915} INFO - Sync 1 DAGs
[2023-09-29T21:53:15.022+0200] {logging_mixin.py:151} INFO - [2023-09-29T21:53:15.022+0200] {dag.py:3696} INFO - Setting next_dagrun for example_task_group_decorator to 2023-09-28T19:53:15.022539+00:00, run_after=2023-09-29T19:53:15.022539+00:00
[2023-09-29T21:53:15.037+0200] {processor.py:179} INFO - Processing /home/radtrz/.local/lib/python3.10/site-packages/airflow/example_dags/example_task_group_decorator.py took 0.056 seconds
[2023-09-29T21:53:58.121+0200] {processor.py:157} INFO - Started process (PID=19539) to work on /home/radtrz/.local/lib/python3.10/site-packages/airflow/example_dags/example_task_group_decorator.py
[2023-09-29T21:53:58.122+0200] {processor.py:829} INFO - Processing file /home/radtrz/.local/lib/python3.10/site-packages/airflow/example_dags/example_task_group_decorator.py for tasks to queue
[2023-09-29T21:53:58.122+0200] {logging_mixin.py:151} INFO - [2023-09-29T21:53:58.122+0200] {dagbag.py:539} INFO - Filling up the DagBag from /home/radtrz/.local/lib/python3.10/site-packages/airflow/example_dags/example_task_group_decorator.py
[2023-09-29T21:53:58.131+0200] {processor.py:839} INFO - DAG(s) dict_keys(['example_task_group_decorator']) retrieved from /home/radtrz/.local/lib/python3.10/site-packages/airflow/example_dags/example_task_group_decorator.py
[2023-09-29T21:53:58.142+0200] {logging_mixin.py:151} INFO - [2023-09-29T21:53:58.142+0200] {dag.py:2915} INFO - Sync 1 DAGs
[2023-09-29T21:53:58.152+0200] {logging_mixin.py:151} INFO - [2023-09-29T21:53:58.152+0200] {dag.py:3696} INFO - Setting next_dagrun for example_task_group_decorator to 2023-09-28T19:53:58.152270+00:00, run_after=2023-09-29T19:53:58.152270+00:00
[2023-09-29T21:53:58.163+0200] {processor.py:179} INFO - Processing /home/radtrz/.local/lib/python3.10/site-packages/airflow/example_dags/example_task_group_decorator.py took 0.043 seconds
[2023-09-29T21:54:53.523+0200] {processor.py:157} INFO - Started process (PID=19620) to work on /home/radtrz/.local/lib/python3.10/site-packages/airflow/example_dags/example_task_group_decorator.py
[2023-09-29T21:54:53.531+0200] {processor.py:829} INFO - Processing file /home/radtrz/.local/lib/python3.10/site-packages/airflow/example_dags/example_task_group_decorator.py for tasks to queue
[2023-09-29T21:54:53.532+0200] {logging_mixin.py:151} INFO - [2023-09-29T21:54:53.531+0200] {dagbag.py:539} INFO - Filling up the DagBag from /home/radtrz/.local/lib/python3.10/site-packages/airflow/example_dags/example_task_group_decorator.py
[2023-09-29T21:54:53.540+0200] {processor.py:839} INFO - DAG(s) dict_keys(['example_task_group_decorator']) retrieved from /home/radtrz/.local/lib/python3.10/site-packages/airflow/example_dags/example_task_group_decorator.py
[2023-09-29T21:54:53.550+0200] {logging_mixin.py:151} INFO - [2023-09-29T21:54:53.550+0200] {dag.py:2915} INFO - Sync 1 DAGs
[2023-09-29T21:54:53.561+0200] {logging_mixin.py:151} INFO - [2023-09-29T21:54:53.561+0200] {dag.py:3696} INFO - Setting next_dagrun for example_task_group_decorator to 2023-09-28T19:54:53.561112+00:00, run_after=2023-09-29T19:54:53.561112+00:00
[2023-09-29T21:54:53.572+0200] {processor.py:179} INFO - Processing /home/radtrz/.local/lib/python3.10/site-packages/airflow/example_dags/example_task_group_decorator.py took 0.051 seconds
