[2023-09-29T21:46:26.686+0200] {processor.py:157} INFO - Started process (PID=18670) to work on /home/radtrz/.local/lib/python3.10/site-packages/airflow/example_dags/example_params_ui_tutorial.py
[2023-09-29T21:46:26.687+0200] {processor.py:829} INFO - Processing file /home/radtrz/.local/lib/python3.10/site-packages/airflow/example_dags/example_params_ui_tutorial.py for tasks to queue
[2023-09-29T21:46:26.687+0200] {logging_mixin.py:151} INFO - [2023-09-29T21:46:26.687+0200] {dagbag.py:539} INFO - Filling up the DagBag from /home/radtrz/.local/lib/python3.10/site-packages/airflow/example_dags/example_params_ui_tutorial.py
[2023-09-29T21:46:26.704+0200] {processor.py:839} INFO - DAG(s) dict_keys(['example_params_ui_tutorial']) retrieved from /home/radtrz/.local/lib/python3.10/site-packages/airflow/example_dags/example_params_ui_tutorial.py
[2023-09-29T21:46:26.788+0200] {logging_mixin.py:151} INFO - [2023-09-29T21:46:26.788+0200] {manager.py:499} INFO - Created Permission View: %s
[2023-09-29T21:46:26.795+0200] {logging_mixin.py:151} INFO - [2023-09-29T21:46:26.795+0200] {manager.py:499} INFO - Created Permission View: %s
[2023-09-29T21:46:26.799+0200] {logging_mixin.py:151} INFO - [2023-09-29T21:46:26.799+0200] {manager.py:499} INFO - Created Permission View: %s
[2023-09-29T21:46:26.799+0200] {logging_mixin.py:151} INFO - [2023-09-29T21:46:26.799+0200] {security.py:708} INFO - Not syncing DAG-level permissions for DAG 'DAG:example_params_ui_tutorial' as access control is unset.
[2023-09-29T21:46:26.799+0200] {logging_mixin.py:151} INFO - [2023-09-29T21:46:26.799+0200] {dag.py:2915} INFO - Sync 1 DAGs
[2023-09-29T21:46:26.805+0200] {logging_mixin.py:151} INFO - [2023-09-29T21:46:26.805+0200] {dag.py:2937} INFO - Creating ORM DAG for example_params_ui_tutorial
[2023-09-29T21:46:26.805+0200] {logging_mixin.py:151} INFO - [2023-09-29T21:46:26.805+0200] {dag.py:3696} INFO - Setting next_dagrun for example_params_ui_tutorial to None, run_after=None
[2023-09-29T21:46:26.815+0200] {processor.py:179} INFO - Processing /home/radtrz/.local/lib/python3.10/site-packages/airflow/example_dags/example_params_ui_tutorial.py took 0.130 seconds
[2023-09-29T21:47:12.814+0200] {processor.py:157} INFO - Started process (PID=18725) to work on /home/radtrz/.local/lib/python3.10/site-packages/airflow/example_dags/example_params_ui_tutorial.py
[2023-09-29T21:47:12.823+0200] {processor.py:829} INFO - Processing file /home/radtrz/.local/lib/python3.10/site-packages/airflow/example_dags/example_params_ui_tutorial.py for tasks to queue
[2023-09-29T21:47:12.823+0200] {logging_mixin.py:151} INFO - [2023-09-29T21:47:12.823+0200] {dagbag.py:539} INFO - Filling up the DagBag from /home/radtrz/.local/lib/python3.10/site-packages/airflow/example_dags/example_params_ui_tutorial.py
[2023-09-29T21:47:12.839+0200] {processor.py:839} INFO - DAG(s) dict_keys(['example_params_ui_tutorial']) retrieved from /home/radtrz/.local/lib/python3.10/site-packages/airflow/example_dags/example_params_ui_tutorial.py
[2023-09-29T21:47:12.864+0200] {logging_mixin.py:151} INFO - [2023-09-29T21:47:12.864+0200] {dag.py:2915} INFO - Sync 1 DAGs
[2023-09-29T21:47:12.870+0200] {logging_mixin.py:151} INFO - [2023-09-29T21:47:12.870+0200] {dag.py:3696} INFO - Setting next_dagrun for example_params_ui_tutorial to None, run_after=None
[2023-09-29T21:47:12.881+0200] {processor.py:179} INFO - Processing /home/radtrz/.local/lib/python3.10/site-packages/airflow/example_dags/example_params_ui_tutorial.py took 0.068 seconds
[2023-09-29T21:47:55.946+0200] {processor.py:157} INFO - Started process (PID=18916) to work on /home/radtrz/.local/lib/python3.10/site-packages/airflow/example_dags/example_params_ui_tutorial.py
[2023-09-29T21:47:55.954+0200] {processor.py:829} INFO - Processing file /home/radtrz/.local/lib/python3.10/site-packages/airflow/example_dags/example_params_ui_tutorial.py for tasks to queue
[2023-09-29T21:47:55.955+0200] {logging_mixin.py:151} INFO - [2023-09-29T21:47:55.955+0200] {dagbag.py:539} INFO - Filling up the DagBag from /home/radtrz/.local/lib/python3.10/site-packages/airflow/example_dags/example_params_ui_tutorial.py
[2023-09-29T21:47:55.970+0200] {processor.py:839} INFO - DAG(s) dict_keys(['example_params_ui_tutorial']) retrieved from /home/radtrz/.local/lib/python3.10/site-packages/airflow/example_dags/example_params_ui_tutorial.py
[2023-09-29T21:47:55.995+0200] {logging_mixin.py:151} INFO - [2023-09-29T21:47:55.995+0200] {dag.py:2915} INFO - Sync 1 DAGs
[2023-09-29T21:47:56.001+0200] {logging_mixin.py:151} INFO - [2023-09-29T21:47:56.001+0200] {dag.py:3696} INFO - Setting next_dagrun for example_params_ui_tutorial to None, run_after=None
[2023-09-29T21:47:56.022+0200] {processor.py:179} INFO - Processing /home/radtrz/.local/lib/python3.10/site-packages/airflow/example_dags/example_params_ui_tutorial.py took 0.077 seconds
[2023-09-29T21:48:38.318+0200] {processor.py:157} INFO - Started process (PID=19099) to work on /home/radtrz/.local/lib/python3.10/site-packages/airflow/example_dags/example_params_ui_tutorial.py
[2023-09-29T21:48:38.326+0200] {processor.py:829} INFO - Processing file /home/radtrz/.local/lib/python3.10/site-packages/airflow/example_dags/example_params_ui_tutorial.py for tasks to queue
[2023-09-29T21:48:38.327+0200] {logging_mixin.py:151} INFO - [2023-09-29T21:48:38.327+0200] {dagbag.py:539} INFO - Filling up the DagBag from /home/radtrz/.local/lib/python3.10/site-packages/airflow/example_dags/example_params_ui_tutorial.py
[2023-09-29T21:48:38.342+0200] {processor.py:839} INFO - DAG(s) dict_keys(['example_params_ui_tutorial']) retrieved from /home/radtrz/.local/lib/python3.10/site-packages/airflow/example_dags/example_params_ui_tutorial.py
[2023-09-29T21:48:38.368+0200] {logging_mixin.py:151} INFO - [2023-09-29T21:48:38.367+0200] {dag.py:2915} INFO - Sync 1 DAGs
[2023-09-29T21:48:38.373+0200] {logging_mixin.py:151} INFO - [2023-09-29T21:48:38.373+0200] {dag.py:3696} INFO - Setting next_dagrun for example_params_ui_tutorial to None, run_after=None
[2023-09-29T21:48:38.392+0200] {processor.py:179} INFO - Processing /home/radtrz/.local/lib/python3.10/site-packages/airflow/example_dags/example_params_ui_tutorial.py took 0.076 seconds
[2023-09-29T21:49:19.446+0200] {processor.py:157} INFO - Started process (PID=19172) to work on /home/radtrz/.local/lib/python3.10/site-packages/airflow/example_dags/example_params_ui_tutorial.py
[2023-09-29T21:49:19.455+0200] {processor.py:829} INFO - Processing file /home/radtrz/.local/lib/python3.10/site-packages/airflow/example_dags/example_params_ui_tutorial.py for tasks to queue
[2023-09-29T21:49:19.455+0200] {logging_mixin.py:151} INFO - [2023-09-29T21:49:19.455+0200] {dagbag.py:539} INFO - Filling up the DagBag from /home/radtrz/.local/lib/python3.10/site-packages/airflow/example_dags/example_params_ui_tutorial.py
[2023-09-29T21:49:19.471+0200] {processor.py:839} INFO - DAG(s) dict_keys(['example_params_ui_tutorial']) retrieved from /home/radtrz/.local/lib/python3.10/site-packages/airflow/example_dags/example_params_ui_tutorial.py
[2023-09-29T21:49:19.496+0200] {logging_mixin.py:151} INFO - [2023-09-29T21:49:19.496+0200] {dag.py:2915} INFO - Sync 1 DAGs
[2023-09-29T21:49:19.502+0200] {logging_mixin.py:151} INFO - [2023-09-29T21:49:19.502+0200] {dag.py:3696} INFO - Setting next_dagrun for example_params_ui_tutorial to None, run_after=None
[2023-09-29T21:49:19.513+0200] {processor.py:179} INFO - Processing /home/radtrz/.local/lib/python3.10/site-packages/airflow/example_dags/example_params_ui_tutorial.py took 0.068 seconds
[2023-09-29T21:50:00.541+0200] {processor.py:157} INFO - Started process (PID=19216) to work on /home/radtrz/.local/lib/python3.10/site-packages/airflow/example_dags/example_params_ui_tutorial.py
[2023-09-29T21:50:00.550+0200] {processor.py:829} INFO - Processing file /home/radtrz/.local/lib/python3.10/site-packages/airflow/example_dags/example_params_ui_tutorial.py for tasks to queue
[2023-09-29T21:50:00.550+0200] {logging_mixin.py:151} INFO - [2023-09-29T21:50:00.550+0200] {dagbag.py:539} INFO - Filling up the DagBag from /home/radtrz/.local/lib/python3.10/site-packages/airflow/example_dags/example_params_ui_tutorial.py
[2023-09-29T21:50:00.567+0200] {processor.py:839} INFO - DAG(s) dict_keys(['example_params_ui_tutorial']) retrieved from /home/radtrz/.local/lib/python3.10/site-packages/airflow/example_dags/example_params_ui_tutorial.py
[2023-09-29T21:50:00.596+0200] {logging_mixin.py:151} INFO - [2023-09-29T21:50:00.596+0200] {dag.py:2915} INFO - Sync 1 DAGs
[2023-09-29T21:50:00.604+0200] {logging_mixin.py:151} INFO - [2023-09-29T21:50:00.604+0200] {dag.py:3696} INFO - Setting next_dagrun for example_params_ui_tutorial to None, run_after=None
[2023-09-29T21:50:00.625+0200] {processor.py:179} INFO - Processing /home/radtrz/.local/lib/python3.10/site-packages/airflow/example_dags/example_params_ui_tutorial.py took 0.086 seconds
[2023-09-29T21:50:43.226+0200] {processor.py:157} INFO - Started process (PID=19284) to work on /home/radtrz/.local/lib/python3.10/site-packages/airflow/example_dags/example_params_ui_tutorial.py
[2023-09-29T21:50:43.234+0200] {processor.py:829} INFO - Processing file /home/radtrz/.local/lib/python3.10/site-packages/airflow/example_dags/example_params_ui_tutorial.py for tasks to queue
[2023-09-29T21:50:43.235+0200] {logging_mixin.py:151} INFO - [2023-09-29T21:50:43.235+0200] {dagbag.py:539} INFO - Filling up the DagBag from /home/radtrz/.local/lib/python3.10/site-packages/airflow/example_dags/example_params_ui_tutorial.py
[2023-09-29T21:50:43.251+0200] {processor.py:839} INFO - DAG(s) dict_keys(['example_params_ui_tutorial']) retrieved from /home/radtrz/.local/lib/python3.10/site-packages/airflow/example_dags/example_params_ui_tutorial.py
[2023-09-29T21:50:43.277+0200] {logging_mixin.py:151} INFO - [2023-09-29T21:50:43.277+0200] {dag.py:2915} INFO - Sync 1 DAGs
[2023-09-29T21:50:43.283+0200] {logging_mixin.py:151} INFO - [2023-09-29T21:50:43.283+0200] {dag.py:3696} INFO - Setting next_dagrun for example_params_ui_tutorial to None, run_after=None
[2023-09-29T21:50:43.309+0200] {processor.py:179} INFO - Processing /home/radtrz/.local/lib/python3.10/site-packages/airflow/example_dags/example_params_ui_tutorial.py took 0.084 seconds
[2023-09-29T21:51:26.609+0200] {processor.py:157} INFO - Started process (PID=19333) to work on /home/radtrz/.local/lib/python3.10/site-packages/airflow/example_dags/example_params_ui_tutorial.py
[2023-09-29T21:51:26.624+0200] {processor.py:829} INFO - Processing file /home/radtrz/.local/lib/python3.10/site-packages/airflow/example_dags/example_params_ui_tutorial.py for tasks to queue
[2023-09-29T21:51:26.624+0200] {logging_mixin.py:151} INFO - [2023-09-29T21:51:26.624+0200] {dagbag.py:539} INFO - Filling up the DagBag from /home/radtrz/.local/lib/python3.10/site-packages/airflow/example_dags/example_params_ui_tutorial.py
[2023-09-29T21:51:26.639+0200] {processor.py:839} INFO - DAG(s) dict_keys(['example_params_ui_tutorial']) retrieved from /home/radtrz/.local/lib/python3.10/site-packages/airflow/example_dags/example_params_ui_tutorial.py
[2023-09-29T21:51:26.664+0200] {logging_mixin.py:151} INFO - [2023-09-29T21:51:26.664+0200] {dag.py:2915} INFO - Sync 1 DAGs
[2023-09-29T21:51:26.669+0200] {logging_mixin.py:151} INFO - [2023-09-29T21:51:26.669+0200] {dag.py:3696} INFO - Setting next_dagrun for example_params_ui_tutorial to None, run_after=None
[2023-09-29T21:51:26.684+0200] {processor.py:179} INFO - Processing /home/radtrz/.local/lib/python3.10/site-packages/airflow/example_dags/example_params_ui_tutorial.py took 0.076 seconds
[2023-09-29T21:52:07.594+0200] {processor.py:157} INFO - Started process (PID=19397) to work on /home/radtrz/.local/lib/python3.10/site-packages/airflow/example_dags/example_params_ui_tutorial.py
[2023-09-29T21:52:07.603+0200] {processor.py:829} INFO - Processing file /home/radtrz/.local/lib/python3.10/site-packages/airflow/example_dags/example_params_ui_tutorial.py for tasks to queue
[2023-09-29T21:52:07.603+0200] {logging_mixin.py:151} INFO - [2023-09-29T21:52:07.603+0200] {dagbag.py:539} INFO - Filling up the DagBag from /home/radtrz/.local/lib/python3.10/site-packages/airflow/example_dags/example_params_ui_tutorial.py
[2023-09-29T21:52:07.620+0200] {processor.py:839} INFO - DAG(s) dict_keys(['example_params_ui_tutorial']) retrieved from /home/radtrz/.local/lib/python3.10/site-packages/airflow/example_dags/example_params_ui_tutorial.py
[2023-09-29T21:52:07.647+0200] {logging_mixin.py:151} INFO - [2023-09-29T21:52:07.647+0200] {dag.py:2915} INFO - Sync 1 DAGs
[2023-09-29T21:52:07.653+0200] {logging_mixin.py:151} INFO - [2023-09-29T21:52:07.653+0200] {dag.py:3696} INFO - Setting next_dagrun for example_params_ui_tutorial to None, run_after=None
[2023-09-29T21:52:07.682+0200] {processor.py:179} INFO - Processing /home/radtrz/.local/lib/python3.10/site-packages/airflow/example_dags/example_params_ui_tutorial.py took 0.090 seconds
[2023-09-29T21:52:50.426+0200] {processor.py:157} INFO - Started process (PID=19445) to work on /home/radtrz/.local/lib/python3.10/site-packages/airflow/example_dags/example_params_ui_tutorial.py
[2023-09-29T21:52:50.434+0200] {processor.py:829} INFO - Processing file /home/radtrz/.local/lib/python3.10/site-packages/airflow/example_dags/example_params_ui_tutorial.py for tasks to queue
[2023-09-29T21:52:50.435+0200] {logging_mixin.py:151} INFO - [2023-09-29T21:52:50.435+0200] {dagbag.py:539} INFO - Filling up the DagBag from /home/radtrz/.local/lib/python3.10/site-packages/airflow/example_dags/example_params_ui_tutorial.py
[2023-09-29T21:52:50.450+0200] {processor.py:839} INFO - DAG(s) dict_keys(['example_params_ui_tutorial']) retrieved from /home/radtrz/.local/lib/python3.10/site-packages/airflow/example_dags/example_params_ui_tutorial.py
[2023-09-29T21:52:50.474+0200] {logging_mixin.py:151} INFO - [2023-09-29T21:52:50.474+0200] {dag.py:2915} INFO - Sync 1 DAGs
[2023-09-29T21:52:50.480+0200] {logging_mixin.py:151} INFO - [2023-09-29T21:52:50.480+0200] {dag.py:3696} INFO - Setting next_dagrun for example_params_ui_tutorial to None, run_after=None
[2023-09-29T21:52:50.502+0200] {processor.py:179} INFO - Processing /home/radtrz/.local/lib/python3.10/site-packages/airflow/example_dags/example_params_ui_tutorial.py took 0.078 seconds
[2023-09-29T21:53:29.817+0200] {processor.py:157} INFO - Started process (PID=19500) to work on /home/radtrz/.local/lib/python3.10/site-packages/airflow/example_dags/example_params_ui_tutorial.py
[2023-09-29T21:53:29.826+0200] {processor.py:829} INFO - Processing file /home/radtrz/.local/lib/python3.10/site-packages/airflow/example_dags/example_params_ui_tutorial.py for tasks to queue
[2023-09-29T21:53:29.826+0200] {logging_mixin.py:151} INFO - [2023-09-29T21:53:29.826+0200] {dagbag.py:539} INFO - Filling up the DagBag from /home/radtrz/.local/lib/python3.10/site-packages/airflow/example_dags/example_params_ui_tutorial.py
[2023-09-29T21:53:29.842+0200] {processor.py:839} INFO - DAG(s) dict_keys(['example_params_ui_tutorial']) retrieved from /home/radtrz/.local/lib/python3.10/site-packages/airflow/example_dags/example_params_ui_tutorial.py
[2023-09-29T21:53:29.867+0200] {logging_mixin.py:151} INFO - [2023-09-29T21:53:29.867+0200] {dag.py:2915} INFO - Sync 1 DAGs
[2023-09-29T21:53:29.873+0200] {logging_mixin.py:151} INFO - [2023-09-29T21:53:29.873+0200] {dag.py:3696} INFO - Setting next_dagrun for example_params_ui_tutorial to None, run_after=None
[2023-09-29T21:53:29.884+0200] {processor.py:179} INFO - Processing /home/radtrz/.local/lib/python3.10/site-packages/airflow/example_dags/example_params_ui_tutorial.py took 0.068 seconds
[2023-09-29T21:54:32.957+0200] {processor.py:157} INFO - Started process (PID=19594) to work on /home/radtrz/.local/lib/python3.10/site-packages/airflow/example_dags/example_params_ui_tutorial.py
[2023-09-29T21:54:32.966+0200] {processor.py:829} INFO - Processing file /home/radtrz/.local/lib/python3.10/site-packages/airflow/example_dags/example_params_ui_tutorial.py for tasks to queue
[2023-09-29T21:54:32.966+0200] {logging_mixin.py:151} INFO - [2023-09-29T21:54:32.966+0200] {dagbag.py:539} INFO - Filling up the DagBag from /home/radtrz/.local/lib/python3.10/site-packages/airflow/example_dags/example_params_ui_tutorial.py
[2023-09-29T21:54:32.983+0200] {processor.py:839} INFO - DAG(s) dict_keys(['example_params_ui_tutorial']) retrieved from /home/radtrz/.local/lib/python3.10/site-packages/airflow/example_dags/example_params_ui_tutorial.py
[2023-09-29T21:54:33.010+0200] {logging_mixin.py:151} INFO - [2023-09-29T21:54:33.010+0200] {dag.py:2915} INFO - Sync 1 DAGs
[2023-09-29T21:54:33.016+0200] {logging_mixin.py:151} INFO - [2023-09-29T21:54:33.016+0200] {dag.py:3696} INFO - Setting next_dagrun for example_params_ui_tutorial to None, run_after=None
[2023-09-29T21:54:33.028+0200] {processor.py:179} INFO - Processing /home/radtrz/.local/lib/python3.10/site-packages/airflow/example_dags/example_params_ui_tutorial.py took 0.073 seconds
[2023-09-29T21:55:14.102+0200] {processor.py:157} INFO - Started process (PID=19746) to work on /home/radtrz/.local/lib/python3.10/site-packages/airflow/example_dags/example_params_ui_tutorial.py
[2023-09-29T21:55:14.110+0200] {processor.py:829} INFO - Processing file /home/radtrz/.local/lib/python3.10/site-packages/airflow/example_dags/example_params_ui_tutorial.py for tasks to queue
[2023-09-29T21:55:14.111+0200] {logging_mixin.py:151} INFO - [2023-09-29T21:55:14.111+0200] {dagbag.py:539} INFO - Filling up the DagBag from /home/radtrz/.local/lib/python3.10/site-packages/airflow/example_dags/example_params_ui_tutorial.py
[2023-09-29T21:55:14.126+0200] {processor.py:839} INFO - DAG(s) dict_keys(['example_params_ui_tutorial']) retrieved from /home/radtrz/.local/lib/python3.10/site-packages/airflow/example_dags/example_params_ui_tutorial.py
[2023-09-29T21:55:14.152+0200] {logging_mixin.py:151} INFO - [2023-09-29T21:55:14.151+0200] {dag.py:2915} INFO - Sync 1 DAGs
[2023-09-29T21:55:14.157+0200] {logging_mixin.py:151} INFO - [2023-09-29T21:55:14.157+0200] {dag.py:3696} INFO - Setting next_dagrun for example_params_ui_tutorial to None, run_after=None
[2023-09-29T21:55:14.168+0200] {processor.py:179} INFO - Processing /home/radtrz/.local/lib/python3.10/site-packages/airflow/example_dags/example_params_ui_tutorial.py took 0.067 seconds
