[2023-09-29T21:47:02.573+0200] {processor.py:157} INFO - Started process (PID=18714) to work on /home/radtrz/.local/lib/python3.10/site-packages/airflow/example_dags/example_branch_operator_decorator.py
[2023-09-29T21:47:02.574+0200] {processor.py:829} INFO - Processing file /home/radtrz/.local/lib/python3.10/site-packages/airflow/example_dags/example_branch_operator_decorator.py for tasks to queue
[2023-09-29T21:47:02.574+0200] {logging_mixin.py:151} INFO - [2023-09-29T21:47:02.574+0200] {dagbag.py:539} INFO - Filling up the DagBag from /home/radtrz/.local/lib/python3.10/site-packages/airflow/example_dags/example_branch_operator_decorator.py
[2023-09-29T21:47:02.580+0200] {processor.py:839} INFO - DAG(s) dict_keys(['example_branch_python_operator_decorator']) retrieved from /home/radtrz/.local/lib/python3.10/site-packages/airflow/example_dags/example_branch_operator_decorator.py
[2023-09-29T21:47:02.656+0200] {logging_mixin.py:151} INFO - [2023-09-29T21:47:02.655+0200] {manager.py:499} INFO - Created Permission View: %s
[2023-09-29T21:47:02.662+0200] {logging_mixin.py:151} INFO - [2023-09-29T21:47:02.662+0200] {manager.py:499} INFO - Created Permission View: %s
[2023-09-29T21:47:02.667+0200] {logging_mixin.py:151} INFO - [2023-09-29T21:47:02.667+0200] {manager.py:499} INFO - Created Permission View: %s
[2023-09-29T21:47:02.667+0200] {logging_mixin.py:151} INFO - [2023-09-29T21:47:02.667+0200] {security.py:708} INFO - Not syncing DAG-level permissions for DAG 'DAG:example_branch_python_operator_decorator' as access control is unset.
[2023-09-29T21:47:02.667+0200] {logging_mixin.py:151} INFO - [2023-09-29T21:47:02.667+0200] {dag.py:2915} INFO - Sync 1 DAGs
[2023-09-29T21:47:02.673+0200] {logging_mixin.py:151} INFO - [2023-09-29T21:47:02.672+0200] {dag.py:2937} INFO - Creating ORM DAG for example_branch_python_operator_decorator
[2023-09-29T21:47:02.678+0200] {logging_mixin.py:151} INFO - [2023-09-29T21:47:02.678+0200] {dag.py:3696} INFO - Setting next_dagrun for example_branch_python_operator_decorator to 2023-09-28T00:00:00+00:00, run_after=2023-09-29T00:00:00+00:00
[2023-09-29T21:47:02.689+0200] {processor.py:179} INFO - Processing /home/radtrz/.local/lib/python3.10/site-packages/airflow/example_dags/example_branch_operator_decorator.py took 0.118 seconds
[2023-09-29T21:47:49.661+0200] {processor.py:157} INFO - Started process (PID=18909) to work on /home/radtrz/.local/lib/python3.10/site-packages/airflow/example_dags/example_branch_operator_decorator.py
[2023-09-29T21:47:49.669+0200] {processor.py:829} INFO - Processing file /home/radtrz/.local/lib/python3.10/site-packages/airflow/example_dags/example_branch_operator_decorator.py for tasks to queue
[2023-09-29T21:47:49.670+0200] {logging_mixin.py:151} INFO - [2023-09-29T21:47:49.669+0200] {dagbag.py:539} INFO - Filling up the DagBag from /home/radtrz/.local/lib/python3.10/site-packages/airflow/example_dags/example_branch_operator_decorator.py
[2023-09-29T21:47:49.675+0200] {processor.py:839} INFO - DAG(s) dict_keys(['example_branch_python_operator_decorator']) retrieved from /home/radtrz/.local/lib/python3.10/site-packages/airflow/example_dags/example_branch_operator_decorator.py
[2023-09-29T21:47:49.684+0200] {logging_mixin.py:151} INFO - [2023-09-29T21:47:49.684+0200] {dag.py:2915} INFO - Sync 1 DAGs
[2023-09-29T21:47:49.694+0200] {logging_mixin.py:151} INFO - [2023-09-29T21:47:49.694+0200] {dag.py:3696} INFO - Setting next_dagrun for example_branch_python_operator_decorator to 2023-09-28T00:00:00+00:00, run_after=2023-09-29T00:00:00+00:00
[2023-09-29T21:47:49.712+0200] {processor.py:179} INFO - Processing /home/radtrz/.local/lib/python3.10/site-packages/airflow/example_dags/example_branch_operator_decorator.py took 0.053 seconds
[2023-09-29T21:48:33.767+0200] {processor.py:157} INFO - Started process (PID=19095) to work on /home/radtrz/.local/lib/python3.10/site-packages/airflow/example_dags/example_branch_operator_decorator.py
[2023-09-29T21:48:33.775+0200] {processor.py:829} INFO - Processing file /home/radtrz/.local/lib/python3.10/site-packages/airflow/example_dags/example_branch_operator_decorator.py for tasks to queue
[2023-09-29T21:48:33.776+0200] {logging_mixin.py:151} INFO - [2023-09-29T21:48:33.776+0200] {dagbag.py:539} INFO - Filling up the DagBag from /home/radtrz/.local/lib/python3.10/site-packages/airflow/example_dags/example_branch_operator_decorator.py
[2023-09-29T21:48:33.781+0200] {processor.py:839} INFO - DAG(s) dict_keys(['example_branch_python_operator_decorator']) retrieved from /home/radtrz/.local/lib/python3.10/site-packages/airflow/example_dags/example_branch_operator_decorator.py
[2023-09-29T21:48:33.790+0200] {logging_mixin.py:151} INFO - [2023-09-29T21:48:33.790+0200] {dag.py:2915} INFO - Sync 1 DAGs
[2023-09-29T21:48:33.800+0200] {logging_mixin.py:151} INFO - [2023-09-29T21:48:33.800+0200] {dag.py:3696} INFO - Setting next_dagrun for example_branch_python_operator_decorator to 2023-09-28T00:00:00+00:00, run_after=2023-09-29T00:00:00+00:00
[2023-09-29T21:48:33.811+0200] {processor.py:179} INFO - Processing /home/radtrz/.local/lib/python3.10/site-packages/airflow/example_dags/example_branch_operator_decorator.py took 0.046 seconds
[2023-09-29T21:49:17.169+0200] {processor.py:157} INFO - Started process (PID=19156) to work on /home/radtrz/.local/lib/python3.10/site-packages/airflow/example_dags/example_branch_operator_decorator.py
[2023-09-29T21:49:17.171+0200] {processor.py:829} INFO - Processing file /home/radtrz/.local/lib/python3.10/site-packages/airflow/example_dags/example_branch_operator_decorator.py for tasks to queue
[2023-09-29T21:49:17.172+0200] {logging_mixin.py:151} INFO - [2023-09-29T21:49:17.171+0200] {dagbag.py:539} INFO - Filling up the DagBag from /home/radtrz/.local/lib/python3.10/site-packages/airflow/example_dags/example_branch_operator_decorator.py
[2023-09-29T21:49:17.177+0200] {processor.py:839} INFO - DAG(s) dict_keys(['example_branch_python_operator_decorator']) retrieved from /home/radtrz/.local/lib/python3.10/site-packages/airflow/example_dags/example_branch_operator_decorator.py
[2023-09-29T21:49:17.186+0200] {logging_mixin.py:151} INFO - [2023-09-29T21:49:17.186+0200] {dag.py:2915} INFO - Sync 1 DAGs
[2023-09-29T21:49:17.196+0200] {logging_mixin.py:151} INFO - [2023-09-29T21:49:17.196+0200] {dag.py:3696} INFO - Setting next_dagrun for example_branch_python_operator_decorator to 2023-09-28T00:00:00+00:00, run_after=2023-09-29T00:00:00+00:00
[2023-09-29T21:49:17.229+0200] {processor.py:179} INFO - Processing /home/radtrz/.local/lib/python3.10/site-packages/airflow/example_dags/example_branch_operator_decorator.py took 0.062 seconds
[2023-09-29T21:50:32.946+0200] {processor.py:157} INFO - Started process (PID=19274) to work on /home/radtrz/.local/lib/python3.10/site-packages/airflow/example_dags/example_branch_operator_decorator.py
[2023-09-29T21:50:32.954+0200] {processor.py:829} INFO - Processing file /home/radtrz/.local/lib/python3.10/site-packages/airflow/example_dags/example_branch_operator_decorator.py for tasks to queue
[2023-09-29T21:50:32.955+0200] {logging_mixin.py:151} INFO - [2023-09-29T21:50:32.954+0200] {dagbag.py:539} INFO - Filling up the DagBag from /home/radtrz/.local/lib/python3.10/site-packages/airflow/example_dags/example_branch_operator_decorator.py
[2023-09-29T21:50:32.960+0200] {processor.py:839} INFO - DAG(s) dict_keys(['example_branch_python_operator_decorator']) retrieved from /home/radtrz/.local/lib/python3.10/site-packages/airflow/example_dags/example_branch_operator_decorator.py
[2023-09-29T21:50:32.969+0200] {logging_mixin.py:151} INFO - [2023-09-29T21:50:32.969+0200] {dag.py:2915} INFO - Sync 1 DAGs
[2023-09-29T21:50:32.979+0200] {logging_mixin.py:151} INFO - [2023-09-29T21:50:32.979+0200] {dag.py:3696} INFO - Setting next_dagrun for example_branch_python_operator_decorator to 2023-09-28T00:00:00+00:00, run_after=2023-09-29T00:00:00+00:00
[2023-09-29T21:50:32.990+0200] {processor.py:179} INFO - Processing /home/radtrz/.local/lib/python3.10/site-packages/airflow/example_dags/example_branch_operator_decorator.py took 0.045 seconds
[2023-09-29T21:51:16.909+0200] {processor.py:157} INFO - Started process (PID=19324) to work on /home/radtrz/.local/lib/python3.10/site-packages/airflow/example_dags/example_branch_operator_decorator.py
[2023-09-29T21:51:16.917+0200] {processor.py:829} INFO - Processing file /home/radtrz/.local/lib/python3.10/site-packages/airflow/example_dags/example_branch_operator_decorator.py for tasks to queue
[2023-09-29T21:51:16.918+0200] {logging_mixin.py:151} INFO - [2023-09-29T21:51:16.917+0200] {dagbag.py:539} INFO - Filling up the DagBag from /home/radtrz/.local/lib/python3.10/site-packages/airflow/example_dags/example_branch_operator_decorator.py
[2023-09-29T21:51:16.923+0200] {processor.py:839} INFO - DAG(s) dict_keys(['example_branch_python_operator_decorator']) retrieved from /home/radtrz/.local/lib/python3.10/site-packages/airflow/example_dags/example_branch_operator_decorator.py
[2023-09-29T21:51:16.932+0200] {logging_mixin.py:151} INFO - [2023-09-29T21:51:16.932+0200] {dag.py:2915} INFO - Sync 1 DAGs
[2023-09-29T21:51:16.942+0200] {logging_mixin.py:151} INFO - [2023-09-29T21:51:16.942+0200] {dag.py:3696} INFO - Setting next_dagrun for example_branch_python_operator_decorator to 2023-09-28T00:00:00+00:00, run_after=2023-09-29T00:00:00+00:00
[2023-09-29T21:51:16.952+0200] {processor.py:179} INFO - Processing /home/radtrz/.local/lib/python3.10/site-packages/airflow/example_dags/example_branch_operator_decorator.py took 0.045 seconds
[2023-09-29T21:51:59.207+0200] {processor.py:157} INFO - Started process (PID=19384) to work on /home/radtrz/.local/lib/python3.10/site-packages/airflow/example_dags/example_branch_operator_decorator.py
[2023-09-29T21:51:59.216+0200] {processor.py:829} INFO - Processing file /home/radtrz/.local/lib/python3.10/site-packages/airflow/example_dags/example_branch_operator_decorator.py for tasks to queue
[2023-09-29T21:51:59.216+0200] {logging_mixin.py:151} INFO - [2023-09-29T21:51:59.216+0200] {dagbag.py:539} INFO - Filling up the DagBag from /home/radtrz/.local/lib/python3.10/site-packages/airflow/example_dags/example_branch_operator_decorator.py
[2023-09-29T21:51:59.221+0200] {processor.py:839} INFO - DAG(s) dict_keys(['example_branch_python_operator_decorator']) retrieved from /home/radtrz/.local/lib/python3.10/site-packages/airflow/example_dags/example_branch_operator_decorator.py
[2023-09-29T21:51:59.230+0200] {logging_mixin.py:151} INFO - [2023-09-29T21:51:59.230+0200] {dag.py:2915} INFO - Sync 1 DAGs
[2023-09-29T21:51:59.241+0200] {logging_mixin.py:151} INFO - [2023-09-29T21:51:59.241+0200] {dag.py:3696} INFO - Setting next_dagrun for example_branch_python_operator_decorator to 2023-09-28T00:00:00+00:00, run_after=2023-09-29T00:00:00+00:00
[2023-09-29T21:51:59.251+0200] {processor.py:179} INFO - Processing /home/radtrz/.local/lib/python3.10/site-packages/airflow/example_dags/example_branch_operator_decorator.py took 0.046 seconds
[2023-09-29T21:52:45.430+0200] {processor.py:157} INFO - Started process (PID=19440) to work on /home/radtrz/.local/lib/python3.10/site-packages/airflow/example_dags/example_branch_operator_decorator.py
[2023-09-29T21:52:45.439+0200] {processor.py:829} INFO - Processing file /home/radtrz/.local/lib/python3.10/site-packages/airflow/example_dags/example_branch_operator_decorator.py for tasks to queue
[2023-09-29T21:52:45.439+0200] {logging_mixin.py:151} INFO - [2023-09-29T21:52:45.439+0200] {dagbag.py:539} INFO - Filling up the DagBag from /home/radtrz/.local/lib/python3.10/site-packages/airflow/example_dags/example_branch_operator_decorator.py
[2023-09-29T21:52:45.444+0200] {processor.py:839} INFO - DAG(s) dict_keys(['example_branch_python_operator_decorator']) retrieved from /home/radtrz/.local/lib/python3.10/site-packages/airflow/example_dags/example_branch_operator_decorator.py
[2023-09-29T21:52:45.454+0200] {logging_mixin.py:151} INFO - [2023-09-29T21:52:45.454+0200] {dag.py:2915} INFO - Sync 1 DAGs
[2023-09-29T21:52:45.464+0200] {logging_mixin.py:151} INFO - [2023-09-29T21:52:45.464+0200] {dag.py:3696} INFO - Setting next_dagrun for example_branch_python_operator_decorator to 2023-09-28T00:00:00+00:00, run_after=2023-09-29T00:00:00+00:00
[2023-09-29T21:52:45.483+0200] {processor.py:179} INFO - Processing /home/radtrz/.local/lib/python3.10/site-packages/airflow/example_dags/example_branch_operator_decorator.py took 0.054 seconds
[2023-09-29T21:53:38.816+0200] {processor.py:157} INFO - Started process (PID=19514) to work on /home/radtrz/.local/lib/python3.10/site-packages/airflow/example_dags/example_branch_operator_decorator.py
[2023-09-29T21:53:38.825+0200] {processor.py:829} INFO - Processing file /home/radtrz/.local/lib/python3.10/site-packages/airflow/example_dags/example_branch_operator_decorator.py for tasks to queue
[2023-09-29T21:53:38.825+0200] {logging_mixin.py:151} INFO - [2023-09-29T21:53:38.825+0200] {dagbag.py:539} INFO - Filling up the DagBag from /home/radtrz/.local/lib/python3.10/site-packages/airflow/example_dags/example_branch_operator_decorator.py
[2023-09-29T21:53:38.830+0200] {processor.py:839} INFO - DAG(s) dict_keys(['example_branch_python_operator_decorator']) retrieved from /home/radtrz/.local/lib/python3.10/site-packages/airflow/example_dags/example_branch_operator_decorator.py
[2023-09-29T21:53:38.839+0200] {logging_mixin.py:151} INFO - [2023-09-29T21:53:38.839+0200] {dag.py:2915} INFO - Sync 1 DAGs
[2023-09-29T21:53:38.850+0200] {logging_mixin.py:151} INFO - [2023-09-29T21:53:38.850+0200] {dag.py:3696} INFO - Setting next_dagrun for example_branch_python_operator_decorator to 2023-09-28T00:00:00+00:00, run_after=2023-09-29T00:00:00+00:00
[2023-09-29T21:53:38.860+0200] {processor.py:179} INFO - Processing /home/radtrz/.local/lib/python3.10/site-packages/airflow/example_dags/example_branch_operator_decorator.py took 0.046 seconds
[2023-09-29T21:54:56.524+0200] {processor.py:157} INFO - Started process (PID=19624) to work on /home/radtrz/.local/lib/python3.10/site-packages/airflow/example_dags/example_branch_operator_decorator.py
[2023-09-29T21:54:56.532+0200] {processor.py:829} INFO - Processing file /home/radtrz/.local/lib/python3.10/site-packages/airflow/example_dags/example_branch_operator_decorator.py for tasks to queue
[2023-09-29T21:54:56.533+0200] {logging_mixin.py:151} INFO - [2023-09-29T21:54:56.533+0200] {dagbag.py:539} INFO - Filling up the DagBag from /home/radtrz/.local/lib/python3.10/site-packages/airflow/example_dags/example_branch_operator_decorator.py
[2023-09-29T21:54:56.538+0200] {processor.py:839} INFO - DAG(s) dict_keys(['example_branch_python_operator_decorator']) retrieved from /home/radtrz/.local/lib/python3.10/site-packages/airflow/example_dags/example_branch_operator_decorator.py
[2023-09-29T21:54:56.547+0200] {logging_mixin.py:151} INFO - [2023-09-29T21:54:56.547+0200] {dag.py:2915} INFO - Sync 1 DAGs
[2023-09-29T21:54:56.558+0200] {logging_mixin.py:151} INFO - [2023-09-29T21:54:56.558+0200] {dag.py:3696} INFO - Setting next_dagrun for example_branch_python_operator_decorator to 2023-09-28T00:00:00+00:00, run_after=2023-09-29T00:00:00+00:00
[2023-09-29T21:54:56.582+0200] {processor.py:179} INFO - Processing /home/radtrz/.local/lib/python3.10/site-packages/airflow/example_dags/example_branch_operator_decorator.py took 0.061 seconds
