[2023-09-29T21:46:57.473+0200] {processor.py:157} INFO - Started process (PID=18705) to work on /home/radtrz/.local/lib/python3.10/site-packages/airflow/example_dags/example_branch_datetime_operator.py
[2023-09-29T21:46:57.474+0200] {processor.py:829} INFO - Processing file /home/radtrz/.local/lib/python3.10/site-packages/airflow/example_dags/example_branch_datetime_operator.py for tasks to queue
[2023-09-29T21:46:57.474+0200] {logging_mixin.py:151} INFO - [2023-09-29T21:46:57.474+0200] {dagbag.py:539} INFO - Filling up the DagBag from /home/radtrz/.local/lib/python3.10/site-packages/airflow/example_dags/example_branch_datetime_operator.py
[2023-09-29T21:46:57.479+0200] {processor.py:839} INFO - DAG(s) dict_keys(['example_branch_datetime_operator_3', 'example_branch_datetime_operator_2', 'example_branch_datetime_operator']) retrieved from /home/radtrz/.local/lib/python3.10/site-packages/airflow/example_dags/example_branch_datetime_operator.py
[2023-09-29T21:46:57.560+0200] {logging_mixin.py:151} INFO - [2023-09-29T21:46:57.560+0200] {manager.py:499} INFO - Created Permission View: %s
[2023-09-29T21:46:57.566+0200] {logging_mixin.py:151} INFO - [2023-09-29T21:46:57.566+0200] {manager.py:499} INFO - Created Permission View: %s
[2023-09-29T21:46:57.570+0200] {logging_mixin.py:151} INFO - [2023-09-29T21:46:57.570+0200] {manager.py:499} INFO - Created Permission View: %s
[2023-09-29T21:46:57.570+0200] {logging_mixin.py:151} INFO - [2023-09-29T21:46:57.570+0200] {security.py:708} INFO - Not syncing DAG-level permissions for DAG 'DAG:example_branch_datetime_operator_3' as access control is unset.
[2023-09-29T21:46:57.580+0200] {logging_mixin.py:151} INFO - [2023-09-29T21:46:57.580+0200] {manager.py:499} INFO - Created Permission View: %s
[2023-09-29T21:46:57.584+0200] {logging_mixin.py:151} INFO - [2023-09-29T21:46:57.584+0200] {manager.py:499} INFO - Created Permission View: %s
[2023-09-29T21:46:57.588+0200] {logging_mixin.py:151} INFO - [2023-09-29T21:46:57.588+0200] {manager.py:499} INFO - Created Permission View: %s
[2023-09-29T21:46:57.588+0200] {logging_mixin.py:151} INFO - [2023-09-29T21:46:57.588+0200] {security.py:708} INFO - Not syncing DAG-level permissions for DAG 'DAG:example_branch_datetime_operator_2' as access control is unset.
[2023-09-29T21:46:57.598+0200] {logging_mixin.py:151} INFO - [2023-09-29T21:46:57.598+0200] {manager.py:499} INFO - Created Permission View: %s
[2023-09-29T21:46:57.602+0200] {logging_mixin.py:151} INFO - [2023-09-29T21:46:57.602+0200] {manager.py:499} INFO - Created Permission View: %s
[2023-09-29T21:46:57.606+0200] {logging_mixin.py:151} INFO - [2023-09-29T21:46:57.606+0200] {manager.py:499} INFO - Created Permission View: %s
[2023-09-29T21:46:57.606+0200] {logging_mixin.py:151} INFO - [2023-09-29T21:46:57.606+0200] {security.py:708} INFO - Not syncing DAG-level permissions for DAG 'DAG:example_branch_datetime_operator' as access control is unset.
[2023-09-29T21:46:57.606+0200] {logging_mixin.py:151} INFO - [2023-09-29T21:46:57.606+0200] {dag.py:2915} INFO - Sync 3 DAGs
[2023-09-29T21:46:57.611+0200] {logging_mixin.py:151} INFO - [2023-09-29T21:46:57.611+0200] {dag.py:2937} INFO - Creating ORM DAG for example_branch_datetime_operator_3
[2023-09-29T21:46:57.612+0200] {logging_mixin.py:151} INFO - [2023-09-29T21:46:57.612+0200] {dag.py:2937} INFO - Creating ORM DAG for example_branch_datetime_operator_2
[2023-09-29T21:46:57.612+0200] {logging_mixin.py:151} INFO - [2023-09-29T21:46:57.612+0200] {dag.py:2937} INFO - Creating ORM DAG for example_branch_datetime_operator
[2023-09-29T21:46:57.617+0200] {logging_mixin.py:151} INFO - [2023-09-29T21:46:57.617+0200] {dag.py:3696} INFO - Setting next_dagrun for example_branch_datetime_operator to 2023-09-28T00:00:00+00:00, run_after=2023-09-29T00:00:00+00:00
[2023-09-29T21:46:57.618+0200] {logging_mixin.py:151} INFO - [2023-09-29T21:46:57.618+0200] {dag.py:3696} INFO - Setting next_dagrun for example_branch_datetime_operator_2 to 2023-09-28T00:00:00+00:00, run_after=2023-09-29T00:00:00+00:00
[2023-09-29T21:46:57.619+0200] {logging_mixin.py:151} INFO - [2023-09-29T21:46:57.619+0200] {dag.py:3696} INFO - Setting next_dagrun for example_branch_datetime_operator_3 to 2023-09-28T00:00:00+00:00, run_after=2023-09-29T00:00:00+00:00
[2023-09-29T21:46:57.630+0200] {processor.py:179} INFO - Processing /home/radtrz/.local/lib/python3.10/site-packages/airflow/example_dags/example_branch_datetime_operator.py took 0.159 seconds
[2023-09-29T21:47:44.521+0200] {processor.py:157} INFO - Started process (PID=18904) to work on /home/radtrz/.local/lib/python3.10/site-packages/airflow/example_dags/example_branch_datetime_operator.py
[2023-09-29T21:47:44.529+0200] {processor.py:829} INFO - Processing file /home/radtrz/.local/lib/python3.10/site-packages/airflow/example_dags/example_branch_datetime_operator.py for tasks to queue
[2023-09-29T21:47:44.530+0200] {logging_mixin.py:151} INFO - [2023-09-29T21:47:44.530+0200] {dagbag.py:539} INFO - Filling up the DagBag from /home/radtrz/.local/lib/python3.10/site-packages/airflow/example_dags/example_branch_datetime_operator.py
[2023-09-29T21:47:44.535+0200] {processor.py:839} INFO - DAG(s) dict_keys(['example_branch_datetime_operator', 'example_branch_datetime_operator_3', 'example_branch_datetime_operator_2']) retrieved from /home/radtrz/.local/lib/python3.10/site-packages/airflow/example_dags/example_branch_datetime_operator.py
[2023-09-29T21:47:44.545+0200] {logging_mixin.py:151} INFO - [2023-09-29T21:47:44.545+0200] {dag.py:2915} INFO - Sync 3 DAGs
[2023-09-29T21:47:44.555+0200] {logging_mixin.py:151} INFO - [2023-09-29T21:47:44.555+0200] {dag.py:3696} INFO - Setting next_dagrun for example_branch_datetime_operator to 2023-09-28T00:00:00+00:00, run_after=2023-09-29T00:00:00+00:00
[2023-09-29T21:47:44.558+0200] {logging_mixin.py:151} INFO - [2023-09-29T21:47:44.557+0200] {dag.py:3696} INFO - Setting next_dagrun for example_branch_datetime_operator_2 to 2023-09-28T00:00:00+00:00, run_after=2023-09-29T00:00:00+00:00
[2023-09-29T21:47:44.559+0200] {logging_mixin.py:151} INFO - [2023-09-29T21:47:44.559+0200] {dag.py:3696} INFO - Setting next_dagrun for example_branch_datetime_operator_3 to 2023-09-28T00:00:00+00:00, run_after=2023-09-29T00:00:00+00:00
[2023-09-29T21:47:44.568+0200] {processor.py:179} INFO - Processing /home/radtrz/.local/lib/python3.10/site-packages/airflow/example_dags/example_branch_datetime_operator.py took 0.049 seconds
[2023-09-29T21:48:29.095+0200] {processor.py:157} INFO - Started process (PID=19089) to work on /home/radtrz/.local/lib/python3.10/site-packages/airflow/example_dags/example_branch_datetime_operator.py
[2023-09-29T21:48:29.104+0200] {processor.py:829} INFO - Processing file /home/radtrz/.local/lib/python3.10/site-packages/airflow/example_dags/example_branch_datetime_operator.py for tasks to queue
[2023-09-29T21:48:29.104+0200] {logging_mixin.py:151} INFO - [2023-09-29T21:48:29.104+0200] {dagbag.py:539} INFO - Filling up the DagBag from /home/radtrz/.local/lib/python3.10/site-packages/airflow/example_dags/example_branch_datetime_operator.py
[2023-09-29T21:48:29.110+0200] {processor.py:839} INFO - DAG(s) dict_keys(['example_branch_datetime_operator_2', 'example_branch_datetime_operator_3', 'example_branch_datetime_operator']) retrieved from /home/radtrz/.local/lib/python3.10/site-packages/airflow/example_dags/example_branch_datetime_operator.py
[2023-09-29T21:48:29.122+0200] {logging_mixin.py:151} INFO - [2023-09-29T21:48:29.121+0200] {dag.py:2915} INFO - Sync 3 DAGs
[2023-09-29T21:48:29.133+0200] {logging_mixin.py:151} INFO - [2023-09-29T21:48:29.133+0200] {dag.py:3696} INFO - Setting next_dagrun for example_branch_datetime_operator to 2023-09-28T00:00:00+00:00, run_after=2023-09-29T00:00:00+00:00
[2023-09-29T21:48:29.136+0200] {logging_mixin.py:151} INFO - [2023-09-29T21:48:29.136+0200] {dag.py:3696} INFO - Setting next_dagrun for example_branch_datetime_operator_2 to 2023-09-28T00:00:00+00:00, run_after=2023-09-29T00:00:00+00:00
[2023-09-29T21:48:29.137+0200] {logging_mixin.py:151} INFO - [2023-09-29T21:48:29.137+0200] {dag.py:3696} INFO - Setting next_dagrun for example_branch_datetime_operator_3 to 2023-09-28T00:00:00+00:00, run_after=2023-09-29T00:00:00+00:00
[2023-09-29T21:48:29.160+0200] {processor.py:179} INFO - Processing /home/radtrz/.local/lib/python3.10/site-packages/airflow/example_dags/example_branch_datetime_operator.py took 0.067 seconds
[2023-09-29T21:49:12.026+0200] {processor.py:157} INFO - Started process (PID=19139) to work on /home/radtrz/.local/lib/python3.10/site-packages/airflow/example_dags/example_branch_datetime_operator.py
[2023-09-29T21:49:12.027+0200] {processor.py:829} INFO - Processing file /home/radtrz/.local/lib/python3.10/site-packages/airflow/example_dags/example_branch_datetime_operator.py for tasks to queue
[2023-09-29T21:49:12.027+0200] {logging_mixin.py:151} INFO - [2023-09-29T21:49:12.027+0200] {dagbag.py:539} INFO - Filling up the DagBag from /home/radtrz/.local/lib/python3.10/site-packages/airflow/example_dags/example_branch_datetime_operator.py
[2023-09-29T21:49:12.032+0200] {processor.py:839} INFO - DAG(s) dict_keys(['example_branch_datetime_operator_2', 'example_branch_datetime_operator', 'example_branch_datetime_operator_3']) retrieved from /home/radtrz/.local/lib/python3.10/site-packages/airflow/example_dags/example_branch_datetime_operator.py
[2023-09-29T21:49:12.043+0200] {logging_mixin.py:151} INFO - [2023-09-29T21:49:12.043+0200] {dag.py:2915} INFO - Sync 3 DAGs
[2023-09-29T21:49:12.053+0200] {logging_mixin.py:151} INFO - [2023-09-29T21:49:12.053+0200] {dag.py:3696} INFO - Setting next_dagrun for example_branch_datetime_operator to 2023-09-28T00:00:00+00:00, run_after=2023-09-29T00:00:00+00:00
[2023-09-29T21:49:12.055+0200] {logging_mixin.py:151} INFO - [2023-09-29T21:49:12.055+0200] {dag.py:3696} INFO - Setting next_dagrun for example_branch_datetime_operator_2 to 2023-09-28T00:00:00+00:00, run_after=2023-09-29T00:00:00+00:00
[2023-09-29T21:49:12.057+0200] {logging_mixin.py:151} INFO - [2023-09-29T21:49:12.057+0200] {dag.py:3696} INFO - Setting next_dagrun for example_branch_datetime_operator_3 to 2023-09-28T00:00:00+00:00, run_after=2023-09-29T00:00:00+00:00
[2023-09-29T21:49:12.080+0200] {processor.py:179} INFO - Processing /home/radtrz/.local/lib/python3.10/site-packages/airflow/example_dags/example_branch_datetime_operator.py took 0.055 seconds
[2023-09-29T21:50:27.805+0200] {processor.py:157} INFO - Started process (PID=19265) to work on /home/radtrz/.local/lib/python3.10/site-packages/airflow/example_dags/example_branch_datetime_operator.py
[2023-09-29T21:50:27.814+0200] {processor.py:829} INFO - Processing file /home/radtrz/.local/lib/python3.10/site-packages/airflow/example_dags/example_branch_datetime_operator.py for tasks to queue
[2023-09-29T21:50:27.814+0200] {logging_mixin.py:151} INFO - [2023-09-29T21:50:27.814+0200] {dagbag.py:539} INFO - Filling up the DagBag from /home/radtrz/.local/lib/python3.10/site-packages/airflow/example_dags/example_branch_datetime_operator.py
[2023-09-29T21:50:27.819+0200] {processor.py:839} INFO - DAG(s) dict_keys(['example_branch_datetime_operator_3', 'example_branch_datetime_operator_2', 'example_branch_datetime_operator']) retrieved from /home/radtrz/.local/lib/python3.10/site-packages/airflow/example_dags/example_branch_datetime_operator.py
[2023-09-29T21:50:27.830+0200] {logging_mixin.py:151} INFO - [2023-09-29T21:50:27.830+0200] {dag.py:2915} INFO - Sync 3 DAGs
[2023-09-29T21:50:27.841+0200] {logging_mixin.py:151} INFO - [2023-09-29T21:50:27.841+0200] {dag.py:3696} INFO - Setting next_dagrun for example_branch_datetime_operator to 2023-09-28T00:00:00+00:00, run_after=2023-09-29T00:00:00+00:00
[2023-09-29T21:50:27.843+0200] {logging_mixin.py:151} INFO - [2023-09-29T21:50:27.843+0200] {dag.py:3696} INFO - Setting next_dagrun for example_branch_datetime_operator_2 to 2023-09-28T00:00:00+00:00, run_after=2023-09-29T00:00:00+00:00
[2023-09-29T21:50:27.844+0200] {logging_mixin.py:151} INFO - [2023-09-29T21:50:27.844+0200] {dag.py:3696} INFO - Setting next_dagrun for example_branch_datetime_operator_3 to 2023-09-28T00:00:00+00:00, run_after=2023-09-29T00:00:00+00:00
[2023-09-29T21:50:27.861+0200] {processor.py:179} INFO - Processing /home/radtrz/.local/lib/python3.10/site-packages/airflow/example_dags/example_branch_datetime_operator.py took 0.058 seconds
[2023-09-29T21:51:12.641+0200] {processor.py:157} INFO - Started process (PID=19317) to work on /home/radtrz/.local/lib/python3.10/site-packages/airflow/example_dags/example_branch_datetime_operator.py
[2023-09-29T21:51:12.649+0200] {processor.py:829} INFO - Processing file /home/radtrz/.local/lib/python3.10/site-packages/airflow/example_dags/example_branch_datetime_operator.py for tasks to queue
[2023-09-29T21:51:12.650+0200] {logging_mixin.py:151} INFO - [2023-09-29T21:51:12.650+0200] {dagbag.py:539} INFO - Filling up the DagBag from /home/radtrz/.local/lib/python3.10/site-packages/airflow/example_dags/example_branch_datetime_operator.py
[2023-09-29T21:51:12.655+0200] {processor.py:839} INFO - DAG(s) dict_keys(['example_branch_datetime_operator_3', 'example_branch_datetime_operator_2', 'example_branch_datetime_operator']) retrieved from /home/radtrz/.local/lib/python3.10/site-packages/airflow/example_dags/example_branch_datetime_operator.py
[2023-09-29T21:51:12.665+0200] {logging_mixin.py:151} INFO - [2023-09-29T21:51:12.665+0200] {dag.py:2915} INFO - Sync 3 DAGs
[2023-09-29T21:51:12.676+0200] {logging_mixin.py:151} INFO - [2023-09-29T21:51:12.676+0200] {dag.py:3696} INFO - Setting next_dagrun for example_branch_datetime_operator to 2023-09-28T00:00:00+00:00, run_after=2023-09-29T00:00:00+00:00
[2023-09-29T21:51:12.678+0200] {logging_mixin.py:151} INFO - [2023-09-29T21:51:12.678+0200] {dag.py:3696} INFO - Setting next_dagrun for example_branch_datetime_operator_2 to 2023-09-28T00:00:00+00:00, run_after=2023-09-29T00:00:00+00:00
[2023-09-29T21:51:12.679+0200] {logging_mixin.py:151} INFO - [2023-09-29T21:51:12.679+0200] {dag.py:3696} INFO - Setting next_dagrun for example_branch_datetime_operator_3 to 2023-09-28T00:00:00+00:00, run_after=2023-09-29T00:00:00+00:00
[2023-09-29T21:51:12.689+0200] {processor.py:179} INFO - Processing /home/radtrz/.local/lib/python3.10/site-packages/airflow/example_dags/example_branch_datetime_operator.py took 0.049 seconds
[2023-09-29T21:51:55.966+0200] {processor.py:157} INFO - Started process (PID=19379) to work on /home/radtrz/.local/lib/python3.10/site-packages/airflow/example_dags/example_branch_datetime_operator.py
[2023-09-29T21:51:55.975+0200] {processor.py:829} INFO - Processing file /home/radtrz/.local/lib/python3.10/site-packages/airflow/example_dags/example_branch_datetime_operator.py for tasks to queue
[2023-09-29T21:51:55.975+0200] {logging_mixin.py:151} INFO - [2023-09-29T21:51:55.975+0200] {dagbag.py:539} INFO - Filling up the DagBag from /home/radtrz/.local/lib/python3.10/site-packages/airflow/example_dags/example_branch_datetime_operator.py
[2023-09-29T21:51:55.980+0200] {processor.py:839} INFO - DAG(s) dict_keys(['example_branch_datetime_operator', 'example_branch_datetime_operator_3', 'example_branch_datetime_operator_2']) retrieved from /home/radtrz/.local/lib/python3.10/site-packages/airflow/example_dags/example_branch_datetime_operator.py
[2023-09-29T21:51:55.992+0200] {logging_mixin.py:151} INFO - [2023-09-29T21:51:55.992+0200] {dag.py:2915} INFO - Sync 3 DAGs
[2023-09-29T21:51:56.002+0200] {logging_mixin.py:151} INFO - [2023-09-29T21:51:56.002+0200] {dag.py:3696} INFO - Setting next_dagrun for example_branch_datetime_operator to 2023-09-28T00:00:00+00:00, run_after=2023-09-29T00:00:00+00:00
[2023-09-29T21:51:56.005+0200] {logging_mixin.py:151} INFO - [2023-09-29T21:51:56.005+0200] {dag.py:3696} INFO - Setting next_dagrun for example_branch_datetime_operator_2 to 2023-09-28T00:00:00+00:00, run_after=2023-09-29T00:00:00+00:00
[2023-09-29T21:51:56.006+0200] {logging_mixin.py:151} INFO - [2023-09-29T21:51:56.006+0200] {dag.py:3696} INFO - Setting next_dagrun for example_branch_datetime_operator_3 to 2023-09-28T00:00:00+00:00, run_after=2023-09-29T00:00:00+00:00
[2023-09-29T21:51:56.016+0200] {processor.py:179} INFO - Processing /home/radtrz/.local/lib/python3.10/site-packages/airflow/example_dags/example_branch_datetime_operator.py took 0.052 seconds
[2023-09-29T21:52:40.288+0200] {processor.py:157} INFO - Started process (PID=19435) to work on /home/radtrz/.local/lib/python3.10/site-packages/airflow/example_dags/example_branch_datetime_operator.py
[2023-09-29T21:52:40.297+0200] {processor.py:829} INFO - Processing file /home/radtrz/.local/lib/python3.10/site-packages/airflow/example_dags/example_branch_datetime_operator.py for tasks to queue
[2023-09-29T21:52:40.297+0200] {logging_mixin.py:151} INFO - [2023-09-29T21:52:40.297+0200] {dagbag.py:539} INFO - Filling up the DagBag from /home/radtrz/.local/lib/python3.10/site-packages/airflow/example_dags/example_branch_datetime_operator.py
[2023-09-29T21:52:40.302+0200] {processor.py:839} INFO - DAG(s) dict_keys(['example_branch_datetime_operator_3', 'example_branch_datetime_operator', 'example_branch_datetime_operator_2']) retrieved from /home/radtrz/.local/lib/python3.10/site-packages/airflow/example_dags/example_branch_datetime_operator.py
[2023-09-29T21:52:40.313+0200] {logging_mixin.py:151} INFO - [2023-09-29T21:52:40.313+0200] {dag.py:2915} INFO - Sync 3 DAGs
[2023-09-29T21:52:40.324+0200] {logging_mixin.py:151} INFO - [2023-09-29T21:52:40.323+0200] {dag.py:3696} INFO - Setting next_dagrun for example_branch_datetime_operator to 2023-09-28T00:00:00+00:00, run_after=2023-09-29T00:00:00+00:00
[2023-09-29T21:52:40.326+0200] {logging_mixin.py:151} INFO - [2023-09-29T21:52:40.326+0200] {dag.py:3696} INFO - Setting next_dagrun for example_branch_datetime_operator_2 to 2023-09-28T00:00:00+00:00, run_after=2023-09-29T00:00:00+00:00
[2023-09-29T21:52:40.327+0200] {logging_mixin.py:151} INFO - [2023-09-29T21:52:40.327+0200] {dag.py:3696} INFO - Setting next_dagrun for example_branch_datetime_operator_3 to 2023-09-28T00:00:00+00:00, run_after=2023-09-29T00:00:00+00:00
[2023-09-29T21:52:40.336+0200] {processor.py:179} INFO - Processing /home/radtrz/.local/lib/python3.10/site-packages/airflow/example_dags/example_branch_datetime_operator.py took 0.049 seconds
[2023-09-29T21:53:22.570+0200] {processor.py:157} INFO - Started process (PID=19492) to work on /home/radtrz/.local/lib/python3.10/site-packages/airflow/example_dags/example_branch_datetime_operator.py
[2023-09-29T21:53:22.579+0200] {processor.py:829} INFO - Processing file /home/radtrz/.local/lib/python3.10/site-packages/airflow/example_dags/example_branch_datetime_operator.py for tasks to queue
[2023-09-29T21:53:22.579+0200] {logging_mixin.py:151} INFO - [2023-09-29T21:53:22.579+0200] {dagbag.py:539} INFO - Filling up the DagBag from /home/radtrz/.local/lib/python3.10/site-packages/airflow/example_dags/example_branch_datetime_operator.py
[2023-09-29T21:53:22.584+0200] {processor.py:839} INFO - DAG(s) dict_keys(['example_branch_datetime_operator_3', 'example_branch_datetime_operator', 'example_branch_datetime_operator_2']) retrieved from /home/radtrz/.local/lib/python3.10/site-packages/airflow/example_dags/example_branch_datetime_operator.py
[2023-09-29T21:53:22.595+0200] {logging_mixin.py:151} INFO - [2023-09-29T21:53:22.595+0200] {dag.py:2915} INFO - Sync 3 DAGs
[2023-09-29T21:53:22.605+0200] {logging_mixin.py:151} INFO - [2023-09-29T21:53:22.605+0200] {dag.py:3696} INFO - Setting next_dagrun for example_branch_datetime_operator to 2023-09-28T00:00:00+00:00, run_after=2023-09-29T00:00:00+00:00
[2023-09-29T21:53:22.608+0200] {logging_mixin.py:151} INFO - [2023-09-29T21:53:22.608+0200] {dag.py:3696} INFO - Setting next_dagrun for example_branch_datetime_operator_2 to 2023-09-28T00:00:00+00:00, run_after=2023-09-29T00:00:00+00:00
[2023-09-29T21:53:22.609+0200] {logging_mixin.py:151} INFO - [2023-09-29T21:53:22.609+0200] {dag.py:3696} INFO - Setting next_dagrun for example_branch_datetime_operator_3 to 2023-09-28T00:00:00+00:00, run_after=2023-09-29T00:00:00+00:00
[2023-09-29T21:53:22.618+0200] {processor.py:179} INFO - Processing /home/radtrz/.local/lib/python3.10/site-packages/airflow/example_dags/example_branch_datetime_operator.py took 0.050 seconds
[2023-09-29T21:54:07.058+0200] {processor.py:157} INFO - Started process (PID=19550) to work on /home/radtrz/.local/lib/python3.10/site-packages/airflow/example_dags/example_branch_datetime_operator.py
[2023-09-29T21:54:07.066+0200] {processor.py:829} INFO - Processing file /home/radtrz/.local/lib/python3.10/site-packages/airflow/example_dags/example_branch_datetime_operator.py for tasks to queue
[2023-09-29T21:54:07.067+0200] {logging_mixin.py:151} INFO - [2023-09-29T21:54:07.067+0200] {dagbag.py:539} INFO - Filling up the DagBag from /home/radtrz/.local/lib/python3.10/site-packages/airflow/example_dags/example_branch_datetime_operator.py
[2023-09-29T21:54:07.072+0200] {processor.py:839} INFO - DAG(s) dict_keys(['example_branch_datetime_operator_2', 'example_branch_datetime_operator_3', 'example_branch_datetime_operator']) retrieved from /home/radtrz/.local/lib/python3.10/site-packages/airflow/example_dags/example_branch_datetime_operator.py
[2023-09-29T21:54:07.083+0200] {logging_mixin.py:151} INFO - [2023-09-29T21:54:07.083+0200] {dag.py:2915} INFO - Sync 3 DAGs
[2023-09-29T21:54:07.095+0200] {logging_mixin.py:151} INFO - [2023-09-29T21:54:07.095+0200] {dag.py:3696} INFO - Setting next_dagrun for example_branch_datetime_operator to 2023-09-28T00:00:00+00:00, run_after=2023-09-29T00:00:00+00:00
[2023-09-29T21:54:07.097+0200] {logging_mixin.py:151} INFO - [2023-09-29T21:54:07.097+0200] {dag.py:3696} INFO - Setting next_dagrun for example_branch_datetime_operator_2 to 2023-09-28T00:00:00+00:00, run_after=2023-09-29T00:00:00+00:00
[2023-09-29T21:54:07.099+0200] {logging_mixin.py:151} INFO - [2023-09-29T21:54:07.098+0200] {dag.py:3696} INFO - Setting next_dagrun for example_branch_datetime_operator_3 to 2023-09-28T00:00:00+00:00, run_after=2023-09-29T00:00:00+00:00
[2023-09-29T21:54:07.127+0200] {processor.py:179} INFO - Processing /home/radtrz/.local/lib/python3.10/site-packages/airflow/example_dags/example_branch_datetime_operator.py took 0.070 seconds
[2023-09-29T21:55:07.215+0200] {processor.py:157} INFO - Started process (PID=19738) to work on /home/radtrz/.local/lib/python3.10/site-packages/airflow/example_dags/example_branch_datetime_operator.py
[2023-09-29T21:55:07.223+0200] {processor.py:829} INFO - Processing file /home/radtrz/.local/lib/python3.10/site-packages/airflow/example_dags/example_branch_datetime_operator.py for tasks to queue
[2023-09-29T21:55:07.224+0200] {logging_mixin.py:151} INFO - [2023-09-29T21:55:07.223+0200] {dagbag.py:539} INFO - Filling up the DagBag from /home/radtrz/.local/lib/python3.10/site-packages/airflow/example_dags/example_branch_datetime_operator.py
[2023-09-29T21:55:07.229+0200] {processor.py:839} INFO - DAG(s) dict_keys(['example_branch_datetime_operator_3', 'example_branch_datetime_operator_2', 'example_branch_datetime_operator']) retrieved from /home/radtrz/.local/lib/python3.10/site-packages/airflow/example_dags/example_branch_datetime_operator.py
[2023-09-29T21:55:07.241+0200] {logging_mixin.py:151} INFO - [2023-09-29T21:55:07.241+0200] {dag.py:2915} INFO - Sync 3 DAGs
[2023-09-29T21:55:07.252+0200] {logging_mixin.py:151} INFO - [2023-09-29T21:55:07.252+0200] {dag.py:3696} INFO - Setting next_dagrun for example_branch_datetime_operator to 2023-09-28T00:00:00+00:00, run_after=2023-09-29T00:00:00+00:00
[2023-09-29T21:55:07.255+0200] {logging_mixin.py:151} INFO - [2023-09-29T21:55:07.255+0200] {dag.py:3696} INFO - Setting next_dagrun for example_branch_datetime_operator_2 to 2023-09-28T00:00:00+00:00, run_after=2023-09-29T00:00:00+00:00
[2023-09-29T21:55:07.256+0200] {logging_mixin.py:151} INFO - [2023-09-29T21:55:07.256+0200] {dag.py:3696} INFO - Setting next_dagrun for example_branch_datetime_operator_3 to 2023-09-28T00:00:00+00:00, run_after=2023-09-29T00:00:00+00:00
[2023-09-29T21:55:07.267+0200] {processor.py:179} INFO - Processing /home/radtrz/.local/lib/python3.10/site-packages/airflow/example_dags/example_branch_datetime_operator.py took 0.053 seconds
