[2023-09-29T21:46:33.385+0200] {processor.py:157} INFO - Started process (PID=18682) to work on /home/radtrz/.local/lib/python3.10/site-packages/airflow/example_dags/example_short_circuit_operator.py
[2023-09-29T21:46:33.386+0200] {processor.py:829} INFO - Processing file /home/radtrz/.local/lib/python3.10/site-packages/airflow/example_dags/example_short_circuit_operator.py for tasks to queue
[2023-09-29T21:46:33.386+0200] {logging_mixin.py:151} INFO - [2023-09-29T21:46:33.386+0200] {dagbag.py:539} INFO - Filling up the DagBag from /home/radtrz/.local/lib/python3.10/site-packages/airflow/example_dags/example_short_circuit_operator.py
[2023-09-29T21:46:33.391+0200] {processor.py:839} INFO - DAG(s) dict_keys(['example_short_circuit_operator']) retrieved from /home/radtrz/.local/lib/python3.10/site-packages/airflow/example_dags/example_short_circuit_operator.py
[2023-09-29T21:46:33.462+0200] {logging_mixin.py:151} INFO - [2023-09-29T21:46:33.462+0200] {manager.py:499} INFO - Created Permission View: %s
[2023-09-29T21:46:33.467+0200] {logging_mixin.py:151} INFO - [2023-09-29T21:46:33.467+0200] {manager.py:499} INFO - Created Permission View: %s
[2023-09-29T21:46:33.472+0200] {logging_mixin.py:151} INFO - [2023-09-29T21:46:33.472+0200] {manager.py:499} INFO - Created Permission View: %s
[2023-09-29T21:46:33.472+0200] {logging_mixin.py:151} INFO - [2023-09-29T21:46:33.472+0200] {security.py:708} INFO - Not syncing DAG-level permissions for DAG 'DAG:example_short_circuit_operator' as access control is unset.
[2023-09-29T21:46:33.472+0200] {logging_mixin.py:151} INFO - [2023-09-29T21:46:33.472+0200] {dag.py:2915} INFO - Sync 1 DAGs
[2023-09-29T21:46:33.477+0200] {logging_mixin.py:151} INFO - [2023-09-29T21:46:33.477+0200] {dag.py:2937} INFO - Creating ORM DAG for example_short_circuit_operator
[2023-09-29T21:46:33.481+0200] {logging_mixin.py:151} INFO - [2023-09-29T21:46:33.481+0200] {dag.py:3696} INFO - Setting next_dagrun for example_short_circuit_operator to 2023-09-28T19:46:33.481144+00:00, run_after=2023-09-29T19:46:33.481144+00:00
[2023-09-29T21:46:33.491+0200] {processor.py:179} INFO - Processing /home/radtrz/.local/lib/python3.10/site-packages/airflow/example_dags/example_short_circuit_operator.py took 0.107 seconds
[2023-09-29T21:47:21.146+0200] {processor.py:157} INFO - Started process (PID=18735) to work on /home/radtrz/.local/lib/python3.10/site-packages/airflow/example_dags/example_short_circuit_operator.py
[2023-09-29T21:47:21.155+0200] {processor.py:829} INFO - Processing file /home/radtrz/.local/lib/python3.10/site-packages/airflow/example_dags/example_short_circuit_operator.py for tasks to queue
[2023-09-29T21:47:21.155+0200] {logging_mixin.py:151} INFO - [2023-09-29T21:47:21.155+0200] {dagbag.py:539} INFO - Filling up the DagBag from /home/radtrz/.local/lib/python3.10/site-packages/airflow/example_dags/example_short_circuit_operator.py
[2023-09-29T21:47:21.159+0200] {processor.py:839} INFO - DAG(s) dict_keys(['example_short_circuit_operator']) retrieved from /home/radtrz/.local/lib/python3.10/site-packages/airflow/example_dags/example_short_circuit_operator.py
[2023-09-29T21:47:21.169+0200] {logging_mixin.py:151} INFO - [2023-09-29T21:47:21.169+0200] {dag.py:2915} INFO - Sync 1 DAGs
[2023-09-29T21:47:21.178+0200] {logging_mixin.py:151} INFO - [2023-09-29T21:47:21.178+0200] {dag.py:3696} INFO - Setting next_dagrun for example_short_circuit_operator to 2023-09-28T19:47:21.178684+00:00, run_after=2023-09-29T19:47:21.178684+00:00
[2023-09-29T21:47:21.197+0200] {processor.py:179} INFO - Processing /home/radtrz/.local/lib/python3.10/site-packages/airflow/example_dags/example_short_circuit_operator.py took 0.052 seconds
[2023-09-29T21:48:04.495+0200] {processor.py:157} INFO - Started process (PID=18930) to work on /home/radtrz/.local/lib/python3.10/site-packages/airflow/example_dags/example_short_circuit_operator.py
[2023-09-29T21:48:04.503+0200] {processor.py:829} INFO - Processing file /home/radtrz/.local/lib/python3.10/site-packages/airflow/example_dags/example_short_circuit_operator.py for tasks to queue
[2023-09-29T21:48:04.504+0200] {logging_mixin.py:151} INFO - [2023-09-29T21:48:04.503+0200] {dagbag.py:539} INFO - Filling up the DagBag from /home/radtrz/.local/lib/python3.10/site-packages/airflow/example_dags/example_short_circuit_operator.py
[2023-09-29T21:48:04.508+0200] {processor.py:839} INFO - DAG(s) dict_keys(['example_short_circuit_operator']) retrieved from /home/radtrz/.local/lib/python3.10/site-packages/airflow/example_dags/example_short_circuit_operator.py
[2023-09-29T21:48:04.517+0200] {logging_mixin.py:151} INFO - [2023-09-29T21:48:04.517+0200] {dag.py:2915} INFO - Sync 1 DAGs
[2023-09-29T21:48:04.527+0200] {logging_mixin.py:151} INFO - [2023-09-29T21:48:04.527+0200] {dag.py:3696} INFO - Setting next_dagrun for example_short_circuit_operator to 2023-09-28T19:48:04.527157+00:00, run_after=2023-09-29T19:48:04.527157+00:00
[2023-09-29T21:48:04.538+0200] {processor.py:179} INFO - Processing /home/radtrz/.local/lib/python3.10/site-packages/airflow/example_dags/example_short_circuit_operator.py took 0.045 seconds
[2023-09-29T21:48:45.038+0200] {processor.py:157} INFO - Started process (PID=19107) to work on /home/radtrz/.local/lib/python3.10/site-packages/airflow/example_dags/example_short_circuit_operator.py
[2023-09-29T21:48:45.047+0200] {processor.py:829} INFO - Processing file /home/radtrz/.local/lib/python3.10/site-packages/airflow/example_dags/example_short_circuit_operator.py for tasks to queue
[2023-09-29T21:48:45.047+0200] {logging_mixin.py:151} INFO - [2023-09-29T21:48:45.047+0200] {dagbag.py:539} INFO - Filling up the DagBag from /home/radtrz/.local/lib/python3.10/site-packages/airflow/example_dags/example_short_circuit_operator.py
[2023-09-29T21:48:45.051+0200] {processor.py:839} INFO - DAG(s) dict_keys(['example_short_circuit_operator']) retrieved from /home/radtrz/.local/lib/python3.10/site-packages/airflow/example_dags/example_short_circuit_operator.py
[2023-09-29T21:48:45.060+0200] {logging_mixin.py:151} INFO - [2023-09-29T21:48:45.060+0200] {dag.py:2915} INFO - Sync 1 DAGs
[2023-09-29T21:48:45.070+0200] {logging_mixin.py:151} INFO - [2023-09-29T21:48:45.070+0200] {dag.py:3696} INFO - Setting next_dagrun for example_short_circuit_operator to 2023-09-28T19:48:45.070271+00:00, run_after=2023-09-29T19:48:45.070271+00:00
[2023-09-29T21:48:45.081+0200] {processor.py:179} INFO - Processing /home/radtrz/.local/lib/python3.10/site-packages/airflow/example_dags/example_short_circuit_operator.py took 0.044 seconds
[2023-09-29T21:49:26.817+0200] {processor.py:157} INFO - Started process (PID=19182) to work on /home/radtrz/.local/lib/python3.10/site-packages/airflow/example_dags/example_short_circuit_operator.py
[2023-09-29T21:49:26.826+0200] {processor.py:829} INFO - Processing file /home/radtrz/.local/lib/python3.10/site-packages/airflow/example_dags/example_short_circuit_operator.py for tasks to queue
[2023-09-29T21:49:26.826+0200] {logging_mixin.py:151} INFO - [2023-09-29T21:49:26.826+0200] {dagbag.py:539} INFO - Filling up the DagBag from /home/radtrz/.local/lib/python3.10/site-packages/airflow/example_dags/example_short_circuit_operator.py
[2023-09-29T21:49:26.830+0200] {processor.py:839} INFO - DAG(s) dict_keys(['example_short_circuit_operator']) retrieved from /home/radtrz/.local/lib/python3.10/site-packages/airflow/example_dags/example_short_circuit_operator.py
[2023-09-29T21:49:26.840+0200] {logging_mixin.py:151} INFO - [2023-09-29T21:49:26.840+0200] {dag.py:2915} INFO - Sync 1 DAGs
[2023-09-29T21:49:26.849+0200] {logging_mixin.py:151} INFO - [2023-09-29T21:49:26.849+0200] {dag.py:3696} INFO - Setting next_dagrun for example_short_circuit_operator to 2023-09-28T19:49:26.849475+00:00, run_after=2023-09-29T19:49:26.849475+00:00
[2023-09-29T21:49:26.881+0200] {processor.py:179} INFO - Processing /home/radtrz/.local/lib/python3.10/site-packages/airflow/example_dags/example_short_circuit_operator.py took 0.065 seconds
[2023-09-29T21:50:07.241+0200] {processor.py:157} INFO - Started process (PID=19236) to work on /home/radtrz/.local/lib/python3.10/site-packages/airflow/example_dags/example_short_circuit_operator.py
[2023-09-29T21:50:07.249+0200] {processor.py:829} INFO - Processing file /home/radtrz/.local/lib/python3.10/site-packages/airflow/example_dags/example_short_circuit_operator.py for tasks to queue
[2023-09-29T21:50:07.250+0200] {logging_mixin.py:151} INFO - [2023-09-29T21:50:07.249+0200] {dagbag.py:539} INFO - Filling up the DagBag from /home/radtrz/.local/lib/python3.10/site-packages/airflow/example_dags/example_short_circuit_operator.py
[2023-09-29T21:50:07.255+0200] {processor.py:839} INFO - DAG(s) dict_keys(['example_short_circuit_operator']) retrieved from /home/radtrz/.local/lib/python3.10/site-packages/airflow/example_dags/example_short_circuit_operator.py
[2023-09-29T21:50:07.267+0200] {logging_mixin.py:151} INFO - [2023-09-29T21:50:07.267+0200] {dag.py:2915} INFO - Sync 1 DAGs
[2023-09-29T21:50:07.277+0200] {logging_mixin.py:151} INFO - [2023-09-29T21:50:07.277+0200] {dag.py:3696} INFO - Setting next_dagrun for example_short_circuit_operator to 2023-09-28T19:50:07.276903+00:00, run_after=2023-09-29T19:50:07.276903+00:00
[2023-09-29T21:50:07.288+0200] {processor.py:179} INFO - Processing /home/radtrz/.local/lib/python3.10/site-packages/airflow/example_dags/example_short_circuit_operator.py took 0.048 seconds
[2023-09-29T21:50:51.770+0200] {processor.py:157} INFO - Started process (PID=19292) to work on /home/radtrz/.local/lib/python3.10/site-packages/airflow/example_dags/example_short_circuit_operator.py
[2023-09-29T21:50:51.770+0200] {processor.py:829} INFO - Processing file /home/radtrz/.local/lib/python3.10/site-packages/airflow/example_dags/example_short_circuit_operator.py for tasks to queue
[2023-09-29T21:50:51.771+0200] {logging_mixin.py:151} INFO - [2023-09-29T21:50:51.771+0200] {dagbag.py:539} INFO - Filling up the DagBag from /home/radtrz/.local/lib/python3.10/site-packages/airflow/example_dags/example_short_circuit_operator.py
[2023-09-29T21:50:51.775+0200] {processor.py:839} INFO - DAG(s) dict_keys(['example_short_circuit_operator']) retrieved from /home/radtrz/.local/lib/python3.10/site-packages/airflow/example_dags/example_short_circuit_operator.py
[2023-09-29T21:50:51.784+0200] {logging_mixin.py:151} INFO - [2023-09-29T21:50:51.784+0200] {dag.py:2915} INFO - Sync 1 DAGs
[2023-09-29T21:50:51.795+0200] {logging_mixin.py:151} INFO - [2023-09-29T21:50:51.795+0200] {dag.py:3696} INFO - Setting next_dagrun for example_short_circuit_operator to 2023-09-28T19:50:51.795048+00:00, run_after=2023-09-29T19:50:51.795048+00:00
[2023-09-29T21:50:51.809+0200] {processor.py:179} INFO - Processing /home/radtrz/.local/lib/python3.10/site-packages/airflow/example_dags/example_short_circuit_operator.py took 0.041 seconds
[2023-09-29T21:51:33.481+0200] {processor.py:157} INFO - Started process (PID=19344) to work on /home/radtrz/.local/lib/python3.10/site-packages/airflow/example_dags/example_short_circuit_operator.py
[2023-09-29T21:51:33.490+0200] {processor.py:829} INFO - Processing file /home/radtrz/.local/lib/python3.10/site-packages/airflow/example_dags/example_short_circuit_operator.py for tasks to queue
[2023-09-29T21:51:33.490+0200] {logging_mixin.py:151} INFO - [2023-09-29T21:51:33.490+0200] {dagbag.py:539} INFO - Filling up the DagBag from /home/radtrz/.local/lib/python3.10/site-packages/airflow/example_dags/example_short_circuit_operator.py
[2023-09-29T21:51:33.495+0200] {processor.py:839} INFO - DAG(s) dict_keys(['example_short_circuit_operator']) retrieved from /home/radtrz/.local/lib/python3.10/site-packages/airflow/example_dags/example_short_circuit_operator.py
[2023-09-29T21:51:33.504+0200] {logging_mixin.py:151} INFO - [2023-09-29T21:51:33.504+0200] {dag.py:2915} INFO - Sync 1 DAGs
[2023-09-29T21:51:33.515+0200] {logging_mixin.py:151} INFO - [2023-09-29T21:51:33.515+0200] {dag.py:3696} INFO - Setting next_dagrun for example_short_circuit_operator to 2023-09-28T19:51:33.515441+00:00, run_after=2023-09-29T19:51:33.515441+00:00
[2023-09-29T21:51:33.532+0200] {processor.py:179} INFO - Processing /home/radtrz/.local/lib/python3.10/site-packages/airflow/example_dags/example_short_circuit_operator.py took 0.052 seconds
[2023-09-29T21:52:14.634+0200] {processor.py:157} INFO - Started process (PID=19405) to work on /home/radtrz/.local/lib/python3.10/site-packages/airflow/example_dags/example_short_circuit_operator.py
[2023-09-29T21:52:14.642+0200] {processor.py:829} INFO - Processing file /home/radtrz/.local/lib/python3.10/site-packages/airflow/example_dags/example_short_circuit_operator.py for tasks to queue
[2023-09-29T21:52:14.643+0200] {logging_mixin.py:151} INFO - [2023-09-29T21:52:14.643+0200] {dagbag.py:539} INFO - Filling up the DagBag from /home/radtrz/.local/lib/python3.10/site-packages/airflow/example_dags/example_short_circuit_operator.py
[2023-09-29T21:52:14.647+0200] {processor.py:839} INFO - DAG(s) dict_keys(['example_short_circuit_operator']) retrieved from /home/radtrz/.local/lib/python3.10/site-packages/airflow/example_dags/example_short_circuit_operator.py
[2023-09-29T21:52:14.657+0200] {logging_mixin.py:151} INFO - [2023-09-29T21:52:14.657+0200] {dag.py:2915} INFO - Sync 1 DAGs
[2023-09-29T21:52:14.667+0200] {logging_mixin.py:151} INFO - [2023-09-29T21:52:14.667+0200] {dag.py:3696} INFO - Setting next_dagrun for example_short_circuit_operator to 2023-09-28T19:52:14.667133+00:00, run_after=2023-09-29T19:52:14.667133+00:00
[2023-09-29T21:52:14.678+0200] {processor.py:179} INFO - Processing /home/radtrz/.local/lib/python3.10/site-packages/airflow/example_dags/example_short_circuit_operator.py took 0.045 seconds
[2023-09-29T21:52:57.390+0200] {processor.py:157} INFO - Started process (PID=19454) to work on /home/radtrz/.local/lib/python3.10/site-packages/airflow/example_dags/example_short_circuit_operator.py
[2023-09-29T21:52:57.398+0200] {processor.py:829} INFO - Processing file /home/radtrz/.local/lib/python3.10/site-packages/airflow/example_dags/example_short_circuit_operator.py for tasks to queue
[2023-09-29T21:52:57.399+0200] {logging_mixin.py:151} INFO - [2023-09-29T21:52:57.399+0200] {dagbag.py:539} INFO - Filling up the DagBag from /home/radtrz/.local/lib/python3.10/site-packages/airflow/example_dags/example_short_circuit_operator.py
[2023-09-29T21:52:57.403+0200] {processor.py:839} INFO - DAG(s) dict_keys(['example_short_circuit_operator']) retrieved from /home/radtrz/.local/lib/python3.10/site-packages/airflow/example_dags/example_short_circuit_operator.py
[2023-09-29T21:52:57.413+0200] {logging_mixin.py:151} INFO - [2023-09-29T21:52:57.413+0200] {dag.py:2915} INFO - Sync 1 DAGs
[2023-09-29T21:52:57.424+0200] {logging_mixin.py:151} INFO - [2023-09-29T21:52:57.423+0200] {dag.py:3696} INFO - Setting next_dagrun for example_short_circuit_operator to 2023-09-28T19:52:57.423778+00:00, run_after=2023-09-29T19:52:57.423778+00:00
[2023-09-29T21:52:57.435+0200] {processor.py:179} INFO - Processing /home/radtrz/.local/lib/python3.10/site-packages/airflow/example_dags/example_short_circuit_operator.py took 0.046 seconds
[2023-09-29T21:53:39.953+0200] {processor.py:157} INFO - Started process (PID=19515) to work on /home/radtrz/.local/lib/python3.10/site-packages/airflow/example_dags/example_short_circuit_operator.py
[2023-09-29T21:53:39.962+0200] {processor.py:829} INFO - Processing file /home/radtrz/.local/lib/python3.10/site-packages/airflow/example_dags/example_short_circuit_operator.py for tasks to queue
[2023-09-29T21:53:39.962+0200] {logging_mixin.py:151} INFO - [2023-09-29T21:53:39.962+0200] {dagbag.py:539} INFO - Filling up the DagBag from /home/radtrz/.local/lib/python3.10/site-packages/airflow/example_dags/example_short_circuit_operator.py
[2023-09-29T21:53:39.966+0200] {processor.py:839} INFO - DAG(s) dict_keys(['example_short_circuit_operator']) retrieved from /home/radtrz/.local/lib/python3.10/site-packages/airflow/example_dags/example_short_circuit_operator.py
[2023-09-29T21:53:39.975+0200] {logging_mixin.py:151} INFO - [2023-09-29T21:53:39.975+0200] {dag.py:2915} INFO - Sync 1 DAGs
[2023-09-29T21:53:39.985+0200] {logging_mixin.py:151} INFO - [2023-09-29T21:53:39.985+0200] {dag.py:3696} INFO - Setting next_dagrun for example_short_circuit_operator to 2023-09-28T19:53:39.984901+00:00, run_after=2023-09-29T19:53:39.984901+00:00
[2023-09-29T21:53:39.995+0200] {processor.py:179} INFO - Processing /home/radtrz/.local/lib/python3.10/site-packages/airflow/example_dags/example_short_circuit_operator.py took 0.044 seconds
[2023-09-29T21:54:40.389+0200] {processor.py:157} INFO - Started process (PID=19603) to work on /home/radtrz/.local/lib/python3.10/site-packages/airflow/example_dags/example_short_circuit_operator.py
[2023-09-29T21:54:40.392+0200] {processor.py:829} INFO - Processing file /home/radtrz/.local/lib/python3.10/site-packages/airflow/example_dags/example_short_circuit_operator.py for tasks to queue
[2023-09-29T21:54:40.393+0200] {logging_mixin.py:151} INFO - [2023-09-29T21:54:40.392+0200] {dagbag.py:539} INFO - Filling up the DagBag from /home/radtrz/.local/lib/python3.10/site-packages/airflow/example_dags/example_short_circuit_operator.py
[2023-09-29T21:54:40.397+0200] {processor.py:839} INFO - DAG(s) dict_keys(['example_short_circuit_operator']) retrieved from /home/radtrz/.local/lib/python3.10/site-packages/airflow/example_dags/example_short_circuit_operator.py
[2023-09-29T21:54:40.407+0200] {logging_mixin.py:151} INFO - [2023-09-29T21:54:40.407+0200] {dag.py:2915} INFO - Sync 1 DAGs
[2023-09-29T21:54:40.417+0200] {logging_mixin.py:151} INFO - [2023-09-29T21:54:40.417+0200] {dag.py:3696} INFO - Setting next_dagrun for example_short_circuit_operator to 2023-09-28T19:54:40.417343+00:00, run_after=2023-09-29T19:54:40.417343+00:00
[2023-09-29T21:54:40.429+0200] {processor.py:179} INFO - Processing /home/radtrz/.local/lib/python3.10/site-packages/airflow/example_dags/example_short_circuit_operator.py took 0.042 seconds
[2023-09-29T21:55:22.654+0200] {processor.py:157} INFO - Started process (PID=19758) to work on /home/radtrz/.local/lib/python3.10/site-packages/airflow/example_dags/example_short_circuit_operator.py
[2023-09-29T21:55:22.662+0200] {processor.py:829} INFO - Processing file /home/radtrz/.local/lib/python3.10/site-packages/airflow/example_dags/example_short_circuit_operator.py for tasks to queue
[2023-09-29T21:55:22.663+0200] {logging_mixin.py:151} INFO - [2023-09-29T21:55:22.663+0200] {dagbag.py:539} INFO - Filling up the DagBag from /home/radtrz/.local/lib/python3.10/site-packages/airflow/example_dags/example_short_circuit_operator.py
[2023-09-29T21:55:22.667+0200] {processor.py:839} INFO - DAG(s) dict_keys(['example_short_circuit_operator']) retrieved from /home/radtrz/.local/lib/python3.10/site-packages/airflow/example_dags/example_short_circuit_operator.py
[2023-09-29T21:55:22.677+0200] {logging_mixin.py:151} INFO - [2023-09-29T21:55:22.677+0200] {dag.py:2915} INFO - Sync 1 DAGs
[2023-09-29T21:55:22.686+0200] {logging_mixin.py:151} INFO - [2023-09-29T21:55:22.686+0200] {dag.py:3696} INFO - Setting next_dagrun for example_short_circuit_operator to 2023-09-28T19:55:22.686645+00:00, run_after=2023-09-29T19:55:22.686645+00:00
[2023-09-29T21:55:22.706+0200] {processor.py:179} INFO - Processing /home/radtrz/.local/lib/python3.10/site-packages/airflow/example_dags/example_short_circuit_operator.py took 0.054 seconds
