[2023-09-29T21:47:07.570+0200] {processor.py:157} INFO - Started process (PID=18720) to work on /home/radtrz/.local/lib/python3.10/site-packages/airflow/example_dags/example_bash_operator.py
[2023-09-29T21:47:07.571+0200] {processor.py:829} INFO - Processing file /home/radtrz/.local/lib/python3.10/site-packages/airflow/example_dags/example_bash_operator.py for tasks to queue
[2023-09-29T21:47:07.571+0200] {logging_mixin.py:151} INFO - [2023-09-29T21:47:07.571+0200] {dagbag.py:539} INFO - Filling up the DagBag from /home/radtrz/.local/lib/python3.10/site-packages/airflow/example_dags/example_bash_operator.py
[2023-09-29T21:47:07.577+0200] {processor.py:839} INFO - DAG(s) dict_keys(['example_bash_operator']) retrieved from /home/radtrz/.local/lib/python3.10/site-packages/airflow/example_dags/example_bash_operator.py
[2023-09-29T21:47:07.643+0200] {logging_mixin.py:151} INFO - [2023-09-29T21:47:07.643+0200] {manager.py:499} INFO - Created Permission View: %s
[2023-09-29T21:47:07.649+0200] {logging_mixin.py:151} INFO - [2023-09-29T21:47:07.649+0200] {manager.py:499} INFO - Created Permission View: %s
[2023-09-29T21:47:07.654+0200] {logging_mixin.py:151} INFO - [2023-09-29T21:47:07.654+0200] {manager.py:499} INFO - Created Permission View: %s
[2023-09-29T21:47:07.654+0200] {logging_mixin.py:151} INFO - [2023-09-29T21:47:07.654+0200] {security.py:708} INFO - Not syncing DAG-level permissions for DAG 'DAG:example_bash_operator' as access control is unset.
[2023-09-29T21:47:07.654+0200] {logging_mixin.py:151} INFO - [2023-09-29T21:47:07.654+0200] {dag.py:2915} INFO - Sync 1 DAGs
[2023-09-29T21:47:07.660+0200] {logging_mixin.py:151} INFO - [2023-09-29T21:47:07.660+0200] {dag.py:2937} INFO - Creating ORM DAG for example_bash_operator
[2023-09-29T21:47:07.666+0200] {logging_mixin.py:151} INFO - [2023-09-29T21:47:07.666+0200] {dag.py:3696} INFO - Setting next_dagrun for example_bash_operator to 2023-09-28T00:00:00+00:00, run_after=2023-09-29T00:00:00+00:00
[2023-09-29T21:47:07.677+0200] {processor.py:179} INFO - Processing /home/radtrz/.local/lib/python3.10/site-packages/airflow/example_dags/example_bash_operator.py took 0.108 seconds
[2023-09-29T21:47:54.370+0200] {processor.py:157} INFO - Started process (PID=18914) to work on /home/radtrz/.local/lib/python3.10/site-packages/airflow/example_dags/example_bash_operator.py
[2023-09-29T21:47:54.378+0200] {processor.py:829} INFO - Processing file /home/radtrz/.local/lib/python3.10/site-packages/airflow/example_dags/example_bash_operator.py for tasks to queue
[2023-09-29T21:47:54.378+0200] {logging_mixin.py:151} INFO - [2023-09-29T21:47:54.378+0200] {dagbag.py:539} INFO - Filling up the DagBag from /home/radtrz/.local/lib/python3.10/site-packages/airflow/example_dags/example_bash_operator.py
[2023-09-29T21:47:54.384+0200] {processor.py:839} INFO - DAG(s) dict_keys(['example_bash_operator']) retrieved from /home/radtrz/.local/lib/python3.10/site-packages/airflow/example_dags/example_bash_operator.py
[2023-09-29T21:47:54.397+0200] {logging_mixin.py:151} INFO - [2023-09-29T21:47:54.397+0200] {dag.py:2915} INFO - Sync 1 DAGs
[2023-09-29T21:47:54.407+0200] {logging_mixin.py:151} INFO - [2023-09-29T21:47:54.407+0200] {dag.py:3696} INFO - Setting next_dagrun for example_bash_operator to 2023-09-28T00:00:00+00:00, run_after=2023-09-29T00:00:00+00:00
[2023-09-29T21:47:54.432+0200] {processor.py:179} INFO - Processing /home/radtrz/.local/lib/python3.10/site-packages/airflow/example_dags/example_bash_operator.py took 0.064 seconds
[2023-09-29T21:48:49.727+0200] {processor.py:157} INFO - Started process (PID=19112) to work on /home/radtrz/.local/lib/python3.10/site-packages/airflow/example_dags/example_bash_operator.py
[2023-09-29T21:48:49.735+0200] {processor.py:829} INFO - Processing file /home/radtrz/.local/lib/python3.10/site-packages/airflow/example_dags/example_bash_operator.py for tasks to queue
[2023-09-29T21:48:49.735+0200] {logging_mixin.py:151} INFO - [2023-09-29T21:48:49.735+0200] {dagbag.py:539} INFO - Filling up the DagBag from /home/radtrz/.local/lib/python3.10/site-packages/airflow/example_dags/example_bash_operator.py
[2023-09-29T21:48:49.741+0200] {processor.py:839} INFO - DAG(s) dict_keys(['example_bash_operator']) retrieved from /home/radtrz/.local/lib/python3.10/site-packages/airflow/example_dags/example_bash_operator.py
[2023-09-29T21:48:49.753+0200] {logging_mixin.py:151} INFO - [2023-09-29T21:48:49.753+0200] {dag.py:2915} INFO - Sync 1 DAGs
[2023-09-29T21:48:49.764+0200] {logging_mixin.py:151} INFO - [2023-09-29T21:48:49.764+0200] {dag.py:3696} INFO - Setting next_dagrun for example_bash_operator to 2023-09-28T00:00:00+00:00, run_after=2023-09-29T00:00:00+00:00
[2023-09-29T21:48:49.782+0200] {processor.py:179} INFO - Processing /home/radtrz/.local/lib/python3.10/site-packages/airflow/example_dags/example_bash_operator.py took 0.057 seconds
[2023-09-29T21:50:38.088+0200] {processor.py:157} INFO - Started process (PID=19279) to work on /home/radtrz/.local/lib/python3.10/site-packages/airflow/example_dags/example_bash_operator.py
[2023-09-29T21:50:38.097+0200] {processor.py:829} INFO - Processing file /home/radtrz/.local/lib/python3.10/site-packages/airflow/example_dags/example_bash_operator.py for tasks to queue
[2023-09-29T21:50:38.097+0200] {logging_mixin.py:151} INFO - [2023-09-29T21:50:38.097+0200] {dagbag.py:539} INFO - Filling up the DagBag from /home/radtrz/.local/lib/python3.10/site-packages/airflow/example_dags/example_bash_operator.py
[2023-09-29T21:50:38.103+0200] {processor.py:839} INFO - DAG(s) dict_keys(['example_bash_operator']) retrieved from /home/radtrz/.local/lib/python3.10/site-packages/airflow/example_dags/example_bash_operator.py
[2023-09-29T21:50:38.115+0200] {logging_mixin.py:151} INFO - [2023-09-29T21:50:38.115+0200] {dag.py:2915} INFO - Sync 1 DAGs
[2023-09-29T21:50:38.126+0200] {logging_mixin.py:151} INFO - [2023-09-29T21:50:38.126+0200] {dag.py:3696} INFO - Setting next_dagrun for example_bash_operator to 2023-09-28T00:00:00+00:00, run_after=2023-09-29T00:00:00+00:00
[2023-09-29T21:50:38.136+0200] {processor.py:179} INFO - Processing /home/radtrz/.local/lib/python3.10/site-packages/airflow/example_dags/example_bash_operator.py took 0.050 seconds
[2023-09-29T21:51:35.762+0200] {processor.py:157} INFO - Started process (PID=19346) to work on /home/radtrz/.local/lib/python3.10/site-packages/airflow/example_dags/example_bash_operator.py
[2023-09-29T21:51:35.770+0200] {processor.py:829} INFO - Processing file /home/radtrz/.local/lib/python3.10/site-packages/airflow/example_dags/example_bash_operator.py for tasks to queue
[2023-09-29T21:51:35.771+0200] {logging_mixin.py:151} INFO - [2023-09-29T21:51:35.771+0200] {dagbag.py:539} INFO - Filling up the DagBag from /home/radtrz/.local/lib/python3.10/site-packages/airflow/example_dags/example_bash_operator.py
[2023-09-29T21:51:35.777+0200] {processor.py:839} INFO - DAG(s) dict_keys(['example_bash_operator']) retrieved from /home/radtrz/.local/lib/python3.10/site-packages/airflow/example_dags/example_bash_operator.py
[2023-09-29T21:51:35.792+0200] {logging_mixin.py:151} INFO - [2023-09-29T21:51:35.792+0200] {dag.py:2915} INFO - Sync 1 DAGs
[2023-09-29T21:51:35.803+0200] {logging_mixin.py:151} INFO - [2023-09-29T21:51:35.803+0200] {dag.py:3696} INFO - Setting next_dagrun for example_bash_operator to 2023-09-28T00:00:00+00:00, run_after=2023-09-29T00:00:00+00:00
[2023-09-29T21:51:35.826+0200] {processor.py:179} INFO - Processing /home/radtrz/.local/lib/python3.10/site-packages/airflow/example_dags/example_bash_operator.py took 0.066 seconds
[2023-09-29T21:52:29.009+0200] {processor.py:157} INFO - Started process (PID=19420) to work on /home/radtrz/.local/lib/python3.10/site-packages/airflow/example_dags/example_bash_operator.py
[2023-09-29T21:52:29.018+0200] {processor.py:829} INFO - Processing file /home/radtrz/.local/lib/python3.10/site-packages/airflow/example_dags/example_bash_operator.py for tasks to queue
[2023-09-29T21:52:29.018+0200] {logging_mixin.py:151} INFO - [2023-09-29T21:52:29.018+0200] {dagbag.py:539} INFO - Filling up the DagBag from /home/radtrz/.local/lib/python3.10/site-packages/airflow/example_dags/example_bash_operator.py
[2023-09-29T21:52:29.024+0200] {processor.py:839} INFO - DAG(s) dict_keys(['example_bash_operator']) retrieved from /home/radtrz/.local/lib/python3.10/site-packages/airflow/example_dags/example_bash_operator.py
[2023-09-29T21:52:29.036+0200] {logging_mixin.py:151} INFO - [2023-09-29T21:52:29.036+0200] {dag.py:2915} INFO - Sync 1 DAGs
[2023-09-29T21:52:29.048+0200] {logging_mixin.py:151} INFO - [2023-09-29T21:52:29.047+0200] {dag.py:3696} INFO - Setting next_dagrun for example_bash_operator to 2023-09-28T00:00:00+00:00, run_after=2023-09-29T00:00:00+00:00
[2023-09-29T21:52:29.059+0200] {processor.py:179} INFO - Processing /home/radtrz/.local/lib/python3.10/site-packages/airflow/example_dags/example_bash_operator.py took 0.051 seconds
[2023-09-29T21:53:12.718+0200] {processor.py:157} INFO - Started process (PID=19478) to work on /home/radtrz/.local/lib/python3.10/site-packages/airflow/example_dags/example_bash_operator.py
[2023-09-29T21:53:12.726+0200] {processor.py:829} INFO - Processing file /home/radtrz/.local/lib/python3.10/site-packages/airflow/example_dags/example_bash_operator.py for tasks to queue
[2023-09-29T21:53:12.727+0200] {logging_mixin.py:151} INFO - [2023-09-29T21:53:12.727+0200] {dagbag.py:539} INFO - Filling up the DagBag from /home/radtrz/.local/lib/python3.10/site-packages/airflow/example_dags/example_bash_operator.py
[2023-09-29T21:53:12.732+0200] {processor.py:839} INFO - DAG(s) dict_keys(['example_bash_operator']) retrieved from /home/radtrz/.local/lib/python3.10/site-packages/airflow/example_dags/example_bash_operator.py
[2023-09-29T21:53:12.745+0200] {logging_mixin.py:151} INFO - [2023-09-29T21:53:12.745+0200] {dag.py:2915} INFO - Sync 1 DAGs
[2023-09-29T21:53:12.755+0200] {logging_mixin.py:151} INFO - [2023-09-29T21:53:12.755+0200] {dag.py:3696} INFO - Setting next_dagrun for example_bash_operator to 2023-09-28T00:00:00+00:00, run_after=2023-09-29T00:00:00+00:00
[2023-09-29T21:53:12.766+0200] {processor.py:179} INFO - Processing /home/radtrz/.local/lib/python3.10/site-packages/airflow/example_dags/example_bash_operator.py took 0.049 seconds
[2023-09-29T21:54:26.814+0200] {processor.py:157} INFO - Started process (PID=19583) to work on /home/radtrz/.local/lib/python3.10/site-packages/airflow/example_dags/example_bash_operator.py
[2023-09-29T21:54:26.815+0200] {processor.py:829} INFO - Processing file /home/radtrz/.local/lib/python3.10/site-packages/airflow/example_dags/example_bash_operator.py for tasks to queue
[2023-09-29T21:54:26.815+0200] {logging_mixin.py:151} INFO - [2023-09-29T21:54:26.815+0200] {dagbag.py:539} INFO - Filling up the DagBag from /home/radtrz/.local/lib/python3.10/site-packages/airflow/example_dags/example_bash_operator.py
[2023-09-29T21:54:26.821+0200] {processor.py:839} INFO - DAG(s) dict_keys(['example_bash_operator']) retrieved from /home/radtrz/.local/lib/python3.10/site-packages/airflow/example_dags/example_bash_operator.py
[2023-09-29T21:54:26.835+0200] {logging_mixin.py:151} INFO - [2023-09-29T21:54:26.835+0200] {dag.py:2915} INFO - Sync 1 DAGs
[2023-09-29T21:54:26.847+0200] {logging_mixin.py:151} INFO - [2023-09-29T21:54:26.847+0200] {dag.py:3696} INFO - Setting next_dagrun for example_bash_operator to 2023-09-29T00:00:00+00:00, run_after=2023-09-30T00:00:00+00:00
[2023-09-29T21:54:26.858+0200] {processor.py:179} INFO - Processing /home/radtrz/.local/lib/python3.10/site-packages/airflow/example_dags/example_bash_operator.py took 0.045 seconds
[2023-09-29T21:55:10.193+0200] {processor.py:157} INFO - Started process (PID=19741) to work on /home/radtrz/.local/lib/python3.10/site-packages/airflow/example_dags/example_bash_operator.py
[2023-09-29T21:55:10.202+0200] {processor.py:829} INFO - Processing file /home/radtrz/.local/lib/python3.10/site-packages/airflow/example_dags/example_bash_operator.py for tasks to queue
[2023-09-29T21:55:10.202+0200] {logging_mixin.py:151} INFO - [2023-09-29T21:55:10.202+0200] {dagbag.py:539} INFO - Filling up the DagBag from /home/radtrz/.local/lib/python3.10/site-packages/airflow/example_dags/example_bash_operator.py
[2023-09-29T21:55:10.208+0200] {processor.py:839} INFO - DAG(s) dict_keys(['example_bash_operator']) retrieved from /home/radtrz/.local/lib/python3.10/site-packages/airflow/example_dags/example_bash_operator.py
[2023-09-29T21:55:10.220+0200] {logging_mixin.py:151} INFO - [2023-09-29T21:55:10.220+0200] {dag.py:2915} INFO - Sync 1 DAGs
[2023-09-29T21:55:10.232+0200] {logging_mixin.py:151} INFO - [2023-09-29T21:55:10.231+0200] {dag.py:3696} INFO - Setting next_dagrun for example_bash_operator to 2023-09-29T00:00:00+00:00, run_after=2023-09-30T00:00:00+00:00
[2023-09-29T21:55:10.250+0200] {processor.py:179} INFO - Processing /home/radtrz/.local/lib/python3.10/site-packages/airflow/example_dags/example_bash_operator.py took 0.058 seconds
