[2023-09-29T21:46:52.326+0200] {processor.py:157} INFO - Started process (PID=18700) to work on /home/radtrz/.local/lib/python3.10/site-packages/airflow/example_dags/example_dynamic_task_mapping_with_no_taskflow_operators.py
[2023-09-29T21:46:52.326+0200] {processor.py:829} INFO - Processing file /home/radtrz/.local/lib/python3.10/site-packages/airflow/example_dags/example_dynamic_task_mapping_with_no_taskflow_operators.py for tasks to queue
[2023-09-29T21:46:52.326+0200] {logging_mixin.py:151} INFO - [2023-09-29T21:46:52.326+0200] {dagbag.py:539} INFO - Filling up the DagBag from /home/radtrz/.local/lib/python3.10/site-packages/airflow/example_dags/example_dynamic_task_mapping_with_no_taskflow_operators.py
[2023-09-29T21:46:52.330+0200] {processor.py:839} INFO - DAG(s) dict_keys(['example_dynamic_task_mapping_with_no_taskflow_operators']) retrieved from /home/radtrz/.local/lib/python3.10/site-packages/airflow/example_dags/example_dynamic_task_mapping_with_no_taskflow_operators.py
[2023-09-29T21:46:52.411+0200] {logging_mixin.py:151} INFO - [2023-09-29T21:46:52.411+0200] {manager.py:499} INFO - Created Permission View: %s
[2023-09-29T21:46:52.417+0200] {logging_mixin.py:151} INFO - [2023-09-29T21:46:52.417+0200] {manager.py:499} INFO - Created Permission View: %s
[2023-09-29T21:46:52.421+0200] {logging_mixin.py:151} INFO - [2023-09-29T21:46:52.421+0200] {manager.py:499} INFO - Created Permission View: %s
[2023-09-29T21:46:52.421+0200] {logging_mixin.py:151} INFO - [2023-09-29T21:46:52.421+0200] {security.py:708} INFO - Not syncing DAG-level permissions for DAG 'DAG:example_dynamic_task_mapping_with_no_taskflow_operators' as access control is unset.
[2023-09-29T21:46:52.422+0200] {logging_mixin.py:151} INFO - [2023-09-29T21:46:52.422+0200] {dag.py:2915} INFO - Sync 1 DAGs
[2023-09-29T21:46:52.427+0200] {logging_mixin.py:151} INFO - [2023-09-29T21:46:52.427+0200] {dag.py:2937} INFO - Creating ORM DAG for example_dynamic_task_mapping_with_no_taskflow_operators
[2023-09-29T21:46:52.431+0200] {logging_mixin.py:151} INFO - [2023-09-29T21:46:52.431+0200] {dag.py:3696} INFO - Setting next_dagrun for example_dynamic_task_mapping_with_no_taskflow_operators to 2023-09-28T19:46:52.430895+00:00, run_after=2023-09-29T19:46:52.430895+00:00
[2023-09-29T21:46:52.440+0200] {processor.py:179} INFO - Processing /home/radtrz/.local/lib/python3.10/site-packages/airflow/example_dags/example_dynamic_task_mapping_with_no_taskflow_operators.py took 0.116 seconds
[2023-09-29T21:47:37.954+0200] {processor.py:157} INFO - Started process (PID=18893) to work on /home/radtrz/.local/lib/python3.10/site-packages/airflow/example_dags/example_dynamic_task_mapping_with_no_taskflow_operators.py
[2023-09-29T21:47:37.963+0200] {processor.py:829} INFO - Processing file /home/radtrz/.local/lib/python3.10/site-packages/airflow/example_dags/example_dynamic_task_mapping_with_no_taskflow_operators.py for tasks to queue
[2023-09-29T21:47:37.963+0200] {logging_mixin.py:151} INFO - [2023-09-29T21:47:37.963+0200] {dagbag.py:539} INFO - Filling up the DagBag from /home/radtrz/.local/lib/python3.10/site-packages/airflow/example_dags/example_dynamic_task_mapping_with_no_taskflow_operators.py
[2023-09-29T21:47:37.967+0200] {processor.py:839} INFO - DAG(s) dict_keys(['example_dynamic_task_mapping_with_no_taskflow_operators']) retrieved from /home/radtrz/.local/lib/python3.10/site-packages/airflow/example_dags/example_dynamic_task_mapping_with_no_taskflow_operators.py
[2023-09-29T21:47:37.974+0200] {logging_mixin.py:151} INFO - [2023-09-29T21:47:37.974+0200] {dag.py:2915} INFO - Sync 1 DAGs
[2023-09-29T21:47:37.983+0200] {logging_mixin.py:151} INFO - [2023-09-29T21:47:37.983+0200] {dag.py:3696} INFO - Setting next_dagrun for example_dynamic_task_mapping_with_no_taskflow_operators to 2023-09-28T19:47:37.983619+00:00, run_after=2023-09-29T19:47:37.983619+00:00
[2023-09-29T21:47:37.994+0200] {processor.py:179} INFO - Processing /home/radtrz/.local/lib/python3.10/site-packages/airflow/example_dags/example_dynamic_task_mapping_with_no_taskflow_operators.py took 0.041 seconds
[2023-09-29T21:48:22.109+0200] {processor.py:157} INFO - Started process (PID=19078) to work on /home/radtrz/.local/lib/python3.10/site-packages/airflow/example_dags/example_dynamic_task_mapping_with_no_taskflow_operators.py
[2023-09-29T21:48:22.117+0200] {processor.py:829} INFO - Processing file /home/radtrz/.local/lib/python3.10/site-packages/airflow/example_dags/example_dynamic_task_mapping_with_no_taskflow_operators.py for tasks to queue
[2023-09-29T21:48:22.117+0200] {logging_mixin.py:151} INFO - [2023-09-29T21:48:22.117+0200] {dagbag.py:539} INFO - Filling up the DagBag from /home/radtrz/.local/lib/python3.10/site-packages/airflow/example_dags/example_dynamic_task_mapping_with_no_taskflow_operators.py
[2023-09-29T21:48:22.121+0200] {processor.py:839} INFO - DAG(s) dict_keys(['example_dynamic_task_mapping_with_no_taskflow_operators']) retrieved from /home/radtrz/.local/lib/python3.10/site-packages/airflow/example_dags/example_dynamic_task_mapping_with_no_taskflow_operators.py
[2023-09-29T21:48:22.128+0200] {logging_mixin.py:151} INFO - [2023-09-29T21:48:22.128+0200] {dag.py:2915} INFO - Sync 1 DAGs
[2023-09-29T21:48:22.137+0200] {logging_mixin.py:151} INFO - [2023-09-29T21:48:22.137+0200] {dag.py:3696} INFO - Setting next_dagrun for example_dynamic_task_mapping_with_no_taskflow_operators to 2023-09-28T19:48:22.137372+00:00, run_after=2023-09-29T19:48:22.137372+00:00
[2023-09-29T21:48:22.148+0200] {processor.py:179} INFO - Processing /home/radtrz/.local/lib/python3.10/site-packages/airflow/example_dags/example_dynamic_task_mapping_with_no_taskflow_operators.py took 0.041 seconds
[2023-09-29T21:49:06.884+0200] {processor.py:157} INFO - Started process (PID=19134) to work on /home/radtrz/.local/lib/python3.10/site-packages/airflow/example_dags/example_dynamic_task_mapping_with_no_taskflow_operators.py
[2023-09-29T21:49:06.884+0200] {processor.py:829} INFO - Processing file /home/radtrz/.local/lib/python3.10/site-packages/airflow/example_dags/example_dynamic_task_mapping_with_no_taskflow_operators.py for tasks to queue
[2023-09-29T21:49:06.884+0200] {logging_mixin.py:151} INFO - [2023-09-29T21:49:06.884+0200] {dagbag.py:539} INFO - Filling up the DagBag from /home/radtrz/.local/lib/python3.10/site-packages/airflow/example_dags/example_dynamic_task_mapping_with_no_taskflow_operators.py
[2023-09-29T21:49:06.888+0200] {processor.py:839} INFO - DAG(s) dict_keys(['example_dynamic_task_mapping_with_no_taskflow_operators']) retrieved from /home/radtrz/.local/lib/python3.10/site-packages/airflow/example_dags/example_dynamic_task_mapping_with_no_taskflow_operators.py
[2023-09-29T21:49:06.895+0200] {logging_mixin.py:151} INFO - [2023-09-29T21:49:06.895+0200] {dag.py:2915} INFO - Sync 1 DAGs
[2023-09-29T21:49:06.904+0200] {logging_mixin.py:151} INFO - [2023-09-29T21:49:06.904+0200] {dag.py:3696} INFO - Setting next_dagrun for example_dynamic_task_mapping_with_no_taskflow_operators to 2023-09-28T19:49:06.904726+00:00, run_after=2023-09-29T19:49:06.904726+00:00
[2023-09-29T21:49:06.915+0200] {processor.py:179} INFO - Processing /home/radtrz/.local/lib/python3.10/site-packages/airflow/example_dags/example_dynamic_task_mapping_with_no_taskflow_operators.py took 0.033 seconds
[2023-09-29T21:50:23.798+0200] {processor.py:157} INFO - Started process (PID=19260) to work on /home/radtrz/.local/lib/python3.10/site-packages/airflow/example_dags/example_dynamic_task_mapping_with_no_taskflow_operators.py
[2023-09-29T21:50:23.807+0200] {processor.py:829} INFO - Processing file /home/radtrz/.local/lib/python3.10/site-packages/airflow/example_dags/example_dynamic_task_mapping_with_no_taskflow_operators.py for tasks to queue
[2023-09-29T21:50:23.807+0200] {logging_mixin.py:151} INFO - [2023-09-29T21:50:23.807+0200] {dagbag.py:539} INFO - Filling up the DagBag from /home/radtrz/.local/lib/python3.10/site-packages/airflow/example_dags/example_dynamic_task_mapping_with_no_taskflow_operators.py
[2023-09-29T21:50:23.811+0200] {processor.py:839} INFO - DAG(s) dict_keys(['example_dynamic_task_mapping_with_no_taskflow_operators']) retrieved from /home/radtrz/.local/lib/python3.10/site-packages/airflow/example_dags/example_dynamic_task_mapping_with_no_taskflow_operators.py
[2023-09-29T21:50:23.819+0200] {logging_mixin.py:151} INFO - [2023-09-29T21:50:23.818+0200] {dag.py:2915} INFO - Sync 1 DAGs
[2023-09-29T21:50:23.829+0200] {logging_mixin.py:151} INFO - [2023-09-29T21:50:23.829+0200] {dag.py:3696} INFO - Setting next_dagrun for example_dynamic_task_mapping_with_no_taskflow_operators to 2023-09-28T19:50:23.829315+00:00, run_after=2023-09-29T19:50:23.829315+00:00
[2023-09-29T21:50:23.840+0200] {processor.py:179} INFO - Processing /home/radtrz/.local/lib/python3.10/site-packages/airflow/example_dags/example_dynamic_task_mapping_with_no_taskflow_operators.py took 0.043 seconds
[2023-09-29T21:51:07.784+0200] {processor.py:157} INFO - Started process (PID=19312) to work on /home/radtrz/.local/lib/python3.10/site-packages/airflow/example_dags/example_dynamic_task_mapping_with_no_taskflow_operators.py
[2023-09-29T21:51:07.792+0200] {processor.py:829} INFO - Processing file /home/radtrz/.local/lib/python3.10/site-packages/airflow/example_dags/example_dynamic_task_mapping_with_no_taskflow_operators.py for tasks to queue
[2023-09-29T21:51:07.793+0200] {logging_mixin.py:151} INFO - [2023-09-29T21:51:07.793+0200] {dagbag.py:539} INFO - Filling up the DagBag from /home/radtrz/.local/lib/python3.10/site-packages/airflow/example_dags/example_dynamic_task_mapping_with_no_taskflow_operators.py
[2023-09-29T21:51:07.796+0200] {processor.py:839} INFO - DAG(s) dict_keys(['example_dynamic_task_mapping_with_no_taskflow_operators']) retrieved from /home/radtrz/.local/lib/python3.10/site-packages/airflow/example_dags/example_dynamic_task_mapping_with_no_taskflow_operators.py
[2023-09-29T21:51:07.804+0200] {logging_mixin.py:151} INFO - [2023-09-29T21:51:07.804+0200] {dag.py:2915} INFO - Sync 1 DAGs
[2023-09-29T21:51:07.813+0200] {logging_mixin.py:151} INFO - [2023-09-29T21:51:07.813+0200] {dag.py:3696} INFO - Setting next_dagrun for example_dynamic_task_mapping_with_no_taskflow_operators to 2023-09-28T19:51:07.813272+00:00, run_after=2023-09-29T19:51:07.813272+00:00
[2023-09-29T21:51:07.823+0200] {processor.py:179} INFO - Processing /home/radtrz/.local/lib/python3.10/site-packages/airflow/example_dags/example_dynamic_task_mapping_with_no_taskflow_operators.py took 0.041 seconds
[2023-09-29T21:51:51.185+0200] {processor.py:157} INFO - Started process (PID=19373) to work on /home/radtrz/.local/lib/python3.10/site-packages/airflow/example_dags/example_dynamic_task_mapping_with_no_taskflow_operators.py
[2023-09-29T21:51:51.186+0200] {processor.py:829} INFO - Processing file /home/radtrz/.local/lib/python3.10/site-packages/airflow/example_dags/example_dynamic_task_mapping_with_no_taskflow_operators.py for tasks to queue
[2023-09-29T21:51:51.186+0200] {logging_mixin.py:151} INFO - [2023-09-29T21:51:51.186+0200] {dagbag.py:539} INFO - Filling up the DagBag from /home/radtrz/.local/lib/python3.10/site-packages/airflow/example_dags/example_dynamic_task_mapping_with_no_taskflow_operators.py
[2023-09-29T21:51:51.190+0200] {processor.py:839} INFO - DAG(s) dict_keys(['example_dynamic_task_mapping_with_no_taskflow_operators']) retrieved from /home/radtrz/.local/lib/python3.10/site-packages/airflow/example_dags/example_dynamic_task_mapping_with_no_taskflow_operators.py
[2023-09-29T21:51:51.199+0200] {logging_mixin.py:151} INFO - [2023-09-29T21:51:51.199+0200] {dag.py:2915} INFO - Sync 1 DAGs
[2023-09-29T21:51:51.211+0200] {logging_mixin.py:151} INFO - [2023-09-29T21:51:51.211+0200] {dag.py:3696} INFO - Setting next_dagrun for example_dynamic_task_mapping_with_no_taskflow_operators to 2023-09-28T19:51:51.210958+00:00, run_after=2023-09-29T19:51:51.210958+00:00
[2023-09-29T21:51:51.224+0200] {processor.py:179} INFO - Processing /home/radtrz/.local/lib/python3.10/site-packages/airflow/example_dags/example_dynamic_task_mapping_with_no_taskflow_operators.py took 0.041 seconds
[2023-09-29T21:52:35.206+0200] {processor.py:157} INFO - Started process (PID=19430) to work on /home/radtrz/.local/lib/python3.10/site-packages/airflow/example_dags/example_dynamic_task_mapping_with_no_taskflow_operators.py
[2023-09-29T21:52:35.214+0200] {processor.py:829} INFO - Processing file /home/radtrz/.local/lib/python3.10/site-packages/airflow/example_dags/example_dynamic_task_mapping_with_no_taskflow_operators.py for tasks to queue
[2023-09-29T21:52:35.215+0200] {logging_mixin.py:151} INFO - [2023-09-29T21:52:35.214+0200] {dagbag.py:539} INFO - Filling up the DagBag from /home/radtrz/.local/lib/python3.10/site-packages/airflow/example_dags/example_dynamic_task_mapping_with_no_taskflow_operators.py
[2023-09-29T21:52:35.218+0200] {processor.py:839} INFO - DAG(s) dict_keys(['example_dynamic_task_mapping_with_no_taskflow_operators']) retrieved from /home/radtrz/.local/lib/python3.10/site-packages/airflow/example_dags/example_dynamic_task_mapping_with_no_taskflow_operators.py
[2023-09-29T21:52:35.225+0200] {logging_mixin.py:151} INFO - [2023-09-29T21:52:35.225+0200] {dag.py:2915} INFO - Sync 1 DAGs
[2023-09-29T21:52:35.235+0200] {logging_mixin.py:151} INFO - [2023-09-29T21:52:35.235+0200] {dag.py:3696} INFO - Setting next_dagrun for example_dynamic_task_mapping_with_no_taskflow_operators to 2023-09-28T19:52:35.234985+00:00, run_after=2023-09-29T19:52:35.234985+00:00
[2023-09-29T21:52:35.248+0200] {processor.py:179} INFO - Processing /home/radtrz/.local/lib/python3.10/site-packages/airflow/example_dags/example_dynamic_task_mapping_with_no_taskflow_operators.py took 0.044 seconds
[2023-09-29T21:53:17.418+0200] {processor.py:157} INFO - Started process (PID=19487) to work on /home/radtrz/.local/lib/python3.10/site-packages/airflow/example_dags/example_dynamic_task_mapping_with_no_taskflow_operators.py
[2023-09-29T21:53:17.426+0200] {processor.py:829} INFO - Processing file /home/radtrz/.local/lib/python3.10/site-packages/airflow/example_dags/example_dynamic_task_mapping_with_no_taskflow_operators.py for tasks to queue
[2023-09-29T21:53:17.427+0200] {logging_mixin.py:151} INFO - [2023-09-29T21:53:17.427+0200] {dagbag.py:539} INFO - Filling up the DagBag from /home/radtrz/.local/lib/python3.10/site-packages/airflow/example_dags/example_dynamic_task_mapping_with_no_taskflow_operators.py
[2023-09-29T21:53:17.430+0200] {processor.py:839} INFO - DAG(s) dict_keys(['example_dynamic_task_mapping_with_no_taskflow_operators']) retrieved from /home/radtrz/.local/lib/python3.10/site-packages/airflow/example_dags/example_dynamic_task_mapping_with_no_taskflow_operators.py
[2023-09-29T21:53:17.437+0200] {logging_mixin.py:151} INFO - [2023-09-29T21:53:17.437+0200] {dag.py:2915} INFO - Sync 1 DAGs
[2023-09-29T21:53:17.447+0200] {logging_mixin.py:151} INFO - [2023-09-29T21:53:17.447+0200] {dag.py:3696} INFO - Setting next_dagrun for example_dynamic_task_mapping_with_no_taskflow_operators to 2023-09-28T19:53:17.447162+00:00, run_after=2023-09-29T19:53:17.447162+00:00
[2023-09-29T21:53:17.458+0200] {processor.py:179} INFO - Processing /home/radtrz/.local/lib/python3.10/site-packages/airflow/example_dags/example_dynamic_task_mapping_with_no_taskflow_operators.py took 0.041 seconds
[2023-09-29T21:54:01.361+0200] {processor.py:157} INFO - Started process (PID=19542) to work on /home/radtrz/.local/lib/python3.10/site-packages/airflow/example_dags/example_dynamic_task_mapping_with_no_taskflow_operators.py
[2023-09-29T21:54:01.370+0200] {processor.py:829} INFO - Processing file /home/radtrz/.local/lib/python3.10/site-packages/airflow/example_dags/example_dynamic_task_mapping_with_no_taskflow_operators.py for tasks to queue
[2023-09-29T21:54:01.370+0200] {logging_mixin.py:151} INFO - [2023-09-29T21:54:01.370+0200] {dagbag.py:539} INFO - Filling up the DagBag from /home/radtrz/.local/lib/python3.10/site-packages/airflow/example_dags/example_dynamic_task_mapping_with_no_taskflow_operators.py
[2023-09-29T21:54:01.374+0200] {processor.py:839} INFO - DAG(s) dict_keys(['example_dynamic_task_mapping_with_no_taskflow_operators']) retrieved from /home/radtrz/.local/lib/python3.10/site-packages/airflow/example_dags/example_dynamic_task_mapping_with_no_taskflow_operators.py
[2023-09-29T21:54:01.381+0200] {logging_mixin.py:151} INFO - [2023-09-29T21:54:01.381+0200] {dag.py:2915} INFO - Sync 1 DAGs
[2023-09-29T21:54:01.390+0200] {logging_mixin.py:151} INFO - [2023-09-29T21:54:01.390+0200] {dag.py:3696} INFO - Setting next_dagrun for example_dynamic_task_mapping_with_no_taskflow_operators to 2023-09-28T19:54:01.390632+00:00, run_after=2023-09-29T19:54:01.390632+00:00
[2023-09-29T21:54:01.400+0200] {processor.py:179} INFO - Processing /home/radtrz/.local/lib/python3.10/site-packages/airflow/example_dags/example_dynamic_task_mapping_with_no_taskflow_operators.py took 0.041 seconds
[2023-09-29T21:55:02.084+0200] {processor.py:157} INFO - Started process (PID=19631) to work on /home/radtrz/.local/lib/python3.10/site-packages/airflow/example_dags/example_dynamic_task_mapping_with_no_taskflow_operators.py
[2023-09-29T21:55:02.093+0200] {processor.py:829} INFO - Processing file /home/radtrz/.local/lib/python3.10/site-packages/airflow/example_dags/example_dynamic_task_mapping_with_no_taskflow_operators.py for tasks to queue
[2023-09-29T21:55:02.093+0200] {logging_mixin.py:151} INFO - [2023-09-29T21:55:02.093+0200] {dagbag.py:539} INFO - Filling up the DagBag from /home/radtrz/.local/lib/python3.10/site-packages/airflow/example_dags/example_dynamic_task_mapping_with_no_taskflow_operators.py
[2023-09-29T21:55:02.097+0200] {processor.py:839} INFO - DAG(s) dict_keys(['example_dynamic_task_mapping_with_no_taskflow_operators']) retrieved from /home/radtrz/.local/lib/python3.10/site-packages/airflow/example_dags/example_dynamic_task_mapping_with_no_taskflow_operators.py
[2023-09-29T21:55:02.104+0200] {logging_mixin.py:151} INFO - [2023-09-29T21:55:02.104+0200] {dag.py:2915} INFO - Sync 1 DAGs
[2023-09-29T21:55:02.114+0200] {logging_mixin.py:151} INFO - [2023-09-29T21:55:02.114+0200] {dag.py:3696} INFO - Setting next_dagrun for example_dynamic_task_mapping_with_no_taskflow_operators to 2023-09-28T19:55:02.114503+00:00, run_after=2023-09-29T19:55:02.114503+00:00
[2023-09-29T21:55:02.137+0200] {processor.py:179} INFO - Processing /home/radtrz/.local/lib/python3.10/site-packages/airflow/example_dags/example_dynamic_task_mapping_with_no_taskflow_operators.py took 0.055 seconds
