[2023-09-29T21:46:42.226+0200] {processor.py:157} INFO - Started process (PID=18690) to work on /home/radtrz/.local/lib/python3.10/site-packages/airflow/example_dags/example_xcom.py
[2023-09-29T21:46:42.226+0200] {processor.py:829} INFO - Processing file /home/radtrz/.local/lib/python3.10/site-packages/airflow/example_dags/example_xcom.py for tasks to queue
[2023-09-29T21:46:42.227+0200] {logging_mixin.py:151} INFO - [2023-09-29T21:46:42.227+0200] {dagbag.py:539} INFO - Filling up the DagBag from /home/radtrz/.local/lib/python3.10/site-packages/airflow/example_dags/example_xcom.py
[2023-09-29T21:46:42.230+0200] {processor.py:839} INFO - DAG(s) dict_keys(['example_xcom']) retrieved from /home/radtrz/.local/lib/python3.10/site-packages/airflow/example_dags/example_xcom.py
[2023-09-29T21:46:42.305+0200] {logging_mixin.py:151} INFO - [2023-09-29T21:46:42.305+0200] {manager.py:499} INFO - Created Permission View: %s
[2023-09-29T21:46:42.311+0200] {logging_mixin.py:151} INFO - [2023-09-29T21:46:42.311+0200] {manager.py:499} INFO - Created Permission View: %s
[2023-09-29T21:46:42.315+0200] {logging_mixin.py:151} INFO - [2023-09-29T21:46:42.315+0200] {manager.py:499} INFO - Created Permission View: %s
[2023-09-29T21:46:42.315+0200] {logging_mixin.py:151} INFO - [2023-09-29T21:46:42.315+0200] {security.py:708} INFO - Not syncing DAG-level permissions for DAG 'DAG:example_xcom' as access control is unset.
[2023-09-29T21:46:42.316+0200] {logging_mixin.py:151} INFO - [2023-09-29T21:46:42.316+0200] {dag.py:2915} INFO - Sync 1 DAGs
[2023-09-29T21:46:42.321+0200] {logging_mixin.py:151} INFO - [2023-09-29T21:46:42.321+0200] {dag.py:2937} INFO - Creating ORM DAG for example_xcom
[2023-09-29T21:46:42.325+0200] {logging_mixin.py:151} INFO - [2023-09-29T21:46:42.325+0200] {dag.py:3696} INFO - Setting next_dagrun for example_xcom to 2021-01-01T00:00:00+00:00, run_after=2021-01-01T00:00:00+00:00
[2023-09-29T21:46:42.335+0200] {processor.py:179} INFO - Processing /home/radtrz/.local/lib/python3.10/site-packages/airflow/example_dags/example_xcom.py took 0.110 seconds
[2023-09-29T21:47:29.099+0200] {processor.py:157} INFO - Started process (PID=18746) to work on /home/radtrz/.local/lib/python3.10/site-packages/airflow/example_dags/example_xcom.py
[2023-09-29T21:47:29.108+0200] {processor.py:829} INFO - Processing file /home/radtrz/.local/lib/python3.10/site-packages/airflow/example_dags/example_xcom.py for tasks to queue
[2023-09-29T21:47:29.108+0200] {logging_mixin.py:151} INFO - [2023-09-29T21:47:29.108+0200] {dagbag.py:539} INFO - Filling up the DagBag from /home/radtrz/.local/lib/python3.10/site-packages/airflow/example_dags/example_xcom.py
[2023-09-29T21:47:29.112+0200] {processor.py:839} INFO - DAG(s) dict_keys(['example_xcom']) retrieved from /home/radtrz/.local/lib/python3.10/site-packages/airflow/example_dags/example_xcom.py
[2023-09-29T21:47:29.121+0200] {logging_mixin.py:151} INFO - [2023-09-29T21:47:29.121+0200] {dag.py:2915} INFO - Sync 1 DAGs
[2023-09-29T21:47:29.131+0200] {logging_mixin.py:151} INFO - [2023-09-29T21:47:29.131+0200] {dag.py:3696} INFO - Setting next_dagrun for example_xcom to 2021-01-01T00:00:00+00:00, run_after=2021-01-01T00:00:00+00:00
[2023-09-29T21:47:29.141+0200] {processor.py:179} INFO - Processing /home/radtrz/.local/lib/python3.10/site-packages/airflow/example_dags/example_xcom.py took 0.044 seconds
[2023-09-29T21:48:12.509+0200] {processor.py:157} INFO - Started process (PID=19037) to work on /home/radtrz/.local/lib/python3.10/site-packages/airflow/example_dags/example_xcom.py
[2023-09-29T21:48:12.517+0200] {processor.py:829} INFO - Processing file /home/radtrz/.local/lib/python3.10/site-packages/airflow/example_dags/example_xcom.py for tasks to queue
[2023-09-29T21:48:12.518+0200] {logging_mixin.py:151} INFO - [2023-09-29T21:48:12.518+0200] {dagbag.py:539} INFO - Filling up the DagBag from /home/radtrz/.local/lib/python3.10/site-packages/airflow/example_dags/example_xcom.py
[2023-09-29T21:48:12.522+0200] {processor.py:839} INFO - DAG(s) dict_keys(['example_xcom']) retrieved from /home/radtrz/.local/lib/python3.10/site-packages/airflow/example_dags/example_xcom.py
[2023-09-29T21:48:12.531+0200] {logging_mixin.py:151} INFO - [2023-09-29T21:48:12.531+0200] {dag.py:2915} INFO - Sync 1 DAGs
[2023-09-29T21:48:12.541+0200] {logging_mixin.py:151} INFO - [2023-09-29T21:48:12.541+0200] {dag.py:3696} INFO - Setting next_dagrun for example_xcom to 2021-01-01T00:00:00+00:00, run_after=2021-01-01T00:00:00+00:00
[2023-09-29T21:48:12.552+0200] {processor.py:179} INFO - Processing /home/radtrz/.local/lib/python3.10/site-packages/airflow/example_dags/example_xcom.py took 0.045 seconds
[2023-09-29T21:48:55.175+0200] {processor.py:157} INFO - Started process (PID=19118) to work on /home/radtrz/.local/lib/python3.10/site-packages/airflow/example_dags/example_xcom.py
[2023-09-29T21:48:55.184+0200] {processor.py:829} INFO - Processing file /home/radtrz/.local/lib/python3.10/site-packages/airflow/example_dags/example_xcom.py for tasks to queue
[2023-09-29T21:48:55.184+0200] {logging_mixin.py:151} INFO - [2023-09-29T21:48:55.184+0200] {dagbag.py:539} INFO - Filling up the DagBag from /home/radtrz/.local/lib/python3.10/site-packages/airflow/example_dags/example_xcom.py
[2023-09-29T21:48:55.188+0200] {processor.py:839} INFO - DAG(s) dict_keys(['example_xcom']) retrieved from /home/radtrz/.local/lib/python3.10/site-packages/airflow/example_dags/example_xcom.py
[2023-09-29T21:48:55.196+0200] {logging_mixin.py:151} INFO - [2023-09-29T21:48:55.196+0200] {dag.py:2915} INFO - Sync 1 DAGs
[2023-09-29T21:48:55.206+0200] {logging_mixin.py:151} INFO - [2023-09-29T21:48:55.205+0200] {dag.py:3696} INFO - Setting next_dagrun for example_xcom to 2021-01-01T00:00:00+00:00, run_after=2021-01-01T00:00:00+00:00
[2023-09-29T21:48:55.229+0200] {processor.py:179} INFO - Processing /home/radtrz/.local/lib/python3.10/site-packages/airflow/example_dags/example_xcom.py took 0.055 seconds
[2023-09-29T21:49:37.730+0200] {processor.py:157} INFO - Started process (PID=19199) to work on /home/radtrz/.local/lib/python3.10/site-packages/airflow/example_dags/example_xcom.py
[2023-09-29T21:49:37.739+0200] {processor.py:829} INFO - Processing file /home/radtrz/.local/lib/python3.10/site-packages/airflow/example_dags/example_xcom.py for tasks to queue
[2023-09-29T21:49:37.739+0200] {logging_mixin.py:151} INFO - [2023-09-29T21:49:37.739+0200] {dagbag.py:539} INFO - Filling up the DagBag from /home/radtrz/.local/lib/python3.10/site-packages/airflow/example_dags/example_xcom.py
[2023-09-29T21:49:37.743+0200] {processor.py:839} INFO - DAG(s) dict_keys(['example_xcom']) retrieved from /home/radtrz/.local/lib/python3.10/site-packages/airflow/example_dags/example_xcom.py
[2023-09-29T21:49:37.751+0200] {logging_mixin.py:151} INFO - [2023-09-29T21:49:37.751+0200] {dag.py:2915} INFO - Sync 1 DAGs
[2023-09-29T21:49:37.761+0200] {logging_mixin.py:151} INFO - [2023-09-29T21:49:37.761+0200] {dag.py:3696} INFO - Setting next_dagrun for example_xcom to 2021-01-01T00:00:00+00:00, run_after=2021-01-01T00:00:00+00:00
[2023-09-29T21:49:37.771+0200] {processor.py:179} INFO - Processing /home/radtrz/.local/lib/python3.10/site-packages/airflow/example_dags/example_xcom.py took 0.042 seconds
[2023-09-29T21:50:14.658+0200] {processor.py:157} INFO - Started process (PID=19246) to work on /home/radtrz/.local/lib/python3.10/site-packages/airflow/example_dags/example_xcom.py
[2023-09-29T21:50:14.666+0200] {processor.py:829} INFO - Processing file /home/radtrz/.local/lib/python3.10/site-packages/airflow/example_dags/example_xcom.py for tasks to queue
[2023-09-29T21:50:14.667+0200] {logging_mixin.py:151} INFO - [2023-09-29T21:50:14.667+0200] {dagbag.py:539} INFO - Filling up the DagBag from /home/radtrz/.local/lib/python3.10/site-packages/airflow/example_dags/example_xcom.py
[2023-09-29T21:50:14.671+0200] {processor.py:839} INFO - DAG(s) dict_keys(['example_xcom']) retrieved from /home/radtrz/.local/lib/python3.10/site-packages/airflow/example_dags/example_xcom.py
[2023-09-29T21:50:14.680+0200] {logging_mixin.py:151} INFO - [2023-09-29T21:50:14.680+0200] {dag.py:2915} INFO - Sync 1 DAGs
[2023-09-29T21:50:14.689+0200] {logging_mixin.py:151} INFO - [2023-09-29T21:50:14.689+0200] {dag.py:3696} INFO - Setting next_dagrun for example_xcom to 2021-01-01T00:00:00+00:00, run_after=2021-01-01T00:00:00+00:00
[2023-09-29T21:50:14.703+0200] {processor.py:179} INFO - Processing /home/radtrz/.local/lib/python3.10/site-packages/airflow/example_dags/example_xcom.py took 0.047 seconds
[2023-09-29T21:50:57.497+0200] {processor.py:157} INFO - Started process (PID=19300) to work on /home/radtrz/.local/lib/python3.10/site-packages/airflow/example_dags/example_xcom.py
[2023-09-29T21:50:57.497+0200] {processor.py:829} INFO - Processing file /home/radtrz/.local/lib/python3.10/site-packages/airflow/example_dags/example_xcom.py for tasks to queue
[2023-09-29T21:50:57.498+0200] {logging_mixin.py:151} INFO - [2023-09-29T21:50:57.498+0200] {dagbag.py:539} INFO - Filling up the DagBag from /home/radtrz/.local/lib/python3.10/site-packages/airflow/example_dags/example_xcom.py
[2023-09-29T21:50:57.502+0200] {processor.py:839} INFO - DAG(s) dict_keys(['example_xcom']) retrieved from /home/radtrz/.local/lib/python3.10/site-packages/airflow/example_dags/example_xcom.py
[2023-09-29T21:50:57.510+0200] {logging_mixin.py:151} INFO - [2023-09-29T21:50:57.510+0200] {dag.py:2915} INFO - Sync 1 DAGs
[2023-09-29T21:50:57.520+0200] {logging_mixin.py:151} INFO - [2023-09-29T21:50:57.520+0200] {dag.py:3696} INFO - Setting next_dagrun for example_xcom to 2021-01-01T00:00:00+00:00, run_after=2021-01-01T00:00:00+00:00
[2023-09-29T21:50:57.541+0200] {processor.py:179} INFO - Processing /home/radtrz/.local/lib/python3.10/site-packages/airflow/example_dags/example_xcom.py took 0.046 seconds
[2023-09-29T21:51:41.750+0200] {processor.py:157} INFO - Started process (PID=19353) to work on /home/radtrz/.local/lib/python3.10/site-packages/airflow/example_dags/example_xcom.py
[2023-09-29T21:51:41.758+0200] {processor.py:829} INFO - Processing file /home/radtrz/.local/lib/python3.10/site-packages/airflow/example_dags/example_xcom.py for tasks to queue
[2023-09-29T21:51:41.759+0200] {logging_mixin.py:151} INFO - [2023-09-29T21:51:41.758+0200] {dagbag.py:539} INFO - Filling up the DagBag from /home/radtrz/.local/lib/python3.10/site-packages/airflow/example_dags/example_xcom.py
[2023-09-29T21:51:41.762+0200] {processor.py:839} INFO - DAG(s) dict_keys(['example_xcom']) retrieved from /home/radtrz/.local/lib/python3.10/site-packages/airflow/example_dags/example_xcom.py
[2023-09-29T21:51:41.771+0200] {logging_mixin.py:151} INFO - [2023-09-29T21:51:41.770+0200] {dag.py:2915} INFO - Sync 1 DAGs
[2023-09-29T21:51:41.780+0200] {logging_mixin.py:151} INFO - [2023-09-29T21:51:41.780+0200] {dag.py:3696} INFO - Setting next_dagrun for example_xcom to 2021-01-01T00:00:00+00:00, run_after=2021-01-01T00:00:00+00:00
[2023-09-29T21:51:41.793+0200] {processor.py:179} INFO - Processing /home/radtrz/.local/lib/python3.10/site-packages/airflow/example_dags/example_xcom.py took 0.045 seconds
[2023-09-29T21:52:24.328+0200] {processor.py:157} INFO - Started process (PID=19415) to work on /home/radtrz/.local/lib/python3.10/site-packages/airflow/example_dags/example_xcom.py
[2023-09-29T21:52:24.337+0200] {processor.py:829} INFO - Processing file /home/radtrz/.local/lib/python3.10/site-packages/airflow/example_dags/example_xcom.py for tasks to queue
[2023-09-29T21:52:24.337+0200] {logging_mixin.py:151} INFO - [2023-09-29T21:52:24.337+0200] {dagbag.py:539} INFO - Filling up the DagBag from /home/radtrz/.local/lib/python3.10/site-packages/airflow/example_dags/example_xcom.py
[2023-09-29T21:52:24.341+0200] {processor.py:839} INFO - DAG(s) dict_keys(['example_xcom']) retrieved from /home/radtrz/.local/lib/python3.10/site-packages/airflow/example_dags/example_xcom.py
[2023-09-29T21:52:24.349+0200] {logging_mixin.py:151} INFO - [2023-09-29T21:52:24.349+0200] {dag.py:2915} INFO - Sync 1 DAGs
[2023-09-29T21:52:24.358+0200] {logging_mixin.py:151} INFO - [2023-09-29T21:52:24.358+0200] {dag.py:3696} INFO - Setting next_dagrun for example_xcom to 2021-01-01T00:00:00+00:00, run_after=2021-01-01T00:00:00+00:00
[2023-09-29T21:52:24.368+0200] {processor.py:179} INFO - Processing /home/radtrz/.local/lib/python3.10/site-packages/airflow/example_dags/example_xcom.py took 0.042 seconds
[2023-09-29T21:53:08.276+0200] {processor.py:157} INFO - Started process (PID=19472) to work on /home/radtrz/.local/lib/python3.10/site-packages/airflow/example_dags/example_xcom.py
[2023-09-29T21:53:08.277+0200] {processor.py:829} INFO - Processing file /home/radtrz/.local/lib/python3.10/site-packages/airflow/example_dags/example_xcom.py for tasks to queue
[2023-09-29T21:53:08.277+0200] {logging_mixin.py:151} INFO - [2023-09-29T21:53:08.277+0200] {dagbag.py:539} INFO - Filling up the DagBag from /home/radtrz/.local/lib/python3.10/site-packages/airflow/example_dags/example_xcom.py
[2023-09-29T21:53:08.281+0200] {processor.py:839} INFO - DAG(s) dict_keys(['example_xcom']) retrieved from /home/radtrz/.local/lib/python3.10/site-packages/airflow/example_dags/example_xcom.py
[2023-09-29T21:53:08.290+0200] {logging_mixin.py:151} INFO - [2023-09-29T21:53:08.289+0200] {dag.py:2915} INFO - Sync 1 DAGs
[2023-09-29T21:53:08.299+0200] {logging_mixin.py:151} INFO - [2023-09-29T21:53:08.298+0200] {dag.py:3696} INFO - Setting next_dagrun for example_xcom to 2021-01-01T00:00:00+00:00, run_after=2021-01-01T00:00:00+00:00
[2023-09-29T21:53:08.311+0200] {processor.py:179} INFO - Processing /home/radtrz/.local/lib/python3.10/site-packages/airflow/example_dags/example_xcom.py took 0.036 seconds
[2023-09-29T21:53:48.269+0200] {processor.py:157} INFO - Started process (PID=19527) to work on /home/radtrz/.local/lib/python3.10/site-packages/airflow/example_dags/example_xcom.py
[2023-09-29T21:53:48.278+0200] {processor.py:829} INFO - Processing file /home/radtrz/.local/lib/python3.10/site-packages/airflow/example_dags/example_xcom.py for tasks to queue
[2023-09-29T21:53:48.278+0200] {logging_mixin.py:151} INFO - [2023-09-29T21:53:48.278+0200] {dagbag.py:539} INFO - Filling up the DagBag from /home/radtrz/.local/lib/python3.10/site-packages/airflow/example_dags/example_xcom.py
[2023-09-29T21:53:48.282+0200] {processor.py:839} INFO - DAG(s) dict_keys(['example_xcom']) retrieved from /home/radtrz/.local/lib/python3.10/site-packages/airflow/example_dags/example_xcom.py
[2023-09-29T21:53:48.291+0200] {logging_mixin.py:151} INFO - [2023-09-29T21:53:48.290+0200] {dag.py:2915} INFO - Sync 1 DAGs
[2023-09-29T21:53:48.300+0200] {logging_mixin.py:151} INFO - [2023-09-29T21:53:48.299+0200] {dag.py:3696} INFO - Setting next_dagrun for example_xcom to 2021-01-01T00:00:00+00:00, run_after=2021-01-01T00:00:00+00:00
[2023-09-29T21:53:48.317+0200] {processor.py:179} INFO - Processing /home/radtrz/.local/lib/python3.10/site-packages/airflow/example_dags/example_xcom.py took 0.049 seconds
[2023-09-29T21:54:46.949+0200] {processor.py:157} INFO - Started process (PID=19613) to work on /home/radtrz/.local/lib/python3.10/site-packages/airflow/example_dags/example_xcom.py
[2023-09-29T21:54:46.950+0200] {processor.py:829} INFO - Processing file /home/radtrz/.local/lib/python3.10/site-packages/airflow/example_dags/example_xcom.py for tasks to queue
[2023-09-29T21:54:46.950+0200] {logging_mixin.py:151} INFO - [2023-09-29T21:54:46.950+0200] {dagbag.py:539} INFO - Filling up the DagBag from /home/radtrz/.local/lib/python3.10/site-packages/airflow/example_dags/example_xcom.py
[2023-09-29T21:54:46.954+0200] {processor.py:839} INFO - DAG(s) dict_keys(['example_xcom']) retrieved from /home/radtrz/.local/lib/python3.10/site-packages/airflow/example_dags/example_xcom.py
[2023-09-29T21:54:46.964+0200] {logging_mixin.py:151} INFO - [2023-09-29T21:54:46.964+0200] {dag.py:2915} INFO - Sync 1 DAGs
[2023-09-29T21:54:46.974+0200] {logging_mixin.py:151} INFO - [2023-09-29T21:54:46.974+0200] {dag.py:3696} INFO - Setting next_dagrun for example_xcom to 2021-01-01T00:00:00+00:00, run_after=2021-01-01T00:00:00+00:00
[2023-09-29T21:54:46.985+0200] {processor.py:179} INFO - Processing /home/radtrz/.local/lib/python3.10/site-packages/airflow/example_dags/example_xcom.py took 0.037 seconds
[2023-09-29T21:55:29.530+0200] {processor.py:157} INFO - Started process (PID=19766) to work on /home/radtrz/.local/lib/python3.10/site-packages/airflow/example_dags/example_xcom.py
[2023-09-29T21:55:29.539+0200] {processor.py:829} INFO - Processing file /home/radtrz/.local/lib/python3.10/site-packages/airflow/example_dags/example_xcom.py for tasks to queue
[2023-09-29T21:55:29.539+0200] {logging_mixin.py:151} INFO - [2023-09-29T21:55:29.539+0200] {dagbag.py:539} INFO - Filling up the DagBag from /home/radtrz/.local/lib/python3.10/site-packages/airflow/example_dags/example_xcom.py
[2023-09-29T21:55:29.543+0200] {processor.py:839} INFO - DAG(s) dict_keys(['example_xcom']) retrieved from /home/radtrz/.local/lib/python3.10/site-packages/airflow/example_dags/example_xcom.py
[2023-09-29T21:55:29.552+0200] {logging_mixin.py:151} INFO - [2023-09-29T21:55:29.552+0200] {dag.py:2915} INFO - Sync 1 DAGs
[2023-09-29T21:55:29.562+0200] {logging_mixin.py:151} INFO - [2023-09-29T21:55:29.562+0200] {dag.py:3696} INFO - Setting next_dagrun for example_xcom to 2021-01-01T00:00:00+00:00, run_after=2021-01-01T00:00:00+00:00
[2023-09-29T21:55:29.572+0200] {processor.py:179} INFO - Processing /home/radtrz/.local/lib/python3.10/site-packages/airflow/example_dags/example_xcom.py took 0.044 seconds
