[2023-09-29T21:46:35.852+0200] {processor.py:157} INFO - Started process (PID=18684) to work on /home/radtrz/.local/lib/python3.10/site-packages/airflow/example_dags/tutorial_dag.py
[2023-09-29T21:46:35.852+0200] {processor.py:829} INFO - Processing file /home/radtrz/.local/lib/python3.10/site-packages/airflow/example_dags/tutorial_dag.py for tasks to queue
[2023-09-29T21:46:35.853+0200] {logging_mixin.py:151} INFO - [2023-09-29T21:46:35.853+0200] {dagbag.py:539} INFO - Filling up the DagBag from /home/radtrz/.local/lib/python3.10/site-packages/airflow/example_dags/tutorial_dag.py
[2023-09-29T21:46:35.855+0200] {processor.py:839} INFO - DAG(s) dict_keys(['tutorial_dag']) retrieved from /home/radtrz/.local/lib/python3.10/site-packages/airflow/example_dags/tutorial_dag.py
[2023-09-29T21:46:35.932+0200] {logging_mixin.py:151} INFO - [2023-09-29T21:46:35.932+0200] {manager.py:499} INFO - Created Permission View: %s
[2023-09-29T21:46:35.938+0200] {logging_mixin.py:151} INFO - [2023-09-29T21:46:35.938+0200] {manager.py:499} INFO - Created Permission View: %s
[2023-09-29T21:46:35.942+0200] {logging_mixin.py:151} INFO - [2023-09-29T21:46:35.942+0200] {manager.py:499} INFO - Created Permission View: %s
[2023-09-29T21:46:35.942+0200] {logging_mixin.py:151} INFO - [2023-09-29T21:46:35.942+0200] {security.py:708} INFO - Not syncing DAG-level permissions for DAG 'DAG:tutorial_dag' as access control is unset.
[2023-09-29T21:46:35.942+0200] {logging_mixin.py:151} INFO - [2023-09-29T21:46:35.942+0200] {dag.py:2915} INFO - Sync 1 DAGs
[2023-09-29T21:46:35.947+0200] {logging_mixin.py:151} INFO - [2023-09-29T21:46:35.947+0200] {dag.py:2937} INFO - Creating ORM DAG for tutorial_dag
[2023-09-29T21:46:35.947+0200] {logging_mixin.py:151} INFO - [2023-09-29T21:46:35.947+0200] {dag.py:3696} INFO - Setting next_dagrun for tutorial_dag to None, run_after=None
[2023-09-29T21:46:35.957+0200] {processor.py:179} INFO - Processing /home/radtrz/.local/lib/python3.10/site-packages/airflow/example_dags/tutorial_dag.py took 0.107 seconds
[2023-09-29T21:47:22.811+0200] {processor.py:157} INFO - Started process (PID=18737) to work on /home/radtrz/.local/lib/python3.10/site-packages/airflow/example_dags/tutorial_dag.py
[2023-09-29T21:47:22.820+0200] {processor.py:829} INFO - Processing file /home/radtrz/.local/lib/python3.10/site-packages/airflow/example_dags/tutorial_dag.py for tasks to queue
[2023-09-29T21:47:22.820+0200] {logging_mixin.py:151} INFO - [2023-09-29T21:47:22.820+0200] {dagbag.py:539} INFO - Filling up the DagBag from /home/radtrz/.local/lib/python3.10/site-packages/airflow/example_dags/tutorial_dag.py
[2023-09-29T21:47:22.823+0200] {processor.py:839} INFO - DAG(s) dict_keys(['tutorial_dag']) retrieved from /home/radtrz/.local/lib/python3.10/site-packages/airflow/example_dags/tutorial_dag.py
[2023-09-29T21:47:22.831+0200] {logging_mixin.py:151} INFO - [2023-09-29T21:47:22.831+0200] {dag.py:2915} INFO - Sync 1 DAGs
[2023-09-29T21:47:22.836+0200] {logging_mixin.py:151} INFO - [2023-09-29T21:47:22.836+0200] {dag.py:3696} INFO - Setting next_dagrun for tutorial_dag to None, run_after=None
[2023-09-29T21:47:22.862+0200] {processor.py:179} INFO - Processing /home/radtrz/.local/lib/python3.10/site-packages/airflow/example_dags/tutorial_dag.py took 0.053 seconds
[2023-09-29T21:48:06.229+0200] {processor.py:157} INFO - Started process (PID=18966) to work on /home/radtrz/.local/lib/python3.10/site-packages/airflow/example_dags/tutorial_dag.py
[2023-09-29T21:48:06.237+0200] {processor.py:829} INFO - Processing file /home/radtrz/.local/lib/python3.10/site-packages/airflow/example_dags/tutorial_dag.py for tasks to queue
[2023-09-29T21:48:06.238+0200] {logging_mixin.py:151} INFO - [2023-09-29T21:48:06.238+0200] {dagbag.py:539} INFO - Filling up the DagBag from /home/radtrz/.local/lib/python3.10/site-packages/airflow/example_dags/tutorial_dag.py
[2023-09-29T21:48:06.240+0200] {processor.py:839} INFO - DAG(s) dict_keys(['tutorial_dag']) retrieved from /home/radtrz/.local/lib/python3.10/site-packages/airflow/example_dags/tutorial_dag.py
[2023-09-29T21:48:06.248+0200] {logging_mixin.py:151} INFO - [2023-09-29T21:48:06.248+0200] {dag.py:2915} INFO - Sync 1 DAGs
[2023-09-29T21:48:06.254+0200] {logging_mixin.py:151} INFO - [2023-09-29T21:48:06.254+0200] {dag.py:3696} INFO - Setting next_dagrun for tutorial_dag to None, run_after=None
[2023-09-29T21:48:06.265+0200] {processor.py:179} INFO - Processing /home/radtrz/.local/lib/python3.10/site-packages/airflow/example_dags/tutorial_dag.py took 0.038 seconds
[2023-09-29T21:48:46.324+0200] {processor.py:157} INFO - Started process (PID=19109) to work on /home/radtrz/.local/lib/python3.10/site-packages/airflow/example_dags/tutorial_dag.py
[2023-09-29T21:48:46.329+0200] {processor.py:829} INFO - Processing file /home/radtrz/.local/lib/python3.10/site-packages/airflow/example_dags/tutorial_dag.py for tasks to queue
[2023-09-29T21:48:46.329+0200] {logging_mixin.py:151} INFO - [2023-09-29T21:48:46.329+0200] {dagbag.py:539} INFO - Filling up the DagBag from /home/radtrz/.local/lib/python3.10/site-packages/airflow/example_dags/tutorial_dag.py
[2023-09-29T21:48:46.332+0200] {processor.py:839} INFO - DAG(s) dict_keys(['tutorial_dag']) retrieved from /home/radtrz/.local/lib/python3.10/site-packages/airflow/example_dags/tutorial_dag.py
[2023-09-29T21:48:46.340+0200] {logging_mixin.py:151} INFO - [2023-09-29T21:48:46.340+0200] {dag.py:2915} INFO - Sync 1 DAGs
[2023-09-29T21:48:46.346+0200] {logging_mixin.py:151} INFO - [2023-09-29T21:48:46.345+0200] {dag.py:3696} INFO - Setting next_dagrun for tutorial_dag to None, run_after=None
[2023-09-29T21:48:46.356+0200] {processor.py:179} INFO - Processing /home/radtrz/.local/lib/python3.10/site-packages/airflow/example_dags/tutorial_dag.py took 0.034 seconds
[2023-09-29T21:49:28.594+0200] {processor.py:157} INFO - Started process (PID=19184) to work on /home/radtrz/.local/lib/python3.10/site-packages/airflow/example_dags/tutorial_dag.py
[2023-09-29T21:49:28.602+0200] {processor.py:829} INFO - Processing file /home/radtrz/.local/lib/python3.10/site-packages/airflow/example_dags/tutorial_dag.py for tasks to queue
[2023-09-29T21:49:28.603+0200] {logging_mixin.py:151} INFO - [2023-09-29T21:49:28.602+0200] {dagbag.py:539} INFO - Filling up the DagBag from /home/radtrz/.local/lib/python3.10/site-packages/airflow/example_dags/tutorial_dag.py
[2023-09-29T21:49:28.605+0200] {processor.py:839} INFO - DAG(s) dict_keys(['tutorial_dag']) retrieved from /home/radtrz/.local/lib/python3.10/site-packages/airflow/example_dags/tutorial_dag.py
[2023-09-29T21:49:28.613+0200] {logging_mixin.py:151} INFO - [2023-09-29T21:49:28.613+0200] {dag.py:2915} INFO - Sync 1 DAGs
[2023-09-29T21:49:28.619+0200] {logging_mixin.py:151} INFO - [2023-09-29T21:49:28.619+0200] {dag.py:3696} INFO - Setting next_dagrun for tutorial_dag to None, run_after=None
[2023-09-29T21:49:28.630+0200] {processor.py:179} INFO - Processing /home/radtrz/.local/lib/python3.10/site-packages/airflow/example_dags/tutorial_dag.py took 0.037 seconds
[2023-09-29T21:50:09.518+0200] {processor.py:157} INFO - Started process (PID=19238) to work on /home/radtrz/.local/lib/python3.10/site-packages/airflow/example_dags/tutorial_dag.py
[2023-09-29T21:50:09.526+0200] {processor.py:829} INFO - Processing file /home/radtrz/.local/lib/python3.10/site-packages/airflow/example_dags/tutorial_dag.py for tasks to queue
[2023-09-29T21:50:09.527+0200] {logging_mixin.py:151} INFO - [2023-09-29T21:50:09.527+0200] {dagbag.py:539} INFO - Filling up the DagBag from /home/radtrz/.local/lib/python3.10/site-packages/airflow/example_dags/tutorial_dag.py
[2023-09-29T21:50:09.529+0200] {processor.py:839} INFO - DAG(s) dict_keys(['tutorial_dag']) retrieved from /home/radtrz/.local/lib/python3.10/site-packages/airflow/example_dags/tutorial_dag.py
[2023-09-29T21:50:09.541+0200] {logging_mixin.py:151} INFO - [2023-09-29T21:50:09.541+0200] {dag.py:2915} INFO - Sync 1 DAGs
[2023-09-29T21:50:09.546+0200] {logging_mixin.py:151} INFO - [2023-09-29T21:50:09.546+0200] {dag.py:3696} INFO - Setting next_dagrun for tutorial_dag to None, run_after=None
[2023-09-29T21:50:09.557+0200] {processor.py:179} INFO - Processing /home/radtrz/.local/lib/python3.10/site-packages/airflow/example_dags/tutorial_dag.py took 0.041 seconds
[2023-09-29T21:50:53.498+0200] {processor.py:157} INFO - Started process (PID=19294) to work on /home/radtrz/.local/lib/python3.10/site-packages/airflow/example_dags/tutorial_dag.py
[2023-09-29T21:50:53.498+0200] {processor.py:829} INFO - Processing file /home/radtrz/.local/lib/python3.10/site-packages/airflow/example_dags/tutorial_dag.py for tasks to queue
[2023-09-29T21:50:53.499+0200] {logging_mixin.py:151} INFO - [2023-09-29T21:50:53.498+0200] {dagbag.py:539} INFO - Filling up the DagBag from /home/radtrz/.local/lib/python3.10/site-packages/airflow/example_dags/tutorial_dag.py
[2023-09-29T21:50:53.501+0200] {processor.py:839} INFO - DAG(s) dict_keys(['tutorial_dag']) retrieved from /home/radtrz/.local/lib/python3.10/site-packages/airflow/example_dags/tutorial_dag.py
[2023-09-29T21:50:53.510+0200] {logging_mixin.py:151} INFO - [2023-09-29T21:50:53.510+0200] {dag.py:2915} INFO - Sync 1 DAGs
[2023-09-29T21:50:53.516+0200] {logging_mixin.py:151} INFO - [2023-09-29T21:50:53.516+0200] {dag.py:3696} INFO - Setting next_dagrun for tutorial_dag to None, run_after=None
[2023-09-29T21:50:53.527+0200] {processor.py:179} INFO - Processing /home/radtrz/.local/lib/python3.10/site-packages/airflow/example_dags/tutorial_dag.py took 0.031 seconds
[2023-09-29T21:51:36.901+0200] {processor.py:157} INFO - Started process (PID=19347) to work on /home/radtrz/.local/lib/python3.10/site-packages/airflow/example_dags/tutorial_dag.py
[2023-09-29T21:51:36.910+0200] {processor.py:829} INFO - Processing file /home/radtrz/.local/lib/python3.10/site-packages/airflow/example_dags/tutorial_dag.py for tasks to queue
[2023-09-29T21:51:36.910+0200] {logging_mixin.py:151} INFO - [2023-09-29T21:51:36.910+0200] {dagbag.py:539} INFO - Filling up the DagBag from /home/radtrz/.local/lib/python3.10/site-packages/airflow/example_dags/tutorial_dag.py
[2023-09-29T21:51:36.913+0200] {processor.py:839} INFO - DAG(s) dict_keys(['tutorial_dag']) retrieved from /home/radtrz/.local/lib/python3.10/site-packages/airflow/example_dags/tutorial_dag.py
[2023-09-29T21:51:36.923+0200] {logging_mixin.py:151} INFO - [2023-09-29T21:51:36.923+0200] {dag.py:2915} INFO - Sync 1 DAGs
[2023-09-29T21:51:36.929+0200] {logging_mixin.py:151} INFO - [2023-09-29T21:51:36.929+0200] {dag.py:3696} INFO - Setting next_dagrun for tutorial_dag to None, run_after=None
[2023-09-29T21:51:36.946+0200] {processor.py:179} INFO - Processing /home/radtrz/.local/lib/python3.10/site-packages/airflow/example_dags/tutorial_dag.py took 0.046 seconds
[2023-09-29T21:52:17.732+0200] {processor.py:157} INFO - Started process (PID=19409) to work on /home/radtrz/.local/lib/python3.10/site-packages/airflow/example_dags/tutorial_dag.py
[2023-09-29T21:52:17.733+0200] {processor.py:829} INFO - Processing file /home/radtrz/.local/lib/python3.10/site-packages/airflow/example_dags/tutorial_dag.py for tasks to queue
[2023-09-29T21:52:17.733+0200] {logging_mixin.py:151} INFO - [2023-09-29T21:52:17.733+0200] {dagbag.py:539} INFO - Filling up the DagBag from /home/radtrz/.local/lib/python3.10/site-packages/airflow/example_dags/tutorial_dag.py
[2023-09-29T21:52:17.736+0200] {processor.py:839} INFO - DAG(s) dict_keys(['tutorial_dag']) retrieved from /home/radtrz/.local/lib/python3.10/site-packages/airflow/example_dags/tutorial_dag.py
[2023-09-29T21:52:17.744+0200] {logging_mixin.py:151} INFO - [2023-09-29T21:52:17.744+0200] {dag.py:2915} INFO - Sync 1 DAGs
[2023-09-29T21:52:17.750+0200] {logging_mixin.py:151} INFO - [2023-09-29T21:52:17.750+0200] {dag.py:3696} INFO - Setting next_dagrun for tutorial_dag to None, run_after=None
[2023-09-29T21:52:17.760+0200] {processor.py:179} INFO - Processing /home/radtrz/.local/lib/python3.10/site-packages/airflow/example_dags/tutorial_dag.py took 0.029 seconds
[2023-09-29T21:53:02.004+0200] {processor.py:157} INFO - Started process (PID=19460) to work on /home/radtrz/.local/lib/python3.10/site-packages/airflow/example_dags/tutorial_dag.py
[2023-09-29T21:53:02.013+0200] {processor.py:829} INFO - Processing file /home/radtrz/.local/lib/python3.10/site-packages/airflow/example_dags/tutorial_dag.py for tasks to queue
[2023-09-29T21:53:02.013+0200] {logging_mixin.py:151} INFO - [2023-09-29T21:53:02.013+0200] {dagbag.py:539} INFO - Filling up the DagBag from /home/radtrz/.local/lib/python3.10/site-packages/airflow/example_dags/tutorial_dag.py
[2023-09-29T21:53:02.015+0200] {processor.py:839} INFO - DAG(s) dict_keys(['tutorial_dag']) retrieved from /home/radtrz/.local/lib/python3.10/site-packages/airflow/example_dags/tutorial_dag.py
[2023-09-29T21:53:02.023+0200] {logging_mixin.py:151} INFO - [2023-09-29T21:53:02.023+0200] {dag.py:2915} INFO - Sync 1 DAGs
[2023-09-29T21:53:02.029+0200] {logging_mixin.py:151} INFO - [2023-09-29T21:53:02.029+0200] {dag.py:3696} INFO - Setting next_dagrun for tutorial_dag to None, run_after=None
[2023-09-29T21:53:02.039+0200] {processor.py:179} INFO - Processing /home/radtrz/.local/lib/python3.10/site-packages/airflow/example_dags/tutorial_dag.py took 0.037 seconds
[2023-09-29T21:53:41.993+0200] {processor.py:157} INFO - Started process (PID=19517) to work on /home/radtrz/.local/lib/python3.10/site-packages/airflow/example_dags/tutorial_dag.py
[2023-09-29T21:53:42.002+0200] {processor.py:829} INFO - Processing file /home/radtrz/.local/lib/python3.10/site-packages/airflow/example_dags/tutorial_dag.py for tasks to queue
[2023-09-29T21:53:42.002+0200] {logging_mixin.py:151} INFO - [2023-09-29T21:53:42.002+0200] {dagbag.py:539} INFO - Filling up the DagBag from /home/radtrz/.local/lib/python3.10/site-packages/airflow/example_dags/tutorial_dag.py
[2023-09-29T21:53:42.005+0200] {processor.py:839} INFO - DAG(s) dict_keys(['tutorial_dag']) retrieved from /home/radtrz/.local/lib/python3.10/site-packages/airflow/example_dags/tutorial_dag.py
[2023-09-29T21:53:42.014+0200] {logging_mixin.py:151} INFO - [2023-09-29T21:53:42.014+0200] {dag.py:2915} INFO - Sync 1 DAGs
[2023-09-29T21:53:42.021+0200] {logging_mixin.py:151} INFO - [2023-09-29T21:53:42.021+0200] {dag.py:3696} INFO - Setting next_dagrun for tutorial_dag to None, run_after=None
[2023-09-29T21:53:42.033+0200] {processor.py:179} INFO - Processing /home/radtrz/.local/lib/python3.10/site-packages/airflow/example_dags/tutorial_dag.py took 0.041 seconds
[2023-09-29T21:54:41.815+0200] {processor.py:157} INFO - Started process (PID=19605) to work on /home/radtrz/.local/lib/python3.10/site-packages/airflow/example_dags/tutorial_dag.py
[2023-09-29T21:54:41.823+0200] {processor.py:829} INFO - Processing file /home/radtrz/.local/lib/python3.10/site-packages/airflow/example_dags/tutorial_dag.py for tasks to queue
[2023-09-29T21:54:41.824+0200] {logging_mixin.py:151} INFO - [2023-09-29T21:54:41.824+0200] {dagbag.py:539} INFO - Filling up the DagBag from /home/radtrz/.local/lib/python3.10/site-packages/airflow/example_dags/tutorial_dag.py
[2023-09-29T21:54:41.828+0200] {processor.py:839} INFO - DAG(s) dict_keys(['tutorial_dag']) retrieved from /home/radtrz/.local/lib/python3.10/site-packages/airflow/example_dags/tutorial_dag.py
[2023-09-29T21:54:41.836+0200] {logging_mixin.py:151} INFO - [2023-09-29T21:54:41.836+0200] {dag.py:2915} INFO - Sync 1 DAGs
[2023-09-29T21:54:41.843+0200] {logging_mixin.py:151} INFO - [2023-09-29T21:54:41.843+0200] {dag.py:3696} INFO - Setting next_dagrun for tutorial_dag to None, run_after=None
[2023-09-29T21:54:41.854+0200] {processor.py:179} INFO - Processing /home/radtrz/.local/lib/python3.10/site-packages/airflow/example_dags/tutorial_dag.py took 0.041 seconds
[2023-09-29T21:55:24.386+0200] {processor.py:157} INFO - Started process (PID=19760) to work on /home/radtrz/.local/lib/python3.10/site-packages/airflow/example_dags/tutorial_dag.py
[2023-09-29T21:55:24.395+0200] {processor.py:829} INFO - Processing file /home/radtrz/.local/lib/python3.10/site-packages/airflow/example_dags/tutorial_dag.py for tasks to queue
[2023-09-29T21:55:24.395+0200] {logging_mixin.py:151} INFO - [2023-09-29T21:55:24.395+0200] {dagbag.py:539} INFO - Filling up the DagBag from /home/radtrz/.local/lib/python3.10/site-packages/airflow/example_dags/tutorial_dag.py
[2023-09-29T21:55:24.398+0200] {processor.py:839} INFO - DAG(s) dict_keys(['tutorial_dag']) retrieved from /home/radtrz/.local/lib/python3.10/site-packages/airflow/example_dags/tutorial_dag.py
[2023-09-29T21:55:24.406+0200] {logging_mixin.py:151} INFO - [2023-09-29T21:55:24.406+0200] {dag.py:2915} INFO - Sync 1 DAGs
[2023-09-29T21:55:24.413+0200] {logging_mixin.py:151} INFO - [2023-09-29T21:55:24.412+0200] {dag.py:3696} INFO - Setting next_dagrun for tutorial_dag to None, run_after=None
[2023-09-29T21:55:24.438+0200] {processor.py:179} INFO - Processing /home/radtrz/.local/lib/python3.10/site-packages/airflow/example_dags/tutorial_dag.py took 0.053 seconds
