[2023-09-29T21:46:29.490+0200] {processor.py:157} INFO - Started process (PID=18673) to work on /home/radtrz/.local/lib/python3.10/site-packages/airflow/example_dags/tutorial_taskflow_api_virtualenv.py
[2023-09-29T21:46:29.491+0200] {processor.py:829} INFO - Processing file /home/radtrz/.local/lib/python3.10/site-packages/airflow/example_dags/tutorial_taskflow_api_virtualenv.py for tasks to queue
[2023-09-29T21:46:29.491+0200] {logging_mixin.py:151} INFO - [2023-09-29T21:46:29.491+0200] {dagbag.py:539} INFO - Filling up the DagBag from /home/radtrz/.local/lib/python3.10/site-packages/airflow/example_dags/tutorial_taskflow_api_virtualenv.py
[2023-09-29T21:46:29.493+0200] {logging_mixin.py:151} INFO - [2023-09-29T21:46:29.493+0200] {tutorial_taskflow_api_virtualenv.py:29} WARNING - The tutorial_taskflow_api_virtualenv example DAG requires virtualenv, please install it.
[2023-09-29T21:46:29.493+0200] {processor.py:841} WARNING - No viable dags retrieved from /home/radtrz/.local/lib/python3.10/site-packages/airflow/example_dags/tutorial_taskflow_api_virtualenv.py
[2023-09-29T21:46:29.497+0200] {processor.py:179} INFO - Processing /home/radtrz/.local/lib/python3.10/site-packages/airflow/example_dags/tutorial_taskflow_api_virtualenv.py took 0.009 seconds
[2023-09-29T21:47:15.999+0200] {processor.py:157} INFO - Started process (PID=18728) to work on /home/radtrz/.local/lib/python3.10/site-packages/airflow/example_dags/tutorial_taskflow_api_virtualenv.py
[2023-09-29T21:47:16.008+0200] {processor.py:829} INFO - Processing file /home/radtrz/.local/lib/python3.10/site-packages/airflow/example_dags/tutorial_taskflow_api_virtualenv.py for tasks to queue
[2023-09-29T21:47:16.008+0200] {logging_mixin.py:151} INFO - [2023-09-29T21:47:16.008+0200] {dagbag.py:539} INFO - Filling up the DagBag from /home/radtrz/.local/lib/python3.10/site-packages/airflow/example_dags/tutorial_taskflow_api_virtualenv.py
[2023-09-29T21:47:16.009+0200] {logging_mixin.py:151} INFO - [2023-09-29T21:47:16.009+0200] {tutorial_taskflow_api_virtualenv.py:29} WARNING - The tutorial_taskflow_api_virtualenv example DAG requires virtualenv, please install it.
[2023-09-29T21:47:16.009+0200] {processor.py:841} WARNING - No viable dags retrieved from /home/radtrz/.local/lib/python3.10/site-packages/airflow/example_dags/tutorial_taskflow_api_virtualenv.py
[2023-09-29T21:47:16.014+0200] {processor.py:179} INFO - Processing /home/radtrz/.local/lib/python3.10/site-packages/airflow/example_dags/tutorial_taskflow_api_virtualenv.py took 0.017 seconds
[2023-09-29T21:47:59.354+0200] {processor.py:157} INFO - Started process (PID=18919) to work on /home/radtrz/.local/lib/python3.10/site-packages/airflow/example_dags/tutorial_taskflow_api_virtualenv.py
[2023-09-29T21:47:59.362+0200] {processor.py:829} INFO - Processing file /home/radtrz/.local/lib/python3.10/site-packages/airflow/example_dags/tutorial_taskflow_api_virtualenv.py for tasks to queue
[2023-09-29T21:47:59.363+0200] {logging_mixin.py:151} INFO - [2023-09-29T21:47:59.362+0200] {dagbag.py:539} INFO - Filling up the DagBag from /home/radtrz/.local/lib/python3.10/site-packages/airflow/example_dags/tutorial_taskflow_api_virtualenv.py
[2023-09-29T21:47:59.365+0200] {logging_mixin.py:151} INFO - [2023-09-29T21:47:59.365+0200] {tutorial_taskflow_api_virtualenv.py:29} WARNING - The tutorial_taskflow_api_virtualenv example DAG requires virtualenv, please install it.
[2023-09-29T21:47:59.365+0200] {processor.py:841} WARNING - No viable dags retrieved from /home/radtrz/.local/lib/python3.10/site-packages/airflow/example_dags/tutorial_taskflow_api_virtualenv.py
[2023-09-29T21:47:59.370+0200] {processor.py:179} INFO - Processing /home/radtrz/.local/lib/python3.10/site-packages/airflow/example_dags/tutorial_taskflow_api_virtualenv.py took 0.018 seconds
[2023-09-29T21:48:40.777+0200] {processor.py:157} INFO - Started process (PID=19102) to work on /home/radtrz/.local/lib/python3.10/site-packages/airflow/example_dags/tutorial_taskflow_api_virtualenv.py
[2023-09-29T21:48:40.785+0200] {processor.py:829} INFO - Processing file /home/radtrz/.local/lib/python3.10/site-packages/airflow/example_dags/tutorial_taskflow_api_virtualenv.py for tasks to queue
[2023-09-29T21:48:40.786+0200] {logging_mixin.py:151} INFO - [2023-09-29T21:48:40.785+0200] {dagbag.py:539} INFO - Filling up the DagBag from /home/radtrz/.local/lib/python3.10/site-packages/airflow/example_dags/tutorial_taskflow_api_virtualenv.py
[2023-09-29T21:48:40.787+0200] {logging_mixin.py:151} INFO - [2023-09-29T21:48:40.787+0200] {tutorial_taskflow_api_virtualenv.py:29} WARNING - The tutorial_taskflow_api_virtualenv example DAG requires virtualenv, please install it.
[2023-09-29T21:48:40.787+0200] {processor.py:841} WARNING - No viable dags retrieved from /home/radtrz/.local/lib/python3.10/site-packages/airflow/example_dags/tutorial_taskflow_api_virtualenv.py
[2023-09-29T21:48:40.792+0200] {processor.py:179} INFO - Processing /home/radtrz/.local/lib/python3.10/site-packages/airflow/example_dags/tutorial_taskflow_api_virtualenv.py took 0.017 seconds
[2023-09-29T21:49:22.308+0200] {processor.py:157} INFO - Started process (PID=19175) to work on /home/radtrz/.local/lib/python3.10/site-packages/airflow/example_dags/tutorial_taskflow_api_virtualenv.py
[2023-09-29T21:49:22.317+0200] {processor.py:829} INFO - Processing file /home/radtrz/.local/lib/python3.10/site-packages/airflow/example_dags/tutorial_taskflow_api_virtualenv.py for tasks to queue
[2023-09-29T21:49:22.317+0200] {logging_mixin.py:151} INFO - [2023-09-29T21:49:22.317+0200] {dagbag.py:539} INFO - Filling up the DagBag from /home/radtrz/.local/lib/python3.10/site-packages/airflow/example_dags/tutorial_taskflow_api_virtualenv.py
[2023-09-29T21:49:22.319+0200] {logging_mixin.py:151} INFO - [2023-09-29T21:49:22.319+0200] {tutorial_taskflow_api_virtualenv.py:29} WARNING - The tutorial_taskflow_api_virtualenv example DAG requires virtualenv, please install it.
[2023-09-29T21:49:22.319+0200] {processor.py:841} WARNING - No viable dags retrieved from /home/radtrz/.local/lib/python3.10/site-packages/airflow/example_dags/tutorial_taskflow_api_virtualenv.py
[2023-09-29T21:49:22.324+0200] {processor.py:179} INFO - Processing /home/radtrz/.local/lib/python3.10/site-packages/airflow/example_dags/tutorial_taskflow_api_virtualenv.py took 0.017 seconds
[2023-09-29T21:50:03.245+0200] {processor.py:157} INFO - Started process (PID=19225) to work on /home/radtrz/.local/lib/python3.10/site-packages/airflow/example_dags/tutorial_taskflow_api_virtualenv.py
[2023-09-29T21:50:03.254+0200] {processor.py:829} INFO - Processing file /home/radtrz/.local/lib/python3.10/site-packages/airflow/example_dags/tutorial_taskflow_api_virtualenv.py for tasks to queue
[2023-09-29T21:50:03.254+0200] {logging_mixin.py:151} INFO - [2023-09-29T21:50:03.254+0200] {dagbag.py:539} INFO - Filling up the DagBag from /home/radtrz/.local/lib/python3.10/site-packages/airflow/example_dags/tutorial_taskflow_api_virtualenv.py
[2023-09-29T21:50:03.256+0200] {logging_mixin.py:151} INFO - [2023-09-29T21:50:03.256+0200] {tutorial_taskflow_api_virtualenv.py:29} WARNING - The tutorial_taskflow_api_virtualenv example DAG requires virtualenv, please install it.
[2023-09-29T21:50:03.256+0200] {processor.py:841} WARNING - No viable dags retrieved from /home/radtrz/.local/lib/python3.10/site-packages/airflow/example_dags/tutorial_taskflow_api_virtualenv.py
[2023-09-29T21:50:03.261+0200] {processor.py:179} INFO - Processing /home/radtrz/.local/lib/python3.10/site-packages/airflow/example_dags/tutorial_taskflow_api_virtualenv.py took 0.017 seconds
[2023-09-29T21:50:46.496+0200] {processor.py:157} INFO - Started process (PID=19287) to work on /home/radtrz/.local/lib/python3.10/site-packages/airflow/example_dags/tutorial_taskflow_api_virtualenv.py
[2023-09-29T21:50:46.505+0200] {processor.py:829} INFO - Processing file /home/radtrz/.local/lib/python3.10/site-packages/airflow/example_dags/tutorial_taskflow_api_virtualenv.py for tasks to queue
[2023-09-29T21:50:46.505+0200] {logging_mixin.py:151} INFO - [2023-09-29T21:50:46.505+0200] {dagbag.py:539} INFO - Filling up the DagBag from /home/radtrz/.local/lib/python3.10/site-packages/airflow/example_dags/tutorial_taskflow_api_virtualenv.py
[2023-09-29T21:50:46.507+0200] {logging_mixin.py:151} INFO - [2023-09-29T21:50:46.506+0200] {tutorial_taskflow_api_virtualenv.py:29} WARNING - The tutorial_taskflow_api_virtualenv example DAG requires virtualenv, please install it.
[2023-09-29T21:50:46.507+0200] {processor.py:841} WARNING - No viable dags retrieved from /home/radtrz/.local/lib/python3.10/site-packages/airflow/example_dags/tutorial_taskflow_api_virtualenv.py
[2023-09-29T21:50:46.512+0200] {processor.py:179} INFO - Processing /home/radtrz/.local/lib/python3.10/site-packages/airflow/example_dags/tutorial_taskflow_api_virtualenv.py took 0.017 seconds
[2023-09-29T21:51:28.334+0200] {processor.py:157} INFO - Started process (PID=19336) to work on /home/radtrz/.local/lib/python3.10/site-packages/airflow/example_dags/tutorial_taskflow_api_virtualenv.py
[2023-09-29T21:51:28.335+0200] {processor.py:829} INFO - Processing file /home/radtrz/.local/lib/python3.10/site-packages/airflow/example_dags/tutorial_taskflow_api_virtualenv.py for tasks to queue
[2023-09-29T21:51:28.335+0200] {logging_mixin.py:151} INFO - [2023-09-29T21:51:28.335+0200] {dagbag.py:539} INFO - Filling up the DagBag from /home/radtrz/.local/lib/python3.10/site-packages/airflow/example_dags/tutorial_taskflow_api_virtualenv.py
[2023-09-29T21:51:28.336+0200] {logging_mixin.py:151} INFO - [2023-09-29T21:51:28.336+0200] {tutorial_taskflow_api_virtualenv.py:29} WARNING - The tutorial_taskflow_api_virtualenv example DAG requires virtualenv, please install it.
[2023-09-29T21:51:28.336+0200] {processor.py:841} WARNING - No viable dags retrieved from /home/radtrz/.local/lib/python3.10/site-packages/airflow/example_dags/tutorial_taskflow_api_virtualenv.py
[2023-09-29T21:51:28.341+0200] {processor.py:179} INFO - Processing /home/radtrz/.local/lib/python3.10/site-packages/airflow/example_dags/tutorial_taskflow_api_virtualenv.py took 0.009 seconds
[2023-09-29T21:52:10.636+0200] {processor.py:157} INFO - Started process (PID=19400) to work on /home/radtrz/.local/lib/python3.10/site-packages/airflow/example_dags/tutorial_taskflow_api_virtualenv.py
[2023-09-29T21:52:10.645+0200] {processor.py:829} INFO - Processing file /home/radtrz/.local/lib/python3.10/site-packages/airflow/example_dags/tutorial_taskflow_api_virtualenv.py for tasks to queue
[2023-09-29T21:52:10.645+0200] {logging_mixin.py:151} INFO - [2023-09-29T21:52:10.645+0200] {dagbag.py:539} INFO - Filling up the DagBag from /home/radtrz/.local/lib/python3.10/site-packages/airflow/example_dags/tutorial_taskflow_api_virtualenv.py
[2023-09-29T21:52:10.646+0200] {logging_mixin.py:151} INFO - [2023-09-29T21:52:10.646+0200] {tutorial_taskflow_api_virtualenv.py:29} WARNING - The tutorial_taskflow_api_virtualenv example DAG requires virtualenv, please install it.
[2023-09-29T21:52:10.646+0200] {processor.py:841} WARNING - No viable dags retrieved from /home/radtrz/.local/lib/python3.10/site-packages/airflow/example_dags/tutorial_taskflow_api_virtualenv.py
[2023-09-29T21:52:10.651+0200] {processor.py:179} INFO - Processing /home/radtrz/.local/lib/python3.10/site-packages/airflow/example_dags/tutorial_taskflow_api_virtualenv.py took 0.017 seconds
[2023-09-29T21:52:52.847+0200] {processor.py:157} INFO - Started process (PID=19448) to work on /home/radtrz/.local/lib/python3.10/site-packages/airflow/example_dags/tutorial_taskflow_api_virtualenv.py
[2023-09-29T21:52:52.856+0200] {processor.py:829} INFO - Processing file /home/radtrz/.local/lib/python3.10/site-packages/airflow/example_dags/tutorial_taskflow_api_virtualenv.py for tasks to queue
[2023-09-29T21:52:52.856+0200] {logging_mixin.py:151} INFO - [2023-09-29T21:52:52.856+0200] {dagbag.py:539} INFO - Filling up the DagBag from /home/radtrz/.local/lib/python3.10/site-packages/airflow/example_dags/tutorial_taskflow_api_virtualenv.py
[2023-09-29T21:52:52.857+0200] {logging_mixin.py:151} INFO - [2023-09-29T21:52:52.857+0200] {tutorial_taskflow_api_virtualenv.py:29} WARNING - The tutorial_taskflow_api_virtualenv example DAG requires virtualenv, please install it.
[2023-09-29T21:52:52.858+0200] {processor.py:841} WARNING - No viable dags retrieved from /home/radtrz/.local/lib/python3.10/site-packages/airflow/example_dags/tutorial_taskflow_api_virtualenv.py
[2023-09-29T21:52:52.863+0200] {processor.py:179} INFO - Processing /home/radtrz/.local/lib/python3.10/site-packages/airflow/example_dags/tutorial_taskflow_api_virtualenv.py took 0.017 seconds
[2023-09-29T21:53:32.850+0200] {processor.py:157} INFO - Started process (PID=19503) to work on /home/radtrz/.local/lib/python3.10/site-packages/airflow/example_dags/tutorial_taskflow_api_virtualenv.py
[2023-09-29T21:53:32.859+0200] {processor.py:829} INFO - Processing file /home/radtrz/.local/lib/python3.10/site-packages/airflow/example_dags/tutorial_taskflow_api_virtualenv.py for tasks to queue
[2023-09-29T21:53:32.859+0200] {logging_mixin.py:151} INFO - [2023-09-29T21:53:32.859+0200] {dagbag.py:539} INFO - Filling up the DagBag from /home/radtrz/.local/lib/python3.10/site-packages/airflow/example_dags/tutorial_taskflow_api_virtualenv.py
[2023-09-29T21:53:32.860+0200] {logging_mixin.py:151} INFO - [2023-09-29T21:53:32.860+0200] {tutorial_taskflow_api_virtualenv.py:29} WARNING - The tutorial_taskflow_api_virtualenv example DAG requires virtualenv, please install it.
[2023-09-29T21:53:32.860+0200] {processor.py:841} WARNING - No viable dags retrieved from /home/radtrz/.local/lib/python3.10/site-packages/airflow/example_dags/tutorial_taskflow_api_virtualenv.py
[2023-09-29T21:53:32.865+0200] {processor.py:179} INFO - Processing /home/radtrz/.local/lib/python3.10/site-packages/airflow/example_dags/tutorial_taskflow_api_virtualenv.py took 0.017 seconds
[2023-09-29T21:54:36.363+0200] {processor.py:157} INFO - Started process (PID=19598) to work on /home/radtrz/.local/lib/python3.10/site-packages/airflow/example_dags/tutorial_taskflow_api_virtualenv.py
[2023-09-29T21:54:36.363+0200] {processor.py:829} INFO - Processing file /home/radtrz/.local/lib/python3.10/site-packages/airflow/example_dags/tutorial_taskflow_api_virtualenv.py for tasks to queue
[2023-09-29T21:54:36.364+0200] {logging_mixin.py:151} INFO - [2023-09-29T21:54:36.364+0200] {dagbag.py:539} INFO - Filling up the DagBag from /home/radtrz/.local/lib/python3.10/site-packages/airflow/example_dags/tutorial_taskflow_api_virtualenv.py
[2023-09-29T21:54:36.365+0200] {logging_mixin.py:151} INFO - [2023-09-29T21:54:36.365+0200] {tutorial_taskflow_api_virtualenv.py:29} WARNING - The tutorial_taskflow_api_virtualenv example DAG requires virtualenv, please install it.
[2023-09-29T21:54:36.365+0200] {processor.py:841} WARNING - No viable dags retrieved from /home/radtrz/.local/lib/python3.10/site-packages/airflow/example_dags/tutorial_taskflow_api_virtualenv.py
[2023-09-29T21:54:36.370+0200] {processor.py:179} INFO - Processing /home/radtrz/.local/lib/python3.10/site-packages/airflow/example_dags/tutorial_taskflow_api_virtualenv.py took 0.009 seconds
[2023-09-29T21:55:17.351+0200] {processor.py:157} INFO - Started process (PID=19753) to work on /home/radtrz/.local/lib/python3.10/site-packages/airflow/example_dags/tutorial_taskflow_api_virtualenv.py
[2023-09-29T21:55:17.360+0200] {processor.py:829} INFO - Processing file /home/radtrz/.local/lib/python3.10/site-packages/airflow/example_dags/tutorial_taskflow_api_virtualenv.py for tasks to queue
[2023-09-29T21:55:17.360+0200] {logging_mixin.py:151} INFO - [2023-09-29T21:55:17.360+0200] {dagbag.py:539} INFO - Filling up the DagBag from /home/radtrz/.local/lib/python3.10/site-packages/airflow/example_dags/tutorial_taskflow_api_virtualenv.py
[2023-09-29T21:55:17.361+0200] {logging_mixin.py:151} INFO - [2023-09-29T21:55:17.361+0200] {tutorial_taskflow_api_virtualenv.py:29} WARNING - The tutorial_taskflow_api_virtualenv example DAG requires virtualenv, please install it.
[2023-09-29T21:55:17.362+0200] {processor.py:841} WARNING - No viable dags retrieved from /home/radtrz/.local/lib/python3.10/site-packages/airflow/example_dags/tutorial_taskflow_api_virtualenv.py
[2023-09-29T21:55:17.366+0200] {processor.py:179} INFO - Processing /home/radtrz/.local/lib/python3.10/site-packages/airflow/example_dags/tutorial_taskflow_api_virtualenv.py took 0.016 seconds
