[2023-09-29T21:46:27.109+0200] {processor.py:157} INFO - Started process (PID=18671) to work on /home/radtrz/.local/lib/python3.10/site-packages/airflow/example_dags/tutorial_taskflow_api.py
[2023-09-29T21:46:27.109+0200] {processor.py:829} INFO - Processing file /home/radtrz/.local/lib/python3.10/site-packages/airflow/example_dags/tutorial_taskflow_api.py for tasks to queue
[2023-09-29T21:46:27.110+0200] {logging_mixin.py:151} INFO - [2023-09-29T21:46:27.110+0200] {dagbag.py:539} INFO - Filling up the DagBag from /home/radtrz/.local/lib/python3.10/site-packages/airflow/example_dags/tutorial_taskflow_api.py
[2023-09-29T21:46:27.114+0200] {processor.py:839} INFO - DAG(s) dict_keys(['tutorial_taskflow_api']) retrieved from /home/radtrz/.local/lib/python3.10/site-packages/airflow/example_dags/tutorial_taskflow_api.py
[2023-09-29T21:46:27.173+0200] {logging_mixin.py:151} INFO - [2023-09-29T21:46:27.172+0200] {manager.py:499} INFO - Created Permission View: %s
[2023-09-29T21:46:27.178+0200] {logging_mixin.py:151} INFO - [2023-09-29T21:46:27.178+0200] {manager.py:499} INFO - Created Permission View: %s
[2023-09-29T21:46:27.183+0200] {logging_mixin.py:151} INFO - [2023-09-29T21:46:27.183+0200] {manager.py:499} INFO - Created Permission View: %s
[2023-09-29T21:46:27.183+0200] {logging_mixin.py:151} INFO - [2023-09-29T21:46:27.183+0200] {security.py:708} INFO - Not syncing DAG-level permissions for DAG 'DAG:tutorial_taskflow_api' as access control is unset.
[2023-09-29T21:46:27.183+0200] {logging_mixin.py:151} INFO - [2023-09-29T21:46:27.183+0200] {dag.py:2915} INFO - Sync 1 DAGs
[2023-09-29T21:46:27.188+0200] {logging_mixin.py:151} INFO - [2023-09-29T21:46:27.188+0200] {dag.py:2937} INFO - Creating ORM DAG for tutorial_taskflow_api
[2023-09-29T21:46:27.189+0200] {logging_mixin.py:151} INFO - [2023-09-29T21:46:27.189+0200] {dag.py:3696} INFO - Setting next_dagrun for tutorial_taskflow_api to None, run_after=None
[2023-09-29T21:46:27.199+0200] {processor.py:179} INFO - Processing /home/radtrz/.local/lib/python3.10/site-packages/airflow/example_dags/tutorial_taskflow_api.py took 0.091 seconds
[2023-09-29T21:47:13.721+0200] {processor.py:157} INFO - Started process (PID=18726) to work on /home/radtrz/.local/lib/python3.10/site-packages/airflow/example_dags/tutorial_taskflow_api.py
[2023-09-29T21:47:13.730+0200] {processor.py:829} INFO - Processing file /home/radtrz/.local/lib/python3.10/site-packages/airflow/example_dags/tutorial_taskflow_api.py for tasks to queue
[2023-09-29T21:47:13.730+0200] {logging_mixin.py:151} INFO - [2023-09-29T21:47:13.730+0200] {dagbag.py:539} INFO - Filling up the DagBag from /home/radtrz/.local/lib/python3.10/site-packages/airflow/example_dags/tutorial_taskflow_api.py
[2023-09-29T21:47:13.733+0200] {processor.py:839} INFO - DAG(s) dict_keys(['tutorial_taskflow_api']) retrieved from /home/radtrz/.local/lib/python3.10/site-packages/airflow/example_dags/tutorial_taskflow_api.py
[2023-09-29T21:47:13.741+0200] {logging_mixin.py:151} INFO - [2023-09-29T21:47:13.741+0200] {dag.py:2915} INFO - Sync 1 DAGs
[2023-09-29T21:47:13.747+0200] {logging_mixin.py:151} INFO - [2023-09-29T21:47:13.747+0200] {dag.py:3696} INFO - Setting next_dagrun for tutorial_taskflow_api to None, run_after=None
[2023-09-29T21:47:13.770+0200] {processor.py:179} INFO - Processing /home/radtrz/.local/lib/python3.10/site-packages/airflow/example_dags/tutorial_taskflow_api.py took 0.051 seconds
[2023-09-29T21:47:57.081+0200] {processor.py:157} INFO - Started process (PID=18917) to work on /home/radtrz/.local/lib/python3.10/site-packages/airflow/example_dags/tutorial_taskflow_api.py
[2023-09-29T21:47:57.082+0200] {processor.py:829} INFO - Processing file /home/radtrz/.local/lib/python3.10/site-packages/airflow/example_dags/tutorial_taskflow_api.py for tasks to queue
[2023-09-29T21:47:57.082+0200] {logging_mixin.py:151} INFO - [2023-09-29T21:47:57.082+0200] {dagbag.py:539} INFO - Filling up the DagBag from /home/radtrz/.local/lib/python3.10/site-packages/airflow/example_dags/tutorial_taskflow_api.py
[2023-09-29T21:47:57.085+0200] {processor.py:839} INFO - DAG(s) dict_keys(['tutorial_taskflow_api']) retrieved from /home/radtrz/.local/lib/python3.10/site-packages/airflow/example_dags/tutorial_taskflow_api.py
[2023-09-29T21:47:57.094+0200] {logging_mixin.py:151} INFO - [2023-09-29T21:47:57.094+0200] {dag.py:2915} INFO - Sync 1 DAGs
[2023-09-29T21:47:57.100+0200] {logging_mixin.py:151} INFO - [2023-09-29T21:47:57.100+0200] {dag.py:3696} INFO - Setting next_dagrun for tutorial_taskflow_api to None, run_after=None
[2023-09-29T21:47:57.111+0200] {processor.py:179} INFO - Processing /home/radtrz/.local/lib/python3.10/site-packages/airflow/example_dags/tutorial_taskflow_api.py took 0.031 seconds
[2023-09-29T21:48:38.505+0200] {processor.py:157} INFO - Started process (PID=19100) to work on /home/radtrz/.local/lib/python3.10/site-packages/airflow/example_dags/tutorial_taskflow_api.py
[2023-09-29T21:48:38.514+0200] {processor.py:829} INFO - Processing file /home/radtrz/.local/lib/python3.10/site-packages/airflow/example_dags/tutorial_taskflow_api.py for tasks to queue
[2023-09-29T21:48:38.514+0200] {logging_mixin.py:151} INFO - [2023-09-29T21:48:38.514+0200] {dagbag.py:539} INFO - Filling up the DagBag from /home/radtrz/.local/lib/python3.10/site-packages/airflow/example_dags/tutorial_taskflow_api.py
[2023-09-29T21:48:38.517+0200] {processor.py:839} INFO - DAG(s) dict_keys(['tutorial_taskflow_api']) retrieved from /home/radtrz/.local/lib/python3.10/site-packages/airflow/example_dags/tutorial_taskflow_api.py
[2023-09-29T21:48:38.525+0200] {logging_mixin.py:151} INFO - [2023-09-29T21:48:38.525+0200] {dag.py:2915} INFO - Sync 1 DAGs
[2023-09-29T21:48:38.531+0200] {logging_mixin.py:151} INFO - [2023-09-29T21:48:38.531+0200] {dag.py:3696} INFO - Setting next_dagrun for tutorial_taskflow_api to None, run_after=None
[2023-09-29T21:48:38.542+0200] {processor.py:179} INFO - Processing /home/radtrz/.local/lib/python3.10/site-packages/airflow/example_dags/tutorial_taskflow_api.py took 0.038 seconds
[2023-09-29T21:49:20.584+0200] {processor.py:157} INFO - Started process (PID=19173) to work on /home/radtrz/.local/lib/python3.10/site-packages/airflow/example_dags/tutorial_taskflow_api.py
[2023-09-29T21:49:20.592+0200] {processor.py:829} INFO - Processing file /home/radtrz/.local/lib/python3.10/site-packages/airflow/example_dags/tutorial_taskflow_api.py for tasks to queue
[2023-09-29T21:49:20.593+0200] {logging_mixin.py:151} INFO - [2023-09-29T21:49:20.592+0200] {dagbag.py:539} INFO - Filling up the DagBag from /home/radtrz/.local/lib/python3.10/site-packages/airflow/example_dags/tutorial_taskflow_api.py
[2023-09-29T21:49:20.596+0200] {processor.py:839} INFO - DAG(s) dict_keys(['tutorial_taskflow_api']) retrieved from /home/radtrz/.local/lib/python3.10/site-packages/airflow/example_dags/tutorial_taskflow_api.py
[2023-09-29T21:49:20.604+0200] {logging_mixin.py:151} INFO - [2023-09-29T21:49:20.604+0200] {dag.py:2915} INFO - Sync 1 DAGs
[2023-09-29T21:49:20.610+0200] {logging_mixin.py:151} INFO - [2023-09-29T21:49:20.610+0200] {dag.py:3696} INFO - Setting next_dagrun for tutorial_taskflow_api to None, run_after=None
[2023-09-29T21:49:20.621+0200] {processor.py:179} INFO - Processing /home/radtrz/.local/lib/python3.10/site-packages/airflow/example_dags/tutorial_taskflow_api.py took 0.039 seconds
[2023-09-29T21:50:00.966+0200] {processor.py:157} INFO - Started process (PID=19217) to work on /home/radtrz/.local/lib/python3.10/site-packages/airflow/example_dags/tutorial_taskflow_api.py
[2023-09-29T21:50:00.974+0200] {processor.py:829} INFO - Processing file /home/radtrz/.local/lib/python3.10/site-packages/airflow/example_dags/tutorial_taskflow_api.py for tasks to queue
[2023-09-29T21:50:00.975+0200] {logging_mixin.py:151} INFO - [2023-09-29T21:50:00.975+0200] {dagbag.py:539} INFO - Filling up the DagBag from /home/radtrz/.local/lib/python3.10/site-packages/airflow/example_dags/tutorial_taskflow_api.py
[2023-09-29T21:50:00.979+0200] {processor.py:839} INFO - DAG(s) dict_keys(['tutorial_taskflow_api']) retrieved from /home/radtrz/.local/lib/python3.10/site-packages/airflow/example_dags/tutorial_taskflow_api.py
[2023-09-29T21:50:00.990+0200] {logging_mixin.py:151} INFO - [2023-09-29T21:50:00.990+0200] {dag.py:2915} INFO - Sync 1 DAGs
[2023-09-29T21:50:00.996+0200] {logging_mixin.py:151} INFO - [2023-09-29T21:50:00.996+0200] {dag.py:3696} INFO - Setting next_dagrun for tutorial_taskflow_api to None, run_after=None
[2023-09-29T21:50:01.006+0200] {processor.py:179} INFO - Processing /home/radtrz/.local/lib/python3.10/site-packages/airflow/example_dags/tutorial_taskflow_api.py took 0.042 seconds
[2023-09-29T21:50:44.358+0200] {processor.py:157} INFO - Started process (PID=19285) to work on /home/radtrz/.local/lib/python3.10/site-packages/airflow/example_dags/tutorial_taskflow_api.py
[2023-09-29T21:50:44.359+0200] {processor.py:829} INFO - Processing file /home/radtrz/.local/lib/python3.10/site-packages/airflow/example_dags/tutorial_taskflow_api.py for tasks to queue
[2023-09-29T21:50:44.359+0200] {logging_mixin.py:151} INFO - [2023-09-29T21:50:44.359+0200] {dagbag.py:539} INFO - Filling up the DagBag from /home/radtrz/.local/lib/python3.10/site-packages/airflow/example_dags/tutorial_taskflow_api.py
[2023-09-29T21:50:44.363+0200] {processor.py:839} INFO - DAG(s) dict_keys(['tutorial_taskflow_api']) retrieved from /home/radtrz/.local/lib/python3.10/site-packages/airflow/example_dags/tutorial_taskflow_api.py
[2023-09-29T21:50:44.372+0200] {logging_mixin.py:151} INFO - [2023-09-29T21:50:44.372+0200] {dag.py:2915} INFO - Sync 1 DAGs
[2023-09-29T21:50:44.378+0200] {logging_mixin.py:151} INFO - [2023-09-29T21:50:44.378+0200] {dag.py:3696} INFO - Setting next_dagrun for tutorial_taskflow_api to None, run_after=None
[2023-09-29T21:50:44.390+0200] {processor.py:179} INFO - Processing /home/radtrz/.local/lib/python3.10/site-packages/airflow/example_dags/tutorial_taskflow_api.py took 0.033 seconds
[2023-09-29T21:51:27.048+0200] {processor.py:157} INFO - Started process (PID=19334) to work on /home/radtrz/.local/lib/python3.10/site-packages/airflow/example_dags/tutorial_taskflow_api.py
[2023-09-29T21:51:27.062+0200] {processor.py:829} INFO - Processing file /home/radtrz/.local/lib/python3.10/site-packages/airflow/example_dags/tutorial_taskflow_api.py for tasks to queue
[2023-09-29T21:51:27.063+0200] {logging_mixin.py:151} INFO - [2023-09-29T21:51:27.063+0200] {dagbag.py:539} INFO - Filling up the DagBag from /home/radtrz/.local/lib/python3.10/site-packages/airflow/example_dags/tutorial_taskflow_api.py
[2023-09-29T21:51:27.066+0200] {processor.py:839} INFO - DAG(s) dict_keys(['tutorial_taskflow_api']) retrieved from /home/radtrz/.local/lib/python3.10/site-packages/airflow/example_dags/tutorial_taskflow_api.py
[2023-09-29T21:51:27.073+0200] {logging_mixin.py:151} INFO - [2023-09-29T21:51:27.073+0200] {dag.py:2915} INFO - Sync 1 DAGs
[2023-09-29T21:51:27.079+0200] {logging_mixin.py:151} INFO - [2023-09-29T21:51:27.079+0200] {dag.py:3696} INFO - Setting next_dagrun for tutorial_taskflow_api to None, run_after=None
[2023-09-29T21:51:27.098+0200] {processor.py:179} INFO - Processing /home/radtrz/.local/lib/python3.10/site-packages/airflow/example_dags/tutorial_taskflow_api.py took 0.053 seconds
[2023-09-29T21:52:08.733+0200] {processor.py:157} INFO - Started process (PID=19398) to work on /home/radtrz/.local/lib/python3.10/site-packages/airflow/example_dags/tutorial_taskflow_api.py
[2023-09-29T21:52:08.741+0200] {processor.py:829} INFO - Processing file /home/radtrz/.local/lib/python3.10/site-packages/airflow/example_dags/tutorial_taskflow_api.py for tasks to queue
[2023-09-29T21:52:08.742+0200] {logging_mixin.py:151} INFO - [2023-09-29T21:52:08.741+0200] {dagbag.py:539} INFO - Filling up the DagBag from /home/radtrz/.local/lib/python3.10/site-packages/airflow/example_dags/tutorial_taskflow_api.py
[2023-09-29T21:52:08.745+0200] {processor.py:839} INFO - DAG(s) dict_keys(['tutorial_taskflow_api']) retrieved from /home/radtrz/.local/lib/python3.10/site-packages/airflow/example_dags/tutorial_taskflow_api.py
[2023-09-29T21:52:08.753+0200] {logging_mixin.py:151} INFO - [2023-09-29T21:52:08.753+0200] {dag.py:2915} INFO - Sync 1 DAGs
[2023-09-29T21:52:08.760+0200] {logging_mixin.py:151} INFO - [2023-09-29T21:52:08.760+0200] {dag.py:3696} INFO - Setting next_dagrun for tutorial_taskflow_api to None, run_after=None
[2023-09-29T21:52:08.771+0200] {processor.py:179} INFO - Processing /home/radtrz/.local/lib/python3.10/site-packages/airflow/example_dags/tutorial_taskflow_api.py took 0.039 seconds
[2023-09-29T21:52:50.570+0200] {processor.py:157} INFO - Started process (PID=19446) to work on /home/radtrz/.local/lib/python3.10/site-packages/airflow/example_dags/tutorial_taskflow_api.py
[2023-09-29T21:52:50.570+0200] {processor.py:829} INFO - Processing file /home/radtrz/.local/lib/python3.10/site-packages/airflow/example_dags/tutorial_taskflow_api.py for tasks to queue
[2023-09-29T21:52:50.570+0200] {logging_mixin.py:151} INFO - [2023-09-29T21:52:50.570+0200] {dagbag.py:539} INFO - Filling up the DagBag from /home/radtrz/.local/lib/python3.10/site-packages/airflow/example_dags/tutorial_taskflow_api.py
[2023-09-29T21:52:50.573+0200] {processor.py:839} INFO - DAG(s) dict_keys(['tutorial_taskflow_api']) retrieved from /home/radtrz/.local/lib/python3.10/site-packages/airflow/example_dags/tutorial_taskflow_api.py
[2023-09-29T21:52:50.581+0200] {logging_mixin.py:151} INFO - [2023-09-29T21:52:50.581+0200] {dag.py:2915} INFO - Sync 1 DAGs
[2023-09-29T21:52:50.586+0200] {logging_mixin.py:151} INFO - [2023-09-29T21:52:50.586+0200] {dag.py:3696} INFO - Setting next_dagrun for tutorial_taskflow_api to None, run_after=None
[2023-09-29T21:52:50.597+0200] {processor.py:179} INFO - Processing /home/radtrz/.local/lib/python3.10/site-packages/airflow/example_dags/tutorial_taskflow_api.py took 0.028 seconds
[2023-09-29T21:53:30.946+0200] {processor.py:157} INFO - Started process (PID=19501) to work on /home/radtrz/.local/lib/python3.10/site-packages/airflow/example_dags/tutorial_taskflow_api.py
[2023-09-29T21:53:30.954+0200] {processor.py:829} INFO - Processing file /home/radtrz/.local/lib/python3.10/site-packages/airflow/example_dags/tutorial_taskflow_api.py for tasks to queue
[2023-09-29T21:53:30.955+0200] {logging_mixin.py:151} INFO - [2023-09-29T21:53:30.954+0200] {dagbag.py:539} INFO - Filling up the DagBag from /home/radtrz/.local/lib/python3.10/site-packages/airflow/example_dags/tutorial_taskflow_api.py
[2023-09-29T21:53:30.958+0200] {processor.py:839} INFO - DAG(s) dict_keys(['tutorial_taskflow_api']) retrieved from /home/radtrz/.local/lib/python3.10/site-packages/airflow/example_dags/tutorial_taskflow_api.py
[2023-09-29T21:53:30.965+0200] {logging_mixin.py:151} INFO - [2023-09-29T21:53:30.965+0200] {dag.py:2915} INFO - Sync 1 DAGs
[2023-09-29T21:53:30.971+0200] {logging_mixin.py:151} INFO - [2023-09-29T21:53:30.971+0200] {dag.py:3696} INFO - Setting next_dagrun for tutorial_taskflow_api to None, run_after=None
[2023-09-29T21:53:30.981+0200] {processor.py:179} INFO - Processing /home/radtrz/.local/lib/python3.10/site-packages/airflow/example_dags/tutorial_taskflow_api.py took 0.037 seconds
[2023-09-29T21:54:34.091+0200] {processor.py:157} INFO - Started process (PID=19595) to work on /home/radtrz/.local/lib/python3.10/site-packages/airflow/example_dags/tutorial_taskflow_api.py
[2023-09-29T21:54:34.092+0200] {processor.py:829} INFO - Processing file /home/radtrz/.local/lib/python3.10/site-packages/airflow/example_dags/tutorial_taskflow_api.py for tasks to queue
[2023-09-29T21:54:34.093+0200] {logging_mixin.py:151} INFO - [2023-09-29T21:54:34.093+0200] {dagbag.py:539} INFO - Filling up the DagBag from /home/radtrz/.local/lib/python3.10/site-packages/airflow/example_dags/tutorial_taskflow_api.py
[2023-09-29T21:54:34.096+0200] {processor.py:839} INFO - DAG(s) dict_keys(['tutorial_taskflow_api']) retrieved from /home/radtrz/.local/lib/python3.10/site-packages/airflow/example_dags/tutorial_taskflow_api.py
[2023-09-29T21:54:34.105+0200] {logging_mixin.py:151} INFO - [2023-09-29T21:54:34.104+0200] {dag.py:2915} INFO - Sync 1 DAGs
[2023-09-29T21:54:34.111+0200] {logging_mixin.py:151} INFO - [2023-09-29T21:54:34.111+0200] {dag.py:3696} INFO - Setting next_dagrun for tutorial_taskflow_api to None, run_after=None
[2023-09-29T21:54:34.122+0200] {processor.py:179} INFO - Processing /home/radtrz/.local/lib/python3.10/site-packages/airflow/example_dags/tutorial_taskflow_api.py took 0.032 seconds
[2023-09-29T21:55:15.239+0200] {processor.py:157} INFO - Started process (PID=19747) to work on /home/radtrz/.local/lib/python3.10/site-packages/airflow/example_dags/tutorial_taskflow_api.py
[2023-09-29T21:55:15.248+0200] {processor.py:829} INFO - Processing file /home/radtrz/.local/lib/python3.10/site-packages/airflow/example_dags/tutorial_taskflow_api.py for tasks to queue
[2023-09-29T21:55:15.248+0200] {logging_mixin.py:151} INFO - [2023-09-29T21:55:15.248+0200] {dagbag.py:539} INFO - Filling up the DagBag from /home/radtrz/.local/lib/python3.10/site-packages/airflow/example_dags/tutorial_taskflow_api.py
[2023-09-29T21:55:15.251+0200] {processor.py:839} INFO - DAG(s) dict_keys(['tutorial_taskflow_api']) retrieved from /home/radtrz/.local/lib/python3.10/site-packages/airflow/example_dags/tutorial_taskflow_api.py
[2023-09-29T21:55:15.259+0200] {logging_mixin.py:151} INFO - [2023-09-29T21:55:15.259+0200] {dag.py:2915} INFO - Sync 1 DAGs
[2023-09-29T21:55:15.265+0200] {logging_mixin.py:151} INFO - [2023-09-29T21:55:15.265+0200] {dag.py:3696} INFO - Setting next_dagrun for tutorial_taskflow_api to None, run_after=None
[2023-09-29T21:55:15.283+0200] {processor.py:179} INFO - Processing /home/radtrz/.local/lib/python3.10/site-packages/airflow/example_dags/tutorial_taskflow_api.py took 0.046 seconds
