[2023-09-29T21:46:32.252+0200] {processor.py:157} INFO - Started process (PID=18681) to work on /home/radtrz/.local/lib/python3.10/site-packages/airflow/example_dags/tutorial.py
[2023-09-29T21:46:32.252+0200] {processor.py:829} INFO - Processing file /home/radtrz/.local/lib/python3.10/site-packages/airflow/example_dags/tutorial.py for tasks to queue
[2023-09-29T21:46:32.253+0200] {logging_mixin.py:151} INFO - [2023-09-29T21:46:32.253+0200] {dagbag.py:539} INFO - Filling up the DagBag from /home/radtrz/.local/lib/python3.10/site-packages/airflow/example_dags/tutorial.py
[2023-09-29T21:46:32.257+0200] {processor.py:839} INFO - DAG(s) dict_keys(['tutorial']) retrieved from /home/radtrz/.local/lib/python3.10/site-packages/airflow/example_dags/tutorial.py
[2023-09-29T21:46:32.313+0200] {logging_mixin.py:151} INFO - [2023-09-29T21:46:32.313+0200] {manager.py:499} INFO - Created Permission View: %s
[2023-09-29T21:46:32.319+0200] {logging_mixin.py:151} INFO - [2023-09-29T21:46:32.319+0200] {manager.py:499} INFO - Created Permission View: %s
[2023-09-29T21:46:32.323+0200] {logging_mixin.py:151} INFO - [2023-09-29T21:46:32.323+0200] {manager.py:499} INFO - Created Permission View: %s
[2023-09-29T21:46:32.323+0200] {logging_mixin.py:151} INFO - [2023-09-29T21:46:32.323+0200] {security.py:708} INFO - Not syncing DAG-level permissions for DAG 'DAG:tutorial' as access control is unset.
[2023-09-29T21:46:32.323+0200] {logging_mixin.py:151} INFO - [2023-09-29T21:46:32.323+0200] {dag.py:2915} INFO - Sync 1 DAGs
[2023-09-29T21:46:32.328+0200] {logging_mixin.py:151} INFO - [2023-09-29T21:46:32.328+0200] {dag.py:2937} INFO - Creating ORM DAG for tutorial
[2023-09-29T21:46:32.332+0200] {logging_mixin.py:151} INFO - [2023-09-29T21:46:32.332+0200] {dag.py:3696} INFO - Setting next_dagrun for tutorial to 2023-09-28T19:46:32.332540+00:00, run_after=2023-09-29T19:46:32.332540+00:00
[2023-09-29T21:46:32.342+0200] {processor.py:179} INFO - Processing /home/radtrz/.local/lib/python3.10/site-packages/airflow/example_dags/tutorial.py took 0.092 seconds
[2023-09-29T21:47:20.010+0200] {processor.py:157} INFO - Started process (PID=18734) to work on /home/radtrz/.local/lib/python3.10/site-packages/airflow/example_dags/tutorial.py
[2023-09-29T21:47:20.019+0200] {processor.py:829} INFO - Processing file /home/radtrz/.local/lib/python3.10/site-packages/airflow/example_dags/tutorial.py for tasks to queue
[2023-09-29T21:47:20.019+0200] {logging_mixin.py:151} INFO - [2023-09-29T21:47:20.019+0200] {dagbag.py:539} INFO - Filling up the DagBag from /home/radtrz/.local/lib/python3.10/site-packages/airflow/example_dags/tutorial.py
[2023-09-29T21:47:20.023+0200] {processor.py:839} INFO - DAG(s) dict_keys(['tutorial']) retrieved from /home/radtrz/.local/lib/python3.10/site-packages/airflow/example_dags/tutorial.py
[2023-09-29T21:47:20.030+0200] {logging_mixin.py:151} INFO - [2023-09-29T21:47:20.030+0200] {dag.py:2915} INFO - Sync 1 DAGs
[2023-09-29T21:47:20.040+0200] {logging_mixin.py:151} INFO - [2023-09-29T21:47:20.040+0200] {dag.py:3696} INFO - Setting next_dagrun for tutorial to 2023-09-28T19:47:20.040054+00:00, run_after=2023-09-29T19:47:20.040054+00:00
[2023-09-29T21:47:20.050+0200] {processor.py:179} INFO - Processing /home/radtrz/.local/lib/python3.10/site-packages/airflow/example_dags/tutorial.py took 0.042 seconds
[2023-09-29T21:48:03.358+0200] {processor.py:157} INFO - Started process (PID=18929) to work on /home/radtrz/.local/lib/python3.10/site-packages/airflow/example_dags/tutorial.py
[2023-09-29T21:48:03.358+0200] {processor.py:829} INFO - Processing file /home/radtrz/.local/lib/python3.10/site-packages/airflow/example_dags/tutorial.py for tasks to queue
[2023-09-29T21:48:03.358+0200] {logging_mixin.py:151} INFO - [2023-09-29T21:48:03.358+0200] {dagbag.py:539} INFO - Filling up the DagBag from /home/radtrz/.local/lib/python3.10/site-packages/airflow/example_dags/tutorial.py
[2023-09-29T21:48:03.362+0200] {processor.py:839} INFO - DAG(s) dict_keys(['tutorial']) retrieved from /home/radtrz/.local/lib/python3.10/site-packages/airflow/example_dags/tutorial.py
[2023-09-29T21:48:03.369+0200] {logging_mixin.py:151} INFO - [2023-09-29T21:48:03.369+0200] {dag.py:2915} INFO - Sync 1 DAGs
[2023-09-29T21:48:03.379+0200] {logging_mixin.py:151} INFO - [2023-09-29T21:48:03.379+0200] {dag.py:3696} INFO - Setting next_dagrun for tutorial to 2023-09-28T19:48:03.379053+00:00, run_after=2023-09-29T19:48:03.379053+00:00
[2023-09-29T21:48:03.391+0200] {processor.py:179} INFO - Processing /home/radtrz/.local/lib/python3.10/site-packages/airflow/example_dags/tutorial.py took 0.034 seconds
[2023-09-29T21:48:43.902+0200] {processor.py:157} INFO - Started process (PID=19106) to work on /home/radtrz/.local/lib/python3.10/site-packages/airflow/example_dags/tutorial.py
[2023-09-29T21:48:43.910+0200] {processor.py:829} INFO - Processing file /home/radtrz/.local/lib/python3.10/site-packages/airflow/example_dags/tutorial.py for tasks to queue
[2023-09-29T21:48:43.911+0200] {logging_mixin.py:151} INFO - [2023-09-29T21:48:43.910+0200] {dagbag.py:539} INFO - Filling up the DagBag from /home/radtrz/.local/lib/python3.10/site-packages/airflow/example_dags/tutorial.py
[2023-09-29T21:48:43.914+0200] {processor.py:839} INFO - DAG(s) dict_keys(['tutorial']) retrieved from /home/radtrz/.local/lib/python3.10/site-packages/airflow/example_dags/tutorial.py
[2023-09-29T21:48:43.922+0200] {logging_mixin.py:151} INFO - [2023-09-29T21:48:43.921+0200] {dag.py:2915} INFO - Sync 1 DAGs
[2023-09-29T21:48:43.931+0200] {logging_mixin.py:151} INFO - [2023-09-29T21:48:43.931+0200] {dag.py:3696} INFO - Setting next_dagrun for tutorial to 2023-09-28T19:48:43.931425+00:00, run_after=2023-09-29T19:48:43.931425+00:00
[2023-09-29T21:48:43.942+0200] {processor.py:179} INFO - Processing /home/radtrz/.local/lib/python3.10/site-packages/airflow/example_dags/tutorial.py took 0.042 seconds
[2023-09-29T21:49:25.682+0200] {processor.py:157} INFO - Started process (PID=19179) to work on /home/radtrz/.local/lib/python3.10/site-packages/airflow/example_dags/tutorial.py
[2023-09-29T21:49:25.690+0200] {processor.py:829} INFO - Processing file /home/radtrz/.local/lib/python3.10/site-packages/airflow/example_dags/tutorial.py for tasks to queue
[2023-09-29T21:49:25.691+0200] {logging_mixin.py:151} INFO - [2023-09-29T21:49:25.690+0200] {dagbag.py:539} INFO - Filling up the DagBag from /home/radtrz/.local/lib/python3.10/site-packages/airflow/example_dags/tutorial.py
[2023-09-29T21:49:25.694+0200] {processor.py:839} INFO - DAG(s) dict_keys(['tutorial']) retrieved from /home/radtrz/.local/lib/python3.10/site-packages/airflow/example_dags/tutorial.py
[2023-09-29T21:49:25.702+0200] {logging_mixin.py:151} INFO - [2023-09-29T21:49:25.701+0200] {dag.py:2915} INFO - Sync 1 DAGs
[2023-09-29T21:49:25.711+0200] {logging_mixin.py:151} INFO - [2023-09-29T21:49:25.711+0200] {dag.py:3696} INFO - Setting next_dagrun for tutorial to 2023-09-28T19:49:25.711220+00:00, run_after=2023-09-29T19:49:25.711220+00:00
[2023-09-29T21:49:25.730+0200] {processor.py:179} INFO - Processing /home/radtrz/.local/lib/python3.10/site-packages/airflow/example_dags/tutorial.py took 0.050 seconds
[2023-09-29T21:50:06.106+0200] {processor.py:157} INFO - Started process (PID=19235) to work on /home/radtrz/.local/lib/python3.10/site-packages/airflow/example_dags/tutorial.py
[2023-09-29T21:50:06.115+0200] {processor.py:829} INFO - Processing file /home/radtrz/.local/lib/python3.10/site-packages/airflow/example_dags/tutorial.py for tasks to queue
[2023-09-29T21:50:06.115+0200] {logging_mixin.py:151} INFO - [2023-09-29T21:50:06.115+0200] {dagbag.py:539} INFO - Filling up the DagBag from /home/radtrz/.local/lib/python3.10/site-packages/airflow/example_dags/tutorial.py
[2023-09-29T21:50:06.120+0200] {processor.py:839} INFO - DAG(s) dict_keys(['tutorial']) retrieved from /home/radtrz/.local/lib/python3.10/site-packages/airflow/example_dags/tutorial.py
[2023-09-29T21:50:06.131+0200] {logging_mixin.py:151} INFO - [2023-09-29T21:50:06.131+0200] {dag.py:2915} INFO - Sync 1 DAGs
[2023-09-29T21:50:06.141+0200] {logging_mixin.py:151} INFO - [2023-09-29T21:50:06.141+0200] {dag.py:3696} INFO - Setting next_dagrun for tutorial to 2023-09-28T19:50:06.141251+00:00, run_after=2023-09-29T19:50:06.141251+00:00
[2023-09-29T21:50:06.152+0200] {processor.py:179} INFO - Processing /home/radtrz/.local/lib/python3.10/site-packages/airflow/example_dags/tutorial.py took 0.047 seconds
[2023-09-29T21:50:50.632+0200] {processor.py:157} INFO - Started process (PID=19291) to work on /home/radtrz/.local/lib/python3.10/site-packages/airflow/example_dags/tutorial.py
[2023-09-29T21:50:50.641+0200] {processor.py:829} INFO - Processing file /home/radtrz/.local/lib/python3.10/site-packages/airflow/example_dags/tutorial.py for tasks to queue
[2023-09-29T21:50:50.641+0200] {logging_mixin.py:151} INFO - [2023-09-29T21:50:50.641+0200] {dagbag.py:539} INFO - Filling up the DagBag from /home/radtrz/.local/lib/python3.10/site-packages/airflow/example_dags/tutorial.py
[2023-09-29T21:50:50.644+0200] {processor.py:839} INFO - DAG(s) dict_keys(['tutorial']) retrieved from /home/radtrz/.local/lib/python3.10/site-packages/airflow/example_dags/tutorial.py
[2023-09-29T21:50:50.652+0200] {logging_mixin.py:151} INFO - [2023-09-29T21:50:50.652+0200] {dag.py:2915} INFO - Sync 1 DAGs
[2023-09-29T21:50:50.662+0200] {logging_mixin.py:151} INFO - [2023-09-29T21:50:50.662+0200] {dag.py:3696} INFO - Setting next_dagrun for tutorial to 2023-09-28T19:50:50.662173+00:00, run_after=2023-09-29T19:50:50.662173+00:00
[2023-09-29T21:50:50.686+0200] {processor.py:179} INFO - Processing /home/radtrz/.local/lib/python3.10/site-packages/airflow/example_dags/tutorial.py took 0.055 seconds
[2023-09-29T21:51:32.983+0200] {processor.py:157} INFO - Started process (PID=19343) to work on /home/radtrz/.local/lib/python3.10/site-packages/airflow/example_dags/tutorial.py
[2023-09-29T21:51:32.992+0200] {processor.py:829} INFO - Processing file /home/radtrz/.local/lib/python3.10/site-packages/airflow/example_dags/tutorial.py for tasks to queue
[2023-09-29T21:51:32.992+0200] {logging_mixin.py:151} INFO - [2023-09-29T21:51:32.992+0200] {dagbag.py:539} INFO - Filling up the DagBag from /home/radtrz/.local/lib/python3.10/site-packages/airflow/example_dags/tutorial.py
[2023-09-29T21:51:32.996+0200] {processor.py:839} INFO - DAG(s) dict_keys(['tutorial']) retrieved from /home/radtrz/.local/lib/python3.10/site-packages/airflow/example_dags/tutorial.py
[2023-09-29T21:51:33.003+0200] {logging_mixin.py:151} INFO - [2023-09-29T21:51:33.003+0200] {dag.py:2915} INFO - Sync 1 DAGs
[2023-09-29T21:51:33.012+0200] {logging_mixin.py:151} INFO - [2023-09-29T21:51:33.012+0200] {dag.py:3696} INFO - Setting next_dagrun for tutorial to 2023-09-28T19:51:33.012613+00:00, run_after=2023-09-29T19:51:33.012613+00:00
[2023-09-29T21:51:33.028+0200] {processor.py:179} INFO - Processing /home/radtrz/.local/lib/python3.10/site-packages/airflow/example_dags/tutorial.py took 0.046 seconds
[2023-09-29T21:52:14.402+0200] {processor.py:157} INFO - Started process (PID=19404) to work on /home/radtrz/.local/lib/python3.10/site-packages/airflow/example_dags/tutorial.py
[2023-09-29T21:52:14.410+0200] {processor.py:829} INFO - Processing file /home/radtrz/.local/lib/python3.10/site-packages/airflow/example_dags/tutorial.py for tasks to queue
[2023-09-29T21:52:14.411+0200] {logging_mixin.py:151} INFO - [2023-09-29T21:52:14.411+0200] {dagbag.py:539} INFO - Filling up the DagBag from /home/radtrz/.local/lib/python3.10/site-packages/airflow/example_dags/tutorial.py
[2023-09-29T21:52:14.414+0200] {processor.py:839} INFO - DAG(s) dict_keys(['tutorial']) retrieved from /home/radtrz/.local/lib/python3.10/site-packages/airflow/example_dags/tutorial.py
[2023-09-29T21:52:14.422+0200] {logging_mixin.py:151} INFO - [2023-09-29T21:52:14.422+0200] {dag.py:2915} INFO - Sync 1 DAGs
[2023-09-29T21:52:14.432+0200] {logging_mixin.py:151} INFO - [2023-09-29T21:52:14.432+0200] {dag.py:3696} INFO - Setting next_dagrun for tutorial to 2023-09-28T19:52:14.432213+00:00, run_after=2023-09-29T19:52:14.432213+00:00
[2023-09-29T21:52:14.443+0200] {processor.py:179} INFO - Processing /home/radtrz/.local/lib/python3.10/site-packages/airflow/example_dags/tutorial.py took 0.042 seconds
[2023-09-29T21:52:56.246+0200] {processor.py:157} INFO - Started process (PID=19452) to work on /home/radtrz/.local/lib/python3.10/site-packages/airflow/example_dags/tutorial.py
[2023-09-29T21:52:56.246+0200] {processor.py:829} INFO - Processing file /home/radtrz/.local/lib/python3.10/site-packages/airflow/example_dags/tutorial.py for tasks to queue
[2023-09-29T21:52:56.247+0200] {logging_mixin.py:151} INFO - [2023-09-29T21:52:56.246+0200] {dagbag.py:539} INFO - Filling up the DagBag from /home/radtrz/.local/lib/python3.10/site-packages/airflow/example_dags/tutorial.py
[2023-09-29T21:52:56.250+0200] {processor.py:839} INFO - DAG(s) dict_keys(['tutorial']) retrieved from /home/radtrz/.local/lib/python3.10/site-packages/airflow/example_dags/tutorial.py
[2023-09-29T21:52:56.258+0200] {logging_mixin.py:151} INFO - [2023-09-29T21:52:56.258+0200] {dag.py:2915} INFO - Sync 1 DAGs
[2023-09-29T21:52:56.268+0200] {logging_mixin.py:151} INFO - [2023-09-29T21:52:56.268+0200] {dag.py:3696} INFO - Setting next_dagrun for tutorial to 2023-09-28T19:52:56.268256+00:00, run_after=2023-09-29T19:52:56.268256+00:00
[2023-09-29T21:52:56.280+0200] {processor.py:179} INFO - Processing /home/radtrz/.local/lib/python3.10/site-packages/airflow/example_dags/tutorial.py took 0.036 seconds
[2023-09-29T21:53:36.850+0200] {processor.py:157} INFO - Started process (PID=19512) to work on /home/radtrz/.local/lib/python3.10/site-packages/airflow/example_dags/tutorial.py
[2023-09-29T21:53:36.859+0200] {processor.py:829} INFO - Processing file /home/radtrz/.local/lib/python3.10/site-packages/airflow/example_dags/tutorial.py for tasks to queue
[2023-09-29T21:53:36.860+0200] {logging_mixin.py:151} INFO - [2023-09-29T21:53:36.859+0200] {dagbag.py:539} INFO - Filling up the DagBag from /home/radtrz/.local/lib/python3.10/site-packages/airflow/example_dags/tutorial.py
[2023-09-29T21:53:36.863+0200] {processor.py:839} INFO - DAG(s) dict_keys(['tutorial']) retrieved from /home/radtrz/.local/lib/python3.10/site-packages/airflow/example_dags/tutorial.py
[2023-09-29T21:53:36.871+0200] {logging_mixin.py:151} INFO - [2023-09-29T21:53:36.871+0200] {dag.py:2915} INFO - Sync 1 DAGs
[2023-09-29T21:53:36.881+0200] {logging_mixin.py:151} INFO - [2023-09-29T21:53:36.881+0200] {dag.py:3696} INFO - Setting next_dagrun for tutorial to 2023-09-28T19:53:36.881540+00:00, run_after=2023-09-29T19:53:36.881540+00:00
[2023-09-29T21:53:36.892+0200] {processor.py:179} INFO - Processing /home/radtrz/.local/lib/python3.10/site-packages/airflow/example_dags/tutorial.py took 0.043 seconds
[2023-09-29T21:54:39.251+0200] {processor.py:157} INFO - Started process (PID=19602) to work on /home/radtrz/.local/lib/python3.10/site-packages/airflow/example_dags/tutorial.py
[2023-09-29T21:54:39.259+0200] {processor.py:829} INFO - Processing file /home/radtrz/.local/lib/python3.10/site-packages/airflow/example_dags/tutorial.py for tasks to queue
[2023-09-29T21:54:39.260+0200] {logging_mixin.py:151} INFO - [2023-09-29T21:54:39.260+0200] {dagbag.py:539} INFO - Filling up the DagBag from /home/radtrz/.local/lib/python3.10/site-packages/airflow/example_dags/tutorial.py
[2023-09-29T21:54:39.264+0200] {processor.py:839} INFO - DAG(s) dict_keys(['tutorial']) retrieved from /home/radtrz/.local/lib/python3.10/site-packages/airflow/example_dags/tutorial.py
[2023-09-29T21:54:39.272+0200] {logging_mixin.py:151} INFO - [2023-09-29T21:54:39.272+0200] {dag.py:2915} INFO - Sync 1 DAGs
[2023-09-29T21:54:39.284+0200] {logging_mixin.py:151} INFO - [2023-09-29T21:54:39.284+0200] {dag.py:3696} INFO - Setting next_dagrun for tutorial to 2023-09-28T19:54:39.283940+00:00, run_after=2023-09-29T19:54:39.283940+00:00
[2023-09-29T21:54:39.297+0200] {processor.py:179} INFO - Processing /home/radtrz/.local/lib/python3.10/site-packages/airflow/example_dags/tutorial.py took 0.047 seconds
[2023-09-29T21:55:21.517+0200] {processor.py:157} INFO - Started process (PID=19757) to work on /home/radtrz/.local/lib/python3.10/site-packages/airflow/example_dags/tutorial.py
[2023-09-29T21:55:21.525+0200] {processor.py:829} INFO - Processing file /home/radtrz/.local/lib/python3.10/site-packages/airflow/example_dags/tutorial.py for tasks to queue
[2023-09-29T21:55:21.526+0200] {logging_mixin.py:151} INFO - [2023-09-29T21:55:21.526+0200] {dagbag.py:539} INFO - Filling up the DagBag from /home/radtrz/.local/lib/python3.10/site-packages/airflow/example_dags/tutorial.py
[2023-09-29T21:55:21.530+0200] {processor.py:839} INFO - DAG(s) dict_keys(['tutorial']) retrieved from /home/radtrz/.local/lib/python3.10/site-packages/airflow/example_dags/tutorial.py
[2023-09-29T21:55:21.539+0200] {logging_mixin.py:151} INFO - [2023-09-29T21:55:21.539+0200] {dag.py:2915} INFO - Sync 1 DAGs
[2023-09-29T21:55:21.549+0200] {logging_mixin.py:151} INFO - [2023-09-29T21:55:21.549+0200] {dag.py:3696} INFO - Setting next_dagrun for tutorial to 2023-09-28T19:55:21.549567+00:00, run_after=2023-09-29T19:55:21.549567+00:00
[2023-09-29T21:55:21.584+0200] {processor.py:179} INFO - Processing /home/radtrz/.local/lib/python3.10/site-packages/airflow/example_dags/tutorial.py took 0.069 seconds
