[2023-10-01T19:35:40.606+0200] {taskinstance.py:1157} INFO - Dependencies all met for dep_context=non-requeueable deps ti=<TaskInstance: MYDBDAG.QueryPostGreSQL scheduled__2023-10-01T00:25:00+00:00 [queued]>
[2023-10-01T19:35:40.609+0200] {taskinstance.py:1157} INFO - Dependencies all met for dep_context=requeueable deps ti=<TaskInstance: MYDBDAG.QueryPostGreSQL scheduled__2023-10-01T00:25:00+00:00 [queued]>
[2023-10-01T19:35:40.609+0200] {taskinstance.py:1359} INFO - Starting attempt 1 of 2
[2023-10-01T19:35:40.617+0200] {taskinstance.py:1380} INFO - Executing <Task(PythonOperator): QueryPostGreSQL> on 2023-10-01 00:25:00+00:00
[2023-10-01T19:35:40.620+0200] {standard_task_runner.py:57} INFO - Started process 77309 to run task
[2023-10-01T19:35:40.622+0200] {standard_task_runner.py:84} INFO - Running: ['airflow', 'tasks', 'run', 'MYDBDAG', 'QueryPostGreSQL', 'scheduled__2023-10-01T00:25:00+00:00', '--job-id', '2091', '--raw', '--subdir', 'DAGS_FOLDER/databaseDAG.py', '--cfg-path', '/tmp/tmp7b7a29f1']
[2023-10-01T19:35:40.623+0200] {standard_task_runner.py:85} INFO - Job 2091: Subtask QueryPostGreSQL
[2023-10-01T19:35:40.641+0200] {task_command.py:415} INFO - Running <TaskInstance: MYDBDAG.QueryPostGreSQL scheduled__2023-10-01T00:25:00+00:00 [running]> on host radtrz-B450-AORUS-ELITE
[2023-10-01T19:35:40.677+0200] {taskinstance.py:1660} INFO - Exporting env vars: AIRFLOW_CTX_DAG_OWNER='radtrz' AIRFLOW_CTX_DAG_ID='MYDBDAG' AIRFLOW_CTX_TASK_ID='QueryPostGreSQL' AIRFLOW_CTX_EXECUTION_DATE='2023-10-01T00:25:00+00:00' AIRFLOW_CTX_TRY_NUMBER='1' AIRFLOW_CTX_DAG_RUN_ID='scheduled__2023-10-01T00:25:00+00:00'
[2023-10-01T19:35:40.687+0200] {logging_mixin.py:151} WARNING - /home/radtrz/airflow/dags/databaseDAG.py:23 UserWarning: pandas only supports SQLAlchemy connectable (engine/connection) or database string URI or sqlite3 DBAPI2 connection. Other DBAPI2 objects are not tested. Please consider using SQLAlchemy.
[2023-10-01T19:35:40.691+0200] {logging_mixin.py:151} INFO - ---------DataSaved--------
[2023-10-01T19:35:40.691+0200] {python.py:194} INFO - Done. Returned value was: None
[2023-10-01T19:35:40.694+0200] {taskinstance.py:1398} INFO - Marking task as SUCCESS. dag_id=MYDBDAG, task_id=QueryPostGreSQL, execution_date=20231001T002500, start_date=20231001T173540, end_date=20231001T173540
[2023-10-01T19:35:40.714+0200] {local_task_job_runner.py:228} INFO - Task exited with return code 0
[2023-10-01T19:35:40.722+0200] {taskinstance.py:2776} INFO - 1 downstream tasks scheduled from follow-on schedule check
[2023-10-01T19:43:26.379+0200] {taskinstance.py:1157} INFO - Dependencies all met for dep_context=non-requeueable deps ti=<TaskInstance: MYDBDAG.QueryPostGreSQL scheduled__2023-10-01T00:25:00+00:00 [queued]>
[2023-10-01T19:43:26.382+0200] {taskinstance.py:1157} INFO - Dependencies all met for dep_context=requeueable deps ti=<TaskInstance: MYDBDAG.QueryPostGreSQL scheduled__2023-10-01T00:25:00+00:00 [queued]>
[2023-10-01T19:43:26.382+0200] {taskinstance.py:1359} INFO - Starting attempt 1 of 2
[2023-10-01T19:43:26.390+0200] {taskinstance.py:1380} INFO - Executing <Task(PythonOperator): QueryPostGreSQL> on 2023-10-01 00:25:00+00:00
[2023-10-01T19:43:26.394+0200] {standard_task_runner.py:57} INFO - Started process 79338 to run task
[2023-10-01T19:43:26.396+0200] {standard_task_runner.py:84} INFO - Running: ['airflow', 'tasks', 'run', 'MYDBDAG', 'QueryPostGreSQL', 'scheduled__2023-10-01T00:25:00+00:00', '--job-id', '2089', '--raw', '--subdir', 'DAGS_FOLDER/databaseDAG.py', '--cfg-path', '/tmp/tmpnpwvm80r']
[2023-10-01T19:43:26.396+0200] {standard_task_runner.py:85} INFO - Job 2089: Subtask QueryPostGreSQL
[2023-10-01T19:43:26.415+0200] {task_command.py:415} INFO - Running <TaskInstance: MYDBDAG.QueryPostGreSQL scheduled__2023-10-01T00:25:00+00:00 [running]> on host radtrz-B450-AORUS-ELITE
[2023-10-01T19:43:26.455+0200] {taskinstance.py:1660} INFO - Exporting env vars: AIRFLOW_CTX_DAG_OWNER='radtrz' AIRFLOW_CTX_DAG_ID='MYDBDAG' AIRFLOW_CTX_TASK_ID='QueryPostGreSQL' AIRFLOW_CTX_EXECUTION_DATE='2023-10-01T00:25:00+00:00' AIRFLOW_CTX_TRY_NUMBER='1' AIRFLOW_CTX_DAG_RUN_ID='scheduled__2023-10-01T00:25:00+00:00'
[2023-10-01T19:43:26.465+0200] {logging_mixin.py:151} WARNING - /home/radtrz/airflow/dags/databaseDAG.py:23 UserWarning: pandas only supports SQLAlchemy connectable (engine/connection) or database string URI or sqlite3 DBAPI2 connection. Other DBAPI2 objects are not tested. Please consider using SQLAlchemy.
[2023-10-01T19:43:26.470+0200] {logging_mixin.py:151} INFO - ---------DataSaved--------
[2023-10-01T19:43:26.470+0200] {python.py:194} INFO - Done. Returned value was: None
[2023-10-01T19:43:26.473+0200] {taskinstance.py:1398} INFO - Marking task as SUCCESS. dag_id=MYDBDAG, task_id=QueryPostGreSQL, execution_date=20231001T002500, start_date=20231001T174326, end_date=20231001T174326
[2023-10-01T19:43:26.487+0200] {local_task_job_runner.py:228} INFO - Task exited with return code 0
[2023-10-01T19:43:26.496+0200] {taskinstance.py:2776} INFO - 1 downstream tasks scheduled from follow-on schedule check
