[2023-10-01T19:35:52.575+0200] {taskinstance.py:1157} INFO - Dependencies all met for dep_context=non-requeueable deps ti=<TaskInstance: MYDBDAG.QueryPostGreSQL scheduled__2023-10-01T00:45:00+00:00 [queued]>
[2023-10-01T19:35:52.578+0200] {taskinstance.py:1157} INFO - Dependencies all met for dep_context=requeueable deps ti=<TaskInstance: MYDBDAG.QueryPostGreSQL scheduled__2023-10-01T00:45:00+00:00 [queued]>
[2023-10-01T19:35:52.578+0200] {taskinstance.py:1359} INFO - Starting attempt 1 of 2
[2023-10-01T19:35:52.586+0200] {taskinstance.py:1380} INFO - Executing <Task(PythonOperator): QueryPostGreSQL> on 2023-10-01 00:45:00+00:00
[2023-10-01T19:35:52.589+0200] {standard_task_runner.py:57} INFO - Started process 77451 to run task
[2023-10-01T19:35:52.591+0200] {standard_task_runner.py:84} INFO - Running: ['airflow', 'tasks', 'run', 'MYDBDAG', 'QueryPostGreSQL', 'scheduled__2023-10-01T00:45:00+00:00', '--job-id', '2099', '--raw', '--subdir', 'DAGS_FOLDER/databaseDAG.py', '--cfg-path', '/tmp/tmpsy6ws3on']
[2023-10-01T19:35:52.592+0200] {standard_task_runner.py:85} INFO - Job 2099: Subtask QueryPostGreSQL
[2023-10-01T19:35:52.609+0200] {task_command.py:415} INFO - Running <TaskInstance: MYDBDAG.QueryPostGreSQL scheduled__2023-10-01T00:45:00+00:00 [running]> on host radtrz-B450-AORUS-ELITE
[2023-10-01T19:35:52.643+0200] {taskinstance.py:1660} INFO - Exporting env vars: AIRFLOW_CTX_DAG_OWNER='radtrz' AIRFLOW_CTX_DAG_ID='MYDBDAG' AIRFLOW_CTX_TASK_ID='QueryPostGreSQL' AIRFLOW_CTX_EXECUTION_DATE='2023-10-01T00:45:00+00:00' AIRFLOW_CTX_TRY_NUMBER='1' AIRFLOW_CTX_DAG_RUN_ID='scheduled__2023-10-01T00:45:00+00:00'
[2023-10-01T19:35:52.653+0200] {logging_mixin.py:151} WARNING - /home/radtrz/airflow/dags/databaseDAG.py:23 UserWarning: pandas only supports SQLAlchemy connectable (engine/connection) or database string URI or sqlite3 DBAPI2 connection. Other DBAPI2 objects are not tested. Please consider using SQLAlchemy.
[2023-10-01T19:35:52.658+0200] {logging_mixin.py:151} INFO - ---------DataSaved--------
[2023-10-01T19:35:52.658+0200] {python.py:194} INFO - Done. Returned value was: None
[2023-10-01T19:35:52.661+0200] {taskinstance.py:1398} INFO - Marking task as SUCCESS. dag_id=MYDBDAG, task_id=QueryPostGreSQL, execution_date=20231001T004500, start_date=20231001T173552, end_date=20231001T173552
[2023-10-01T19:35:52.682+0200] {local_task_job_runner.py:228} INFO - Task exited with return code 0
[2023-10-01T19:35:52.690+0200] {taskinstance.py:2776} INFO - 1 downstream tasks scheduled from follow-on schedule check
[2023-10-01T19:43:49.757+0200] {taskinstance.py:1157} INFO - Dependencies all met for dep_context=non-requeueable deps ti=<TaskInstance: MYDBDAG.QueryPostGreSQL scheduled__2023-10-01T00:45:00+00:00 [queued]>
[2023-10-01T19:43:49.761+0200] {taskinstance.py:1157} INFO - Dependencies all met for dep_context=requeueable deps ti=<TaskInstance: MYDBDAG.QueryPostGreSQL scheduled__2023-10-01T00:45:00+00:00 [queued]>
[2023-10-01T19:43:49.761+0200] {taskinstance.py:1359} INFO - Starting attempt 1 of 2
[2023-10-01T19:43:49.769+0200] {taskinstance.py:1380} INFO - Executing <Task(PythonOperator): QueryPostGreSQL> on 2023-10-01 00:45:00+00:00
[2023-10-01T19:43:49.773+0200] {standard_task_runner.py:57} INFO - Started process 79507 to run task
[2023-10-01T19:43:49.774+0200] {standard_task_runner.py:84} INFO - Running: ['airflow', 'tasks', 'run', 'MYDBDAG', 'QueryPostGreSQL', 'scheduled__2023-10-01T00:45:00+00:00', '--job-id', '2097', '--raw', '--subdir', 'DAGS_FOLDER/databaseDAG.py', '--cfg-path', '/tmp/tmpl1qk4jyz']
[2023-10-01T19:43:49.775+0200] {standard_task_runner.py:85} INFO - Job 2097: Subtask QueryPostGreSQL
[2023-10-01T19:43:49.794+0200] {task_command.py:415} INFO - Running <TaskInstance: MYDBDAG.QueryPostGreSQL scheduled__2023-10-01T00:45:00+00:00 [running]> on host radtrz-B450-AORUS-ELITE
[2023-10-01T19:43:49.833+0200] {taskinstance.py:1660} INFO - Exporting env vars: AIRFLOW_CTX_DAG_OWNER='radtrz' AIRFLOW_CTX_DAG_ID='MYDBDAG' AIRFLOW_CTX_TASK_ID='QueryPostGreSQL' AIRFLOW_CTX_EXECUTION_DATE='2023-10-01T00:45:00+00:00' AIRFLOW_CTX_TRY_NUMBER='1' AIRFLOW_CTX_DAG_RUN_ID='scheduled__2023-10-01T00:45:00+00:00'
[2023-10-01T19:43:49.843+0200] {logging_mixin.py:151} WARNING - /home/radtrz/airflow/dags/databaseDAG.py:23 UserWarning: pandas only supports SQLAlchemy connectable (engine/connection) or database string URI or sqlite3 DBAPI2 connection. Other DBAPI2 objects are not tested. Please consider using SQLAlchemy.
[2023-10-01T19:43:49.848+0200] {logging_mixin.py:151} INFO - ---------DataSaved--------
[2023-10-01T19:43:49.848+0200] {python.py:194} INFO - Done. Returned value was: None
[2023-10-01T19:43:49.851+0200] {taskinstance.py:1398} INFO - Marking task as SUCCESS. dag_id=MYDBDAG, task_id=QueryPostGreSQL, execution_date=20231001T004500, start_date=20231001T174349, end_date=20231001T174349
[2023-10-01T19:43:49.866+0200] {local_task_job_runner.py:228} INFO - Task exited with return code 0
[2023-10-01T19:43:49.874+0200] {taskinstance.py:2776} INFO - 1 downstream tasks scheduled from follow-on schedule check
